--2016-05-25 03:51:48--  http://10.30.50.93:8000/
Connecting to 10.30.50.93:8000... connected.
HTTP request sent, awaiting response... 200 OK
Length: 13193358 (13M) [text/html]
Saving to: ‘index.html.8’

     0K .......... .......... .......... .......... ..........  0% 3.66M 3s
    50K .......... .......... .......... .......... ..........  0% 5.53M 3s
   100K .......... .......... .......... .......... ..........  1% 2.81M 3s
   150K .......... .......... .......... .......... ..........  1% 1.56M 4s
   200K .......... .......... .......... .......... ..........  1% 1.64M 5s
   250K .......... .......... .......... .......... ..........  2% 1.57M 6s
   300K .......... .......... .......... .......... ..........  2% 1.69M 6s
   350K .......... .......... .......... .......... ..........  3% 1.63M 6s
   400K .......... .......... .......... .......... ..........  3% 1.15M 6s
   450K .......... .......... .......... .......... ..........  3% 1.45M 7s
   500K .......... .......... .......... .......... ..........  4% 1.12M 7s
   550K .......... .......... .......... .......... ..........  4% 1.08M 7s
   600K .......... .......... .......... .......... ..........  5% 1.29M 7s
   650K .......... .......... .......... .......... ..........  5% 1.59M 7s
   700K .......... .......... .......... .......... ..........  5% 2.08M 7s
   750K .......... .......... .......... .......... ..........  6% 2.61M 7s
   800K .......... .......... .......... .......... ..........  6% 1.45M 7s
   850K .......... .......... .......... .......... ..........  6% 1.40M 7s
   900K .......... .......... .......... .......... ..........  7% 1.08M 7s
   950K .......... .......... .......... .......... ..........  7% 1.03M 7s
  1000K .......... .......... .......... .......... ..........  8% 1.67M 7s
  1050K .......... .......... .......... .......... ..........  8% 1.38M 7s
  1100K .......... .......... .......... .......... ..........  8% 1.35M 7s
  1150K .......... .......... .......... .......... ..........  9% 1.38M 7s
  1200K .......... .......... .......... .......... ..........  9% 1.26M 7s
  1250K .......... .......... .......... .......... .......... 10%  974K 8s
  1300K .......... .......... .......... .......... .......... 10%  206K 9s
  1350K .......... .......... .......... .......... .......... 10%  206K 11s
  1400K .......... .......... .......... .......... .......... 11% 1.25M 11s
  1450K .......... .......... .......... .......... .......... 11% 1.45M 11s
  1500K .......... .......... .......... .......... .......... 12% 1.41M 11s
  1550K .......... .......... .......... .......... .......... 12% 1.34M 10s
  1600K .......... .......... .......... .......... .......... 12% 1.99M 10s
  1650K .......... .......... .......... .......... .......... 13% 2.18M 10s
  1700K .......... .......... .......... .......... .......... 13% 2.21M 10s
  1750K .......... .......... .......... .......... .......... 13% 2.28M 10s
  1800K .......... .......... .......... .......... .......... 14% 2.10M 10s
  1850K .......... .......... .......... .......... .......... 14% 1.51M 9s
  1900K .......... .......... .......... .......... .......... 15% 1.14M 9s
  1950K .......... .......... .......... .......... .......... 15% 1.31M 9s
  2000K .......... .......... .......... .......... .......... 15% 1.24M 9s
  2050K .......... .......... .......... .......... .......... 16% 1.12M 9s
  2100K .......... .......... .......... .......... .......... 16% 1.20M 9s
  2150K .......... .......... .......... .......... .......... 17% 1.34M 9s
  2200K .......... .......... .......... .......... .......... 17%  213K 10s
  2250K .......... .......... .......... .......... .......... 17% 1.67M 10s
  2300K .......... .......... .......... .......... .......... 18% 1.77M 10s
  2350K .......... .......... .......... .......... .......... 18% 1.34M 10s
  2400K .......... .......... .......... .......... .......... 19% 1.15M 10s
  2450K .......... .......... .......... .......... .......... 19% 1.26M 9s
  2500K .......... .......... .......... .......... .......... 19% 1.40M 9s
  2550K .......... .......... .......... .......... .......... 20%  802K 9s
  2600K .......... .......... .......... .......... .......... 20% 1.02M 9s
  2650K .......... .......... .......... .......... .......... 20% 1.14M 9s
  2700K .......... .......... .......... .......... .......... 21%  995K 9s
  2750K .......... .......... .......... .......... .......... 21% 1.21M 9s
  2800K .......... .......... .......... .......... .......... 22% 1.15M 9s
  2850K .......... .......... .......... .......... .......... 22% 1.48M 9s
  2900K .......... .......... .......... .......... .......... 22% 1.13M 9s
  2950K .......... .......... .......... .......... .......... 23% 1.61M 9s
  3000K .......... .......... .......... .......... .......... 23% 2.62M 9s
  3050K .......... .......... .......... .......... .......... 24% 2.65M 9s
  3100K .......... .......... .......... .......... .......... 24% 2.30M 9s
  3150K .......... .......... .......... .......... .......... 24% 1.86M 8s
  3200K .......... .......... .......... .......... .......... 25% 2.18M 8s
  3250K .......... .......... .......... .......... .......... 25% 1.82M 8s
  3300K .......... .......... .......... .......... .......... 26% 2.19M 8s
  3350K .......... .......... .......... .......... .......... 26% 3.13M 8s
  3400K .......... .......... .......... .......... .......... 26% 2.65M 8s
  3450K .......... .......... .......... .......... .......... 27% 1.95M 8s
  3500K .......... .......... .......... .......... .......... 27% 1.42M 8s
  3550K .......... .......... .......... .......... .......... 27% 1.01M 8s
  3600K .......... .......... .......... .......... .......... 28% 1.62M 8s
  3650K .......... .......... .......... .......... .......... 28% 1.23M 8s
  3700K .......... .......... .......... .......... .......... 29% 1.68M 8s
  3750K .......... .......... .......... .......... .......... 29% 1.68M 7s
  3800K .......... .......... .......... .......... .......... 29% 1.39M 7s
  3850K .......... .......... .......... .......... .......... 30% 1.69M 7s
  3900K .......... .......... .......... .......... .......... 30% 1.94M 7s
  3950K .......... .......... .......... .......... .......... 31% 2.02M 7s
  4000K .......... .......... .......... .......... .......... 31% 3.16M 7s
  4050K .......... .......... .......... .......... .......... 31% 1.44M 7s
  4100K .......... .......... .......... .......... .......... 32% 1.39M 7s
  4150K .......... .......... .......... .......... .......... 32% 1.03M 7s
  4200K .......... .......... .......... .......... .......... 32% 1.13M 7s
  4250K .......... .......... .......... .......... .......... 33%  205K 7s
  4300K .......... .......... .......... .......... .......... 33% 1.48M 7s
  4350K .......... .......... .......... .......... .......... 34% 1.21M 7s
  4400K .......... .......... .......... .......... .......... 34% 1.48M 7s
  4450K .......... .......... .......... .......... .......... 34% 2.32M 7s
  4500K .......... .......... .......... .......... .......... 35% 2.32M 7s
  4550K .......... .......... .......... .......... .......... 35% 2.05M 7s
  4600K .......... .......... .......... .......... .......... 36% 1.89M 7s
  4650K .......... .......... .......... .......... .......... 36% 1.45M 7s
  4700K .......... .......... .......... .......... .......... 36% 1.27M 7s
  4750K .......... .......... .......... .......... .......... 37% 1.08M 7s
  4800K .......... .......... .......... .......... .......... 37% 1.28M 7s
  4850K .......... .......... .......... .......... .......... 38% 2.10M 7s
  4900K .......... .......... .......... .......... .......... 38% 1.92M 7s
  4950K .......... .......... .......... .......... .......... 38% 1.74M 6s
  5000K .......... .......... .......... .......... .......... 39%  208K 7s
  5050K .......... .......... .......... .......... .......... 39% 1.65M 7s
  5100K .......... .......... .......... .......... .......... 39% 2.45M 7s
  5150K .......... .......... .......... .......... .......... 40% 1.92M 7s
  5200K .......... .......... .......... .......... .......... 40% 1.96M 6s
  5250K .......... .......... .......... .......... .......... 41%  116K 7s
  5300K .......... .......... .......... .......... .......... 41%  243K 7s
  5350K .......... .......... .......... .......... .......... 41%  120K 8s
  5400K .......... .......... .......... .......... .......... 42% 2.17M 8s
  5450K .......... .......... .......... .......... .......... 42% 1.33M 7s
  5500K .......... .......... .......... .......... .......... 43% 1.09M 7s
  5550K .......... .......... .......... .......... .......... 43% 1.36M 7s
  5600K .......... .......... .......... .......... .......... 43% 1.22M 7s
  5650K .......... .......... .......... .......... .......... 44%  202K 7s
  5700K .......... .......... .......... .......... .......... 44%  995K 7s
  5750K .......... .......... .......... .......... .......... 45%  970K 7s
  5800K .......... .......... .......... .......... .......... 45% 1.12M 7s
  5850K .......... .......... .......... .......... .......... 45% 1007K 7s
  5900K .......... .......... .......... .......... .......... 46% 1.35M 7s
  5950K .......... .......... .......... .......... .......... 46% 2.23M 7s
  6000K .......... .......... .......... .......... .......... 46% 1.50M 7s
  6050K .......... .......... .......... .......... .......... 47% 1.15M 7s
  6100K .......... .......... .......... .......... .......... 47% 1.26M 7s
  6150K .......... .......... .......... .......... .......... 48% 2.36M 7s
  6200K .......... .......... .......... .......... .......... 48% 2.36M 7s
  6250K .......... .......... .......... .......... .......... 48% 1.87M 7s
  6300K .......... .......... .......... .......... .......... 49% 1.61M 7s
  6350K .......... .......... .......... .......... .......... 49%  113K 7s
  6400K .......... .......... .......... .......... .......... 50% 1.00M 7s
  6450K .......... .......... .......... .......... .......... 50% 1.61M 7s
  6500K .......... .......... .......... .......... .......... 50% 1.34M 7s
  6550K .......... .......... .......... .......... .......... 51% 1.92M 7s
  6600K .......... .......... .......... .......... .......... 51% 2.57M 7s
  6650K .......... .......... .......... .......... .......... 52% 1.68M 6s
  6700K .......... .......... .......... .......... .......... 52% 1.84M 6s
  6750K .......... .......... .......... .......... .......... 52% 1.90M 6s
  6800K .......... .......... .......... .......... .......... 53% 1.85M 6s
  6850K .......... .......... .......... .......... .......... 53%  214K 6s
  6900K .......... .......... .......... .......... .......... 53% 1.99M 6s
  6950K .......... .......... .......... .......... .......... 54% 1.67M 6s
  7000K .......... .......... .......... .......... .......... 54% 76.9K 7s
  7050K .......... .......... .......... .......... .......... 55%  690K 7s
  7100K .......... .......... .......... .......... .......... 55% 2.00M 7s
  7150K .......... .......... .......... .......... .......... 55% 1.80M 6s
  7200K .......... .......... .......... .......... .......... 56% 1.96M 6s
  7250K .......... .......... .......... .......... .......... 56% 2.01M 6s
  7300K .......... .......... .......... .......... .......... 57% 2.37M 6s
  7350K .......... .......... .......... .......... .......... 57% 2.93M 6s
  7400K .......... .......... .......... .......... .......... 57% 1.27M 6s
  7450K .......... .......... .......... .......... .......... 58%  971K 6s
  7500K .......... .......... .......... .......... .......... 58% 1.18M 6s
  7550K .......... .......... .......... .......... .......... 58% 2.43M 6s
  7600K .......... .......... .......... .......... .......... 59% 2.00M 6s
  7650K .......... .......... .......... .......... .......... 59% 1.77M 6s
  7700K .......... .......... .......... .......... .......... 60% 1.55M 6s
  7750K .......... .......... .......... .......... .......... 60%  720K 6s
  7800K .......... .......... .......... .......... .......... 60% 1.29M 6s
  7850K .......... .......... .......... .......... .......... 61% 1.20M 5s
  7900K .......... .......... .......... .......... .......... 61% 1.19M 5s
  7950K .......... .......... .......... .......... .......... 62% 1.01M 5s
  8000K .......... .......... .......... .......... .......... 62% 1.45M 5s
  8050K .......... .......... .......... .......... .......... 62% 1.05M 5s
  8100K .......... .......... .......... .......... .......... 63% 1.36M 5s
  8150K .......... .......... .......... .......... .......... 63% 1.16M 5s
  8200K .......... .......... .......... .......... .......... 64% 3.01M 5s
  8250K .......... .......... .......... .......... .......... 64% 1.80M 5s
  8300K .......... .......... .......... .......... .......... 64% 1.26M 5s
  8350K .......... .......... .......... .......... .......... 65% 1.54M 5s
  8400K .......... .......... .......... .......... .......... 65% 1.36M 5s
  8450K .......... .......... .......... .......... .......... 65% 1.13M 5s
  8500K .......... .......... .......... .......... .......... 66% 2.31M 5s
  8550K .......... .......... .......... .......... .......... 66%  197K 5s
  8600K .......... .......... .......... .......... .......... 67% 1.14M 5s
  8650K .......... .......... .......... .......... .......... 67% 2.39M 5s
  8700K .......... .......... .......... .......... .......... 67% 1.72M 4s
  8750K .......... .......... .......... .......... .......... 68% 1.46M 4s
  8800K .......... .......... .......... .......... .......... 68% 1.32M 4s
  8850K .......... .......... .......... .......... .......... 69% 1.60M 4s
  8900K .......... .......... .......... .......... .......... 69% 1.38M 4s
  8950K .......... .......... .......... .......... .......... 69%  206K 4s
  9000K .......... .......... .......... .......... .......... 70% 1.28M 4s
  9050K .......... .......... .......... .......... .......... 70%  189K 4s
  9100K .......... .......... .......... .......... .......... 71% 1.17M 4s
  9150K .......... .......... .......... .......... .......... 71% 1.36M 4s
  9200K .......... .......... .......... .......... .......... 71% 1.12M 4s
  9250K .......... .......... .......... .......... .......... 72% 1.31M 4s
  9300K .......... .......... .......... .......... .......... 72% 1.57M 4s
  9350K .......... .......... .......... .......... .......... 72% 1.27M 4s
  9400K .......... .......... .......... .......... .......... 73%  210K 4s
  9450K .......... .......... .......... .......... .......... 73% 1.41M 4s
  9500K .......... .......... .......... .......... .......... 74% 1.41M 4s
  9550K .......... .......... .......... .......... .......... 74% 1.56M 4s
  9600K .......... .......... .......... .......... .......... 74% 3.25M 4s
  9650K .......... .......... .......... .......... .......... 75% 1.86M 4s
  9700K .......... .......... .......... .......... .......... 75% 2.16M 3s
  9750K .......... .......... .......... .......... .......... 76% 1.99M 3s
  9800K .......... .......... .......... .......... .......... 76% 2.68M 3s
  9850K .......... .......... .......... .......... .......... 76% 1.51M 3s
  9900K .......... .......... .......... .......... .......... 77% 1.46M 3s
  9950K .......... .......... .......... .......... .......... 77% 1.13M 3s
 10000K .......... .......... .......... .......... .......... 78% 1.21M 3s
 10050K .......... .......... .......... .......... .......... 78% 1.65M 3s
 10100K .......... .......... .......... .......... .......... 78% 2.20M 3s
 10150K .......... .......... .......... .......... .......... 79% 2.66M 3s
 10200K .......... .......... .......... .......... .......... 79% 2.66M 3s
 10250K .......... .......... .......... .......... .......... 79%  209K 3s
 10300K .......... .......... .......... .......... .......... 80% 1.21M 3s
 10350K .......... .......... .......... .......... .......... 80% 1.33M 3s
 10400K .......... .......... .......... .......... .......... 81% 1.40M 3s
 10450K .......... .......... .......... .......... .......... 81% 2.13M 3s
 10500K .......... .......... .......... .......... .......... 81% 2.05M 3s
 10550K .......... .......... .......... .......... .......... 82% 1.68M 2s
 10600K .......... .......... .......... .......... .......... 82% 1.22M 2s
 10650K .......... .......... .......... .......... .......... 83%  206K 2s
 10700K .......... .......... .......... .......... .......... 83% 1.44M 2s
 10750K .......... .......... .......... .......... .......... 83% 1.33M 2s
 10800K .......... .......... .......... .......... .......... 84% 1.47M 2s
 10850K .......... .......... .......... .......... .......... 84% 1.18M 2s
 10900K .......... .......... .......... .......... .......... 84% 1.25M 2s
 10950K .......... .......... .......... .......... .......... 85% 1.36M 2s
 11000K .......... .......... .......... .......... .......... 85% 1.50M 2s
 11050K .......... .......... .......... .......... .......... 86% 1.82M 2s
 11100K .......... .......... .......... .......... .......... 86% 1.36M 2s
 11150K .......... .......... .......... .......... .......... 86% 1.27M 2s
 11200K .......... .......... .......... .......... .......... 87% 1.53M 2s
 11250K .......... .......... .......... .......... .......... 87% 1.09M 2s
 11300K .......... .......... .......... .......... .......... 88% 1.04M 2s
 11350K .......... .......... .......... .......... .......... 88% 1.14M 2s
 11400K .......... .......... .......... .......... .......... 88% 1.15M 2s
 11450K .......... .......... .......... .......... .......... 89%  199K 2s
 11500K .......... .......... .......... .......... .......... 89% 1.38M 1s
 11550K .......... .......... .......... .......... .......... 90% 1.26M 1s
 11600K .......... .......... .......... .......... .......... 90% 1.58M 1s
 11650K .......... .......... .......... .......... .......... 90% 1.80M 1s
 11700K .......... .......... .......... .......... .......... 91% 2.26M 1s
 11750K .......... .......... .......... .......... .......... 91% 2.06M 1s
 11800K .......... .......... .......... .......... .......... 91% 2.58M 1s
 11850K .......... .......... .......... .......... .......... 92% 2.03M 1s
 11900K .......... .......... .......... .......... .......... 92% 2.26M 1s
 11950K .......... .......... .......... .......... .......... 93% 2.23M 1s
 12000K .......... .......... .......... .......... .......... 93% 2.20M 1s
 12050K .......... .......... .......... .......... .......... 93% 1.53M 1s
 12100K .......... .......... .......... .......... .......... 94% 4.29M 1s
 12150K .......... .......... .......... .......... .......... 94% 2.93M 1s
 12200K .......... .......... .......... .......... .......... 95% 1.57M 1s
 12250K .......... .......... .......... .......... .......... 95%  207K 1s
 12300K .......... .......... .......... .......... .......... 95% 1.45M 1s
 12350K .......... .......... .......... .......... .......... 96%  202K 1s
 12400K .......... .......... .......... .......... .......... 96% 1.28M 0s
 12450K .......... .......... .......... .......... .......... 97% 1.25M 0s
 12500K .......... .......... .......... .......... .......... 97% 1.54M 0s
 12550K .......... .......... .......... .......... .......... 97% 1.67M 0s
 12600K .......... .......... .......... .......... .......... 98% 1.24M 0s
 12650K .......... .......... .......... .......... .......... 98% 1.47M 0s
 12700K .......... .......... .......... .......... .......... 98% 1.62M 0s
 12750K .......... .......... .......... .......... .......... 99% 1.53M 0s
 12800K .......... .......... .......... .......... .......... 99% 1.95M 0s
 12850K .......... .......... .......... ....                 100% 2.32M=14s

2016-05-25 03:52:02 (936 KB/s) - ‘index.html.8’ saved [13193358/13193358]

