--2016-05-25 00:24:37--  http://10.30.50.93:8000/
Connecting to 10.30.50.93:8000... connected.
HTTP request sent, awaiting response... 200 OK
Length: 13193358 (13M) [text/html]
Saving to: ‘index.html.11’

     0K .......... .......... .......... .......... ..........  0%  148K 86s
    50K .......... .......... .......... .......... ..........  0%  104K 1m44s
   100K .......... .......... .......... .......... ..........  1% 96.9K 1m53s
   150K .......... .......... .......... .......... ..........  1% 94.5K 1m58s
   200K .......... .......... .......... .......... ..........  1% 94.9K 2m1s
   250K .......... .......... .......... .......... ..........  2% 86.8K 2m4s
   300K .......... .......... .......... .......... ..........  2% 69.4K 2m12s
   350K .......... .......... .......... .......... ..........  3%  113K 2m9s
   400K .......... .......... .......... .......... ..........  3% 86.8K 2m10s
   450K .......... .......... .......... .......... ..........  3%  112K 2m8s
   500K .......... .......... .......... .......... ..........  4% 36.2K 2m26s
   550K .......... .......... .......... .......... ..........  4%  127K 2m22s
   600K .......... .......... .......... .......... ..........  5%  110K 2m19s
   650K .......... .......... .......... .......... ..........  5%  110K 2m16s
   700K .......... .......... .......... .......... ..........  5%  113K 2m14s
   750K .......... .......... .......... .......... ..........  6% 75.8K 2m15s
   800K .......... .......... .......... .......... ..........  6%  102K 2m14s
   850K .......... .......... .......... .......... ..........  6% 69.5K 2m15s
   900K .......... .......... .......... .......... ..........  7%  110K 2m13s
   950K .......... .......... .......... .......... ..........  7%  116K 2m11s
  1000K .......... .......... .......... .......... ..........  8%  119K 2m9s
  1050K .......... .......... .......... .......... ..........  8% 61.2K 2m12s
  1100K .......... .......... .......... .......... ..........  8%  119K 2m10s
  1150K .......... .......... .......... .......... ..........  9% 97.0K 2m9s
  1200K .......... .......... .......... .......... ..........  9%  119K 2m7s
  1250K .......... .......... .......... .......... .......... 10%  102K 2m6s
  1300K .......... .......... .......... .......... .......... 10%  126K 2m4s
  1350K .......... .......... .......... .......... .......... 10% 86.7K 2m4s
  1400K .......... .......... .......... .......... .......... 11%  107K 2m3s
  1450K .......... .......... .......... .......... .......... 11%  119K 2m1s
  1500K .......... .......... .......... .......... .......... 12% 88.7K 2m1s
  1550K .......... .......... .......... .......... .......... 12% 99.2K 2m0s
  1600K .......... .......... .......... .......... .......... 12% 97.0K 2m0s
  1650K .......... .......... .......... .......... .......... 13% 77.1K 2m0s
  1700K .......... .......... .......... .......... .......... 13%  113K 1m59s
  1750K .......... .......... .......... .......... .......... 13%  122K 1m57s
  1800K .......... .......... .......... .......... .......... 14%  119K 1m56s
  1850K .......... .......... .......... .......... .......... 14%  110K 1m55s
  1900K .......... .......... .......... .......... .......... 15% 86.8K 1m55s
  1950K .......... .......... .......... .......... .......... 15%  110K 1m54s
  2000K .......... .......... .......... .......... .......... 15%  110K 1m53s
  2050K .......... .......... .......... .......... .......... 16%  110K 1m52s
  2100K .......... .......... .......... .......... .......... 16%  119K 1m51s
  2150K .......... .......... .......... .......... .......... 17% 94.8K 1m51s
  2200K .......... .......... .......... .......... .......... 17% 96.8K 1m50s
  2250K .......... .......... .......... .......... .......... 17%  116K 1m49s
  2300K .......... .......... .......... .......... .......... 18% 99.3K 1m49s
  2350K .......... .......... .......... .......... .......... 18%  119K 1m48s
  2400K .......... .......... .......... .......... .......... 19%  116K 1m47s
  2450K .......... .......... .......... .......... .......... 19%  104K 1m46s
  2500K .......... .......... .......... .......... .......... 19% 63.2K 1m47s
  2550K .......... .......... .......... .......... .......... 20%  109K 1m46s
  2600K .......... .......... .......... .......... .......... 20%  102K 1m46s
  2650K .......... .......... .......... .......... .......... 20%  116K 1m45s
  2700K .......... .......... .......... .......... .......... 21%  104K 1m44s
  2750K .......... .......... .......... .......... .......... 21%  102K 1m44s
  2800K .......... .......... .......... .......... .......... 22%  104K 1m43s
  2850K .......... .......... .......... .......... .......... 22%  104K 1m42s
  2900K .......... .......... .......... .......... .......... 22%  104K 1m42s
  2950K .......... .......... .......... .......... .......... 23%  112K 1m41s
  3000K .......... .......... .......... .......... .......... 23% 99.2K 1m40s
  3050K .......... .......... .......... .......... .......... 24%  116K 1m40s
  3100K .......... .......... .......... .......... .......... 24%  113K 99s
  3150K .......... .......... .......... .......... .......... 24% 99.1K 98s
  3200K .......... .......... .......... .......... .......... 25%  119K 98s
  3250K .......... .......... .......... .......... .......... 25%  107K 97s
  3300K .......... .......... .......... .......... .......... 26%  113K 96s
  3350K .......... .......... .......... .......... .......... 26%  102K 96s
  3400K .......... .......... .......... .......... .......... 26%  116K 95s
  3450K .......... .......... .......... .......... .......... 27% 60.4K 95s
  3500K .......... .......... .......... .......... .......... 27%  113K 95s
  3550K .......... .......... .......... .......... .......... 27%  116K 94s
  3600K .......... .......... .......... .......... .......... 28% 92.7K 94s
  3650K .......... .......... .......... .......... .......... 28%  122K 93s
  3700K .......... .......... .......... .......... .......... 29% 99.3K 92s
  3750K .......... .......... .......... .......... .......... 29% 66.1K 93s
  3800K .......... .......... .......... .......... .......... 29% 94.7K 92s
  3850K .......... .......... .......... .......... .......... 30%  109K 91s
  3900K .......... .......... .......... .......... .......... 30%  116K 91s
  3950K .......... .......... .......... .......... .......... 31%  113K 90s
  4000K .......... .......... .......... .......... .......... 31% 96.8K 90s
  4050K .......... .......... .......... .......... .......... 31%  104K 89s
  4100K .......... .......... .......... .......... .......... 32% 96.8K 89s
  4150K .......... .......... .......... .......... .......... 32%  116K 88s
  4200K .......... .......... .......... .......... .......... 32%  110K 87s
  4250K .......... .......... .......... .......... .......... 33%  102K 87s
  4300K .......... .......... .......... .......... .......... 33%  126K 86s
  4350K .......... .......... .......... .......... .......... 34%  113K 85s
  4400K .......... .......... .......... .......... .......... 34%  107K 85s
  4450K .......... .......... .......... .......... .......... 34%  110K 84s
  4500K .......... .......... .......... .......... .......... 35%  102K 84s
  4550K .......... .......... .......... .......... .......... 35%  102K 83s
  4600K .......... .......... .......... .......... .......... 36%  113K 83s
  4650K .......... .......... .......... .......... .......... 36%  116K 82s
  4700K .......... .......... .......... .......... .......... 36%  102K 81s
  4750K .......... .......... .......... .......... .......... 37%  107K 81s
  4800K .......... .......... .......... .......... .......... 37%  102K 80s
  4850K .......... .......... .......... .......... .......... 38%  119K 80s
  4900K .......... .......... .......... .......... .......... 38% 69.4K 80s
  4950K .......... .......... .......... .......... .......... 38% 94.7K 79s
  5000K .......... .......... .......... .......... .......... 39% 94.8K 79s
  5050K .......... .......... .......... .......... .......... 39%  102K 78s
  5100K .......... .......... .......... .......... .......... 39% 86.8K 78s
  5150K .......... .......... .......... .......... .......... 40%  126K 77s
  5200K .......... .......... .......... .......... .......... 40% 94.6K 77s
  5250K .......... .......... .......... .......... .......... 41%  104K 76s
  5300K .......... .......... .......... .......... .......... 41% 99.3K 76s
  5350K .......... .......... .......... .......... .......... 41%  119K 75s
  5400K .......... .......... .......... .......... .......... 42% 49.6K 75s
  5450K .......... .......... .......... .......... .......... 42% 99.3K 75s
  5500K .......... .......... .......... .......... .......... 43% 92.5K 74s
  5550K .......... .......... .......... .......... .......... 43% 99.2K 74s
  5600K .......... .......... .......... .......... .......... 43%  126K 73s
  5650K .......... .......... .......... .......... .......... 44%  104K 73s
  5700K .......... .......... .......... .......... .......... 44% 85.1K 72s
  5750K .......... .......... .......... .......... .......... 45%  119K 72s
  5800K .......... .......... .......... .......... .......... 45% 99.2K 71s
  5850K .......... .......... .......... .......... .......... 45% 66.1K 71s
  5900K .......... .......... .......... .......... .......... 46% 96.8K 70s
  5950K .......... .......... .......... .......... .......... 46%  104K 70s
  6000K .......... .......... .......... .......... .......... 46% 62.1K 70s
  6050K .......... .......... .......... .......... .......... 47%  119K 69s
  6100K .......... .......... .......... .......... .......... 47%  104K 68s
  6150K .......... .......... .......... .......... .......... 48%  119K 68s
  6200K .......... .......... .......... .......... .......... 48%  113K 67s
  6250K .......... .......... .......... .......... .......... 48% 96.9K 67s
  6300K .......... .......... .......... .......... .......... 49% 97.0K 66s
  6350K .......... .......... .......... .......... .......... 49%  107K 66s
  6400K .......... .......... .......... .......... .......... 50%  110K 65s
  6450K .......... .......... .......... .......... .......... 50%  110K 65s
  6500K .......... .......... .......... .......... .......... 50% 94.8K 64s
  6550K .......... .......... .......... .......... .......... 51% 67.2K 64s
  6600K .......... .......... .......... .......... .......... 51% 86.8K 63s
  6650K .......... .......... .......... .......... .......... 52%  104K 63s
  6700K .......... .......... .......... .......... .......... 52%  116K 62s
  6750K .......... .......... .......... .......... .......... 52% 88.7K 62s
  6800K .......... .......... .......... .......... .......... 53% 92.5K 61s
  6850K .......... .......... .......... .......... .......... 53% 92.6K 61s
  6900K .......... .......... .......... .......... .......... 53% 66.2K 61s
  6950K .......... .......... .......... .......... .......... 54%  104K 60s
  7000K .......... .......... .......... .......... .......... 54% 64.0K 60s
  7050K .......... .......... .......... .......... .......... 55% 62.2K 59s
  7100K .......... .......... .......... .......... .......... 55%  107K 59s
  7150K .......... .......... .......... .......... .......... 55%  102K 58s
  7200K .......... .......... .......... .......... .......... 56%  116K 58s
  7250K .......... .......... .......... .......... .......... 56% 96.9K 57s
  7300K .......... .......... .......... .......... .......... 57%  107K 57s
  7350K .......... .......... .......... .......... .......... 57%  110K 56s
  7400K .......... .......... .......... .......... .......... 57%  110K 56s
  7450K .......... .......... .......... .......... .......... 58%  104K 55s
  7500K .......... .......... .......... .......... .......... 58%  116K 55s
  7550K .......... .......... .......... .......... .......... 58%  113K 54s
  7600K .......... .......... .......... .......... .......... 59% 52.1K 54s
  7650K .......... .......... .......... .......... .......... 59%  112K 53s
  7700K .......... .......... .......... .......... .......... 60%  110K 53s
  7750K .......... .......... .......... .......... .......... 60%  104K 52s
  7800K .......... .......... .......... .......... .......... 60%  104K 52s
  7850K .......... .......... .......... .......... .......... 61% 99.2K 51s
  7900K .......... .......... .......... .......... .......... 61%  122K 51s
  7950K .......... .......... .......... .......... .......... 62% 51.4K 50s
  8000K .......... .......... .......... .......... .......... 62% 97.0K 50s
  8050K .......... .......... .......... .......... .......... 62% 66.1K 49s
  8100K .......... .......... .......... .......... .......... 63%  104K 49s
  8150K .......... .......... .......... .......... .......... 63% 88.7K 48s
  8200K .......... .......... .......... .......... .......... 64%  107K 48s
  8250K .......... .......... .......... .......... .......... 64%  123K 47s
  8300K .......... .......... .......... .......... .......... 64% 81.7K 47s
  8350K .......... .......... .......... .......... .......... 65%  116K 46s
  8400K .......... .......... .......... .......... .......... 65% 97.0K 46s
  8450K .......... .......... .......... .......... .......... 65%  104K 45s
  8500K .......... .......... .......... .......... .......... 66%  102K 45s
  8550K .......... .......... .......... .......... .......... 66%  113K 44s
  8600K .......... .......... .......... .......... .......... 67%  110K 44s
  8650K .......... .......... .......... .......... .......... 67% 40.1K 43s
  8700K .......... .......... .......... .......... .......... 67%  110K 43s
  8750K .......... .......... .......... .......... .......... 68% 46.3K 43s
  8800K .......... .......... .......... .......... .......... 68%  104K 42s
  8850K .......... .......... .......... .......... .......... 69%  134K 41s
  8900K .......... .......... .......... .......... .......... 69%  110K 41s
  8950K .......... .......... .......... .......... .......... 69%  113K 40s
  9000K .......... .......... .......... .......... .......... 70% 94.6K 40s
  9050K .......... .......... .......... .......... .......... 70%  104K 39s
  9100K .......... .......... .......... .......... .......... 71%  116K 39s
  9150K .......... .......... .......... .......... .......... 71% 81.7K 38s
  9200K .......... .......... .......... .......... .......... 71% 81.7K 38s
  9250K .......... .......... .......... .......... .......... 72% 75.7K 37s
  9300K .......... .......... .......... .......... .......... 72%  113K 37s
  9350K .......... .......... .......... .......... .......... 72%  109K 36s
  9400K .......... .......... .......... .......... .......... 73% 90.6K 36s
  9450K .......... .......... .......... .......... .......... 73%  112K 35s
  9500K .......... .......... .......... .......... .......... 74%  119K 35s
  9550K .......... .......... .......... .......... .......... 74%  110K 34s
  9600K .......... .......... .......... .......... .......... 74%  107K 34s
  9650K .......... .......... .......... .......... .......... 75%  104K 33s
  9700K .......... .......... .......... .......... .......... 75% 66.1K 33s
  9750K .......... .......... .......... .......... .......... 76% 92.5K 32s
  9800K .......... .......... .......... .......... .......... 76%  139K 31s
  9850K .......... .......... .......... .......... .......... 76% 96.9K 31s
  9900K .......... .......... .......... .......... .......... 77%  107K 30s
  9950K .......... .......... .......... .......... .......... 77%  113K 30s
 10000K .......... .......... .......... .......... .......... 78% 50.8K 30s
 10050K .......... .......... .......... .......... .......... 78%  107K 29s
 10100K .......... .......... .......... .......... .......... 78% 86.7K 28s
 10150K .......... .......... .......... .......... .......... 79% 99.2K 28s
 10200K .......... .......... .......... .......... .......... 79%  119K 27s
 10250K .......... .......... .......... .......... .......... 79%  102K 27s
 10300K .......... .......... .......... .......... .......... 80% 74.3K 26s
 10350K .......... .......... .......... .......... .......... 80%  110K 26s
 10400K .......... .......... .......... .......... .......... 81%  104K 25s
 10450K .......... .......... .......... .......... .......... 81%  107K 25s
 10500K .......... .......... .......... .......... .......... 81%  116K 24s
 10550K .......... .......... .......... .......... .......... 82% 94.7K 24s
 10600K .......... .......... .......... .......... .......... 82% 74.4K 23s
 10650K .......... .......... .......... .......... .......... 83%  104K 23s
 10700K .......... .......... .......... .......... .......... 83% 85.2K 22s
 10750K .......... .......... .......... .......... .......... 83% 73.1K 22s
 10800K .......... .......... .......... .......... .......... 84% 67.2K 21s
 10850K .......... .......... .......... .......... .......... 84% 70.7K 21s
 10900K .......... .......... .......... .......... .......... 84%  107K 20s
 10950K .......... .......... .......... .......... .......... 85%  102K 20s
 11000K .......... .......... .......... .......... .......... 85% 96.9K 19s
 11050K .......... .......... .......... .......... .......... 86%  107K 19s
 11100K .......... .......... .......... .......... .......... 86%  113K 18s
 11150K .......... .......... .......... .......... .......... 86% 96.9K 18s
 11200K .......... .......... .......... .......... .......... 87% 50.8K 17s
 11250K .......... .......... .......... .......... .......... 87% 78.6K 17s
 11300K .......... .......... .......... .......... .......... 88% 61.2K 16s
 11350K .......... .......... .......... .......... .......... 88%  107K 16s
 11400K .......... .......... .......... .......... .......... 88% 63.2K 15s
 11450K .......... .......... .......... .......... .......... 89% 52.1K 15s
 11500K .......... .......... .......... .......... .......... 89%  110K 14s
 11550K .......... .......... .......... .......... .......... 90% 63.2K 14s
 11600K .......... .......... .......... .......... .......... 90% 40.1K 13s
 11650K .......... .......... .......... .......... .......... 90%  102K 13s
 11700K .......... .......... .......... .......... .......... 91%  107K 12s
 11750K .......... .......... .......... .......... .......... 91% 92.7K 12s
 11800K .......... .......... .......... .......... .......... 91%  101K 11s
 11850K .......... .......... .......... .......... .......... 92%  113K 10s
 11900K .......... .......... .......... .......... .......... 92%  113K 10s
 11950K .......... .......... .......... .......... .......... 93% 97.0K 9s
 12000K .......... .......... .......... .......... .......... 93%  122K 9s
 12050K .......... .......... .......... .......... .......... 93% 99.1K 8s
 12100K .......... .......... .......... .......... .......... 94%  110K 8s
 12150K .......... .......... .......... .......... .......... 94%  113K 7s
 12200K .......... .......... .......... .......... .......... 95%  107K 7s
 12250K .......... .......... .......... .......... .......... 95%  101K 6s
 12300K .......... .......... .......... .......... .......... 95%  104K 6s
 12350K .......... .......... .......... .......... .......... 96% 99.1K 5s
 12400K .......... .......... .......... .......... .......... 96% 94.6K 5s
 12450K .......... .......... .......... .......... .......... 97%  102K 4s
 12500K .......... .......... .......... .......... .......... 97% 80.1K 4s
 12550K .......... .......... .......... .......... .......... 97%  126K 3s
 12600K .......... .......... .......... .......... .......... 98%  104K 2s
 12650K .......... .......... .......... .......... .......... 98%  104K 2s
 12700K .......... .......... .......... .......... .......... 98%  113K 1s
 12750K .......... .......... .......... .......... .......... 99% 30.2K 1s
 12800K .......... .......... .......... .......... .......... 99% 88.6K 0s
 12850K .......... .......... .......... ....                 100% 60.6K=2m17s

2016-05-25 00:26:55 (93.7 KB/s) - ‘index.html.11’ saved [13193358/13193358]

