--2016-05-25 04:00:12--  http://10.30.50.93:8000/
Connecting to 10.30.50.93:8000... connected.
HTTP request sent, awaiting response... 200 OK
Length: 13193358 (13M) [text/html]
Saving to: ‘index.html.19’

     0K .......... .......... .......... .......... ..........  0% 2.13M 6s
    50K .......... .......... .......... .......... ..........  0% 1.07M 9s
   100K .......... .......... .......... .......... ..........  1%  194K 28s
   150K .......... .......... .......... .......... ..........  1%  210K 36s
   200K .......... .......... .......... .......... ..........  1% 1.47M 30s
   250K .......... .......... .......... .......... ..........  2%  181K 37s
   300K .......... .......... .......... .......... ..........  2%  108K 48s
   350K .......... .......... .......... .......... ..........  3%  186K 50s
   400K .......... .......... .......... .......... ..........  3%  180K 52s
   450K .......... .......... .......... .......... ..........  3%  188K 53s
   500K .......... .......... .......... .......... ..........  4% 30.0K 86s
   550K .......... .......... .......... .......... ..........  4%  210K 83s
   600K .......... .......... .......... .......... ..........  5%  109K 85s
   650K .......... .......... .......... .......... ..........  5% 58.4K 93s
   700K .......... .......... .......... .......... ..........  5%  109K 94s
   750K .......... .......... .......... .......... ..........  6% 1.07M 89s
   800K .......... .......... .......... .......... ..........  6%  977K 84s
   850K .......... .......... .......... .......... ..........  6% 57.6K 90s
   900K .......... .......... .......... .......... ..........  7%  917K 86s
   950K .......... .......... .......... .......... ..........  7%  110K 87s
  1000K .......... .......... .......... .......... ..........  8%  113K 87s
  1050K .......... .......... .......... .......... ..........  8% 47.6K 94s
  1100K .......... .......... .......... .......... ..........  8% 1.24M 90s
  1150K .......... .......... .......... .......... ..........  9% 1009K 86s
  1200K .......... .......... .......... .......... ..........  9% 59.3K 90s
  1250K .......... .......... .......... .......... .......... 10% 1.35M 87s
  1300K .......... .......... .......... .......... .......... 10% 76.5K 89s
  1350K .......... .......... .......... .......... .......... 10%  108K 89s
  1400K .......... .......... .......... .......... .......... 11%  192K 88s
  1450K .......... .......... .......... .......... .......... 11% 1.21M 85s
  1500K .......... .......... .......... .......... .......... 12%  204K 84s
  1550K .......... .......... .......... .......... .......... 12%  212K 82s
  1600K .......... .......... .......... .......... .......... 12% 1.13M 80s
  1650K .......... .......... .......... .......... .......... 13%  985K 77s
  1700K .......... .......... .......... .......... .......... 13%  898K 75s
  1750K .......... .......... .......... .......... .......... 13%  109K 76s
  1800K .......... .......... .......... .......... .......... 14%  825K 74s
  1850K .......... .......... .......... .......... .......... 14%  112K 74s
  1900K .......... .......... .......... .......... .......... 15%  197K 73s
  1950K .......... .......... .......... .......... .......... 15%  185K 72s
  2000K .......... .......... .......... .......... .......... 15% 1.02M 71s
  2050K .......... .......... .......... .......... .......... 16%  199K 70s
  2100K .......... .......... .......... .......... .......... 16%  990K 68s
  2150K .......... .......... .......... .......... .......... 17%  623K 67s
  2200K .......... .......... .......... .......... .......... 17%  111K 67s
  2250K .......... .......... .......... .......... .......... 17% 57.8K 69s
  2300K .......... .......... .......... .......... .......... 18% 1.26M 68s
  2350K .......... .......... .......... .......... .......... 18%  112K 68s
  2400K .......... .......... .......... .......... .......... 19%  112K 68s
  2450K .......... .......... .......... .......... .......... 19% 47.4K 71s
  2500K .......... .......... .......... .......... .......... 19% 57.3K 73s
  2550K .......... .......... .......... .......... .......... 20% 1.25M 71s
  2600K .......... .......... .......... .......... .......... 20%  189K 70s
  2650K .......... .......... .......... .......... .......... 20%  189K 70s
  2700K .......... .......... .......... .......... .......... 21%  109K 70s
  2750K .......... .......... .......... .......... .......... 21%  197K 69s
  2800K .......... .......... .......... .......... .......... 22% 1.14M 68s
  2850K .......... .......... .......... .......... .......... 22%  860K 66s
  2900K .......... .......... .......... .......... .......... 22%  205K 66s
  2950K .......... .......... .......... .......... .......... 23%  846K 65s
  3000K .......... .......... .......... .......... .......... 23%  202K 64s
  3050K .......... .......... .......... .......... .......... 24% 33.9K 67s
  3100K .......... .......... .......... .......... .......... 24%  184K 67s
  3150K .......... .......... .......... .......... .......... 24% 1.11M 65s
  3200K .......... .......... .......... .......... .......... 25%  193K 65s
  3250K .......... .......... .......... .......... .......... 25%  175K 64s
  3300K .......... .......... .......... .......... .......... 26% 78.1K 65s
  3350K .......... .......... .......... .......... .......... 26% 1.22M 64s
  3400K .......... .......... .......... .......... .......... 26% 1.23M 63s
  3450K .......... .......... .......... .......... .......... 27% 58.0K 64s
  3500K .......... .......... .......... .......... .......... 27%  113K 64s
  3550K .......... .......... .......... .......... .......... 27%  196K 63s
  3600K .......... .......... .......... .......... .......... 28% 16.1K 70s
  3650K .......... .......... .......... .......... .......... 28% 2.20M 68s
  3700K .......... .......... .......... .......... .......... 29%  859K 67s
  3750K .......... .......... .......... .......... .......... 29% 75.7K 68s
  3800K .......... .......... .......... .......... .......... 29% 1.65M 66s
  3850K .......... .......... .......... .......... .......... 30%  199K 66s
  3900K .......... .......... .......... .......... .......... 30% 58.1K 67s
  3950K .......... .......... .......... .......... .......... 31% 1.05M 65s
  4000K .......... .......... .......... .......... .......... 31%  201K 65s
  4050K .......... .......... .......... .......... .......... 31%  780K 64s
  4100K .......... .......... .......... .......... .......... 32%  201K 63s
  4150K .......... .......... .......... .......... .......... 32% 57.8K 64s
  4200K .......... .......... .......... .......... .......... 32%  935K 63s
  4250K .......... .......... .......... .......... .......... 33% 1.16M 62s
  4300K .......... .......... .......... .......... .......... 33%  111K 62s
  4350K .......... .......... .......... .......... .......... 34%  113K 62s
  4400K .......... .......... .......... .......... .......... 34% 78.4K 62s
  4450K .......... .......... .......... .......... .......... 34% 56.3K 62s
  4500K .......... .......... .......... .......... .......... 35% 1.21M 61s
  4550K .......... .......... .......... .......... .......... 35%  750K 60s
  4600K .......... .......... .......... .......... .......... 36%  111K 60s
  4650K .......... .......... .......... .......... .......... 36% 77.5K 60s
  4700K .......... .......... .......... .......... .......... 36%  202K 60s
  4750K .......... .......... .......... .......... .......... 37% 26.3K 62s
  4800K .......... .......... .......... .......... .......... 37%  192K 61s
  4850K .......... .......... .......... .......... .......... 38%  195K 61s
  4900K .......... .......... .......... .......... .......... 38% 56.8K 61s
  4950K .......... .......... .......... .......... .......... 38% 1.33M 60s
  5000K .......... .......... .......... .......... .......... 39% 1.05M 59s
  5050K .......... .......... .......... .......... .......... 39%  108K 59s
  5100K .......... .......... .......... .......... .......... 39%  104K 59s
  5150K .......... .......... .......... .......... .......... 40%  932K 58s
  5200K .......... .......... .......... .......... .......... 40% 58.5K 58s
  5250K .......... .......... .......... .......... .......... 41%  885K 57s
  5300K .......... .......... .......... .......... .......... 41% 1003K 57s
  5350K .......... .......... .......... .......... .......... 41% 1.15M 56s
  5400K .......... .......... .......... .......... .......... 42% 74.3K 56s
  5450K .......... .......... .......... .......... .......... 42%  212K 55s
  5500K .......... .......... .......... .......... .......... 43% 34.0K 56s
  5550K .......... .......... .......... .......... .......... 43%  194K 56s
  5600K .......... .......... .......... .......... .......... 43%  216K 55s
  5650K .......... .......... .......... .......... .......... 44%  201K 55s
  5700K .......... .......... .......... .......... .......... 44%  195K 54s
  5750K .......... .......... .......... .......... .......... 45%  847K 53s
  5800K .......... .......... .......... .......... .......... 45%  116K 53s
  5850K .......... .......... .......... .......... .......... 45% 1.05M 52s
  5900K .......... .......... .......... .......... .......... 46% 58.4K 52s
  5950K .......... .......... .......... .......... .......... 46%  200K 52s
  6000K .......... .......... .......... .......... .......... 46%  207K 51s
  6050K .......... .......... .......... .......... .......... 47%  111K 51s
  6100K .......... .......... .......... .......... .......... 47%  196K 51s
  6150K .......... .......... .......... .......... .......... 48% 1.25M 50s
  6200K .......... .......... .......... .......... .......... 48%  993K 49s
  6250K .......... .......... .......... .......... .......... 48%  199K 49s
  6300K .......... .......... .......... .......... .......... 49%  202K 48s
  6350K .......... .......... .......... .......... .......... 49% 1.32M 47s
  6400K .......... .......... .......... .......... .......... 50% 1.04M 47s
  6450K .......... .......... .......... .......... .......... 50% 78.2K 47s
  6500K .......... .......... .......... .......... .......... 50%  190K 46s
  6550K .......... .......... .......... .......... .......... 51% 39.4K 47s
  6600K .......... .......... .......... .......... .......... 51% 75.1K 47s
  6650K .......... .......... .......... .......... .......... 52%  196K 46s
  6700K .......... .......... .......... .......... .......... 52%  206K 46s
  6750K .......... .......... .......... .......... .......... 52% 78.0K 46s
  6800K .......... .......... .......... .......... .......... 53% 1.23M 45s
  6850K .......... .......... .......... .......... .......... 53%  207K 44s
  6900K .......... .......... .......... .......... .......... 53% 1.11M 44s
  6950K .......... .......... .......... .......... .......... 54% 59.1K 44s
  7000K .......... .......... .......... .......... .......... 54%  112K 43s
  7050K .......... .......... .......... .......... .......... 55%  203K 43s
  7100K .......... .......... .......... .......... .......... 55% 47.1K 43s
  7150K .......... .......... .......... .......... .......... 55% 1.13M 42s
  7200K .......... .......... .......... .......... .......... 56%  194K 42s
  7250K .......... .......... .......... .......... .......... 56%  879K 41s
  7300K .......... .......... .......... .......... .......... 57% 1.02M 41s
  7350K .......... .......... .......... .......... .......... 57% 76.3K 41s
  7400K .......... .......... .......... .......... .......... 57% 12.0M 40s
  7450K .......... .......... .......... .......... .......... 58%  214K 40s
  7500K .......... .......... .......... .......... .......... 58% 29.9K 40s
  7550K .......... .......... .......... .......... .......... 58% 1.98M 39s
  7600K .......... .......... .......... .......... .......... 59%  804K 39s
  7650K .......... .......... .......... .......... .......... 59%  200K 38s
  7700K .......... .......... .......... .......... .......... 60%  206K 38s
  7750K .......... .......... .......... .......... .......... 60% 75.3K 38s
  7800K .......... .......... .......... .......... .......... 60%  110K 37s
  7850K .......... .......... .......... .......... .......... 61% 58.1K 37s
  7900K .......... .......... .......... .......... .......... 61%  203K 37s
  7950K .......... .......... .......... .......... .......... 62%  107K 37s
  8000K .......... .......... .......... .......... .......... 62%  106K 36s
  8050K .......... .......... .......... .......... .......... 62%  201K 36s
  8100K .......... .......... .......... .......... .......... 63% 26.5K 36s
  8150K .......... .......... .......... .......... .......... 63%  201K 36s
  8200K .......... .......... .......... .......... .......... 64% 1.03M 35s
  8250K .......... .......... .......... .......... .......... 64%  202K 35s
  8300K .......... .......... .......... .......... .......... 64% 1.23M 34s
  8350K .......... .......... .......... .......... .......... 65% 1.17M 34s
  8400K .......... .......... .......... .......... .......... 65%  959K 33s
  8450K .......... .......... .......... .......... .......... 65%  208K 33s
  8500K .......... .......... .......... .......... .......... 66% 1.01M 32s
  8550K .......... .......... .......... .......... .......... 66%  187K 32s
  8600K .......... .......... .......... .......... .......... 67%  193K 31s
  8650K .......... .......... .......... .......... .......... 67% 1.16M 31s
  8700K .......... .......... .......... .......... .......... 67%  110K 31s
  8750K .......... .......... .......... .......... .......... 68% 79.4K 30s
  8800K .......... .......... .......... .......... .......... 68% 26.6K 31s
  8850K .......... .......... .......... .......... .......... 69% 1.05M 30s
  8900K .......... .......... .......... .......... .......... 69% 26.5K 30s
  8950K .......... .......... .......... .......... .......... 69% 1.35M 30s
  9000K .......... .......... .......... .......... .......... 70% 1.07M 29s
  9050K .......... .......... .......... .......... .......... 70% 1.44M 29s
  9100K .......... .......... .......... .......... .......... 71%  965K 28s
  9150K .......... .......... .......... .......... .......... 71%  818K 28s
  9200K .......... .......... .......... .......... .......... 71% 1.33M 27s
  9250K .......... .......... .......... .......... .......... 72% 1009K 27s
  9300K .......... .......... .......... .......... .......... 72%  193K 26s
  9350K .......... .......... .......... .......... .......... 72%  110K 26s
  9400K .......... .......... .......... .......... .......... 73%  113K 26s
  9450K .......... .......... .......... .......... .......... 73%  209K 25s
  9500K .......... .......... .......... .......... .......... 74% 1.16M 25s
  9550K .......... .......... .......... .......... .......... 74% 75.5K 24s
  9600K .......... .......... .......... .......... .......... 74% 1.29M 24s
  9650K .......... .......... .......... .......... .......... 75% 47.7K 24s
  9700K .......... .......... .......... .......... .......... 75% 75.3K 24s
  9750K .......... .......... .......... .......... .......... 76%  180K 23s
  9800K .......... .......... .......... .......... .......... 76% 30.0K 23s
  9850K .......... .......... .......... .......... .......... 76% 40.0K 23s
  9900K .......... .......... .......... .......... .......... 77%  110K 23s
  9950K .......... .......... .......... .......... .......... 77%  911K 22s
 10000K .......... .......... .......... .......... .......... 78%  200K 22s
 10050K .......... .......... .......... .......... .......... 78%  191K 21s
 10100K .......... .......... .......... .......... .......... 78% 1.28M 21s
 10150K .......... .......... .......... .......... .......... 79%  811K 20s
 10200K .......... .......... .......... .......... .......... 79%  895K 20s
 10250K .......... .......... .......... .......... .......... 79% 76.4K 20s
 10300K .......... .......... .......... .......... .......... 80%  201K 19s
 10350K .......... .......... .......... .......... .......... 80% 76.6K 19s
 10400K .......... .......... .......... .......... .......... 81% 1.13M 18s
 10450K .......... .......... .......... .......... .......... 81% 48.3K 18s
 10500K .......... .......... .......... .......... .......... 81%  109K 18s
 10550K .......... .......... .......... .......... .......... 82% 74.0K 18s
 10600K .......... .......... .......... .......... .......... 82%  198K 17s
 10650K .......... .......... .......... .......... .......... 83% 58.7K 17s
 10700K .......... .......... .......... .......... .......... 83%  112K 16s
 10750K .......... .......... .......... .......... .......... 83% 1.09M 16s
 10800K .......... .......... .......... .......... .......... 84% 47.1K 16s
 10850K .......... .......... .......... .......... .......... 84%  881K 15s
 10900K .......... .......... .......... .......... .......... 84% 58.8K 15s
 10950K .......... .......... .......... .......... .......... 85% 1.18M 15s
 11000K .......... .......... .......... .......... .......... 85% 1.18M 14s
 11050K .......... .......... .......... .......... .......... 86%  203K 14s
 11100K .......... .......... .......... .......... .......... 86% 29.2K 14s
 11150K .......... .......... .......... .......... .......... 86% 1.22M 13s
 11200K .......... .......... .......... .......... .......... 87%  113K 13s
 11250K .......... .......... .......... .......... .......... 87%  204K 12s
 11300K .......... .......... .......... .......... .......... 88%  199K 12s
 11350K .......... .......... .......... .......... .......... 88%  113K 12s
 11400K .......... .......... .......... .......... .......... 88% 29.9K 11s
 11450K .......... .......... .......... .......... .......... 89% 1.12M 11s
 11500K .......... .......... .......... .......... .......... 89%  110K 10s
 11550K .......... .......... .......... .......... .......... 90%  935K 10s
 11600K .......... .......... .......... .......... .......... 90% 26.9K 10s
 11650K .......... .......... .......... .......... .......... 90%  954K 9s
 11700K .......... .......... .......... .......... .......... 91%  109K 9s
 11750K .......... .......... .......... .......... .......... 91% 1.46M 9s
 11800K .......... .......... .......... .......... .......... 91% 77.7K 8s
 11850K .......... .......... .......... .......... .......... 92%  212K 8s
 11900K .......... .......... .......... .......... .......... 92% 46.9K 7s
 11950K .......... .......... .......... .......... .......... 93% 1.07M 7s
 12000K .......... .......... .......... .......... .......... 93% 74.5K 7s
 12050K .......... .......... .......... .......... .......... 93%  197K 6s
 12100K .......... .......... .......... .......... .......... 94%  185K 6s
 12150K .......... .......... .......... .......... .......... 94%  109K 5s
 12200K .......... .......... .......... .......... .......... 95%  186K 5s
 12250K .......... .......... .......... .......... .......... 95%  113K 5s
 12300K .......... .......... .......... .......... .......... 95%  210K 4s
 12350K .......... .......... .......... .......... .......... 96%  196K 4s
 12400K .......... .......... .......... .......... .......... 96%  194K 3s
 12450K .......... .......... .......... .......... .......... 97% 1.15M 3s
 12500K .......... .......... .......... .......... .......... 97%  206K 3s
 12550K .......... .......... .......... .......... .......... 97%  112K 2s
 12600K .......... .......... .......... .......... .......... 98%  207K 2s
 12650K .......... .......... .......... .......... .......... 98% 47.3K 1s
 12700K .......... .......... .......... .......... .......... 98% 78.8K 1s
 12750K .......... .......... .......... .......... .......... 99% 77.0K 1s
 12800K .......... .......... .......... .......... .......... 99% 1.06M 0s
 12850K .......... .......... .......... ....                 100% 1.22M=1m42s

2016-05-25 04:01:54 (127 KB/s) - ‘index.html.19’ saved [13193358/13193358]

