--2016-05-25 03:51:30--  http://10.30.50.93:8000/
Connecting to 10.30.50.93:8000... connected.
HTTP request sent, awaiting response... 200 OK
Length: 13193358 (13M) [text/html]
Saving to: ‘index.html.6’

     0K .......... .......... .......... .......... ..........  0% 2.60M 5s
    50K .......... .......... .......... .......... ..........  0% 2.43M 5s
   100K .......... .......... .......... .......... ..........  1% 3.44M 5s
   150K .......... .......... .......... .......... ..........  1% 2.82M 4s
   200K .......... .......... .......... .......... ..........  1% 3.00M 4s
   250K .......... .......... .......... .......... ..........  2% 2.31M 5s
   300K .......... .......... .......... .......... ..........  2% 1.66M 5s
   350K .......... .......... .......... .......... ..........  3% 1.41M 5s
   400K .......... .......... .......... .......... ..........  3% 1.19M 6s
   450K .......... .......... .......... .......... ..........  3% 1.06M 6s
   500K .......... .......... .......... .......... ..........  4% 1.29M 7s
   550K .......... .......... .......... .......... ..........  4% 1.65M 7s
   600K .......... .......... .......... .......... ..........  5% 1.57M 7s
   650K .......... .......... .......... .......... ..........  5% 1.31M 7s
   700K .......... .......... .......... .......... ..........  5% 1.14M 7s
   750K .......... .......... .......... .......... ..........  6%  983K 7s
   800K .......... .......... .......... .......... ..........  6% 1.16M 8s
   850K .......... .......... .......... .......... ..........  6% 1.31M 8s
   900K .......... .......... .......... .......... ..........  7% 1.31M 8s
   950K .......... .......... .......... .......... ..........  7% 2.10M 7s
  1000K .......... .......... .......... .......... ..........  8% 2.19M 7s
  1050K .......... .......... .......... .......... ..........  8% 1.50M 7s
  1100K .......... .......... .......... .......... ..........  8% 1.39M 7s
  1150K .......... .......... .......... .......... ..........  9% 1.50M 7s
  1200K .......... .......... .......... .......... ..........  9% 1.68M 7s
  1250K .......... .......... .......... .......... .......... 10% 1.83M 7s
  1300K .......... .......... .......... .......... .......... 10% 1.66M 7s
  1350K .......... .......... .......... .......... .......... 10% 1.07M 7s
  1400K .......... .......... .......... .......... .......... 11%  212K 9s
  1450K .......... .......... .......... .......... .......... 11% 1.78M 9s
  1500K .......... .......... .......... .......... .......... 12% 1.89M 9s
  1550K .......... .......... .......... .......... .......... 12% 2.46M 8s
  1600K .......... .......... .......... .......... .......... 12% 2.64M 8s
  1650K .......... .......... .......... .......... .......... 13% 4.15M 8s
  1700K .......... .......... .......... .......... .......... 13% 3.53M 8s
  1750K .......... .......... .......... .......... .......... 13% 2.00M 8s
  1800K .......... .......... .......... .......... .......... 14% 2.07M 8s
  1850K .......... .......... .......... .......... .......... 14% 2.31M 8s
  1900K .......... .......... .......... .......... .......... 15% 1.92M 7s
  1950K .......... .......... .......... .......... .......... 15% 1.76M 7s
  2000K .......... .......... .......... .......... .......... 15% 2.40M 7s
  2050K .......... .......... .......... .......... .......... 16% 2.69M 7s
  2100K .......... .......... .......... .......... .......... 16% 2.63M 7s
  2150K .......... .......... .......... .......... .......... 17% 1.99M 7s
  2200K .......... .......... .......... .......... .......... 17% 1.54M 7s
  2250K .......... .......... .......... .......... .......... 17% 1.91M 7s
  2300K .......... .......... .......... .......... .......... 18% 1.97M 7s
  2350K .......... .......... .......... .......... .......... 18% 1.79M 7s
  2400K .......... .......... .......... .......... .......... 19% 1.33M 7s
  2450K .......... .......... .......... .......... .......... 19% 1.40M 7s
  2500K .......... .......... .......... .......... .......... 19% 1.19M 7s
  2550K .......... .......... .......... .......... .......... 20% 1.23M 7s
  2600K .......... .......... .......... .......... .......... 20% 1.11M 7s
  2650K .......... .......... .......... .......... .......... 20% 1.07M 7s
  2700K .......... .......... .......... .......... .......... 21% 1.27M 7s
  2750K .......... .......... .......... .......... .......... 21% 1.41M 7s
  2800K .......... .......... .......... .......... .......... 22% 2.32M 7s
  2850K .......... .......... .......... .......... .......... 22% 1.30M 7s
  2900K .......... .......... .......... .......... .......... 22% 1.46M 7s
  2950K .......... .......... .......... .......... .......... 23% 2.60M 7s
  3000K .......... .......... .......... .......... .......... 23% 2.22M 6s
  3050K .......... .......... .......... .......... .......... 24% 2.81M 6s
  3100K .......... .......... .......... .......... .......... 24% 4.41M 6s
  3150K .......... .......... .......... .......... .......... 24% 3.09M 6s
  3200K .......... .......... .......... .......... .......... 25% 3.58M 6s
  3250K .......... .......... .......... .......... .......... 25% 3.46M 6s
  3300K .......... .......... .......... .......... .......... 26% 4.06M 6s
  3350K .......... .......... .......... .......... .......... 26% 4.21M 6s
  3400K .......... .......... .......... .......... .......... 26% 4.47M 6s
  3450K .......... .......... .......... .......... .......... 27% 4.01M 6s
  3500K .......... .......... .......... .......... .......... 27% 3.87M 6s
  3550K .......... .......... .......... .......... .......... 27% 3.01M 6s
  3600K .......... .......... .......... .......... .......... 28% 2.56M 5s
  3650K .......... .......... .......... .......... .......... 28% 1.63M 5s
  3700K .......... .......... .......... .......... .......... 29% 2.03M 5s
  3750K .......... .......... .......... .......... .......... 29% 2.06M 5s
  3800K .......... .......... .......... .......... .......... 29% 1.78M 5s
  3850K .......... .......... .......... .......... .......... 30% 1.43M 5s
  3900K .......... .......... .......... .......... .......... 30% 1.05M 5s
  3950K .......... .......... .......... .......... .......... 31% 1.79M 5s
  4000K .......... .......... .......... .......... .......... 31% 2.25M 5s
  4050K .......... .......... .......... .......... .......... 31% 2.80M 5s
  4100K .......... .......... .......... .......... .......... 32% 2.03M 5s
  4150K .......... .......... .......... .......... .......... 32% 1.84M 5s
  4200K .......... .......... .......... .......... .......... 32% 2.24M 5s
  4250K .......... .......... .......... .......... .......... 33% 1.48M 5s
  4300K .......... .......... .......... .......... .......... 33% 1.49M 5s
  4350K .......... .......... .......... .......... .......... 34% 2.09M 5s
  4400K .......... .......... .......... .......... .......... 34% 1.87M 5s
  4450K .......... .......... .......... .......... .......... 34% 2.12M 5s
  4500K .......... .......... .......... .......... .......... 35% 2.30M 5s
  4550K .......... .......... .......... .......... .......... 35% 2.46M 5s
  4600K .......... .......... .......... .......... .......... 36% 2.05M 5s
  4650K .......... .......... .......... .......... .......... 36% 2.08M 5s
  4700K .......... .......... .......... .......... .......... 36% 1.84M 5s
  4750K .......... .......... .......... .......... .......... 37% 1.38M 5s
  4800K .......... .......... .......... .......... .......... 37% 1.35M 5s
  4850K .......... .......... .......... .......... .......... 38% 1.00M 5s
  4900K .......... .......... .......... .......... .......... 38% 1.40M 5s
  4950K .......... .......... .......... .......... .......... 38% 2.04M 5s
  5000K .......... .......... .......... .......... .......... 39% 3.08M 5s
  5050K .......... .......... .......... .......... .......... 39% 2.61M 5s
  5100K .......... .......... .......... .......... .......... 39% 1.82M 4s
  5150K .......... .......... .......... .......... .......... 40% 1.34M 4s
  5200K .......... .......... .......... .......... .......... 40%  207K 5s
  5250K .......... .......... .......... .......... .......... 41% 1.22M 5s
  5300K .......... .......... .......... .......... .......... 41% 1.40M 5s
  5350K .......... .......... .......... .......... .......... 41% 1.39M 5s
  5400K .......... .......... .......... .......... .......... 42% 1.91M 5s
  5450K .......... .......... .......... .......... .......... 42% 2.39M 5s
  5500K .......... .......... .......... .......... .......... 43% 2.01M 5s
  5550K .......... .......... .......... .......... .......... 43% 2.21M 5s
  5600K .......... .......... .......... .......... .......... 43% 1.98M 4s
  5650K .......... .......... .......... .......... .......... 44% 1.96M 4s
  5700K .......... .......... .......... .......... .......... 44% 1.97M 4s
  5750K .......... .......... .......... .......... .......... 45% 1.47M 4s
  5800K .......... .......... .......... .......... .......... 45% 1.23M 4s
  5850K .......... .......... .......... .......... .......... 45% 1.49M 4s
  5900K .......... .......... .......... .......... .......... 46% 1.13M 4s
  5950K .......... .......... .......... .......... .......... 46% 1.57M 4s
  6000K .......... .......... .......... .......... .......... 46% 2.20M 4s
  6050K .......... .......... .......... .......... .......... 47% 2.49M 4s
  6100K .......... .......... .......... .......... .......... 47% 3.28M 4s
  6150K .......... .......... .......... .......... .......... 48% 3.02M 4s
  6200K .......... .......... .......... .......... .......... 48% 3.61M 4s
  6250K .......... .......... .......... .......... .......... 48% 2.09M 4s
  6300K .......... .......... .......... .......... .......... 49% 1.99M 4s
  6350K .......... .......... .......... .......... .......... 49% 2.08M 4s
  6400K .......... .......... .......... .......... .......... 50% 2.23M 4s
  6450K .......... .......... .......... .......... .......... 50% 1.98M 4s
  6500K .......... .......... .......... .......... .......... 50% 2.69M 4s
  6550K .......... .......... .......... .......... .......... 51% 3.35M 4s
  6600K .......... .......... .......... .......... .......... 51% 2.40M 4s
  6650K .......... .......... .......... .......... .......... 52% 1.81M 4s
  6700K .......... .......... .......... .......... .......... 52% 2.06M 4s
  6750K .......... .......... .......... .......... .......... 52% 2.29M 4s
  6800K .......... .......... .......... .......... .......... 53% 2.96M 4s
  6850K .......... .......... .......... .......... .......... 53% 2.09M 4s
  6900K .......... .......... .......... .......... .......... 53% 2.09M 4s
  6950K .......... .......... .......... .......... .......... 54% 1.67M 3s
  7000K .......... .......... .......... .......... .......... 54% 1.59M 3s
  7050K .......... .......... .......... .......... .......... 55% 2.02M 3s
  7100K .......... .......... .......... .......... .......... 55% 1.85M 3s
  7150K .......... .......... .......... .......... .......... 55% 2.27M 3s
  7200K .......... .......... .......... .......... .......... 56% 2.11M 3s
  7250K .......... .......... .......... .......... .......... 56% 2.31M 3s
  7300K .......... .......... .......... .......... .......... 57% 2.32M 3s
  7350K .......... .......... .......... .......... .......... 57% 1.59M 3s
  7400K .......... .......... .......... .......... .......... 57% 1.66M 3s
  7450K .......... .......... .......... .......... .......... 58% 1.07M 3s
  7500K .......... .......... .......... .......... .......... 58% 1.35M 3s
  7550K .......... .......... .......... .......... .......... 58% 1.20M 3s
  7600K .......... .......... .......... .......... .......... 59%  993K 3s
  7650K .......... .......... .......... .......... .......... 59% 1.01M 3s
  7700K .......... .......... .......... .......... .......... 60% 1.47M 3s
  7750K .......... .......... .......... .......... .......... 60% 1.36M 3s
  7800K .......... .......... .......... .......... .......... 60% 2.27M 3s
  7850K .......... .......... .......... .......... .......... 61% 2.80M 3s
  7900K .......... .......... .......... .......... .......... 61% 2.26M 3s
  7950K .......... .......... .......... .......... .......... 62% 2.64M 3s
  8000K .......... .......... .......... .......... .......... 62% 2.64M 3s
  8050K .......... .......... .......... .......... .......... 62% 3.22M 3s
  8100K .......... .......... .......... .......... .......... 63% 2.71M 3s
  8150K .......... .......... .......... .......... .......... 63% 1.45M 3s
  8200K .......... .......... .......... .......... .......... 64% 1.19M 3s
  8250K .......... .......... .......... .......... .......... 64% 1.18M 3s
  8300K .......... .......... .......... .......... .......... 64% 1.17M 3s
  8350K .......... .......... .......... .......... .......... 65% 1.45M 3s
  8400K .......... .......... .......... .......... .......... 65% 2.86M 3s
  8450K .......... .......... .......... .......... .......... 65% 2.14M 3s
  8500K .......... .......... .......... .......... .......... 66% 2.33M 3s
  8550K .......... .......... .......... .......... .......... 66% 3.06M 3s
  8600K .......... .......... .......... .......... .......... 67% 2.77M 2s
  8650K .......... .......... .......... .......... .......... 67% 2.18M 2s
  8700K .......... .......... .......... .......... .......... 67% 2.16M 2s
  8750K .......... .......... .......... .......... .......... 68% 3.37M 2s
  8800K .......... .......... .......... .......... .......... 68% 2.14M 2s
  8850K .......... .......... .......... .......... .......... 69% 1.62M 2s
  8900K .......... .......... .......... .......... .......... 69% 1.76M 2s
  8950K .......... .......... .......... .......... .......... 69% 1.74M 2s
  9000K .......... .......... .......... .......... .......... 70% 1.54M 2s
  9050K .......... .......... .......... .......... .......... 70% 1.08M 2s
  9100K .......... .......... .......... .......... .......... 71% 1.64M 2s
  9150K .......... .......... .......... .......... .......... 71% 1.82M 2s
  9200K .......... .......... .......... .......... .......... 71% 1.15M 2s
  9250K .......... .......... .......... .......... .......... 72% 2.99M 2s
  9300K .......... .......... .......... .......... .......... 72% 1.97M 2s
  9350K .......... .......... .......... .......... .......... 72% 1.71M 2s
  9400K .......... .......... .......... .......... .......... 73% 1.22M 2s
  9450K .......... .......... .......... .......... .......... 73% 1.36M 2s
  9500K .......... .......... .......... .......... .......... 74% 1.45M 2s
  9550K .......... .......... .......... .......... .......... 74% 1.75M 2s
  9600K .......... .......... .......... .......... .......... 74% 1.88M 2s
  9650K .......... .......... .......... .......... .......... 75% 2.44M 2s
  9700K .......... .......... .......... .......... .......... 75% 2.05M 2s
  9750K .......... .......... .......... .......... .......... 76% 1.16M 2s
  9800K .......... .......... .......... .......... .......... 76% 1.33M 2s
  9850K .......... .......... .......... .......... .......... 76% 1.25M 2s
  9900K .......... .......... .......... .......... .......... 77% 1.73M 2s
  9950K .......... .......... .......... .......... .......... 77% 1.50M 2s
 10000K .......... .......... .......... .......... .......... 78% 1.38M 2s
 10050K .......... .......... .......... .......... .......... 78% 1.88M 2s
 10100K .......... .......... .......... .......... .......... 78% 1.78M 2s
 10150K .......... .......... .......... .......... .......... 79% 1.66M 2s
 10200K .......... .......... .......... .......... .......... 79% 2.23M 2s
 10250K .......... .......... .......... .......... .......... 79% 2.30M 2s
 10300K .......... .......... .......... .......... .......... 80% 2.05M 1s
 10350K .......... .......... .......... .......... .......... 80% 2.05M 1s
 10400K .......... .......... .......... .......... .......... 81% 1.98M 1s
 10450K .......... .......... .......... .......... .......... 81% 2.30M 1s
 10500K .......... .......... .......... .......... .......... 81% 1.91M 1s
 10550K .......... .......... .......... .......... .......... 82% 1.49M 1s
 10600K .......... .......... .......... .......... .......... 82% 1.38M 1s
 10650K .......... .......... .......... .......... .......... 83% 1.33M 1s
 10700K .......... .......... .......... .......... .......... 83% 1.09M 1s
 10750K .......... .......... .......... .......... .......... 83% 1.62M 1s
 10800K .......... .......... .......... .......... .......... 84% 1.64M 1s
 10850K .......... .......... .......... .......... .......... 84% 1.70M 1s
 10900K .......... .......... .......... .......... .......... 84% 1.34M 1s
 10950K .......... .......... .......... .......... .......... 85% 1.56M 1s
 11000K .......... .......... .......... .......... .......... 85% 2.60M 1s
 11050K .......... .......... .......... .......... .......... 86% 2.45M 1s
 11100K .......... .......... .......... .......... .......... 86% 2.12M 1s
 11150K .......... .......... .......... .......... .......... 86% 3.23M 1s
 11200K .......... .......... .......... .......... .......... 87% 2.61M 1s
 11250K .......... .......... .......... .......... .......... 87% 2.43M 1s
 11300K .......... .......... .......... .......... .......... 88% 2.07M 1s
 11350K .......... .......... .......... .......... .......... 88% 1.56M 1s
 11400K .......... .......... .......... .......... .......... 88% 1.42M 1s
 11450K .......... .......... .......... .......... .......... 89% 1.48M 1s
 11500K .......... .......... .......... .......... .......... 89% 1.24M 1s
 11550K .......... .......... .......... .......... .......... 90% 1.35M 1s
 11600K .......... .......... .......... .......... .......... 90% 1.48M 1s
 11650K .......... .......... .......... .......... .......... 90% 2.05M 1s
 11700K .......... .......... .......... .......... .......... 91% 2.36M 1s
 11750K .......... .......... .......... .......... .......... 91% 2.10M 1s
 11800K .......... .......... .......... .......... .......... 91% 2.21M 1s
 11850K .......... .......... .......... .......... .......... 92% 2.04M 1s
 11900K .......... .......... .......... .......... .......... 92% 2.26M 1s
 11950K .......... .......... .......... .......... .......... 93% 2.55M 1s
 12000K .......... .......... .......... .......... .......... 93% 3.15M 0s
 12050K .......... .......... .......... .......... .......... 93% 2.53M 0s
 12100K .......... .......... .......... .......... .......... 94% 2.34M 0s
 12150K .......... .......... .......... .......... .......... 94% 2.67M 0s
 12200K .......... .......... .......... .......... .......... 95% 2.25M 0s
 12250K .......... .......... .......... .......... .......... 95% 2.03M 0s
 12300K .......... .......... .......... .......... .......... 95% 2.26M 0s
 12350K .......... .......... .......... .......... .......... 96% 2.48M 0s
 12400K .......... .......... .......... .......... .......... 96% 3.30M 0s
 12450K .......... .......... .......... .......... .......... 97% 3.02M 0s
 12500K .......... .......... .......... .......... .......... 97% 2.83M 0s
 12550K .......... .......... .......... .......... .......... 97% 2.67M 0s
 12600K .......... .......... .......... .......... .......... 98% 1.78M 0s
 12650K .......... .......... .......... .......... .......... 98% 1.32M 0s
 12700K .......... .......... .......... .......... .......... 98%  817K 0s
 12750K .......... .......... .......... .......... .......... 99% 1.96M 0s
 12800K .......... .......... .......... .......... .......... 99% 1.65M 0s
 12850K .......... .......... .......... ....                 100% 1.01M=7.4s

2016-05-25 03:51:39 (1.70 MB/s) - ‘index.html.6’ saved [13193358/13193358]

