--2016-05-25 01:41:01--  http://10.30.50.93:8000/
Connecting to 10.30.50.93:8000... connected.
HTTP request sent, awaiting response... 200 OK
Length: 13193358 (13M) [text/html]
Saving to: ‘index.html.7’

     0K .......... .......... .......... .......... ..........  0%  238K 54s
    50K .......... .......... .......... .......... ..........  0%  157K 67s
   100K .......... .......... .......... .......... ..........  1%  268K 61s
   150K .......... .......... .......... .......... ..........  1%  287K 56s
   200K .......... .......... .......... .......... ..........  1%  199K 58s
   250K .......... .......... .......... .......... ..........  2%  268K 56s
   300K .......... .......... .......... .......... ..........  2%  231K 55s
   350K .......... .......... .......... .......... ..........  3%  225K 55s
   400K .......... .......... .......... .......... ..........  3%  225K 55s
   450K .......... .......... .......... .......... ..........  3%  220K 55s
   500K .......... .......... .......... .......... ..........  4%  203K 55s
   550K .......... .......... .......... .......... ..........  4%  107K 60s
   600K .......... .......... .......... .......... ..........  5%  209K 60s
   650K .......... .......... .......... .......... ..........  5%  203K 59s
   700K .......... .......... .......... .......... ..........  5%  225K 59s
   750K .......... .......... .......... .......... ..........  6%  199K 59s
   800K .......... .......... .......... .......... ..........  6%  268K 58s
   850K .......... .......... .......... .......... ..........  6%  231K 57s
   900K .......... .......... .......... .......... ..........  7%  239K 57s
   950K .......... .......... .......... .......... ..........  7%  219K 56s
  1000K .......... .......... .......... .......... ..........  8%  225K 56s
  1050K .......... .......... .......... .......... ..........  8%  208K 56s
  1100K .......... .......... .......... .......... ..........  8%  219K 55s
  1150K .......... .......... .......... .......... ..........  9%  239K 55s
  1200K .......... .......... .......... .......... ..........  9%  214K 55s
  1250K .......... .......... .......... .......... .......... 10%  238K 54s
  1300K .......... .......... .......... .......... .......... 10%  177K 54s
  1350K .......... .......... .......... .......... .......... 10%  198K 54s
  1400K .......... .......... .......... .......... .......... 11%  226K 54s
  1450K .......... .......... .......... .......... .......... 11%  231K 53s
  1500K .......... .......... .......... .......... .......... 12%  220K 53s
  1550K .......... .......... .......... .......... .......... 12%  225K 53s
  1600K .......... .......... .......... .......... .......... 12%  238K 52s
  1650K .......... .......... .......... .......... .......... 13%  198K 52s
  1700K .......... .......... .......... .......... .......... 13%  252K 52s
  1750K .......... .......... .......... .......... .......... 13%  213K 52s
  1800K .......... .......... .......... .......... .......... 14%  209K 51s
  1850K .......... .......... .......... .......... .......... 14%  218K 51s
  1900K .......... .......... .......... .......... .......... 15%  226K 51s
  1950K .......... .......... .......... .......... .......... 15%  225K 51s
  2000K .......... .......... .......... .......... .......... 15%  231K 50s
  2050K .......... .......... .......... .......... .......... 16%  190K 50s
  2100K .......... .......... .......... .......... .......... 16%  268K 50s
  2150K .......... .......... .......... .......... .......... 17%  225K 49s
  2200K .......... .......... .......... .......... .......... 17%  226K 49s
  2250K .......... .......... .......... .......... .......... 17%  219K 49s
  2300K .......... .......... .......... .......... .......... 18%  231K 49s
  2350K .......... .......... .......... .......... .......... 18%  225K 48s
  2400K .......... .......... .......... .......... .......... 19%  193K 48s
  2450K .......... .......... .......... .......... .......... 19%  262K 48s
  2500K .......... .......... .......... .......... .......... 19%  193K 48s
  2550K .......... .......... .......... .......... .......... 20%  269K 47s
  2600K .......... .......... .......... .......... .......... 20%  219K 47s
  2650K .......... .......... .......... .......... .......... 20%  225K 47s
  2700K .......... .......... .......... .......... .......... 21%  199K 47s
  2750K .......... .......... .......... .......... .......... 21%  245K 46s
  2800K .......... .......... .......... .......... .......... 22%  194K 46s
  2850K .......... .......... .......... .......... .......... 22%  259K 46s
  2900K .......... .......... .......... .......... .......... 22%  194K 46s
  2950K .......... .......... .......... .......... .......... 23%  226K 45s
  3000K .......... .......... .......... .......... .......... 23%  231K 45s
  3050K .......... .......... .......... .......... .......... 24%  238K 45s
  3100K .......... .......... .......... .......... .......... 24%  194K 45s
  3150K .......... .......... .......... .......... .......... 24%  238K 44s
  3200K .......... .......... .......... .......... .......... 25%  189K 44s
  3250K .......... .......... .......... .......... .......... 25%  269K 44s
  3300K .......... .......... .......... .......... .......... 26%  185K 44s
  3350K .......... .......... .......... .......... .......... 26%  253K 44s
  3400K .......... .......... .......... .......... .......... 26%  214K 43s
  3450K .......... .......... .......... .......... .......... 27%  231K 43s
  3500K .......... .......... .......... .......... .......... 27%  232K 43s
  3550K .......... .......... .......... .......... .......... 27%  238K 43s
  3600K .......... .......... .......... .......... .......... 28%  232K 42s
  3650K .......... .......... .......... .......... .......... 28%  232K 42s
  3700K .......... .......... .......... .......... .......... 29%  231K 42s
  3750K .......... .......... .......... .......... .......... 29%  189K 42s
  3800K .......... .......... .......... .......... .......... 29%  298K 41s
  3850K .......... .......... .......... .......... .......... 30%  225K 41s
  3900K .......... .......... .......... .......... .......... 30%  238K 41s
  3950K .......... .......... .......... .......... .......... 31%  203K 41s
  4000K .......... .......... .......... .......... .......... 31%  245K 40s
  4050K .......... .......... .......... .......... .......... 31%  226K 40s
  4100K .......... .......... .......... .......... .......... 32%  208K 40s
  4150K .......... .......... .......... .......... .......... 32%  194K 40s
  4200K .......... .......... .......... .......... .......... 32%  225K 39s
  4250K .......... .......... .......... .......... .......... 33%  189K 39s
  4300K .......... .......... .......... .......... .......... 33%  261K 39s
  4350K .......... .......... .......... .......... .......... 34%  225K 39s
  4400K .......... .......... .......... .......... .......... 34%  231K 38s
  4450K .......... .......... .......... .......... .......... 34%  232K 38s
  4500K .......... .......... .......... .......... .......... 35%  238K 38s
  4550K .......... .......... .......... .......... .......... 35%  219K 38s
  4600K .......... .......... .......... .......... .......... 36%  238K 37s
  4650K .......... .......... .......... .......... .......... 36%  238K 37s
  4700K .......... .......... .......... .......... .......... 36%  213K 37s
  4750K .......... .......... .......... .......... .......... 37%  238K 37s
  4800K .......... .......... .......... .......... .......... 37%  225K 36s
  4850K .......... .......... .......... .......... .......... 38%  181K 36s
  4900K .......... .......... .......... .......... .......... 38%  297K 36s
  4950K .......... .......... .......... .......... .......... 38%  232K 36s
  5000K .......... .......... .......... .......... .......... 39%  231K 36s
  5050K .......... .......... .......... .......... .......... 39%  238K 35s
  5100K .......... .......... .......... .......... .......... 39%  185K 35s
  5150K .......... .......... .......... .......... .......... 40%  225K 35s
  5200K .......... .......... .......... .......... .......... 40%  231K 35s
  5250K .......... .......... .......... .......... .......... 41%  108K 35s
  5300K .......... .......... .......... .......... .......... 41%  225K 35s
  5350K .......... .......... .......... .......... .......... 41%  226K 34s
  5400K .......... .......... .......... .......... .......... 42%  225K 34s
  5450K .......... .......... .......... .......... .......... 42%  219K 34s
  5500K .......... .......... .......... .......... .......... 43%  219K 34s
  5550K .......... .......... .......... .......... .......... 43%  107K 34s
  5600K .......... .......... .......... .......... .......... 43%  224K 33s
  5650K .......... .......... .......... .......... .......... 44%  226K 33s
  5700K .......... .......... .......... .......... .......... 44%  213K 33s
  5750K .......... .......... .......... .......... .......... 45%  245K 33s
  5800K .......... .......... .......... .......... .......... 45%  181K 33s
  5850K .......... .......... .......... .......... .......... 45%  238K 32s
  5900K .......... .......... .......... .......... .......... 46%  198K 32s
  5950K .......... .......... .......... .......... .......... 46%  225K 32s
  6000K .......... .......... .......... .......... .......... 46%  231K 32s
  6050K .......... .......... .......... .......... .......... 47%  226K 31s
  6100K .......... .......... .......... .......... .......... 47%  219K 31s
  6150K .......... .......... .......... .......... .......... 48%  219K 31s
  6200K .......... .......... .......... .......... .......... 48%  220K 31s
  6250K .......... .......... .......... .......... .......... 48%  238K 30s
  6300K .......... .......... .......... .......... .......... 49%  225K 30s
  6350K .......... .......... .......... .......... .......... 49%  225K 30s
  6400K .......... .......... .......... .......... .......... 50%  225K 30s
  6450K .......... .......... .......... .......... .......... 50%  208K 29s
  6500K .......... .......... .......... .......... .......... 50%  260K 29s
  6550K .......... .......... .......... .......... .......... 51%  232K 29s
  6600K .......... .......... .......... .......... .......... 51%  198K 29s
  6650K .......... .......... .......... .......... .......... 52%  232K 28s
  6700K .......... .......... .......... .......... .......... 52%  185K 28s
  6750K .......... .......... .......... .......... .......... 52%  269K 28s
  6800K .......... .......... .......... .......... .......... 53%  232K 28s
  6850K .......... .......... .......... .......... .......... 53%  232K 28s
  6900K .......... .......... .......... .......... .......... 53%  199K 27s
  6950K .......... .......... .......... .......... .......... 54%  269K 27s
  7000K .......... .......... .......... .......... .......... 54%  225K 27s
  7050K .......... .......... .......... .......... .......... 55%  225K 27s
  7100K .......... .......... .......... .......... .......... 55%  225K 26s
  7150K .......... .......... .......... .......... .......... 55%  225K 26s
  7200K .......... .......... .......... .......... .......... 56%  220K 26s
  7250K .......... .......... .......... .......... .......... 56%  219K 26s
  7300K .......... .......... .......... .......... .......... 57%  239K 25s
  7350K .......... .......... .......... .......... .......... 57%  219K 25s
  7400K .......... .......... .......... .......... .......... 57%  231K 25s
  7450K .......... .......... .......... .......... .......... 58%  219K 25s
  7500K .......... .......... .......... .......... .......... 58%  198K 24s
  7550K .......... .......... .......... .......... .......... 58%  238K 24s
  7600K .......... .......... .......... .......... .......... 59%  219K 24s
  7650K .......... .......... .......... .......... .......... 59%  214K 24s
  7700K .......... .......... .......... .......... .......... 60%  193K 24s
  7750K .......... .......... .......... .......... .......... 60%  225K 23s
  7800K .......... .......... .......... .......... .......... 60%  198K 23s
  7850K .......... .......... .......... .......... .......... 61%  277K 23s
  7900K .......... .......... .......... .......... .......... 61%  208K 23s
  7950K .......... .......... .......... .......... .......... 62%  245K 22s
  8000K .......... .......... .......... .......... .......... 62%  238K 22s
  8050K .......... .......... .......... .......... .......... 62%  213K 22s
  8100K .......... .......... .......... .......... .......... 63%  199K 22s
  8150K .......... .......... .......... .......... .......... 63%  203K 21s
  8200K .......... .......... .......... .......... .......... 64%  177K 21s
  8250K .......... .......... .......... .......... .......... 64%  289K 21s
  8300K .......... .......... .......... .......... .......... 64%  225K 21s
  8350K .......... .......... .......... .......... .......... 65%  231K 21s
  8400K .......... .......... .......... .......... .......... 65%  232K 20s
  8450K .......... .......... .......... .......... .......... 65%  226K 20s
  8500K .......... .......... .......... .......... .......... 66%  232K 20s
  8550K .......... .......... .......... .......... .......... 66%  231K 20s
  8600K .......... .......... .......... .......... .......... 67%  225K 19s
  8650K .......... .......... .......... .......... .......... 67%  239K 19s
  8700K .......... .......... .......... .......... .......... 67%  181K 19s
  8750K .......... .......... .......... .......... .......... 68%  189K 19s
  8800K .......... .......... .......... .......... .......... 68%  238K 18s
  8850K .......... .......... .......... .......... .......... 69%  185K 18s
  8900K .......... .......... .......... .......... .......... 69%  277K 18s
  8950K .......... .......... .......... .......... .......... 69%  238K 18s
  9000K .......... .......... .......... .......... .......... 70%  226K 18s
  9050K .......... .......... .......... .......... .......... 70%  225K 17s
  9100K .......... .......... .......... .......... .......... 71%  231K 17s
  9150K .......... .......... .......... .......... .......... 71%  232K 17s
  9200K .......... .......... .......... .......... .......... 71%  238K 17s
  9250K .......... .......... .......... .......... .......... 72%  238K 16s
  9300K .......... .......... .......... .......... .......... 72%  214K 16s
  9350K .......... .......... .......... .......... .......... 72%  213K 16s
  9400K .......... .......... .......... .......... .......... 73%  252K 16s
  9450K .......... .......... .......... .......... .......... 73%  199K 15s
  9500K .......... .......... .......... .......... .......... 74%  252K 15s
  9550K .......... .......... .......... .......... .......... 74%  219K 15s
  9600K .......... .......... .......... .......... .......... 74%  225K 15s
  9650K .......... .......... .......... .......... .......... 75%  226K 15s
  9700K .......... .......... .......... .......... .......... 75%  232K 14s
  9750K .......... .......... .......... .......... .......... 76%  103K 14s
  9800K .......... .......... .......... .......... .......... 76%  231K 14s
  9850K .......... .......... .......... .......... .......... 76%  225K 14s
  9900K .......... .......... .......... .......... .......... 77%  226K 13s
  9950K .......... .......... .......... .......... .......... 77%  225K 13s
 10000K .......... .......... .......... .......... .......... 78%  230K 13s
 10050K .......... .......... .......... .......... .......... 78%  226K 13s
 10100K .......... .......... .......... .......... .......... 78%  219K 13s
 10150K .......... .......... .......... .......... .......... 79%  232K 12s
 10200K .......... .......... .......... .......... .......... 79%  198K 12s
 10250K .......... .......... .......... .......... .......... 79%  252K 12s
 10300K .......... .......... .......... .......... .......... 80%  238K 12s
 10350K .......... .......... .......... .......... .......... 80%  231K 11s
 10400K .......... .......... .......... .......... .......... 81%  232K 11s
 10450K .......... .......... .......... .......... .......... 81%  208K 11s
 10500K .......... .......... .......... .......... .......... 81%  245K 11s
 10550K .......... .......... .......... .......... .......... 82%  232K 10s
 10600K .......... .......... .......... .......... .......... 82%  225K 10s
 10650K .......... .......... .......... .......... .......... 83%  238K 10s
 10700K .......... .......... .......... .......... .......... 83%  226K 10s
 10750K .......... .......... .......... .......... .......... 83%  231K 10s
 10800K .......... .......... .......... .......... .......... 84%  219K 9s
 10850K .......... .......... .......... .......... .......... 84%  225K 9s
 10900K .......... .......... .......... .......... .......... 84%  203K 9s
 10950K .......... .......... .......... .......... .......... 85%  238K 9s
 11000K .......... .......... .......... .......... .......... 85%  245K 8s
 11050K .......... .......... .......... .......... .......... 86%  239K 8s
 11100K .......... .......... .......... .......... .......... 86%  208K 8s
 11150K .......... .......... .......... .......... .......... 86%  198K 8s
 11200K .......... .......... .......... .......... .......... 87%  225K 7s
 11250K .......... .......... .......... .......... .......... 87%  214K 7s
 11300K .......... .......... .......... .......... .......... 88%  219K 7s
 11350K .......... .......... .......... .......... .......... 88%  238K 7s
 11400K .......... .......... .......... .......... .......... 88%  203K 7s
 11450K .......... .......... .......... .......... .......... 89%  203K 6s
 11500K .......... .......... .......... .......... .......... 89%  278K 6s
 11550K .......... .......... .......... .......... .......... 90%  198K 6s
 11600K .......... .......... .......... .......... .......... 90%  239K 6s
 11650K .......... .......... .......... .......... .......... 90%  245K 5s
 11700K .......... .......... .......... .......... .......... 91%  238K 5s
 11750K .......... .......... .......... .......... .......... 91%  190K 5s
 11800K .......... .......... .......... .......... .......... 91%  260K 5s
 11850K .......... .......... .......... .......... .......... 92%  238K 4s
 11900K .......... .......... .......... .......... .......... 92%  226K 4s
 11950K .......... .......... .......... .......... .......... 93%  231K 4s
 12000K .......... .......... .......... .......... .......... 93%  232K 4s
 12050K .......... .......... .......... .......... .......... 93%  181K 4s
 12100K .......... .......... .......... .......... .......... 94%  268K 3s
 12150K .......... .......... .......... .......... .......... 94%  225K 3s
 12200K .......... .......... .......... .......... .......... 95%  238K 3s
 12250K .......... .......... .......... .......... .......... 95%  231K 3s
 12300K .......... .......... .......... .......... .......... 95%  231K 2s
 12350K .......... .......... .......... .......... .......... 96%  220K 2s
 12400K .......... .......... .......... .......... .......... 96%  204K 2s
 12450K .......... .......... .......... .......... .......... 97%  219K 2s
 12500K .......... .......... .......... .......... .......... 97%  209K 2s
 12550K .......... .......... .......... .......... .......... 97%  237K 1s
 12600K .......... .......... .......... .......... .......... 98%  239K 1s
 12650K .......... .......... .......... .......... .......... 98%  225K 1s
 12700K .......... .......... .......... .......... .......... 98%  225K 1s
 12750K .......... .......... .......... .......... .......... 99%  214K 0s
 12800K .......... .......... .......... .......... .......... 99%  194K 0s
 12850K .......... .......... .......... ....                 100%  300K=59s

2016-05-25 01:42:00 (220 KB/s) - ‘index.html.7’ saved [13193358/13193358]

