--2016-05-25 04:04:42--  http://10.30.50.93:8000/
Connecting to 10.30.50.93:8000... connected.
HTTP request sent, awaiting response... 200 OK
Length: 13193358 (13M) [text/html]
Saving to: ‘index.html.1’

     0K .......... .......... .......... .......... ..........  0% 6.96M 2s
    50K .......... .......... .......... .......... ..........  0% 5.96M 2s
   100K .......... .......... .......... .......... ..........  1% 7.17M 2s
   150K .......... .......... .......... .......... ..........  1% 6.62M 2s
   200K .......... .......... .......... .......... ..........  1% 6.85M 2s
   250K .......... .......... .......... .......... ..........  2% 9.04M 2s
   300K .......... .......... .......... .......... ..........  2% 7.93M 2s
   350K .......... .......... .......... .......... ..........  3% 10.9M 2s
   400K .......... .......... .......... .......... ..........  3% 10.6M 2s
   450K .......... .......... .......... .......... ..........  3% 10.6M 2s
   500K .......... .......... .......... .......... ..........  4% 11.3M 1s
   550K .......... .......... .......... .......... ..........  4% 8.73M 1s
   600K .......... .......... .......... .......... ..........  5% 15.1M 1s
   650K .......... .......... .......... .......... ..........  5% 11.4M 1s
   700K .......... .......... .......... .......... ..........  5% 9.73M 1s
   750K .......... .......... .......... .......... ..........  6% 13.1M 1s
   800K .......... .......... .......... .......... ..........  6% 12.2M 1s
   850K .......... .......... .......... .......... ..........  6% 12.7M 1s
   900K .......... .......... .......... .......... ..........  7% 9.83M 1s
   950K .......... .......... .......... .......... ..........  7% 9.90M 1s
  1000K .......... .......... .......... .......... ..........  8% 12.8M 1s
  1050K .......... .......... .......... .......... ..........  8% 12.6M 1s
  1100K .......... .......... .......... .......... ..........  8% 12.6M 1s
  1150K .......... .......... .......... .......... ..........  9% 9.72M 1s
  1200K .......... .......... .......... .......... ..........  9% 12.8M 1s
  1250K .......... .......... .......... .......... .......... 10% 12.2M 1s
  1300K .......... .......... .......... .......... .......... 10% 12.3M 1s
  1350K .......... .......... .......... .......... .......... 10% 8.94M 1s
  1400K .......... .......... .......... .......... .......... 11% 11.9M 1s
  1450K .......... .......... .......... .......... .......... 11% 11.6M 1s
  1500K .......... .......... .......... .......... .......... 12% 16.0M 1s
  1550K .......... .......... .......... .......... .......... 12% 8.73M 1s
  1600K .......... .......... .......... .......... .......... 12% 14.9M 1s
  1650K .......... .......... .......... .......... .......... 13% 11.3M 1s
  1700K .......... .......... .......... .......... .......... 13% 12.0M 1s
  1750K .......... .......... .......... .......... .......... 13% 10.2M 1s
  1800K .......... .......... .......... .......... .......... 14% 11.8M 1s
  1850K .......... .......... .......... .......... .......... 14% 11.7M 1s
  1900K .......... .......... .......... .......... .......... 15% 13.5M 1s
  1950K .......... .......... .......... .......... .......... 15% 9.97M 1s
  2000K .......... .......... .......... .......... .......... 15% 10.4M 1s
  2050K .......... .......... .......... .......... .......... 16% 13.6M 1s
  2100K .......... .......... .......... .......... .......... 16% 13.2M 1s
  2150K .......... .......... .......... .......... .......... 17% 9.48M 1s
  2200K .......... .......... .......... .......... .......... 17% 10.2M 1s
  2250K .......... .......... .......... .......... .......... 17% 15.5M 1s
  2300K .......... .......... .......... .......... .......... 18% 10.4M 1s
  2350K .......... .......... .......... .......... .......... 18% 10.6M 1s
  2400K .......... .......... .......... .......... .......... 19% 10.8M 1s
  2450K .......... .......... .......... .......... .......... 19% 11.8M 1s
  2500K .......... .......... .......... .......... .......... 19% 15.0M 1s
  2550K .......... .......... .......... .......... .......... 20% 10.4M 1s
  2600K .......... .......... .......... .......... .......... 20% 11.5M 1s
  2650K .......... .......... .......... .......... .......... 20% 10.4M 1s
  2700K .......... .......... .......... .......... .......... 21% 14.1M 1s
  2750K .......... .......... .......... .......... .......... 21% 10.7M 1s
  2800K .......... .......... .......... .......... .......... 22% 10.8M 1s
  2850K .......... .......... .......... .......... .......... 22% 12.9M 1s
  2900K .......... .......... .......... .......... .......... 22% 11.1M 1s
  2950K .......... .......... .......... .......... .......... 23% 10.7M 1s
  3000K .......... .......... .......... .......... .......... 23% 12.0M 1s
  3050K .......... .......... .......... .......... .......... 24% 12.8M 1s
  3100K .......... .......... .......... .......... .......... 24% 12.3M 1s
  3150K .......... .......... .......... .......... .......... 24% 11.8M 1s
  3200K .......... .......... .......... .......... .......... 25% 9.34M 1s
  3250K .......... .......... .......... .......... .......... 25% 12.3M 1s
  3300K .......... .......... .......... .......... .......... 26% 12.2M 1s
  3350K .......... .......... .......... .......... .......... 26% 12.3M 1s
  3400K .......... .......... .......... .......... .......... 26% 9.20M 1s
  3450K .......... .......... .......... .......... .......... 27% 11.3M 1s
  3500K .......... .......... .......... .......... .......... 27% 14.8M 1s
  3550K .......... .......... .......... .......... .......... 27% 10.5M 1s
  3600K .......... .......... .......... .......... .......... 28% 11.1M 1s
  3650K .......... .......... .......... .......... .......... 28% 10.3M 1s
  3700K .......... .......... .......... .......... .......... 29% 15.6M 1s
  3750K .......... .......... .......... .......... .......... 29% 10.9M 1s
  3800K .......... .......... .......... .......... .......... 29% 10.3M 1s
  3850K .......... .......... .......... .......... .......... 30% 12.1M 1s
  3900K .......... .......... .......... .......... .......... 30% 10.4M 1s
  3950K .......... .......... .......... .......... .......... 31% 14.8M 1s
  4000K .......... .......... .......... .......... .......... 31% 8.97M 1s
  4050K .......... .......... .......... .......... .......... 31% 11.7M 1s
  4100K .......... .......... .......... .......... .......... 32% 15.8M 1s
  4150K .......... .......... .......... .......... .......... 32% 11.4M 1s
  4200K .......... .......... .......... .......... .......... 32% 10.4M 1s
  4250K .......... .......... .......... .......... .......... 33% 10.3M 1s
  4300K .......... .......... .......... .......... .......... 33% 12.9M 1s
  4350K .......... .......... .......... .......... .......... 34% 12.7M 1s
  4400K .......... .......... .......... .......... .......... 34% 9.76M 1s
  4450K .......... .......... .......... .......... .......... 34% 12.7M 1s
  4500K .......... .......... .......... .......... .......... 35% 12.7M 1s
  4550K .......... .......... .......... .......... .......... 35% 12.6M 1s
  4600K .......... .......... .......... .......... .......... 36% 10.2M 1s
  4650K .......... .......... .......... .......... .......... 36% 10.9M 1s
  4700K .......... .......... .......... .......... .......... 36% 10.8M 1s
  4750K .......... .......... .......... .......... .......... 37% 12.3M 1s
  4800K .......... .......... .......... .......... .......... 37% 12.2M 1s
  4850K .......... .......... .......... .......... .......... 38% 9.48M 1s
  4900K .......... .......... .......... .......... .......... 38% 16.0M 1s
  4950K .......... .......... .......... .......... .......... 38% 9.86M 1s
  5000K .......... .......... .......... .......... .......... 39% 11.7M 1s
  5050K .......... .......... .......... .......... .......... 39% 12.0M 1s
  5100K .......... .......... .......... .......... .......... 39% 11.5M 1s
  5150K .......... .......... .......... .......... .......... 40% 10.9M 1s
  5200K .......... .......... .......... .......... .......... 40% 15.2M 1s
  5250K .......... .......... .......... .......... .......... 41% 8.49M 1s
  5300K .......... .......... .......... .......... .......... 41% 13.4M 1s
  5350K .......... .......... .......... .......... .......... 41% 10.2M 1s
  5400K .......... .......... .......... .......... .......... 42% 12.0M 1s
  5450K .......... .......... .......... .......... .......... 42% 13.4M 1s
  5500K .......... .......... .......... .......... .......... 43% 11.4M 1s
  5550K .......... .......... .......... .......... .......... 43% 11.3M 1s
  5600K .......... .......... .......... .......... .......... 43% 11.7M 1s
  5650K .......... .......... .......... .......... .......... 44% 11.5M 1s
  5700K .......... .......... .......... .......... .......... 44% 11.8M 1s
  5750K .......... .......... .......... .......... .......... 45% 12.2M 1s
  5800K .......... .......... .......... .......... .......... 45% 11.7M 1s
  5850K .......... .......... .......... .......... .......... 45% 9.48M 1s
  5900K .......... .......... .......... .......... .......... 46% 11.7M 1s
  5950K .......... .......... .......... .......... .......... 46% 11.8M 1s
  6000K .......... .......... .......... .......... .......... 46% 12.4M 1s
  6050K .......... .......... .......... .......... .......... 47% 12.1M 1s
  6100K .......... .......... .......... .......... .......... 47% 11.5M 1s
  6150K .......... .......... .......... .......... .......... 48% 11.7M 1s
  6200K .......... .......... .......... .......... .......... 48% 11.5M 1s
  6250K .......... .......... .......... .......... .......... 48% 10.6M 1s
  6300K .......... .......... .......... .......... .......... 49% 11.6M 1s
  6350K .......... .......... .......... .......... .......... 49% 12.9M 1s
  6400K .......... .......... .......... .......... .......... 50% 11.1M 1s
  6450K .......... .......... .......... .......... .......... 50% 10.6M 1s
  6500K .......... .......... .......... .......... .......... 50% 11.3M 1s
  6550K .......... .......... .......... .......... .......... 51% 11.6M 1s
  6600K .......... .......... .......... .......... .......... 51% 13.5M 1s
  6650K .......... .......... .......... .......... .......... 52% 12.9M 1s
  6700K .......... .......... .......... .......... .......... 52% 8.36M 1s
  6750K .......... .......... .......... .......... .......... 52% 13.3M 1s
  6800K .......... .......... .......... .......... .......... 53% 13.5M 1s
  6850K .......... .......... .......... .......... .......... 53% 10.3M 1s
  6900K .......... .......... .......... .......... .......... 53% 10.4M 1s
  6950K .......... .......... .......... .......... .......... 54% 13.4M 1s
  7000K .......... .......... .......... .......... .......... 54% 12.4M 1s
  7050K .......... .......... .......... .......... .......... 55% 9.93M 1s
  7100K .......... .......... .......... .......... .......... 55% 10.3M 1s
  7150K .......... .......... .......... .......... .......... 55% 13.7M 0s
  7200K .......... .......... .......... .......... .......... 56% 13.7M 0s
  7250K .......... .......... .......... .......... .......... 56% 10.5M 0s
  7300K .......... .......... .......... .......... .......... 57% 10.2M 0s
  7350K .......... .......... .......... .......... .......... 57% 13.4M 0s
  7400K .......... .......... .......... .......... .......... 57% 10.5M 0s
  7450K .......... .......... .......... .......... .......... 58% 13.7M 0s
  7500K .......... .......... .......... .......... .......... 58% 10.2M 0s
  7550K .......... .......... .......... .......... .......... 58% 10.4M 0s
  7600K .......... .......... .......... .......... .......... 59% 11.8M 0s
  7650K .......... .......... .......... .......... .......... 59% 13.6M 0s
  7700K .......... .......... .......... .......... .......... 60% 10.4M 0s
  7750K .......... .......... .......... .......... .......... 60% 11.7M 0s
  7800K .......... .......... .......... .......... .......... 60% 10.5M 0s
  7850K .......... .......... .......... .......... .......... 61% 14.4M 0s
  7900K .......... .......... .......... .......... .......... 61% 8.53M 0s
  7950K .......... .......... .......... .......... .......... 62% 14.8M 0s
  8000K .......... .......... .......... .......... .......... 62% 12.2M 0s
  8050K .......... .......... .......... .......... .......... 62% 11.5M 0s
  8100K .......... .......... .......... .......... .......... 63% 12.9M 0s
  8150K .......... .......... .......... .......... .......... 63% 8.58M 0s
  8200K .......... .......... .......... .......... .......... 64% 15.0M 0s
  8250K .......... .......... .......... .......... .......... 64% 11.7M 0s
  8300K .......... .......... .......... .......... .......... 64% 10.2M 0s
  8350K .......... .......... .......... .......... .......... 65% 12.2M 0s
  8400K .......... .......... .......... .......... .......... 65% 11.9M 0s
  8450K .......... .......... .......... .......... .......... 65% 11.8M 0s
  8500K .......... .......... .......... .......... .......... 66% 11.9M 0s
  8550K .......... .......... .......... .......... .......... 66% 9.36M 0s
  8600K .......... .......... .......... .......... .......... 67% 15.4M 0s
  8650K .......... .......... .......... .......... .......... 67% 10.9M 0s
  8700K .......... .......... .......... .......... .......... 67% 13.1M 0s
  8750K .......... .......... .......... .......... .......... 68% 8.71M 0s
  8800K .......... .......... .......... .......... .......... 68% 15.2M 0s
  8850K .......... .......... .......... .......... .......... 69% 11.3M 0s
  8900K .......... .......... .......... .......... .......... 69% 10.1M 0s
  8950K .......... .......... .......... .......... .......... 69% 9.48M 0s
  9000K .......... .......... .......... .......... .......... 70% 18.6M 0s
  9050K .......... .......... .......... .......... .......... 70% 10.0M 0s
  9100K .......... .......... .......... .......... .......... 71% 13.3M 0s
  9150K .......... .......... .......... .......... .......... 71% 10.0M 0s
  9200K .......... .......... .......... .......... .......... 71% 13.5M 0s
  9250K .......... .......... .......... .......... .......... 72% 10.3M 0s
  9300K .......... .......... .......... .......... .......... 72% 13.7M 0s
  9350K .......... .......... .......... .......... .......... 72% 10.2M 0s
  9400K .......... .......... .......... .......... .......... 73% 10.1M 0s
  9450K .......... .......... .......... .......... .......... 73% 13.6M 0s
  9500K .......... .......... .......... .......... .......... 74% 13.9M 0s
  9550K .......... .......... .......... .......... .......... 74% 10.1M 0s
  9600K .......... .......... .......... .......... .......... 74% 10.4M 0s
  9650K .......... .......... .......... .......... .......... 75% 14.0M 0s
  9700K .......... .......... .......... .......... .......... 75% 10.2M 0s
  9750K .......... .......... .......... .......... .......... 76% 10.2M 0s
  9800K .......... .......... .......... .......... .......... 76% 13.3M 0s
  9850K .......... .......... .......... .......... .......... 76% 13.6M 0s
  9900K .......... .......... .......... .......... .......... 77% 10.2M 0s
  9950K .......... .......... .......... .......... .......... 77% 13.4M 0s
 10000K .......... .......... .......... .......... .......... 78% 10.4M 0s
 10050K .......... .......... .......... .......... .......... 78% 10.1M 0s
 10100K .......... .......... .......... .......... .......... 78% 15.3M 0s
 10150K .......... .......... .......... .......... .......... 79% 10.2M 0s
 10200K .......... .......... .......... .......... .......... 79% 10.5M 0s
 10250K .......... .......... .......... .......... .......... 79% 13.7M 0s
 10300K .......... .......... .......... .......... .......... 80% 10.2M 0s
 10350K .......... .......... .......... .......... .......... 80% 12.9M 0s
 10400K .......... .......... .......... .......... .......... 81% 10.2M 0s
 10450K .......... .......... .......... .......... .......... 81% 13.2M 0s
 10500K .......... .......... .......... .......... .......... 81% 9.96M 0s
 10550K .......... .......... .......... .......... .......... 82% 14.2M 0s
 10600K .......... .......... .......... .......... .......... 82% 9.03M 0s
 10650K .......... .......... .......... .......... .......... 83% 14.4M 0s
 10700K .......... .......... .......... .......... .......... 83% 13.0M 0s
 10750K .......... .......... .......... .......... .......... 83% 11.6M 0s
 10800K .......... .......... .......... .......... .......... 84% 9.20M 0s
 10850K .......... .......... .......... .......... .......... 84% 12.2M 0s
 10900K .......... .......... .......... .......... .......... 84% 12.0M 0s
 10950K .......... .......... .......... .......... .......... 85% 12.1M 0s
 11000K .......... .......... .......... .......... .......... 85% 9.79M 0s
 11050K .......... .......... .......... .......... .......... 86% 11.8M 0s
 11100K .......... .......... .......... .......... .......... 86% 12.3M 0s
 11150K .......... .......... .......... .......... .......... 86% 11.8M 0s
 11200K .......... .......... .......... .......... .......... 87% 12.0M 0s
 11250K .......... .......... .......... .......... .......... 87% 11.9M 0s
 11300K .......... .......... .......... .......... .......... 88% 11.2M 0s
 11350K .......... .......... .......... .......... .......... 88% 9.77M 0s
 11400K .......... .......... .......... .......... .......... 88% 11.1M 0s
 11450K .......... .......... .......... .......... .......... 89% 13.4M 0s
 11500K .......... .......... .......... .......... .......... 89% 13.1M 0s
 11550K .......... .......... .......... .......... .......... 90% 10.3M 0s
 11600K .......... .......... .......... .......... .......... 90% 13.6M 0s
 11650K .......... .......... .......... .......... .......... 90% 10.2M 0s
 11700K .......... .......... .......... .......... .......... 91% 13.4M 0s
 11750K .......... .......... .......... .......... .......... 91% 10.2M 0s
 11800K .......... .......... .......... .......... .......... 91% 10.1M 0s
 11850K .......... .......... .......... .......... .......... 92% 13.4M 0s
 11900K .......... .......... .......... .......... .......... 92% 10.3M 0s
 11950K .......... .......... .......... .......... .......... 93% 13.4M 0s
 12000K .......... .......... .......... .......... .......... 93% 13.6M 0s
 12050K .......... .......... .......... .......... .......... 93% 10.0M 0s
 12100K .......... .......... .......... .......... .......... 94% 10.3M 0s
 12150K .......... .......... .......... .......... .......... 94% 13.3M 0s
 12200K .......... .......... .......... .......... .......... 95% 12.2M 0s
 12250K .......... .......... .......... .......... .......... 95% 10.1M 0s
 12300K .......... .......... .......... .......... .......... 95% 10.4M 0s
 12350K .......... .......... .......... .......... .......... 96% 13.9M 0s
 12400K .......... .......... .......... .......... .......... 96% 13.6M 0s
 12450K .......... .......... .......... .......... .......... 97% 7.92M 0s
 12500K .......... .......... .......... .......... .......... 97% 14.9M 0s
 12550K .......... .......... .......... .......... .......... 97% 13.3M 0s
 12600K .......... .......... .......... .......... .......... 98% 10.5M 0s
 12650K .......... .......... .......... .......... .......... 98% 10.7M 0s
 12700K .......... .......... .......... .......... .......... 98% 13.6M 0s
 12750K .......... .......... .......... .......... .......... 99% 10.1M 0s
 12800K .......... .......... .......... .......... .......... 99% 13.4M 0s
 12850K .......... .......... .......... ....                 100% 12.3M=1.1s

2016-05-25 04:04:43 (11.3 MB/s) - ‘index.html.1’ saved [13193358/13193358]

