--2016-05-25 03:45:50--  http://10.30.50.93:8000/
Connecting to 10.30.50.93:8000... connected.
HTTP request sent, awaiting response... 200 OK
Length: 13193358 (13M) [text/html]
Saving to: ‘index.html.19’

     0K .......... .......... .......... .......... ..........  0% 1.67M 7s
    50K .......... .......... .......... .......... ..........  0%  201K 36s
   100K .......... .......... .......... .......... ..........  1%  188K 46s
   150K .......... .......... .......... .......... ..........  1% 1.22M 37s
   200K .......... .......... .......... .......... ..........  1%  187K 43s
   250K .......... .......... .......... .......... ..........  2%  187K 47s
   300K .......... .......... .......... .......... ..........  2% 46.9K 78s
   350K .......... .......... .......... .......... ..........  3% 56.5K 96s
   400K .......... .......... .......... .......... ..........  3%  200K 92s
   450K .......... .......... .......... .......... ..........  3%  116K 93s
   500K .......... .......... .......... .......... ..........  4%  108K 94s
   550K .......... .......... .......... .......... ..........  4%  808K 87s
   600K .......... .......... .......... .......... ..........  5%  970K 81s
   650K .......... .......... .......... .......... ..........  5%  196K 80s
   700K .......... .......... .......... .......... ..........  5%  893K 75s
   750K .......... .......... .......... .......... ..........  6%  209K 74s
   800K .......... .......... .......... .......... ..........  6% 1.07M 70s
   850K .......... .......... .......... .......... ..........  6%  915K 66s
   900K .......... .......... .......... .......... ..........  7%  736K 63s
   950K .......... .......... .......... .......... ..........  7%  185K 63s
  1000K .......... .......... .......... .......... ..........  8% 74.9K 67s
  1050K .......... .......... .......... .......... ..........  8% 15.1K 1m40s
  1100K .......... .......... .......... .......... ..........  8% 47.1K 1m46s
  1150K .......... .......... .......... .......... ..........  9%  197K 1m43s
  1200K .......... .......... .......... .......... ..........  9% 26.6K 1m56s
  1250K .......... .......... .......... .......... .......... 10%  984K 1m52s
  1300K .......... .......... .......... .......... .......... 10% 77.2K 1m53s
  1350K .......... .......... .......... .......... .......... 10% 1.79M 1m48s
  1400K .......... .......... .......... .......... .......... 11%  941K 1m45s
  1450K .......... .......... .......... .......... .......... 11%  826K 1m41s
  1500K .......... .......... .......... .......... .......... 12% 76.6K 1m42s
  1550K .......... .......... .......... .......... .......... 12%  197K 1m40s
  1600K .......... .......... .......... .......... .......... 12%  112K 1m40s
  1650K .......... .......... .......... .......... .......... 13% 76.3K 1m41s
  1700K .......... .......... .......... .......... .......... 13%  189K 99s
  1750K .......... .......... .......... .......... .......... 13%  107K 99s
  1800K .......... .......... .......... .......... .......... 14% 59.3K 1m41s
  1850K .......... .......... .......... .......... .......... 14%  105K 1m41s
  1900K .......... .......... .......... .......... .......... 15% 76.7K 1m41s
  1950K .......... .......... .......... .......... .......... 15% 1.09M 98s
  2000K .......... .......... .......... .......... .......... 15% 29.9K 1m44s
  2050K .......... .......... .......... .......... .......... 16% 1.04M 1m42s
  2100K .......... .......... .......... .......... .......... 16% 38.5K 1m45s
  2150K .......... .......... .......... .......... .......... 17%  195K 1m44s
  2200K .......... .......... .......... .......... .......... 17%  111K 1m43s
  2250K .......... .......... .......... .......... .......... 17% 78.6K 1m43s
  2300K .......... .......... .......... .......... .......... 18%  195K 1m42s
  2350K .......... .......... .......... .......... .......... 18% 1.07M 99s
  2400K .......... .......... .......... .......... .......... 19%  811K 97s
  2450K .......... .......... .......... .......... .......... 19%  108K 97s
  2500K .......... .......... .......... .......... .......... 19% 1.14M 95s
  2550K .......... .......... .......... .......... .......... 20%  107K 94s
  2600K .......... .......... .......... .......... .......... 20% 47.1K 96s
  2650K .......... .......... .......... .......... .......... 20% 2.70M 94s
  2700K .......... .......... .......... .......... .......... 21%  108K 93s
  2750K .......... .......... .......... .......... .......... 21%  213K 92s
  2800K .......... .......... .......... .......... .......... 22% 1.13M 90s
  2850K .......... .......... .......... .......... .......... 22%  106K 90s
  2900K .......... .......... .......... .......... .......... 22%  204K 89s
  2950K .......... .......... .......... .......... .......... 23% 33.8K 92s
  3000K .......... .......... .......... .......... .......... 23%  193K 90s
  3050K .......... .......... .......... .......... .......... 24%  107K 90s
  3100K .......... .......... .......... .......... .......... 24% 1.30M 88s
  3150K .......... .......... .......... .......... .......... 24%  113K 88s
  3200K .......... .......... .......... .......... .......... 25%  109K 87s
  3250K .......... .......... .......... .......... .......... 25% 76.6K 87s
  3300K .......... .......... .......... .......... .......... 26%  106K 87s
  3350K .......... .......... .......... .......... .......... 26%  914K 85s
  3400K .......... .......... .......... .......... .......... 26%  845K 84s
  3450K .......... .......... .......... .......... .......... 27% 1.21M 82s
  3500K .......... .......... .......... .......... .......... 27%  198K 82s
  3550K .......... .......... .......... .......... .......... 27%  207K 81s
  3600K .......... .......... .......... .......... .......... 28% 58.3K 81s
  3650K .......... .......... .......... .......... .......... 28%  769K 80s
  3700K .......... .......... .......... .......... .......... 29% 1.22M 78s
  3750K .......... .......... .......... .......... .......... 29% 74.8K 79s
  3800K .......... .......... .......... .......... .......... 29% 1.16M 77s
  3850K .......... .......... .......... .......... .......... 30% 30.1K 80s
  3900K .......... .......... .......... .......... .......... 30% 33.8K 82s
  3950K .......... .......... .......... .......... .......... 31% 58.7K 82s
  4000K .......... .......... .......... .......... .......... 31% 1.41M 81s
  4050K .......... .......... .......... .......... .......... 31% 57.1K 81s
  4100K .......... .......... .......... .......... .......... 32% 1.16M 80s
  4150K .......... .......... .......... .......... .......... 32%  188K 79s
  4200K .......... .......... .......... .......... .......... 32% 47.3K 80s
  4250K .......... .......... .......... .......... .......... 33%  197K 79s
  4300K .......... .......... .......... .......... .......... 33%  184K 78s
  4350K .......... .......... .......... .......... .......... 34% 57.6K 78s
  4400K .......... .......... .......... .......... .......... 34%  185K 77s
  4450K .......... .......... .......... .......... .......... 34%  783K 76s
  4500K .......... .......... .......... .......... .......... 35% 57.1K 77s
  4550K .......... .......... .......... .......... .......... 35%  891K 75s
  4600K .......... .......... .......... .......... .......... 36%  958K 74s
  4650K .......... .......... .......... .......... .......... 36%  203K 73s
  4700K .......... .......... .......... .......... .......... 36% 75.8K 73s
  4750K .......... .......... .......... .......... .......... 37%  837K 72s
  4800K .......... .......... .......... .......... .......... 37%  190K 71s
  4850K .......... .......... .......... .......... .......... 38%  198K 71s
  4900K .......... .......... .......... .......... .......... 38%  110K 70s
  4950K .......... .......... .......... .......... .......... 38% 1012K 69s
  5000K .......... .......... .......... .......... .......... 39%  178K 69s
  5050K .......... .......... .......... .......... .......... 39%  200K 68s
  5100K .......... .......... .......... .......... .......... 39% 1.03M 67s
  5150K .......... .......... .......... .......... .......... 40%  948K 66s
  5200K .......... .......... .......... .......... .......... 40%  113K 65s
  5250K .......... .......... .......... .......... .......... 41%  223K 65s
  5300K .......... .......... .......... .......... .......... 41% 1015K 64s
  5350K .......... .......... .......... .......... .......... 41%  831K 63s
  5400K .......... .......... .......... .......... .......... 42%  195K 62s
  5450K .......... .......... .......... .......... .......... 42% 1.02M 61s
  5500K .......... .......... .......... .......... .......... 43% 75.5K 61s
  5550K .......... .......... .......... .......... .......... 43% 1.29M 60s
  5600K .......... .......... .......... .......... .......... 43% 1.04M 59s
  5650K .......... .......... .......... .......... .......... 44% 76.9K 59s
  5700K .......... .......... .......... .......... .......... 44% 47.0K 60s
  5750K .......... .......... .......... .......... .......... 45%  618K 59s
  5800K .......... .......... .......... .......... .......... 45%  110K 58s
  5850K .......... .......... .......... .......... .......... 45% 1.14M 58s
  5900K .......... .......... .......... .......... .......... 46%  108K 57s
  5950K .......... .......... .......... .......... .......... 46%  206K 57s
  6000K .......... .......... .......... .......... .......... 46%  114K 56s
  6050K .......... .......... .......... .......... .......... 47% 12.1K 60s
  6100K .......... .......... .......... .......... .......... 47% 74.8K 60s
  6150K .......... .......... .......... .......... .......... 48% 1.23M 59s
  6200K .......... .......... .......... .......... .......... 48%  193K 58s
  6250K .......... .......... .......... .......... .......... 48%  111K 58s
  6300K .......... .......... .......... .......... .......... 49% 14.1K 61s
  6350K .......... .......... .......... .......... .......... 49%  870K 60s
  6400K .......... .......... .......... .......... .......... 50%  191K 59s
  6450K .......... .......... .......... .......... .......... 50%  110K 59s
  6500K .......... .......... .......... .......... .......... 50% 59.7K 58s
  6550K .......... .......... .......... .......... .......... 51%  108K 58s
  6600K .......... .......... .......... .......... .......... 51% 77.6K 58s
  6650K .......... .......... .......... .......... .......... 52%  111K 57s
  6700K .......... .......... .......... .......... .......... 52% 1.11M 56s
  6750K .......... .......... .......... .......... .......... 52% 1.27M 56s
  6800K .......... .......... .......... .......... .......... 53%  974K 55s
  6850K .......... .......... .......... .......... .......... 53%  106K 54s
  6900K .......... .......... .......... .......... .......... 53%  112K 54s
  6950K .......... .......... .......... .......... .......... 54% 76.9K 54s
  7000K .......... .......... .......... .......... .......... 54%  194K 53s
  7050K .......... .......... .......... .......... .......... 55%  879K 52s
  7100K .......... .......... .......... .......... .......... 55%  106K 52s
  7150K .......... .......... .......... .......... .......... 55%  206K 51s
  7200K .......... .......... .......... .......... .......... 56%  966K 50s
  7250K .......... .......... .......... .......... .......... 56% 1.13M 50s
  7300K .......... .......... .......... .......... .......... 57%  202K 49s
  7350K .......... .......... .......... .......... .......... 57%  203K 48s
  7400K .......... .......... .......... .......... .......... 57% 1.07M 48s
  7450K .......... .......... .......... .......... .......... 58%  203K 47s
  7500K .......... .......... .......... .......... .......... 58% 75.8K 47s
  7550K .......... .......... .......... .......... .......... 58% 1.07M 46s
  7600K .......... .......... .......... .......... .......... 59% 1.48M 45s
  7650K .......... .......... .......... .......... .......... 59%  114K 45s
  7700K .......... .......... .......... .......... .......... 60% 1.44M 44s
  7750K .......... .......... .......... .......... .......... 60%  901K 44s
  7800K .......... .......... .......... .......... .......... 60%  190K 43s
  7850K .......... .......... .......... .......... .......... 61%  108K 43s
  7900K .......... .......... .......... .......... .......... 61% 58.5K 43s
  7950K .......... .......... .......... .......... .......... 62% 23.8K 43s
  8000K .......... .......... .......... .......... .......... 62% 40.3K 43s
  8050K .......... .......... .......... .......... .......... 62%  234K 43s
  8100K .......... .......... .......... .......... .......... 63% 1.43M 42s
  8150K .......... .......... .......... .......... .......... 63% 1.14M 41s
  8200K .......... .......... .......... .......... .......... 64% 1.11M 41s
  8250K .......... .......... .......... .......... .......... 64%  108K 40s
  8300K .......... .......... .......... .......... .......... 64%  197K 40s
  8350K .......... .......... .......... .......... .......... 65%  111K 39s
  8400K .......... .......... .......... .......... .......... 65% 1.84M 38s
  8450K .......... .......... .......... .......... .......... 65% 1.34M 38s
  8500K .......... .......... .......... .......... .......... 66%  109K 37s
  8550K .......... .......... .......... .......... .......... 66%  672K 37s
  8600K .......... .......... .......... .......... .......... 67% 1.35M 36s
  8650K .......... .......... .......... .......... .......... 67%  107K 36s
  8700K .......... .......... .......... .......... .......... 67% 58.4K 36s
  8750K .......... .......... .......... .......... .......... 68% 1.34M 35s
  8800K .......... .......... .......... .......... .......... 68%  749K 34s
  8850K .......... .......... .......... .......... .......... 69%  202K 34s
  8900K .......... .......... .......... .......... .......... 69%  205K 33s
  8950K .......... .......... .......... .......... .......... 69% 46.4K 33s
  9000K .......... .......... .......... .......... .......... 70%  113K 33s
  9050K .......... .......... .......... .......... .......... 70%  914K 32s
  9100K .......... .......... .......... .......... .......... 71% 76.6K 32s
  9150K .......... .......... .......... .......... .......... 71% 77.7K 32s
  9200K .......... .......... .......... .......... .......... 71% 74.1K 31s
  9250K .......... .......... .......... .......... .......... 72% 59.6K 31s
  9300K .......... .......... .......... .......... .......... 72% 47.8K 31s
  9350K .......... .......... .......... .......... .......... 72% 1.17M 30s
  9400K .......... .......... .......... .......... .......... 73%  199K 30s
  9450K .......... .......... .......... .......... .......... 73%  185K 29s
  9500K .......... .......... .......... .......... .......... 74%  726K 29s
  9550K .......... .......... .......... .......... .......... 74%  194K 28s
  9600K .......... .......... .......... .......... .......... 74%  901K 28s
  9650K .......... .......... .......... .......... .......... 75% 46.4K 27s
  9700K .......... .......... .......... .......... .......... 75%  105K 27s
  9750K .......... .......... .......... .......... .......... 76% 39.3K 27s
  9800K .......... .......... .......... .......... .......... 76% 58.3K 26s
  9850K .......... .......... .......... .......... .......... 76% 1.34M 26s
  9900K .......... .......... .......... .......... .......... 77%  199K 25s
  9950K .......... .......... .......... .......... .......... 77%  200K 25s
 10000K .......... .......... .......... .......... .......... 78%  808K 24s
 10050K .......... .......... .......... .......... .......... 78%  185K 24s
 10100K .......... .......... .......... .......... .......... 78% 76.1K 24s
 10150K .......... .......... .......... .......... .......... 79%  193K 23s
 10200K .......... .......... .......... .......... .......... 79% 75.7K 23s
 10250K .......... .......... .......... .......... .......... 79%  181K 22s
 10300K .......... .......... .......... .......... .......... 80% 76.1K 22s
 10350K .......... .......... .......... .......... .......... 80%  184K 21s
 10400K .......... .......... .......... .......... .......... 81%  166K 21s
 10450K .......... .......... .......... .......... .......... 81% 1.24M 20s
 10500K .......... .......... .......... .......... .......... 81% 58.5K 20s
 10550K .......... .......... .......... .......... .......... 82%  180K 20s
 10600K .......... .......... .......... .......... .......... 82% 75.8K 19s
 10650K .......... .......... .......... .......... .......... 83%  196K 19s
 10700K .......... .......... .......... .......... .......... 83%  112K 18s
 10750K .......... .......... .......... .......... .......... 83%  202K 18s
 10800K .......... .......... .......... .......... .......... 84% 39.6K 18s
 10850K .......... .......... .......... .......... .......... 84% 74.4K 17s
 10900K .......... .......... .......... .......... .......... 84%  188K 17s
 10950K .......... .......... .......... .......... .......... 85%  112K 16s
 11000K .......... .......... .......... .......... .......... 85%  837K 16s
 11050K .......... .......... .......... .......... .......... 86%  201K 15s
 11100K .......... .......... .......... .......... .......... 86%  189K 15s
 11150K .......... .......... .......... .......... .......... 86% 75.5K 15s
 11200K .......... .......... .......... .......... .......... 87%  196K 14s
 11250K .......... .......... .......... .......... .......... 87% 1.08M 14s
 11300K .......... .......... .......... .......... .......... 88% 58.5K 13s
 11350K .......... .......... .......... .......... .......... 88% 74.6K 13s
 11400K .......... .......... .......... .......... .......... 88%  188K 12s
 11450K .......... .......... .......... .......... .......... 89% 77.2K 12s
 11500K .......... .......... .......... .......... .......... 89% 30.3K 12s
 11550K .......... .......... .......... .......... .......... 90%  198K 11s
 11600K .......... .......... .......... .......... .......... 90% 29.9K 11s
 11650K .......... .......... .......... .......... .......... 90% 74.4K 10s
 11700K .......... .......... .......... .......... .......... 91% 1.15M 10s
 11750K .......... .......... .......... .......... .......... 91% 1.08M 10s
 11800K .......... .......... .......... .......... .......... 91% 1.47M 9s
 11850K .......... .......... .......... .......... .......... 92% 1.30M 9s
 11900K .......... .......... .......... .......... .......... 92%  111K 8s
 11950K .......... .......... .......... .......... .......... 93% 57.8K 8s
 12000K .......... .......... .......... .......... .......... 93%  208K 7s
 12050K .......... .......... .......... .......... .......... 93% 74.3K 7s
 12100K .......... .......... .......... .......... .......... 94% 1.28M 6s
 12150K .......... .......... .......... .......... .......... 94% 1.00M 6s
 12200K .......... .......... .......... .......... .......... 95% 75.4K 6s
 12250K .......... .......... .......... .......... .......... 95%  202K 5s
 12300K .......... .......... .......... .......... .......... 95% 1.00M 5s
 12350K .......... .......... .......... .......... .......... 96%  107K 4s
 12400K .......... .......... .......... .......... .......... 96% 1.43M 4s
 12450K .......... .......... .......... .......... .......... 97%  803K 3s
 12500K .......... .......... .......... .......... .......... 97% 46.7K 3s
 12550K .......... .......... .......... .......... .......... 97% 1.24M 2s
 12600K .......... .......... .......... .......... .......... 98%  116K 2s
 12650K .......... .......... .......... .......... .......... 98% 1.38M 2s
 12700K .......... .......... .......... .......... .......... 98%  106K 1s
 12750K .......... .......... .......... .......... .......... 99% 1000K 1s
 12800K .......... .......... .......... .......... .......... 99% 75.4K 0s
 12850K .......... .......... .......... ....                 100%  138K=1m51s

2016-05-25 03:47:41 (117 KB/s) - ‘index.html.19’ saved [13193358/13193358]

