--2016-05-25 03:53:13--  http://10.30.50.93:8000/
Connecting to 10.30.50.93:8000... connected.
HTTP request sent, awaiting response... 200 OK
Length: 13193358 (13M) [text/html]
Saving to: ‘index.html.12’

     0K .......... .......... .......... .......... ..........  0%  219K 59s
    50K .......... .......... .......... .......... ..........  0% 1.11M 35s
   100K .......... .......... .......... .......... ..........  1%  982K 27s
   150K .......... .......... .......... .......... ..........  1% 1.40M 23s
   200K .......... .......... .......... .......... ..........  1%  114K 40s
   250K .......... .......... .......... .......... ..........  2%  205K 44s
   300K .......... .......... .......... .......... ..........  2% 1.38M 39s
   350K .......... .......... .......... .......... ..........  3% 29.8K 86s
   400K .......... .......... .......... .......... ..........  3% 1.20M 77s
   450K .......... .......... .......... .......... ..........  3%  217K 75s
   500K .......... .......... .......... .......... ..........  4% 1.05M 69s
   550K .......... .......... .......... .......... ..........  4% 1.29M 64s
   600K .......... .......... .......... .......... ..........  5% 1.20M 59s
   650K .......... .......... .......... .......... ..........  5% 1.13M 56s
   700K .......... .......... .......... .......... ..........  5% 1.48M 52s
   750K .......... .......... .......... .......... ..........  6% 1.06M 49s
   800K .......... .......... .......... .......... ..........  6% 1.03M 47s
   850K .......... .......... .......... .......... ..........  6% 1.30M 45s
   900K .......... .......... .......... .......... ..........  7% 2.42M 42s
   950K .......... .......... .......... .......... ..........  7% 2.33M 40s
  1000K .......... .......... .......... .......... ..........  8% 1.52M 39s
  1050K .......... .......... .......... .......... ..........  8%  202K 39s
  1100K .......... .......... .......... .......... ..........  8% 1.23M 38s
  1150K .......... .......... .......... .......... ..........  9%  195K 39s
  1200K .......... .......... .......... .......... ..........  9%  201K 39s
  1250K .......... .......... .......... .......... .......... 10%  937K 38s
  1300K .......... .......... .......... .......... .......... 10% 1.10M 37s
  1350K .......... .......... .......... .......... .......... 10% 1.09M 36s
  1400K .......... .......... .......... .......... .......... 11% 1.40M 35s
  1450K .......... .......... .......... .......... .......... 11% 1.09M 34s
  1500K .......... .......... .......... .......... .......... 12%  974K 33s
  1550K .......... .......... .......... .......... .......... 12%  108K 35s
  1600K .......... .......... .......... .......... .......... 12% 1.26M 34s
  1650K .......... .......... .......... .......... .......... 13% 1.40M 33s
  1700K .......... .......... .......... .......... .......... 13% 1.20M 32s
  1750K .......... .......... .......... .......... .......... 13%  205K 33s
  1800K .......... .......... .......... .......... .......... 14% 1.32M 32s
  1850K .......... .......... .......... .......... .......... 14% 1.16M 31s
  1900K .......... .......... .......... .......... .......... 15% 1.27M 30s
  1950K .......... .......... .......... .......... .......... 15% 1.14M 30s
  2000K .......... .......... .......... .......... .......... 15%  202K 30s
  2050K .......... .......... .......... .......... .......... 16%  207K 31s
  2100K .......... .......... .......... .......... .......... 16% 1.04M 30s
  2150K .......... .......... .......... .......... .......... 17%  210K 30s
  2200K .......... .......... .......... .......... .......... 17% 75.7K 33s
  2250K .......... .......... .......... .......... .......... 17%  199K 33s
  2300K .......... .......... .......... .......... .......... 18% 1.25M 32s
  2350K .......... .......... .......... .......... .......... 18% 1.17M 32s
  2400K .......... .......... .......... .......... .......... 19%  822K 31s
  2450K .......... .......... .......... .......... .......... 19%  206K 31s
  2500K .......... .......... .......... .......... .......... 19%  109K 32s
  2550K .......... .......... .......... .......... .......... 20% 74.4K 34s
  2600K .......... .......... .......... .......... .......... 20% 1.00M 34s
  2650K .......... .......... .......... .......... .......... 20% 1.20M 33s
  2700K .......... .......... .......... .......... .......... 21% 1.12M 32s
  2750K .......... .......... .......... .......... .......... 21%  868K 32s
  2800K .......... .......... .......... .......... .......... 22% 1.12M 31s
  2850K .......... .......... .......... .......... .......... 22%  204K 32s
  2900K .......... .......... .......... .......... .......... 22% 1.61M 31s
  2950K .......... .......... .......... .......... .......... 23% 1.39M 30s
  3000K .......... .......... .......... .......... .......... 23% 1.22M 30s
  3050K .......... .......... .......... .......... .......... 24% 1.27M 29s
  3100K .......... .......... .......... .......... .......... 24% 1.39M 29s
  3150K .......... .......... .......... .......... .......... 24% 59.2K 31s
  3200K .......... .......... .......... .......... .......... 25%  220K 31s
  3250K .......... .......... .......... .......... .......... 25% 1.56M 30s
  3300K .......... .......... .......... .......... .......... 26% 1.51M 30s
  3350K .......... .......... .......... .......... .......... 26%  194K 30s
  3400K .......... .......... .......... .......... .......... 26% 1.32M 29s
  3450K .......... .......... .......... .......... .......... 27%  199K 30s
  3500K .......... .......... .......... .......... .......... 27%  208K 30s
  3550K .......... .......... .......... .......... .......... 27% 1.19M 29s
  3600K .......... .......... .......... .......... .......... 28% 1.26M 29s
  3650K .......... .......... .......... .......... .......... 28% 1.08M 28s
  3700K .......... .......... .......... .......... .......... 29% 1.18M 28s
  3750K .......... .......... .......... .......... .......... 29% 74.8K 29s
  3800K .......... .......... .......... .......... .......... 29%  520K 29s
  3850K .......... .......... .......... .......... .......... 30% 1.17M 28s
  3900K .......... .......... .......... .......... .......... 30% 1.29M 28s
  3950K .......... .......... .......... .......... .......... 31%  994K 27s
  4000K .......... .......... .......... .......... .......... 31% 1.11M 27s
  4050K .......... .......... .......... .......... .......... 31%  923K 27s
  4100K .......... .......... .......... .......... .......... 32%  996K 26s
  4150K .......... .......... .......... .......... .......... 32% 1.00M 26s
  4200K .......... .......... .......... .......... .......... 32% 1.21M 26s
  4250K .......... .......... .......... .......... .......... 33% 1.37M 25s
  4300K .......... .......... .......... .......... .......... 33% 1.26M 25s
  4350K .......... .......... .......... .......... .......... 34% 1.38M 24s
  4400K .......... .......... .......... .......... .......... 34%  987K 24s
  4450K .......... .......... .......... .......... .......... 34% 1.20M 24s
  4500K .......... .......... .......... .......... .......... 35% 1024K 23s
  4550K .......... .......... .......... .......... .......... 35% 1.18M 23s
  4600K .......... .......... .......... .......... .......... 36%  194K 23s
  4650K .......... .......... .......... .......... .......... 36%  205K 23s
  4700K .......... .......... .......... .......... .......... 36%  205K 23s
  4750K .......... .......... .......... .......... .......... 37% 1.30M 23s
  4800K .......... .......... .......... .......... .......... 37%  107K 23s
  4850K .......... .......... .......... .......... .......... 38% 1.57M 23s
  4900K .......... .......... .......... .......... .......... 38% 1.32M 23s
  4950K .......... .......... .......... .......... .......... 38% 1.01M 22s
  5000K .......... .......... .......... .......... .......... 39%  958K 22s
  5050K .......... .......... .......... .......... .......... 39%  215K 22s
  5100K .......... .......... .......... .......... .......... 39%  206K 22s
  5150K .......... .......... .......... .......... .......... 40% 1.08M 22s
  5200K .......... .......... .......... .......... .......... 40% 1.07M 22s
  5250K .......... .......... .......... .......... .......... 41% 1.28M 21s
  5300K .......... .......... .......... .......... .......... 41% 1.08M 21s
  5350K .......... .......... .......... .......... .......... 41%  200K 21s
  5400K .......... .......... .......... .......... .......... 42%  966K 21s
  5450K .......... .......... .......... .......... .......... 42%  211K 21s
  5500K .......... .......... .......... .......... .......... 43% 1.17M 20s
  5550K .......... .......... .......... .......... .......... 43% 1.11M 20s
  5600K .......... .......... .......... .......... .......... 43% 1.29M 20s
  5650K .......... .......... .......... .......... .......... 44% 76.2K 20s
  5700K .......... .......... .......... .......... .......... 44% 1016K 20s
  5750K .......... .......... .......... .......... .......... 45% 1.54M 20s
  5800K .......... .......... .......... .......... .......... 45% 1.06M 20s
  5850K .......... .......... .......... .......... .......... 45% 1.20M 19s
  5900K .......... .......... .......... .......... .......... 46% 1.39M 19s
  5950K .......... .......... .......... .......... .......... 46% 1.42M 19s
  6000K .......... .......... .......... .......... .......... 46% 78.4K 19s
  6050K .......... .......... .......... .......... .......... 47% 2.51M 19s
  6100K .......... .......... .......... .......... .......... 47% 1.27M 19s
  6150K .......... .......... .......... .......... .......... 48% 1.12M 19s
  6200K .......... .......... .......... .......... .......... 48% 1.19M 18s
  6250K .......... .......... .......... .......... .......... 48%  882K 18s
  6300K .......... .......... .......... .......... .......... 49% 1.44M 18s
  6350K .......... .......... .......... .......... .......... 49%  991K 18s
  6400K .......... .......... .......... .......... .......... 50% 1.22M 17s
  6450K .......... .......... .......... .......... .......... 50%  111K 18s
  6500K .......... .......... .......... .......... .......... 50%  211K 18s
  6550K .......... .......... .......... .......... .......... 51%  207K 17s
  6600K .......... .......... .......... .......... .......... 51% 1.34M 17s
  6650K .......... .......... .......... .......... .......... 52% 1.40M 17s
  6700K .......... .......... .......... .......... .......... 52% 1.14M 17s
  6750K .......... .......... .......... .......... .......... 52% 1.35M 17s
  6800K .......... .......... .......... .......... .......... 53% 75.7K 17s
  6850K .......... .......... .......... .......... .......... 53% 1.37M 17s
  6900K .......... .......... .......... .......... .......... 53% 1.29M 16s
  6950K .......... .......... .......... .......... .......... 54%  200K 16s
  7000K .......... .......... .......... .......... .......... 54%  208K 16s
  7050K .......... .......... .......... .......... .......... 55% 1.04M 16s
  7100K .......... .......... .......... .......... .......... 55% 1.79M 16s
  7150K .......... .......... .......... .......... .......... 55% 1.66M 16s
  7200K .......... .......... .......... .......... .......... 56% 1.39M 15s
  7250K .......... .......... .......... .......... .......... 56% 1.42M 15s
  7300K .......... .......... .......... .......... .......... 57% 2.19M 15s
  7350K .......... .......... .......... .......... .......... 57% 1.81M 15s
  7400K .......... .......... .......... .......... .......... 57% 1.24M 15s
  7450K .......... .......... .......... .......... .......... 58%  111K 15s
  7500K .......... .......... .......... .......... .......... 58%  977K 14s
  7550K .......... .......... .......... .......... .......... 58% 1.10M 14s
  7600K .......... .......... .......... .......... .......... 59%  991K 14s
  7650K .......... .......... .......... .......... .......... 59% 1.21M 14s
  7700K .......... .......... .......... .......... .......... 60% 1.14M 14s
  7750K .......... .......... .......... .......... .......... 60% 1.28M 14s
  7800K .......... .......... .......... .......... .......... 60% 1.33M 13s
  7850K .......... .......... .......... .......... .......... 61%  198K 13s
  7900K .......... .......... .......... .......... .......... 61% 1.20M 13s
  7950K .......... .......... .......... .......... .......... 62% 1.05M 13s
  8000K .......... .......... .......... .......... .......... 62% 1.39M 13s
  8050K .......... .......... .......... .......... .......... 62% 1.02M 13s
  8100K .......... .......... .......... .......... .......... 63% 1.01M 12s
  8150K .......... .......... .......... .......... .......... 63%  197K 12s
  8200K .......... .......... .......... .......... .......... 64%  202K 12s
  8250K .......... .......... .......... .......... .......... 64%  204K 12s
  8300K .......... .......... .......... .......... .......... 64% 1.17M 12s
  8350K .......... .......... .......... .......... .......... 65% 1.56M 12s
  8400K .......... .......... .......... .......... .......... 65% 1.42M 12s
  8450K .......... .......... .......... .......... .......... 65%  202K 12s
  8500K .......... .......... .......... .......... .......... 66% 1.29M 11s
  8550K .......... .......... .......... .......... .......... 66% 1.56M 11s
  8600K .......... .......... .......... .......... .......... 67% 1.32M 11s
  8650K .......... .......... .......... .......... .......... 67%  209K 11s
  8700K .......... .......... .......... .......... .......... 67% 1.67M 11s
  8750K .......... .......... .......... .......... .......... 68% 1.55M 11s
  8800K .......... .......... .......... .......... .......... 68%  213K 10s
  8850K .......... .......... .......... .......... .......... 69% 1.15M 10s
  8900K .......... .......... .......... .......... .......... 69% 1.07M 10s
  8950K .......... .......... .......... .......... .......... 69% 1.03M 10s
  9000K .......... .......... .......... .......... .......... 70% 1.24M 10s
  9050K .......... .......... .......... .......... .......... 70% 1.04M 10s
  9100K .......... .......... .......... .......... .......... 71% 78.2K 10s
  9150K .......... .......... .......... .......... .......... 71% 1.66M 10s
  9200K .......... .......... .......... .......... .......... 71% 1.27M 9s
  9250K .......... .......... .......... .......... .......... 72%  114K 9s
  9300K .......... .......... .......... .......... .......... 72% 1.30M 9s
  9350K .......... .......... .......... .......... .......... 72% 1.65M 9s
  9400K .......... .......... .......... .......... .......... 73% 1.83M 9s
  9450K .......... .......... .......... .......... .......... 73% 1.13M 9s
  9500K .......... .......... .......... .......... .......... 74%  204K 9s
  9550K .......... .......... .......... .......... .......... 74% 1.20M 8s
  9600K .......... .......... .......... .......... .......... 74%  195K 8s
  9650K .......... .......... .......... .......... .......... 75%  207K 8s
  9700K .......... .......... .......... .......... .......... 75%  994K 8s
  9750K .......... .......... .......... .......... .......... 76% 1.34M 8s
  9800K .......... .......... .......... .......... .......... 76% 1.28M 8s
  9850K .......... .......... .......... .......... .......... 76%  861K 8s
  9900K .......... .......... .......... .......... .......... 77% 29.9K 8s
  9950K .......... .......... .......... .......... .......... 77% 1.48M 8s
 10000K .......... .......... .......... .......... .......... 78% 1.17M 8s
 10050K .......... .......... .......... .......... .......... 78% 1.33M 8s
 10100K .......... .......... .......... .......... .......... 78% 74.1K 8s
 10150K .......... .......... .......... .......... .......... 79% 1.06M 7s
 10200K .......... .......... .......... .......... .......... 79%  197K 7s
 10250K .......... .......... .......... .......... .......... 79%  627K 7s
 10300K .......... .......... .......... .......... .......... 80%  901K 7s
 10350K .......... .......... .......... .......... .......... 80%  197K 7s
 10400K .......... .......... .......... .......... .......... 81%  963K 7s
 10450K .......... .......... .......... .......... .......... 81% 1.05M 7s
 10500K .......... .......... .......... .......... .......... 81% 1002K 6s
 10550K .......... .......... .......... .......... .......... 82% 1.01M 6s
 10600K .......... .......... .......... .......... .......... 82%  208K 6s
 10650K .......... .......... .......... .......... .......... 83% 1.63M 6s
 10700K .......... .......... .......... .......... .......... 83% 1.22M 6s
 10750K .......... .......... .......... .......... .......... 83% 1.29M 6s
 10800K .......... .......... .......... .......... .......... 84% 1.18M 5s
 10850K .......... .......... .......... .......... .......... 84% 2.02M 5s
 10900K .......... .......... .......... .......... .......... 84% 1.47M 5s
 10950K .......... .......... .......... .......... .......... 85% 1.19M 5s
 11000K .......... .......... .......... .......... .......... 85%  113K 5s
 11050K .......... .......... .......... .......... .......... 86% 1.63M 5s
 11100K .......... .......... .......... .......... .......... 86%  208K 5s
 11150K .......... .......... .......... .......... .......... 86% 1.45M 5s
 11200K .......... .......... .......... .......... .......... 87% 1.45M 4s
 11250K .......... .......... .......... .......... .......... 87%  109K 4s
 11300K .......... .......... .......... .......... .......... 88% 1.07M 4s
 11350K .......... .......... .......... .......... .......... 88% 1.04M 4s
 11400K .......... .......... .......... .......... .......... 88% 1.10M 4s
 11450K .......... .......... .......... .......... .......... 89%  119K 4s
 11500K .......... .......... .......... .......... .......... 89% 1.70M 4s
 11550K .......... .......... .......... .......... .......... 90% 1.20M 3s
 11600K .......... .......... .......... .......... .......... 90% 1.30M 3s
 11650K .......... .......... .......... .......... .......... 90% 1.22M 3s
 11700K .......... .......... .......... .......... .......... 91% 1.56M 3s
 11750K .......... .......... .......... .......... .......... 91% 1.93M 3s
 11800K .......... .......... .......... .......... .......... 91% 1.70M 3s
 11850K .......... .......... .......... .......... .......... 92% 1.50M 3s
 11900K .......... .......... .......... .......... .......... 92%  203K 2s
 11950K .......... .......... .......... .......... .......... 93% 1.36M 2s
 12000K .......... .......... .......... .......... .......... 93% 77.6K 2s
 12050K .......... .......... .......... .......... .......... 93%  206K 2s
 12100K .......... .......... .......... .......... .......... 94% 1.66M 2s
 12150K .......... .......... .......... .......... .......... 94% 1023K 2s
 12200K .......... .......... .......... .......... .......... 95%  191K 2s
 12250K .......... .......... .......... .......... .......... 95% 1.35M 2s
 12300K .......... .......... .......... .......... .......... 95% 1.15M 1s
 12350K .......... .......... .......... .......... .......... 96% 1.16M 1s
 12400K .......... .......... .......... .......... .......... 96% 1.45M 1s
 12450K .......... .......... .......... .......... .......... 97% 1.94M 1s
 12500K .......... .......... .......... .......... .......... 97% 1.35M 1s
 12550K .......... .......... .......... .......... .......... 97% 1.45M 1s
 12600K .......... .......... .......... .......... .......... 98%  204K 1s
 12650K .......... .......... .......... .......... .......... 98%  977K 0s
 12700K .......... .......... .......... .......... .......... 98% 1.05M 0s
 12750K .......... .......... .......... .......... .......... 99% 1.01M 0s
 12800K .......... .......... .......... .......... .......... 99%  896K 0s
 12850K .......... .......... .......... ....                 100% 1.02M=34s

2016-05-25 03:53:46 (384 KB/s) - ‘index.html.12’ saved [13193358/13193358]

