--2016-05-25 03:52:43--  http://10.30.50.93:8000/
Connecting to 10.30.50.93:8000... connected.
HTTP request sent, awaiting response... 200 OK
Length: 13193358 (13M) [text/html]
Saving to: ‘index.html.11’

     0K .......... .......... .......... .......... ..........  0%  207K 62s
    50K .......... .......... .......... .......... ..........  0% 1.34M 36s
   100K .......... .......... .......... .......... ..........  1%  208K 44s
   150K .......... .......... .......... .......... ..........  1% 1.42M 35s
   200K .......... .......... .......... .......... ..........  1% 1.31M 30s
   250K .......... .......... .......... .......... ..........  2% 1.79M 26s
   300K .......... .......... .......... .......... ..........  2% 1.12M 24s
   350K .......... .......... .......... .......... ..........  3%  206K 28s
   400K .......... .......... .......... .......... ..........  3%  855K 27s
   450K .......... .......... .......... .......... ..........  3% 1.01M 25s
   500K .......... .......... .......... .......... ..........  4% 1000K 24s
   550K .......... .......... .......... .......... ..........  4% 1.75M 22s
   600K .......... .......... .......... .......... ..........  5% 1.38M 21s
   650K .......... .......... .......... .......... ..........  5% 1.27M 20s
   700K .......... .......... .......... .......... ..........  5% 1.46M 19s
   750K .......... .......... .......... .......... ..........  6%  205K 22s
   800K .......... .......... .......... .......... ..........  6% 1.27M 21s
   850K .......... .......... .......... .......... ..........  6% 1.19M 20s
   900K .......... .......... .......... .......... ..........  7%  205K 22s
   950K .......... .......... .......... .......... ..........  7% 1.22M 21s
  1000K .......... .......... .......... .......... ..........  8% 1.32M 21s
  1050K .......... .......... .......... .......... ..........  8% 1.54M 20s
  1100K .......... .......... .......... .......... ..........  8% 2.40M 19s
  1150K .......... .......... .......... .......... ..........  9% 1.29M 19s
  1200K .......... .......... .......... .......... ..........  9% 1.57M 18s
  1250K .......... .......... .......... .......... .......... 10%  988K 18s
  1300K .......... .......... .......... .......... .......... 10%  204K 19s
  1350K .......... .......... .......... .......... .......... 10% 1.17M 19s
  1400K .......... .......... .......... .......... .......... 11% 1.27M 18s
  1450K .......... .......... .......... .......... .......... 11% 1.75M 18s
  1500K .......... .......... .......... .......... .......... 12%  204K 19s
  1550K .......... .......... .......... .......... .......... 12% 1.30M 19s
  1600K .......... .......... .......... .......... .......... 12% 2.10M 18s
  1650K .......... .......... .......... .......... .......... 13% 1.10M 18s
  1700K .......... .......... .......... .......... .......... 13% 1.42M 17s
  1750K .......... .......... .......... .......... .......... 13% 1.21M 17s
  1800K .......... .......... .......... .......... .......... 14% 1.60M 17s
  1850K .......... .......... .......... .......... .......... 14% 76.3K 20s
  1900K .......... .......... .......... .......... .......... 15% 1.10M 20s
  1950K .......... .......... .......... .......... .......... 15%  847K 19s
  2000K .......... .......... .......... .......... .......... 15% 76.2K 22s
  2050K .......... .......... .......... .......... .......... 16% 1.16M 22s
  2100K .......... .......... .......... .......... .......... 16%  211K 23s
  2150K .......... .......... .......... .......... .......... 17% 1010K 22s
  2200K .......... .......... .......... .......... .......... 17% 1.15M 22s
  2250K .......... .......... .......... .......... .......... 17% 1009K 21s
  2300K .......... .......... .......... .......... .......... 18% 1.31M 21s
  2350K .......... .......... .......... .......... .......... 18% 1.03M 21s
  2400K .......... .......... .......... .......... .......... 19%  205K 21s
  2450K .......... .......... .......... .......... .......... 19% 1.21M 21s
  2500K .......... .......... .......... .......... .......... 19% 1.24M 21s
  2550K .......... .......... .......... .......... .......... 20% 1.63M 20s
  2600K .......... .......... .......... .......... .......... 20% 1.96M 20s
  2650K .......... .......... .......... .......... .......... 20% 2.58M 19s
  2700K .......... .......... .......... .......... .......... 21% 2.16M 19s
  2750K .......... .......... .......... .......... .......... 21%  218K 19s
  2800K .......... .......... .......... .......... .......... 22%  207K 20s
  2850K .......... .......... .......... .......... .......... 22%  117K 21s
  2900K .......... .......... .......... .......... .......... 22% 1.31M 21s
  2950K .......... .......... .......... .......... .......... 23% 1.10M 20s
  3000K .......... .......... .......... .......... .......... 23% 1.21M 20s
  3050K .......... .......... .......... .......... .......... 24%  979K 20s
  3100K .......... .......... .......... .......... .......... 24% 1.23M 19s
  3150K .......... .......... .......... .......... .......... 24%  202K 20s
  3200K .......... .......... .......... .......... .......... 25%  196K 20s
  3250K .......... .......... .......... .......... .......... 25%  112K 21s
  3300K .......... .......... .......... .......... .......... 26%  110K 22s
  3350K .......... .......... .......... .......... .......... 26% 1.34M 22s
  3400K .......... .......... .......... .......... .......... 26% 1.31M 21s
  3450K .......... .......... .......... .......... .......... 27%  831K 21s
  3500K .......... .......... .......... .......... .......... 27% 1.24M 21s
  3550K .......... .......... .......... .......... .......... 27% 1.01M 20s
  3600K .......... .......... .......... .......... .......... 28% 1.29M 20s
  3650K .......... .......... .......... .......... .......... 28% 1.25M 20s
  3700K .......... .......... .......... .......... .......... 29% 1.10M 20s
  3750K .......... .......... .......... .......... .......... 29%  115K 20s
  3800K .......... .......... .......... .......... .......... 29% 1.80M 20s
  3850K .......... .......... .......... .......... .......... 30%  194K 20s
  3900K .......... .......... .......... .......... .......... 30% 1.23M 20s
  3950K .......... .......... .......... .......... .......... 31%  959K 20s
  4000K .......... .......... .......... .......... .......... 31% 1.93M 19s
  4050K .......... .......... .......... .......... .......... 31% 1.92M 19s
  4100K .......... .......... .......... .......... .......... 32% 1.29M 19s
  4150K .......... .......... .......... .......... .......... 32%  203K 19s
  4200K .......... .......... .......... .......... .......... 32% 76.9K 20s
  4250K .......... .......... .......... .......... .......... 33% 1.49M 20s
  4300K .......... .......... .......... .......... .......... 33%  210K 20s
  4350K .......... .......... .......... .......... .......... 34% 1.44M 20s
  4400K .......... .......... .......... .......... .......... 34%  198K 20s
  4450K .......... .......... .......... .......... .......... 34% 1.09M 19s
  4500K .......... .......... .......... .......... .......... 35% 1.20M 19s
  4550K .......... .......... .......... .......... .......... 35% 1.24M 19s
  4600K .......... .......... .......... .......... .......... 36%  972K 19s
  4650K .......... .......... .......... .......... .......... 36%  205K 19s
  4700K .......... .......... .......... .......... .......... 36% 1.67M 19s
  4750K .......... .......... .......... .......... .......... 37% 1.47M 18s
  4800K .......... .......... .......... .......... .......... 37% 1.57M 18s
  4850K .......... .......... .......... .......... .......... 38% 1.14M 18s
  4900K .......... .......... .......... .......... .......... 38% 1.39M 18s
  4950K .......... .......... .......... .......... .......... 38%  196K 18s
  5000K .......... .......... .......... .......... .......... 39% 1.62M 17s
  5050K .......... .......... .......... .......... .......... 39% 1.42M 17s
  5100K .......... .......... .......... .......... .......... 39% 1.01M 17s
  5150K .......... .......... .......... .......... .......... 40%  950K 17s
  5200K .......... .......... .......... .......... .......... 40% 1.19M 17s
  5250K .......... .......... .......... .......... .......... 41% 78.2K 17s
  5300K .......... .......... .......... .......... .......... 41% 2.78M 17s
  5350K .......... .......... .......... .......... .......... 41% 1.13M 17s
  5400K .......... .......... .......... .......... .......... 42% 1.02M 17s
  5450K .......... .......... .......... .......... .......... 42% 1.34M 16s
  5500K .......... .......... .......... .......... .......... 43% 1.03M 16s
  5550K .......... .......... .......... .......... .......... 43% 1.06M 16s
  5600K .......... .......... .......... .......... .......... 43%  188K 16s
  5650K .......... .......... .......... .......... .......... 44% 1.08M 16s
  5700K .......... .......... .......... .......... .......... 44% 1.28M 16s
  5750K .......... .......... .......... .......... .......... 45% 1.55M 15s
  5800K .......... .......... .......... .......... .......... 45% 48.2K 17s
  5850K .......... .......... .......... .......... .......... 45% 1.28M 16s
  5900K .......... .......... .......... .......... .......... 46% 1.34M 16s
  5950K .......... .......... .......... .......... .......... 46%  210K 16s
  6000K .......... .......... .......... .......... .......... 46% 2.04M 16s
  6050K .......... .......... .......... .......... .......... 47% 1.43M 16s
  6100K .......... .......... .......... .......... .......... 47%  110K 16s
  6150K .......... .......... .......... .......... .......... 48%  218K 16s
  6200K .......... .......... .......... .......... .......... 48% 1.43M 16s
  6250K .......... .......... .......... .......... .......... 48% 1.24M 16s
  6300K .......... .......... .......... .......... .......... 49% 1.51M 15s
  6350K .......... .......... .......... .......... .......... 49% 1.19M 15s
  6400K .......... .......... .......... .......... .......... 50% 1.27M 15s
  6450K .......... .......... .......... .......... .......... 50% 2.21M 15s
  6500K .......... .......... .......... .......... .......... 50% 2.48M 15s
  6550K .......... .......... .......... .......... .......... 51% 2.52M 14s
  6600K .......... .......... .......... .......... .......... 51% 2.17M 14s
  6650K .......... .......... .......... .......... .......... 52% 2.43M 14s
  6700K .......... .......... .......... .......... .......... 52% 2.11M 14s
  6750K .......... .......... .......... .......... .......... 52% 2.59M 14s
  6800K .......... .......... .......... .......... .......... 53% 1.88M 13s
  6850K .......... .......... .......... .......... .......... 53% 1007K 13s
  6900K .......... .......... .......... .......... .......... 53% 1.32M 13s
  6950K .......... .......... .......... .......... .......... 54% 1.00M 13s
  7000K .......... .......... .......... .......... .......... 54% 1.47M 13s
  7050K .......... .......... .......... .......... .......... 55% 1.60M 12s
  7100K .......... .......... .......... .......... .......... 55% 1.65M 12s
  7150K .......... .......... .......... .......... .......... 55%  187K 12s
  7200K .......... .......... .......... .......... .......... 56% 1.25M 12s
  7250K .......... .......... .......... .......... .......... 56% 1.18M 12s
  7300K .......... .......... .......... .......... .......... 57% 1.06M 12s
  7350K .......... .......... .......... .......... .......... 57% 1.17M 12s
  7400K .......... .......... .......... .......... .......... 57% 1.06M 12s
  7450K .......... .......... .......... .......... .......... 58% 1.06M 11s
  7500K .......... .......... .......... .......... .......... 58% 1.15M 11s
  7550K .......... .......... .......... .......... .......... 58%  915K 11s
  7600K .......... .......... .......... .......... .......... 59% 1.01M 11s
  7650K .......... .......... .......... .......... .......... 59%  928K 11s
  7700K .......... .......... .......... .......... .......... 60%  204K 11s
  7750K .......... .......... .......... .......... .......... 60% 1.62M 11s
  7800K .......... .......... .......... .......... .......... 60% 1003K 11s
  7850K .......... .......... .......... .......... .......... 61% 1.42M 10s
  7900K .......... .......... .......... .......... .......... 61% 1.30M 10s
  7950K .......... .......... .......... .......... .......... 62% 1.92M 10s
  8000K .......... .......... .......... .......... .......... 62% 1.87M 10s
  8050K .......... .......... .......... .......... .......... 62% 1.44M 10s
  8100K .......... .......... .......... .......... .......... 63% 1.15M 10s
  8150K .......... .......... .......... .......... .......... 63% 1.16M 10s
  8200K .......... .......... .......... .......... .......... 64% 1.04M 9s
  8250K .......... .......... .......... .......... .......... 64%  111K 9s
  8300K .......... .......... .......... .......... .......... 64% 1.48M 9s
  8350K .......... .......... .......... .......... .......... 65% 1.31M 9s
  8400K .......... .......... .......... .......... .......... 65%  960K 9s
  8450K .......... .......... .......... .......... .......... 65% 1.19M 9s
  8500K .......... .......... .......... .......... .......... 66% 1.02M 9s
  8550K .......... .......... .......... .......... .......... 66% 1.32M 9s
  8600K .......... .......... .......... .......... .......... 67%  200K 9s
  8650K .......... .......... .......... .......... .......... 67%  113K 9s
  8700K .......... .......... .......... .......... .......... 67%  988K 9s
  8750K .......... .......... .......... .......... .......... 68%  114K 9s
  8800K .......... .......... .......... .......... .......... 68% 2.16M 8s
  8850K .......... .......... .......... .......... .......... 69%  788K 8s
  8900K .......... .......... .......... .......... .......... 69% 79.5K 8s
  8950K .......... .......... .......... .......... .......... 69% 1.41M 8s
  9000K .......... .......... .......... .......... .......... 70%  113K 8s
  9050K .......... .......... .......... .......... .......... 70% 1011K 8s
  9100K .......... .......... .......... .......... .......... 71% 1.28M 8s
  9150K .......... .......... .......... .......... .......... 71%  960K 8s
  9200K .......... .......... .......... .......... .......... 71% 1005K 8s
  9250K .......... .......... .......... .......... .......... 72%  114K 8s
  9300K .......... .......... .......... .......... .......... 72% 1.35M 8s
  9350K .......... .......... .......... .......... .......... 72% 1.86M 8s
  9400K .......... .......... .......... .......... .......... 73% 1.98M 7s
  9450K .......... .......... .......... .......... .......... 73% 2.16M 7s
  9500K .......... .......... .......... .......... .......... 74% 1.39M 7s
  9550K .......... .......... .......... .......... .......... 74%  990K 7s
  9600K .......... .......... .......... .......... .......... 74%  118K 7s
  9650K .......... .......... .......... .......... .......... 75%  681K 7s
  9700K .......... .......... .......... .......... .......... 75% 2.08M 7s
  9750K .......... .......... .......... .......... .......... 76% 1.94M 7s
  9800K .......... .......... .......... .......... .......... 76% 1.75M 7s
  9850K .......... .......... .......... .......... .......... 76% 1.48M 6s
  9900K .......... .......... .......... .......... .......... 77% 1.23M 6s
  9950K .......... .......... .......... .......... .......... 77%  113K 6s
 10000K .......... .......... .......... .......... .......... 78%  209K 6s
 10050K .......... .......... .......... .......... .......... 78%  110K 6s
 10100K .......... .......... .......... .......... .......... 78% 1.42M 6s
 10150K .......... .......... .......... .......... .......... 79% 1.37M 6s
 10200K .......... .......... .......... .......... .......... 79% 1.52M 6s
 10250K .......... .......... .......... .......... .......... 79% 1.44M 6s
 10300K .......... .......... .......... .......... .......... 80% 1.75M 6s
 10350K .......... .......... .......... .......... .......... 80% 1.93M 5s
 10400K .......... .......... .......... .......... .......... 81% 1.17M 5s
 10450K .......... .......... .......... .......... .......... 81% 1.21M 5s
 10500K .......... .......... .......... .......... .......... 81% 1.06M 5s
 10550K .......... .......... .......... .......... .......... 82% 76.7K 5s
 10600K .......... .......... .......... .......... .......... 82% 1.30M 5s
 10650K .......... .......... .......... .......... .......... 83% 1.47M 5s
 10700K .......... .......... .......... .......... .......... 83% 1.57M 5s
 10750K .......... .......... .......... .......... .......... 83% 1.52M 5s
 10800K .......... .......... .......... .......... .......... 84% 78.3K 5s
 10850K .......... .......... .......... .......... .......... 84%  119K 4s
 10900K .......... .......... .......... .......... .......... 84% 2.00M 4s
 10950K .......... .......... .......... .......... .......... 85% 2.28M 4s
 11000K .......... .......... .......... .......... .......... 85% 1.03M 4s
 11050K .......... .......... .......... .......... .......... 86%  201K 4s
 11100K .......... .......... .......... .......... .......... 86%  961K 4s
 11150K .......... .......... .......... .......... .......... 86% 1.31M 4s
 11200K .......... .......... .......... .......... .......... 87%  204K 4s
 11250K .......... .......... .......... .......... .......... 87%  921K 4s
 11300K .......... .......... .......... .......... .......... 88% 1.12M 3s
 11350K .......... .......... .......... .......... .......... 88% 1.25M 3s
 11400K .......... .......... .......... .......... .......... 88% 1.13M 3s
 11450K .......... .......... .......... .......... .......... 89% 1.11M 3s
 11500K .......... .......... .......... .......... .......... 89% 1.01M 3s
 11550K .......... .......... .......... .......... .......... 90% 1.25M 3s
 11600K .......... .......... .......... .......... .......... 90% 1.20M 3s
 11650K .......... .......... .......... .......... .......... 90%  999K 3s
 11700K .......... .......... .......... .......... .......... 91% 1.25M 2s
 11750K .......... .......... .......... .......... .......... 91% 1.06M 2s
 11800K .......... .......... .......... .......... .......... 91% 1.31M 2s
 11850K .......... .......... .......... .......... .......... 92% 1.40M 2s
 11900K .......... .......... .......... .......... .......... 92% 1.86M 2s
 11950K .......... .......... .......... .......... .......... 93% 2.11M 2s
 12000K .......... .......... .......... .......... .......... 93% 2.34M 2s
 12050K .......... .......... .......... .......... .......... 93% 1010K 2s
 12100K .......... .......... .......... .......... .......... 94% 1.29M 2s
 12150K .......... .......... .......... .......... .......... 94% 1.09M 1s
 12200K .......... .......... .......... .......... .......... 95% 1.10M 1s
 12250K .......... .......... .......... .......... .......... 95% 1.24M 1s
 12300K .......... .......... .......... .......... .......... 95%  203K 1s
 12350K .......... .......... .......... .......... .......... 96% 1.12M 1s
 12400K .......... .......... .......... .......... .......... 96% 1.45M 1s
 12450K .......... .......... .......... .......... .......... 97%  112K 1s
 12500K .......... .......... .......... .......... .......... 97%  196K 1s
 12550K .......... .......... .......... .......... .......... 97% 1.17M 1s
 12600K .......... .......... .......... .......... .......... 98%  214K 1s
 12650K .......... .......... .......... .......... .......... 98% 76.2K 0s
 12700K .......... .......... .......... .......... .......... 98% 1.13M 0s
 12750K .......... .......... .......... .......... .......... 99%  963K 0s
 12800K .......... .......... .......... .......... .......... 99%  776K 0s
 12850K .......... .......... .......... ....                 100% 1.33M=28s

2016-05-25 03:53:12 (457 KB/s) - ‘index.html.11’ saved [13193358/13193358]

