--2016-05-25 03:37:31--  http://10.30.50.93:8000/
Connecting to 10.30.50.93:8000... connected.
HTTP request sent, awaiting response... 200 OK
Length: 13193358 (13M) [text/html]
Saving to: ‘index.html.8’

     0K .......... .......... .......... .......... ..........  0% 2.04M 6s
    50K .......... .......... .......... .......... ..........  0% 2.23M 6s
   100K .......... .......... .......... .......... ..........  1%  217K 23s
   150K .......... .......... .......... .......... ..........  1% 1.47M 20s
   200K .......... .......... .......... .......... ..........  1% 1.80M 17s
   250K .......... .......... .......... .......... ..........  2% 2.31M 15s
   300K .......... .......... .......... .......... ..........  2% 1.75M 14s
   350K .......... .......... .......... .......... ..........  3% 1.32M 13s
   400K .......... .......... .......... .......... ..........  3% 1.13M 13s
   450K .......... .......... .......... .......... ..........  3% 1.76M 12s
   500K .......... .......... .......... .......... ..........  4% 1.16M 12s
   550K .......... .......... .......... .......... ..........  4% 1.48M 12s
   600K .......... .......... .......... .......... ..........  5% 2.03M 11s
   650K .......... .......... .......... .......... ..........  5% 1.21M 11s
   700K .......... .......... .......... .......... ..........  5% 1.26M 11s
   750K .......... .......... .......... .......... ..........  6% 1.15M 11s
   800K .......... .......... .......... .......... ..........  6% 1.29M 11s
   850K .......... .......... .......... .......... ..........  6%  215K 13s
   900K .......... .......... .......... .......... ..........  7% 1.28M 13s
   950K .......... .......... .......... .......... ..........  7% 1.79M 12s
  1000K .......... .......... .......... .......... ..........  8% 1.71M 12s
  1050K .......... .......... .......... .......... ..........  8% 1.56M 12s
  1100K .......... .......... .......... .......... ..........  8%  211K 14s
  1150K .......... .......... .......... .......... ..........  9% 1.18M 14s
  1200K .......... .......... .......... .......... ..........  9% 1.72M 13s
  1250K .......... .......... .......... .......... .......... 10% 1.66M 13s
  1300K .......... .......... .......... .......... .......... 10% 1.92M 13s
  1350K .......... .......... .......... .......... .......... 10% 1.79M 12s
  1400K .......... .......... .......... .......... .......... 11% 2.31M 12s
  1450K .......... .......... .......... .......... .......... 11% 2.31M 12s
  1500K .......... .......... .......... .......... .......... 12% 1.84M 11s
  1550K .......... .......... .......... .......... .......... 12% 2.03M 11s
  1600K .......... .......... .......... .......... .......... 12% 1.69M 11s
  1650K .......... .......... .......... .......... .......... 13% 1.91M 11s
  1700K .......... .......... .......... .......... .......... 13% 1.47M 11s
  1750K .......... .......... .......... .......... .......... 13% 1.74M 11s
  1800K .......... .......... .......... .......... .......... 14% 1.27M 10s
  1850K .......... .......... .......... .......... .......... 14%  201K 12s
  1900K .......... .......... .......... .......... .......... 15% 1.25M 11s
  1950K .......... .......... .......... .......... .......... 15% 1.84M 11s
  2000K .......... .......... .......... .......... .......... 15% 1.26M 11s
  2050K .......... .......... .......... .......... .......... 16% 1.98M 11s
  2100K .......... .......... .......... .......... .......... 16% 1.90M 11s
  2150K .......... .......... .......... .......... .......... 17% 1.25M 11s
  2200K .......... .......... .......... .......... .......... 17% 1.31M 11s
  2250K .......... .......... .......... .......... .......... 17% 1.88M 10s
  2300K .......... .......... .......... .......... .......... 18% 1.31M 10s
  2350K .......... .......... .......... .......... .......... 18% 1.56M 10s
  2400K .......... .......... .......... .......... .......... 19% 2.03M 10s
  2450K .......... .......... .......... .......... .......... 19% 1.63M 10s
  2500K .......... .......... .......... .......... .......... 19% 1.94M 10s
  2550K .......... .......... .......... .......... .......... 20% 1.95M 10s
  2600K .......... .......... .......... .......... .......... 20% 1.45M 9s
  2650K .......... .......... .......... .......... .......... 20% 1.43M 9s
  2700K .......... .......... .......... .......... .......... 21% 1.49M 9s
  2750K .......... .......... .......... .......... .......... 21%  962K 9s
  2800K .......... .......... .......... .......... .......... 22% 1.20M 9s
  2850K .......... .......... .......... .......... .......... 22%  209K 10s
  2900K .......... .......... .......... .......... .......... 22% 2.10M 10s
  2950K .......... .......... .......... .......... .......... 23% 1.43M 10s
  3000K .......... .......... .......... .......... .......... 23% 1.14M 10s
  3050K .......... .......... .......... .......... .......... 24% 1.10M 9s
  3100K .......... .......... .......... .......... .......... 24% 1.04M 9s
  3150K .......... .......... .......... .......... .......... 24% 1.32M 9s
  3200K .......... .......... .......... .......... .......... 25% 76.8K 11s
  3250K .......... .......... .......... .......... .......... 25% 1.15M 11s
  3300K .......... .......... .......... .......... .......... 26% 1.76M 11s
  3350K .......... .......... .......... .......... .......... 26% 2.09M 11s
  3400K .......... .......... .......... .......... .......... 26% 2.12M 11s
  3450K .......... .......... .......... .......... .......... 27% 2.14M 10s
  3500K .......... .......... .......... .......... .......... 27% 1.91M 10s
  3550K .......... .......... .......... .......... .......... 27% 1.57M 10s
  3600K .......... .......... .......... .......... .......... 28% 1.28M 10s
  3650K .......... .......... .......... .......... .......... 28%  926K 10s
  3700K .......... .......... .......... .......... .......... 29% 1.26M 10s
  3750K .......... .......... .......... .......... .......... 29%  600K 10s
  3800K .......... .......... .......... .......... .......... 29% 1.25M 10s
  3850K .......... .......... .......... .......... .......... 30% 1.23M 10s
  3900K .......... .......... .......... .......... .......... 30% 1.06M 10s
  3950K .......... .......... .......... .......... .......... 31%  972K 10s
  4000K .......... .......... .......... .......... .......... 31% 1.14M 10s
  4050K .......... .......... .......... .......... .......... 31%  903K 9s
  4100K .......... .......... .......... .......... .......... 32% 1.28M 9s
  4150K .......... .......... .......... .......... .......... 32% 1.05M 9s
  4200K .......... .......... .......... .......... .......... 32% 1.01M 9s
  4250K .......... .......... .......... .......... .......... 33% 1.54M 9s
  4300K .......... .......... .......... .......... .......... 33%  752K 9s
  4350K .......... .......... .......... .......... .......... 34% 1.21M 9s
  4400K .......... .......... .......... .......... .......... 34% 1.12M 9s
  4450K .......... .......... .......... .......... .......... 34% 1.18M 9s
  4500K .......... .......... .......... .......... .......... 35% 1.23M 9s
  4550K .......... .......... .......... .......... .......... 35%  199K 9s
  4600K .......... .......... .......... .......... .......... 36% 1.37M 9s
  4650K .......... .......... .......... .......... .......... 36% 1.24M 9s
  4700K .......... .......... .......... .......... .......... 36% 1.02M 9s
  4750K .......... .......... .......... .......... .......... 37% 1.30M 9s
  4800K .......... .......... .......... .......... .......... 37% 1.25M 9s
  4850K .......... .......... .......... .......... .......... 38% 1.78M 9s
  4900K .......... .......... .......... .......... .......... 38% 1.34M 9s
  4950K .......... .......... .......... .......... .......... 38% 1.15M 8s
  5000K .......... .......... .......... .......... .......... 39% 1.94M 8s
  5050K .......... .......... .......... .......... .......... 39% 2.32M 8s
  5100K .......... .......... .......... .......... .......... 39% 1.98M 8s
  5150K .......... .......... .......... .......... .......... 40% 1.30M 8s
  5200K .......... .......... .......... .......... .......... 40% 1.66M 8s
  5250K .......... .......... .......... .......... .......... 41% 1018K 8s
  5300K .......... .......... .......... .......... .......... 41%  207K 8s
  5350K .......... .......... .......... .......... .......... 41% 1.73M 8s
  5400K .......... .......... .......... .......... .......... 42%  111K 9s
  5450K .......... .......... .......... .......... .......... 42% 1.03M 8s
  5500K .......... .......... .......... .......... .......... 43% 1.28M 8s
  5550K .......... .......... .......... .......... .......... 43% 1.33M 8s
  5600K .......... .......... .......... .......... .......... 43% 1.18M 8s
  5650K .......... .......... .......... .......... .......... 44% 1.28M 8s
  5700K .......... .......... .......... .......... .......... 44%  951K 8s
  5750K .......... .......... .......... .......... .......... 45% 1.42M 8s
  5800K .......... .......... .......... .......... .......... 45%  874K 8s
  5850K .......... .......... .......... .......... .......... 45% 1.23M 8s
  5900K .......... .......... .......... .......... .......... 46% 1.84M 8s
  5950K .......... .......... .......... .......... .......... 46% 1.02M 8s
  6000K .......... .......... .......... .......... .......... 46% 1018K 8s
  6050K .......... .......... .......... .......... .......... 47% 1.28M 8s
  6100K .......... .......... .......... .......... .......... 47% 1.93M 8s
  6150K .......... .......... .......... .......... .......... 48% 2.06M 7s
  6200K .......... .......... .......... .......... .......... 48% 1.20M 7s
  6250K .......... .......... .......... .......... .......... 48% 1.08M 7s
  6300K .......... .......... .......... .......... .......... 49% 1.33M 7s
  6350K .......... .......... .......... .......... .......... 49% 1.37M 7s
  6400K .......... .......... .......... .......... .......... 50% 1.46M 7s
  6450K .......... .......... .......... .......... .......... 50% 1.80M 7s
  6500K .......... .......... .......... .......... .......... 50% 1.10M 7s
  6550K .......... .......... .......... .......... .......... 51% 1.38M 7s
  6600K .......... .......... .......... .......... .......... 51% 1.71M 7s
  6650K .......... .......... .......... .......... .......... 52% 1.11M 7s
  6700K .......... .......... .......... .......... .......... 52% 1.33M 7s
  6750K .......... .......... .......... .......... .......... 52% 1.41M 7s
  6800K .......... .......... .......... .......... .......... 53% 1.52M 6s
  6850K .......... .......... .......... .......... .......... 53% 1.01M 6s
  6900K .......... .......... .......... .......... .......... 53% 1.12M 6s
  6950K .......... .......... .......... .......... .......... 54% 1.35M 6s
  7000K .......... .......... .......... .......... .......... 54% 1.17M 6s
  7050K .......... .......... .......... .......... .......... 55% 1.23M 6s
  7100K .......... .......... .......... .......... .......... 55% 1.06M 6s
  7150K .......... .......... .......... .......... .......... 55% 1.12M 6s
  7200K .......... .......... .......... .......... .......... 56% 1.28M 6s
  7250K .......... .......... .......... .......... .......... 56% 1.99M 6s
  7300K .......... .......... .......... .......... .......... 57% 1.35M 6s
  7350K .......... .......... .......... .......... .......... 57% 1.30M 6s
  7400K .......... .......... .......... .......... .......... 57% 1.47M 6s
  7450K .......... .......... .......... .......... .......... 58% 1.28M 6s
  7500K .......... .......... .......... .......... .......... 58% 1.84M 6s
  7550K .......... .......... .......... .......... .......... 58% 2.05M 5s
  7600K .......... .......... .......... .......... .......... 59% 1.73M 5s
  7650K .......... .......... .......... .......... .......... 59% 1.68M 5s
  7700K .......... .......... .......... .......... .......... 60% 2.04M 5s
  7750K .......... .......... .......... .......... .......... 60% 1.93M 5s
  7800K .......... .......... .......... .......... .......... 60% 2.18M 5s
  7850K .......... .......... .......... .......... .......... 61% 1.82M 5s
  7900K .......... .......... .......... .......... .......... 61% 2.30M 5s
  7950K .......... .......... .......... .......... .......... 62% 2.02M 5s
  8000K .......... .......... .......... .......... .......... 62% 2.30M 5s
  8050K .......... .......... .......... .......... .......... 62% 1.90M 5s
  8100K .......... .......... .......... .......... .......... 63% 1.80M 5s
  8150K .......... .......... .......... .......... .......... 63%  205K 5s
  8200K .......... .......... .......... .......... .......... 64% 1.86M 5s
  8250K .......... .......... .......... .......... .......... 64% 1.65M 5s
  8300K .......... .......... .......... .......... .......... 64% 1.87M 5s
  8350K .......... .......... .......... .......... .......... 65% 1.66M 5s
  8400K .......... .......... .......... .......... .......... 65% 1.68M 4s
  8450K .......... .......... .......... .......... .......... 65% 1.86M 4s
  8500K .......... .......... .......... .......... .......... 66% 1.73M 4s
  8550K .......... .......... .......... .......... .......... 66% 2.00M 4s
  8600K .......... .......... .......... .......... .......... 67% 2.04M 4s
  8650K .......... .......... .......... .......... .......... 67% 1.82M 4s
  8700K .......... .......... .......... .......... .......... 67% 2.20M 4s
  8750K .......... .......... .......... .......... .......... 68% 2.02M 4s
  8800K .......... .......... .......... .......... .......... 68% 1.94M 4s
  8850K .......... .......... .......... .......... .......... 69% 1.69M 4s
  8900K .......... .......... .......... .......... .......... 69% 1.29M 4s
  8950K .......... .......... .......... .......... .......... 69% 1.28M 4s
  9000K .......... .......... .......... .......... .......... 70% 1.34M 4s
  9050K .......... .......... .......... .......... .......... 70% 1.32M 4s
  9100K .......... .......... .......... .......... .......... 71% 1.84M 4s
  9150K .......... .......... .......... .......... .......... 71% 2.04M 4s
  9200K .......... .......... .......... .......... .......... 71% 2.01M 4s
  9250K .......... .......... .......... .......... .......... 72% 2.19M 3s
  9300K .......... .......... .......... .......... .......... 72% 1.71M 3s
  9350K .......... .......... .......... .......... .......... 72% 2.22M 3s
  9400K .......... .......... .......... .......... .......... 73%  210K 3s
  9450K .......... .......... .......... .......... .......... 73% 1.24M 3s
  9500K .......... .......... .......... .......... .......... 74%  208K 3s
  9550K .......... .......... .......... .......... .......... 74% 1.38M 3s
  9600K .......... .......... .......... .......... .......... 74% 2.22M 3s
  9650K .......... .......... .......... .......... .......... 75% 2.24M 3s
  9700K .......... .......... .......... .......... .......... 75% 2.09M 3s
  9750K .......... .......... .......... .......... .......... 76% 2.01M 3s
  9800K .......... .......... .......... .......... .......... 76% 2.34M 3s
  9850K .......... .......... .......... .......... .......... 76% 1.66M 3s
  9900K .......... .......... .......... .......... .......... 77% 3.08M 3s
  9950K .......... .......... .......... .......... .......... 77% 1.41M 3s
 10000K .......... .......... .......... .......... .......... 78% 1.43M 3s
 10050K .......... .......... .......... .......... .......... 78% 2.11M 3s
 10100K .......... .......... .......... .......... .......... 78% 1.71M 3s
 10150K .......... .......... .......... .......... .......... 79% 1.35M 3s
 10200K .......... .......... .......... .......... .......... 79% 1.42M 3s
 10250K .......... .......... .......... .......... .......... 79% 1.78M 3s
 10300K .......... .......... .......... .......... .......... 80% 2.62M 2s
 10350K .......... .......... .......... .......... .......... 80% 1.54M 2s
 10400K .......... .......... .......... .......... .......... 81% 1.22M 2s
 10450K .......... .......... .......... .......... .......... 81% 1.12M 2s
 10500K .......... .......... .......... .......... .......... 81% 1.06M 2s
 10550K .......... .......... .......... .......... .......... 82% 1.39M 2s
 10600K .......... .......... .......... .......... .......... 82% 1.77M 2s
 10650K .......... .......... .......... .......... .......... 83% 1.47M 2s
 10700K .......... .......... .......... .......... .......... 83% 1.88M 2s
 10750K .......... .......... .......... .......... .......... 83% 1.79M 2s
 10800K .......... .......... .......... .......... .......... 84% 2.20M 2s
 10850K .......... .......... .......... .......... .......... 84% 2.08M 2s
 10900K .......... .......... .......... .......... .......... 84% 1.98M 2s
 10950K .......... .......... .......... .......... .......... 85% 1.69M 2s
 11000K .......... .......... .......... .......... .......... 85% 1.50M 2s
 11050K .......... .......... .......... .......... .......... 86% 1.77M 2s
 11100K .......... .......... .......... .......... .......... 86% 1.21M 2s
 11150K .......... .......... .......... .......... .......... 86% 1.69M 2s
 11200K .......... .......... .......... .......... .......... 87%  204K 2s
 11250K .......... .......... .......... .......... .......... 87% 1.33M 2s
 11300K .......... .......... .......... .......... .......... 88% 1.35M 1s
 11350K .......... .......... .......... .......... .......... 88% 1.41M 1s
 11400K .......... .......... .......... .......... .......... 88% 1.04M 1s
 11450K .......... .......... .......... .......... .......... 89% 1.19M 1s
 11500K .......... .......... .......... .......... .......... 89% 1.24M 1s
 11550K .......... .......... .......... .......... .......... 90% 1.26M 1s
 11600K .......... .......... .......... .......... .......... 90% 1.64M 1s
 11650K .......... .......... .......... .......... .......... 90% 1.98M 1s
 11700K .......... .......... .......... .......... .......... 91% 1.59M 1s
 11750K .......... .......... .......... .......... .......... 91% 1.85M 1s
 11800K .......... .......... .......... .......... .......... 91% 1.97M 1s
 11850K .......... .......... .......... .......... .......... 92% 1.32M 1s
 11900K .......... .......... .......... .......... .......... 92% 1.29M 1s
 11950K .......... .......... .......... .......... .......... 93%  212K 1s
 12000K .......... .......... .......... .......... .......... 93% 1.09M 1s
 12050K .......... .......... .......... .......... .......... 93% 1.45M 1s
 12100K .......... .......... .......... .......... .......... 94% 1.11M 1s
 12150K .......... .......... .......... .......... .......... 94% 1.16M 1s
 12200K .......... .......... .......... .......... .......... 95% 1022K 1s
 12250K .......... .......... .......... .......... .......... 95% 1.29M 1s
 12300K .......... .......... .......... .......... .......... 95% 1.23M 1s
 12350K .......... .......... .......... .......... .......... 96% 1.09M 0s
 12400K .......... .......... .......... .......... .......... 96% 2.08M 0s
 12450K .......... .......... .......... .......... .......... 97% 1.27M 0s
 12500K .......... .......... .......... .......... .......... 97% 1.15M 0s
 12550K .......... .......... .......... .......... .......... 97% 1.13M 0s
 12600K .......... .......... .......... .......... .......... 98% 1.84M 0s
 12650K .......... .......... .......... .......... .......... 98% 1017K 0s
 12700K .......... .......... .......... .......... .......... 98% 1.22M 0s
 12750K .......... .......... .......... .......... .......... 99%  994K 0s
 12800K .......... .......... .......... .......... .......... 99%  209K 0s
 12850K .......... .......... .......... ....                 100% 1.24M=12s

2016-05-25 03:37:44 (1.01 MB/s) - ‘index.html.8’ saved [13193358/13193358]

