--2016-05-25 03:00:17--  http://10.30.50.93:8000/
Connecting to 10.30.50.93:8000... connected.
HTTP request sent, awaiting response... 200 OK
Length: 13193358 (13M) [text/html]
Saving to: ‘index.html.14’

     0K .......... .......... .......... .......... ..........  0%  553K 23s
    50K .......... .......... .......... .......... ..........  0%  495K 24s
   100K .......... .......... .......... .......... ..........  1%  383K 27s
   150K .......... .......... .......... .......... ..........  1%  553K 26s
   200K .......... .......... .......... .......... ..........  1%  530K 26s
   250K .......... .......... .......... .......... ..........  2%  548K 25s
   300K .......... .......... .......... .......... ..........  2%  442K 25s
   350K .......... .......... .......... .......... ..........  3%  598K 25s
   400K .......... .......... .......... .......... ..........  3%  160K 31s
   450K .......... .......... .......... .......... ..........  3%  173K 35s
   500K .......... .......... .......... .......... ..........  4%  551K 33s
   550K .......... .......... .......... .......... ..........  4%  485K 33s
   600K .......... .......... .......... .......... ..........  5%  505K 32s
   650K .......... .......... .......... .......... ..........  5% 46.1K 48s
   700K .......... .......... .......... .......... ..........  5%  419K 47s
   750K .......... .......... .......... .......... ..........  6%  510K 45s
   800K .......... .......... .......... .......... ..........  6%  433K 44s
   850K .......... .......... .......... .......... ..........  6% 98.2K 48s
   900K .......... .......... .......... .......... ..........  7%  563K 47s
   950K .......... .......... .......... .......... ..........  7%  550K 45s
  1000K .......... .......... .......... .......... ..........  8%  531K 44s
  1050K .......... .......... .......... .......... ..........  8%  389K 43s
  1100K .......... .......... .......... .......... ..........  8%  528K 42s
  1150K .......... .......... .......... .......... ..........  9% 91.5K 45s
  1200K .......... .......... .......... .......... ..........  9%  471K 44s
  1250K .......... .......... .......... .......... .......... 10%  539K 43s
  1300K .......... .......... .......... .......... .......... 10%  384K 43s
  1350K .......... .......... .......... .......... .......... 10% 53.4K 49s
  1400K .......... .......... .......... .......... .......... 11% 70.5K 52s
  1450K .......... .......... .......... .......... .......... 11%  575K 51s
  1500K .......... .......... .......... .......... .......... 12%  518K 50s
  1550K .......... .......... .......... .......... .......... 12%  476K 49s
  1600K .......... .......... .......... .......... .......... 12%  494K 48s
  1650K .......... .......... .......... .......... .......... 13%  498K 47s
  1700K .......... .......... .......... .......... .......... 13%  519K 46s
  1750K .......... .......... .......... .......... .......... 13%  598K 45s
  1800K .......... .......... .......... .......... .......... 14%  474K 44s
  1850K .......... .......... .......... .......... .......... 14%  560K 43s
  1900K .......... .......... .......... .......... .......... 15%  435K 43s
  1950K .......... .......... .......... .......... .......... 15%  174K 43s
  2000K .......... .......... .......... .......... .......... 15% 52.9K 47s
  2050K .......... .......... .......... .......... .......... 16%  782K 46s
  2100K .......... .......... .......... .......... .......... 16% 97.6K 47s
  2150K .......... .......... .......... .......... .......... 17% 5.70M 46s
  2200K .......... .......... .......... .......... .......... 17%  104K 47s
  2250K .......... .......... .......... .......... .......... 17%  399K 46s
  2300K .......... .......... .......... .......... .......... 18%  166K 46s
  2350K .......... .......... .......... .......... .......... 18%  424K 46s
  2400K .......... .......... .......... .......... .......... 19%  529K 45s
  2450K .......... .......... .......... .......... .......... 19% 55.0K 48s
  2500K .......... .......... .......... .......... .......... 19%  452K 47s
  2550K .......... .......... .......... .......... .......... 20%  167K 47s
  2600K .......... .......... .......... .......... .......... 20% 95.5K 48s
  2650K .......... .......... .......... .......... .......... 20%  564K 47s
  2700K .......... .......... .......... .......... .......... 21%  582K 46s
  2750K .......... .......... .......... .......... .......... 21%  530K 46s
  2800K .......... .......... .......... .......... .......... 22%  395K 45s
  2850K .......... .......... .......... .......... .......... 22%  435K 44s
  2900K .......... .......... .......... .......... .......... 22%  391K 44s
  2950K .......... .......... .......... .......... .......... 23%  172K 44s
  3000K .......... .......... .......... .......... .......... 23%  478K 43s
  3050K .......... .......... .......... .......... .......... 24%  650K 43s
  3100K .......... .......... .......... .......... .......... 24%  577K 42s
  3150K .......... .......... .......... .......... .......... 24%  536K 41s
  3200K .......... .......... .......... .......... .......... 25%  529K 41s
  3250K .......... .......... .......... .......... .......... 25%  571K 40s
  3300K .......... .......... .......... .......... .......... 26%  449K 40s
  3350K .......... .......... .......... .......... .......... 26%  586K 39s
  3400K .......... .......... .......... .......... .......... 26%  169K 39s
  3450K .......... .......... .......... .......... .......... 27%  150K 39s
  3500K .......... .......... .......... .......... .......... 27%  417K 39s
  3550K .......... .......... .......... .......... .......... 27%  566K 38s
  3600K .......... .......... .......... .......... .......... 28%  562K 38s
  3650K .......... .......... .......... .......... .......... 28%  417K 38s
  3700K .......... .......... .......... .......... .......... 29%  549K 37s
  3750K .......... .......... .......... .......... .......... 29%  471K 37s
  3800K .......... .......... .......... .......... .......... 29%  167K 37s
  3850K .......... .......... .......... .......... .......... 30%  159K 37s
  3900K .......... .......... .......... .......... .......... 30%  592K 36s
  3950K .......... .......... .......... .......... .......... 31%  452K 36s
  4000K .......... .......... .......... .......... .......... 31%  486K 35s
  4050K .......... .......... .......... .......... .......... 31%  492K 35s
  4100K .......... .......... .......... .......... .......... 32%  477K 35s
  4150K .......... .......... .......... .......... .......... 32%  162K 35s
  4200K .......... .......... .......... .......... .......... 32%  107K 35s
  4250K .......... .......... .......... .......... .......... 33%  481K 35s
  4300K .......... .......... .......... .......... .......... 33%  521K 34s
  4350K .......... .......... .......... .......... .......... 34%  666K 34s
  4400K .......... .......... .......... .......... .......... 34% 32.7K 36s
  4450K .......... .......... .......... .......... .......... 34% 97.0K 36s
  4500K .......... .......... .......... .......... .......... 35%  160K 36s
  4550K .......... .......... .......... .......... .......... 35%  341K 36s
  4600K .......... .......... .......... .......... .......... 36%  146K 36s
  4650K .......... .......... .......... .......... .......... 36%  559K 36s
  4700K .......... .......... .......... .......... .......... 36%  474K 35s
  4750K .......... .......... .......... .......... .......... 37%  535K 35s
  4800K .......... .......... .......... .......... .......... 37%  545K 34s
  4850K .......... .......... .......... .......... .......... 38%  510K 34s
  4900K .......... .......... .......... .......... .......... 38%  548K 33s
  4950K .......... .......... .......... .......... .......... 38%  508K 33s
  5000K .......... .......... .......... .......... .......... 39%  539K 33s
  5050K .......... .......... .......... .......... .......... 39%  547K 32s
  5100K .......... .......... .......... .......... .......... 39%  497K 32s
  5150K .......... .......... .......... .......... .......... 40%  383K 32s
  5200K .......... .......... .......... .......... .......... 40% 72.4K 32s
  5250K .......... .......... .......... .......... .......... 41%  520K 32s
  5300K .......... .......... .......... .......... .......... 41%  365K 31s
  5350K .......... .......... .......... .......... .......... 41%  167K 31s
  5400K .......... .......... .......... .......... .......... 42%  453K 31s
  5450K .......... .......... .......... .......... .......... 42%  153K 31s
  5500K .......... .......... .......... .......... .......... 43%  624K 31s
  5550K .......... .......... .......... .......... .......... 43%  339K 30s
  5600K .......... .......... .......... .......... .......... 43%  477K 30s
  5650K .......... .......... .......... .......... .......... 44%  443K 30s
  5700K .......... .......... .......... .......... .......... 44%  509K 29s
  5750K .......... .......... .......... .......... .......... 45%  493K 29s
  5800K .......... .......... .......... .......... .......... 45%  567K 29s
  5850K .......... .......... .......... .......... .......... 45% 75.5K 29s
  5900K .......... .......... .......... .......... .......... 46% 69.5K 29s
  5950K .......... .......... .......... .......... .......... 46%  156K 29s
  6000K .......... .......... .......... .......... .......... 46%  568K 29s
  6050K .......... .......... .......... .......... .......... 47%  370K 29s
  6100K .......... .......... .......... .......... .......... 47%  157K 29s
  6150K .......... .......... .......... .......... .......... 48%  560K 28s
  6200K .......... .......... .......... .......... .......... 48%  436K 28s
  6250K .......... .......... .......... .......... .......... 48%  485K 28s
  6300K .......... .......... .......... .......... .......... 49%  151K 27s
  6350K .......... .......... .......... .......... .......... 49%  503K 27s
  6400K .......... .......... .......... .......... .......... 50% 55.5K 28s
  6450K .......... .......... .......... .......... .......... 50%  598K 27s
  6500K .......... .......... .......... .......... .......... 50%  510K 27s
  6550K .......... .......... .......... .......... .......... 51%  547K 27s
  6600K .......... .......... .......... .......... .......... 51%  524K 26s
  6650K .......... .......... .......... .......... .......... 52%  573K 26s
  6700K .......... .......... .......... .......... .......... 52%  578K 26s
  6750K .......... .......... .......... .......... .......... 52%  444K 25s
  6800K .......... .......... .......... .......... .......... 53%  583K 25s
  6850K .......... .......... .......... .......... .......... 53%  522K 25s
  6900K .......... .......... .......... .......... .......... 53%  559K 24s
  6950K .......... .......... .......... .......... .......... 54%  168K 24s
  7000K .......... .......... .......... .......... .......... 54%  452K 24s
  7050K .......... .......... .......... .......... .......... 55%  536K 24s
  7100K .......... .......... .......... .......... .......... 55%  452K 23s
  7150K .......... .......... .......... .......... .......... 55%  170K 23s
  7200K .......... .......... .......... .......... .......... 56%  450K 23s
  7250K .......... .......... .......... .......... .......... 56%  484K 23s
  7300K .......... .......... .......... .......... .......... 57%  512K 22s
  7350K .......... .......... .......... .......... .......... 57%  425K 22s
  7400K .......... .......... .......... .......... .......... 57%  398K 22s
  7450K .......... .......... .......... .......... .......... 58% 66.6K 22s
  7500K .......... .......... .......... .......... .......... 58%  455K 22s
  7550K .......... .......... .......... .......... .......... 58%  174K 22s
  7600K .......... .......... .......... .......... .......... 59%  485K 21s
  7650K .......... .......... .......... .......... .......... 59%  155K 21s
  7700K .......... .......... .......... .......... .......... 60%  379K 21s
  7750K .......... .......... .......... .......... .......... 60%  410K 21s
  7800K .......... .......... .......... .......... .......... 60%  151K 21s
  7850K .......... .......... .......... .......... .......... 61%  561K 20s
  7900K .......... .......... .......... .......... .......... 61%  473K 20s
  7950K .......... .......... .......... .......... .......... 62%  510K 20s
  8000K .......... .......... .......... .......... .......... 62%  157K 20s
  8050K .......... .......... .......... .......... .......... 62% 99.5K 20s
  8100K .......... .......... .......... .......... .......... 63%  159K 20s
  8150K .......... .......... .......... .......... .......... 63% 32.8K 20s
  8200K .......... .......... .......... .......... .......... 64%  809K 20s
  8250K .......... .......... .......... .......... .......... 64%  165K 20s
  8300K .......... .......... .......... .......... .......... 64%  157K 19s
  8350K .......... .......... .......... .......... .......... 65%  585K 19s
  8400K .......... .......... .......... .......... .......... 65% 68.4K 19s
  8450K .......... .......... .......... .......... .......... 65%  600K 19s
  8500K .......... .......... .......... .......... .......... 66% 69.6K 19s
  8550K .......... .......... .......... .......... .......... 66%  552K 19s
  8600K .......... .......... .......... .......... .......... 67%  477K 18s
  8650K .......... .......... .......... .......... .......... 67%  162K 18s
  8700K .......... .......... .......... .......... .......... 67%  552K 18s
  8750K .......... .......... .......... .......... .......... 68% 70.6K 18s
  8800K .......... .......... .......... .......... .......... 68%  486K 18s
  8850K .......... .......... .......... .......... .......... 69% 55.7K 18s
  8900K .......... .......... .......... .......... .......... 69% 56.9K 18s
  8950K .......... .......... .......... .......... .......... 69%  510K 18s
  9000K .......... .......... .......... .......... .......... 70%  505K 17s
  9050K .......... .......... .......... .......... .......... 70%  166K 17s
  9100K .......... .......... .......... .......... .......... 71%  470K 17s
  9150K .......... .......... .......... .......... .......... 71%  176K 17s
  9200K .......... .......... .......... .......... .......... 71%  472K 16s
  9250K .......... .......... .......... .......... .......... 72%  536K 16s
  9300K .......... .......... .......... .......... .......... 72%  474K 16s
  9350K .......... .......... .......... .......... .......... 72% 70.6K 16s
  9400K .......... .......... .......... .......... .......... 73%  445K 16s
  9450K .......... .......... .......... .......... .......... 73% 69.6K 15s
  9500K .......... .......... .......... .......... .......... 74%  565K 15s
  9550K .......... .......... .......... .......... .......... 74% 67.6K 15s
  9600K .......... .......... .......... .......... .......... 74%  537K 15s
  9650K .......... .......... .......... .......... .......... 75%  498K 15s
  9700K .......... .......... .......... .......... .......... 75%  160K 14s
  9750K .......... .......... .......... .......... .......... 76%  510K 14s
  9800K .......... .......... .......... .......... .......... 76%  523K 14s
  9850K .......... .......... .......... .......... .......... 76%  493K 14s
  9900K .......... .......... .......... .......... .......... 77%  507K 13s
  9950K .......... .......... .......... .......... .......... 77%  499K 13s
 10000K .......... .......... .......... .......... .......... 78%  462K 13s
 10050K .......... .......... .......... .......... .......... 78%  450K 13s
 10100K .......... .......... .......... .......... .......... 78%  428K 12s
 10150K .......... .......... .......... .......... .......... 79%  720K 12s
 10200K .......... .......... .......... .......... .......... 79%  533K 12s
 10250K .......... .......... .......... .......... .......... 79%  484K 11s
 10300K .......... .......... .......... .......... .......... 80%  581K 11s
 10350K .......... .......... .......... .......... .......... 80%  545K 11s
 10400K .......... .......... .......... .......... .......... 81%  434K 11s
 10450K .......... .......... .......... .......... .......... 81% 67.0K 11s
 10500K .......... .......... .......... .......... .......... 81%  106K 10s
 10550K .......... .......... .......... .......... .......... 82%  150K 10s
 10600K .......... .......... .......... .......... .......... 82%  469K 10s
 10650K .......... .......... .......... .......... .......... 83%  169K 10s
 10700K .......... .......... .......... .......... .......... 83%  519K 10s
 10750K .......... .......... .......... .......... .......... 83%  486K 9s
 10800K .......... .......... .......... .......... .......... 84%  544K 9s
 10850K .......... .......... .......... .......... .......... 84% 27.9K 9s
 10900K .......... .......... .......... .......... .......... 84% 97.8K 9s
 10950K .......... .......... .......... .......... .......... 85% 53.2K 9s
 11000K .......... .......... .......... .......... .......... 85%  171K 9s
 11050K .......... .......... .......... .......... .......... 86%  169K 8s
 11100K .......... .......... .......... .......... .......... 86%  539K 8s
 11150K .......... .......... .......... .......... .......... 86%  548K 8s
 11200K .......... .......... .......... .......... .......... 87%  497K 8s
 11250K .......... .......... .......... .......... .......... 87%  400K 7s
 11300K .......... .......... .......... .......... .......... 88%  548K 7s
 11350K .......... .......... .......... .......... .......... 88%  610K 7s
 11400K .......... .......... .......... .......... .......... 88%  476K 7s
 11450K .......... .......... .......... .......... .......... 89%  475K 6s
 11500K .......... .......... .......... .......... .......... 89%  146K 6s
 11550K .......... .......... .......... .......... .......... 90%  513K 6s
 11600K .......... .......... .......... .......... .......... 90%  547K 6s
 11650K .......... .......... .......... .......... .......... 90%  165K 5s
 11700K .......... .......... .......... .......... .......... 91%  538K 5s
 11750K .......... .......... .......... .......... .......... 91% 28.3K 5s
 11800K .......... .......... .......... .......... .......... 91%  567K 5s
 11850K .......... .......... .......... .......... .......... 92%  484K 5s
 11900K .......... .......... .......... .......... .......... 92% 94.2K 4s
 11950K .......... .......... .......... .......... .......... 93%  367K 4s
 12000K .......... .......... .......... .......... .......... 93%  505K 4s
 12050K .......... .......... .......... .......... .......... 93%  167K 4s
 12100K .......... .......... .......... .......... .......... 94%  594K 3s
 12150K .......... .......... .......... .......... .......... 94%  440K 3s
 12200K .......... .......... .......... .......... .......... 95%  161K 3s
 12250K .......... .......... .......... .......... .......... 95%  487K 3s
 12300K .......... .......... .......... .......... .......... 95%  559K 2s
 12350K .......... .......... .......... .......... .......... 96%  477K 2s
 12400K .......... .......... .......... .......... .......... 96%  488K 2s
 12450K .......... .......... .......... .......... .......... 97%  538K 2s
 12500K .......... .......... .......... .......... .......... 97%  165K 2s
 12550K .......... .......... .......... .......... .......... 97%  561K 1s
 12600K .......... .......... .......... .......... .......... 98%  401K 1s
 12650K .......... .......... .......... .......... .......... 98%  520K 1s
 12700K .......... .......... .......... .......... .......... 98%  548K 1s
 12750K .......... .......... .......... .......... .......... 99%  504K 0s
 12800K .......... .......... .......... .......... .......... 99%  477K 0s
 12850K .......... .......... .......... ....                 100% 50.0K=60s

2016-05-25 03:01:16 (216 KB/s) - ‘index.html.14’ saved [13193358/13193358]

