--2016-05-25 03:38:00--  http://10.30.50.93:8000/
Connecting to 10.30.50.93:8000... connected.
HTTP request sent, awaiting response... 200 OK
Length: 13193358 (13M) [text/html]
Saving to: ‘index.html.10’

     0K .......... .......... .......... .......... ..........  0% 2.20M 6s
    50K .......... .......... .......... .......... ..........  0% 1.76M 6s
   100K .......... .......... .......... .......... ..........  1% 1.39M 7s
   150K .......... .......... .......... .......... ..........  1% 1.31M 8s
   200K .......... .......... .......... .......... ..........  1% 1.25M 8s
   250K .......... .......... .......... .......... ..........  2%  206K 17s
   300K .......... .......... .......... .......... ..........  2% 1.04M 16s
   350K .......... .......... .......... .......... ..........  3%  993K 16s
   400K .......... .......... .......... .......... ..........  3% 1.24M 15s
   450K .......... .......... .......... .......... ..........  3% 2.08M 14s
   500K .......... .......... .......... .......... ..........  4% 1.06M 14s
   550K .......... .......... .......... .......... ..........  4% 1.23M 13s
   600K .......... .......... .......... .......... ..........  5% 1.25M 13s
   650K .......... .......... .......... .......... ..........  5% 1.27M 13s
   700K .......... .......... .......... .......... ..........  5% 1.44M 12s
   750K .......... .......... .......... .......... ..........  6% 1.60M 12s
   800K .......... .......... .......... .......... ..........  6% 1.71M 12s
   850K .......... .......... .......... .......... ..........  6% 1.37M 11s
   900K .......... .......... .......... .......... ..........  7% 1.20M 11s
   950K .......... .......... .......... .......... ..........  7% 1.24M 11s
  1000K .......... .......... .......... .......... ..........  8% 1.19M 11s
  1050K .......... .......... .......... .......... ..........  8% 1.10M 11s
  1100K .......... .......... .......... .......... ..........  8% 2.45M 11s
  1150K .......... .......... .......... .......... ..........  9% 2.09M 10s
  1200K .......... .......... .......... .......... ..........  9% 2.01M 10s
  1250K .......... .......... .......... .......... .......... 10% 1.48M 10s
  1300K .......... .......... .......... .......... .......... 10% 1.29M 10s
  1350K .......... .......... .......... .......... .......... 10% 1.17M 10s
  1400K .......... .......... .......... .......... .......... 11% 1.78M 10s
  1450K .......... .......... .......... .......... .......... 11% 1.39M 10s
  1500K .......... .......... .......... .......... .......... 12% 2.14M 9s
  1550K .......... .......... .......... .......... .......... 12% 2.12M 9s
  1600K .......... .......... .......... .......... .......... 12% 1.75M 9s
  1650K .......... .......... .......... .......... .......... 13% 1.54M 9s
  1700K .......... .......... .......... .......... .......... 13%  204K 10s
  1750K .......... .......... .......... .......... .......... 13%  208K 11s
  1800K .......... .......... .......... .......... .......... 14%  786K 11s
  1850K .......... .......... .......... .......... .......... 14% 1.53M 11s
  1900K .......... .......... .......... .......... .......... 15% 1.03M 11s
  1950K .......... .......... .......... .......... .......... 15%  207K 12s
  2000K .......... .......... .......... .......... .......... 15% 1.07M 12s
  2050K .......... .......... .......... .......... .......... 16% 1.30M 12s
  2100K .......... .......... .......... .......... .......... 16% 1.06M 12s
  2150K .......... .......... .......... .......... .......... 17% 1.04M 12s
  2200K .......... .......... .......... .......... .......... 17% 1.39M 12s
  2250K .......... .......... .......... .......... .......... 17% 1.22M 11s
  2300K .......... .......... .......... .......... .......... 18%  199K 12s
  2350K .......... .......... .......... .......... .......... 18% 1.14M 12s
  2400K .......... .......... .......... .......... .......... 19% 1.46M 12s
  2450K .......... .......... .......... .......... .......... 19% 1.20M 12s
  2500K .......... .......... .......... .......... .......... 19% 1.45M 12s
  2550K .......... .......... .......... .......... .......... 20% 1.17M 12s
  2600K .......... .......... .......... .......... .......... 20% 1.41M 11s
  2650K .......... .......... .......... .......... .......... 20%  198K 12s
  2700K .......... .......... .......... .......... .......... 21% 1.09M 12s
  2750K .......... .......... .......... .......... .......... 21%  958K 12s
  2800K .......... .......... .......... .......... .......... 22% 1.23M 12s
  2850K .......... .......... .......... .......... .......... 22% 1.02M 12s
  2900K .......... .......... .......... .......... .......... 22%  205K 12s
  2950K .......... .......... .......... .......... .......... 23%  201K 13s
  3000K .......... .......... .......... .......... .......... 23%  204K 13s
  3050K .......... .......... .......... .......... .......... 24% 1.25M 13s
  3100K .......... .......... .......... .......... .......... 24% 1.02M 13s
  3150K .......... .......... .......... .......... .......... 24% 1.33M 13s
  3200K .......... .......... .......... .......... .......... 25% 1.22M 13s
  3250K .......... .......... .......... .......... .......... 25% 1.21M 13s
  3300K .......... .......... .......... .......... .......... 26%  958K 13s
  3350K .......... .......... .......... .......... .......... 26%  821K 12s
  3400K .......... .......... .......... .......... .......... 26% 1.24M 12s
  3450K .......... .......... .......... .......... .......... 27%  203K 13s
  3500K .......... .......... .......... .......... .......... 27% 1.10M 13s
  3550K .......... .......... .......... .......... .......... 27% 1.03M 12s
  3600K .......... .......... .......... .......... .......... 28% 1.05M 12s
  3650K .......... .......... .......... .......... .......... 28% 1.25M 12s
  3700K .......... .......... .......... .......... .......... 29% 1.26M 12s
  3750K .......... .......... .......... .......... .......... 29% 1.05M 12s
  3800K .......... .......... .......... .......... .......... 29% 1.36M 12s
  3850K .......... .......... .......... .......... .......... 30% 1.18M 12s
  3900K .......... .......... .......... .......... .......... 30% 1.28M 12s
  3950K .......... .......... .......... .......... .......... 31% 1.56M 11s
  4000K .......... .......... .......... .......... .......... 31% 1019K 11s
  4050K .......... .......... .......... .......... .......... 31% 1.04M 11s
  4100K .......... .......... .......... .......... .......... 32% 1.25M 11s
  4150K .......... .......... .......... .......... .......... 32% 1.20M 11s
  4200K .......... .......... .......... .......... .......... 32%  200K 11s
  4250K .......... .......... .......... .......... .......... 33% 1.03M 11s
  4300K .......... .......... .......... .......... .......... 33%  208K 12s
  4350K .......... .......... .......... .......... .......... 34% 1.10M 11s
  4400K .......... .......... .......... .......... .......... 34% 1.11M 11s
  4450K .......... .......... .......... .......... .......... 34% 1.35M 11s
  4500K .......... .......... .......... .......... .......... 35%  834K 11s
  4550K .......... .......... .......... .......... .......... 35%  799K 11s
  4600K .......... .......... .......... .......... .......... 36%  202K 11s
  4650K .......... .......... .......... .......... .......... 36%  210K 12s
  4700K .......... .......... .......... .......... .......... 36% 1.59M 11s
  4750K .......... .......... .......... .......... .......... 37% 1.22M 11s
  4800K .......... .......... .......... .......... .......... 37%  214K 11s
  4850K .......... .......... .......... .......... .......... 38% 1.45M 11s
  4900K .......... .......... .......... .......... .......... 38%  862K 11s
  4950K .......... .......... .......... .......... .......... 38%  796K 11s
  5000K .......... .......... .......... .......... .......... 39%  983K 11s
  5050K .......... .......... .......... .......... .......... 39% 1.46M 11s
  5100K .......... .......... .......... .......... .......... 39% 1.17M 11s
  5150K .......... .......... .......... .......... .......... 40% 1.10M 11s
  5200K .......... .......... .......... .......... .......... 40% 1.08M 11s
  5250K .......... .......... .......... .......... .......... 41% 1.13M 10s
  5300K .......... .......... .......... .......... .......... 41% 1.07M 10s
  5350K .......... .......... .......... .......... .......... 41%  938K 10s
  5400K .......... .......... .......... .......... .......... 42% 1.28M 10s
  5450K .......... .......... .......... .......... .......... 42% 1.10M 10s
  5500K .......... .......... .......... .......... .......... 43% 1.27M 10s
  5550K .......... .......... .......... .......... .......... 43% 1.15M 10s
  5600K .......... .......... .......... .......... .......... 43%  204K 10s
  5650K .......... .......... .......... .......... .......... 44% 1.31M 10s
  5700K .......... .......... .......... .......... .......... 44%  205K 10s
  5750K .......... .......... .......... .......... .......... 45% 1.37M 10s
  5800K .......... .......... .......... .......... .......... 45% 1.80M 10s
  5850K .......... .......... .......... .......... .......... 45% 1.52M 10s
  5900K .......... .......... .......... .......... .......... 46% 1.53M 10s
  5950K .......... .......... .......... .......... .......... 46% 1.74M 9s
  6000K .......... .......... .......... .......... .......... 46% 1.63M 9s
  6050K .......... .......... .......... .......... .......... 47% 1.30M 9s
  6100K .......... .......... .......... .......... .......... 47% 1.24M 9s
  6150K .......... .......... .......... .......... .......... 48% 1.91M 9s
  6200K .......... .......... .......... .......... .......... 48% 1.88M 9s
  6250K .......... .......... .......... .......... .......... 48% 1.72M 9s
  6300K .......... .......... .......... .......... .......... 49% 2.38M 9s
  6350K .......... .......... .......... .......... .......... 49% 1.43M 9s
  6400K .......... .......... .......... .......... .......... 50% 1.28M 9s
  6450K .......... .......... .......... .......... .......... 50% 1009K 8s
  6500K .......... .......... .......... .......... .......... 50% 1.05M 8s
  6550K .......... .......... .......... .......... .......... 51% 1.21M 8s
  6600K .......... .......... .......... .......... .......... 51%  200K 8s
  6650K .......... .......... .......... .......... .......... 52% 1.13M 8s
  6700K .......... .......... .......... .......... .......... 52% 1.35M 8s
  6750K .......... .......... .......... .......... .......... 52% 1.41M 8s
  6800K .......... .......... .......... .......... .......... 53%  194K 8s
  6850K .......... .......... .......... .......... .......... 53%  818K 8s
  6900K .......... .......... .......... .......... .......... 53%  927K 8s
  6950K .......... .......... .......... .......... .......... 54% 1.26M 8s
  7000K .......... .......... .......... .......... .......... 54% 1.37M 8s
  7050K .......... .......... .......... .......... .......... 55% 1.38M 8s
  7100K .......... .......... .......... .......... .......... 55% 1.24M 8s
  7150K .......... .......... .......... .......... .......... 55%  196K 8s
  7200K .......... .......... .......... .......... .......... 56% 1.11M 8s
  7250K .......... .......... .......... .......... .......... 56% 1.36M 8s
  7300K .......... .......... .......... .......... .......... 57% 1.07M 7s
  7350K .......... .......... .......... .......... .......... 57%  925K 7s
  7400K .......... .......... .......... .......... .......... 57%  112K 8s
  7450K .......... .......... .......... .......... .......... 58% 1.39M 8s
  7500K .......... .......... .......... .......... .......... 58% 1.07M 7s
  7550K .......... .......... .......... .......... .......... 58% 1.18M 7s
  7600K .......... .......... .......... .......... .......... 59% 1.48M 7s
  7650K .......... .......... .......... .......... .......... 59% 1.95M 7s
  7700K .......... .......... .......... .......... .......... 60% 1.25M 7s
  7750K .......... .......... .......... .......... .......... 60% 1.26M 7s
  7800K .......... .......... .......... .......... .......... 60% 1.61M 7s
  7850K .......... .......... .......... .......... .......... 61% 1.41M 7s
  7900K .......... .......... .......... .......... .......... 61% 1.36M 7s
  7950K .......... .......... .......... .......... .......... 62% 1.34M 7s
  8000K .......... .......... .......... .......... .......... 62% 1.32M 7s
  8050K .......... .......... .......... .......... .......... 62%  658K 6s
  8100K .......... .......... .......... .......... .......... 63% 1.80M 6s
  8150K .......... .......... .......... .......... .......... 63% 1.15M 6s
  8200K .......... .......... .......... .......... .......... 64% 78.8K 7s
  8250K .......... .......... .......... .......... .......... 64% 16.3M 6s
  8300K .......... .......... .......... .......... .......... 64% 1.98M 6s
  8350K .......... .......... .......... .......... .......... 65% 78.1K 7s
  8400K .......... .......... .......... .......... .......... 65% 1.41M 6s
  8450K .......... .......... .......... .......... .......... 65% 1.30M 6s
  8500K .......... .......... .......... .......... .......... 66% 1.28M 6s
  8550K .......... .......... .......... .......... .......... 66% 1.35M 6s
  8600K .......... .......... .......... .......... .......... 67% 1.33M 6s
  8650K .......... .......... .......... .......... .......... 67% 1.37M 6s
  8700K .......... .......... .......... .......... .......... 67% 1.34M 6s
  8750K .......... .......... .......... .......... .......... 68% 1.54M 6s
  8800K .......... .......... .......... .......... .......... 68% 1.44M 6s
  8850K .......... .......... .......... .......... .......... 69% 1.07M 6s
  8900K .......... .......... .......... .......... .......... 69% 1.48M 6s
  8950K .......... .......... .......... .......... .......... 69% 1.93M 6s
  9000K .......... .......... .......... .......... .......... 70%  861K 5s
  9050K .......... .......... .......... .......... .......... 70%  881K 5s
  9100K .......... .......... .......... .......... .......... 71% 1.31M 5s
  9150K .......... .......... .......... .......... .......... 71% 1.16M 5s
  9200K .......... .......... .......... .......... .......... 71% 1.21M 5s
  9250K .......... .......... .......... .......... .......... 72%  203K 5s
  9300K .......... .......... .......... .......... .......... 72% 1.27M 5s
  9350K .......... .......... .......... .......... .......... 72% 1.18M 5s
  9400K .......... .......... .......... .......... .......... 73% 1.61M 5s
  9450K .......... .......... .......... .......... .......... 73%  203K 5s
  9500K .......... .......... .......... .......... .......... 74% 1.16M 5s
  9550K .......... .......... .......... .......... .......... 74% 1.25M 5s
  9600K .......... .......... .......... .......... .......... 74% 1.70M 5s
  9650K .......... .......... .......... .......... .......... 75% 1.93M 5s
  9700K .......... .......... .......... .......... .......... 75%  208K 4s
  9750K .......... .......... .......... .......... .......... 76% 1.28M 4s
  9800K .......... .......... .......... .......... .......... 76% 1.30M 4s
  9850K .......... .......... .......... .......... .......... 76% 1.45M 4s
  9900K .......... .......... .......... .......... .......... 77% 1.07M 4s
  9950K .......... .......... .......... .......... .......... 77% 1.22M 4s
 10000K .......... .......... .......... .......... .......... 78% 57.9K 4s
 10050K .......... .......... .......... .......... .......... 78% 1.60M 4s
 10100K .......... .......... .......... .......... .......... 78% 1.59M 4s
 10150K .......... .......... .......... .......... .......... 79% 2.20M 4s
 10200K .......... .......... .......... .......... .......... 79%  214K 4s
 10250K .......... .......... .......... .......... .......... 79% 1.24M 4s
 10300K .......... .......... .......... .......... .......... 80%  210K 4s
 10350K .......... .......... .......... .......... .......... 80% 1.09M 4s
 10400K .......... .......... .......... .......... .......... 81% 1.63M 4s
 10450K .......... .......... .......... .......... .......... 81% 1.31M 4s
 10500K .......... .......... .......... .......... .......... 81% 1.33M 3s
 10550K .......... .......... .......... .......... .......... 82% 1.86M 3s
 10600K .......... .......... .......... .......... .......... 82% 1.67M 3s
 10650K .......... .......... .......... .......... .......... 83%  207K 3s
 10700K .......... .......... .......... .......... .......... 83% 1.31M 3s
 10750K .......... .......... .......... .......... .......... 83% 1.29M 3s
 10800K .......... .......... .......... .......... .......... 84%  207K 3s
 10850K .......... .......... .......... .......... .......... 84% 1.76M 3s
 10900K .......... .......... .......... .......... .......... 84% 1.26M 3s
 10950K .......... .......... .......... .......... .......... 85% 1.09M 3s
 11000K .......... .......... .......... .......... .......... 85% 1.20M 3s
 11050K .......... .......... .......... .......... .......... 86%  204K 3s
 11100K .......... .......... .......... .......... .......... 86% 1.12M 3s
 11150K .......... .......... .......... .......... .......... 86%  887K 3s
 11200K .......... .......... .......... .......... .......... 87%  903K 2s
 11250K .......... .......... .......... .......... .......... 87% 1.17M 2s
 11300K .......... .......... .......... .......... .......... 88% 1.04M 2s
 11350K .......... .......... .......... .......... .......... 88% 1.38M 2s
 11400K .......... .......... .......... .......... .......... 88% 1.29M 2s
 11450K .......... .......... .......... .......... .......... 89% 1.36M 2s
 11500K .......... .......... .......... .......... .......... 89% 1.20M 2s
 11550K .......... .......... .......... .......... .......... 90% 1.59M 2s
 11600K .......... .......... .......... .......... .......... 90% 1.88M 2s
 11650K .......... .......... .......... .......... .......... 90%  186K 2s
 11700K .......... .......... .......... .......... .......... 91% 1.20M 2s
 11750K .......... .......... .......... .......... .......... 91% 1.11M 2s
 11800K .......... .......... .......... .......... .......... 91% 1.21M 2s
 11850K .......... .......... .......... .......... .......... 92% 1.23M 1s
 11900K .......... .......... .......... .......... .......... 92%  203K 1s
 11950K .......... .......... .......... .......... .......... 93% 1.58M 1s
 12000K .......... .......... .......... .......... .......... 93% 1.41M 1s
 12050K .......... .......... .......... .......... .......... 93% 1.29M 1s
 12100K .......... .......... .......... .......... .......... 94% 1.27M 1s
 12150K .......... .......... .......... .......... .......... 94% 1.39M 1s
 12200K .......... .......... .......... .......... .......... 95% 1.21M 1s
 12250K .......... .......... .......... .......... .......... 95% 1.17M 1s
 12300K .......... .......... .......... .......... .......... 95% 1.22M 1s
 12350K .......... .......... .......... .......... .......... 96% 1.14M 1s
 12400K .......... .......... .......... .......... .......... 96% 1.31M 1s
 12450K .......... .......... .......... .......... .......... 97%  975K 1s
 12500K .......... .......... .......... .......... .......... 97%  998K 0s
 12550K .......... .......... .......... .......... .......... 97% 1.24M 0s
 12600K .......... .......... .......... .......... .......... 98%  117K 0s
 12650K .......... .......... .......... .......... .......... 98% 4.25M 0s
 12700K .......... .......... .......... .......... .......... 98% 1.24M 0s
 12750K .......... .......... .......... .......... .......... 99% 1015K 0s
 12800K .......... .......... .......... .......... .......... 99% 1.22M 0s
 12850K .......... .......... .......... ....                 100%  769K=19s

2016-05-25 03:38:19 (677 KB/s) - ‘index.html.10’ saved [13193358/13193358]

