--2016-05-25 02:57:05--  http://10.30.50.93:8000/
Connecting to 10.30.50.93:8000... connected.
HTTP request sent, awaiting response... 200 OK
Length: 13193358 (13M) [text/html]
Saving to: ‘index.html.9’

     0K .......... .......... .......... .......... ..........  0%  836K 15s
    50K .......... .......... .......... .......... ..........  0%  575K 19s
   100K .......... .......... .......... .......... ..........  1%  521K 21s
   150K .......... .......... .......... .......... ..........  1%  523K 21s
   200K .......... .......... .......... .......... ..........  1%  582K 21s
   250K .......... .......... .......... .......... ..........  2%  463K 22s
   300K .......... .......... .......... .......... ..........  2%  507K 23s
   350K .......... .......... .......... .......... ..........  3%  599K 22s
   400K .......... .......... .......... .......... ..........  3%  530K 22s
   450K .......... .......... .......... .......... ..........  3%  562K 22s
   500K .......... .......... .......... .......... ..........  4%  443K 23s
   550K .......... .......... .......... .......... ..........  4%  453K 23s
   600K .......... .......... .......... .......... ..........  5%  161K 27s
   650K .......... .......... .......... .......... ..........  5%  583K 26s
   700K .......... .......... .......... .......... ..........  5%  511K 26s
   750K .......... .......... .......... .......... ..........  6%  471K 26s
   800K .......... .......... .......... .......... ..........  6%  559K 26s
   850K .......... .......... .......... .......... ..........  6%  601K 25s
   900K .......... .......... .......... .......... ..........  7%  509K 25s
   950K .......... .......... .......... .......... ..........  7%  633K 25s
  1000K .......... .......... .......... .......... ..........  8%  506K 24s
  1050K .......... .......... .......... .......... ..........  8%  594K 24s
  1100K .......... .......... .......... .......... ..........  8%  462K 24s
  1150K .......... .......... .......... .......... ..........  9%  551K 24s
  1200K .......... .......... .......... .......... ..........  9%  508K 24s
  1250K .......... .......... .......... .......... .......... 10%  543K 24s
  1300K .......... .......... .......... .......... .......... 10%  572K 23s
  1350K .......... .......... .......... .......... .......... 10%  571K 23s
  1400K .......... .......... .......... .......... .......... 11%  523K 23s
  1450K .......... .......... .......... .......... .......... 11%  591K 23s
  1500K .......... .......... .......... .......... .......... 12%  499K 23s
  1550K .......... .......... .......... .......... .......... 12%  473K 23s
  1600K .......... .......... .......... .......... .......... 12%  453K 23s
  1650K .......... .......... .......... .......... .......... 13%  432K 23s
  1700K .......... .......... .......... .......... .......... 13%  682K 22s
  1750K .......... .......... .......... .......... .......... 13%  560K 22s
  1800K .......... .......... .......... .......... .......... 14%  511K 22s
  1850K .......... .......... .......... .......... .......... 14%  607K 22s
  1900K .......... .......... .......... .......... .......... 15%  496K 22s
  1950K .......... .......... .......... .......... .......... 15%  583K 22s
  2000K .......... .......... .......... .......... .......... 15%  560K 21s
  2050K .......... .......... .......... .......... .......... 16%  555K 21s
  2100K .......... .......... .......... .......... .......... 16%  423K 21s
  2150K .......... .......... .......... .......... .......... 17%  628K 21s
  2200K .......... .......... .......... .......... .......... 17%  549K 21s
  2250K .......... .......... .......... .......... .......... 17%  565K 21s
  2300K .......... .......... .......... .......... .......... 18%  532K 21s
  2350K .......... .......... .......... .......... .......... 18%  611K 20s
  2400K .......... .......... .......... .......... .......... 19%  596K 20s
  2450K .......... .......... .......... .......... .......... 19%  524K 20s
  2500K .......... .......... .......... .......... .......... 19%  450K 20s
  2550K .......... .......... .......... .......... .......... 20%  777K 20s
  2600K .......... .......... .......... .......... .......... 20%  536K 20s
  2650K .......... .......... .......... .......... .......... 20%  561K 20s
  2700K .......... .......... .......... .......... .......... 21%  481K 20s
  2750K .......... .......... .......... .......... .......... 21%  465K 20s
  2800K .......... .......... .......... .......... .......... 22%  566K 19s
  2850K .......... .......... .......... .......... .......... 22%  483K 19s
  2900K .......... .......... .......... .......... .......... 22%  560K 19s
  2950K .......... .......... .......... .......... .......... 23%  561K 19s
  3000K .......... .......... .......... .......... .......... 23%  551K 19s
  3050K .......... .......... .......... .......... .......... 24%  165K 20s
  3100K .......... .......... .......... .......... .......... 24% 56.3K 22s
  3150K .......... .......... .......... .......... .......... 24% 1.06M 22s
  3200K .......... .......... .......... .......... .......... 25%  495K 21s
  3250K .......... .......... .......... .......... .......... 25%  500K 21s
  3300K .......... .......... .......... .......... .......... 26%  472K 21s
  3350K .......... .......... .......... .......... .......... 26%  498K 21s
  3400K .......... .......... .......... .......... .......... 26%  559K 21s
  3450K .......... .......... .......... .......... .......... 27%  512K 21s
  3500K .......... .......... .......... .......... .......... 27%  519K 21s
  3550K .......... .......... .......... .......... .......... 27%  168K 21s
  3600K .......... .......... .......... .......... .......... 28%  549K 21s
  3650K .......... .......... .......... .......... .......... 28%  560K 21s
  3700K .......... .......... .......... .......... .......... 29%  500K 20s
  3750K .......... .......... .......... .......... .......... 29%  171K 21s
  3800K .......... .......... .......... .......... .......... 29%  465K 21s
  3850K .......... .......... .......... .......... .......... 30%  609K 20s
  3900K .......... .......... .......... .......... .......... 30%  485K 20s
  3950K .......... .......... .......... .......... .......... 31%  111K 21s
  4000K .......... .......... .......... .......... .......... 31%  621K 21s
  4050K .......... .......... .......... .......... .......... 31%  572K 21s
  4100K .......... .......... .......... .......... .......... 32%  418K 20s
  4150K .......... .......... .......... .......... .......... 32%  651K 20s
  4200K .......... .......... .......... .......... .......... 32%  563K 20s
  4250K .......... .......... .......... .......... .......... 33%  465K 20s
  4300K .......... .......... .......... .......... .......... 33%  672K 20s
  4350K .......... .......... .......... .......... .......... 34%  561K 20s
  4400K .......... .......... .......... .......... .......... 34%  562K 19s
  4450K .......... .......... .......... .......... .......... 34%  544K 19s
  4500K .......... .......... .......... .......... .......... 35%  602K 19s
  4550K .......... .......... .......... .......... .......... 35%  580K 19s
  4600K .......... .......... .......... .......... .......... 36%  454K 19s
  4650K .......... .......... .......... .......... .......... 36%  624K 19s
  4700K .......... .......... .......... .......... .......... 36%  500K 19s
  4750K .......... .......... .......... .......... .......... 37%  576K 18s
  4800K .......... .......... .......... .......... .......... 37%  548K 18s
  4850K .......... .......... .......... .......... .......... 38%  608K 18s
  4900K .......... .......... .......... .......... .......... 38%  554K 18s
  4950K .......... .......... .......... .......... .......... 38%  537K 18s
  5000K .......... .......... .......... .......... .......... 39%  450K 18s
  5050K .......... .......... .......... .......... .......... 39%  593K 17s
  5100K .......... .......... .......... .......... .......... 39%  540K 17s
  5150K .......... .......... .......... .......... .......... 40% 96.3K 18s
  5200K .......... .......... .......... .......... .......... 40%  563K 18s
  5250K .......... .......... .......... .......... .......... 41%  569K 18s
  5300K .......... .......... .......... .......... .......... 41%  539K 17s
  5350K .......... .......... .......... .......... .......... 41%  513K 17s
  5400K .......... .......... .......... .......... .......... 42%  583K 17s
  5450K .......... .......... .......... .......... .......... 42%  156K 17s
  5500K .......... .......... .......... .......... .......... 43%  551K 17s
  5550K .......... .......... .......... .......... .......... 43%  562K 17s
  5600K .......... .......... .......... .......... .......... 43%  512K 17s
  5650K .......... .......... .......... .......... .......... 44% 69.9K 17s
  5700K .......... .......... .......... .......... .......... 44%  637K 17s
  5750K .......... .......... .......... .......... .......... 45%  542K 17s
  5800K .......... .......... .......... .......... .......... 45%  568K 17s
  5850K .......... .......... .......... .......... .......... 45%  521K 17s
  5900K .......... .......... .......... .......... .......... 46% 70.8K 17s
  5950K .......... .......... .......... .......... .......... 46%  493K 17s
  6000K .......... .......... .......... .......... .......... 46%  537K 17s
  6050K .......... .......... .......... .......... .......... 47%  578K 17s
  6100K .......... .......... .......... .......... .......... 47%  557K 17s
  6150K .......... .......... .......... .......... .......... 48%  501K 17s
  6200K .......... .......... .......... .......... .......... 48%  464K 16s
  6250K .......... .......... .......... .......... .......... 48%  497K 16s
  6300K .......... .......... .......... .......... .......... 49%  548K 16s
  6350K .......... .......... .......... .......... .......... 49%  572K 16s
  6400K .......... .......... .......... .......... .......... 50%  521K 16s
  6450K .......... .......... .......... .......... .......... 50%  497K 16s
  6500K .......... .......... .......... .......... .......... 50%  501K 16s
  6550K .......... .......... .......... .......... .......... 51%  594K 15s
  6600K .......... .......... .......... .......... .......... 51%  544K 15s
  6650K .......... .......... .......... .......... .......... 52%  167K 15s
  6700K .......... .......... .......... .......... .......... 52%  549K 15s
  6750K .......... .......... .......... .......... .......... 52%  547K 15s
  6800K .......... .......... .......... .......... .......... 53%  547K 15s
  6850K .......... .......... .......... .......... .......... 53%  499K 15s
  6900K .......... .......... .......... .......... .......... 53%  545K 14s
  6950K .......... .......... .......... .......... .......... 54%  634K 14s
  7000K .......... .......... .......... .......... .......... 54%  573K 14s
  7050K .......... .......... .......... .......... .......... 55%  479K 14s
  7100K .......... .......... .......... .......... .......... 55%  711K 14s
  7150K .......... .......... .......... .......... .......... 55%  560K 14s
  7200K .......... .......... .......... .......... .......... 56%  442K 14s
  7250K .......... .......... .......... .......... .......... 56%  623K 13s
  7300K .......... .......... .......... .......... .......... 57%  549K 13s
  7350K .......... .......... .......... .......... .......... 57%  543K 13s
  7400K .......... .......... .......... .......... .......... 57%  454K 13s
  7450K .......... .......... .......... .......... .......... 58%  456K 13s
  7500K .......... .......... .......... .......... .......... 58%  597K 13s
  7550K .......... .......... .......... .......... .......... 58%  591K 13s
  7600K .......... .......... .......... .......... .......... 59%  505K 13s
  7650K .......... .......... .......... .......... .......... 59%  632K 12s
  7700K .......... .......... .......... .......... .......... 60%  534K 12s
  7750K .......... .......... .......... .......... .......... 60%  569K 12s
  7800K .......... .......... .......... .......... .......... 60%  560K 12s
  7850K .......... .......... .......... .......... .......... 61%  559K 12s
  7900K .......... .......... .......... .......... .......... 61%  514K 12s
  7950K .......... .......... .......... .......... .......... 62%  529K 12s
  8000K .......... .......... .......... .......... .......... 62%  484K 11s
  8050K .......... .......... .......... .......... .......... 62%  490K 11s
  8100K .......... .......... .......... .......... .......... 63%  667K 11s
  8150K .......... .......... .......... .......... .......... 63%  544K 11s
  8200K .......... .......... .......... .......... .......... 64%  583K 11s
  8250K .......... .......... .......... .......... .......... 64%  521K 11s
  8300K .......... .......... .......... .......... .......... 64%  529K 11s
  8350K .......... .......... .......... .......... .......... 65%  597K 10s
  8400K .......... .......... .......... .......... .......... 65%  521K 10s
  8450K .......... .......... .......... .......... .......... 65%  595K 10s
  8500K .......... .......... .......... .......... .......... 66%  561K 10s
  8550K .......... .......... .......... .......... .......... 66%  485K 10s
  8600K .......... .......... .......... .......... .......... 67%  583K 10s
  8650K .......... .......... .......... .......... .......... 67%  576K 10s
  8700K .......... .......... .......... .......... .......... 67%  521K 10s
  8750K .......... .......... .......... .......... .......... 68%  583K 9s
  8800K .......... .......... .......... .......... .......... 68%  595K 9s
  8850K .......... .......... .......... .......... .......... 69%  532K 9s
  8900K .......... .......... .......... .......... .......... 69%  576K 9s
  8950K .......... .......... .......... .......... .......... 69%  496K 9s
  9000K .......... .......... .......... .......... .......... 70%  400K 9s
  9050K .......... .......... .......... .......... .......... 70%  549K 9s
  9100K .......... .......... .......... .......... .......... 71%  509K 9s
  9150K .......... .......... .......... .......... .......... 71%  598K 8s
  9200K .......... .......... .......... .......... .......... 71%  533K 8s
  9250K .......... .......... .......... .......... .......... 72%  472K 8s
  9300K .......... .......... .......... .......... .......... 72%  473K 8s
  9350K .......... .......... .......... .......... .......... 72%  535K 8s
  9400K .......... .......... .......... .......... .......... 73%  491K 8s
  9450K .......... .......... .......... .......... .......... 73%  165K 8s
  9500K .......... .......... .......... .......... .......... 74%  521K 8s
  9550K .......... .......... .......... .......... .......... 74%  102K 8s
  9600K .......... .......... .......... .......... .......... 74%  174K 8s
  9650K .......... .......... .......... .......... .......... 75%  531K 8s
  9700K .......... .......... .......... .......... .......... 75%  470K 7s
  9750K .......... .......... .......... .......... .......... 76%  548K 7s
  9800K .......... .......... .......... .......... .......... 76%  488K 7s
  9850K .......... .......... .......... .......... .......... 76%  496K 7s
  9900K .......... .......... .......... .......... .......... 77%  582K 7s
  9950K .......... .......... .......... .......... .......... 77%  506K 7s
 10000K .......... .......... .......... .......... .......... 78%  497K 7s
 10050K .......... .......... .......... .......... .......... 78%  629K 7s
 10100K .......... .......... .......... .......... .......... 78%  545K 6s
 10150K .......... .......... .......... .......... .......... 79%  465K 6s
 10200K .......... .......... .......... .......... .......... 79%  552K 6s
 10250K .......... .......... .......... .......... .......... 79%  557K 6s
 10300K .......... .......... .......... .......... .......... 80%  520K 6s
 10350K .......... .......... .......... .......... .......... 80%  512K 6s
 10400K .......... .......... .......... .......... .......... 81%  535K 6s
 10450K .......... .......... .......... .......... .......... 81%  561K 6s
 10500K .......... .......... .......... .......... .......... 81%  502K 5s
 10550K .......... .......... .......... .......... .......... 82%  161K 5s
 10600K .......... .......... .......... .......... .......... 82%  566K 5s
 10650K .......... .......... .......... .......... .......... 83%  510K 5s
 10700K .......... .......... .......... .......... .......... 83%  503K 5s
 10750K .......... .......... .......... .......... .......... 83%  694K 5s
 10800K .......... .......... .......... .......... .......... 84%  549K 5s
 10850K .......... .......... .......... .......... .......... 84%  564K 5s
 10900K .......... .......... .......... .......... .......... 84%  535K 4s
 10950K .......... .......... .......... .......... .......... 85%  551K 4s
 11000K .......... .......... .......... .......... .......... 85%  544K 4s
 11050K .......... .......... .......... .......... .......... 86%  521K 4s
 11100K .......... .......... .......... .......... .......... 86%  522K 4s
 11150K .......... .......... .......... .......... .......... 86%  568K 4s
 11200K .......... .......... .......... .......... .......... 87%  597K 4s
 11250K .......... .......... .......... .......... .......... 87%  501K 4s
 11300K .......... .......... .......... .......... .......... 88%  599K 4s
 11350K .......... .......... .......... .......... .......... 88%  417K 3s
 11400K .......... .......... .......... .......... .......... 88%  521K 3s
 11450K .......... .......... .......... .......... .......... 89%  164K 3s
 11500K .......... .......... .......... .......... .......... 89%  507K 3s
 11550K .......... .......... .......... .......... .......... 90%  583K 3s
 11600K .......... .......... .......... .......... .......... 90%  592K 3s
 11650K .......... .......... .......... .......... .......... 90%  522K 3s
 11700K .......... .......... .......... .......... .......... 91%  564K 3s
 11750K .......... .......... .......... .......... .......... 91%  573K 3s
 11800K .......... .......... .......... .......... .......... 91%  572K 2s
 11850K .......... .......... .......... .......... .......... 92%  562K 2s
 11900K .......... .......... .......... .......... .......... 92%  493K 2s
 11950K .......... .......... .......... .......... .......... 93%  628K 2s
 12000K .......... .......... .......... .......... .......... 93%  172K 2s
 12050K .......... .......... .......... .......... .......... 93%  512K 2s
 12100K .......... .......... .......... .......... .......... 94%  509K 2s
 12150K .......... .......... .......... .......... .......... 94%  544K 2s
 12200K .......... .......... .......... .......... .......... 95%  159K 1s
 12250K .......... .......... .......... .......... .......... 95%  174K 1s
 12300K .......... .......... .......... .......... .......... 95%  533K 1s
 12350K .......... .......... .......... .......... .......... 96%  520K 1s
 12400K .......... .......... .......... .......... .......... 96%  578K 1s
 12450K .......... .......... .......... .......... .......... 97%  494K 1s
 12500K .......... .......... .......... .......... .......... 97%  564K 1s
 12550K .......... .......... .......... .......... .......... 97%  486K 1s
 12600K .......... .......... .......... .......... .......... 98%  660K 1s
 12650K .......... .......... .......... .......... .......... 98%  552K 0s
 12700K .......... .......... .......... .......... .......... 98%  563K 0s
 12750K .......... .......... .......... .......... .......... 99%  485K 0s
 12800K .......... .......... .......... .......... .......... 99%  645K 0s
 12850K .......... .......... .......... ....                 100%  539K=30s

2016-05-25 02:57:34 (431 KB/s) - ‘index.html.9’ saved [13193358/13193358]

