--2016-05-25 03:51:10--  http://10.30.50.93:8000/
Connecting to 10.30.50.93:8000... connected.
HTTP request sent, awaiting response... 200 OK
Length: 13193358 (13M) [text/html]
Saving to: ‘index.html.1’

     0K .......... .......... .......... .......... ..........  0% 5.98M 2s
    50K .......... .......... .......... .......... ..........  0% 6.03M 2s
   100K .......... .......... .......... .......... ..........  1% 4.77M 2s
   150K .......... .......... .......... .......... ..........  1% 5.88M 2s
   200K .......... .......... .......... .......... ..........  1% 5.21M 2s
   250K .......... .......... .......... .......... ..........  2% 6.86M 2s
   300K .......... .......... .......... .......... ..........  2% 5.09M 2s
   350K .......... .......... .......... .......... ..........  3% 5.85M 2s
   400K .......... .......... .......... .......... ..........  3% 5.91M 2s
   450K .......... .......... .......... .......... ..........  3% 5.70M 2s
   500K .......... .......... .......... .......... ..........  4% 5.95M 2s
   550K .......... .......... .......... .......... ..........  4% 5.91M 2s
   600K .......... .......... .......... .......... ..........  5% 5.14M 2s
   650K .......... .......... .......... .......... ..........  5% 6.40M 2s
   700K .......... .......... .......... .......... ..........  5% 5.63M 2s
   750K .......... .......... .......... .......... ..........  6% 5.80M 2s
   800K .......... .......... .......... .......... ..........  6% 5.37M 2s
   850K .......... .......... .......... .......... ..........  6% 5.98M 2s
   900K .......... .......... .......... .......... ..........  7% 5.94M 2s
   950K .......... .......... .......... .......... ..........  7% 5.81M 2s
  1000K .......... .......... .......... .......... ..........  8% 6.08M 2s
  1050K .......... .......... .......... .......... ..........  8% 5.68M 2s
  1100K .......... .......... .......... .......... ..........  8% 5.05M 2s
  1150K .......... .......... .......... .......... ..........  9% 6.00M 2s
  1200K .......... .......... .......... .......... ..........  9% 5.56M 2s
  1250K .......... .......... .......... .......... .......... 10% 5.89M 2s
  1300K .......... .......... .......... .......... .......... 10% 6.81M 2s
  1350K .......... .......... .......... .......... .......... 10% 5.46M 2s
  1400K .......... .......... .......... .......... .......... 11% 5.61M 2s
  1450K .......... .......... .......... .......... .......... 11% 5.63M 2s
  1500K .......... .......... .......... .......... .......... 12% 6.21M 2s
  1550K .......... .......... .......... .......... .......... 12% 5.58M 2s
  1600K .......... .......... .......... .......... .......... 12% 5.56M 2s
  1650K .......... .......... .......... .......... .......... 13% 5.54M 2s
  1700K .......... .......... .......... .......... .......... 13% 6.15M 2s
  1750K .......... .......... .......... .......... .......... 13% 5.25M 2s
  1800K .......... .......... .......... .......... .......... 14% 6.79M 2s
  1850K .......... .......... .......... .......... .......... 14% 4.93M 2s
  1900K .......... .......... .......... .......... .......... 15% 6.44M 2s
  1950K .......... .......... .......... .......... .......... 15% 5.42M 2s
  2000K .......... .......... .......... .......... .......... 15% 6.33M 2s
  2050K .......... .......... .......... .......... .......... 16% 5.24M 2s
  2100K .......... .......... .......... .......... .......... 16% 5.88M 2s
  2150K .......... .......... .......... .......... .......... 17% 5.97M 2s
  2200K .......... .......... .......... .......... .......... 17% 6.01M 2s
  2250K .......... .......... .......... .......... .......... 17% 5.11M 2s
  2300K .......... .......... .......... .......... .......... 18% 6.01M 2s
  2350K .......... .......... .......... .......... .......... 18% 5.63M 2s
  2400K .......... .......... .......... .......... .......... 19% 5.88M 2s
  2450K .......... .......... .......... .......... .......... 19% 6.06M 2s
  2500K .......... .......... .......... .......... .......... 19% 5.40M 2s
  2550K .......... .......... .......... .......... .......... 20% 6.02M 2s
  2600K .......... .......... .......... .......... .......... 20% 6.05M 2s
  2650K .......... .......... .......... .......... .......... 20% 4.97M 2s
  2700K .......... .......... .......... .......... .......... 21% 6.33M 2s
  2750K .......... .......... .......... .......... .......... 21% 5.47M 2s
  2800K .......... .......... .......... .......... .......... 22% 5.89M 2s
  2850K .......... .......... .......... .......... .......... 22% 6.34M 2s
  2900K .......... .......... .......... .......... .......... 22% 5.25M 2s
  2950K .......... .......... .......... .......... .......... 23% 6.14M 2s
  3000K .......... .......... .......... .......... .......... 23% 5.84M 2s
  3050K .......... .......... .......... .......... .......... 24% 5.93M 2s
  3100K .......... .......... .......... .......... .......... 24% 5.47M 2s
  3150K .......... .......... .......... .......... .......... 24% 5.70M 2s
  3200K .......... .......... .......... .......... .......... 25% 5.66M 2s
  3250K .......... .......... .......... .......... .......... 25% 6.63M 2s
  3300K .......... .......... .......... .......... .......... 26% 4.97M 2s
  3350K .......... .......... .......... .......... .......... 26% 6.80M 2s
  3400K .......... .......... .......... .......... .......... 26% 5.09M 2s
  3450K .......... .......... .......... .......... .......... 27% 5.74M 2s
  3500K .......... .......... .......... .......... .......... 27% 6.05M 2s
  3550K .......... .......... .......... .......... .......... 27% 5.70M 2s
  3600K .......... .......... .......... .......... .......... 28% 5.80M 2s
  3650K .......... .......... .......... .......... .......... 28% 6.14M 2s
  3700K .......... .......... .......... .......... .......... 29% 5.10M 2s
  3750K .......... .......... .......... .......... .......... 29% 5.97M 2s
  3800K .......... .......... .......... .......... .......... 29% 5.43M 2s
  3850K .......... .......... .......... .......... .......... 30% 5.96M 2s
  3900K .......... .......... .......... .......... .......... 30% 6.11M 2s
  3950K .......... .......... .......... .......... .......... 31% 5.53M 2s
  4000K .......... .......... .......... .......... .......... 31% 5.90M 2s
  4050K .......... .......... .......... .......... .......... 31% 5.97M 1s
  4100K .......... .......... .......... .......... .......... 32% 5.15M 1s
  4150K .......... .......... .......... .......... .......... 32% 6.05M 1s
  4200K .......... .......... .......... .......... .......... 32% 4.29M 1s
  4250K .......... .......... .......... .......... .......... 33% 8.82M 1s
  4300K .......... .......... .......... .......... .......... 33% 5.52M 1s
  4350K .......... .......... .......... .......... .......... 34% 6.60M 1s
  4400K .......... .......... .......... .......... .......... 34% 5.14M 1s
  4450K .......... .......... .......... .......... .......... 34% 5.95M 1s
  4500K .......... .......... .......... .......... .......... 35% 6.02M 1s
  4550K .......... .......... .......... .......... .......... 35% 5.37M 1s
  4600K .......... .......... .......... .......... .......... 36% 6.06M 1s
  4650K .......... .......... .......... .......... .......... 36% 5.98M 1s
  4700K .......... .......... .......... .......... .......... 36% 4.96M 1s
  4750K .......... .......... .......... .......... .......... 37% 6.86M 1s
  4800K .......... .......... .......... .......... .......... 37% 6.08M 1s
  4850K .......... .......... .......... .......... .......... 38% 5.10M 1s
  4900K .......... .......... .......... .......... .......... 38% 6.62M 1s
  4950K .......... .......... .......... .......... .......... 38% 5.11M 1s
  5000K .......... .......... .......... .......... .......... 39% 5.83M 1s
  5050K .......... .......... .......... .......... .......... 39% 6.14M 1s
  5100K .......... .......... .......... .......... .......... 39% 6.06M 1s
  5150K .......... .......... .......... .......... .......... 40% 5.18M 1s
  5200K .......... .......... .......... .......... .......... 40% 5.88M 1s
  5250K .......... .......... .......... .......... .......... 41% 5.92M 1s
  5300K .......... .......... .......... .......... .......... 41% 5.94M 1s
  5350K .......... .......... .......... .......... .......... 41% 5.14M 1s
  5400K .......... .......... .......... .......... .......... 42% 5.98M 1s
  5450K .......... .......... .......... .......... .......... 42% 5.60M 1s
  5500K .......... .......... .......... .......... .......... 43% 6.22M 1s
  5550K .......... .......... .......... .......... .......... 43% 5.61M 1s
  5600K .......... .......... .......... .......... .......... 43% 6.07M 1s
  5650K .......... .......... .......... .......... .......... 44% 5.22M 1s
  5700K .......... .......... .......... .......... .......... 44% 6.01M 1s
  5750K .......... .......... .......... .......... .......... 45% 5.71M 1s
  5800K .......... .......... .......... .......... .......... 45% 6.12M 1s
  5850K .......... .......... .......... .......... .......... 45% 5.13M 1s
  5900K .......... .......... .......... .......... .......... 46% 6.70M 1s
  5950K .......... .......... .......... .......... .......... 46% 5.31M 1s
  6000K .......... .......... .......... .......... .......... 46% 5.85M 1s
  6050K .......... .......... .......... .......... .......... 47% 5.20M 1s
  6100K .......... .......... .......... .......... .......... 47% 6.06M 1s
  6150K .......... .......... .......... .......... .......... 48% 5.94M 1s
  6200K .......... .......... .......... .......... .......... 48% 5.72M 1s
  6250K .......... .......... .......... .......... .......... 48% 5.68M 1s
  6300K .......... .......... .......... .......... .......... 49% 6.22M 1s
  6350K .......... .......... .......... .......... .......... 49% 5.22M 1s
  6400K .......... .......... .......... .......... .......... 50% 6.07M 1s
  6450K .......... .......... .......... .......... .......... 50% 5.87M 1s
  6500K .......... .......... .......... .......... .......... 50% 5.96M 1s
  6550K .......... .......... .......... .......... .......... 51% 5.91M 1s
  6600K .......... .......... .......... .......... .......... 51% 5.20M 1s
  6650K .......... .......... .......... .......... .......... 52% 5.79M 1s
  6700K .......... .......... .......... .......... .......... 52% 6.34M 1s
  6750K .......... .......... .......... .......... .......... 52% 5.83M 1s
  6800K .......... .......... .......... .......... .......... 53% 5.15M 1s
  6850K .......... .......... .......... .......... .......... 53% 5.90M 1s
  6900K .......... .......... .......... .......... .......... 53% 5.74M 1s
  6950K .......... .......... .......... .......... .......... 54% 5.99M 1s
  7000K .......... .......... .......... .......... .......... 54% 5.88M 1s
  7050K .......... .......... .......... .......... .......... 55% 6.05M 1s
  7100K .......... .......... .......... .......... .......... 55% 5.13M 1s
  7150K .......... .......... .......... .......... .......... 55% 5.92M 1s
  7200K .......... .......... .......... .......... .......... 56% 5.56M 1s
  7250K .......... .......... .......... .......... .......... 56% 6.45M 1s
  7300K .......... .......... .......... .......... .......... 57% 5.28M 1s
  7350K .......... .......... .......... .......... .......... 57% 6.37M 1s
  7400K .......... .......... .......... .......... .......... 57% 5.20M 1s
  7450K .......... .......... .......... .......... .......... 58% 6.14M 1s
  7500K .......... .......... .......... .......... .......... 58% 5.38M 1s
  7550K .......... .......... .......... .......... .......... 58% 5.99M 1s
  7600K .......... .......... .......... .......... .......... 59% 5.89M 1s
  7650K .......... .......... .......... .......... .......... 59% 6.01M 1s
  7700K .......... .......... .......... .......... .......... 60% 5.08M 1s
  7750K .......... .......... .......... .......... .......... 60% 6.10M 1s
  7800K .......... .......... .......... .......... .......... 60% 5.32M 1s
  7850K .......... .......... .......... .......... .......... 61% 6.48M 1s
  7900K .......... .......... .......... .......... .......... 61% 5.66M 1s
  7950K .......... .......... .......... .......... .......... 62% 5.67M 1s
  8000K .......... .......... .......... .......... .......... 62% 6.51M 1s
  8050K .......... .......... .......... .......... .......... 62% 5.39M 1s
  8100K .......... .......... .......... .......... .......... 63% 5.62M 1s
  8150K .......... .......... .......... .......... .......... 63% 5.47M 1s
  8200K .......... .......... .......... .......... .......... 64% 5.63M 1s
  8250K .......... .......... .......... .......... .......... 64% 6.32M 1s
  8300K .......... .......... .......... .......... .......... 64% 5.38M 1s
  8350K .......... .......... .......... .......... .......... 65% 4.85M 1s
  8400K .......... .......... .......... .......... .......... 65% 7.74M 1s
  8450K .......... .......... .......... .......... .......... 65% 5.32M 1s
  8500K .......... .......... .......... .......... .......... 66% 6.21M 1s
  8550K .......... .......... .......... .......... .......... 66% 5.27M 1s
  8600K .......... .......... .......... .......... .......... 67% 6.20M 1s
  8650K .......... .......... .......... .......... .......... 67% 5.34M 1s
  8700K .......... .......... .......... .......... .......... 67% 6.20M 1s
  8750K .......... .......... .......... .......... .......... 68% 5.15M 1s
  8800K .......... .......... .......... .......... .......... 68% 7.37M 1s
  8850K .......... .......... .......... .......... .......... 69% 5.30M 1s
  8900K .......... .......... .......... .......... .......... 69% 5.93M 1s
  8950K .......... .......... .......... .......... .......... 69% 5.16M 1s
  9000K .......... .......... .......... .......... .......... 70% 6.95M 1s
  9050K .......... .......... .......... .......... .......... 70% 5.24M 1s
  9100K .......... .......... .......... .......... .......... 71% 5.92M 1s
  9150K .......... .......... .......... .......... .......... 71% 5.19M 1s
  9200K .......... .......... .......... .......... .......... 71% 6.94M 1s
  9250K .......... .......... .......... .......... .......... 72% 5.26M 1s
  9300K .......... .......... .......... .......... .......... 72% 5.87M 1s
  9350K .......... .......... .......... .......... .......... 72% 5.17M 1s
  9400K .......... .......... .......... .......... .......... 73% 6.95M 1s
  9450K .......... .......... .......... .......... .......... 73% 5.26M 1s
  9500K .......... .......... .......... .......... .......... 74% 5.88M 1s
  9550K .......... .......... .......... .......... .......... 74% 5.78M 1s
  9600K .......... .......... .......... .......... .......... 74% 5.86M 1s
  9650K .......... .......... .......... .......... .......... 75% 5.11M 1s
  9700K .......... .......... .......... .......... .......... 75% 6.38M 1s
  9750K .......... .......... .......... .......... .......... 76% 5.47M 1s
  9800K .......... .......... .......... .......... .......... 76% 6.50M 1s
  9850K .......... .......... .......... .......... .......... 76% 4.94M 1s
  9900K .......... .......... .......... .......... .......... 77% 6.57M 0s
  9950K .......... .......... .......... .......... .......... 77% 5.60M 0s
 10000K .......... .......... .......... .......... .......... 78% 5.43M 0s
 10050K .......... .......... .......... .......... .......... 78% 6.85M 0s
 10100K .......... .......... .......... .......... .......... 78% 5.23M 0s
 10150K .......... .......... .......... .......... .......... 79% 5.58M 0s
 10200K .......... .......... .......... .......... .......... 79% 5.90M 0s
 10250K .......... .......... .......... .......... .......... 79% 5.60M 0s
 10300K .......... .......... .......... .......... .......... 80% 6.34M 0s
 10350K .......... .......... .......... .......... .......... 80% 5.67M 0s
 10400K .......... .......... .......... .......... .......... 81% 5.62M 0s
 10450K .......... .......... .......... .......... .......... 81% 5.55M 0s
 10500K .......... .......... .......... .......... .......... 81% 5.51M 0s
 10550K .......... .......... .......... .......... .......... 82% 6.35M 0s
 10600K .......... .......... .......... .......... .......... 82% 5.41M 0s
 10650K .......... .......... .......... .......... .......... 83% 6.06M 0s
 10700K .......... .......... .......... .......... .......... 83% 5.24M 0s
 10750K .......... .......... .......... .......... .......... 83% 6.80M 0s
 10800K .......... .......... .......... .......... .......... 84% 5.49M 0s
 10850K .......... .......... .......... .......... .......... 84% 5.44M 0s
 10900K .......... .......... .......... .......... .......... 84% 6.08M 0s
 10950K .......... .......... .......... .......... .......... 85% 5.95M 0s
 11000K .......... .......... .......... .......... .......... 85% 5.13M 0s
 11050K .......... .......... .......... .......... .......... 86% 5.89M 0s
 11100K .......... .......... .......... .......... .......... 86% 6.05M 0s
 11150K .......... .......... .......... .......... .......... 86% 6.04M 0s
 11200K .......... .......... .......... .......... .......... 87% 5.17M 0s
 11250K .......... .......... .......... .......... .......... 87% 5.83M 0s
 11300K .......... .......... .......... .......... .......... 88% 5.87M 0s
 11350K .......... .......... .......... .......... .......... 88% 6.42M 0s
 11400K .......... .......... .......... .......... .......... 88% 5.47M 0s
 11450K .......... .......... .......... .......... .......... 89% 5.53M 0s
 11500K .......... .......... .......... .......... .......... 89% 5.55M 0s
 11550K .......... .......... .......... .......... .......... 90% 6.43M 0s
 11600K .......... .......... .......... .......... .......... 90% 5.43M 0s
 11650K .......... .......... .......... .......... .......... 90% 6.26M 0s
 11700K .......... .......... .......... .......... .......... 91% 5.31M 0s
 11750K .......... .......... .......... .......... .......... 91% 5.90M 0s
 11800K .......... .......... .......... .......... .......... 91% 5.14M 0s
 11850K .......... .......... .......... .......... .......... 92% 6.02M 0s
 11900K .......... .......... .......... .......... .......... 92% 6.10M 0s
 11950K .......... .......... .......... .......... .......... 93% 5.80M 0s
 12000K .......... .......... .......... .......... .......... 93% 5.87M 0s
 12050K .......... .......... .......... .......... .......... 93% 5.89M 0s
 12100K .......... .......... .......... .......... .......... 94% 5.93M 0s
 12150K .......... .......... .......... .......... .......... 94% 5.31M 0s
 12200K .......... .......... .......... .......... .......... 95% 5.25M 0s
 12250K .......... .......... .......... .......... .......... 95% 6.06M 0s
 12300K .......... .......... .......... .......... .......... 95% 5.78M 0s
 12350K .......... .......... .......... .......... .......... 96% 5.67M 0s
 12400K .......... .......... .......... .......... .......... 96% 6.65M 0s
 12450K .......... .......... .......... .......... .......... 97% 5.04M 0s
 12500K .......... .......... .......... .......... .......... 97% 6.71M 0s
 12550K .......... .......... .......... .......... .......... 97% 5.36M 0s
 12600K .......... .......... .......... .......... .......... 98% 6.13M 0s
 12650K .......... .......... .......... .......... .......... 98% 5.45M 0s
 12700K .......... .......... .......... .......... .......... 98% 6.21M 0s
 12750K .......... .......... .......... .......... .......... 99% 5.39M 0s
 12800K .......... .......... .......... .......... .......... 99% 6.05M 0s
 12850K .......... .......... .......... ....                 100% 5.80M=2.2s

2016-05-25 03:51:12 (5.75 MB/s) - ‘index.html.1’ saved [13193358/13193358]

