--2016-05-25 01:42:00--  http://10.30.50.93:8000/
Connecting to 10.30.50.93:8000... connected.
HTTP request sent, awaiting response... 200 OK
Length: 13193358 (13M) [text/html]
Saving to: ‘index.html.8’

     0K .......... .......... .......... .......... ..........  0%  226K 57s
    50K .......... .......... .......... .......... ..........  0%  219K 57s
   100K .......... .......... .......... .......... ..........  1%  181K 62s
   150K .......... .......... .......... .......... ..........  1%  254K 59s
   200K .......... .......... .......... .......... ..........  1%  237K 57s
   250K .......... .......... .......... .......... ..........  2%  198K 58s
   300K .......... .......... .......... .......... ..........  2%  253K 57s
   350K .......... .......... .......... .......... ..........  3%  214K 57s
   400K .......... .......... .......... .......... ..........  3%  225K 56s
   450K .......... .......... .......... .......... ..........  3%  219K 56s
   500K .......... .......... .......... .......... ..........  4%  219K 56s
   550K .......... .......... .......... .......... ..........  4%  238K 55s
   600K .......... .......... .......... .......... ..........  5%  238K 55s
   650K .......... .......... .......... .......... ..........  5%  190K 55s
   700K .......... .......... .......... .......... ..........  5%  269K 54s
   750K .......... .......... .......... .......... ..........  6%  225K 54s
   800K .......... .......... .......... .......... ..........  6%  199K 54s
   850K .......... .......... .......... .......... ..........  6%  194K 55s
   900K .......... .......... .......... .......... ..........  7%  231K 54s
   950K .......... .......... .......... .......... ..........  7%  219K 54s
  1000K .......... .......... .......... .......... ..........  8%  181K 54s
  1050K .......... .......... .......... .......... ..........  8%  238K 54s
  1100K .......... .......... .......... .......... ..........  8%  245K 53s
  1150K .......... .......... .......... .......... ..........  9%  185K 54s
  1200K .......... .......... .......... .......... ..........  9%  245K 53s
  1250K .......... .......... .......... .......... .......... 10%  225K 53s
  1300K .......... .......... .......... .......... .......... 10%  238K 52s
  1350K .......... .......... .......... .......... .......... 10%  203K 52s
  1400K .......... .......... .......... .......... .......... 11%  238K 52s
  1450K .......... .......... .......... .......... .......... 11%  214K 52s
  1500K .......... .......... .......... .......... .......... 12%  185K 52s
  1550K .......... .......... .......... .......... .......... 12%  231K 52s
  1600K .......... .......... .......... .......... .......... 12%  213K 51s
  1650K .......... .......... .......... .......... .......... 13%  189K 51s
  1700K .......... .......... .......... .......... .......... 13%  220K 51s
  1750K .......... .......... .......... .......... .......... 13%  261K 51s
  1800K .......... .......... .......... .......... .......... 14%  231K 50s
  1850K .......... .......... .......... .......... .......... 14%  203K 50s
  1900K .......... .......... .......... .......... .......... 15%  199K 50s
  1950K .......... .......... .......... .......... .......... 15%  226K 50s
  2000K .......... .......... .......... .......... .......... 15%  110K 51s
  2050K .......... .......... .......... .......... .......... 16%  174K 51s
  2100K .......... .......... .......... .......... .......... 16%  231K 51s
  2150K .......... .......... .......... .......... .......... 17%  189K 50s
  2200K .......... .......... .......... .......... .......... 17%  203K 50s
  2250K .......... .......... .......... .......... .......... 17%  246K 50s
  2300K .......... .......... .......... .......... .......... 18%  225K 50s
  2350K .......... .......... .......... .......... .......... 18%  185K 50s
  2400K .......... .......... .......... .......... .......... 19%  277K 49s
  2450K .......... .......... .......... .......... .......... 19%  232K 49s
  2500K .......... .......... .......... .......... .......... 19%  214K 48s
  2550K .......... .......... .......... .......... .......... 20%  209K 48s
  2600K .......... .......... .......... .......... .......... 20%  219K 48s
  2650K .......... .......... .......... .......... .......... 20%  238K 48s
  2700K .......... .......... .......... .......... .......... 21%  194K 48s
  2750K .......... .......... .......... .......... .......... 21%  269K 47s
  2800K .......... .......... .......... .......... .......... 22%  224K 47s
  2850K .......... .......... .......... .......... .......... 22%  232K 47s
  2900K .......... .......... .......... .......... .......... 22%  203K 46s
  2950K .......... .......... .......... .......... .......... 23%  204K 46s
  3000K .......... .......... .......... .......... .......... 23%  219K 46s
  3050K .......... .......... .......... .......... .......... 24%  214K 46s
  3100K .......... .......... .......... .......... .......... 24%  245K 45s
  3150K .......... .......... .......... .......... .......... 24%  231K 45s
  3200K .......... .......... .......... .......... .......... 25%  220K 45s
  3250K .......... .......... .......... .......... .......... 25%  219K 45s
  3300K .......... .......... .......... .......... .......... 26%  225K 44s
  3350K .......... .......... .......... .......... .......... 26%  239K 44s
  3400K .......... .......... .......... .......... .......... 26%  219K 44s
  3450K .......... .......... .......... .......... .......... 27%  219K 44s
  3500K .......... .......... .......... .......... .......... 27%  225K 43s
  3550K .......... .......... .......... .......... .......... 27%  185K 43s
  3600K .......... .......... .......... .......... .......... 28%  185K 43s
  3650K .......... .......... .......... .......... .......... 28%  225K 43s
  3700K .......... .......... .......... .......... .......... 29%  220K 43s
  3750K .......... .......... .......... .......... .......... 29%  213K 42s
  3800K .......... .......... .......... .......... .......... 29%  239K 42s
  3850K .......... .......... .......... .......... .......... 30%  231K 42s
  3900K .......... .......... .......... .......... .......... 30%  226K 41s
  3950K .......... .......... .......... .......... .......... 31%  219K 41s
  4000K .......... .......... .......... .......... .......... 31%  219K 41s
  4050K .......... .......... .......... .......... .......... 31%  237K 41s
  4100K .......... .......... .......... .......... .......... 32%  181K 41s
  4150K .......... .......... .......... .......... .......... 32%  232K 40s
  4200K .......... .......... .......... .......... .......... 32%  238K 40s
  4250K .......... .......... .......... .......... .......... 33%  219K 40s
  4300K .......... .......... .......... .......... .......... 33%  110K 40s
  4350K .......... .......... .......... .......... .......... 34%  213K 40s
  4400K .......... .......... .......... .......... .......... 34%  185K 40s
  4450K .......... .......... .......... .......... .......... 34%  253K 39s
  4500K .......... .......... .......... .......... .......... 35%  190K 39s
  4550K .......... .......... .......... .......... .......... 35%  225K 39s
  4600K .......... .......... .......... .......... .......... 36%  117K 39s
  4650K .......... .......... .......... .......... .......... 36%  198K 39s
  4700K .......... .......... .......... .......... .......... 36%  231K 38s
  4750K .......... .......... .......... .......... .......... 37%  185K 38s
  4800K .......... .......... .......... .......... .......... 37%  245K 38s
  4850K .......... .......... .......... .......... .......... 38%  232K 38s
  4900K .......... .......... .......... .......... .......... 38%  220K 37s
  4950K .......... .......... .......... .......... .......... 38%  193K 37s
  5000K .......... .......... .......... .......... .......... 39%  278K 37s
  5050K .......... .......... .......... .......... .......... 39%  209K 37s
  5100K .......... .......... .......... .......... .......... 39%  213K 36s
  5150K .......... .......... .......... .......... .......... 40%  214K 36s
  5200K .......... .......... .......... .......... .......... 40%  225K 36s
  5250K .......... .......... .......... .......... .......... 41%  219K 36s
  5300K .......... .......... .......... .......... .......... 41%  214K 36s
  5350K .......... .......... .......... .......... .......... 41%  239K 35s
  5400K .......... .......... .......... .......... .......... 42%  219K 35s
  5450K .......... .......... .......... .......... .......... 42%  232K 35s
  5500K .......... .......... .......... .......... .......... 43%  194K 35s
  5550K .......... .......... .......... .......... .......... 43%  252K 34s
  5600K .......... .......... .......... .......... .......... 43%  225K 34s
  5650K .......... .......... .......... .......... .......... 44%  225K 34s
  5700K .......... .......... .......... .......... .......... 44%  108K 34s
  5750K .......... .......... .......... .......... .......... 45%  208K 34s
  5800K .......... .......... .......... .......... .......... 45%  198K 33s
  5850K .......... .......... .......... .......... .......... 45%  214K 33s
  5900K .......... .......... .......... .......... .......... 46%  231K 33s
  5950K .......... .......... .......... .......... .......... 46%  185K 33s
  6000K .......... .......... .......... .......... .......... 46%  286K 32s
  6050K .......... .......... .......... .......... .......... 47%  226K 32s
  6100K .......... .......... .......... .......... .......... 47%  232K 32s
  6150K .......... .......... .......... .......... .......... 48%  231K 32s
  6200K .......... .......... .......... .......... .......... 48%  219K 31s
  6250K .......... .......... .......... .......... .......... 48%  232K 31s
  6300K .......... .......... .......... .......... .......... 49%  198K 31s
  6350K .......... .......... .......... .......... .......... 49%  252K 31s
  6400K .......... .......... .......... .......... .......... 50%  225K 30s
  6450K .......... .......... .......... .......... .......... 50%  232K 30s
  6500K .......... .......... .......... .......... .......... 50%  225K 30s
  6550K .......... .......... .......... .......... .......... 51%  208K 30s
  6600K .......... .......... .......... .......... .......... 51%  219K 29s
  6650K .......... .......... .......... .......... .......... 52% 99.2K 29s
  6700K .......... .......... .......... .......... .......... 52%  260K 29s
  6750K .......... .......... .......... .......... .......... 52%  225K 29s
  6800K .......... .......... .......... .......... .......... 53%  225K 29s
  6850K .......... .......... .......... .......... .......... 53%  226K 28s
  6900K .......... .......... .......... .......... .......... 53%  214K 28s
  6950K .......... .......... .......... .......... .......... 54%  198K 28s
  7000K .......... .......... .......... .......... .......... 54%  288K 28s
  7050K .......... .......... .......... .......... .......... 55%  232K 27s
  7100K .......... .......... .......... .......... .......... 55%  238K 27s
  7150K .......... .......... .......... .......... .......... 55%  181K 27s
  7200K .......... .......... .......... .......... .......... 56%  238K 27s
  7250K .......... .......... .......... .......... .......... 56%  232K 26s
  7300K .......... .......... .......... .......... .......... 57%  110K 26s
  7350K .......... .......... .......... .......... .......... 57%  219K 26s
  7400K .......... .......... .......... .......... .......... 57%  219K 26s
  7450K .......... .......... .......... .......... .......... 58%  231K 26s
  7500K .......... .......... .......... .......... .......... 58%  232K 25s
  7550K .......... .......... .......... .......... .......... 58%  238K 25s
  7600K .......... .......... .......... .......... .......... 59%  181K 25s
  7650K .......... .......... .......... .......... .......... 59%  287K 25s
  7700K .......... .......... .......... .......... .......... 60%  177K 24s
  7750K .......... .......... .......... .......... .......... 60%  225K 24s
  7800K .......... .......... .......... .......... .......... 60%  220K 24s
  7850K .......... .......... .......... .......... .......... 61%  190K 24s
  7900K .......... .......... .......... .......... .......... 61%  276K 23s
  7950K .......... .......... .......... .......... .......... 62%  209K 23s
  8000K .......... .......... .......... .......... .......... 62%  219K 23s
  8050K .......... .......... .......... .......... .......... 62%  225K 23s
  8100K .......... .......... .......... .......... .......... 63%  238K 22s
  8150K .......... .......... .......... .......... .......... 63%  214K 22s
  8200K .......... .......... .......... .......... .......... 64%  238K 22s
  8250K .......... .......... .......... .......... .......... 64%  219K 22s
  8300K .......... .......... .......... .......... .......... 64%  220K 21s
  8350K .......... .......... .......... .......... .......... 65%  224K 21s
  8400K .......... .......... .......... .......... .......... 65%  226K 21s
  8450K .......... .......... .......... .......... .......... 65%  189K 21s
  8500K .......... .......... .......... .......... .......... 66%  288K 20s
  8550K .......... .......... .......... .......... .......... 66%  208K 20s
  8600K .......... .......... .......... .......... .......... 67%  181K 20s
  8650K .......... .......... .......... .......... .......... 67%  107K 20s
  8700K .......... .......... .......... .......... .......... 67%  232K 20s
  8750K .......... .......... .......... .......... .......... 68%  219K 19s
  8800K .......... .......... .......... .......... .......... 68%  231K 19s
  8850K .......... .......... .......... .......... .......... 69%  199K 19s
  8900K .......... .......... .......... .......... .......... 69%  238K 19s
  8950K .......... .......... .......... .......... .......... 69%  231K 18s
  9000K .......... .......... .......... .......... .......... 70%  232K 18s
  9050K .......... .......... .......... .......... .......... 70%  178K 18s
  9100K .......... .......... .......... .......... .......... 71%  225K 18s
  9150K .......... .......... .......... .......... .......... 71%  232K 17s
  9200K .......... .......... .......... .......... .......... 71%  203K 17s
  9250K .......... .......... .......... .......... .......... 72%  279K 17s
  9300K .......... .......... .......... .......... .......... 72%  225K 17s
  9350K .......... .......... .......... .......... .......... 72%  204K 16s
  9400K .......... .......... .......... .......... .......... 73%  278K 16s
  9450K .......... .......... .......... .......... .......... 73%  198K 16s
  9500K .......... .......... .......... .......... .......... 74%  199K 16s
  9550K .......... .......... .......... .......... .......... 74%  277K 16s
  9600K .......... .......... .......... .......... .......... 74%  194K 15s
  9650K .......... .......... .......... .......... .......... 75%  253K 15s
  9700K .......... .......... .......... .......... .......... 75%  208K 15s
  9750K .......... .......... .......... .......... .......... 76%  219K 15s
  9800K .......... .......... .......... .......... .......... 76%  209K 14s
  9850K .......... .......... .......... .......... .......... 76%  232K 14s
  9900K .......... .......... .......... .......... .......... 77%  193K 14s
  9950K .......... .......... .......... .......... .......... 77%  220K 14s
 10000K .......... .......... .......... .......... .......... 78%  225K 13s
 10050K .......... .......... .......... .......... .......... 78%  194K 13s
 10100K .......... .......... .......... .......... .......... 78%  238K 13s
 10150K .......... .......... .......... .......... .......... 79%  225K 13s
 10200K .......... .......... .......... .......... .......... 79%  208K 12s
 10250K .......... .......... .......... .......... .......... 79%  219K 12s
 10300K .......... .......... .......... .......... .......... 80%  238K 12s
 10350K .......... .......... .......... .......... .......... 80%  232K 12s
 10400K .......... .......... .......... .......... .......... 81%  218K 11s
 10450K .......... .......... .......... .......... .......... 81%  239K 11s
 10500K .......... .......... .......... .......... .......... 81%  208K 11s
 10550K .......... .......... .......... .......... .......... 82%  209K 11s
 10600K .......... .......... .......... .......... .......... 82%  231K 11s
 10650K .......... .......... .......... .......... .......... 83%  225K 10s
 10700K .......... .......... .......... .......... .......... 83%  199K 10s
 10750K .......... .......... .......... .......... .......... 83%  231K 10s
 10800K .......... .......... .......... .......... .......... 84%  232K 10s
 10850K .......... .......... .......... .......... .......... 84%  238K 9s
 10900K .......... .......... .......... .......... .......... 84%  219K 9s
 10950K .......... .......... .......... .......... .......... 85%  199K 9s
 11000K .......... .......... .......... .......... .......... 85%  245K 9s
 11050K .......... .......... .......... .......... .......... 86%  225K 8s
 11100K .......... .......... .......... .......... .......... 86%  219K 8s
 11150K .......... .......... .......... .......... .......... 86%  203K 8s
 11200K .......... .......... .......... .......... .......... 87%  198K 8s
 11250K .......... .......... .......... .......... .......... 87%  252K 7s
 11300K .......... .......... .......... .......... .......... 88%  203K 7s
 11350K .......... .......... .......... .......... .......... 88%  198K 7s
 11400K .......... .......... .......... .......... .......... 88%  269K 7s
 11450K .......... .......... .......... .......... .......... 89%  209K 6s
 11500K .......... .......... .......... .......... .......... 89%  225K 6s
 11550K .......... .......... .......... .......... .......... 90%  238K 6s
 11600K .......... .......... .......... .......... .......... 90%  194K 6s
 11650K .......... .......... .......... .......... .......... 90%  203K 6s
 11700K .......... .......... .......... .......... .......... 91%  253K 5s
 11750K .......... .......... .......... .......... .......... 91%  173K 5s
 11800K .......... .......... .......... .......... .......... 91%  245K 5s
 11850K .......... .......... .......... .......... .......... 92%  238K 5s
 11900K .......... .......... .......... .......... .......... 92%  238K 4s
 11950K .......... .......... .......... .......... .......... 93%  214K 4s
 12000K .......... .......... .......... .......... .......... 93%  231K 4s
 12050K .......... .......... .......... .......... .......... 93%  225K 4s
 12100K .......... .......... .......... .......... .......... 94%  189K 3s
 12150K .......... .......... .......... .......... .......... 94%  110K 3s
 12200K .......... .......... .......... .......... .......... 95%  225K 3s
 12250K .......... .......... .......... .......... .......... 95%  225K 3s
 12300K .......... .......... .......... .......... .......... 95%  225K 3s
 12350K .......... .......... .......... .......... .......... 96%  199K 2s
 12400K .......... .......... .......... .......... .......... 96%  245K 2s
 12450K .......... .......... .......... .......... .......... 97%  225K 2s
 12500K .......... .......... .......... .......... .......... 97%  213K 2s
 12550K .......... .......... .......... .......... .......... 97%  194K 1s
 12600K .......... .......... .......... .......... .......... 98%  238K 1s
 12650K .......... .......... .......... .......... .......... 98%  225K 1s
 12700K .......... .......... .......... .......... .......... 98%  213K 1s
 12750K .......... .......... .......... .......... .......... 99%  219K 0s
 12800K .......... .......... .......... .......... .......... 99%  199K 0s
 12850K .......... .......... .......... ....                 100%  317K=61s

2016-05-25 01:43:00 (213 KB/s) - ‘index.html.8’ saved [13193358/13193358]

