--2016-05-25 02:55:28--  http://10.30.50.93:8000/
Connecting to 10.30.50.93:8000... connected.
HTTP request sent, awaiting response... 200 OK
Length: 13193358 (13M) [text/html]
Saving to: ‘index.html.5’

     0K .......... .......... .......... .......... ..........  0%  573K 22s
    50K .......... .......... .......... .......... ..........  0%  596K 22s
   100K .......... .......... .......... .......... ..........  1%  584K 22s
   150K .......... .......... .......... .......... ..........  1%  580K 22s
   200K .......... .......... .......... .......... ..........  1%  546K 22s
   250K .......... .......... .......... .......... ..........  2%  582K 22s
   300K .......... .......... .......... .......... ..........  2%  560K 22s
   350K .......... .......... .......... .......... ..........  3%  592K 22s
   400K .......... .......... .......... .......... ..........  3%  512K 22s
   450K .......... .......... .......... .......... ..........  3%  609K 22s
   500K .......... .......... .......... .......... ..........  4%  586K 22s
   550K .......... .......... .......... .......... ..........  4%  559K 21s
   600K .......... .......... .......... .......... ..........  5%  579K 21s
   650K .......... .......... .......... .......... ..........  5%  565K 21s
   700K .......... .......... .......... .......... ..........  5%  485K 21s
   750K .......... .......... .......... .......... ..........  6%  694K 21s
   800K .......... .......... .......... .......... ..........  6%  558K 21s
   850K .......... .......... .......... .......... ..........  6%  566K 21s
   900K .......... .......... .......... .......... ..........  7%  584K 21s
   950K .......... .......... .......... .......... ..........  7%  559K 21s
  1000K .......... .......... .......... .......... ..........  8%  574K 21s
  1050K .......... .......... .......... .......... ..........  8%  585K 21s
  1100K .......... .......... .......... .......... ..........  8%  597K 20s
  1150K .......... .......... .......... .......... ..........  9%  494K 21s
  1200K .......... .......... .......... .......... ..........  9%  580K 20s
  1250K .......... .......... .......... .......... .......... 10%  571K 20s
  1300K .......... .......... .......... .......... .......... 10%  600K 20s
  1350K .......... .......... .......... .......... .......... 10%  548K 20s
  1400K .......... .......... .......... .......... .......... 11%  510K 20s
  1450K .......... .......... .......... .......... .......... 11%  649K 20s
  1500K .......... .......... .......... .......... .......... 12%  547K 20s
  1550K .......... .......... .......... .......... .......... 12%  580K 20s
  1600K .......... .......... .......... .......... .......... 12%  582K 20s
  1650K .......... .......... .......... .......... .......... 13%  510K 20s
  1700K .......... .......... .......... .......... .......... 13%  594K 20s
  1750K .......... .......... .......... .......... .......... 13%  557K 20s
  1800K .......... .......... .......... .......... .......... 14%  578K 19s
  1850K .......... .......... .......... .......... .......... 14%  596K 19s
  1900K .......... .......... .......... .......... .......... 15%  549K 19s
  1950K .......... .......... .......... .......... .......... 15%  560K 19s
  2000K .......... .......... .......... .......... .......... 15%  569K 19s
  2050K .......... .......... .......... .......... .......... 16%  597K 19s
  2100K .......... .......... .......... .......... .......... 16%  571K 19s
  2150K .......... .......... .......... .......... .......... 17%  597K 19s
  2200K .......... .......... .......... .......... .......... 17%  561K 19s
  2250K .......... .......... .......... .......... .......... 17%  585K 19s
  2300K .......... .......... .......... .......... .......... 18%  493K 19s
  2350K .......... .......... .......... .......... .......... 18%  653K 18s
  2400K .......... .......... .......... .......... .......... 19%  578K 18s
  2450K .......... .......... .......... .......... .......... 19%  582K 18s
  2500K .......... .......... .......... .......... .......... 19%  162K 19s
  2550K .......... .......... .......... .......... .......... 20%  216K 19s
  2600K .......... .......... .......... .......... .......... 20%  561K 19s
  2650K .......... .......... .......... .......... .......... 20%  574K 19s
  2700K .......... .......... .......... .......... .......... 21%  593K 19s
  2750K .......... .......... .......... .......... .......... 21%  583K 19s
  2800K .......... .......... .......... .......... .......... 22%  584K 19s
  2850K .......... .......... .......... .......... .......... 22%  574K 19s
  2900K .......... .......... .......... .......... .......... 22%  579K 19s
  2950K .......... .......... .......... .......... .......... 23%  595K 19s
  3000K .......... .......... .......... .......... .......... 23%  576K 18s
  3050K .......... .......... .......... .......... .......... 24%  596K 18s
  3100K .......... .......... .......... .......... .......... 24%  581K 18s
  3150K .......... .......... .......... .......... .......... 24%  496K 18s
  3200K .......... .......... .......... .......... .......... 25%  578K 18s
  3250K .......... .......... .......... .......... .......... 25%  566K 18s
  3300K .......... .......... .......... .......... .......... 26%  582K 18s
  3350K .......... .......... .......... .......... .......... 26%  573K 18s
  3400K .......... .......... .......... .......... .......... 26%  561K 18s
  3450K .......... .......... .......... .......... .......... 27%  581K 17s
  3500K .......... .......... .......... .......... .......... 27%  596K 17s
  3550K .......... .......... .......... .......... .......... 27%  580K 17s
  3600K .......... .......... .......... .......... .......... 28%  565K 17s
  3650K .......... .......... .......... .......... .......... 28%  517K 17s
  3700K .......... .......... .......... .......... .......... 29%  637K 17s
  3750K .......... .......... .......... .......... .......... 29%  594K 17s
  3800K .......... .......... .......... .......... .......... 29%  562K 17s
  3850K .......... .......... .......... .......... .......... 30%  573K 17s
  3900K .......... .......... .......... .......... .......... 30%  567K 16s
  3950K .......... .......... .......... .......... .......... 31%  564K 16s
  4000K .......... .......... .......... .......... .......... 31%  548K 16s
  4050K .......... .......... .......... .......... .......... 31%  601K 16s
  4100K .......... .......... .......... .......... .......... 32%  593K 16s
  4150K .......... .......... .......... .......... .......... 32%  562K 16s
  4200K .......... .......... .......... .......... .......... 32%  597K 16s
  4250K .......... .......... .......... .......... .......... 33%  548K 16s
  4300K .......... .......... .......... .......... .......... 33%  596K 16s
  4350K .......... .......... .......... .......... .......... 34%  492K 16s
  4400K .......... .......... .......... .......... .......... 34%  669K 15s
  4450K .......... .......... .......... .......... .......... 34%  597K 15s
  4500K .......... .......... .......... .......... .......... 35%  549K 15s
  4550K .......... .......... .......... .......... .......... 35%  560K 15s
  4600K .......... .......... .......... .......... .......... 36%  593K 15s
  4650K .......... .......... .......... .......... .......... 36%  601K 15s
  4700K .......... .......... .......... .......... .......... 36%  473K 15s
  4750K .......... .......... .......... .......... .......... 37%  722K 15s
  4800K .......... .......... .......... .......... .......... 37%  559K 15s
  4850K .......... .......... .......... .......... .......... 38%  566K 15s
  4900K .......... .......... .......... .......... .......... 38%  598K 14s
  4950K .......... .......... .......... .......... .......... 38%  542K 14s
  5000K .......... .......... .......... .......... .......... 39%  512K 14s
  5050K .......... .......... .......... .......... .......... 39%  589K 14s
  5100K .......... .......... .......... .......... .......... 39%  568K 14s
  5150K .......... .......... .......... .......... .......... 40%  578K 14s
  5200K .......... .......... .......... .......... .......... 40%  601K 14s
  5250K .......... .......... .......... .......... .......... 41%  559K 14s
  5300K .......... .......... .......... .......... .......... 41%  582K 14s
  5350K .......... .......... .......... .......... .......... 41%  559K 14s
  5400K .......... .......... .......... .......... .......... 42%  553K 14s
  5450K .......... .......... .......... .......... .......... 42%  556K 13s
  5500K .......... .......... .......... .......... .......... 43%  487K 13s
  5550K .......... .......... .......... .......... .......... 43%  693K 13s
  5600K .......... .......... .......... .......... .......... 43%  576K 13s
  5650K .......... .......... .......... .......... .......... 44%  564K 13s
  5700K .......... .......... .......... .......... .......... 44%  549K 13s
  5750K .......... .......... .......... .......... .......... 45%  561K 13s
  5800K .......... .......... .......... .......... .......... 45%  581K 13s
  5850K .......... .......... .......... .......... .......... 45%  549K 13s
  5900K .......... .......... .......... .......... .......... 46%  565K 13s
  5950K .......... .......... .......... .......... .......... 46%  577K 12s
  6000K .......... .......... .......... .......... .......... 46%  565K 12s
  6050K .......... .......... .......... .......... .......... 47%  604K 12s
  6100K .......... .......... .......... .......... .......... 47%  495K 12s
  6150K .......... .......... .......... .......... .......... 48%  678K 12s
  6200K .......... .......... .......... .......... .......... 48%  525K 12s
  6250K .......... .......... .......... .......... .......... 48%  578K 12s
  6300K .......... .......... .......... .......... .......... 49%  596K 12s
  6350K .......... .......... .......... .......... .......... 49%  573K 12s
  6400K .......... .......... .......... .......... .......... 50%  453K 12s
  6450K .......... .......... .......... .......... .......... 50%  717K 12s
  6500K .......... .......... .......... .......... .......... 50%  565K 11s
  6550K .......... .......... .......... .......... .......... 51%  597K 11s
  6600K .......... .......... .......... .......... .......... 51%  562K 11s
  6650K .......... .......... .......... .......... .......... 52%  564K 11s
  6700K .......... .......... .......... .......... .......... 52%  532K 11s
  6750K .......... .......... .......... .......... .......... 52%  638K 11s
  6800K .......... .......... .......... .......... .......... 53%  527K 11s
  6850K .......... .......... .......... .......... .......... 53%  526K 11s
  6900K .......... .......... .......... .......... .......... 53%  537K 11s
  6950K .......... .......... .......... .......... .......... 54%  575K 11s
  7000K .......... .......... .......... .......... .......... 54%  579K 11s
  7050K .......... .......... .......... .......... .......... 55%  474K 10s
  7100K .......... .......... .......... .......... .......... 55%  577K 10s
  7150K .......... .......... .......... .......... .......... 55%  582K 10s
  7200K .......... .......... .......... .......... .......... 56%  564K 10s
  7250K .......... .......... .......... .......... .......... 56%  532K 10s
  7300K .......... .......... .......... .......... .......... 57%  632K 10s
  7350K .......... .......... .......... .......... .......... 57%  580K 10s
  7400K .......... .......... .......... .......... .......... 57%  576K 10s
  7450K .......... .......... .......... .......... .......... 58%  581K 10s
  7500K .......... .......... .......... .......... .......... 58%  574K 10s
  7550K .......... .......... .......... .......... .......... 58%  498K 10s
  7600K .......... .......... .......... .......... .......... 59%  650K 9s
  7650K .......... .......... .......... .......... .......... 59%  563K 9s
  7700K .......... .......... .......... .......... .......... 60%  597K 9s
  7750K .......... .......... .......... .......... .......... 60%  580K 9s
  7800K .......... .......... .......... .......... .......... 60%  563K 9s
  7850K .......... .......... .......... .......... .......... 61%  572K 9s
  7900K .......... .......... .......... .......... .......... 61%  588K 9s
  7950K .......... .......... .......... .......... .......... 62%  581K 9s
  8000K .......... .......... .......... .......... .......... 62%  573K 9s
  8050K .......... .......... .......... .......... .......... 62%  535K 9s
  8100K .......... .......... .......... .......... .......... 63%  626K 9s
  8150K .......... .......... .......... .......... .......... 63%  551K 8s
  8200K .......... .......... .......... .......... .......... 64%  596K 8s
  8250K .......... .......... .......... .......... .......... 64%  475K 8s
  8300K .......... .......... .......... .......... .......... 64%  666K 8s
  8350K .......... .......... .......... .......... .......... 65%  563K 8s
  8400K .......... .......... .......... .......... .......... 65%  594K 8s
  8450K .......... .......... .......... .......... .......... 65%  535K 8s
  8500K .......... .......... .......... .......... .......... 66%  635K 8s
  8550K .......... .......... .......... .......... .......... 66%  576K 8s
  8600K .......... .......... .......... .......... .......... 67%  581K 8s
  8650K .......... .......... .......... .......... .......... 67%  572K 8s
  8700K .......... .......... .......... .......... .......... 67%  491K 7s
  8750K .......... .......... .......... .......... .......... 68%  687K 7s
  8800K .......... .......... .......... .......... .......... 68%  599K 7s
  8850K .......... .......... .......... .......... .......... 69%  535K 7s
  8900K .......... .......... .......... .......... .......... 69%  629K 7s
  8950K .......... .......... .......... .......... .......... 69%  591K 7s
  9000K .......... .......... .......... .......... .......... 70%  511K 7s
  9050K .......... .......... .......... .......... .......... 70%  653K 7s
  9100K .......... .......... .......... .......... .......... 71%  463K 7s
  9150K .......... .......... .......... .......... .......... 71%  742K 7s
  9200K .......... .......... .......... .......... .......... 71%  560K 7s
  9250K .......... .......... .......... .......... .......... 72%  598K 6s
  9300K .......... .......... .......... .......... .......... 72%  547K 6s
  9350K .......... .......... .......... .......... .......... 72%  598K 6s
  9400K .......... .......... .......... .......... .......... 73%  598K 6s
  9450K .......... .......... .......... .......... .......... 73%  560K 6s
  9500K .......... .......... .......... .......... .......... 74%  538K 6s
  9550K .......... .......... .......... .......... .......... 74%  541K 6s
  9600K .......... .......... .......... .......... .......... 74%  618K 6s
  9650K .......... .......... .......... .......... .......... 75%  551K 6s
  9700K .......... .......... .......... .......... .......... 75%  572K 6s
  9750K .......... .......... .......... .......... .......... 76%  463K 6s
  9800K .......... .......... .......... .......... .......... 76%  647K 5s
  9850K .......... .......... .......... .......... .......... 76%  465K 5s
  9900K .......... .......... .......... .......... .......... 77%  697K 5s
  9950K .......... .......... .......... .......... .......... 77%  593K 5s
 10000K .......... .......... .......... .......... .......... 78%  541K 5s
 10050K .......... .......... .......... .......... .......... 78%  571K 5s
 10100K .......... .......... .......... .......... .......... 78%  552K 5s
 10150K .......... .......... .......... .......... .......... 79%  579K 5s
 10200K .......... .......... .......... .......... .......... 79%  595K 5s
 10250K .......... .......... .......... .......... .......... 79%  577K 5s
 10300K .......... .......... .......... .......... .......... 80%  597K 5s
 10350K .......... .......... .......... .......... .......... 80%  581K 4s
 10400K .......... .......... .......... .......... .......... 81%  581K 4s
 10450K .......... .......... .......... .......... .......... 81%  595K 4s
 10500K .......... .......... .......... .......... .......... 81%  521K 4s
 10550K .......... .......... .......... .......... .......... 82%  624K 4s
 10600K .......... .......... .......... .......... .......... 82%  535K 4s
 10650K .......... .......... .......... .......... .......... 83%  503K 4s
 10700K .......... .......... .......... .......... .......... 83%  586K 4s
 10750K .......... .......... .......... .......... .......... 83%  593K 4s
 10800K .......... .......... .......... .......... .......... 84%  550K 4s
 10850K .......... .......... .......... .......... .......... 84%  522K 4s
 10900K .......... .......... .......... .......... .......... 84%  563K 3s
 10950K .......... .......... .......... .......... .......... 85%  485K 3s
 11000K .......... .......... .......... .......... .......... 85%  571K 3s
 11050K .......... .......... .......... .......... .......... 86%  619K 3s
 11100K .......... .......... .......... .......... .......... 86%  564K 3s
 11150K .......... .......... .......... .......... .......... 86%  594K 3s
 11200K .......... .......... .......... .......... .......... 87%  564K 3s
 11250K .......... .......... .......... .......... .......... 87%  492K 3s
 11300K .......... .......... .......... .......... .......... 88%  684K 3s
 11350K .......... .......... .......... .......... .......... 88%  576K 3s
 11400K .......... .......... .......... .......... .......... 88%  578K 3s
 11450K .......... .......... .......... .......... .......... 89%  580K 2s
 11500K .......... .......... .......... .......... .......... 89%  577K 2s
 11550K .......... .......... .......... .......... .......... 90%  548K 2s
 11600K .......... .......... .......... .......... .......... 90%  598K 2s
 11650K .......... .......... .......... .......... .......... 90%  558K 2s
 11700K .......... .......... .......... .......... .......... 91%  599K 2s
 11750K .......... .......... .......... .......... .......... 91%  596K 2s
 11800K .......... .......... .......... .......... .......... 91%  578K 2s
 11850K .......... .......... .......... .......... .......... 92%  563K 2s
 11900K .......... .......... .......... .......... .......... 92%  592K 2s
 11950K .......... .......... .......... .......... .......... 93%  585K 2s
 12000K .......... .......... .......... .......... .......... 93%  562K 1s
 12050K .......... .......... .......... .......... .......... 93%  594K 1s
 12100K .......... .......... .......... .......... .......... 94%  594K 1s
 12150K .......... .......... .......... .......... .......... 94%  581K 1s
 12200K .......... .......... .......... .......... .......... 95%  544K 1s
 12250K .......... .......... .......... .......... .......... 95%  596K 1s
 12300K .......... .......... .......... .......... .......... 95%  581K 1s
 12350K .......... .......... .......... .......... .......... 96%  564K 1s
 12400K .......... .......... .......... .......... .......... 96%  581K 1s
 12450K .......... .......... .......... .......... .......... 97%  593K 1s
 12500K .......... .......... .......... .......... .......... 97%  575K 1s
 12550K .......... .......... .......... .......... .......... 97%  508K 1s
 12600K .......... .......... .......... .......... .......... 98%  678K 0s
 12650K .......... .......... .......... .......... .......... 98%  577K 0s
 12700K .......... .......... .......... .......... .......... 98%  552K 0s
 12750K .......... .......... .......... .......... .......... 99%  559K 0s
 12800K .......... .......... .......... .......... .......... 99%  581K 0s
 12850K .......... .......... .......... ....                 100%  509K=23s

2016-05-25 02:55:51 (561 KB/s) - ‘index.html.5’ saved [13193358/13193358]

