--2016-05-25 00:10:45--  http://10.30.50.93:8000/
Connecting to 10.30.50.93:8000... connected.
HTTP request sent, awaiting response... 200 OK
Length: 13193358 (13M) [text/html]
Saving to: ‘index.html.4’

     0K .......... .......... .......... .......... ..........  0%  113K 1m54s
    50K .......... .......... .......... .......... ..........  0%  123K 1m49s
   100K .......... .......... .......... .......... ..........  1%  113K 1m50s
   150K .......... .......... .......... .......... ..........  1%  119K 1m49s
   200K .......... .......... .......... .......... ..........  1%  116K 1m49s
   250K .......... .......... .......... .......... ..........  2%  113K 1m49s
   300K .......... .......... .......... .......... ..........  2%  119K 1m48s
   350K .......... .......... .......... .......... ..........  3%  116K 1m47s
   400K .......... .......... .......... .......... ..........  3%  113K 1m47s
   450K .......... .......... .......... .......... ..........  3%  116K 1m47s
   500K .......... .......... .......... .......... ..........  4%  113K 1m47s
   550K .......... .......... .......... .......... ..........  4%  116K 1m46s
   600K .......... .......... .......... .......... ..........  5%  116K 1m46s
   650K .......... .......... .......... .......... ..........  5%  113K 1m46s
   700K .......... .......... .......... .......... ..........  5% 94.6K 1m47s
   750K .......... .......... .......... .......... ..........  6%  149K 1m45s
   800K .......... .......... .......... .......... ..........  6%  102K 1m45s
   850K .......... .......... .......... .......... ..........  6%  122K 1m44s
   900K .......... .......... .......... .......... ..........  7%  123K 1m44s
   950K .......... .......... .......... .......... ..........  7%  116K 1m43s
  1000K .......... .......... .......... .......... ..........  8%  119K 1m43s
  1050K .......... .......... .......... .......... ..........  8%  113K 1m42s
  1100K .......... .......... .......... .......... ..........  8%  116K 1m42s
  1150K .......... .......... .......... .......... ..........  9%  119K 1m41s
  1200K .......... .......... .......... .......... ..........  9%  116K 1m41s
  1250K .......... .......... .......... .......... .......... 10% 92.6K 1m41s
  1300K .......... .......... .......... .......... .......... 10%  139K 1m40s
  1350K .......... .......... .......... .......... .......... 10%  102K 1m40s
  1400K .......... .......... .......... .......... .......... 11%  126K 99s
  1450K .......... .......... .......... .......... .......... 11%  113K 99s
  1500K .......... .......... .......... .......... .......... 12%  116K 99s
  1550K .......... .......... .......... .......... .......... 12%  116K 98s
  1600K .......... .......... .......... .......... .......... 12%  119K 98s
  1650K .......... .......... .......... .......... .......... 13%  112K 97s
  1700K .......... .......... .......... .......... .......... 13%  113K 97s
  1750K .......... .......... .......... .......... .......... 13%  116K 96s
  1800K .......... .......... .......... .......... .......... 14%  119K 96s
  1850K .......... .......... .......... .......... .......... 14%  119K 95s
  1900K .......... .......... .......... .......... .......... 15% 88.7K 96s
  1950K .......... .......... .......... .......... .......... 15%  139K 95s
  2000K .......... .......... .......... .......... .......... 15%  113K 94s
  2050K .......... .......... .......... .......... .......... 16%  123K 94s
  2100K .......... .......... .......... .......... .......... 16%  116K 93s
  2150K .......... .......... .......... .......... .......... 17%  119K 93s
  2200K .......... .......... .......... .......... .......... 17%  113K 92s
  2250K .......... .......... .......... .......... .......... 17%  119K 92s
  2300K .......... .......... .......... .......... .......... 18%  119K 91s
  2350K .......... .......... .......... .......... .......... 18%  116K 91s
  2400K .......... .......... .......... .......... .......... 19%  116K 91s
  2450K .......... .......... .......... .......... .......... 19%  116K 90s
  2500K .......... .......... .......... .......... .......... 19%  112K 90s
  2550K .......... .......... .......... .......... .......... 20%  119K 89s
  2600K .......... .......... .......... .......... .......... 20%  116K 89s
  2650K .......... .......... .......... .......... .......... 20%  110K 88s
  2700K .......... .......... .......... .......... .......... 21%  116K 88s
  2750K .......... .......... .......... .......... .......... 21%  116K 88s
  2800K .......... .......... .......... .......... .......... 22% 94.7K 87s
  2850K .......... .......... .......... .......... .......... 22%  149K 87s
  2900K .......... .......... .......... .......... .......... 22%  116K 86s
  2950K .......... .......... .......... .......... .......... 23%  113K 86s
  3000K .......... .......... .......... .......... .......... 23%  112K 85s
  3050K .......... .......... .......... .......... .......... 24%  119K 85s
  3100K .......... .......... .......... .......... .......... 24%  116K 85s
  3150K .......... .......... .......... .......... .......... 24%  104K 84s
  3200K .......... .......... .......... .......... .......... 25%  130K 84s
  3250K .......... .......... .......... .......... .......... 25%  119K 83s
  3300K .......... .......... .......... .......... .......... 26% 99.3K 83s
  3350K .......... .......... .......... .......... .......... 26%  139K 82s
  3400K .......... .......... .......... .......... .......... 26%  110K 82s
  3450K .......... .......... .......... .......... .......... 27%  116K 81s
  3500K .......... .......... .......... .......... .......... 27%  119K 81s
  3550K .......... .......... .......... .......... .......... 27%  113K 81s
  3600K .......... .......... .......... .......... .......... 28%  113K 80s
  3650K .......... .......... .......... .......... .......... 28%  119K 80s
  3700K .......... .......... .......... .......... .......... 29%  116K 79s
  3750K .......... .......... .......... .......... .......... 29%  116K 79s
  3800K .......... .......... .......... .......... .......... 29%  119K 78s
  3850K .......... .......... .......... .......... .......... 30%  113K 78s
  3900K .......... .......... .......... .......... .......... 30%  119K 78s
  3950K .......... .......... .......... .......... .......... 31% 94.8K 77s
  4000K .......... .......... .......... .......... .......... 31%  139K 77s
  4050K .......... .......... .......... .......... .......... 31%  113K 76s
  4100K .......... .......... .......... .......... .......... 32%  107K 76s
  4150K .......... .......... .......... .......... .......... 32%  113K 76s
  4200K .......... .......... .......... .......... .......... 32%  116K 75s
  4250K .......... .......... .......... .......... .......... 33%  116K 75s
  4300K .......... .......... .......... .......... .......... 33%  119K 74s
  4350K .......... .......... .......... .......... .......... 34%  104K 74s
  4400K .......... .......... .......... .......... .......... 34%  102K 73s
  4450K .......... .......... .......... .......... .......... 34%  134K 73s
  4500K .......... .......... .......... .......... .......... 35%  107K 73s
  4550K .......... .......... .......... .......... .......... 35%  119K 72s
  4600K .......... .......... .......... .......... .......... 36%  104K 72s
  4650K .......... .......... .......... .......... .......... 36%  134K 71s
  4700K .......... .......... .......... .......... .......... 36%  107K 71s
  4750K .......... .......... .......... .......... .......... 37% 99.2K 70s
  4800K .......... .......... .......... .......... .......... 37%  135K 70s
  4850K .......... .......... .......... .......... .......... 38% 96.8K 70s
  4900K .......... .......... .......... .......... .......... 38%  134K 69s
  4950K .......... .......... .......... .......... .......... 38%  113K 69s
  5000K .......... .......... .......... .......... .......... 39%  116K 68s
  5050K .......... .......... .......... .......... .......... 39%  119K 68s
  5100K .......... .......... .......... .......... .......... 39%  107K 67s
  5150K .......... .......... .......... .......... .......... 40%  119K 67s
  5200K .......... .......... .......... .......... .......... 40%  119K 66s
  5250K .......... .......... .......... .......... .......... 41%  116K 66s
  5300K .......... .......... .......... .......... .......... 41% 97.0K 66s
  5350K .......... .......... .......... .......... .......... 41%  144K 65s
  5400K .......... .......... .......... .......... .......... 42%  113K 65s
  5450K .......... .......... .......... .......... .......... 42%  119K 64s
  5500K .......... .......... .......... .......... .......... 43%  116K 64s
  5550K .......... .......... .......... .......... .......... 43%  104K 63s
  5600K .......... .......... .......... .......... .......... 43%  130K 63s
  5650K .......... .......... .......... .......... .......... 44%  113K 63s
  5700K .......... .......... .......... .......... .......... 44%  112K 62s
  5750K .......... .......... .......... .......... .......... 45%  116K 62s
  5800K .......... .......... .......... .......... .......... 45%  110K 61s
  5850K .......... .......... .......... .......... .......... 45%  119K 61s
  5900K .......... .......... .......... .......... .......... 46% 99.2K 60s
  5950K .......... .......... .......... .......... .......... 46%  126K 60s
  6000K .......... .......... .......... .......... .......... 46%  119K 60s
  6050K .......... .......... .......... .......... .......... 47%  116K 59s
  6100K .......... .......... .......... .......... .......... 47%  116K 59s
  6150K .......... .......... .......... .......... .......... 48% 99.1K 58s
  6200K .......... .......... .......... .......... .......... 48%  130K 58s
  6250K .......... .......... .......... .......... .......... 48%  119K 57s
  6300K .......... .......... .......... .......... .......... 49%  119K 57s
  6350K .......... .......... .......... .......... .......... 49%  116K 56s
  6400K .......... .......... .......... .......... .......... 50%  119K 56s
  6450K .......... .......... .......... .......... .......... 50%  119K 56s
  6500K .......... .......... .......... .......... .......... 50%  116K 55s
  6550K .......... .......... .......... .......... .......... 51%  116K 55s
  6600K .......... .......... .......... .......... .......... 51%  119K 54s
  6650K .......... .......... .......... .......... .......... 52%  113K 54s
  6700K .......... .......... .......... .......... .......... 52%  113K 53s
  6750K .......... .......... .......... .......... .......... 52%  119K 53s
  6800K .......... .......... .......... .......... .......... 53%  116K 52s
  6850K .......... .......... .......... .......... .......... 53%  119K 52s
  6900K .......... .......... .......... .......... .......... 53%  116K 52s
  6950K .......... .......... .......... .......... .......... 54% 90.6K 51s
  7000K .......... .......... .......... .......... .......... 54%  160K 51s
  7050K .......... .......... .......... .......... .......... 55%  110K 50s
  7100K .......... .......... .......... .......... .......... 55%  119K 50s
  7150K .......... .......... .......... .......... .......... 55%  119K 49s
  7200K .......... .......... .......... .......... .......... 56%  102K 49s
  7250K .......... .......... .......... .......... .......... 56%  126K 49s
  7300K .......... .......... .......... .......... .......... 57%  119K 48s
  7350K .......... .......... .......... .......... .......... 57%  116K 48s
  7400K .......... .......... .......... .......... .......... 57%  119K 47s
  7450K .......... .......... .......... .......... .......... 58%  119K 47s
  7500K .......... .......... .......... .......... .......... 58%  116K 46s
  7550K .......... .......... .......... .......... .......... 58%  116K 46s
  7600K .......... .......... .......... .......... .......... 59%  116K 45s
  7650K .......... .......... .......... .......... .......... 59% 94.7K 45s
  7700K .......... .......... .......... .......... .......... 60%  155K 45s
  7750K .......... .......... .......... .......... .......... 60%  116K 44s
  7800K .......... .......... .......... .......... .......... 60%  116K 44s
  7850K .......... .......... .......... .......... .......... 61%  119K 43s
  7900K .......... .......... .......... .......... .......... 61%  102K 43s
  7950K .......... .......... .......... .......... .......... 62%  130K 42s
  8000K .......... .......... .......... .......... .......... 62%  116K 42s
  8050K .......... .......... .......... .......... .......... 62%  113K 42s
  8100K .......... .......... .......... .......... .......... 63%  104K 41s
  8150K .......... .......... .......... .......... .......... 63%  122K 41s
  8200K .......... .......... .......... .......... .......... 64%  119K 40s
  8250K .......... .......... .......... .......... .......... 64%  102K 40s
  8300K .......... .......... .......... .......... .......... 64%  123K 39s
  8350K .......... .......... .......... .......... .......... 65%  119K 39s
  8400K .......... .......... .......... .......... .......... 65%  119K 39s
  8450K .......... .......... .......... .......... .......... 65%  116K 38s
  8500K .......... .......... .......... .......... .......... 66%  116K 38s
  8550K .......... .......... .......... .......... .......... 66% 90.6K 37s
  8600K .......... .......... .......... .......... .......... 67%  113K 37s
  8650K .......... .......... .......... .......... .......... 67%  119K 36s
  8700K .......... .......... .......... .......... .......... 67%  139K 36s
  8750K .......... .......... .......... .......... .......... 68%  116K 35s
  8800K .......... .......... .......... .......... .......... 68% 99.4K 35s
  8850K .......... .......... .......... .......... .......... 69%  134K 35s
  8900K .......... .......... .......... .......... .......... 69%  116K 34s
  8950K .......... .......... .......... .......... .......... 69%  107K 34s
  9000K .......... .......... .......... .......... .......... 70%  110K 33s
  9050K .......... .......... .......... .......... .......... 70%  119K 33s
  9100K .......... .......... .......... .......... .......... 71%  107K 32s
  9150K .......... .......... .......... .......... .......... 71%  119K 32s
  9200K .......... .......... .......... .......... .......... 71%  116K 32s
  9250K .......... .......... .......... .......... .......... 72%  119K 31s
  9300K .......... .......... .......... .......... .......... 72% 94.7K 31s
  9350K .......... .......... .......... .......... .......... 72%  134K 30s
  9400K .......... .......... .......... .......... .......... 73%  119K 30s
  9450K .......... .......... .......... .......... .......... 73%  116K 29s
  9500K .......... .......... .......... .......... .......... 74%  112K 29s
  9550K .......... .......... .......... .......... .......... 74%  116K 29s
  9600K .......... .......... .......... .......... .......... 74%  112K 28s
  9650K .......... .......... .......... .......... .......... 75%  119K 28s
  9700K .......... .......... .......... .......... .......... 75%  110K 27s
  9750K .......... .......... .......... .......... .......... 76%  119K 27s
  9800K .......... .......... .......... .......... .......... 76%  112K 26s
  9850K .......... .......... .......... .......... .......... 76% 94.7K 26s
  9900K .......... .......... .......... .......... .......... 77%  149K 26s
  9950K .......... .......... .......... .......... .......... 77%  113K 25s
 10000K .......... .......... .......... .......... .......... 78%  113K 25s
 10050K .......... .......... .......... .......... .......... 78%  104K 24s
 10100K .......... .......... .......... .......... .......... 78%  119K 24s
 10150K .......... .......... .......... .......... .......... 79%  119K 23s
 10200K .......... .......... .......... .......... .......... 79%  113K 23s
 10250K .......... .......... .......... .......... .......... 79%  116K 22s
 10300K .......... .......... .......... .......... .......... 80%  113K 22s
 10350K .......... .......... .......... .......... .......... 80%  119K 22s
 10400K .......... .......... .......... .......... .......... 81%  116K 21s
 10450K .......... .......... .......... .......... .......... 81% 99.1K 21s
 10500K .......... .......... .......... .......... .......... 81%  139K 20s
 10550K .......... .......... .......... .......... .......... 82%  113K 20s
 10600K .......... .......... .......... .......... .......... 82%  107K 19s
 10650K .......... .......... .......... .......... .......... 83%  130K 19s
 10700K .......... .......... .......... .......... .......... 83%  112K 19s
 10750K .......... .......... .......... .......... .......... 83%  119K 18s
 10800K .......... .......... .......... .......... .......... 84%  113K 18s
 10850K .......... .......... .......... .......... .......... 84%  119K 17s
 10900K .......... .......... .......... .......... .......... 84%  116K 17s
 10950K .......... .......... .......... .......... .......... 85%  116K 16s
 11000K .......... .......... .......... .......... .......... 85%  107K 16s
 11050K .......... .......... .......... .......... .......... 86%  126K 16s
 11100K .......... .......... .......... .......... .......... 86%  116K 15s
 11150K .......... .......... .......... .......... .......... 86%  119K 15s
 11200K .......... .......... .......... .......... .......... 87%  119K 14s
 11250K .......... .......... .......... .......... .......... 87%  116K 14s
 11300K .......... .......... .......... .......... .......... 88%  116K 13s
 11350K .......... .......... .......... .......... .......... 88%  113K 13s
 11400K .......... .......... .......... .......... .......... 88% 94.6K 12s
 11450K .......... .......... .......... .......... .......... 89%  143K 12s
 11500K .......... .......... .......... .......... .......... 89% 99.4K 12s
 11550K .......... .......... .......... .......... .......... 90%  134K 11s
 11600K .......... .......... .......... .......... .......... 90%  116K 11s
 11650K .......... .......... .......... .......... .......... 90%  113K 10s
 11700K .......... .......... .......... .......... .......... 91%  116K 10s
 11750K .......... .......... .......... .......... .......... 91%  119K 9s
 11800K .......... .......... .......... .......... .......... 91%  116K 9s
 11850K .......... .......... .......... .......... .......... 92%  112K 9s
 11900K .......... .......... .......... .......... .......... 92%  119K 8s
 11950K .......... .......... .......... .......... .......... 93%  116K 8s
 12000K .......... .......... .......... .......... .......... 93%  113K 7s
 12050K .......... .......... .......... .......... .......... 93%  113K 7s
 12100K .......... .......... .......... .......... .......... 94% 99.3K 6s
 12150K .......... .......... .......... .......... .......... 94%  119K 6s
 12200K .......... .......... .......... .......... .......... 95%  130K 6s
 12250K .......... .......... .......... .......... .......... 95%  113K 5s
 12300K .......... .......... .......... .......... .......... 95%  116K 5s
 12350K .......... .......... .......... .......... .......... 96%  113K 4s
 12400K .......... .......... .......... .......... .......... 96% 94.5K 4s
 12450K .......... .......... .......... .......... .......... 97%  149K 3s
 12500K .......... .......... .......... .......... .......... 97%  116K 3s
 12550K .......... .......... .......... .......... .......... 97%  119K 2s
 12600K .......... .......... .......... .......... .......... 98%  119K 2s
 12650K .......... .......... .......... .......... .......... 98%  116K 2s
 12700K .......... .......... .......... .......... .......... 98%  119K 1s
 12750K .......... .......... .......... .......... .......... 99% 99.1K 1s
 12800K .......... .......... .......... .......... .......... 99%  135K 0s
 12850K .......... .......... .......... ....                 100%  118K=1m52s

2016-05-25 00:12:37 (115 KB/s) - ‘index.html.4’ saved [13193358/13193358]

