--2016-05-25 04:04:43--  http://10.30.50.93:8000/
Connecting to 10.30.50.93:8000... connected.
HTTP request sent, awaiting response... 200 OK
Length: 13193358 (13M) [text/html]
Saving to: ‘index.html.2’

     0K .......... .......... .......... .......... ..........  0% 7.02M 2s
    50K .......... .......... .......... .......... ..........  0% 6.04M 2s
   100K .......... .......... .......... .......... ..........  1% 7.64M 2s
   150K .......... .......... .......... .......... ..........  1% 7.38M 2s
   200K .......... .......... .......... .......... ..........  1% 8.94M 2s
   250K .......... .......... .......... .......... ..........  2% 10.3M 2s
   300K .......... .......... .......... .......... ..........  2% 9.98M 2s
   350K .......... .......... .......... .......... ..........  3% 8.05M 2s
   400K .......... .......... .......... .......... ..........  3% 13.1M 1s
   450K .......... .......... .......... .......... ..........  3% 7.01M 1s
   500K .......... .......... .......... .......... ..........  4% 8.25M 1s
   550K .......... .......... .......... .......... ..........  4% 6.92M 1s
   600K .......... .......... .......... .......... ..........  5% 6.87M 2s
   650K .......... .......... .......... .......... ..........  5% 7.02M 2s
   700K .......... .......... .......... .......... ..........  5% 6.99M 2s
   750K .......... .......... .......... .......... ..........  6% 6.79M 2s
   800K .......... .......... .......... .......... ..........  6% 6.51M 2s
   850K .......... .......... .......... .......... ..........  6% 7.11M 2s
   900K .......... .......... .......... .......... ..........  7% 5.31M 2s
   950K .......... .......... .......... .......... ..........  7% 7.45M 2s
  1000K .......... .......... .......... .......... ..........  8% 8.98M 2s
  1050K .......... .......... .......... .......... ..........  8% 8.72M 2s
  1100K .......... .......... .......... .......... ..........  8% 6.81M 2s
  1150K .......... .......... .......... .......... ..........  9% 9.17M 2s
  1200K .......... .......... .......... .......... ..........  9% 10.2M 1s
  1250K .......... .......... .......... .......... .......... 10% 7.54M 1s
  1300K .......... .......... .......... .......... .......... 10% 10.5M 1s
  1350K .......... .......... .......... .......... .......... 10% 8.62M 1s
  1400K .......... .......... .......... .......... .......... 11% 10.8M 1s
  1450K .......... .......... .......... .......... .......... 11% 6.65M 1s
  1500K .......... .......... .......... .......... .......... 12% 8.23M 1s
  1550K .......... .......... .......... .......... .......... 12% 10.8M 1s
  1600K .......... .......... .......... .......... .......... 12% 5.68M 1s
  1650K .......... .......... .......... .......... .......... 13% 7.82M 1s
  1700K .......... .......... .......... .......... .......... 13% 5.94M 1s
  1750K .......... .......... .......... .......... .......... 13% 4.81M 1s
  1800K .......... .......... .......... .......... .......... 14% 6.66M 1s
  1850K .......... .......... .......... .......... .......... 14% 4.79M 1s
  1900K .......... .......... .......... .......... .......... 15% 4.63M 1s
  1950K .......... .......... .......... .......... .......... 15% 4.37M 1s
  2000K .......... .......... .......... .......... .......... 15% 4.28M 1s
  2050K .......... .......... .......... .......... .......... 16% 6.32M 1s
  2100K .......... .......... .......... .......... .......... 16% 5.40M 1s
  2150K .......... .......... .......... .......... .......... 17% 5.48M 1s
  2200K .......... .......... .......... .......... .......... 17% 5.43M 1s
  2250K .......... .......... .......... .......... .......... 17% 6.99M 1s
  2300K .......... .......... .......... .......... .......... 18% 5.44M 1s
  2350K .......... .......... .......... .......... .......... 18% 5.10M 1s
  2400K .......... .......... .......... .......... .......... 19% 5.32M 1s
  2450K .......... .......... .......... .......... .......... 19% 5.86M 1s
  2500K .......... .......... .......... .......... .......... 19% 5.82M 1s
  2550K .......... .......... .......... .......... .......... 20% 6.97M 1s
  2600K .......... .......... .......... .......... .......... 20% 7.03M 1s
  2650K .......... .......... .......... .......... .......... 20% 6.92M 1s
  2700K .......... .......... .......... .......... .......... 21% 10.3M 1s
  2750K .......... .......... .......... .......... .......... 21% 7.03M 1s
  2800K .......... .......... .......... .......... .......... 22% 9.94M 1s
  2850K .......... .......... .......... .......... .......... 22% 8.12M 1s
  2900K .......... .......... .......... .......... .......... 22% 6.38M 1s
  2950K .......... .......... .......... .......... .......... 23% 4.87M 1s
  3000K .......... .......... .......... .......... .......... 23% 6.24M 1s
  3050K .......... .......... .......... .......... .......... 24% 5.30M 1s
  3100K .......... .......... .......... .......... .......... 24% 5.86M 1s
  3150K .......... .......... .......... .......... .......... 24% 5.16M 1s
  3200K .......... .......... .......... .......... .......... 25% 5.34M 1s
  3250K .......... .......... .......... .......... .......... 25% 5.30M 1s
  3300K .......... .......... .......... .......... .......... 26% 5.37M 1s
  3350K .......... .......... .......... .......... .......... 26% 5.11M 1s
  3400K .......... .......... .......... .......... .......... 26% 6.06M 1s
  3450K .......... .......... .......... .......... .......... 27% 5.48M 1s
  3500K .......... .......... .......... .......... .......... 27% 5.03M 1s
  3550K .......... .......... .......... .......... .......... 27% 6.18M 1s
  3600K .......... .......... .......... .......... .......... 28% 4.67M 1s
  3650K .......... .......... .......... .......... .......... 28% 3.23M 1s
  3700K .......... .......... .......... .......... .......... 29% 2.79M 1s
  3750K .......... .......... .......... .......... .......... 29% 2.52M 1s
  3800K .......... .......... .......... .......... .......... 29% 4.65M 1s
  3850K .......... .......... .......... .......... .......... 30% 4.69M 1s
  3900K .......... .......... .......... .......... .......... 30% 4.02M 1s
  3950K .......... .......... .......... .......... .......... 31% 4.20M 1s
  4000K .......... .......... .......... .......... .......... 31% 6.00M 1s
  4050K .......... .......... .......... .......... .......... 31% 4.44M 1s
  4100K .......... .......... .......... .......... .......... 32% 6.49M 1s
  4150K .......... .......... .......... .......... .......... 32% 6.88M 1s
  4200K .......... .......... .......... .......... .......... 32% 6.83M 1s
  4250K .......... .......... .......... .......... .......... 33% 7.09M 1s
  4300K .......... .......... .......... .......... .......... 33% 5.78M 1s
  4350K .......... .......... .......... .......... .......... 34% 5.07M 1s
  4400K .......... .......... .......... .......... .......... 34% 7.27M 1s
  4450K .......... .......... .......... .......... .......... 34% 5.97M 1s
  4500K .......... .......... .......... .......... .......... 35% 6.32M 1s
  4550K .......... .......... .......... .......... .......... 35% 7.64M 1s
  4600K .......... .......... .......... .......... .......... 36% 7.79M 1s
  4650K .......... .......... .......... .......... .......... 36% 7.16M 1s
  4700K .......... .......... .......... .......... .......... 36% 6.60M 1s
  4750K .......... .......... .......... .......... .......... 37% 6.53M 1s
  4800K .......... .......... .......... .......... .......... 37% 7.91M 1s
  4850K .......... .......... .......... .......... .......... 38% 8.20M 1s
  4900K .......... .......... .......... .......... .......... 38% 7.23M 1s
  4950K .......... .......... .......... .......... .......... 38% 8.65M 1s
  5000K .......... .......... .......... .......... .......... 39% 6.25M 1s
  5050K .......... .......... .......... .......... .......... 39% 6.06M 1s
  5100K .......... .......... .......... .......... .......... 39% 8.59M 1s
  5150K .......... .......... .......... .......... .......... 40% 5.19M 1s
  5200K .......... .......... .......... .......... .......... 40% 4.98M 1s
  5250K .......... .......... .......... .......... .......... 41% 6.22M 1s
  5300K .......... .......... .......... .......... .......... 41% 5.66M 1s
  5350K .......... .......... .......... .......... .......... 41% 7.10M 1s
  5400K .......... .......... .......... .......... .......... 42% 7.32M 1s
  5450K .......... .......... .......... .......... .......... 42% 6.19M 1s
  5500K .......... .......... .......... .......... .......... 43% 7.95M 1s
  5550K .......... .......... .......... .......... .......... 43% 7.39M 1s
  5600K .......... .......... .......... .......... .......... 43% 6.61M 1s
  5650K .......... .......... .......... .......... .......... 44% 6.99M 1s
  5700K .......... .......... .......... .......... .......... 44% 5.11M 1s
  5750K .......... .......... .......... .......... .......... 45% 3.92M 1s
  5800K .......... .......... .......... .......... .......... 45% 3.06M 1s
  5850K .......... .......... .......... .......... .......... 45% 4.05M 1s
  5900K .......... .......... .......... .......... .......... 46% 5.09M 1s
  5950K .......... .......... .......... .......... .......... 46% 5.22M 1s
  6000K .......... .......... .......... .......... .......... 46% 4.01M 1s
  6050K .......... .......... .......... .......... .......... 47% 4.43M 1s
  6100K .......... .......... .......... .......... .......... 47% 3.59M 1s
  6150K .......... .......... .......... .......... .......... 48% 5.88M 1s
  6200K .......... .......... .......... .......... .......... 48% 4.98M 1s
  6250K .......... .......... .......... .......... .......... 48% 3.85M 1s
  6300K .......... .......... .......... .......... .......... 49% 4.11M 1s
  6350K .......... .......... .......... .......... .......... 49% 3.24M 1s
  6400K .......... .......... .......... .......... .......... 50% 2.64M 1s
  6450K .......... .......... .......... .......... .......... 50% 2.38M 1s
  6500K .......... .......... .......... .......... .......... 50% 2.52M 1s
  6550K .......... .......... .......... .......... .......... 51% 3.39M 1s
  6600K .......... .......... .......... .......... .......... 51% 3.48M 1s
  6650K .......... .......... .......... .......... .......... 52% 3.86M 1s
  6700K .......... .......... .......... .......... .......... 52% 5.15M 1s
  6750K .......... .......... .......... .......... .......... 52% 6.46M 1s
  6800K .......... .......... .......... .......... .......... 53% 5.61M 1s
  6850K .......... .......... .......... .......... .......... 53% 4.83M 1s
  6900K .......... .......... .......... .......... .......... 53% 6.87M 1s
  6950K .......... .......... .......... .......... .......... 54% 5.69M 1s
  7000K .......... .......... .......... .......... .......... 54% 4.28M 1s
  7050K .......... .......... .......... .......... .......... 55% 5.29M 1s
  7100K .......... .......... .......... .......... .......... 55% 6.80M 1s
  7150K .......... .......... .......... .......... .......... 55% 6.85M 1s
  7200K .......... .......... .......... .......... .......... 56% 6.78M 1s
  7250K .......... .......... .......... .......... .......... 56% 6.73M 1s
  7300K .......... .......... .......... .......... .......... 57% 6.75M 1s
  7350K .......... .......... .......... .......... .......... 57% 9.86M 1s
  7400K .......... .......... .......... .......... .......... 57% 9.47M 1s
  7450K .......... .......... .......... .......... .......... 58% 9.33M 1s
  7500K .......... .......... .......... .......... .......... 58% 7.90M 1s
  7550K .......... .......... .......... .......... .......... 58% 9.61M 1s
  7600K .......... .......... .......... .......... .......... 59% 6.62M 1s
  7650K .......... .......... .......... .......... .......... 59% 6.43M 1s
  7700K .......... .......... .......... .......... .......... 60% 6.19M 1s
  7750K .......... .......... .......... .......... .......... 60% 4.85M 1s
  7800K .......... .......... .......... .......... .......... 60% 2.86M 1s
  7850K .......... .......... .......... .......... .......... 61% 3.20M 1s
  7900K .......... .......... .......... .......... .......... 61% 3.63M 1s
  7950K .......... .......... .......... .......... .......... 62% 3.67M 1s
  8000K .......... .......... .......... .......... .......... 62% 4.33M 1s
  8050K .......... .......... .......... .......... .......... 62% 4.01M 1s
  8100K .......... .......... .......... .......... .......... 63% 3.65M 1s
  8150K .......... .......... .......... .......... .......... 63% 4.98M 1s
  8200K .......... .......... .......... .......... .......... 64% 6.62M 1s
  8250K .......... .......... .......... .......... .......... 64% 4.93M 1s
  8300K .......... .......... .......... .......... .......... 64% 3.94M 1s
  8350K .......... .......... .......... .......... .......... 65% 2.95M 1s
  8400K .......... .......... .......... .......... .......... 65% 2.76M 1s
  8450K .......... .......... .......... .......... .......... 65% 5.72M 1s
  8500K .......... .......... .......... .......... .......... 66% 5.07M 1s
  8550K .......... .......... .......... .......... .......... 66% 5.92M 1s
  8600K .......... .......... .......... .......... .......... 67% 5.37M 1s
  8650K .......... .......... .......... .......... .......... 67% 8.13M 1s
  8700K .......... .......... .......... .......... .......... 67% 6.91M 1s
  8750K .......... .......... .......... .......... .......... 68% 10.3M 1s
  8800K .......... .......... .......... .......... .......... 68% 8.15M 1s
  8850K .......... .......... .......... .......... .......... 69% 8.34M 1s
  8900K .......... .......... .......... .......... .......... 69% 7.30M 1s
  8950K .......... .......... .......... .......... .......... 69% 6.86M 1s
  9000K .......... .......... .......... .......... .......... 70% 8.49M 1s
  9050K .......... .......... .......... .......... .......... 70% 5.79M 1s
  9100K .......... .......... .......... .......... .......... 71% 6.99M 1s
  9150K .......... .......... .......... .......... .......... 71% 6.86M 1s
  9200K .......... .......... .......... .......... .......... 71% 7.05M 1s
  9250K .......... .......... .......... .......... .......... 72% 8.11M 1s
  9300K .......... .......... .......... .......... .......... 72% 8.22M 1s
  9350K .......... .......... .......... .......... .......... 72% 8.07M 1s
  9400K .......... .......... .......... .......... .......... 73% 5.96M 1s
  9450K .......... .......... .......... .......... .......... 73% 7.64M 1s
  9500K .......... .......... .......... .......... .......... 74% 6.94M 1s
  9550K .......... .......... .......... .......... .......... 74% 6.97M 1s
  9600K .......... .......... .......... .......... .......... 74% 6.96M 1s
  9650K .......... .......... .......... .......... .......... 75% 6.58M 1s
  9700K .......... .......... .......... .......... .......... 75% 7.02M 1s
  9750K .......... .......... .......... .......... .......... 76% 8.16M 1s
  9800K .......... .......... .......... .......... .......... 76% 7.86M 1s
  9850K .......... .......... .......... .......... .......... 76% 8.72M 1s
  9900K .......... .......... .......... .......... .......... 77% 6.98M 1s
  9950K .......... .......... .......... .......... .......... 77% 6.85M 0s
 10000K .......... .......... .......... .......... .......... 78% 11.2M 0s
 10050K .......... .......... .......... .......... .......... 78% 6.85M 0s
 10100K .......... .......... .......... .......... .......... 78% 5.27M 0s
 10150K .......... .......... .......... .......... .......... 79% 10.5M 0s
 10200K .......... .......... .......... .......... .......... 79% 8.09M 0s
 10250K .......... .......... .......... .......... .......... 79% 7.34M 0s
 10300K .......... .......... .......... .......... .......... 80% 5.94M 0s
 10350K .......... .......... .......... .......... .......... 80% 6.80M 0s
 10400K .......... .......... .......... .......... .......... 81% 4.73M 0s
 10450K .......... .......... .......... .......... .......... 81% 6.00M 0s
 10500K .......... .......... .......... .......... .......... 81% 5.88M 0s
 10550K .......... .......... .......... .......... .......... 82% 5.52M 0s
 10600K .......... .......... .......... .......... .......... 82% 8.45M 0s
 10650K .......... .......... .......... .......... .......... 83% 5.12M 0s
 10700K .......... .......... .......... .......... .......... 83% 4.82M 0s
 10750K .......... .......... .......... .......... .......... 83% 3.95M 0s
 10800K .......... .......... .......... .......... .......... 84% 5.15M 0s
 10850K .......... .......... .......... .......... .......... 84% 3.87M 0s
 10900K .......... .......... .......... .......... .......... 84% 3.18M 0s
 10950K .......... .......... .......... .......... .......... 85% 5.16M 0s
 11000K .......... .......... .......... .......... .......... 85% 3.28M 0s
 11050K .......... .......... .......... .......... .......... 86% 3.63M 0s
 11100K .......... .......... .......... .......... .......... 86% 3.94M 0s
 11150K .......... .......... .......... .......... .......... 86% 4.00M 0s
 11200K .......... .......... .......... .......... .......... 87% 2.94M 0s
 11250K .......... .......... .......... .......... .......... 87% 2.22M 0s
 11300K .......... .......... .......... .......... .......... 88% 2.60M 0s
 11350K .......... .......... .......... .......... .......... 88% 3.05M 0s
 11400K .......... .......... .......... .......... .......... 88% 3.27M 0s
 11450K .......... .......... .......... .......... .......... 89% 5.81M 0s
 11500K .......... .......... .......... .......... .......... 89% 4.19M 0s
 11550K .......... .......... .......... .......... .......... 90% 5.21M 0s
 11600K .......... .......... .......... .......... .......... 90% 3.43M 0s
 11650K .......... .......... .......... .......... .......... 90% 3.37M 0s
 11700K .......... .......... .......... .......... .......... 91% 5.12M 0s
 11750K .......... .......... .......... .......... .......... 91% 5.66M 0s
 11800K .......... .......... .......... .......... .......... 91% 4.53M 0s
 11850K .......... .......... .......... .......... .......... 92% 6.00M 0s
 11900K .......... .......... .......... .......... .......... 92% 6.14M 0s
 11950K .......... .......... .......... .......... .......... 93% 5.08M 0s
 12000K .......... .......... .......... .......... .......... 93% 6.57M 0s
 12050K .......... .......... .......... .......... .......... 93% 7.29M 0s
 12100K .......... .......... .......... .......... .......... 94% 7.02M 0s
 12150K .......... .......... .......... .......... .......... 94% 7.08M 0s
 12200K .......... .......... .......... .......... .......... 95% 6.86M 0s
 12250K .......... .......... .......... .......... .......... 95% 6.86M 0s
 12300K .......... .......... .......... .......... .......... 95% 4.91M 0s
 12350K .......... .......... .......... .......... .......... 96% 5.35M 0s
 12400K .......... .......... .......... .......... .......... 96% 5.16M 0s
 12450K .......... .......... .......... .......... .......... 97% 5.76M 0s
 12500K .......... .......... .......... .......... .......... 97% 5.67M 0s
 12550K .......... .......... .......... .......... .......... 97% 5.30M 0s
 12600K .......... .......... .......... .......... .......... 98% 5.53M 0s
 12650K .......... .......... .......... .......... .......... 98% 6.44M 0s
 12700K .......... .......... .......... .......... .......... 98% 5.17M 0s
 12750K .......... .......... .......... .......... .......... 99% 6.51M 0s
 12800K .......... .......... .......... .......... .......... 99% 5.65M 0s
 12850K .......... .......... .......... ....                 100% 5.20M=2.3s

2016-05-25 04:04:45 (5.51 MB/s) - ‘index.html.2’ saved [13193358/13193358]

