--2016-05-25 04:04:46--  http://10.30.50.93:8000/
Connecting to 10.30.50.93:8000... connected.
HTTP request sent, awaiting response... 200 OK
Length: 13193358 (13M) [text/html]
Saving to: ‘index.html.3’

     0K .......... .......... .......... .......... ..........  0% 8.10M 2s
    50K .......... .......... .......... .......... ..........  0% 5.96M 2s
   100K .......... .......... .......... .......... ..........  1% 4.70M 2s
   150K .......... .......... .......... .......... ..........  1% 5.66M 2s
   200K .......... .......... .......... .......... ..........  1% 4.93M 2s
   250K .......... .......... .......... .......... ..........  2% 5.88M 2s
   300K .......... .......... .......... .......... ..........  2% 5.92M 2s
   350K .......... .......... .......... .......... ..........  3% 3.53M 2s
   400K .......... .......... .......... .......... ..........  3% 7.07M 2s
   450K .......... .......... .......... .......... ..........  3% 8.98M 2s
   500K .......... .......... .......... .......... ..........  4% 6.26M 2s
   550K .......... .......... .......... .......... ..........  4% 9.10M 2s
   600K .......... .......... .......... .......... ..........  5% 7.33M 2s
   650K .......... .......... .......... .......... ..........  5% 7.18M 2s
   700K .......... .......... .......... .......... ..........  5% 8.98M 2s
   750K .......... .......... .......... .......... ..........  6% 8.65M 2s
   800K .......... .......... .......... .......... ..........  6% 8.87M 2s
   850K .......... .......... .......... .......... ..........  6% 6.75M 2s
   900K .......... .......... .......... .......... ..........  7% 8.70M 2s
   950K .......... .......... .......... .......... ..........  7% 6.48M 2s
  1000K .......... .......... .......... .......... ..........  8% 4.75M 2s
  1050K .......... .......... .......... .......... ..........  8% 3.57M 2s
  1100K .......... .......... .......... .......... ..........  8% 3.92M 2s
  1150K .......... .......... .......... .......... ..........  9% 4.26M 2s
  1200K .......... .......... .......... .......... ..........  9% 2.60M 2s
  1250K .......... .......... .......... .......... .......... 10% 2.31M 2s
  1300K .......... .......... .......... .......... .......... 10% 3.76M 2s
  1350K .......... .......... .......... .......... .......... 10% 4.39M 2s
  1400K .......... .......... .......... .......... .......... 11% 3.82M 2s
  1450K .......... .......... .......... .......... .......... 11% 3.19M 2s
  1500K .......... .......... .......... .......... .......... 12% 1.99M 2s
  1550K .......... .......... .......... .......... .......... 12% 3.03M 2s
  1600K .......... .......... .......... .......... .......... 12% 3.34M 2s
  1650K .......... .......... .......... .......... .......... 13% 2.47M 2s
  1700K .......... .......... .......... .......... .......... 13% 2.15M 2s
  1750K .......... .......... .......... .......... .......... 13% 3.26M 2s
  1800K .......... .......... .......... .......... .......... 14% 3.16M 2s
  1850K .......... .......... .......... .......... .......... 14% 3.06M 3s
  1900K .......... .......... .......... .......... .......... 15% 3.36M 3s
  1950K .......... .......... .......... .......... .......... 15% 4.50M 2s
  2000K .......... .......... .......... .......... .......... 15% 3.84M 2s
  2050K .......... .......... .......... .......... .......... 16% 4.88M 2s
  2100K .......... .......... .......... .......... .......... 16% 5.54M 2s
  2150K .......... .......... .......... .......... .......... 17% 5.47M 2s
  2200K .......... .......... .......... .......... .......... 17% 4.14M 2s
  2250K .......... .......... .......... .......... .......... 17% 3.24M 2s
  2300K .......... .......... .......... .......... .......... 18% 2.81M 2s
  2350K .......... .......... .......... .......... .......... 18% 2.30M 2s
  2400K .......... .......... .......... .......... .......... 19% 2.90M 2s
  2450K .......... .......... .......... .......... .......... 19% 3.40M 2s
  2500K .......... .......... .......... .......... .......... 19% 3.05M 2s
  2550K .......... .......... .......... .......... .......... 20% 3.11M 2s
  2600K .......... .......... .......... .......... .......... 20% 3.38M 2s
  2650K .......... .......... .......... .......... .......... 20% 4.54M 2s
  2700K .......... .......... .......... .......... .......... 21% 2.91M 2s
  2750K .......... .......... .......... .......... .......... 21% 2.39M 2s
  2800K .......... .......... .......... .......... .......... 22% 2.70M 2s
  2850K .......... .......... .......... .......... .......... 22% 4.53M 2s
  2900K .......... .......... .......... .......... .......... 22% 3.50M 2s
  2950K .......... .......... .......... .......... .......... 23% 3.03M 2s
  3000K .......... .......... .......... .......... .......... 23% 4.48M 2s
  3050K .......... .......... .......... .......... .......... 24% 4.43M 2s
  3100K .......... .......... .......... .......... .......... 24% 3.22M 2s
  3150K .......... .......... .......... .......... .......... 24% 6.46M 2s
  3200K .......... .......... .......... .......... .......... 25% 3.84M 2s
  3250K .......... .......... .......... .......... .......... 25% 3.18M 2s
  3300K .......... .......... .......... .......... .......... 26% 3.09M 2s
  3350K .......... .......... .......... .......... .......... 26% 2.84M 2s
  3400K .......... .......... .......... .......... .......... 26% 2.89M 2s
  3450K .......... .......... .......... .......... .......... 27% 3.94M 2s
  3500K .......... .......... .......... .......... .......... 27% 4.43M 2s
  3550K .......... .......... .......... .......... .......... 27% 5.24M 2s
  3600K .......... .......... .......... .......... .......... 28% 5.17M 2s
  3650K .......... .......... .......... .......... .......... 28% 6.52M 2s
  3700K .......... .......... .......... .......... .......... 29% 5.00M 2s
  3750K .......... .......... .......... .......... .......... 29% 4.60M 2s
  3800K .......... .......... .......... .......... .......... 29% 6.03M 2s
  3850K .......... .......... .......... .......... .......... 30% 5.04M 2s
  3900K .......... .......... .......... .......... .......... 30% 5.49M 2s
  3950K .......... .......... .......... .......... .......... 31% 5.09M 2s
  4000K .......... .......... .......... .......... .......... 31% 3.54M 2s
  4050K .......... .......... .......... .......... .......... 31% 3.32M 2s
  4100K .......... .......... .......... .......... .......... 32% 3.34M 2s
  4150K .......... .......... .......... .......... .......... 32% 4.09M 2s
  4200K .......... .......... .......... .......... .......... 32% 3.76M 2s
  4250K .......... .......... .......... .......... .......... 33% 4.63M 2s
  4300K .......... .......... .......... .......... .......... 33% 4.18M 2s
  4350K .......... .......... .......... .......... .......... 34% 3.47M 2s
  4400K .......... .......... .......... .......... .......... 34% 2.55M 2s
  4450K .......... .......... .......... .......... .......... 34% 3.20M 2s
  4500K .......... .......... .......... .......... .......... 35% 3.08M 2s
  4550K .......... .......... .......... .......... .......... 35% 3.08M 2s
  4600K .......... .......... .......... .......... .......... 36% 2.31M 2s
  4650K .......... .......... .......... .......... .......... 36% 2.31M 2s
  4700K .......... .......... .......... .......... .......... 36% 3.31M 2s
  4750K .......... .......... .......... .......... .......... 37% 3.34M 2s
  4800K .......... .......... .......... .......... .......... 37% 4.49M 2s
  4850K .......... .......... .......... .......... .......... 38% 4.98M 2s
  4900K .......... .......... .......... .......... .......... 38% 5.87M 2s
  4950K .......... .......... .......... .......... .......... 38% 3.16M 2s
  5000K .......... .......... .......... .......... .......... 39% 3.66M 2s
  5050K .......... .......... .......... .......... .......... 39% 4.15M 2s
  5100K .......... .......... .......... .......... .......... 39% 3.45M 2s
  5150K .......... .......... .......... .......... .......... 40% 3.98M 2s
  5200K .......... .......... .......... .......... .......... 40% 5.10M 2s
  5250K .......... .......... .......... .......... .......... 41% 2.93M 2s
  5300K .......... .......... .......... .......... .......... 41% 3.40M 2s
  5350K .......... .......... .......... .......... .......... 41% 4.02M 2s
  5400K .......... .......... .......... .......... .......... 42% 2.90M 2s
  5450K .......... .......... .......... .......... .......... 42% 5.24M 2s
  5500K .......... .......... .......... .......... .......... 43% 5.26M 2s
  5550K .......... .......... .......... .......... .......... 43% 5.22M 2s
  5600K .......... .......... .......... .......... .......... 43% 4.21M 2s
  5650K .......... .......... .......... .......... .......... 44% 7.01M 2s
  5700K .......... .......... .......... .......... .......... 44% 3.61M 2s
  5750K .......... .......... .......... .......... .......... 45% 4.69M 2s
  5800K .......... .......... .......... .......... .......... 45% 3.58M 2s
  5850K .......... .......... .......... .......... .......... 45% 4.21M 2s
  5900K .......... .......... .......... .......... .......... 46% 5.33M 2s
  5950K .......... .......... .......... .......... .......... 46% 5.27M 2s
  6000K .......... .......... .......... .......... .......... 46% 4.81M 2s
  6050K .......... .......... .......... .......... .......... 47% 4.77M 2s
  6100K .......... .......... .......... .......... .......... 47% 4.76M 2s
  6150K .......... .......... .......... .......... .......... 48% 5.30M 2s
  6200K .......... .......... .......... .......... .......... 48% 4.50M 2s
  6250K .......... .......... .......... .......... .......... 48% 4.74M 2s
  6300K .......... .......... .......... .......... .......... 49% 3.81M 2s
  6350K .......... .......... .......... .......... .......... 49% 3.29M 2s
  6400K .......... .......... .......... .......... .......... 50% 5.26M 2s
  6450K .......... .......... .......... .......... .......... 50% 5.30M 2s
  6500K .......... .......... .......... .......... .......... 50% 4.26M 2s
  6550K .......... .......... .......... .......... .......... 51% 4.14M 2s
  6600K .......... .......... .......... .......... .......... 51% 3.23M 2s
  6650K .......... .......... .......... .......... .......... 52% 2.27M 2s
  6700K .......... .......... .......... .......... .......... 52% 1.89M 2s
  6750K .......... .......... .......... .......... .......... 52% 2.69M 2s
  6800K .......... .......... .......... .......... .......... 53% 2.24M 2s
  6850K .......... .......... .......... .......... .......... 53% 3.09M 2s
  6900K .......... .......... .......... .......... .......... 53% 3.45M 2s
  6950K .......... .......... .......... .......... .......... 54% 4.67M 1s
  7000K .......... .......... .......... .......... .......... 54% 6.37M 1s
  7050K .......... .......... .......... .......... .......... 55% 4.42M 1s
  7100K .......... .......... .......... .......... .......... 55% 4.22M 1s
  7150K .......... .......... .......... .......... .......... 55% 4.62M 1s
  7200K .......... .......... .......... .......... .......... 56% 4.45M 1s
  7250K .......... .......... .......... .......... .......... 56% 3.91M 1s
  7300K .......... .......... .......... .......... .......... 57% 4.61M 1s
  7350K .......... .......... .......... .......... .......... 57% 4.67M 1s
  7400K .......... .......... .......... .......... .......... 57% 4.63M 1s
  7450K .......... .......... .......... .......... .......... 58% 4.01M 1s
  7500K .......... .......... .......... .......... .......... 58% 2.46M 1s
  7550K .......... .......... .......... .......... .......... 58% 3.46M 1s
  7600K .......... .......... .......... .......... .......... 59% 2.17M 1s
  7650K .......... .......... .......... .......... .......... 59% 3.02M 1s
  7700K .......... .......... .......... .......... .......... 60% 3.22M 1s
  7750K .......... .......... .......... .......... .......... 60% 3.42M 1s
  7800K .......... .......... .......... .......... .......... 60% 5.38M 1s
  7850K .......... .......... .......... .......... .......... 61% 6.08M 1s
  7900K .......... .......... .......... .......... .......... 61% 4.60M 1s
  7950K .......... .......... .......... .......... .......... 62% 6.04M 1s
  8000K .......... .......... .......... .......... .......... 62% 6.05M 1s
  8050K .......... .......... .......... .......... .......... 62% 6.17M 1s
  8100K .......... .......... .......... .......... .......... 63% 7.90M 1s
  8150K .......... .......... .......... .......... .......... 63% 5.00M 1s
  8200K .......... .......... .......... .......... .......... 64% 5.95M 1s
  8250K .......... .......... .......... .......... .......... 64% 4.67M 1s
  8300K .......... .......... .......... .......... .......... 64% 5.97M 1s
  8350K .......... .......... .......... .......... .......... 65% 4.91M 1s
  8400K .......... .......... .......... .......... .......... 65% 6.86M 1s
  8450K .......... .......... .......... .......... .......... 65% 5.98M 1s
  8500K .......... .......... .......... .......... .......... 66% 5.92M 1s
  8550K .......... .......... .......... .......... .......... 66% 5.85M 1s
  8600K .......... .......... .......... .......... .......... 67% 5.91M 1s
  8650K .......... .......... .......... .......... .......... 67% 5.91M 1s
  8700K .......... .......... .......... .......... .......... 67% 6.87M 1s
  8750K .......... .......... .......... .......... .......... 68% 7.00M 1s
  8800K .......... .......... .......... .......... .......... 68% 6.97M 1s
  8850K .......... .......... .......... .......... .......... 69% 5.91M 1s
  8900K .......... .......... .......... .......... .......... 69% 6.72M 1s
  8950K .......... .......... .......... .......... .......... 69% 7.01M 1s
  9000K .......... .......... .......... .......... .......... 70% 7.57M 1s
  9050K .......... .......... .......... .......... .......... 70% 5.95M 1s
  9100K .......... .......... .......... .......... .......... 71% 6.89M 1s
  9150K .......... .......... .......... .......... .......... 71% 6.04M 1s
  9200K .......... .......... .......... .......... .......... 71% 6.94M 1s
  9250K .......... .......... .......... .......... .......... 72% 6.96M 1s
  9300K .......... .......... .......... .......... .......... 72% 6.97M 1s
  9350K .......... .......... .......... .......... .......... 72% 5.80M 1s
  9400K .......... .......... .......... .......... .......... 73% 7.01M 1s
  9450K .......... .......... .......... .......... .......... 73% 5.99M 1s
  9500K .......... .......... .......... .......... .......... 74% 5.87M 1s
  9550K .......... .......... .......... .......... .......... 74% 5.26M 1s
  9600K .......... .......... .......... .......... .......... 74% 7.05M 1s
  9650K .......... .......... .......... .......... .......... 75% 5.31M 1s
  9700K .......... .......... .......... .......... .......... 75% 5.23M 1s
  9750K .......... .......... .......... .......... .......... 76% 5.39M 1s
  9800K .......... .......... .......... .......... .......... 76% 4.63M 1s
  9850K .......... .......... .......... .......... .......... 76% 4.39M 1s
  9900K .......... .......... .......... .......... .......... 77% 4.21M 1s
  9950K .......... .......... .......... .......... .......... 77% 4.26M 1s
 10000K .......... .......... .......... .......... .......... 78% 4.47M 1s
 10050K .......... .......... .......... .......... .......... 78% 4.69M 1s
 10100K .......... .......... .......... .......... .......... 78% 6.07M 1s
 10150K .......... .......... .......... .......... .......... 79% 5.00M 1s
 10200K .......... .......... .......... .......... .......... 79% 6.24M 1s
 10250K .......... .......... .......... .......... .......... 79% 5.97M 1s
 10300K .......... .......... .......... .......... .......... 80% 6.44M 1s
 10350K .......... .......... .......... .......... .......... 80% 8.79M 1s
 10400K .......... .......... .......... .......... .......... 81% 6.86M 1s
 10450K .......... .......... .......... .......... .......... 81% 7.26M 1s
 10500K .......... .......... .......... .......... .......... 81% 8.40M 1s
 10550K .......... .......... .......... .......... .......... 82% 6.67M 1s
 10600K .......... .......... .......... .......... .......... 82% 5.01M 1s
 10650K .......... .......... .......... .......... .......... 83% 5.82M 1s
 10700K .......... .......... .......... .......... .......... 83% 5.22M 0s
 10750K .......... .......... .......... .......... .......... 83% 5.42M 0s
 10800K .......... .......... .......... .......... .......... 84% 4.85M 0s
 10850K .......... .......... .......... .......... .......... 84% 5.84M 0s
 10900K .......... .......... .......... .......... .......... 84% 6.30M 0s
 10950K .......... .......... .......... .......... .......... 85% 4.54M 0s
 11000K .......... .......... .......... .......... .......... 85% 4.00M 0s
 11050K .......... .......... .......... .......... .......... 86% 4.51M 0s
 11100K .......... .......... .......... .......... .......... 86% 3.38M 0s
 11150K .......... .......... .......... .......... .......... 86% 6.03M 0s
 11200K .......... .......... .......... .......... .......... 87% 3.12M 0s
 11250K .......... .......... .......... .......... .......... 87% 2.71M 0s
 11300K .......... .......... .......... .......... .......... 88% 4.49M 0s
 11350K .......... .......... .......... .......... .......... 88% 3.41M 0s
 11400K .......... .......... .......... .......... .......... 88% 3.31M 0s
 11450K .......... .......... .......... .......... .......... 89% 4.36M 0s
 11500K .......... .......... .......... .......... .......... 89% 4.17M 0s
 11550K .......... .......... .......... .......... .......... 90% 4.46M 0s
 11600K .......... .......... .......... .......... .......... 90% 4.07M 0s
 11650K .......... .......... .......... .......... .......... 90% 4.47M 0s
 11700K .......... .......... .......... .......... .......... 91% 4.44M 0s
 11750K .......... .......... .......... .......... .......... 91% 4.39M 0s
 11800K .......... .......... .......... .......... .......... 91% 3.46M 0s
 11850K .......... .......... .......... .......... .......... 92% 3.35M 0s
 11900K .......... .......... .......... .......... .......... 92% 2.51M 0s
 11950K .......... .......... .......... .......... .......... 93% 2.10M 0s
 12000K .......... .......... .......... .......... .......... 93% 2.24M 0s
 12050K .......... .......... .......... .......... .......... 93% 1.95M 0s
 12100K .......... .......... .......... .......... .......... 94% 2.06M 0s
 12150K .......... .......... .......... .......... .......... 94% 2.13M 0s
 12200K .......... .......... .......... .......... .......... 95% 2.22M 0s
 12250K .......... .......... .......... .......... .......... 95% 2.38M 0s
 12300K .......... .......... .......... .......... .......... 95% 2.49M 0s
 12350K .......... .......... .......... .......... .......... 96% 3.33M 0s
 12400K .......... .......... .......... .......... .......... 96% 3.30M 0s
 12450K .......... .......... .......... .......... .......... 97% 4.52M 0s
 12500K .......... .......... .......... .......... .......... 97% 3.71M 0s
 12550K .......... .......... .......... .......... .......... 97% 3.96M 0s
 12600K .......... .......... .......... .......... .......... 98% 3.11M 0s
 12650K .......... .......... .......... .......... .......... 98% 2.98M 0s
 12700K .......... .......... .......... .......... .......... 98% 2.86M 0s
 12750K .......... .......... .......... .......... .......... 99% 2.59M 0s
 12800K .......... .......... .......... .......... .......... 99% 2.17M 0s
 12850K .......... .......... .......... ....                 100% 2.32M=3.1s

2016-05-25 04:04:49 (4.04 MB/s) - ‘index.html.3’ saved [13193358/13193358]

