--2016-05-25 03:20:34--  http://10.30.50.93:8000/
Connecting to 10.30.50.93:8000... connected.
HTTP request sent, awaiting response... 200 OK
Length: 13193358 (13M) [text/html]
Saving to: ‘index.html.7’

     0K .......... .......... .......... .......... ..........  0% 1.09M 11s
    50K .......... .......... .......... .......... ..........  0% 1.11M 11s
   100K .......... .......... .......... .......... ..........  1% 1.09M 11s
   150K .......... .......... .......... .......... ..........  1% 1.15M 11s
   200K .......... .......... .......... .......... ..........  1% 1.14M 11s
   250K .......... .......... .......... .......... ..........  2% 1.04M 11s
   300K .......... .......... .......... .......... ..........  2%  979K 11s
   350K .......... .......... .......... .......... ..........  3%  773K 12s
   400K .......... .......... .......... .......... ..........  3%  841K 12s
   450K .......... .......... .......... .......... ..........  3%  941K 12s
   500K .......... .......... .......... .......... ..........  4% 1.02M 12s
   550K .......... .......... .......... .......... ..........  4% 1.02M 12s
   600K .......... .......... .......... .......... ..........  5%  977K 12s
   650K .......... .......... .......... .......... ..........  5% 1.29M 12s
   700K .......... .......... .......... .......... ..........  5% 1.13M 12s
   750K .......... .......... .......... .......... ..........  6%  917K 12s
   800K .......... .......... .......... .......... ..........  6%  932K 12s
   850K .......... .......... .......... .......... ..........  6%  193K 14s
   900K .......... .......... .......... .......... ..........  7% 1.04M 14s
   950K .......... .......... .......... .......... ..........  7%  962K 14s
  1000K .......... .......... .......... .......... ..........  8% 1.07M 14s
  1050K .......... .......... .......... .......... ..........  8% 1.01M 14s
  1100K .......... .......... .......... .......... ..........  8% 1.11M 14s
  1150K .......... .......... .......... .......... ..........  9% 1.08M 13s
  1200K .......... .......... .......... .......... ..........  9% 1.14M 13s
  1250K .......... .......... .......... .......... .......... 10% 1.16M 13s
  1300K .......... .......... .......... .......... .......... 10% 1.11M 13s
  1350K .......... .......... .......... .......... .......... 10% 1.12M 13s
  1400K .......... .......... .......... .......... .......... 11% 1.10M 13s
  1450K .......... .......... .......... .......... .......... 11%  976K 12s
  1500K .......... .......... .......... .......... .......... 12% 1.15M 12s
  1550K .......... .......... .......... .......... .......... 12% 1.15M 12s
  1600K .......... .......... .......... .......... .......... 12% 1.12M 12s
  1650K .......... .......... .......... .......... .......... 13% 1.11M 12s
  1700K .......... .......... .......... .......... .......... 13%  925K 12s
  1750K .......... .......... .......... .......... .......... 13% 1.47M 12s
  1800K .......... .......... .......... .......... .......... 14%  973K 12s
  1850K .......... .......... .......... .......... .......... 14% 1.07M 12s
  1900K .......... .......... .......... .......... .......... 15% 1.05M 11s
  1950K .......... .......... .......... .......... .......... 15% 1.16M 11s
  2000K .......... .......... .......... .......... .......... 15%  978K 11s
  2050K .......... .......... .......... .......... .......... 16% 1.06M 11s
  2100K .......... .......... .......... .......... .......... 16%  851K 11s
  2150K .......... .......... .......... .......... .......... 17%  930K 11s
  2200K .......... .......... .......... .......... .......... 17% 1013K 11s
  2250K .......... .......... .......... .......... .......... 17% 1.18M 11s
  2300K .......... .......... .......... .......... .......... 18% 1.00M 11s
  2350K .......... .......... .......... .......... .......... 18% 1.05M 11s
  2400K .......... .......... .......... .......... .......... 19%  952K 11s
  2450K .......... .......... .......... .......... .......... 19% 1.10M 11s
  2500K .......... .......... .......... .......... .......... 19% 1.09M 11s
  2550K .......... .......... .......... .......... .......... 20% 1.11M 11s
  2600K .......... .......... .......... .......... .......... 20%  865K 11s
  2650K .......... .......... .......... .......... .......... 20% 1.32M 10s
  2700K .......... .......... .......... .......... .......... 21%  895K 10s
  2750K .......... .......... .......... .......... .......... 21%  855K 10s
  2800K .......... .......... .......... .......... .......... 22% 1.09M 10s
  2850K .......... .......... .......... .......... .......... 22% 1.04M 10s
  2900K .......... .......... .......... .......... .......... 22% 1.13M 10s
  2950K .......... .......... .......... .......... .......... 23% 1.16M 10s
  3000K .......... .......... .......... .......... .......... 23% 1.08M 10s
  3050K .......... .......... .......... .......... .......... 24% 1.09M 10s
  3100K .......... .......... .......... .......... .......... 24% 1.09M 10s
  3150K .......... .......... .......... .......... .......... 24%  929K 10s
  3200K .......... .......... .......... .......... .......... 25% 1.12M 10s
  3250K .......... .......... .......... .......... .......... 25%  111K 11s
  3300K .......... .......... .......... .......... .......... 26% 2.80M 11s
  3350K .......... .......... .......... .......... .......... 26%  991K 11s
  3400K .......... .......... .......... .......... .......... 26%  993K 11s
  3450K .......... .......... .......... .......... .......... 27%  863K 10s
  3500K .......... .......... .......... .......... .......... 27%  932K 10s
  3550K .......... .......... .......... .......... .......... 27% 1.05M 10s
  3600K .......... .......... .......... .......... .......... 28% 1.03M 10s
  3650K .......... .......... .......... .......... .......... 28% 1.03M 10s
  3700K .......... .......... .......... .......... .......... 29% 1.06M 10s
  3750K .......... .......... .......... .......... .......... 29% 1.16M 10s
  3800K .......... .......... .......... .......... .......... 29% 1.12M 10s
  3850K .......... .......... .......... .......... .......... 30%  950K 10s
  3900K .......... .......... .......... .......... .......... 30% 1.36M 10s
  3950K .......... .......... .......... .......... .......... 31%  925K 10s
  4000K .......... .......... .......... .......... .......... 31% 1.08M 10s
  4050K .......... .......... .......... .......... .......... 31% 75.5K 11s
  4100K .......... .......... .......... .......... .......... 32% 1.11M 11s
  4150K .......... .......... .......... .......... .......... 32% 1.02M 11s
  4200K .......... .......... .......... .......... .......... 32%  934K 11s
  4250K .......... .......... .......... .......... .......... 33%  977K 11s
  4300K .......... .......... .......... .......... .......... 33% 1.04M 10s
  4350K .......... .......... .......... .......... .......... 34% 1.01M 10s
  4400K .......... .......... .......... .......... .......... 34% 1.20M 10s
  4450K .......... .......... .......... .......... .......... 34% 1022K 10s
  4500K .......... .......... .......... .......... .......... 35%  995K 10s
  4550K .......... .......... .......... .......... .......... 35%  916K 10s
  4600K .......... .......... .......... .......... .......... 36% 1.13M 10s
  4650K .......... .......... .......... .......... .......... 36% 1.15M 10s
  4700K .......... .......... .......... .......... .......... 36% 1.07M 10s
  4750K .......... .......... .......... .......... .......... 37%  808K 10s
  4800K .......... .......... .......... .......... .......... 37% 1.02M 10s
  4850K .......... .......... .......... .......... .......... 38% 1.13M 10s
  4900K .......... .......... .......... .......... .......... 38%  948K 9s
  4950K .......... .......... .......... .......... .......... 38% 1.25M 9s
  5000K .......... .......... .......... .......... .......... 39% 1.19M 9s
  5050K .......... .......... .......... .......... .......... 39% 1.10M 9s
  5100K .......... .......... .......... .......... .......... 39% 1.05M 9s
  5150K .......... .......... .......... .......... .......... 40% 1.10M 9s
  5200K .......... .......... .......... .......... .......... 40% 1.13M 9s
  5250K .......... .......... .......... .......... .......... 41%  946K 9s
  5300K .......... .......... .......... .......... .......... 41% 1.00M 9s
  5350K .......... .......... .......... .......... .......... 41% 1001K 9s
  5400K .......... .......... .......... .......... .......... 42%  872K 9s
  5450K .......... .......... .......... .......... .......... 42%  976K 9s
  5500K .......... .......... .......... .......... .......... 43%  929K 9s
  5550K .......... .......... .......... .......... .......... 43%  972K 9s
  5600K .......... .......... .......... .......... .......... 43%  856K 8s
  5650K .......... .......... .......... .......... .......... 44%  974K 8s
  5700K .......... .......... .......... .......... .......... 44%  943K 8s
  5750K .......... .......... .......... .......... .......... 45% 1.05M 8s
  5800K .......... .......... .......... .......... .......... 45%  934K 8s
  5850K .......... .......... .......... .......... .......... 45%  804K 8s
  5900K .......... .......... .......... .......... .......... 46% 1021K 8s
  5950K .......... .......... .......... .......... .......... 46%  827K 8s
  6000K .......... .......... .......... .......... .......... 46%  864K 8s
  6050K .......... .......... .......... .......... .......... 47% 1.12M 8s
  6100K .......... .......... .......... .......... .......... 47%  855K 8s
  6150K .......... .......... .......... .......... .......... 48% 1.11M 8s
  6200K .......... .......... .......... .......... .......... 48% 1.11M 8s
  6250K .......... .......... .......... .......... .......... 48% 1.01M 8s
  6300K .......... .......... .......... .......... .......... 49% 1.07M 8s
  6350K .......... .......... .......... .......... .......... 49% 1.07M 7s
  6400K .......... .......... .......... .......... .......... 50% 1.16M 7s
  6450K .......... .......... .......... .......... .......... 50% 1.17M 7s
  6500K .......... .......... .......... .......... .......... 50% 1008K 7s
  6550K .......... .......... .......... .......... .......... 51% 1.23M 7s
  6600K .......... .......... .......... .......... .......... 51%  982K 7s
  6650K .......... .......... .......... .......... .......... 52%  919K 7s
  6700K .......... .......... .......... .......... .......... 52% 1.10M 7s
  6750K .......... .......... .......... .......... .......... 52% 1023K 7s
  6800K .......... .......... .......... .......... .......... 53%  196K 7s
  6850K .......... .......... .......... .......... .......... 53% 1.06M 7s
  6900K .......... .......... .......... .......... .......... 53% 1021K 7s
  6950K .......... .......... .......... .......... .......... 54%  916K 7s
  7000K .......... .......... .......... .......... .......... 54%  983K 7s
  7050K .......... .......... .......... .......... .......... 55% 1.13M 7s
  7100K .......... .......... .......... .......... .......... 55% 1.13M 7s
  7150K .......... .......... .......... .......... .......... 55% 1.10M 7s
  7200K .......... .......... .......... .......... .......... 56% 1.13M 6s
  7250K .......... .......... .......... .......... .......... 56% 1.10M 6s
  7300K .......... .......... .......... .......... .......... 57% 1.10M 6s
  7350K .......... .......... .......... .......... .......... 57% 1.13M 6s
  7400K .......... .......... .......... .......... .......... 57% 1.04M 6s
  7450K .......... .......... .......... .......... .......... 58% 1.02M 6s
  7500K .......... .......... .......... .......... .......... 58% 1.31M 6s
  7550K .......... .......... .......... .......... .......... 58% 1.13M 6s
  7600K .......... .......... .......... .......... .......... 59% 1.02M 6s
  7650K .......... .......... .......... .......... .......... 59% 1008K 6s
  7700K .......... .......... .......... .......... .......... 60% 1.14M 6s
  7750K .......... .......... .......... .......... .......... 60% 1.02M 6s
  7800K .......... .......... .......... .......... .......... 60%  884K 6s
  7850K .......... .......... .......... .......... .......... 61% 1.16M 6s
  7900K .......... .......... .......... .......... .......... 61% 1.04M 6s
  7950K .......... .......... .......... .......... .......... 62% 1.14M 6s
  8000K .......... .......... .......... .......... .......... 62% 1.14M 5s
  8050K .......... .......... .......... .......... .......... 62% 1.06M 5s
  8100K .......... .......... .......... .......... .......... 63% 1.01M 5s
  8150K .......... .......... .......... .......... .......... 63% 1.24M 5s
  8200K .......... .......... .......... .......... .......... 64% 1.11M 5s
  8250K .......... .......... .......... .......... .......... 64% 1.15M 5s
  8300K .......... .......... .......... .......... .......... 64%  991K 5s
  8350K .......... .......... .......... .......... .......... 65%  978K 5s
  8400K .......... .......... .......... .......... .......... 65% 1.16M 5s
  8450K .......... .......... .......... .......... .......... 65% 1.06M 5s
  8500K .......... .......... .......... .......... .......... 66% 1.15M 5s
  8550K .......... .......... .......... .......... .......... 66% 1.09M 5s
  8600K .......... .......... .......... .......... .......... 67% 1.08M 5s
  8650K .......... .......... .......... .......... .......... 67% 1.16M 5s
  8700K .......... .......... .......... .......... .......... 67% 1.10M 5s
  8750K .......... .......... .......... .......... .......... 68% 1.08M 5s
  8800K .......... .......... .......... .......... .......... 68% 1.02M 4s
  8850K .......... .......... .......... .......... .......... 69%  996K 4s
  8900K .......... .......... .......... .......... .......... 69% 1.03M 4s
  8950K .......... .......... .......... .......... .......... 69%  921K 4s
  9000K .......... .......... .......... .......... .......... 70% 1.10M 4s
  9050K .......... .......... .......... .......... .......... 70% 1.33M 4s
  9100K .......... .......... .......... .......... .......... 71% 1.15M 4s
  9150K .......... .......... .......... .......... .......... 71% 1.11M 4s
  9200K .......... .......... .......... .......... .......... 71%  947K 4s
  9250K .......... .......... .......... .......... .......... 72% 1.19M 4s
  9300K .......... .......... .......... .......... .......... 72% 1020K 4s
  9350K .......... .......... .......... .......... .......... 72%  866K 4s
  9400K .......... .......... .......... .......... .......... 73%  806K 4s
  9450K .......... .......... .......... .......... .......... 73% 1003K 4s
  9500K .......... .......... .......... .......... .......... 74% 1.08M 4s
  9550K .......... .......... .......... .......... .......... 74% 1.01M 4s
  9600K .......... .......... .......... .......... .......... 74%  965K 4s
  9650K .......... .......... .......... .......... .......... 75% 1020K 3s
  9700K .......... .......... .......... .......... .......... 75%  953K 3s
  9750K .......... .......... .......... .......... .......... 76% 1.15M 3s
  9800K .......... .......... .......... .......... .......... 76% 1016K 3s
  9850K .......... .......... .......... .......... .......... 76% 1.01M 3s
  9900K .......... .......... .......... .......... .......... 77% 1.17M 3s
  9950K .......... .......... .......... .......... .......... 77% 1.14M 3s
 10000K .......... .......... .......... .......... .......... 78%  993K 3s
 10050K .......... .......... .......... .......... .......... 78%  982K 3s
 10100K .......... .......... .......... .......... .......... 78%  982K 3s
 10150K .......... .......... .......... .......... .......... 79%  896K 3s
 10200K .......... .......... .......... .......... .......... 79%  920K 3s
 10250K .......... .......... .......... .......... .......... 79% 1.03M 3s
 10300K .......... .......... .......... .......... .......... 80% 1.17M 3s
 10350K .......... .......... .......... .......... .......... 80% 1.09M 3s
 10400K .......... .......... .......... .......... .......... 81% 1.11M 3s
 10450K .......... .......... .......... .......... .......... 81% 1.07M 3s
 10500K .......... .......... .......... .......... .......... 81%  875K 3s
 10550K .......... .......... .......... .......... .......... 82% 1.11M 2s
 10600K .......... .......... .......... .......... .......... 82% 1.17M 2s
 10650K .......... .......... .......... .......... .......... 83%  967K 2s
 10700K .......... .......... .......... .......... .......... 83% 1.21M 2s
 10750K .......... .......... .......... .......... .......... 83% 1.02M 2s
 10800K .......... .......... .......... .......... .......... 84%  926K 2s
 10850K .......... .......... .......... .......... .......... 84% 1.10M 2s
 10900K .......... .......... .......... .......... .......... 84% 1.08M 2s
 10950K .......... .......... .......... .......... .......... 85% 1.02M 2s
 11000K .......... .......... .......... .......... .......... 85% 1.07M 2s
 11050K .......... .......... .......... .......... .......... 86% 1.16M 2s
 11100K .......... .......... .......... .......... .......... 86% 1.02M 2s
 11150K .......... .......... .......... .......... .......... 86% 1.07M 2s
 11200K .......... .......... .......... .......... .......... 87% 1.11M 2s
 11250K .......... .......... .......... .......... .......... 87% 1.11M 2s
 11300K .......... .......... .......... .......... .......... 88% 1.19M 2s
 11350K .......... .......... .......... .......... .......... 88%  976K 2s
 11400K .......... .......... .......... .......... .......... 88% 1.09M 2s
 11450K .......... .......... .......... .......... .......... 89% 1.04M 1s
 11500K .......... .......... .......... .......... .......... 89% 1.08M 1s
 11550K .......... .......... .......... .......... .......... 90% 1.18M 1s
 11600K .......... .......... .......... .......... .......... 90% 1.10M 1s
 11650K .......... .......... .......... .......... .......... 90% 1.07M 1s
 11700K .......... .......... .......... .......... .......... 91% 1.09M 1s
 11750K .......... .......... .......... .......... .......... 91% 1.15M 1s
 11800K .......... .......... .......... .......... .......... 91% 1.02M 1s
 11850K .......... .......... .......... .......... .......... 92%  921K 1s
 11900K .......... .......... .......... .......... .......... 92%  942K 1s
 11950K .......... .......... .......... .......... .......... 93% 1.08M 1s
 12000K .......... .......... .......... .......... .......... 93% 1.10M 1s
 12050K .......... .......... .......... .......... .......... 93%  903K 1s
 12100K .......... .......... .......... .......... .......... 94% 1.02M 1s
 12150K .......... .......... .......... .......... .......... 94% 1.13M 1s
 12200K .......... .......... .......... .......... .......... 95% 1.15M 1s
 12250K .......... .......... .......... .......... .......... 95% 1.07M 1s
 12300K .......... .......... .......... .......... .......... 95% 1.11M 1s
 12350K .......... .......... .......... .......... .......... 96% 1.15M 1s
 12400K .......... .......... .......... .......... .......... 96% 1.14M 0s
 12450K .......... .......... .......... .......... .......... 97% 1.18M 0s
 12500K .......... .......... .......... .......... .......... 97% 1.05M 0s
 12550K .......... .......... .......... .......... .......... 97% 1.15M 0s
 12600K .......... .......... .......... .......... .......... 98%  832K 0s
 12650K .......... .......... .......... .......... .......... 98% 1.14M 0s
 12700K .......... .......... .......... .......... .......... 98% 1.03M 0s
 12750K .......... .......... .......... .......... .......... 99% 1004K 0s
 12800K .......... .......... .......... .......... .......... 99% 1.28M 0s
 12850K .......... .......... .......... ....                 100% 1.03M=14s

2016-05-25 03:20:47 (947 KB/s) - ‘index.html.7’ saved [13193358/13193358]

