--2016-05-25 02:36:25--  http://10.30.50.93:8000/
Connecting to 10.30.50.93:8000... connected.
HTTP request sent, awaiting response... 200 OK
Length: 13193358 (13M) [text/html]
Saving to: ‘index.html.17’

     0K .......... .......... .......... .......... ..........  0%  354K 36s
    50K .......... .......... .......... .......... ..........  0%  440K 33s
   100K .......... .......... .......... .......... ..........  1%  397K 32s
   150K .......... .......... .......... .......... ..........  1% 92.1K 59s
   200K .......... .......... .......... .......... ..........  1%  395K 53s
   250K .......... .......... .......... .......... ..........  2% 31.5K 1m51s
   300K .......... .......... .......... .......... ..........  2%  156K 1m46s
   350K .......... .......... .......... .......... ..........  3%  505K 96s
   400K .......... .......... .......... .......... ..........  3%  150K 94s
   450K .......... .......... .......... .......... ..........  3% 68.3K 1m42s
   500K .......... .......... .......... .......... ..........  4%  155K 1m40s
   550K .......... .......... .......... .......... ..........  4%  156K 98s
   600K .......... .......... .......... .......... ..........  5%  408K 92s
   650K .......... .......... .......... .......... ..........  5%  377K 87s
   700K .......... .......... .......... .......... ..........  5% 93.6K 90s
   750K .......... .......... .......... .......... ..........  6%  463K 86s
   800K .......... .......... .......... .......... ..........  6% 52.4K 94s
   850K .......... .......... .......... .......... ..........  6%  428K 90s
   900K .......... .......... .......... .......... ..........  7%  438K 86s
   950K .......... .......... .......... .......... ..........  7% 55.8K 92s
  1000K .......... .......... .......... .......... ..........  8% 98.6K 93s
  1050K .......... .......... .......... .......... ..........  8%  418K 90s
  1100K .......... .......... .......... .......... ..........  8%  377K 87s
  1150K .......... .......... .......... .......... ..........  9%  389K 84s
  1200K .......... .......... .......... .......... ..........  9%  341K 82s
  1250K .......... .......... .......... .......... .......... 10%  472K 79s
  1300K .......... .......... .......... .......... .......... 10%  400K 77s
  1350K .......... .......... .......... .......... .......... 10%  106K 78s
  1400K .......... .......... .......... .......... .......... 11% 53.1K 82s
  1450K .......... .......... .......... .......... .......... 11%  158K 82s
  1500K .......... .......... .......... .......... .......... 12%  146K 81s
  1550K .......... .......... .......... .......... .......... 12%  417K 79s
  1600K .......... .......... .......... .......... .......... 12%  431K 77s
  1650K .......... .......... .......... .......... .......... 13%  362K 75s
  1700K .......... .......... .......... .......... .......... 13%  416K 74s
  1750K .......... .......... .......... .......... .......... 13%  368K 72s
  1800K .......... .......... .......... .......... .......... 14%  397K 71s
  1850K .......... .......... .......... .......... .......... 14%  159K 70s
  1900K .......... .......... .......... .......... .......... 15% 67.5K 72s
  1950K .......... .......... .......... .......... .......... 15%  147K 72s
  2000K .......... .......... .......... .......... .......... 15%  449K 71s
  2050K .......... .......... .......... .......... .......... 16%  148K 70s
  2100K .......... .......... .......... .......... .......... 16%  408K 69s
  2150K .......... .......... .......... .......... .......... 17%  438K 68s
  2200K .......... .......... .......... .......... .......... 17%  154K 67s
  2250K .......... .......... .......... .......... .......... 17%  378K 66s
  2300K .......... .......... .......... .......... .......... 18%  479K 65s
  2350K .......... .......... .......... .......... .......... 18%  150K 65s
  2400K .......... .......... .......... .......... .......... 19%  353K 64s
  2450K .......... .......... .......... .......... .......... 19%  431K 63s
  2500K .......... .......... .......... .......... .......... 19%  146K 62s
  2550K .......... .......... .......... .......... .......... 20% 67.2K 64s
  2600K .......... .......... .......... .......... .......... 20%  405K 63s
  2650K .......... .......... .......... .......... .......... 20%  147K 63s
  2700K .......... .......... .......... .......... .......... 21%  153K 62s
  2750K .......... .......... .......... .......... .......... 21%  418K 61s
  2800K .......... .......... .......... .......... .......... 22%  438K 61s
  2850K .......... .......... .......... .......... .......... 22%  439K 60s
  2900K .......... .......... .......... .......... .......... 22%  416K 59s
  2950K .......... .......... .......... .......... .......... 23% 44.2K 61s
  3000K .......... .......... .......... .......... .......... 23% 89.2K 62s
  3050K .......... .......... .......... .......... .......... 24%  369K 61s
  3100K .......... .......... .......... .......... .......... 24% 95.3K 61s
  3150K .......... .......... .......... .......... .......... 24%  143K 61s
  3200K .......... .......... .......... .......... .......... 25%  439K 60s
  3250K .......... .......... .......... .......... .......... 25%  355K 59s
  3300K .......... .......... .......... .......... .......... 26%  438K 58s
  3350K .......... .......... .......... .......... .......... 26%  408K 57s
  3400K .......... .......... .......... .......... .......... 26%  407K 57s
  3450K .......... .......... .......... .......... .......... 27%  396K 56s
  3500K .......... .......... .......... .......... .......... 27%  406K 55s
  3550K .......... .......... .......... .......... .......... 27% 52.6K 57s
  3600K .......... .......... .......... .......... .......... 28% 68.0K 57s
  3650K .......... .......... .......... .......... .......... 28% 52.1K 59s
  3700K .......... .......... .......... .......... .......... 29% 94.7K 59s
  3750K .......... .......... .......... .......... .......... 29%  451K 58s
  3800K .......... .......... .......... .......... .......... 29%  144K 58s
  3850K .......... .......... .......... .......... .......... 30%  428K 57s
  3900K .......... .......... .......... .......... .......... 30%  449K 56s
  3950K .......... .......... .......... .......... .......... 31%  425K 55s
  4000K .......... .......... .......... .......... .......... 31%  410K 55s
  4050K .......... .......... .......... .......... .......... 31% 77.4K 55s
  4100K .......... .......... .......... .......... .......... 32%  524K 54s
  4150K .......... .......... .......... .......... .......... 32% 90.6K 55s
  4200K .......... .......... .......... .......... .......... 32% 93.1K 55s
  4250K .......... .......... .......... .......... .......... 33%  154K 54s
  4300K .......... .......... .......... .......... .......... 33%  373K 54s
  4350K .......... .......... .......... .......... .......... 34%  504K 53s
  4400K .......... .......... .......... .......... .......... 34%  363K 52s
  4450K .......... .......... .......... .......... .......... 34%  163K 52s
  4500K .......... .......... .......... .......... .......... 35%  150K 52s
  4550K .......... .......... .......... .......... .......... 35% 64.9K 52s
  4600K .......... .......... .......... .......... .......... 36% 69.7K 53s
  4650K .......... .......... .......... .......... .......... 36%  454K 52s
  4700K .......... .......... .......... .......... .......... 36%  145K 52s
  4750K .......... .......... .......... .......... .......... 37%  440K 51s
  4800K .......... .......... .......... .......... .......... 37% 93.0K 51s
  4850K .......... .......... .......... .......... .......... 38%  451K 50s
  4900K .......... .......... .......... .......... .......... 38%  355K 50s
  4950K .......... .......... .......... .......... .......... 38%  438K 49s
  5000K .......... .......... .......... .......... .......... 39% 90.6K 49s
  5050K .......... .......... .......... .......... .......... 39%  441K 49s
  5100K .......... .......... .......... .......... .......... 39%  405K 48s
  5150K .......... .......... .......... .......... .......... 40%  378K 47s
  5200K .......... .......... .......... .......... .......... 40%  147K 47s
  5250K .......... .......... .......... .......... .......... 41%  463K 47s
  5300K .......... .......... .......... .......... .......... 41%  440K 46s
  5350K .......... .......... .......... .......... .......... 41%  427K 45s
  5400K .......... .......... .......... .......... .......... 42%  141K 45s
  5450K .......... .......... .......... .......... .......... 42%  154K 45s
  5500K .......... .......... .......... .......... .......... 43%  454K 44s
  5550K .......... .......... .......... .......... .......... 43%  150K 44s
  5600K .......... .......... .......... .......... .......... 43%  150K 44s
  5650K .......... .......... .......... .......... .......... 44% 55.2K 44s
  5700K .......... .......... .......... .......... .......... 44% 70.6K 45s
  5750K .......... .......... .......... .......... .......... 45% 52.9K 45s
  5800K .......... .......... .......... .......... .......... 45% 90.5K 45s
  5850K .......... .......... .......... .......... .......... 45%  398K 44s
  5900K .......... .......... .......... .......... .......... 46%  540K 44s
  5950K .......... .......... .......... .......... .......... 46%  363K 43s
  6000K .......... .......... .......... .......... .......... 46%  162K 43s
  6050K .......... .......... .......... .......... .......... 47%  388K 42s
  6100K .......... .......... .......... .......... .......... 47%  416K 42s
  6150K .......... .......... .......... .......... .......... 48% 95.2K 42s
  6200K .......... .......... .......... .......... .......... 48%  397K 41s
  6250K .......... .......... .......... .......... .......... 48% 94.1K 41s
  6300K .......... .......... .......... .......... .......... 49%  417K 41s
  6350K .......... .......... .......... .......... .......... 49%  363K 40s
  6400K .......... .......... .......... .......... .......... 50% 96.8K 40s
  6450K .......... .......... .......... .......... .......... 50%  442K 40s
  6500K .......... .......... .......... .......... .......... 50%  405K 39s
  6550K .......... .......... .......... .......... .......... 51% 53.1K 39s
  6600K .......... .......... .......... .......... .......... 51%  487K 39s
  6650K .......... .......... .......... .......... .......... 52%  157K 39s
  6700K .......... .......... .......... .......... .......... 52%  141K 38s
  6750K .......... .......... .......... .......... .......... 52%  441K 38s
  6800K .......... .......... .......... .......... .......... 53%  145K 38s
  6850K .......... .......... .......... .......... .......... 53%  158K 37s
  6900K .......... .......... .......... .......... .......... 53%  404K 37s
  6950K .......... .......... .......... .......... .......... 54%  371K 36s
  7000K .......... .......... .......... .......... .......... 54%  355K 36s
  7050K .......... .......... .......... .......... .......... 55%  156K 36s
  7100K .......... .......... .......... .......... .......... 55%  462K 35s
  7150K .......... .......... .......... .......... .......... 55% 66.2K 35s
  7200K .......... .......... .......... .......... .......... 56%  157K 35s
  7250K .......... .......... .......... .......... .......... 56% 68.6K 35s
  7300K .......... .......... .......... .......... .......... 57% 93.6K 35s
  7350K .......... .......... .......... .......... .......... 57%  149K 34s
  7400K .......... .......... .......... .......... .......... 57%  378K 34s
  7450K .......... .......... .......... .......... .......... 58%  427K 34s
  7500K .......... .......... .......... .......... .......... 58% 52.6K 34s
  7550K .......... .......... .......... .......... .......... 58%  450K 33s
  7600K .......... .......... .......... .......... .......... 59% 31.7K 34s
  7650K .......... .......... .......... .......... .......... 59% 95.3K 34s
  7700K .......... .......... .......... .......... .......... 60%  405K 33s
  7750K .......... .......... .......... .......... .......... 60% 53.1K 33s
  7800K .......... .......... .......... .......... .......... 60%  409K 33s
  7850K .......... .......... .......... .......... .......... 61%  346K 32s
  7900K .......... .......... .......... .......... .......... 61%  398K 32s
  7950K .......... .......... .......... .......... .......... 62%  387K 31s
  8000K .......... .......... .......... .......... .......... 62% 89.6K 31s
  8050K .......... .......... .......... .......... .......... 62%  370K 31s
  8100K .......... .......... .......... .......... .......... 63% 68.9K 31s
  8150K .......... .......... .......... .......... .......... 63%  435K 30s
  8200K .......... .......... .......... .......... .......... 64%  419K 30s
  8250K .......... .......... .......... .......... .......... 64%  416K 29s
  8300K .......... .......... .......... .......... .......... 64%  145K 29s
  8350K .......... .......... .......... .......... .......... 65% 92.5K 29s
  8400K .......... .......... .......... .......... .......... 65%  117K 29s
  8450K .......... .......... .......... .......... .......... 65% 3.34M 28s
  8500K .......... .......... .......... .......... .......... 66%  154K 28s
  8550K .......... .......... .......... .......... .......... 66% 68.6K 28s
  8600K .......... .......... .......... .......... .......... 67%  416K 27s
  8650K .......... .......... .......... .......... .......... 67%  408K 27s
  8700K .......... .......... .......... .......... .......... 67%  413K 26s
  8750K .......... .......... .......... .......... .......... 68%  381K 26s
  8800K .......... .......... .......... .......... .......... 68% 67.7K 26s
  8850K .......... .......... .......... .......... .......... 69% 90.7K 26s
  8900K .......... .......... .......... .......... .......... 69%  145K 25s
  8950K .......... .......... .......... .......... .......... 69% 54.5K 25s
  9000K .......... .......... .......... .......... .......... 70% 90.4K 25s
  9050K .......... .......... .......... .......... .......... 70% 96.5K 25s
  9100K .......... .......... .......... .......... .......... 71%  427K 24s
  9150K .......... .......... .......... .......... .......... 71% 32.0K 25s
  9200K .......... .......... .......... .......... .......... 71% 68.9K 24s
  9250K .......... .......... .......... .......... .......... 72% 71.2K 24s
  9300K .......... .......... .......... .......... .......... 72%  986K 24s
  9350K .......... .......... .......... .......... .......... 72%  154K 23s
  9400K .......... .......... .......... .......... .......... 73%  462K 23s
  9450K .......... .......... .......... .......... .......... 73%  390K 23s
  9500K .......... .......... .......... .......... .......... 74%  376K 22s
  9550K .......... .......... .......... .......... .......... 74%  144K 22s
  9600K .......... .......... .......... .......... .......... 74%  416K 21s
  9650K .......... .......... .......... .......... .......... 75% 89.7K 21s
  9700K .......... .......... .......... .......... .......... 75%  105K 21s
  9750K .......... .......... .......... .......... .......... 76%  169K 21s
  9800K .......... .......... .......... .......... .......... 76%  460K 20s
  9850K .......... .......... .......... .......... .......... 76% 68.0K 20s
  9900K .......... .......... .......... .......... .......... 77%  476K 20s
  9950K .......... .......... .......... .......... .......... 77%  389K 19s
 10000K .......... .......... .......... .......... .......... 78%  405K 19s
 10050K .......... .......... .......... .......... .......... 78%  388K 18s
 10100K .......... .......... .......... .......... .......... 78% 70.3K 18s
 10150K .......... .......... .......... .......... .......... 79% 46.2K 18s
 10200K .......... .......... .......... .......... .......... 79%  170K 18s
 10250K .......... .......... .......... .......... .......... 79%  156K 17s
 10300K .......... .......... .......... .......... .......... 80%  328K 17s
 10350K .......... .......... .......... .......... .......... 80%  159K 17s
 10400K .......... .......... .......... .......... .......... 81%  153K 16s
 10450K .......... .......... .......... .......... .......... 81%  452K 16s
 10500K .......... .......... .......... .......... .......... 81%  449K 16s
 10550K .......... .......... .......... .......... .......... 82%  416K 15s
 10600K .......... .......... .......... .......... .......... 82% 66.7K 15s
 10650K .......... .......... .......... .......... .......... 83%  416K 15s
 10700K .......... .......... .......... .......... .......... 83%  396K 14s
 10750K .......... .......... .......... .......... .......... 83%  153K 14s
 10800K .......... .......... .......... .......... .......... 84%  380K 13s
 10850K .......... .......... .......... .......... .......... 84% 94.2K 13s
 10900K .......... .......... .......... .......... .......... 84%  395K 13s
 10950K .......... .......... .......... .......... .......... 85% 32.2K 13s
 11000K .......... .......... .......... .......... .......... 85%  759K 12s
 11050K .......... .......... .......... .......... .......... 86%  428K 12s
 11100K .......... .......... .......... .......... .......... 86% 70.3K 12s
 11150K .......... .......... .......... .......... .......... 86%  196K 11s
 11200K .......... .......... .......... .......... .......... 87%  437K 11s
 11250K .......... .......... .......... .......... .......... 87% 68.6K 11s
 11300K .......... .......... .......... .......... .......... 88%  478K 10s
 11350K .......... .......... .......... .......... .......... 88%  386K 10s
 11400K .......... .......... .......... .......... .......... 88%  397K 10s
 11450K .......... .......... .......... .......... .......... 89%  150K 9s
 11500K .......... .......... .......... .......... .......... 89% 51.3K 9s
 11550K .......... .......... .......... .......... .......... 90%  408K 9s
 11600K .......... .......... .......... .......... .......... 90%  504K 8s
 11650K .......... .......... .......... .......... .......... 90%  364K 8s
 11700K .......... .......... .......... .......... .......... 91%  155K 8s
 11750K .......... .......... .......... .......... .......... 91%  362K 7s
 11800K .......... .......... .......... .......... .......... 91%  431K 7s
 11850K .......... .......... .......... .......... .......... 92%  435K 7s
 11900K .......... .......... .......... .......... .......... 92%  152K 6s
 11950K .......... .......... .......... .......... .......... 93%  405K 6s
 12000K .......... .......... .......... .......... .......... 93%  159K 5s
 12050K .......... .......... .......... .......... .......... 93% 25.1K 5s
 12100K .......... .......... .......... .......... .......... 94%  159K 5s
 12150K .......... .......... .......... .......... .......... 94%  152K 5s
 12200K .......... .......... .......... .......... .......... 95%  345K 4s
 12250K .......... .......... .......... .......... .......... 95% 36.2K 4s
 12300K .......... .......... .......... .......... .......... 95%  431K 4s
 12350K .......... .......... .......... .......... .......... 96%  404K 3s
 12400K .......... .......... .......... .......... .......... 96%  417K 3s
 12450K .......... .......... .......... .......... .......... 97%  476K 3s
 12500K .......... .......... .......... .......... .......... 97%  146K 2s
 12550K .......... .......... .......... .......... .......... 97%  148K 2s
 12600K .......... .......... .......... .......... .......... 98%  370K 2s
 12650K .......... .......... .......... .......... .......... 98%  155K 1s
 12700K .......... .......... .......... .......... .......... 98%  361K 1s
 12750K .......... .......... .......... .......... .......... 99% 95.2K 1s
 12800K .......... .......... .......... .......... .......... 99%  149K 0s
 12850K .......... .......... .......... ....                 100%  120K=86s

2016-05-25 02:37:52 (149 KB/s) - ‘index.html.17’ saved [13193358/13193358]

