--2016-05-25 00:26:55--  http://10.30.50.93:8000/
Connecting to 10.30.50.93:8000... connected.
HTTP request sent, awaiting response... 200 OK
Length: 13193358 (13M) [text/html]
Saving to: ‘index.html.12’

     0K .......... .......... .......... .......... ..........  0%  167K 77s
    50K .......... .......... .......... .......... ..........  0%  104K 1m40s
   100K .......... .......... .......... .......... ..........  1%  107K 1m46s
   150K .......... .......... .......... .......... ..........  1% 59.5K 2m12s
   200K .......... .......... .......... .......... ..........  1%  104K 2m10s
   250K .......... .......... .......... .......... ..........  2% 96.8K 2m9s
   300K .......... .......... .......... .......... ..........  2%  107K 2m7s
   350K .......... .......... .......... .......... ..........  3%  107K 2m5s
   400K .......... .......... .......... .......... ..........  3% 64.0K 2m13s
   450K .......... .......... .......... .......... ..........  3% 99.3K 2m11s
   500K .......... .......... .......... .......... ..........  4%  104K 2m10s
   550K .......... .......... .......... .......... ..........  4% 59.5K 2m16s
   600K .......... .......... .......... .......... ..........  5%  107K 2m13s
   650K .......... .......... .......... .......... ..........  5% 99.1K 2m12s
   700K .......... .......... .......... .......... ..........  5% 88.7K 2m12s
   750K .......... .......... .......... .......... ..........  6%  113K 2m10s
   800K .......... .......... .......... .......... ..........  6% 94.7K 2m9s
   850K .......... .......... .......... .......... ..........  6%  126K 2m7s
   900K .......... .......... .......... .......... ..........  7%  119K 2m5s
   950K .......... .......... .......... .......... ..........  7%  113K 2m3s
  1000K .......... .......... .......... .......... ..........  8%  107K 2m2s
  1050K .......... .......... .......... .......... ..........  8% 67.3K 2m4s
  1100K .......... .......... .......... .......... ..........  8%  113K 2m3s
  1150K .......... .......... .......... .......... ..........  9%  102K 2m2s
  1200K .......... .......... .......... .......... ..........  9% 73.0K 2m3s
  1250K .......... .......... .......... .......... .......... 10%  113K 2m2s
  1300K .......... .......... .......... .......... .......... 10%  110K 2m1s
  1350K .......... .......... .......... .......... .......... 10% 88.6K 2m0s
  1400K .......... .......... .......... .......... .......... 11% 85.1K 2m0s
  1450K .......... .......... .......... .......... .......... 11% 90.5K 2m0s
  1500K .......... .......... .......... .......... .......... 12% 83.4K 2m0s
  1550K .......... .......... .......... .......... .......... 12% 55.6K 2m2s
  1600K .......... .......... .......... .......... .......... 12% 78.6K 2m2s
  1650K .......... .......... .......... .......... .......... 13% 90.6K 2m2s
  1700K .......... .......... .......... .......... .......... 13%  116K 2m1s
  1750K .......... .......... .......... .......... .......... 13% 99.2K 2m0s
  1800K .......... .......... .......... .......... .......... 14%  116K 1m59s
  1850K .......... .......... .......... .......... .......... 14%  104K 1m58s
  1900K .......... .......... .......... .......... .......... 15% 83.3K 1m58s
  1950K .......... .......... .......... .......... .......... 15% 68.3K 1m58s
  2000K .......... .......... .......... .......... .......... 15%  102K 1m57s
  2050K .......... .......... .......... .......... .......... 16% 68.3K 1m58s
  2100K .......... .......... .......... .......... .......... 16% 74.4K 1m58s
  2150K .......... .......... .......... .......... .......... 17%  113K 1m57s
  2200K .......... .......... .......... .......... .......... 17% 85.0K 1m56s
  2250K .......... .......... .......... .......... .......... 17% 40.8K 1m59s
  2300K .......... .......... .......... .......... .......... 18%  113K 1m58s
  2350K .......... .......... .......... .......... .......... 18% 69.4K 1m58s
  2400K .......... .......... .......... .......... .......... 19% 92.6K 1m57s
  2450K .......... .......... .......... .......... .......... 19% 68.3K 1m57s
  2500K .......... .......... .......... .......... .......... 19%  110K 1m56s
  2550K .......... .......... .......... .......... .......... 20%  107K 1m56s
  2600K .......... .......... .......... .......... .......... 20%  102K 1m55s
  2650K .......... .......... .......... .......... .......... 20% 69.4K 1m55s
  2700K .......... .......... .......... .......... .......... 21% 74.4K 1m55s
  2750K .......... .......... .......... .......... .......... 21% 74.4K 1m54s
  2800K .......... .......... .......... .......... .......... 22%  102K 1m54s
  2850K .......... .......... .......... .......... .......... 22% 90.6K 1m53s
  2900K .......... .......... .......... .......... .......... 22%  110K 1m52s
  2950K .......... .......... .......... .......... .......... 23% 68.3K 1m52s
  3000K .......... .......... .......... .......... .......... 23% 65.1K 1m52s
  3050K .......... .......... .......... .......... .......... 24% 97.0K 1m51s
  3100K .......... .......... .......... .......... .......... 24%  102K 1m51s
  3150K .......... .......... .......... .......... .......... 24% 22.5K 1m55s
  3200K .......... .......... .......... .......... .......... 25% 78.7K 1m55s
  3250K .......... .......... .......... .......... .......... 25%  110K 1m54s
  3300K .......... .......... .......... .......... .......... 26% 99.2K 1m53s
  3350K .......... .......... .......... .......... .......... 26%  104K 1m52s
  3400K .......... .......... .......... .......... .......... 26% 96.9K 1m51s
  3450K .......... .......... .......... .......... .......... 27%  119K 1m50s
  3500K .......... .......... .......... .......... .......... 27%  104K 1m49s
  3550K .......... .......... .......... .......... .......... 27%  119K 1m48s
  3600K .......... .......... .......... .......... .......... 28% 63.1K 1m48s
  3650K .......... .......... .......... .......... .......... 28%  113K 1m47s
  3700K .......... .......... .......... .......... .......... 29% 58.6K 1m47s
  3750K .......... .......... .......... .......... .......... 29%  130K 1m46s
  3800K .......... .......... .......... .......... .......... 29%  110K 1m45s
  3850K .......... .......... .......... .......... .......... 30%  113K 1m44s
  3900K .......... .......... .......... .......... .......... 30%  107K 1m43s
  3950K .......... .......... .......... .......... .......... 31%  110K 1m43s
  4000K .......... .......... .......... .......... .......... 31%  104K 1m42s
  4050K .......... .......... .......... .......... .......... 31% 61.2K 1m42s
  4100K .......... .......... .......... .......... .......... 32%  110K 1m41s
  4150K .......... .......... .......... .......... .......... 32% 96.8K 1m40s
  4200K .......... .......... .......... .......... .......... 32% 88.8K 1m40s
  4250K .......... .......... .......... .......... .......... 33%  123K 99s
  4300K .......... .......... .......... .......... .......... 33% 83.3K 98s
  4350K .......... .......... .......... .......... .......... 34%  130K 97s
  4400K .......... .......... .......... .......... .......... 34%  116K 96s
  4450K .......... .......... .......... .......... .......... 34% 96.9K 96s
  4500K .......... .......... .......... .......... .......... 35% 69.5K 95s
  4550K .......... .......... .......... .......... .......... 35%  113K 95s
  4600K .......... .......... .......... .......... .......... 36%  104K 94s
  4650K .......... .......... .......... .......... .......... 36% 96.8K 93s
  4700K .......... .......... .......... .......... .......... 36%  135K 92s
  4750K .......... .......... .......... .......... .......... 37%  110K 92s
  4800K .......... .......... .......... .......... .......... 37%  104K 91s
  4850K .......... .......... .......... .......... .......... 38% 53.4K 91s
  4900K .......... .......... .......... .......... .......... 38%  116K 90s
  4950K .......... .......... .......... .......... .......... 38%  113K 89s
  5000K .......... .......... .......... .......... .......... 39%  107K 89s
  5050K .......... .......... .......... .......... .......... 39% 50.8K 89s
  5100K .......... .......... .......... .......... .......... 39%  119K 88s
  5150K .......... .......... .......... .......... .......... 40% 86.8K 87s
  5200K .......... .......... .......... .......... .......... 40% 68.3K 87s
  5250K .......... .......... .......... .......... .......... 41% 90.7K 86s
  5300K .......... .......... .......... .......... .......... 41%  113K 86s
  5350K .......... .......... .......... .......... .......... 41% 86.9K 85s
  5400K .......... .......... .......... .......... .......... 42%  113K 84s
  5450K .......... .......... .......... .......... .......... 42%  110K 84s
  5500K .......... .......... .......... .......... .......... 43%  110K 83s
  5550K .......... .......... .......... .......... .......... 43%  107K 82s
  5600K .......... .......... .......... .......... .......... 43% 96.8K 82s
  5650K .......... .......... .......... .......... .......... 44%  116K 81s
  5700K .......... .......... .......... .......... .......... 44%  102K 80s
  5750K .......... .......... .......... .......... .......... 45% 40.1K 81s
  5800K .......... .......... .......... .......... .......... 45% 94.7K 80s
  5850K .......... .......... .......... .......... .......... 45% 86.8K 79s
  5900K .......... .......... .......... .......... .......... 46%  110K 79s
  5950K .......... .......... .......... .......... .......... 46%  110K 78s
  6000K .......... .......... .......... .......... .......... 46%  110K 77s
  6050K .......... .......... .......... .......... .......... 47%  113K 77s
  6100K .......... .......... .......... .......... .......... 47% 99.1K 76s
  6150K .......... .......... .......... .......... .......... 48%  104K 75s
  6200K .......... .......... .......... .......... .......... 48% 96.9K 75s
  6250K .......... .......... .......... .......... .......... 48% 70.6K 74s
  6300K .......... .......... .......... .......... .......... 49% 69.5K 74s
  6350K .......... .......... .......... .......... .......... 49%  109K 73s
  6400K .......... .......... .......... .......... .......... 50% 94.8K 73s
  6450K .......... .......... .......... .......... .......... 50%  107K 72s
  6500K .......... .......... .......... .......... .......... 50% 36.9K 72s
  6550K .......... .......... .......... .......... .......... 51% 58.7K 72s
  6600K .......... .......... .......... .......... .......... 51% 80.1K 71s
  6650K .......... .......... .......... .......... .......... 52% 55.6K 71s
  6700K .......... .......... .......... .......... .......... 52%  113K 70s
  6750K .......... .......... .......... .......... .......... 52% 83.4K 70s
  6800K .......... .......... .......... .......... .......... 53%  110K 69s
  6850K .......... .......... .......... .......... .......... 53% 67.2K 69s
  6900K .......... .......... .......... .......... .......... 53%  113K 68s
  6950K .......... .......... .......... .......... .......... 54% 80.2K 67s
  7000K .......... .......... .......... .......... .......... 54% 96.9K 67s
  7050K .......... .......... .......... .......... .......... 55%  116K 66s
  7100K .......... .......... .......... .......... .......... 55% 70.7K 66s
  7150K .......... .......... .......... .......... .......... 55%  104K 65s
  7200K .......... .......... .......... .......... .......... 56% 57.1K 65s
  7250K .......... .......... .......... .......... .......... 56% 75.7K 64s
  7300K .......... .......... .......... .......... .......... 57%  113K 64s
  7350K .......... .......... .......... .......... .......... 57% 96.8K 63s
  7400K .......... .......... .......... .......... .......... 57% 94.7K 62s
  7450K .......... .......... .......... .......... .......... 58% 94.7K 62s
  7500K .......... .......... .......... .......... .......... 58% 70.6K 61s
  7550K .......... .......... .......... .......... .......... 58% 97.0K 61s
  7600K .......... .......... .......... .......... .......... 59% 64.1K 60s
  7650K .......... .......... .......... .......... .......... 59%  109K 60s
  7700K .......... .......... .......... .......... .......... 60% 83.4K 59s
  7750K .......... .......... .......... .......... .......... 60%  116K 58s
  7800K .......... .......... .......... .......... .......... 60% 47.4K 58s
  7850K .......... .......... .......... .......... .......... 61%  134K 57s
  7900K .......... .......... .......... .......... .......... 61% 92.7K 57s
  7950K .......... .......... .......... .......... .......... 62% 86.8K 56s
  8000K .......... .......... .......... .......... .......... 62% 68.3K 56s
  8050K .......... .......... .......... .......... .......... 62% 96.8K 55s
  8100K .......... .......... .......... .......... .......... 63% 71.8K 55s
  8150K .......... .......... .......... .......... .......... 63% 92.6K 54s
  8200K .......... .......... .......... .......... .......... 64%  116K 53s
  8250K .......... .......... .......... .......... .......... 64%  119K 53s
  8300K .......... .......... .......... .......... .......... 64%  109K 52s
  8350K .......... .......... .......... .......... .......... 65%  113K 51s
  8400K .......... .......... .......... .......... .......... 65% 65.1K 51s
  8450K .......... .......... .......... .......... .......... 65% 57.1K 50s
  8500K .......... .......... .......... .......... .......... 66%  104K 50s
  8550K .......... .......... .......... .......... .......... 66%  112K 49s
  8600K .......... .......... .......... .......... .......... 67%  116K 49s
  8650K .......... .......... .......... .......... .......... 67% 99.3K 48s
  8700K .......... .......... .......... .......... .......... 67% 64.1K 47s
  8750K .......... .......... .......... .......... .......... 68% 39.7K 47s
  8800K .......... .......... .......... .......... .......... 68%  116K 47s
  8850K .......... .......... .......... .......... .......... 69% 94.6K 46s
  8900K .......... .......... .......... .......... .......... 69% 63.2K 46s
  8950K .......... .......... .......... .......... .......... 69% 66.1K 45s
  9000K .......... .......... .......... .......... .......... 70%  107K 44s
  9050K .......... .......... .......... .......... .......... 70%  115K 44s
  9100K .......... .......... .......... .......... .......... 71% 62.2K 43s
  9150K .......... .......... .......... .......... .......... 71%  110K 43s
  9200K .......... .......... .......... .......... .......... 71% 90.6K 42s
  9250K .......... .......... .......... .......... .......... 72% 70.6K 42s
  9300K .......... .......... .......... .......... .......... 72%  107K 41s
  9350K .......... .......... .......... .......... .......... 72%  102K 40s
  9400K .......... .......... .......... .......... .......... 73%  104K 40s
  9450K .......... .......... .......... .......... .......... 73%  126K 39s
  9500K .......... .......... .......... .......... .......... 74%  104K 38s
  9550K .......... .......... .......... .......... .......... 74%  116K 38s
  9600K .......... .......... .......... .......... .......... 74% 90.7K 37s
  9650K .......... .......... .......... .......... .......... 75%  107K 37s
  9700K .......... .......... .......... .......... .......... 75% 64.1K 36s
  9750K .......... .......... .......... .......... .......... 76% 97.0K 35s
  9800K .......... .......... .......... .......... .......... 76%  130K 35s
  9850K .......... .......... .......... .......... .......... 76%  110K 34s
  9900K .......... .......... .......... .......... .......... 77%  107K 34s
  9950K .......... .......... .......... .......... .......... 77% 88.6K 33s
 10000K .......... .......... .......... .......... .......... 78% 66.2K 33s
 10050K .......... .......... .......... .......... .......... 78% 41.2K 32s
 10100K .......... .......... .......... .......... .......... 78%  102K 32s
 10150K .......... .......... .......... .......... .......... 79% 99.3K 31s
 10200K .......... .......... .......... .......... .......... 79%  102K 30s
 10250K .......... .......... .......... .......... .......... 79% 96.8K 30s
 10300K .......... .......... .......... .......... .......... 80%  102K 29s
 10350K .......... .......... .......... .......... .......... 80%  102K 29s
 10400K .......... .......... .......... .......... .......... 81% 74.4K 28s
 10450K .......... .......... .......... .......... .......... 81% 63.1K 27s
 10500K .......... .......... .......... .......... .......... 81%  113K 27s
 10550K .......... .......... .......... .......... .......... 82%  112K 26s
 10600K .......... .......... .......... .......... .......... 82% 99.3K 26s
 10650K .......... .......... .......... .......... .......... 83% 34.4K 25s
 10700K .......... .......... .......... .......... .......... 83%  110K 25s
 10750K .......... .......... .......... .......... .......... 83% 96.9K 24s
 10800K .......... .......... .......... .......... .......... 84%  110K 23s
 10850K .......... .......... .......... .......... .......... 84% 52.1K 23s
 10900K .......... .......... .......... .......... .......... 84% 71.8K 22s
 10950K .......... .......... .......... .......... .......... 85% 86.8K 22s
 11000K .......... .......... .......... .......... .......... 85% 78.7K 21s
 11050K .......... .......... .......... .......... .......... 86% 99.3K 21s
 11100K .......... .......... .......... .......... .......... 86% 49.0K 20s
 11150K .......... .......... .......... .......... .......... 86% 68.3K 20s
 11200K .......... .......... .......... .......... .......... 87% 99.3K 19s
 11250K .......... .......... .......... .......... .......... 87%  102K 18s
 11300K .......... .......... .......... .......... .......... 88%  110K 18s
 11350K .......... .......... .......... .......... .......... 88%  123K 17s
 11400K .......... .......... .......... .......... .......... 88%  102K 17s
 11450K .......... .......... .......... .......... .......... 89%  110K 16s
 11500K .......... .......... .......... .......... .......... 89% 62.2K 15s
 11550K .......... .......... .......... .......... .......... 90%  122K 15s
 11600K .......... .......... .......... .......... .......... 90% 97.1K 14s
 11650K .......... .......... .......... .......... .......... 90% 88.6K 14s
 11700K .......... .......... .......... .......... .......... 91%  107K 13s
 11750K .......... .......... .......... .......... .......... 91% 66.2K 13s
 11800K .......... .......... .......... .......... .......... 91% 63.1K 12s
 11850K .......... .......... .......... .......... .......... 92%  102K 11s
 11900K .......... .......... .......... .......... .......... 92%  104K 11s
 11950K .......... .......... .......... .......... .......... 93% 83.4K 10s
 12000K .......... .......... .......... .......... .......... 93% 86.7K 10s
 12050K .......... .......... .......... .......... .......... 93% 97.0K 9s
 12100K .......... .......... .......... .......... .......... 94%  104K 9s
 12150K .......... .......... .......... .......... .......... 94% 69.5K 8s
 12200K .......... .......... .......... .......... .......... 95%  116K 7s
 12250K .......... .......... .......... .......... .......... 95% 94.6K 7s
 12300K .......... .......... .......... .......... .......... 95% 67.3K 6s
 12350K .......... .......... .......... .......... .......... 96%  110K 6s
 12400K .......... .......... .......... .......... .......... 96%  107K 5s
 12450K .......... .......... .......... .......... .......... 97% 88.7K 4s
 12500K .......... .......... .......... .......... .......... 97%  110K 4s
 12550K .......... .......... .......... .......... .......... 97%  102K 3s
 12600K .......... .......... .......... .......... .......... 98%  110K 3s
 12650K .......... .......... .......... .......... .......... 98%  110K 2s
 12700K .......... .......... .......... .......... .......... 98%  102K 2s
 12750K .......... .......... .......... .......... .......... 99%  110K 1s
 12800K .......... .......... .......... .......... .......... 99%  104K 0s
 12850K .......... .......... .......... ....                 100% 58.0K=2m28s

2016-05-25 00:29:24 (86.8 KB/s) - ‘index.html.12’ saved [13193358/13193358]

