--2016-05-25 03:51:15--  http://10.30.50.93:8000/
Connecting to 10.30.50.93:8000... connected.
HTTP request sent, awaiting response... 200 OK
Length: 13193358 (13M) [text/html]
Saving to: ‘index.html.3’

     0K .......... .......... .......... .......... ..........  0% 5.87M 2s
    50K .......... .......... .......... .......... ..........  0% 5.70M 2s
   100K .......... .......... .......... .......... ..........  1% 4.87M 2s
   150K .......... .......... .......... .......... ..........  1% 5.73M 2s
   200K .......... .......... .......... .......... ..........  1% 4.30M 2s
   250K .......... .......... .......... .......... ..........  2% 4.62M 2s
   300K .......... .......... .......... .......... ..........  2% 4.40M 2s
   350K .......... .......... .......... .......... ..........  3% 4.51M 2s
   400K .......... .......... .......... .......... ..........  3% 4.50M 2s
   450K .......... .......... .......... .......... ..........  3% 4.04M 3s
   500K .......... .......... .......... .......... ..........  4% 2.66M 3s
   550K .......... .......... .......... .......... ..........  4% 2.47M 3s
   600K .......... .......... .......... .......... ..........  5% 3.42M 3s
   650K .......... .......... .......... .......... ..........  5% 2.76M 3s
   700K .......... .......... .......... .......... ..........  5% 2.99M 3s
   750K .......... .......... .......... .......... ..........  6% 3.64M 3s
   800K .......... .......... .......... .......... ..........  6% 3.97M 3s
   850K .......... .......... .......... .......... ..........  6% 4.05M 3s
   900K .......... .......... .......... .......... ..........  7% 4.86M 3s
   950K .......... .......... .......... .......... ..........  7% 5.05M 3s
  1000K .......... .......... .......... .......... ..........  8% 5.85M 3s
  1050K .......... .......... .......... .......... ..........  8% 4.96M 3s
  1100K .......... .......... .......... .......... ..........  8% 5.15M 3s
  1150K .......... .......... .......... .......... ..........  9% 5.10M 3s
  1200K .......... .......... .......... .......... ..........  9% 5.27M 3s
  1250K .......... .......... .......... .......... .......... 10% 4.46M 3s
  1300K .......... .......... .......... .......... .......... 10% 4.75M 3s
  1350K .......... .......... .......... .......... .......... 10% 4.02M 3s
  1400K .......... .......... .......... .......... .......... 11% 4.67M 3s
  1450K .......... .......... .......... .......... .......... 11% 4.33M 3s
  1500K .......... .......... .......... .......... .......... 12% 4.29M 3s
  1550K .......... .......... .......... .......... .......... 12% 4.93M 3s
  1600K .......... .......... .......... .......... .......... 12% 5.45M 3s
  1650K .......... .......... .......... .......... .......... 13% 4.91M 3s
  1700K .......... .......... .......... .......... .......... 13% 5.62M 3s
  1750K .......... .......... .......... .......... .......... 13% 4.21M 3s
  1800K .......... .......... .......... .......... .......... 14% 5.19M 2s
  1850K .......... .......... .......... .......... .......... 14% 4.51M 2s
  1900K .......... .......... .......... .......... .......... 15% 4.12M 2s
  1950K .......... .......... .......... .......... .......... 15% 3.51M 2s
  2000K .......... .......... .......... .......... .......... 15% 5.08M 2s
  2050K .......... .......... .......... .......... .......... 16% 4.95M 2s
  2100K .......... .......... .......... .......... .......... 16% 3.68M 2s
  2150K .......... .......... .......... .......... .......... 17% 5.70M 2s
  2200K .......... .......... .......... .......... .......... 17% 5.23M 2s
  2250K .......... .......... .......... .......... .......... 17% 4.72M 2s
  2300K .......... .......... .......... .......... .......... 18% 5.95M 2s
  2350K .......... .......... .......... .......... .......... 18% 5.25M 2s
  2400K .......... .......... .......... .......... .......... 19% 4.56M 2s
  2450K .......... .......... .......... .......... .......... 19% 5.24M 2s
  2500K .......... .......... .......... .......... .......... 19% 4.19M 2s
  2550K .......... .......... .......... .......... .......... 20% 3.86M 2s
  2600K .......... .......... .......... .......... .......... 20% 3.48M 2s
  2650K .......... .......... .......... .......... .......... 20% 3.23M 2s
  2700K .......... .......... .......... .......... .......... 21% 2.92M 2s
  2750K .......... .......... .......... .......... .......... 21% 2.46M 2s
  2800K .......... .......... .......... .......... .......... 22% 2.69M 2s
  2850K .......... .......... .......... .......... .......... 22% 2.42M 2s
  2900K .......... .......... .......... .......... .......... 22% 3.52M 2s
  2950K .......... .......... .......... .......... .......... 23% 3.49M 2s
  3000K .......... .......... .......... .......... .......... 23% 3.44M 2s
  3050K .......... .......... .......... .......... .......... 24% 3.02M 2s
  3100K .......... .......... .......... .......... .......... 24% 1.72M 2s
  3150K .......... .......... .......... .......... .......... 24% 2.92M 2s
  3200K .......... .......... .......... .......... .......... 25% 2.30M 2s
  3250K .......... .......... .......... .......... .......... 25% 3.33M 2s
  3300K .......... .......... .......... .......... .......... 26% 2.67M 2s
  3350K .......... .......... .......... .......... .......... 26% 2.44M 2s
  3400K .......... .......... .......... .......... .......... 26% 2.76M 2s
  3450K .......... .......... .......... .......... .......... 27% 2.36M 2s
  3500K .......... .......... .......... .......... .......... 27% 3.18M 2s
  3550K .......... .......... .......... .......... .......... 27% 3.29M 2s
  3600K .......... .......... .......... .......... .......... 28% 3.44M 2s
  3650K .......... .......... .......... .......... .......... 28% 3.81M 2s
  3700K .......... .......... .......... .......... .......... 29% 3.52M 2s
  3750K .......... .......... .......... .......... .......... 29% 4.65M 2s
  3800K .......... .......... .......... .......... .......... 29% 5.29M 2s
  3850K .......... .......... .......... .......... .......... 30% 4.70M 2s
  3900K .......... .......... .......... .......... .......... 30% 5.97M 2s
  3950K .......... .......... .......... .......... .......... 31% 5.99M 2s
  4000K .......... .......... .......... .......... .......... 31% 6.01M 2s
  4050K .......... .......... .......... .......... .......... 31% 5.20M 2s
  4100K .......... .......... .......... .......... .......... 32% 5.80M 2s
  4150K .......... .......... .......... .......... .......... 32% 5.63M 2s
  4200K .......... .......... .......... .......... .......... 32% 4.42M 2s
  4250K .......... .......... .......... .......... .......... 33% 6.97M 2s
  4300K .......... .......... .......... .......... .......... 33% 5.95M 2s
  4350K .......... .......... .......... .......... .......... 34% 5.16M 2s
  4400K .......... .......... .......... .......... .......... 34% 5.86M 2s
  4450K .......... .......... .......... .......... .......... 34% 5.27M 2s
  4500K .......... .......... .......... .......... .......... 35% 5.76M 2s
  4550K .......... .......... .......... .......... .......... 35% 3.79M 2s
  4600K .......... .......... .......... .......... .......... 36% 5.29M 2s
  4650K .......... .......... .......... .......... .......... 36% 4.67M 2s
  4700K .......... .......... .......... .......... .......... 36% 4.21M 2s
  4750K .......... .......... .......... .......... .......... 37% 4.34M 2s
  4800K .......... .......... .......... .......... .......... 37% 5.41M 2s
  4850K .......... .......... .......... .......... .......... 38% 4.11M 2s
  4900K .......... .......... .......... .......... .......... 38% 4.16M 2s
  4950K .......... .......... .......... .......... .......... 38% 3.94M 2s
  5000K .......... .......... .......... .......... .......... 39% 4.00M 2s
  5050K .......... .......... .......... .......... .......... 39% 3.30M 2s
  5100K .......... .......... .......... .......... .......... 39% 3.03M 2s
  5150K .......... .......... .......... .......... .......... 40% 4.51M 2s
  5200K .......... .......... .......... .......... .......... 40% 4.93M 2s
  5250K .......... .......... .......... .......... .......... 41% 2.50M 2s
  5300K .......... .......... .......... .......... .......... 41% 1.53M 2s
  5350K .......... .......... .......... .......... .......... 41% 3.37M 2s
  5400K .......... .......... .......... .......... .......... 42% 3.27M 2s
  5450K .......... .......... .......... .......... .......... 42% 4.31M 2s
  5500K .......... .......... .......... .......... .......... 43% 4.44M 2s
  5550K .......... .......... .......... .......... .......... 43% 4.26M 2s
  5600K .......... .......... .......... .......... .......... 43% 4.18M 2s
  5650K .......... .......... .......... .......... .......... 44% 4.43M 2s
  5700K .......... .......... .......... .......... .......... 44% 4.12M 2s
  5750K .......... .......... .......... .......... .......... 45% 4.09M 2s
  5800K .......... .......... .......... .......... .......... 45% 3.10M 2s
  5850K .......... .......... .......... .......... .......... 45% 3.30M 2s
  5900K .......... .......... .......... .......... .......... 46% 2.62M 2s
  5950K .......... .......... .......... .......... .......... 46% 2.83M 2s
  6000K .......... .......... .......... .......... .......... 46% 2.27M 2s
  6050K .......... .......... .......... .......... .......... 47% 4.36M 2s
  6100K .......... .......... .......... .......... .......... 47% 4.35M 2s
  6150K .......... .......... .......... .......... .......... 48% 3.66M 2s
  6200K .......... .......... .......... .......... .......... 48% 4.39M 2s
  6250K .......... .......... .......... .......... .......... 48% 3.65M 2s
  6300K .......... .......... .......... .......... .......... 49% 3.32M 2s
  6350K .......... .......... .......... .......... .......... 49% 3.33M 2s
  6400K .......... .......... .......... .......... .......... 50% 6.22M 2s
  6450K .......... .......... .......... .......... .......... 50% 4.01M 2s
  6500K .......... .......... .......... .......... .......... 50% 4.14M 2s
  6550K .......... .......... .......... .......... .......... 51% 5.04M 2s
  6600K .......... .......... .......... .......... .......... 51% 4.96M 2s
  6650K .......... .......... .......... .......... .......... 52% 5.28M 2s
  6700K .......... .......... .......... .......... .......... 52% 5.23M 2s
  6750K .......... .......... .......... .......... .......... 52% 5.24M 2s
  6800K .......... .......... .......... .......... .......... 53% 5.13M 2s
  6850K .......... .......... .......... .......... .......... 53% 4.67M 1s
  6900K .......... .......... .......... .......... .......... 53% 3.99M 1s
  6950K .......... .......... .......... .......... .......... 54% 3.28M 1s
  7000K .......... .......... .......... .......... .......... 54% 3.79M 1s
  7050K .......... .......... .......... .......... .......... 55% 4.36M 1s
  7100K .......... .......... .......... .......... .......... 55% 4.40M 1s
  7150K .......... .......... .......... .......... .......... 55% 4.95M 1s
  7200K .......... .......... .......... .......... .......... 56% 4.93M 1s
  7250K .......... .......... .......... .......... .......... 56% 4.90M 1s
  7300K .......... .......... .......... .......... .......... 57% 5.72M 1s
  7350K .......... .......... .......... .......... .......... 57% 5.62M 1s
  7400K .......... .......... .......... .......... .......... 57% 3.94M 1s
  7450K .......... .......... .......... .......... .......... 58% 4.13M 1s
  7500K .......... .......... .......... .......... .......... 58% 4.37M 1s
  7550K .......... .......... .......... .......... .......... 58% 3.81M 1s
  7600K .......... .......... .......... .......... .......... 59% 3.83M 1s
  7650K .......... .......... .......... .......... .......... 59% 5.35M 1s
  7700K .......... .......... .......... .......... .......... 60% 3.39M 1s
  7750K .......... .......... .......... .......... .......... 60% 3.08M 1s
  7800K .......... .......... .......... .......... .......... 60% 2.43M 1s
  7850K .......... .......... .......... .......... .......... 61% 3.00M 1s
  7900K .......... .......... .......... .......... .......... 61% 2.65M 1s
  7950K .......... .......... .......... .......... .......... 62% 3.49M 1s
  8000K .......... .......... .......... .......... .......... 62% 3.66M 1s
  8050K .......... .......... .......... .......... .......... 62% 3.63M 1s
  8100K .......... .......... .......... .......... .......... 63% 4.96M 1s
  8150K .......... .......... .......... .......... .......... 63% 4.62M 1s
  8200K .......... .......... .......... .......... .......... 64% 4.97M 1s
  8250K .......... .......... .......... .......... .......... 64% 3.46M 1s
  8300K .......... .......... .......... .......... .......... 64% 5.17M 1s
  8350K .......... .......... .......... .......... .......... 65% 2.98M 1s
  8400K .......... .......... .......... .......... .......... 65% 3.61M 1s
  8450K .......... .......... .......... .......... .......... 65% 1.61M 1s
  8500K .......... .......... .......... .......... .......... 66% 2.28M 1s
  8550K .......... .......... .......... .......... .......... 66% 2.62M 1s
  8600K .......... .......... .......... .......... .......... 67% 3.28M 1s
  8650K .......... .......... .......... .......... .......... 67% 3.16M 1s
  8700K .......... .......... .......... .......... .......... 67% 3.90M 1s
  8750K .......... .......... .......... .......... .......... 68% 4.16M 1s
  8800K .......... .......... .......... .......... .......... 68% 4.04M 1s
  8850K .......... .......... .......... .......... .......... 69% 4.40M 1s
  8900K .......... .......... .......... .......... .......... 69% 3.79M 1s
  8950K .......... .......... .......... .......... .......... 69% 5.14M 1s
  9000K .......... .......... .......... .......... .......... 70% 5.07M 1s
  9050K .......... .......... .......... .......... .......... 70% 4.94M 1s
  9100K .......... .......... .......... .......... .......... 71% 5.08M 1s
  9150K .......... .......... .......... .......... .......... 71% 4.53M 1s
  9200K .......... .......... .......... .......... .......... 71% 5.03M 1s
  9250K .......... .......... .......... .......... .......... 72% 4.36M 1s
  9300K .......... .......... .......... .......... .......... 72% 5.00M 1s
  9350K .......... .......... .......... .......... .......... 72% 3.05M 1s
  9400K .......... .......... .......... .......... .......... 73% 2.49M 1s
  9450K .......... .......... .......... .......... .......... 73% 1.90M 1s
  9500K .......... .......... .......... .......... .......... 74% 2.39M 1s
  9550K .......... .......... .......... .......... .......... 74% 2.14M 1s
  9600K .......... .......... .......... .......... .......... 74% 2.47M 1s
  9650K .......... .......... .......... .......... .......... 75% 2.01M 1s
  9700K .......... .......... .......... .......... .......... 75% 2.35M 1s
  9750K .......... .......... .......... .......... .......... 76% 2.59M 1s
  9800K .......... .......... .......... .......... .......... 76% 3.47M 1s
  9850K .......... .......... .......... .......... .......... 76% 3.26M 1s
  9900K .......... .......... .......... .......... .......... 77% 3.99M 1s
  9950K .......... .......... .......... .......... .......... 77% 5.08M 1s
 10000K .......... .......... .......... .......... .......... 78% 5.04M 1s
 10050K .......... .......... .......... .......... .......... 78% 5.05M 1s
 10100K .......... .......... .......... .......... .......... 78% 5.55M 1s
 10150K .......... .......... .......... .......... .......... 79% 4.97M 1s
 10200K .......... .......... .......... .......... .......... 79% 4.88M 1s
 10250K .......... .......... .......... .......... .......... 79% 4.96M 1s
 10300K .......... .......... .......... .......... .......... 80% 4.42M 1s
 10350K .......... .......... .......... .......... .......... 80% 4.13M 1s
 10400K .......... .......... .......... .......... .......... 81% 3.29M 1s
 10450K .......... .......... .......... .......... .......... 81% 5.67M 1s
 10500K .......... .......... .......... .......... .......... 81% 4.58M 1s
 10550K .......... .......... .......... .......... .......... 82% 4.03M 1s
 10600K .......... .......... .......... .......... .......... 82% 5.20M 1s
 10650K .......... .......... .......... .......... .......... 83% 5.64M 1s
 10700K .......... .......... .......... .......... .......... 83% 4.96M 1s
 10750K .......... .......... .......... .......... .......... 83% 5.87M 1s
 10800K .......... .......... .......... .......... .......... 84% 5.59M 1s
 10850K .......... .......... .......... .......... .......... 84% 5.83M 1s
 10900K .......... .......... .......... .......... .......... 84% 5.50M 0s
 10950K .......... .......... .......... .......... .......... 85% 4.60M 0s
 11000K .......... .......... .......... .......... .......... 85% 4.52M 0s
 11050K .......... .......... .......... .......... .......... 86% 4.82M 0s
 11100K .......... .......... .......... .......... .......... 86% 4.39M 0s
 11150K .......... .......... .......... .......... .......... 86% 5.00M 0s
 11200K .......... .......... .......... .......... .......... 87% 5.72M 0s
 11250K .......... .......... .......... .......... .......... 87% 3.44M 0s
 11300K .......... .......... .......... .......... .......... 88% 5.30M 0s
 11350K .......... .......... .......... .......... .......... 88% 3.28M 0s
 11400K .......... .......... .......... .......... .......... 88% 4.64M 0s
 11450K .......... .......... .......... .......... .......... 89% 2.64M 0s
 11500K .......... .......... .......... .......... .......... 89% 2.23M 0s
 11550K .......... .......... .......... .......... .......... 90% 1.78M 0s
 11600K .......... .......... .......... .......... .......... 90% 1.43M 0s
 11650K .......... .......... .......... .......... .......... 90% 2.83M 0s
 11700K .......... .......... .......... .......... .......... 91% 2.64M 0s
 11750K .......... .......... .......... .......... .......... 91% 1.99M 0s
 11800K .......... .......... .......... .......... .......... 91% 2.88M 0s
 11850K .......... .......... .......... .......... .......... 92% 3.43M 0s
 11900K .......... .......... .......... .......... .......... 92% 3.80M 0s
 11950K .......... .......... .......... .......... .......... 93% 3.74M 0s
 12000K .......... .......... .......... .......... .......... 93% 3.74M 0s
 12050K .......... .......... .......... .......... .......... 93% 3.43M 0s
 12100K .......... .......... .......... .......... .......... 94% 2.61M 0s
 12150K .......... .......... .......... .......... .......... 94% 3.81M 0s
 12200K .......... .......... .......... .......... .......... 95% 3.51M 0s
 12250K .......... .......... .......... .......... .......... 95% 3.23M 0s
 12300K .......... .......... .......... .......... .......... 95% 5.99M 0s
 12350K .......... .......... .......... .......... .......... 96% 4.13M 0s
 12400K .......... .......... .......... .......... .......... 96% 3.62M 0s
 12450K .......... .......... .......... .......... .......... 97% 3.54M 0s
 12500K .......... .......... .......... .......... .......... 97% 3.16M 0s
 12550K .......... .......... .......... .......... .......... 97% 4.57M 0s
 12600K .......... .......... .......... .......... .......... 98% 3.67M 0s
 12650K .......... .......... .......... .......... .......... 98% 3.72M 0s
 12700K .......... .......... .......... .......... .......... 98% 4.76M 0s
 12750K .......... .......... .......... .......... .......... 99% 3.89M 0s
 12800K .......... .......... .......... .......... .......... 99% 3.16M 0s
 12850K .......... .......... .......... ....                 100% 3.07M=3.3s

2016-05-25 03:51:18 (3.77 MB/s) - ‘index.html.3’ saved [13193358/13193358]

