--2016-05-25 04:10:37--  http://10.30.50.93:8000/
Connecting to 10.30.50.93:8000... connected.
HTTP request sent, awaiting response... 200 OK
Length: 13193358 (13M) [text/html]
Saving to: ‘index.html.17’

     0K .......... .......... .......... .......... ..........  0%  117K 1m50s
    50K .......... .......... .......... .......... ..........  0%  213K 85s
   100K .......... .......... .......... .......... ..........  1%  186K 79s
   150K .......... .......... .......... .......... ..........  1%  195K 75s
   200K .......... .......... .......... .......... ..........  1% 1009K 63s
   250K .......... .......... .......... .......... ..........  2%  111K 71s
   300K .......... .......... .......... .......... ..........  2% 1.40M 62s
   350K .......... .......... .......... .......... ..........  3%  206K 61s
   400K .......... .......... .......... .......... ..........  3% 77.1K 72s
   450K .......... .......... .......... .......... ..........  3%  213K 71s
   500K .......... .......... .......... .......... ..........  4% 75.7K 79s
   550K .......... .......... .......... .......... ..........  4% 1.09M 73s
   600K .......... .......... .......... .......... ..........  5%  204K 72s
   650K .......... .......... .......... .......... ..........  5%  879K 67s
   700K .......... .......... .......... .......... ..........  5% 1.52M 63s
   750K .......... .......... .......... .......... ..........  6%  874K 60s
   800K .......... .......... .......... .......... ..........  6% 75.3K 65s
   850K .......... .......... .......... .......... ..........  6%  197K 65s
   900K .......... .......... .......... .......... ..........  7% 76.8K 69s
   950K .......... .......... .......... .......... ..........  7%  111K 71s
  1000K .......... .......... .......... .......... ..........  8% 1018K 68s
  1050K .......... .......... .......... .......... ..........  8%  205K 67s
  1100K .......... .......... .......... .......... ..........  8%  204K 66s
  1150K .......... .......... .......... .......... ..........  9% 1.18M 64s
  1200K .......... .......... .......... .......... ..........  9% 1.11M 61s
  1250K .......... .......... .......... .......... .......... 10% 47.4K 68s
  1300K .......... .......... .......... .......... .......... 10% 34.7K 78s
  1350K .......... .......... .......... .......... .......... 10% 58.1K 82s
  1400K .......... .......... .......... .......... .......... 11%  204K 80s
  1450K .......... .......... .......... .......... .......... 11%  201K 79s
  1500K .......... .......... .......... .......... .......... 12%  115K 80s
  1550K .......... .......... .......... .......... .......... 12% 59.0K 83s
  1600K .......... .......... .......... .......... .......... 12%  223K 81s
  1650K .......... .......... .......... .......... .......... 13% 57.5K 84s
  1700K .......... .......... .......... .......... .......... 13%  918K 82s
  1750K .......... .......... .......... .......... .......... 13%  958K 80s
  1800K .......... .......... .......... .......... .......... 14% 1.14M 77s
  1850K .......... .......... .......... .......... .......... 14%  106K 78s
  1900K .......... .......... .......... .......... .......... 15%  199K 77s
  1950K .......... .......... .......... .......... .......... 15%  552K 75s
  2000K .......... .......... .......... .......... .......... 15% 1.12M 73s
  2050K .......... .......... .......... .......... .......... 16% 78.3K 74s
  2100K .......... .......... .......... .......... .......... 16% 1.21M 72s
  2150K .......... .......... .......... .......... .......... 17% 75.5K 74s
  2200K .......... .......... .......... .......... .......... 17%  889K 72s
  2250K .......... .......... .......... .......... .......... 17% 1.07M 70s
  2300K .......... .......... .......... .......... .......... 18% 76.4K 71s
  2350K .......... .......... .......... .......... .......... 18%  202K 71s
  2400K .......... .......... .......... .......... .......... 19%  218K 70s
  2450K .......... .......... .......... .......... .......... 19%  570K 68s
  2500K .......... .......... .......... .......... .......... 19%  205K 68s
  2550K .......... .......... .......... .......... .......... 20%  113K 68s
  2600K .......... .......... .......... .......... .......... 20%  115K 68s
  2650K .......... .......... .......... .......... .......... 20%  185K 67s
  2700K .......... .......... .......... .......... .......... 21%  106K 68s
  2750K .......... .......... .......... .......... .......... 21% 1.15M 66s
  2800K .......... .......... .......... .......... .......... 22%  200K 66s
  2850K .......... .......... .......... .......... .......... 22% 76.9K 66s
  2900K .......... .......... .......... .......... .......... 22%  218K 66s
  2950K .......... .......... .......... .......... .......... 23%  197K 65s
  3000K .......... .......... .......... .......... .......... 23%  202K 65s
  3050K .......... .......... .......... .......... .......... 24% 1.14M 63s
  3100K .......... .......... .......... .......... .......... 24%  197K 63s
  3150K .......... .......... .......... .......... .......... 24%  115K 63s
  3200K .......... .......... .......... .......... .......... 25% 2.70M 62s
  3250K .......... .......... .......... .......... .......... 25% 1.14M 60s
  3300K .......... .......... .......... .......... .......... 26% 30.1K 64s
  3350K .......... .......... .......... .......... .......... 26% 38.9K 66s
  3400K .......... .......... .......... .......... .......... 26%  112K 66s
  3450K .......... .......... .......... .......... .......... 27%  924K 65s
  3500K .......... .......... .......... .......... .......... 27%  988K 64s
  3550K .......... .......... .......... .......... .......... 27%  210K 63s
  3600K .......... .......... .......... .......... .......... 28% 1.07M 62s
  3650K .......... .......... .......... .......... .......... 28%  184K 62s
  3700K .......... .......... .......... .......... .......... 29%  209K 61s
  3750K .......... .......... .......... .......... .......... 29%  113K 61s
  3800K .......... .......... .......... .......... .......... 29% 1.15M 60s
  3850K .......... .......... .......... .......... .......... 30% 58.2K 61s
  3900K .......... .......... .......... .......... .......... 30% 1.24M 60s
  3950K .......... .......... .......... .......... .......... 31% 1.28M 59s
  4000K .......... .......... .......... .......... .......... 31%  903K 58s
  4050K .......... .......... .......... .......... .......... 31%  194K 58s
  4100K .......... .......... .......... .......... .......... 32%  206K 57s
  4150K .......... .......... .......... .......... .......... 32% 1.11M 56s
  4200K .......... .......... .......... .......... .......... 32% 1.08M 55s
  4250K .......... .......... .......... .......... .......... 33% 1.02M 54s
  4300K .......... .......... .......... .......... .......... 33% 75.8K 55s
  4350K .......... .......... .......... .......... .......... 34%  866K 54s
  4400K .......... .......... .......... .......... .......... 34% 1.13M 53s
  4450K .......... .......... .......... .......... .......... 34%  192K 53s
  4500K .......... .......... .......... .......... .......... 35% 1.29M 52s
  4550K .......... .......... .......... .......... .......... 35%  884K 51s
  4600K .......... .......... .......... .......... .......... 36% 1.07M 50s
  4650K .......... .......... .......... .......... .......... 36% 75.7K 51s
  4700K .......... .......... .......... .......... .......... 36%  191K 50s
  4750K .......... .......... .......... .......... .......... 37% 1.38M 49s
  4800K .......... .......... .......... .......... .......... 37% 1.03M 49s
  4850K .......... .......... .......... .......... .......... 38%  209K 48s
  4900K .......... .......... .......... .......... .......... 38%  111K 48s
  4950K .......... .......... .......... .......... .......... 38% 1018K 48s
  5000K .......... .......... .......... .......... .......... 39% 1.12M 47s
  5050K .......... .......... .......... .......... .......... 39% 76.1K 47s
  5100K .......... .......... .......... .......... .......... 39%  726K 46s
  5150K .......... .......... .......... .......... .......... 40% 75.5K 47s
  5200K .......... .......... .......... .......... .......... 40% 1.02M 46s
  5250K .......... .......... .......... .......... .......... 41%  202K 46s
  5300K .......... .......... .......... .......... .......... 41% 1.23M 45s
  5350K .......... .......... .......... .......... .......... 41% 1.40M 44s
  5400K .......... .......... .......... .......... .......... 42%  203K 44s
  5450K .......... .......... .......... .......... .......... 42%  113K 44s
  5500K .......... .......... .......... .......... .......... 43% 1.10M 43s
  5550K .......... .......... .......... .......... .......... 43%  852K 43s
  5600K .......... .......... .......... .......... .......... 43% 58.7K 43s
  5650K .......... .......... .......... .......... .......... 44%  197K 43s
  5700K .......... .......... .......... .......... .......... 44% 1.60M 42s
  5750K .......... .......... .......... .......... .......... 45% 58.1K 42s
  5800K .......... .......... .......... .......... .......... 45%  195K 42s
  5850K .......... .......... .......... .......... .......... 45% 1.31M 41s
  5900K .......... .......... .......... .......... .......... 46% 1.41M 41s
  5950K .......... .......... .......... .......... .......... 46%  202K 40s
  6000K .......... .......... .......... .......... .......... 46% 59.2K 41s
  6050K .......... .......... .......... .......... .......... 47% 1.14M 40s
  6100K .......... .......... .......... .......... .......... 47%  200K 40s
  6150K .......... .......... .......... .......... .......... 48%  202K 40s
  6200K .......... .......... .......... .......... .......... 48%  872K 39s
  6250K .......... .......... .......... .......... .......... 48%  916K 38s
  6300K .......... .......... .......... .......... .......... 49%  195K 38s
  6350K .......... .......... .......... .......... .......... 49% 1.26M 38s
  6400K .......... .......... .......... .......... .......... 50%  196K 37s
  6450K .......... .......... .......... .......... .......... 50% 1.27M 37s
  6500K .......... .......... .......... .......... .......... 50%  209K 36s
  6550K .......... .......... .......... .......... .......... 51%  952K 36s
  6600K .......... .......... .......... .......... .......... 51%  177K 36s
  6650K .......... .......... .......... .......... .......... 52%  207K 35s
  6700K .......... .......... .......... .......... .......... 52% 39.7K 36s
  6750K .......... .......... .......... .......... .......... 52%  185K 36s
  6800K .......... .......... .......... .......... .......... 53% 76.6K 36s
  6850K .......... .......... .......... .......... .......... 53% 1.43M 35s
  6900K .......... .......... .......... .......... .......... 53%  196K 35s
  6950K .......... .......... .......... .......... .......... 54% 1.43M 34s
  7000K .......... .......... .......... .......... .......... 54% 58.7K 34s
  7050K .......... .......... .......... .......... .......... 55% 1.20M 34s
  7100K .......... .......... .......... .......... .......... 55%  206K 34s
  7150K .......... .......... .......... .......... .......... 55% 15.2K 36s
  7200K .......... .......... .......... .......... .......... 56%  110K 35s
  7250K .......... .......... .......... .......... .......... 56%  189K 35s
  7300K .......... .......... .......... .......... .......... 57%  182K 35s
  7350K .......... .......... .......... .......... .......... 57% 23.8K 36s
  7400K .......... .......... .......... .......... .......... 57%  791K 35s
  7450K .......... .......... .......... .......... .......... 58%  193K 35s
  7500K .......... .......... .......... .......... .......... 58%  188K 34s
  7550K .......... .......... .......... .......... .......... 58%  956K 34s
  7600K .......... .......... .......... .......... .......... 59% 1.00M 33s
  7650K .......... .......... .......... .......... .......... 59% 58.5K 34s
  7700K .......... .......... .......... .......... .......... 60%  110K 33s
  7750K .......... .......... .......... .......... .......... 60% 39.5K 34s
  7800K .......... .......... .......... .......... .......... 60%  212K 33s
  7850K .......... .......... .......... .......... .......... 61%  207K 33s
  7900K .......... .......... .......... .......... .......... 61% 1.13M 32s
  7950K .......... .......... .......... .......... .......... 62% 58.4K 32s
  8000K .......... .......... .......... .......... .......... 62% 1.30M 32s
  8050K .......... .......... .......... .......... .......... 62% 1.48M 31s
  8100K .......... .......... .......... .......... .......... 63% 1.29M 31s
  8150K .......... .......... .......... .......... .......... 63% 77.0K 31s
  8200K .......... .......... .......... .......... .......... 64%  117K 30s
  8250K .......... .......... .......... .......... .......... 64%  177K 30s
  8300K .......... .......... .......... .......... .......... 64%  995K 30s
  8350K .......... .......... .......... .......... .......... 65%  203K 29s
  8400K .......... .......... .......... .......... .......... 65%  871K 29s
  8450K .......... .......... .......... .......... .......... 65%  187K 28s
  8500K .......... .......... .......... .......... .......... 66%  192K 28s
  8550K .......... .......... .......... .......... .......... 66% 1.26M 28s
  8600K .......... .......... .......... .......... .......... 67% 59.0K 27s
  8650K .......... .......... .......... .......... .......... 67%  109K 27s
  8700K .......... .......... .......... .......... .......... 67% 1.01M 27s
  8750K .......... .......... .......... .......... .......... 68%  116K 26s
  8800K .......... .......... .......... .......... .......... 68% 1.68M 26s
  8850K .......... .......... .......... .......... .......... 69%  195K 26s
  8900K .......... .......... .......... .......... .......... 69% 1.27M 25s
  8950K .......... .......... .......... .......... .......... 69% 1.94M 25s
  9000K .......... .......... .......... .......... .......... 70% 1.02M 24s
  9050K .......... .......... .......... .......... .......... 70% 1.07M 24s
  9100K .......... .......... .......... .......... .......... 71%  204K 24s
  9150K .......... .......... .......... .......... .......... 71%  105K 23s
  9200K .......... .......... .......... .......... .......... 71% 1.05M 23s
  9250K .......... .......... .......... .......... .......... 72%  857K 22s
  9300K .......... .......... .......... .......... .......... 72%  198K 22s
  9350K .......... .......... .......... .......... .......... 72% 73.7K 22s
  9400K .......... .......... .......... .......... .......... 73% 75.1K 22s
  9450K .......... .......... .......... .......... .......... 73%  934K 21s
  9500K .......... .......... .......... .......... .......... 74% 58.6K 21s
  9550K .......... .......... .......... .......... .......... 74% 1.22M 21s
  9600K .......... .......... .......... .......... .......... 74%  195K 20s
  9650K .......... .......... .......... .......... .......... 75% 1.06M 20s
  9700K .......... .......... .......... .......... .......... 75%  109K 20s
  9750K .......... .......... .......... .......... .......... 76% 1.01M 19s
  9800K .......... .......... .......... .......... .......... 76% 1.22M 19s
  9850K .......... .......... .......... .......... .......... 76% 1002K 19s
  9900K .......... .......... .......... .......... .......... 77%  207K 18s
  9950K .......... .......... .......... .......... .......... 77%  720K 18s
 10000K .......... .......... .......... .......... .......... 78%  113K 18s
 10050K .......... .......... .......... .......... .......... 78%  962K 17s
 10100K .......... .......... .......... .......... .......... 78%  205K 17s
 10150K .......... .......... .......... .......... .......... 79%  112K 17s
 10200K .......... .......... .......... .......... .......... 79% 76.8K 16s
 10250K .......... .......... .......... .......... .......... 79% 58.6K 16s
 10300K .......... .......... .......... .......... .......... 80%  122K 16s
 10350K .......... .......... .......... .......... .......... 80% 1.38M 16s
 10400K .......... .......... .......... .......... .......... 81% 26.5K 16s
 10450K .......... .......... .......... .......... .......... 81%  197K 15s
 10500K .......... .......... .......... .......... .......... 81%  108K 15s
 10550K .......... .......... .......... .......... .......... 82%  205K 15s
 10600K .......... .......... .......... .......... .......... 82% 1.22M 14s
 10650K .......... .......... .......... .......... .......... 83%  110K 14s
 10700K .......... .......... .......... .......... .......... 83% 77.8K 14s
 10750K .......... .......... .......... .......... .......... 83% 1.19M 13s
 10800K .......... .......... .......... .......... .......... 84%  187K 13s
 10850K .......... .......... .......... .......... .......... 84% 1.14M 13s
 10900K .......... .......... .......... .......... .......... 84%  197K 12s
 10950K .......... .......... .......... .......... .......... 85%  213K 12s
 11000K .......... .......... .......... .......... .......... 85% 58.3K 12s
 11050K .......... .......... .......... .......... .......... 86% 1.16M 11s
 11100K .......... .......... .......... .......... .......... 86%  109K 11s
 11150K .......... .......... .......... .......... .......... 86% 1.14M 11s
 11200K .......... .......... .......... .......... .......... 87% 1.08M 10s
 11250K .......... .......... .......... .......... .......... 87% 72.5K 10s
 11300K .......... .......... .......... .......... .......... 88%  111K 10s
 11350K .......... .......... .......... .......... .......... 88% 1.13M 9s
 11400K .......... .......... .......... .......... .......... 88%  118K 9s
 11450K .......... .......... .......... .......... .......... 89% 1.19M 9s
 11500K .......... .......... .......... .......... .......... 89%  112K 8s
 11550K .......... .......... .......... .......... .......... 90%  110K 8s
 11600K .......... .......... .......... .......... .......... 90% 60.3K 8s
 11650K .......... .......... .......... .......... .......... 90% 48.3K 8s
 11700K .......... .......... .......... .......... .......... 91% 1.61M 7s
 11750K .......... .......... .......... .......... .......... 91% 13.5K 7s
 11800K .......... .......... .......... .......... .......... 91% 1.35M 7s
 11850K .......... .......... .......... .......... .......... 92%  104K 7s
 11900K .......... .......... .......... .......... .......... 92% 1.16M 6s
 11950K .......... .......... .......... .......... .......... 93%  194K 6s
 12000K .......... .......... .......... .......... .......... 93%  205K 6s
 12050K .......... .......... .......... .......... .......... 93%  211K 5s
 12100K .......... .......... .......... .......... .......... 94%  735K 5s
 12150K .......... .......... .......... .......... .......... 94% 1.20M 5s
 12200K .......... .......... .......... .......... .......... 95% 34.1K 4s
 12250K .......... .......... .......... .......... .......... 95%  113K 4s
 12300K .......... .......... .......... .......... .......... 95% 1.05M 4s
 12350K .......... .......... .......... .......... .......... 96% 1.03M 3s
 12400K .......... .......... .......... .......... .......... 96%  205K 3s
 12450K .......... .......... .......... .......... .......... 97% 1.48M 3s
 12500K .......... .......... .......... .......... .......... 97%  204K 2s
 12550K .......... .......... .......... .......... .......... 97%  199K 2s
 12600K .......... .......... .......... .......... .......... 98%  199K 2s
 12650K .......... .......... .......... .......... .......... 98%  107K 1s
 12700K .......... .......... .......... .......... .......... 98% 57.7K 1s
 12750K .......... .......... .......... .......... .......... 99% 1.10M 1s
 12800K .......... .......... .......... .......... .......... 99% 1.17M 0s
 12850K .......... .......... .......... ....                 100% 27.1K=87s

2016-05-25 04:12:04 (149 KB/s) - ‘index.html.17’ saved [13193358/13193358]

