--2016-05-25 02:55:51--  http://10.30.50.93:8000/
Connecting to 10.30.50.93:8000... connected.
HTTP request sent, awaiting response... 200 OK
Length: 13193358 (13M) [text/html]
Saving to: ‘index.html.6’

     0K .......... .......... .......... .......... ..........  0%  594K 22s
    50K .......... .......... .......... .......... ..........  0%  464K 25s
   100K .......... .......... .......... .......... ..........  1%  651K 23s
   150K .......... .......... .......... .......... ..........  1%  609K 22s
   200K .......... .......... .......... .......... ..........  1%  594K 22s
   250K .......... .......... .......... .......... ..........  2%  584K 22s
   300K .......... .......... .......... .......... ..........  2%  530K 22s
   350K .......... .......... .......... .......... ..........  3%  594K 22s
   400K .......... .......... .......... .......... ..........  3%  570K 22s
   450K .......... .......... .......... .......... ..........  3%  542K 22s
   500K .......... .......... .......... .......... ..........  4%  536K 22s
   550K .......... .......... .......... .......... ..........  4%  596K 22s
   600K .......... .......... .......... .......... ..........  5%  594K 21s
   650K .......... .......... .......... .......... ..........  5%  578K 21s
   700K .......... .......... .......... .......... ..........  5%  551K 21s
   750K .......... .......... .......... .......... ..........  6%  593K 21s
   800K .......... .......... .......... .......... ..........  6%  486K 21s
   850K .......... .......... .......... .......... ..........  6%  632K 21s
   900K .......... .......... .......... .......... ..........  7%  463K 21s
   950K .......... .......... .......... .......... ..........  7%  595K 21s
  1000K .......... .......... .......... .......... ..........  8%  551K 21s
  1050K .......... .......... .......... .......... ..........  8%  540K 21s
  1100K .......... .......... .......... .......... ..........  8%  571K 21s
  1150K .......... .......... .......... .......... ..........  9%  473K 21s
  1200K .......... .......... .......... .......... ..........  9%  596K 21s
  1250K .......... .......... .......... .......... .......... 10%  534K 21s
  1300K .......... .......... .......... .......... .......... 10%  658K 21s
  1350K .......... .......... .......... .......... .......... 10%  519K 21s
  1400K .......... .......... .......... .......... .......... 11%  610K 20s
  1450K .......... .......... .......... .......... .......... 11%  594K 20s
  1500K .......... .......... .......... .......... .......... 12%  509K 20s
  1550K .......... .......... .......... .......... .......... 12%  654K 20s
  1600K .......... .......... .......... .......... .......... 12%  464K 20s
  1650K .......... .......... .......... .......... .......... 13%  694K 20s
  1700K .......... .......... .......... .......... .......... 13%  549K 20s
  1750K .......... .......... .......... .......... .......... 13%  492K 20s
  1800K .......... .......... .......... .......... .......... 14%  574K 20s
  1850K .......... .......... .......... .......... .......... 14%  570K 20s
  1900K .......... .......... .......... .......... .......... 15%  575K 20s
  1950K .......... .......... .......... .......... .......... 15%  581K 19s
  2000K .......... .......... .......... .......... .......... 15%  497K 19s
  2050K .......... .......... .......... .......... .......... 16%  628K 19s
  2100K .......... .......... .......... .......... .......... 16%  508K 19s
  2150K .......... .......... .......... .......... .......... 17%  629K 19s
  2200K .......... .......... .......... .......... .......... 17%  550K 19s
  2250K .......... .......... .......... .......... .......... 17%  550K 19s
  2300K .......... .......... .......... .......... .......... 18%  608K 19s
  2350K .......... .......... .......... .......... .......... 18%  581K 19s
  2400K .......... .......... .......... .......... .......... 19%  597K 19s
  2450K .......... .......... .......... .......... .......... 19%  558K 18s
  2500K .......... .......... .......... .......... .......... 19%  586K 18s
  2550K .......... .......... .......... .......... .......... 20%  460K 18s
  2600K .......... .......... .......... .......... .......... 20%  740K 18s
  2650K .......... .......... .......... .......... .......... 20%  594K 18s
  2700K .......... .......... .......... .......... .......... 21%  573K 18s
  2750K .......... .......... .......... .......... .......... 21%  541K 18s
  2800K .......... .......... .......... .......... .......... 22%  569K 18s
  2850K .......... .......... .......... .......... .......... 22%  522K 18s
  2900K .......... .......... .......... .......... .......... 22%  571K 18s
  2950K .......... .......... .......... .......... .......... 23%  497K 18s
  3000K .......... .......... .......... .......... .......... 23%  628K 17s
  3050K .......... .......... .......... .......... .......... 24%  598K 17s
  3100K .......... .......... .......... .......... .......... 24%  549K 17s
  3150K .......... .......... .......... .......... .......... 24%  562K 17s
  3200K .......... .......... .......... .......... .......... 25%  511K 17s
  3250K .......... .......... .......... .......... .......... 25%  646K 17s
  3300K .......... .......... .......... .......... .......... 26%  566K 17s
  3350K .......... .......... .......... .......... .......... 26%  555K 17s
  3400K .......... .......... .......... .......... .......... 26%  516K 17s
  3450K .......... .......... .......... .......... .......... 27%  629K 17s
  3500K .......... .......... .......... .......... .......... 27%  596K 17s
  3550K .......... .......... .......... .......... .......... 27%  597K 16s
  3600K .......... .......... .......... .......... .......... 28%  502K 16s
  3650K .......... .......... .......... .......... .......... 28%  682K 16s
  3700K .......... .......... .......... .......... .......... 29%  546K 16s
  3750K .......... .......... .......... .......... .......... 29%  520K 16s
  3800K .......... .......... .......... .......... .......... 29%  637K 16s
  3850K .......... .......... .......... .......... .......... 30%  573K 16s
  3900K .......... .......... .......... .......... .......... 30%  550K 16s
  3950K .......... .......... .......... .......... .......... 31%  559K 16s
  4000K .......... .......... .......... .......... .......... 31%  562K 16s
  4050K .......... .......... .......... .......... .......... 31%  540K 16s
  4100K .......... .......... .......... .......... .......... 32%  609K 15s
  4150K .......... .......... .......... .......... .......... 32%  535K 15s
  4200K .......... .......... .......... .......... .......... 32%  563K 15s
  4250K .......... .......... .......... .......... .......... 33%  571K 15s
  4300K .......... .......... .......... .......... .......... 33%  504K 15s
  4350K .......... .......... .......... .......... .......... 34%  625K 15s
  4400K .......... .......... .......... .......... .......... 34%  567K 15s
  4450K .......... .......... .......... .......... .......... 34%  564K 15s
  4500K .......... .......... .......... .......... .......... 35%  573K 15s
  4550K .......... .......... .......... .......... .......... 35%  509K 15s
  4600K .......... .......... .......... .......... .......... 36%  609K 15s
  4650K .......... .......... .......... .......... .......... 36%  583K 15s
  4700K .......... .......... .......... .......... .......... 36%  519K 14s
  4750K .......... .......... .......... .......... .......... 37%  594K 14s
  4800K .......... .......... .......... .......... .......... 37%  600K 14s
  4850K .......... .......... .......... .......... .......... 38%  494K 14s
  4900K .......... .......... .......... .......... .......... 38%  691K 14s
  4950K .......... .......... .......... .......... .......... 38%  565K 14s
  5000K .......... .......... .......... .......... .......... 39%  564K 14s
  5050K .......... .......... .......... .......... .......... 39%  561K 14s
  5100K .......... .......... .......... .......... .......... 39%  496K 14s
  5150K .......... .......... .......... .......... .......... 40%  495K 14s
  5200K .......... .......... .......... .......... .......... 40%  676K 14s
  5250K .......... .......... .......... .......... .......... 41%  495K 13s
  5300K .......... .......... .......... .......... .......... 41%  163K 14s
  5350K .......... .......... .......... .......... .......... 41%  505K 14s
  5400K .......... .......... .......... .......... .......... 42%  537K 14s
  5450K .......... .......... .......... .......... .......... 42%  699K 13s
  5500K .......... .......... .......... .......... .......... 43%  563K 13s
  5550K .......... .......... .......... .......... .......... 43%  580K 13s
  5600K .......... .......... .......... .......... .......... 43%  594K 13s
  5650K .......... .......... .......... .......... .......... 44%  565K 13s
  5700K .......... .......... .......... .......... .......... 44%  590K 13s
  5750K .......... .......... .......... .......... .......... 45%  552K 13s
  5800K .......... .......... .......... .......... .......... 45%  522K 13s
  5850K .......... .......... .......... .......... .......... 45%  596K 13s
  5900K .......... .......... .......... .......... .......... 46%  594K 13s
  5950K .......... .......... .......... .......... .......... 46%  575K 12s
  6000K .......... .......... .......... .......... .......... 46%  562K 12s
  6050K .......... .......... .......... .......... .......... 47%  593K 12s
  6100K .......... .......... .......... .......... .......... 47%  538K 12s
  6150K .......... .......... .......... .......... .......... 48%  596K 12s
  6200K .......... .......... .......... .......... .......... 48%  518K 12s
  6250K .......... .......... .......... .......... .......... 48%  600K 12s
  6300K .......... .......... .......... .......... .......... 49%  559K 12s
  6350K .......... .......... .......... .......... .......... 49%  566K 12s
  6400K .......... .......... .......... .......... .......... 50%  549K 12s
  6450K .......... .......... .......... .......... .......... 50%  560K 12s
  6500K .......... .......... .......... .......... .......... 50%  582K 11s
  6550K .......... .......... .......... .......... .......... 51%  561K 11s
  6600K .......... .......... .......... .......... .......... 51%  584K 11s
  6650K .......... .......... .......... .......... .......... 52%  574K 11s
  6700K .......... .......... .......... .......... .......... 52%  546K 11s
  6750K .......... .......... .......... .......... .......... 52%  520K 11s
  6800K .......... .......... .......... .......... .......... 53%  533K 11s
  6850K .......... .......... .......... .......... .......... 53%  509K 11s
  6900K .......... .......... .......... .......... .......... 53%  521K 11s
  6950K .......... .......... .......... .......... .......... 54%  678K 11s
  7000K .......... .......... .......... .......... .......... 54%  595K 11s
  7050K .......... .......... .......... .......... .......... 55%  575K 10s
  7100K .......... .......... .......... .......... .......... 55%  592K 10s
  7150K .......... .......... .......... .......... .......... 55%  582K 10s
  7200K .......... .......... .......... .......... .......... 56%  565K 10s
  7250K .......... .......... .......... .......... .......... 56%  590K 10s
  7300K .......... .......... .......... .......... .......... 57%  565K 10s
  7350K .......... .......... .......... .......... .......... 57%  584K 10s
  7400K .......... .......... .......... .......... .......... 57%  461K 10s
  7450K .......... .......... .......... .......... .......... 58%  743K 10s
  7500K .......... .......... .......... .......... .......... 58%  548K 10s
  7550K .......... .......... .......... .......... .......... 58%  578K 10s
  7600K .......... .......... .......... .......... .......... 59%  519K 9s
  7650K .......... .......... .......... .......... .......... 59%  598K 9s
  7700K .......... .......... .......... .......... .......... 60%  561K 9s
  7750K .......... .......... .......... .......... .......... 60%  581K 9s
  7800K .......... .......... .......... .......... .......... 60%  565K 9s
  7850K .......... .......... .......... .......... .......... 61%  577K 9s
  7900K .......... .......... .......... .......... .......... 61%  521K 9s
  7950K .......... .......... .......... .......... .......... 62%  601K 9s
  8000K .......... .......... .......... .......... .......... 62%  557K 9s
  8050K .......... .......... .......... .......... .......... 62%  520K 9s
  8100K .......... .......... .......... .......... .......... 63%  498K 9s
  8150K .......... .......... .......... .......... .......... 63%  548K 8s
  8200K .......... .......... .......... .......... .......... 64%  574K 8s
  8250K .......... .......... .......... .......... .......... 64%  591K 8s
  8300K .......... .......... .......... .......... .......... 64%  501K 8s
  8350K .......... .......... .......... .......... .......... 65%  669K 8s
  8400K .......... .......... .......... .......... .......... 65%  562K 8s
  8450K .......... .......... .......... .......... .......... 65%  536K 8s
  8500K .......... .......... .......... .......... .......... 66%  599K 8s
  8550K .......... .......... .......... .......... .......... 66%  504K 8s
  8600K .......... .......... .......... .......... .......... 67%  678K 8s
  8650K .......... .......... .......... .......... .......... 67%  580K 8s
  8700K .......... .......... .......... .......... .......... 67%  595K 7s
  8750K .......... .......... .......... .......... .......... 68%  576K 7s
  8800K .......... .......... .......... .......... .......... 68%  475K 7s
  8850K .......... .......... .......... .......... .......... 69%  647K 7s
  8900K .......... .......... .......... .......... .......... 69%  550K 7s
  8950K .......... .......... .......... .......... .......... 69%  575K 7s
  9000K .......... .......... .......... .......... .......... 70%  585K 7s
  9050K .......... .......... .......... .......... .......... 70%  569K 7s
  9100K .......... .......... .......... .......... .......... 71%  585K 7s
  9150K .......... .......... .......... .......... .......... 71%  563K 7s
  9200K .......... .......... .......... .......... .......... 71%  593K 7s
  9250K .......... .......... .......... .......... .......... 72%  601K 6s
  9300K .......... .......... .......... .......... .......... 72%  558K 6s
  9350K .......... .......... .......... .......... .......... 72%  596K 6s
  9400K .......... .......... .......... .......... .......... 73%  565K 6s
  9450K .......... .......... .......... .......... .......... 73%  548K 6s
  9500K .......... .......... .......... .......... .......... 74%  497K 6s
  9550K .......... .......... .......... .......... .......... 74%  651K 6s
  9600K .......... .......... .......... .......... .......... 74%  576K 6s
  9650K .......... .......... .......... .......... .......... 75%  595K 6s
  9700K .......... .......... .......... .......... .......... 75%  463K 6s
  9750K .......... .......... .......... .......... .......... 76%  727K 6s
  9800K .......... .......... .......... .......... .......... 76%  593K 5s
  9850K .......... .......... .......... .......... .......... 76%  575K 5s
  9900K .......... .......... .......... .......... .......... 77%  572K 5s
  9950K .......... .......... .......... .......... .......... 77%  573K 5s
 10000K .......... .......... .......... .......... .......... 78%  538K 5s
 10050K .......... .......... .......... .......... .......... 78%  562K 5s
 10100K .......... .......... .......... .......... .......... 78%  533K 5s
 10150K .......... .......... .......... .......... .......... 79%  613K 5s
 10200K .......... .......... .......... .......... .......... 79%  522K 5s
 10250K .......... .......... .......... .......... .......... 79%  625K 5s
 10300K .......... .......... .......... .......... .......... 80%  596K 5s
 10350K .......... .......... .......... .......... .......... 80%  579K 4s
 10400K .......... .......... .......... .......... .......... 81%  565K 4s
 10450K .......... .......... .......... .......... .......... 81%  544K 4s
 10500K .......... .......... .......... .......... .......... 81%  601K 4s
 10550K .......... .......... .......... .......... .......... 82%  545K 4s
 10600K .......... .......... .......... .......... .......... 82%  580K 4s
 10650K .......... .......... .......... .......... .......... 83%  569K 4s
 10700K .......... .......... .......... .......... .......... 83%  541K 4s
 10750K .......... .......... .......... .......... .......... 83%  570K 4s
 10800K .......... .......... .......... .......... .......... 84%  532K 4s
 10850K .......... .......... .......... .......... .......... 84%  592K 4s
 10900K .......... .......... .......... .......... .......... 84%  598K 3s
 10950K .......... .......... .......... .......... .......... 85%  549K 3s
 11000K .......... .......... .......... .......... .......... 85%  470K 3s
 11050K .......... .......... .......... .......... .......... 86%  696K 3s
 11100K .......... .......... .......... .......... .......... 86%  551K 3s
 11150K .......... .......... .......... .......... .......... 86%  493K 3s
 11200K .......... .......... .......... .......... .......... 87%  679K 3s
 11250K .......... .......... .......... .......... .......... 87%  577K 3s
 11300K .......... .......... .......... .......... .......... 88%  581K 3s
 11350K .......... .......... .......... .......... .......... 88%  593K 3s
 11400K .......... .......... .......... .......... .......... 88%  563K 3s
 11450K .......... .......... .......... .......... .......... 89%  579K 2s
 11500K .......... .......... .......... .......... .......... 89%  572K 2s
 11550K .......... .......... .......... .......... .......... 90%  582K 2s
 11600K .......... .......... .......... .......... .......... 90%  595K 2s
 11650K .......... .......... .......... .......... .......... 90%  515K 2s
 11700K .......... .......... .......... .......... .......... 91%  605K 2s
 11750K .......... .......... .......... .......... .......... 91%  599K 2s
 11800K .......... .......... .......... .......... .......... 91%  461K 2s
 11850K .......... .......... .......... .......... .......... 92%  681K 2s
 11900K .......... .......... .......... .......... .......... 92%  594K 2s
 11950K .......... .......... .......... .......... .......... 93%  480K 2s
 12000K .......... .......... .......... .......... .......... 93%  677K 1s
 12050K .......... .......... .......... .......... .......... 93%  523K 1s
 12100K .......... .......... .......... .......... .......... 94%  580K 1s
 12150K .......... .......... .......... .......... .......... 94%  531K 1s
 12200K .......... .......... .......... .......... .......... 95%  563K 1s
 12250K .......... .......... .......... .......... .......... 95%  594K 1s
 12300K .......... .......... .......... .......... .......... 95%  560K 1s
 12350K .......... .......... .......... .......... .......... 96%  464K 1s
 12400K .......... .......... .......... .......... .......... 96%  675K 1s
 12450K .......... .......... .......... .......... .......... 97%  562K 1s
 12500K .......... .......... .......... .......... .......... 97%  583K 1s
 12550K .......... .......... .......... .......... .......... 97%  594K 1s
 12600K .......... .......... .......... .......... .......... 98%  596K 0s
 12650K .......... .......... .......... .......... .......... 98%  451K 0s
 12700K .......... .......... .......... .......... .......... 98%  696K 0s
 12750K .......... .......... .......... .......... .......... 99%  568K 0s
 12800K .......... .......... .......... .......... .......... 99%  576K 0s
 12850K .......... .......... .......... ....                 100%  591K=23s

2016-05-25 02:56:14 (560 KB/s) - ‘index.html.6’ saved [13193358/13193358]

