--2016-05-25 03:39:19--  http://10.30.50.93:8000/
Connecting to 10.30.50.93:8000... connected.
HTTP request sent, awaiting response... 200 OK
Length: 13193358 (13M) [text/html]
Saving to: ‘index.html.13’

     0K .......... .......... .......... .......... ..........  0% 1.33M 9s
    50K .......... .......... .......... .......... ..........  0%  194K 38s
   100K .......... .......... .......... .......... ..........  1%  209K 45s
   150K .......... .......... .......... .......... ..........  1% 1.05M 37s
   200K .......... .......... .......... .......... ..........  1%  807K 32s
   250K .......... .......... .......... .......... ..........  2%  929K 29s
   300K .......... .......... .......... .......... ..........  2%  932K 27s
   350K .......... .......... .......... .......... ..........  3% 1.12M 25s
   400K .......... .......... .......... .......... ..........  3%  189K 29s
   450K .......... .......... .......... .......... ..........  3% 1.04M 27s
   500K .......... .......... .......... .......... ..........  4%  113K 35s
   550K .......... .......... .......... .......... ..........  4% 1.35M 32s
   600K .......... .......... .......... .......... ..........  5% 1.25M 31s
   650K .......... .......... .......... .......... ..........  5% 1.40M 29s
   700K .......... .......... .......... .......... ..........  5% 1.29M 27s
   750K .......... .......... .......... .......... ..........  6%  214K 29s
   800K .......... .......... .......... .......... ..........  6% 76.1K 37s
   850K .......... .......... .......... .......... ..........  6% 1.40M 35s
   900K .......... .......... .......... .......... ..........  7% 1.51M 33s
   950K .......... .......... .......... .......... ..........  7% 1.32M 32s
  1000K .......... .......... .......... .......... ..........  8% 1.21M 31s
  1050K .......... .......... .......... .......... ..........  8% 1021K 30s
  1100K .......... .......... .......... .......... ..........  8%  926K 29s
  1150K .......... .......... .......... .......... ..........  9% 1.07M 28s
  1200K .......... .......... .......... .......... ..........  9%  919K 27s
  1250K .......... .......... .......... .......... .......... 10% 1.32M 26s
  1300K .......... .......... .......... .......... .......... 10% 1.12M 26s
  1350K .......... .......... .......... .......... .......... 10% 1.35M 25s
  1400K .......... .......... .......... .......... .......... 11% 57.3K 31s
  1450K .......... .......... .......... .......... .......... 11%  194K 32s
  1500K .......... .......... .......... .......... .......... 12% 1.05M 31s
  1550K .......... .......... .......... .......... .......... 12% 1.18M 30s
  1600K .......... .......... .......... .......... .......... 12%  194K 31s
  1650K .......... .......... .......... .......... .......... 13%  206K 31s
  1700K .......... .......... .......... .......... .......... 13%  201K 32s
  1750K .......... .......... .......... .......... .......... 13% 1.03M 31s
  1800K .......... .......... .......... .......... .......... 14%  212K 32s
  1850K .......... .......... .......... .......... .......... 14%  207K 32s
  1900K .......... .......... .......... .......... .......... 15%  942K 31s
  1950K .......... .......... .......... .......... .......... 15% 1.14M 31s
  2000K .......... .......... .......... .......... .......... 15% 1.18M 30s
  2050K .......... .......... .......... .......... .......... 16%  914K 29s
  2100K .......... .......... .......... .......... .......... 16% 1.09M 29s
  2150K .......... .......... .......... .......... .......... 17% 1.11M 28s
  2200K .......... .......... .......... .......... .......... 17% 1.50M 28s
  2250K .......... .......... .......... .......... .......... 17%  188K 28s
  2300K .......... .......... .......... .......... .......... 18% 1.26M 28s
  2350K .......... .......... .......... .......... .......... 18% 1.00M 27s
  2400K .......... .......... .......... .......... .......... 19% 57.4K 30s
  2450K .......... .......... .......... .......... .......... 19% 1009K 30s
  2500K .......... .......... .......... .......... .......... 19% 1.08M 29s
  2550K .......... .......... .......... .......... .......... 20% 1.22M 29s
  2600K .......... .......... .......... .......... .......... 20% 1.00M 28s
  2650K .......... .......... .......... .......... .......... 20% 1.33M 28s
  2700K .......... .......... .......... .......... .......... 21% 59.9K 30s
  2750K .......... .......... .......... .......... .......... 21% 1.15M 29s
  2800K .......... .......... .......... .......... .......... 22%  201K 30s
  2850K .......... .......... .......... .......... .......... 22%  195K 30s
  2900K .......... .......... .......... .......... .......... 22% 1.42M 29s
  2950K .......... .......... .......... .......... .......... 23%  206K 30s
  3000K .......... .......... .......... .......... .......... 23%  110K 30s
  3050K .......... .......... .......... .......... .......... 24%  195K 31s
  3100K .......... .......... .......... .......... .......... 24% 1.20M 30s
  3150K .......... .......... .......... .......... .......... 24%  188K 30s
  3200K .......... .......... .......... .......... .......... 25% 1.15M 30s
  3250K .......... .......... .......... .......... .......... 25%  201K 30s
  3300K .......... .......... .......... .......... .......... 26%  105K 31s
  3350K .......... .......... .......... .......... .......... 26% 1.19M 30s
  3400K .......... .......... .......... .......... .......... 26%  895K 30s
  3450K .......... .......... .......... .......... .......... 27% 1.25M 29s
  3500K .......... .......... .......... .......... .......... 27%  202K 29s
  3550K .......... .......... .......... .......... .......... 27% 1.65M 29s
  3600K .......... .......... .......... .......... .......... 28%  624K 28s
  3650K .......... .......... .......... .......... .......... 28% 1.29M 28s
  3700K .......... .......... .......... .......... .......... 29%  109K 29s
  3750K .......... .......... .......... .......... .......... 29% 1.12M 28s
  3800K .......... .......... .......... .......... .......... 29% 1.14M 28s
  3850K .......... .......... .......... .......... .......... 30% 1.04M 27s
  3900K .......... .......... .......... .......... .......... 30% 1.17M 27s
  3950K .......... .......... .......... .......... .......... 31%  969K 27s
  4000K .......... .......... .......... .......... .......... 31% 1.18M 26s
  4050K .......... .......... .......... .......... .......... 31%  876K 26s
  4100K .......... .......... .......... .......... .......... 32% 1.08M 25s
  4150K .......... .......... .......... .......... .......... 32%  943K 25s
  4200K .......... .......... .......... .......... .......... 32%  947K 25s
  4250K .......... .......... .......... .......... .......... 33% 1001K 24s
  4300K .......... .......... .......... .......... .......... 33%  203K 25s
  4350K .......... .......... .......... .......... .......... 34% 1.06M 24s
  4400K .......... .......... .......... .......... .......... 34% 1.38M 24s
  4450K .......... .......... .......... .......... .......... 34%  956K 24s
  4500K .......... .......... .......... .......... .......... 35% 1.33M 23s
  4550K .......... .......... .......... .......... .......... 35%  203K 23s
  4600K .......... .......... .......... .......... .......... 36% 1.39M 23s
  4650K .......... .......... .......... .......... .......... 36% 1.58M 23s
  4700K .......... .......... .......... .......... .......... 36%  206K 23s
  4750K .......... .......... .......... .......... .......... 37% 1.70M 22s
  4800K .......... .......... .......... .......... .......... 37% 1.30M 22s
  4850K .......... .......... .......... .......... .......... 38% 1.17M 22s
  4900K .......... .......... .......... .......... .......... 38% 76.1K 22s
  4950K .......... .......... .......... .......... .......... 38%  205K 22s
  5000K .......... .......... .......... .......... .......... 39%  114K 23s
  5050K .......... .......... .......... .......... .......... 39% 1.64M 22s
  5100K .......... .......... .......... .......... .......... 39% 1003K 22s
  5150K .......... .......... .......... .......... .......... 40% 1.30M 22s
  5200K .......... .......... .......... .......... .......... 40%  201K 22s
  5250K .......... .......... .......... .......... .......... 41% 1.39M 22s
  5300K .......... .......... .......... .......... .......... 41% 1.30M 21s
  5350K .......... .......... .......... .......... .......... 41%  112K 22s
  5400K .......... .......... .......... .......... .......... 42%  193K 22s
  5450K .......... .......... .......... .......... .......... 42% 1.05M 21s
  5500K .......... .......... .......... .......... .......... 43%  202K 21s
  5550K .......... .......... .......... .......... .......... 43% 1.17M 21s
  5600K .......... .......... .......... .......... .......... 43% 1.06M 21s
  5650K .......... .......... .......... .......... .......... 44% 1.22M 20s
  5700K .......... .......... .......... .......... .......... 44% 1.22M 20s
  5750K .......... .......... .......... .......... .......... 45%  203K 20s
  5800K .......... .......... .......... .......... .......... 45% 39.9K 21s
  5850K .......... .......... .......... .......... .......... 45% 1.22M 21s
  5900K .......... .......... .......... .......... .......... 46% 1.30M 21s
  5950K .......... .......... .......... .......... .......... 46% 75.5K 21s
  6000K .......... .......... .......... .......... .......... 46% 1.44M 21s
  6050K .......... .......... .......... .......... .......... 47% 1.14M 21s
  6100K .......... .......... .......... .......... .......... 47% 1.16M 20s
  6150K .......... .......... .......... .......... .......... 48% 1.15M 20s
  6200K .......... .......... .......... .......... .......... 48%  189K 20s
  6250K .......... .......... .......... .......... .......... 48%  211K 20s
  6300K .......... .......... .......... .......... .......... 49% 1.32M 20s
  6350K .......... .......... .......... .......... .......... 49%  108K 20s
  6400K .......... .......... .......... .......... .......... 50% 1.22M 20s
  6450K .......... .......... .......... .......... .......... 50%  835K 19s
  6500K .......... .......... .......... .......... .......... 50% 1.09M 19s
  6550K .......... .......... .......... .......... .......... 51%  109K 19s
  6600K .......... .......... .......... .......... .......... 51%  801K 19s
  6650K .......... .......... .......... .......... .......... 52%  816K 19s
  6700K .......... .......... .......... .......... .......... 52% 1.25M 19s
  6750K .......... .......... .......... .......... .......... 52% 1.13M 18s
  6800K .......... .......... .......... .......... .......... 53%  198K 18s
  6850K .......... .......... .......... .......... .......... 53% 1.45M 18s
  6900K .......... .......... .......... .......... .......... 53%  110K 18s
  6950K .......... .......... .......... .......... .......... 54% 1.07M 18s
  7000K .......... .......... .......... .......... .......... 54%  206K 18s
  7050K .......... .......... .......... .......... .......... 55%  923K 18s
  7100K .......... .......... .......... .......... .......... 55%  201K 18s
  7150K .......... .......... .......... .......... .......... 55% 47.5K 18s
  7200K .......... .......... .......... .......... .......... 56% 1.49M 18s
  7250K .......... .......... .......... .......... .......... 56%  202K 18s
  7300K .......... .......... .......... .......... .......... 57%  195K 18s
  7350K .......... .......... .......... .......... .......... 57%  112K 18s
  7400K .......... .......... .......... .......... .......... 57% 1.15M 17s
  7450K .......... .......... .......... .......... .......... 58% 1.04M 17s
  7500K .......... .......... .......... .......... .......... 58% 1018K 17s
  7550K .......... .......... .......... .......... .......... 58%  847K 17s
  7600K .......... .......... .......... .......... .......... 59%  969K 16s
  7650K .......... .......... .......... .......... .......... 59%  204K 16s
  7700K .......... .......... .......... .......... .......... 60% 1.26M 16s
  7750K .......... .......... .......... .......... .......... 60% 1.17M 16s
  7800K .......... .......... .......... .......... .......... 60% 1.20M 16s
  7850K .......... .......... .......... .......... .......... 61% 1.79M 15s
  7900K .......... .......... .......... .......... .......... 61% 34.1K 16s
  7950K .......... .......... .......... .......... .......... 62%  871K 16s
  8000K .......... .......... .......... .......... .......... 62% 1.10M 16s
  8050K .......... .......... .......... .......... .......... 62% 1.28M 15s
  8100K .......... .......... .......... .......... .......... 63%  203K 15s
  8150K .......... .......... .......... .......... .......... 63% 1.34M 15s
  8200K .......... .......... .......... .......... .......... 64%  205K 15s
  8250K .......... .......... .......... .......... .......... 64% 1.48M 15s
  8300K .......... .......... .......... .......... .......... 64%  994K 15s
  8350K .......... .......... .......... .......... .......... 65%  969K 14s
  8400K .......... .......... .......... .......... .......... 65% 1.15M 14s
  8450K .......... .......... .......... .......... .......... 65%  892K 14s
  8500K .......... .......... .......... .......... .......... 66%  862K 14s
  8550K .......... .......... .......... .......... .......... 66%  201K 14s
  8600K .......... .......... .......... .......... .......... 67%  108K 14s
  8650K .......... .......... .......... .......... .......... 67% 1.44M 13s
  8700K .......... .......... .......... .......... .......... 67%  965K 13s
  8750K .......... .......... .......... .......... .......... 68%  843K 13s
  8800K .......... .......... .......... .......... .......... 68% 1.07M 13s
  8850K .......... .......... .......... .......... .......... 69% 1014K 12s
  8900K .......... .......... .......... .......... .......... 69% 1.36M 12s
  8950K .......... .......... .......... .......... .......... 69%  200K 12s
  9000K .......... .......... .......... .......... .......... 70% 1.11M 12s
  9050K .......... .......... .......... .......... .......... 70% 1.04M 12s
  9100K .......... .......... .......... .......... .......... 71% 1.08M 12s
  9150K .......... .......... .......... .......... .......... 71% 1.29M 11s
  9200K .......... .......... .......... .......... .......... 71% 1.21M 11s
  9250K .......... .......... .......... .......... .......... 72% 1012K 11s
  9300K .......... .......... .......... .......... .......... 72% 1.28M 11s
  9350K .......... .......... .......... .......... .......... 72%  205K 11s
  9400K .......... .......... .......... .......... .......... 73% 1.33M 10s
  9450K .......... .......... .......... .......... .......... 73%  894K 10s
  9500K .......... .......... .......... .......... .......... 74%  862K 10s
  9550K .......... .......... .......... .......... .......... 74%  196K 10s
  9600K .......... .......... .......... .......... .......... 74%  993K 10s
  9650K .......... .......... .......... .......... .......... 75% 1.06M 10s
  9700K .......... .......... .......... .......... .......... 75% 1.19M 9s
  9750K .......... .......... .......... .......... .......... 76% 1.22M 9s
  9800K .......... .......... .......... .......... .......... 76% 1.30M 9s
  9850K .......... .......... .......... .......... .......... 76% 1.15M 9s
  9900K .......... .......... .......... .......... .......... 77%  995K 9s
  9950K .......... .......... .......... .......... .......... 77% 1.44M 8s
 10000K .......... .......... .......... .......... .......... 78% 1.18M 8s
 10050K .......... .......... .......... .......... .......... 78% 29.8K 9s
 10100K .......... .......... .......... .......... .......... 78% 1.20M 8s
 10150K .......... .......... .......... .......... .......... 79% 77.1K 8s
 10200K .......... .......... .......... .......... .......... 79%  109K 8s
 10250K .......... .......... .......... .......... .......... 79% 1.12M 8s
 10300K .......... .......... .......... .......... .......... 80%  979K 8s
 10350K .......... .......... .......... .......... .......... 80% 1.32M 8s
 10400K .......... .......... .......... .......... .......... 81% 1.36M 8s
 10450K .......... .......... .......... .......... .......... 81% 1.21M 7s
 10500K .......... .......... .......... .......... .......... 81% 1.07M 7s
 10550K .......... .......... .......... .......... .......... 82% 1010K 7s
 10600K .......... .......... .......... .......... .......... 82%  193K 7s
 10650K .......... .......... .......... .......... .......... 83% 1.09M 7s
 10700K .......... .......... .......... .......... .......... 83%  192K 7s
 10750K .......... .......... .......... .......... .......... 83% 1.10M 6s
 10800K .......... .......... .......... .......... .......... 84%  958K 6s
 10850K .......... .......... .......... .......... .......... 84% 1.08M 6s
 10900K .......... .......... .......... .......... .......... 84%  902K 6s
 10950K .......... .......... .......... .......... .......... 85%  201K 6s
 11000K .......... .......... .......... .......... .......... 85%  109K 6s
 11050K .......... .......... .......... .......... .......... 86%  110K 6s
 11100K .......... .......... .......... .......... .......... 86% 1.44M 5s
 11150K .......... .......... .......... .......... .......... 86% 1.16M 5s
 11200K .......... .......... .......... .......... .......... 87%  760K 5s
 11250K .......... .......... .......... .......... .......... 87%  191K 5s
 11300K .......... .......... .......... .......... .......... 88% 1.36M 5s
 11350K .......... .......... .......... .......... .......... 88% 1.16M 5s
 11400K .......... .......... .......... .......... .......... 88%  963K 4s
 11450K .......... .......... .......... .......... .......... 89%  960K 4s
 11500K .......... .......... .......... .......... .......... 89%  810K 4s
 11550K .......... .......... .......... .......... .......... 90% 1.33M 4s
 11600K .......... .......... .......... .......... .......... 90%  194K 4s
 11650K .......... .......... .......... .......... .......... 90% 1.20M 4s
 11700K .......... .......... .......... .......... .......... 91%  870K 3s
 11750K .......... .......... .......... .......... .......... 91% 1.13M 3s
 11800K .......... .......... .......... .......... .......... 91%  113K 3s
 11850K .......... .......... .......... .......... .......... 92% 1.88M 3s
 11900K .......... .......... .......... .......... .......... 92%  987K 3s
 11950K .......... .......... .......... .......... .......... 93% 1.04M 3s
 12000K .......... .......... .......... .......... .......... 93% 1.29M 3s
 12050K .......... .......... .......... .......... .......... 93% 1.37M 2s
 12100K .......... .......... .......... .......... .......... 94%  201K 2s
 12150K .......... .......... .......... .......... .......... 94%  192K 2s
 12200K .......... .......... .......... .......... .......... 95% 1.26M 2s
 12250K .......... .......... .......... .......... .......... 95%  920K 2s
 12300K .......... .......... .......... .......... .......... 95%  999K 2s
 12350K .......... .......... .......... .......... .......... 96%  190K 1s
 12400K .......... .......... .......... .......... .......... 96% 74.3K 1s
 12450K .......... .......... .......... .......... .......... 97% 1.20M 1s
 12500K .......... .......... .......... .......... .......... 97%  608K 1s
 12550K .......... .......... .......... .......... .......... 97% 1.11M 1s
 12600K .......... .......... .......... .......... .......... 98%  112K 1s
 12650K .......... .......... .......... .......... .......... 98%  121K 1s
 12700K .......... .......... .......... .......... .......... 98% 1.51M 0s
 12750K .......... .......... .......... .......... .......... 99%  198K 0s
 12800K .......... .......... .......... .......... .......... 99%  814K 0s
 12850K .......... .......... .......... ....                 100% 1.67M=39s

2016-05-25 03:39:59 (328 KB/s) - ‘index.html.13’ saved [13193358/13193358]

