--2016-05-25 01:47:57--  http://10.30.50.93:8000/
Connecting to 10.30.50.93:8000... connected.
HTTP request sent, awaiting response... 200 OK
Length: 13193358 (13M) [text/html]
Saving to: ‘index.html.13’

     0K .......... .......... .......... .......... ..........  0%  219K 59s
    50K .......... .......... .......... .......... ..........  0%  108K 88s
   100K .......... .......... .......... .......... ..........  1%  116K 95s
   150K .......... .......... .......... .......... ..........  1%  226K 85s
   200K .......... .......... .......... .......... ..........  1%  157K 84s
   250K .......... .......... .......... .......... ..........  2%  238K 79s
   300K .......... .......... .......... .......... ..........  2%  181K 77s
   350K .......... .......... .......... .......... ..........  3%  116K 81s
   400K .......... .......... .......... .......... ..........  3%  199K 78s
   450K .......... .......... .......... .......... ..........  3% 71.2K 88s
   500K .......... .......... .......... .......... ..........  4%  261K 84s
   550K .......... .......... .......... .......... ..........  4%  203K 81s
   600K .......... .......... .......... .......... ..........  5%  220K 79s
   650K .......... .......... .......... .......... ..........  5%  177K 78s
   700K .......... .......... .......... .......... ..........  5%  208K 76s
   750K .......... .......... .......... .......... ..........  6% 73.1K 82s
   800K .......... .......... .......... .......... ..........  6% 93.6K 84s
   850K .......... .......... .......... .......... ..........  6%  203K 82s
   900K .......... .......... .......... .......... ..........  7%  106K 84s
   950K .......... .......... .......... .......... ..........  7%  198K 82s
  1000K .......... .......... .......... .......... ..........  8%  174K 81s
  1050K .......... .......... .......... .......... ..........  8%  219K 80s
  1100K .......... .......... .......... .......... ..........  8%  199K 78s
  1150K .......... .......... .......... .......... ..........  9%  225K 77s
  1200K .......... .......... .......... .......... ..........  9%  208K 76s
  1250K .......... .......... .......... .......... .......... 10% 89.6K 78s
  1300K .......... .......... .......... .......... .......... 10% 44.6K 84s
  1350K .......... .......... .......... .......... .......... 10% 44.8K 90s
  1400K .......... .......... .......... .......... .......... 11%  203K 88s
  1450K .......... .......... .......... .......... .......... 11%  193K 87s
  1500K .......... .......... .......... .......... .......... 12%  253K 85s
  1550K .......... .......... .......... .......... .......... 12%  203K 84s
  1600K .......... .......... .......... .......... .......... 12%  238K 82s
  1650K .......... .......... .......... .......... .......... 13%  103K 83s
  1700K .......... .......... .......... .......... .......... 13% 68.3K 85s
  1750K .......... .......... .......... .......... .......... 13%  648K 82s
  1800K .......... .......... .......... .......... .......... 14%  208K 81s
  1850K .......... .......... .......... .......... .......... 14%  214K 80s
  1900K .......... .......... .......... .......... .......... 15%  225K 79s
  1950K .......... .......... .......... .......... .......... 15%  181K 78s
  2000K .......... .......... .......... .......... .......... 15%  167K 77s
  2050K .......... .......... .......... .......... .......... 16%  209K 77s
  2100K .......... .......... .......... .......... .......... 16%  166K 76s
  2150K .......... .......... .......... .......... .......... 17%  232K 75s
  2200K .......... .......... .......... .......... .......... 17%  105K 75s
  2250K .......... .......... .......... .......... .......... 17%  170K 74s
  2300K .......... .......... .......... .......... .......... 18%  198K 74s
  2350K .......... .......... .......... .......... .......... 18% 79.4K 75s
  2400K .......... .......... .......... .......... .......... 19%  167K 74s
  2450K .......... .......... .......... .......... .......... 19%  231K 73s
  2500K .......... .......... .......... .......... .......... 19%  202K 72s
  2550K .......... .......... .......... .......... .......... 20%  227K 71s
  2600K .......... .......... .......... .......... .......... 20% 57.4K 73s
  2650K .......... .......... .......... .......... .......... 20%  190K 72s
  2700K .......... .......... .......... .......... .......... 21%  181K 72s
  2750K .......... .......... .......... .......... .......... 21%  220K 71s
  2800K .......... .......... .......... .......... .......... 22%  194K 70s
  2850K .......... .......... .......... .......... .......... 22%  224K 69s
  2900K .......... .......... .......... .......... .......... 22%  246K 69s
  2950K .......... .......... .......... .......... .......... 23%  194K 68s
  3000K .......... .......... .......... .......... .......... 23%  219K 67s
  3050K .......... .......... .......... .......... .......... 24%  178K 67s
  3100K .......... .......... .......... .......... .......... 24%  163K 66s
  3150K .......... .......... .......... .......... .......... 24%  108K 66s
  3200K .......... .......... .......... .......... .......... 25%  208K 66s
  3250K .......... .......... .......... .......... .......... 25%  225K 65s
  3300K .......... .......... .......... .......... .......... 26%  213K 64s
  3350K .......... .......... .......... .......... .......... 26%  214K 64s
  3400K .......... .......... .......... .......... .......... 26%  232K 63s
  3450K .......... .......... .......... .......... .......... 27%  194K 63s
  3500K .......... .......... .......... .......... .......... 27%  261K 62s
  3550K .......... .......... .......... .......... .......... 27%  214K 61s
  3600K .......... .......... .......... .......... .......... 28%  213K 61s
  3650K .......... .......... .......... .......... .......... 28%  214K 60s
  3700K .......... .......... .......... .......... .......... 29%  189K 60s
  3750K .......... .......... .......... .......... .......... 29%  219K 59s
  3800K .......... .......... .......... .......... .......... 29%  181K 59s
  3850K .......... .......... .......... .......... .......... 30%  112K 59s
  3900K .......... .......... .......... .......... .......... 30%  194K 58s
  3950K .......... .......... .......... .......... .......... 31%  113K 58s
  4000K .......... .......... .......... .......... .......... 31%  198K 58s
  4050K .......... .......... .......... .......... .......... 31%  198K 57s
  4100K .......... .......... .......... .......... .......... 32% 52.4K 58s
  4150K .......... .......... .......... .......... .......... 32%  209K 58s
  4200K .......... .......... .......... .......... .......... 32%  208K 57s
  4250K .......... .......... .......... .......... .......... 33%  203K 57s
  4300K .......... .......... .......... .......... .......... 33%  194K 56s
  4350K .......... .......... .......... .......... .......... 34%  194K 56s
  4400K .......... .......... .......... .......... .......... 34%  244K 55s
  4450K .......... .......... .......... .......... .......... 34%  102K 55s
  4500K .......... .......... .......... .......... .......... 35%  232K 54s
  4550K .......... .......... .......... .......... .......... 35% 75.0K 55s
  4600K .......... .......... .......... .......... .......... 36%  108K 55s
  4650K .......... .......... .......... .......... .......... 36%  177K 54s
  4700K .......... .......... .......... .......... .......... 36%  199K 54s
  4750K .......... .......... .......... .......... .......... 37%  261K 53s
  4800K .......... .......... .......... .......... .......... 37%  225K 53s
  4850K .......... .......... .......... .......... .......... 38%  186K 52s
  4900K .......... .......... .......... .......... .......... 38%  110K 52s
  4950K .......... .......... .......... .......... .......... 38%  194K 52s
  5000K .......... .......... .......... .......... .......... 39%  189K 51s
  5050K .......... .......... .......... .......... .......... 39%  253K 51s
  5100K .......... .......... .......... .......... .......... 39%  174K 50s
  5150K .......... .......... .......... .......... .......... 40%  208K 50s
  5200K .......... .......... .......... .......... .......... 40%  204K 49s
  5250K .......... .......... .......... .......... .......... 41%  213K 49s
  5300K .......... .......... .......... .......... .......... 41%  170K 49s
  5350K .......... .......... .......... .......... .......... 41%  225K 48s
  5400K .......... .......... .......... .......... .......... 42%  189K 48s
  5450K .......... .......... .......... .......... .......... 42% 74.4K 48s
  5500K .......... .......... .......... .......... .......... 43%  214K 48s
  5550K .......... .......... .......... .......... .......... 43%  198K 47s
  5600K .......... .......... .......... .......... .......... 43%  198K 47s
  5650K .......... .......... .......... .......... .......... 44%  111K 47s
  5700K .......... .......... .......... .......... .......... 44%  184K 46s
  5750K .......... .......... .......... .......... .......... 45%  204K 46s
  5800K .......... .......... .......... .......... .......... 45%  189K 45s
  5850K .......... .......... .......... .......... .......... 45%  194K 45s
  5900K .......... .......... .......... .......... .......... 46%  170K 45s
  5950K .......... .......... .......... .......... .......... 46% 96.9K 44s
  6000K .......... .......... .......... .......... .......... 46%  220K 44s
  6050K .......... .......... .......... .......... .......... 47% 98.0K 44s
  6100K .......... .......... .......... .......... .......... 47%  111K 44s
  6150K .......... .......... .......... .......... .......... 48%  219K 43s
  6200K .......... .......... .......... .......... .......... 48%  170K 43s
  6250K .......... .......... .......... .......... .......... 48%  260K 42s
  6300K .......... .......... .......... .......... .......... 49% 56.7K 43s
  6350K .......... .......... .......... .......... .......... 49%  189K 42s
  6400K .......... .......... .......... .......... .......... 50%  110K 42s
  6450K .......... .......... .......... .......... .......... 50%  238K 42s
  6500K .......... .......... .......... .......... .......... 50%  208K 41s
  6550K .......... .......... .......... .......... .......... 51%  209K 41s
  6600K .......... .......... .......... .......... .......... 51%  198K 40s
  6650K .......... .......... .......... .......... .......... 52%  174K 40s
  6700K .......... .......... .......... .......... .......... 52%  194K 40s
  6750K .......... .......... .......... .......... .......... 52%  103K 40s
  6800K .......... .......... .......... .......... .......... 53%  102K 39s
  6850K .......... .......... .......... .......... .......... 53% 59.1K 40s
  6900K .......... .......... .......... .......... .......... 53% 44.6K 40s
  6950K .......... .......... .......... .......... .......... 54%  220K 39s
  7000K .......... .......... .......... .......... .......... 54%  189K 39s
  7050K .......... .......... .......... .......... .......... 55%  203K 39s
  7100K .......... .......... .......... .......... .......... 55%  103K 38s
  7150K .......... .......... .......... .......... .......... 55%  203K 38s
  7200K .......... .......... .......... .......... .......... 56%  219K 38s
  7250K .......... .......... .......... .......... .......... 56%  185K 37s
  7300K .......... .......... .......... .......... .......... 57%  157K 37s
  7350K .......... .......... .......... .......... .......... 57%  167K 37s
  7400K .......... .......... .......... .......... .......... 57% 99.1K 36s
  7450K .......... .......... .......... .......... .......... 58%  107K 36s
  7500K .......... .......... .......... .......... .......... 58%  219K 36s
  7550K .......... .......... .......... .......... .......... 58%  203K 35s
  7600K .......... .......... .......... .......... .......... 59% 45.8K 35s
  7650K .......... .......... .......... .......... .......... 59%  209K 35s
  7700K .......... .......... .......... .......... .......... 60%  231K 35s
  7750K .......... .......... .......... .......... .......... 60%  193K 34s
  7800K .......... .......... .......... .......... .......... 60%  214K 34s
  7850K .......... .......... .......... .......... .......... 61%  225K 33s
  7900K .......... .......... .......... .......... .......... 61%  181K 33s
  7950K .......... .......... .......... .......... .......... 62%  232K 33s
  8000K .......... .......... .......... .......... .......... 62%  194K 32s
  8050K .......... .......... .......... .......... .......... 62% 89.6K 32s
  8100K .......... .......... .......... .......... .......... 63%  214K 32s
  8150K .......... .......... .......... .......... .......... 63%  185K 31s
  8200K .......... .......... .......... .......... .......... 64%  253K 31s
  8250K .......... .......... .......... .......... .......... 64%  198K 31s
  8300K .......... .......... .......... .......... .......... 64%  198K 30s
  8350K .......... .......... .......... .......... .......... 65%  163K 30s
  8400K .......... .......... .......... .......... .......... 65%  181K 29s
  8450K .......... .......... .......... .......... .......... 65%  105K 29s
  8500K .......... .......... .......... .......... .......... 66%  111K 29s
  8550K .......... .......... .......... .......... .......... 66%  199K 29s
  8600K .......... .......... .......... .......... .......... 67%  198K 28s
  8650K .......... .......... .......... .......... .......... 67%  186K 28s
  8700K .......... .......... .......... .......... .......... 67%  225K 27s
  8750K .......... .......... .......... .......... .......... 68%  203K 27s
  8800K .......... .......... .......... .......... .......... 68%  194K 27s
  8850K .......... .......... .......... .......... .......... 69%  208K 26s
  8900K .......... .......... .......... .......... .......... 69%  220K 26s
  8950K .......... .......... .......... .......... .......... 69%  170K 26s
  9000K .......... .......... .......... .......... .......... 70%  214K 25s
  9050K .......... .......... .......... .......... .......... 70%  208K 25s
  9100K .......... .......... .......... .......... .......... 71%  116K 25s
  9150K .......... .......... .......... .......... .......... 71%  219K 24s
  9200K .......... .......... .......... .......... .......... 71%  203K 24s
  9250K .......... .......... .......... .......... .......... 72%  219K 23s
  9300K .......... .......... .......... .......... .......... 72%  199K 23s
  9350K .......... .......... .......... .......... .......... 72% 68.9K 23s
  9400K .......... .......... .......... .......... .......... 73%  108K 23s
  9450K .......... .......... .......... .......... .......... 73%  214K 22s
  9500K .......... .......... .......... .......... .......... 74%  237K 22s
  9550K .......... .......... .......... .......... .......... 74%  199K 22s
  9600K .......... .......... .......... .......... .......... 74%  225K 21s
  9650K .......... .......... .......... .......... .......... 75%  108K 21s
  9700K .......... .......... .......... .......... .......... 75%  208K 21s
  9750K .......... .......... .......... .......... .......... 76%  225K 20s
  9800K .......... .......... .......... .......... .......... 76%  214K 20s
  9850K .......... .......... .......... .......... .......... 76%  209K 19s
  9900K .......... .......... .......... .......... .......... 77%  174K 19s
  9950K .......... .......... .......... .......... .......... 77%  252K 19s
 10000K .......... .......... .......... .......... .......... 78%  208K 18s
 10050K .......... .......... .......... .......... .......... 78%  185K 18s
 10100K .......... .......... .......... .......... .......... 78%  137K 18s
 10150K .......... .......... .......... .......... .......... 79%  288K 17s
 10200K .......... .......... .......... .......... .......... 79%  231K 17s
 10250K .......... .......... .......... .......... .......... 79%  213K 17s
 10300K .......... .......... .......... .......... .......... 80% 95.9K 16s
 10350K .......... .......... .......... .......... .......... 80%  214K 16s
 10400K .......... .......... .......... .......... .......... 81%  108K 16s
 10450K .......... .......... .......... .......... .......... 81%  107K 16s
 10500K .......... .......... .......... .......... .......... 81%  225K 15s
 10550K .......... .......... .......... .......... .......... 82% 98.0K 15s
 10600K .......... .......... .......... .......... .......... 82%  203K 15s
 10650K .......... .......... .......... .......... .......... 83%  203K 14s
 10700K .......... .......... .......... .......... .......... 83%  100K 14s
 10750K .......... .......... .......... .......... .......... 83%  260K 14s
 10800K .......... .......... .......... .......... .......... 84%  220K 13s
 10850K .......... .......... .......... .......... .......... 84%  226K 13s
 10900K .......... .......... .......... .......... .......... 84%  203K 13s
 10950K .......... .......... .......... .......... .......... 85%  194K 12s
 11000K .......... .......... .......... .......... .......... 85%  208K 12s
 11050K .......... .......... .......... .......... .......... 86%  106K 12s
 11100K .......... .......... .......... .......... .......... 86%  219K 11s
 11150K .......... .......... .......... .......... .......... 86%  245K 11s
 11200K .......... .......... .......... .......... .......... 87%  225K 11s
 11250K .......... .......... .......... .......... .......... 87%  182K 10s
 11300K .......... .......... .......... .......... .......... 88%  208K 10s
 11350K .......... .......... .......... .......... .......... 88%  190K 10s
 11400K .......... .......... .......... .......... .......... 88%  214K 9s
 11450K .......... .......... .......... .......... .......... 89% 98.1K 9s
 11500K .......... .......... .......... .......... .......... 89% 98.0K 9s
 11550K .......... .......... .......... .......... .......... 90%  208K 8s
 11600K .......... .......... .......... .......... .......... 90%  208K 8s
 11650K .......... .......... .......... .......... .......... 90%  185K 8s
 11700K .......... .......... .......... .......... .......... 91%  232K 7s
 11750K .......... .......... .......... .......... .......... 91%  237K 7s
 11800K .......... .......... .......... .......... .......... 91%  185K 7s
 11850K .......... .......... .......... .......... .......... 92% 46.0K 6s
 11900K .......... .......... .......... .......... .......... 92%  226K 6s
 11950K .......... .......... .......... .......... .......... 93%  226K 6s
 12000K .......... .......... .......... .......... .......... 93%  208K 5s
 12050K .......... .......... .......... .......... .......... 93%  105K 5s
 12100K .......... .......... .......... .......... .......... 94%  194K 5s
 12150K .......... .......... .......... .......... .......... 94%  190K 4s
 12200K .......... .......... .......... .......... .......... 95%  194K 4s
 12250K .......... .......... .......... .......... .......... 95%  268K 4s
 12300K .......... .......... .......... .......... .......... 95%  194K 3s
 12350K .......... .......... .......... .......... .......... 96%  245K 3s
 12400K .......... .......... .......... .......... .......... 96% 72.4K 3s
 12450K .......... .......... .......... .......... .......... 97%  177K 2s
 12500K .......... .......... .......... .......... .......... 97%  189K 2s
 12550K .......... .......... .......... .......... .......... 97%  219K 2s
 12600K .......... .......... .......... .......... .......... 98% 94.6K 2s
 12650K .......... .......... .......... .......... .......... 98%  103K 1s
 12700K .......... .......... .......... .......... .......... 98%  225K 1s
 12750K .......... .......... .......... .......... .......... 99% 66.7K 1s
 12800K .......... .......... .......... .......... .......... 99%  238K 0s
 12850K .......... .......... .......... ....                 100%  227K=84s

2016-05-25 01:49:21 (154 KB/s) - ‘index.html.13’ saved [13193358/13193358]

