--2016-05-25 04:09:28--  http://10.30.50.93:8000/
Connecting to 10.30.50.93:8000... connected.
HTTP request sent, awaiting response... 200 OK
Length: 13193358 (13M) [text/html]
Saving to: ‘index.html.16’

     0K .......... .......... .......... .......... ..........  0% 5.07M 2s
    50K .......... .......... .......... .......... ..........  0% 4.69M 3s
   100K .......... .......... .......... .......... ..........  1% 2.33M 3s
   150K .......... .......... .......... .......... ..........  1% 59.0K 56s
   200K .......... .......... .......... .......... ..........  1% 1.36M 47s
   250K .......... .......... .......... .......... ..........  2%  111K 58s
   300K .......... .......... .......... .......... ..........  2% 1.36M 50s
   350K .......... .......... .......... .......... ..........  3% 79.1K 64s
   400K .......... .......... .......... .......... ..........  3%  197K 63s
   450K .......... .......... .......... .......... ..........  3% 78.4K 73s
   500K .......... .......... .......... .......... ..........  4% 1.10M 67s
   550K .......... .......... .......... .......... ..........  4%  115K 70s
   600K .......... .......... .......... .......... ..........  5% 1.25M 65s
   650K .......... .......... .......... .......... ..........  5%  193K 65s
   700K .......... .......... .......... .......... ..........  5%  966K 61s
   750K .......... .......... .......... .......... ..........  6%  212K 60s
   800K .......... .......... .......... .......... ..........  6%  106K 63s
   850K .......... .......... .......... .......... ..........  6% 1.00M 60s
   900K .......... .......... .......... .......... ..........  7%  815K 57s
   950K .......... .......... .......... .......... ..........  7%  194K 57s
  1000K .......... .......... .......... .......... ..........  8%  208K 57s
  1050K .......... .......... .......... .......... ..........  8% 1.60M 55s
  1100K .......... .......... .......... .......... ..........  8% 1.31M 52s
  1150K .......... .......... .......... .......... ..........  9% 1.09M 51s
  1200K .......... .......... .......... .......... ..........  9%  207K 51s
  1250K .......... .......... .......... .......... .......... 10% 1.38M 49s
  1300K .......... .......... .......... .......... .......... 10%  114K 50s
  1350K .......... .......... .......... .......... .......... 10%  207K 50s
  1400K .......... .......... .......... .......... .......... 11% 1.12M 49s
  1450K .......... .......... .......... .......... .......... 11% 75.8K 52s
  1500K .......... .......... .......... .......... .......... 12% 1.50M 50s
  1550K .......... .......... .......... .......... .......... 12% 1.29M 49s
  1600K .......... .......... .......... .......... .......... 12% 1.26M 47s
  1650K .......... .......... .......... .......... .......... 13% 1.51M 46s
  1700K .......... .......... .......... .......... .......... 13% 1.04M 45s
  1750K .......... .......... .......... .......... .......... 13%  200K 45s
  1800K .......... .......... .......... .......... .......... 14% 14.3K 64s
  1850K .......... .......... .......... .......... .......... 14% 2.91M 63s
  1900K .......... .......... .......... .......... .......... 15% 57.6K 65s
  1950K .......... .......... .......... .......... .......... 15% 1.02M 64s
  2000K .......... .......... .......... .......... .......... 15%  881K 62s
  2050K .......... .......... .......... .......... .......... 16%  192K 62s
  2100K .......... .......... .......... .......... .......... 16%  188K 61s
  2150K .......... .......... .......... .......... .......... 17%  209K 61s
  2200K .......... .......... .......... .......... .......... 17%  191K 61s
  2250K .......... .......... .......... .......... .......... 17% 1.15M 59s
  2300K .......... .......... .......... .......... .......... 18%  200K 59s
  2350K .......... .......... .......... .......... .......... 18% 1.04M 57s
  2400K .......... .......... .......... .......... .......... 19%  109K 58s
  2450K .......... .......... .......... .......... .......... 19% 76.6K 59s
  2500K .......... .......... .......... .......... .......... 19%  199K 59s
  2550K .......... .......... .......... .......... .......... 20%  204K 58s
  2600K .......... .......... .......... .......... .......... 20%  112K 59s
  2650K .......... .......... .......... .......... .......... 20%  194K 58s
  2700K .......... .......... .......... .......... .......... 21%  203K 58s
  2750K .......... .......... .......... .......... .......... 21%  197K 57s
  2800K .......... .......... .......... .......... .......... 22%  208K 57s
  2850K .......... .......... .......... .......... .......... 22%  203K 57s
  2900K .......... .......... .......... .......... .......... 22%  116K 57s
  2950K .......... .......... .......... .......... .......... 23% 1.04M 56s
  3000K .......... .......... .......... .......... .......... 23% 1.07M 55s
  3050K .......... .......... .......... .......... .......... 24%  212K 54s
  3100K .......... .......... .......... .......... .......... 24% 1.09M 53s
  3150K .......... .......... .......... .......... .......... 24%  200K 53s
  3200K .......... .......... .......... .......... .......... 25%  193K 53s
  3250K .......... .......... .......... .......... .......... 25% 1018K 52s
  3300K .......... .......... .......... .......... .......... 26% 57.7K 53s
  3350K .......... .......... .......... .......... .......... 26%  821K 52s
  3400K .......... .......... .......... .......... .......... 26%  194K 52s
  3450K .......... .......... .......... .......... .......... 27%  852K 51s
  3500K .......... .......... .......... .......... .......... 27%  203K 51s
  3550K .......... .......... .......... .......... .......... 27%  886K 50s
  3600K .......... .......... .......... .......... .......... 28%  958K 49s
  3650K .......... .......... .......... .......... .......... 28% 1.04M 48s
  3700K .......... .......... .......... .......... .......... 29%  115K 48s
  3750K .......... .......... .......... .......... .......... 29%  109K 49s
  3800K .......... .......... .......... .......... .......... 29%  197K 48s
  3850K .......... .......... .......... .......... .......... 30%  202K 48s
  3900K .......... .......... .......... .......... .......... 30% 1.27M 47s
  3950K .......... .......... .......... .......... .......... 31% 1.46M 46s
  4000K .......... .......... .......... .......... .......... 31%  198K 46s
  4050K .......... .......... .......... .......... .......... 31%  113K 46s
  4100K .......... .......... .......... .......... .......... 32%  997K 46s
  4150K .......... .......... .......... .......... .......... 32% 1.03M 45s
  4200K .......... .......... .......... .......... .......... 32%  926K 44s
  4250K .......... .......... .......... .......... .......... 33% 1.11M 44s
  4300K .......... .......... .......... .......... .......... 33% 1012K 43s
  4350K .......... .......... .......... .......... .......... 34%  793K 42s
  4400K .......... .......... .......... .......... .......... 34%  210K 42s
  4450K .......... .......... .......... .......... .......... 34%  199K 42s
  4500K .......... .......... .......... .......... .......... 35%  195K 42s
  4550K .......... .......... .......... .......... .......... 35%  183K 41s
  4600K .......... .......... .......... .......... .......... 36% 1.12M 41s
  4650K .......... .......... .......... .......... .......... 36% 1.18M 40s
  4700K .......... .......... .......... .......... .......... 36%  204K 40s
  4750K .......... .......... .......... .......... .......... 37% 58.1K 41s
  4800K .......... .......... .......... .......... .......... 37% 1.27M 40s
  4850K .......... .......... .......... .......... .......... 38%  768K 40s
  4900K .......... .......... .......... .......... .......... 38%  189K 39s
  4950K .......... .......... .......... .......... .......... 38% 1.07M 39s
  5000K .......... .......... .......... .......... .......... 39% 1.03M 38s
  5050K .......... .......... .......... .......... .......... 39% 1.41M 38s
  5100K .......... .......... .......... .......... .......... 39% 1.45M 37s
  5150K .......... .......... .......... .......... .......... 40%  946K 37s
  5200K .......... .......... .......... .......... .......... 40%  198K 36s
  5250K .......... .......... .......... .......... .......... 41%  106K 36s
  5300K .......... .......... .......... .......... .......... 41%  211K 36s
  5350K .......... .......... .......... .......... .......... 41%  185K 36s
  5400K .......... .......... .......... .......... .......... 42%  788K 35s
  5450K .......... .......... .......... .......... .......... 42%  108K 36s
  5500K .......... .......... .......... .......... .......... 43%  110K 36s
  5550K .......... .......... .......... .......... .......... 43% 1.15M 35s
  5600K .......... .......... .......... .......... .......... 43% 1.09M 35s
  5650K .......... .......... .......... .......... .......... 44% 56.7K 35s
  5700K .......... .......... .......... .......... .......... 44%  200K 35s
  5750K .......... .......... .......... .......... .......... 45%  111K 35s
  5800K .......... .......... .......... .......... .......... 45%  205K 35s
  5850K .......... .......... .......... .......... .......... 45%  863K 34s
  5900K .......... .......... .......... .......... .......... 46% 1.14M 34s
  5950K .......... .......... .......... .......... .......... 46%  198K 34s
  6000K .......... .......... .......... .......... .......... 46%  916K 33s
  6050K .......... .......... .......... .......... .......... 47% 1.06M 33s
  6100K .......... .......... .......... .......... .......... 47%  194K 32s
  6150K .......... .......... .......... .......... .......... 48% 76.0K 33s
  6200K .......... .......... .......... .......... .......... 48%  118K 33s
  6250K .......... .......... .......... .......... .......... 48%  184K 32s
  6300K .......... .......... .......... .......... .......... 49% 1.01M 32s
  6350K .......... .......... .......... .......... .......... 49% 1.05M 31s
  6400K .......... .......... .......... .......... .......... 50% 58.5K 32s
  6450K .......... .......... .......... .......... .......... 50%  206K 32s
  6500K .......... .......... .......... .......... .......... 50%  205K 31s
  6550K .......... .......... .......... .......... .......... 51%  983K 31s
  6600K .......... .......... .......... .......... .......... 51% 1.15M 30s
  6650K .......... .......... .......... .......... .......... 52% 1.26M 30s
  6700K .......... .......... .......... .......... .......... 52% 1.17M 30s
  6750K .......... .......... .......... .......... .......... 52% 1.11M 29s
  6800K .......... .......... .......... .......... .......... 53%  923K 29s
  6850K .......... .......... .......... .......... .......... 53% 1022K 28s
  6900K .......... .......... .......... .......... .......... 53% 14.3K 31s
  6950K .......... .......... .......... .......... .......... 54% 1.23M 30s
  7000K .......... .......... .......... .......... .......... 54%  215K 30s
  7050K .......... .......... .......... .......... .......... 55%  114K 30s
  7100K .......... .......... .......... .......... .......... 55% 2.03M 30s
  7150K .......... .......... .......... .......... .......... 55%  201K 29s
  7200K .......... .......... .......... .......... .......... 56%  111K 29s
  7250K .......... .......... .......... .......... .......... 56% 5.07M 29s
  7300K .......... .......... .......... .......... .......... 57%  842K 28s
  7350K .......... .......... .......... .......... .......... 57%  185K 28s
  7400K .......... .......... .......... .......... .......... 57%  201K 28s
  7450K .......... .......... .......... .......... .......... 58%  195K 28s
  7500K .......... .......... .......... .......... .......... 58% 1023K 27s
  7550K .......... .......... .......... .......... .......... 58% 1.22M 27s
  7600K .......... .......... .......... .......... .......... 59% 1.05M 26s
  7650K .......... .......... .......... .......... .......... 59% 1.22M 26s
  7700K .......... .......... .......... .......... .......... 60%  200K 26s
  7750K .......... .......... .......... .......... .......... 60% 1.18M 25s
  7800K .......... .......... .......... .......... .......... 60% 47.5K 26s
  7850K .......... .......... .......... .......... .......... 61%  110K 26s
  7900K .......... .......... .......... .......... .......... 61%  113K 25s
  7950K .......... .......... .......... .......... .......... 62%  112K 25s
  8000K .......... .......... .......... .......... .......... 62%  208K 25s
  8050K .......... .......... .......... .......... .......... 62% 1.08M 25s
  8100K .......... .......... .......... .......... .......... 63% 1.11M 24s
  8150K .......... .......... .......... .......... .......... 63% 1.11M 24s
  8200K .......... .......... .......... .......... .......... 64% 1.28M 23s
  8250K .......... .......... .......... .......... .......... 64%  783K 23s
  8300K .......... .......... .......... .......... .......... 64%  197K 23s
  8350K .......... .......... .......... .......... .......... 65%  194K 23s
  8400K .......... .......... .......... .......... .......... 65% 1.07M 22s
  8450K .......... .......... .......... .......... .......... 65%  198K 22s
  8500K .......... .......... .......... .......... .......... 66% 1.05M 22s
  8550K .......... .......... .......... .......... .......... 66% 72.6K 22s
  8600K .......... .......... .......... .......... .......... 67% 1.10M 21s
  8650K .......... .......... .......... .......... .......... 67%  209K 21s
  8700K .......... .......... .......... .......... .......... 67%  192K 21s
  8750K .......... .......... .......... .......... .......... 68%  199K 20s
  8800K .......... .......... .......... .......... .......... 68% 1.03M 20s
  8850K .......... .......... .......... .......... .......... 69% 72.2K 20s
  8900K .......... .......... .......... .......... .......... 69%  798K 20s
  8950K .......... .......... .......... .......... .......... 69% 1.45M 19s
  9000K .......... .......... .......... .......... .......... 70% 1.14M 19s
  9050K .......... .......... .......... .......... .......... 70%  172K 19s
  9100K .......... .......... .......... .......... .......... 71% 1.22M 19s
  9150K .......... .......... .......... .......... .......... 71% 1.09M 18s
  9200K .......... .......... .......... .......... .......... 71% 76.6K 18s
  9250K .......... .......... .......... .......... .......... 72% 1.19M 18s
  9300K .......... .......... .......... .......... .......... 72% 1.01M 17s
  9350K .......... .......... .......... .......... .......... 72%  190K 17s
  9400K .......... .......... .......... .......... .......... 73% 1.36M 17s
  9450K .......... .......... .......... .......... .......... 73%  211K 17s
  9500K .......... .......... .......... .......... .......... 74% 1019K 16s
  9550K .......... .......... .......... .......... .......... 74% 16.1K 17s
  9600K .......... .......... .......... .......... .......... 74%  203K 17s
  9650K .......... .......... .......... .......... .......... 75% 1022K 16s
  9700K .......... .......... .......... .......... .......... 75%  192K 16s
  9750K .......... .......... .......... .......... .......... 76%  940K 16s
  9800K .......... .......... .......... .......... .......... 76% 58.0K 16s
  9850K .......... .......... .......... .......... .......... 76% 1.33M 15s
  9900K .......... .......... .......... .......... .......... 77% 1.22M 15s
  9950K .......... .......... .......... .......... .......... 77%  169K 15s
 10000K .......... .......... .......... .......... .......... 78% 1.17M 15s
 10050K .......... .......... .......... .......... .......... 78%  999K 14s
 10100K .......... .......... .......... .......... .......... 78%  110K 14s
 10150K .......... .......... .......... .......... .......... 79% 1.05M 14s
 10200K .......... .......... .......... .......... .......... 79%  201K 13s
 10250K .......... .......... .......... .......... .......... 79% 1.15M 13s
 10300K .......... .......... .......... .......... .......... 80% 33.8K 13s
 10350K .......... .......... .......... .......... .......... 80% 29.6K 13s
 10400K .......... .......... .......... .......... .......... 81% 33.7K 13s
 10450K .......... .......... .......... .......... .......... 81% 1.09M 13s
 10500K .......... .......... .......... .......... .......... 81%  192K 13s
 10550K .......... .......... .......... .......... .......... 82%  979K 12s
 10600K .......... .......... .......... .......... .......... 82% 1.25M 12s
 10650K .......... .......... .......... .......... .......... 83%  113K 12s
 10700K .......... .......... .......... .......... .......... 83%  197K 12s
 10750K .......... .......... .......... .......... .......... 83%  206K 11s
 10800K .......... .......... .......... .......... .......... 84% 1.63M 11s
 10850K .......... .......... .......... .......... .......... 84%  195K 11s
 10900K .......... .......... .......... .......... .......... 84% 1.43M 10s
 10950K .......... .......... .......... .......... .......... 85%  113K 10s
 11000K .......... .......... .......... .......... .......... 85%  976K 10s
 11050K .......... .......... .......... .......... .......... 86%  805K 10s
 11100K .......... .......... .......... .......... .......... 86% 1.24M 9s
 11150K .......... .......... .......... .......... .......... 86% 1.06M 9s
 11200K .......... .......... .......... .......... .......... 87% 23.9K 9s
 11250K .......... .......... .......... .......... .......... 87%  742K 9s
 11300K .......... .......... .......... .......... .......... 88%  200K 8s
 11350K .......... .......... .......... .......... .......... 88%  947K 8s
 11400K .......... .......... .......... .......... .......... 88% 1.23M 8s
 11450K .......... .......... .......... .......... .......... 89%  200K 7s
 11500K .......... .......... .......... .......... .......... 89%  211K 7s
 11550K .......... .......... .......... .......... .......... 90%  194K 7s
 11600K .......... .......... .......... .......... .......... 90%  930K 7s
 11650K .......... .......... .......... .......... .......... 90% 1.05M 6s
 11700K .......... .......... .......... .......... .......... 91%  903K 6s
 11750K .......... .......... .......... .......... .......... 91%  965K 6s
 11800K .......... .......... .......... .......... .......... 91%  195K 6s
 11850K .......... .......... .......... .......... .......... 92%  209K 5s
 11900K .......... .......... .......... .......... .......... 92%  115K 5s
 11950K .......... .......... .......... .......... .......... 93%  201K 5s
 12000K .......... .......... .......... .......... .......... 93%  213K 4s
 12050K .......... .......... .......... .......... .......... 93%  111K 4s
 12100K .......... .......... .......... .......... .......... 94% 1.03M 4s
 12150K .......... .......... .......... .......... .......... 94% 1.24M 4s
 12200K .......... .......... .......... .......... .......... 95% 1.00M 3s
 12250K .......... .......... .......... .......... .......... 95%  194K 3s
 12300K .......... .......... .......... .......... .......... 95%  106K 3s
 12350K .......... .......... .......... .......... .......... 96% 46.7K 3s
 12400K .......... .......... .......... .......... .......... 96%  208K 2s
 12450K .......... .......... .......... .......... .......... 97%  989K 2s
 12500K .......... .......... .......... .......... .......... 97%  983K 2s
 12550K .......... .......... .......... .......... .......... 97%  207K 2s
 12600K .......... .......... .......... .......... .......... 98% 1.06M 1s
 12650K .......... .......... .......... .......... .......... 98%  196K 1s
 12700K .......... .......... .......... .......... .......... 98% 1.06M 1s
 12750K .......... .......... .......... .......... .......... 99%  109K 0s
 12800K .......... .......... .......... .......... .......... 99%  118K 0s
 12850K .......... .......... .......... ....                 100%  154K=69s

2016-05-25 04:10:37 (187 KB/s) - ‘index.html.16’ saved [13193358/13193358]

