--2016-05-25 02:27:44--  http://10.30.50.93:8000/
Connecting to 10.30.50.93:8000... connected.
HTTP request sent, awaiting response... 200 OK
Length: 13193358 (13M) [text/html]
Saving to: ‘index.html.7’

     0K .......... .......... .......... .......... ..........  0%  475K 27s
    50K .......... .......... .......... .......... ..........  0%  341K 32s
   100K .......... .......... .......... .......... ..........  1%  643K 28s
   150K .......... .......... .......... .......... ..........  1%  475K 28s
   200K .......... .......... .......... .......... ..........  1%  452K 28s
   250K .......... .......... .......... .......... ..........  2%  450K 28s
   300K .......... .......... .......... .......... ..........  2%  428K 28s
   350K .......... .......... .......... .......... ..........  3%  486K 27s
   400K .......... .......... .......... .......... ..........  3%  430K 27s
   450K .......... .......... .......... .......... ..........  3%  388K 28s
   500K .......... .......... .......... .......... ..........  4%  501K 27s
   550K .......... .......... .......... .......... ..........  4%  477K 27s
   600K .......... .......... .......... .......... ..........  5%  475K 27s
   650K .......... .......... .......... .......... ..........  5%  417K 27s
   700K .......... .......... .......... .......... ..........  5%  462K 27s
   750K .......... .......... .......... .......... ..........  6%  407K 27s
   800K .......... .......... .......... .......... ..........  6%  505K 27s
   850K .......... .......... .......... .......... ..........  6%  408K 27s
   900K .......... .......... .......... .......... ..........  7%  477K 26s
   950K .......... .......... .......... .......... ..........  7%  447K 26s
  1000K .......... .......... .......... .......... ..........  8%  430K 26s
  1050K .......... .......... .......... .......... ..........  8%  438K 26s
  1100K .......... .......... .......... .......... ..........  8%  418K 26s
  1150K .......... .......... .......... .......... ..........  9%  506K 26s
  1200K .......... .......... .......... .......... ..........  9%  450K 26s
  1250K .......... .......... .......... .......... .......... 10%  436K 26s
  1300K .......... .......... .......... .......... .......... 10%  476K 26s
  1350K .......... .......... .......... .......... .......... 10%  451K 26s
  1400K .......... .......... .......... .......... .......... 11%  478K 25s
  1450K .......... .......... .......... .......... .......... 11%  450K 25s
  1500K .......... .......... .......... .......... .......... 12%  405K 25s
  1550K .......... .......... .......... .......... .......... 12%  463K 25s
  1600K .......... .......... .......... .......... .......... 12%  465K 25s
  1650K .......... .......... .......... .......... .......... 13%  451K 25s
  1700K .......... .......... .......... .......... .......... 13%  473K 25s
  1750K .......... .......... .......... .......... .......... 13%  397K 25s
  1800K .......... .......... .......... .......... .......... 14%  488K 25s
  1850K .......... .......... .......... .......... .......... 14%  509K 24s
  1900K .......... .......... .......... .......... .......... 15%  369K 24s
  1950K .......... .......... .......... .......... .......... 15%  479K 24s
  2000K .......... .......... .......... .......... .......... 15%  437K 24s
  2050K .......... .......... .......... .......... .......... 16%  465K 24s
  2100K .......... .......... .......... .......... .......... 16%  425K 24s
  2150K .......... .......... .......... .......... .......... 17%  491K 24s
  2200K .......... .......... .......... .......... .......... 17%  387K 24s
  2250K .......... .......... .......... .......... .......... 17%  508K 24s
  2300K .......... .......... .......... .......... .......... 18%  463K 23s
  2350K .......... .......... .......... .......... .......... 18%  438K 23s
  2400K .......... .......... .......... .......... .......... 19%  417K 23s
  2450K .......... .......... .......... .......... .......... 19%  437K 23s
  2500K .......... .......... .......... .......... .......... 19%  388K 23s
  2550K .......... .......... .......... .......... .......... 20%  575K 23s
  2600K .......... .......... .......... .......... .......... 20%  371K 23s
  2650K .......... .......... .......... .......... .......... 20%  464K 23s
  2700K .......... .......... .......... .......... .......... 21%  379K 23s
  2750K .......... .......... .......... .......... .......... 21%  378K 23s
  2800K .......... .......... .......... .......... .......... 22%  539K 22s
  2850K .......... .......... .......... .......... .......... 22%  477K 22s
  2900K .......... .......... .......... .......... .......... 22%  449K 22s
  2950K .......... .......... .......... .......... .......... 23%  476K 22s
  3000K .......... .......... .......... .......... .......... 23%  452K 22s
  3050K .......... .......... .......... .......... .......... 24%  472K 22s
  3100K .......... .......... .......... .......... .......... 24%  431K 22s
  3150K .......... .......... .......... .......... .......... 24%  415K 22s
  3200K .......... .......... .......... .......... .......... 25%  440K 22s
  3250K .......... .......... .......... .......... .......... 25%  438K 21s
  3300K .......... .......... .......... .......... .......... 26%  451K 21s
  3350K .......... .......... .......... .......... .......... 26%  451K 21s
  3400K .......... .......... .......... .......... .......... 26%  396K 21s
  3450K .......... .......... .......... .......... .......... 27%  474K 21s
  3500K .......... .......... .......... .......... .......... 27%  420K 21s
  3550K .......... .......... .......... .......... .......... 27%  472K 21s
  3600K .......... .......... .......... .......... .......... 28%  452K 21s
  3650K .......... .......... .......... .......... .......... 28%  416K 21s
  3700K .......... .......... .......... .......... .......... 29%  304K 21s
  3750K .......... .......... .......... .......... .......... 29%  520K 20s
  3800K .......... .......... .......... .......... .......... 29%  461K 20s
  3850K .......... .......... .......... .......... .......... 30%  440K 20s
  3900K .......... .......... .......... .......... .......... 30%  462K 20s
  3950K .......... .......... .......... .......... .......... 31%  477K 20s
  4000K .......... .......... .......... .......... .......... 31%  451K 20s
  4050K .......... .......... .......... .......... .......... 31%  416K 20s
  4100K .......... .......... .......... .......... .......... 32%  388K 20s
  4150K .......... .......... .......... .......... .......... 32%  523K 20s
  4200K .......... .......... .......... .......... .......... 32%  369K 19s
  4250K .......... .......... .......... .......... .......... 33%  451K 19s
  4300K .......... .......... .......... .......... .......... 33%  451K 19s
  4350K .......... .......... .......... .......... .......... 34%  538K 19s
  4400K .......... .......... .......... .......... .......... 34%  448K 19s
  4450K .......... .......... .......... .......... .......... 34%  451K 19s
  4500K .......... .......... .......... .......... .......... 35%  427K 19s
  4550K .......... .......... .......... .......... .......... 35%  452K 19s
  4600K .......... .......... .......... .......... .......... 36%  405K 19s
  4650K .......... .......... .......... .......... .......... 36%  522K 18s
  4700K .......... .......... .......... .......... .......... 36%  438K 18s
  4750K .......... .......... .......... .......... .......... 37%  450K 18s
  4800K .......... .......... .......... .......... .......... 37%  451K 18s
  4850K .......... .......... .......... .......... .......... 38%  464K 18s
  4900K .......... .......... .......... .......... .......... 38%  439K 18s
  4950K .......... .......... .......... .......... .......... 38%  463K 18s
  5000K .......... .......... .......... .......... .......... 39%  427K 18s
  5050K .......... .......... .......... .......... .......... 39%  462K 17s
  5100K .......... .......... .......... .......... .......... 39%  417K 17s
  5150K .......... .......... .......... .......... .......... 40%  449K 17s
  5200K .......... .......... .......... .......... .......... 40%  109K 18s
  5250K .......... .......... .......... .......... .......... 41% 5.61M 17s
  5300K .......... .......... .......... .......... .......... 41%  465K 17s
  5350K .......... .......... .......... .......... .......... 41%  437K 17s
  5400K .......... .......... .......... .......... .......... 42%  379K 17s
  5450K .......... .......... .......... .......... .......... 42%  437K 17s
  5500K .......... .......... .......... .......... .......... 43%  418K 17s
  5550K .......... .......... .......... .......... .......... 43%  477K 17s
  5600K .......... .......... .......... .......... .......... 43%  416K 17s
  5650K .......... .......... .......... .......... .......... 44%  452K 16s
  5700K .......... .......... .......... .......... .......... 44%  437K 16s
  5750K .......... .......... .......... .......... .......... 45%  453K 16s
  5800K .......... .......... .......... .......... .......... 45%  450K 16s
  5850K .......... .......... .......... .......... .......... 45%  449K 16s
  5900K .......... .......... .......... .......... .......... 46%  428K 16s
  5950K .......... .......... .......... .......... .......... 46%  378K 16s
  6000K .......... .......... .......... .......... .......... 46%  464K 16s
  6050K .......... .......... .......... .......... .......... 47%  505K 16s
  6100K .......... .......... .......... .......... .......... 47%  397K 15s
  6150K .......... .......... .......... .......... .......... 48%  522K 15s
  6200K .......... .......... .......... .......... .......... 48%  417K 15s
  6250K .......... .......... .......... .......... .......... 48%  459K 15s
  6300K .......... .......... .......... .......... .......... 49%  463K 15s
  6350K .......... .......... .......... .......... .......... 49%  441K 15s
  6400K .......... .......... .......... .......... .......... 50%  378K 15s
  6450K .......... .......... .......... .......... .......... 50%  594K 15s
  6500K .......... .......... .......... .......... .......... 50%  441K 14s
  6550K .......... .......... .......... .......... .......... 51%  438K 14s
  6600K .......... .......... .......... .......... .......... 51%  388K 14s
  6650K .......... .......... .......... .......... .......... 52%  536K 14s
  6700K .......... .......... .......... .......... .......... 52%  426K 14s
  6750K .......... .......... .......... .......... .......... 52%  441K 14s
  6800K .......... .......... .......... .......... .......... 53%  369K 14s
  6850K .......... .......... .......... .......... .......... 53%  508K 14s
  6900K .......... .......... .......... .......... .......... 53%  437K 14s
  6950K .......... .......... .......... .......... .......... 54%  461K 13s
  7000K .......... .......... .......... .......... .......... 54%  430K 13s
  7050K .......... .......... .......... .......... .......... 55%  487K 13s
  7100K .......... .......... .......... .......... .......... 55%  408K 13s
  7150K .......... .......... .......... .......... .......... 55%  450K 13s
  7200K .......... .......... .......... .......... .......... 56%  462K 13s
  7250K .......... .......... .......... .......... .......... 56%  379K 13s
  7300K .......... .......... .......... .......... .......... 57%  449K 13s
  7350K .......... .......... .......... .......... .......... 57%  521K 13s
  7400K .......... .......... .......... .......... .......... 57%  477K 12s
  7450K .......... .......... .......... .......... .......... 58%  389K 12s
  7500K .......... .......... .......... .......... .......... 58%  575K 12s
  7550K .......... .......... .......... .......... .......... 58%  397K 12s
  7600K .......... .......... .......... .......... .......... 59%  451K 12s
  7650K .......... .......... .......... .......... .......... 59%  450K 12s
  7700K .......... .......... .......... .......... .......... 60%  451K 12s
  7750K .......... .......... .......... .......... .......... 60%  463K 12s
  7800K .......... .......... .......... .......... .......... 60%  440K 11s
  7850K .......... .......... .......... .......... .......... 61%  369K 11s
  7900K .......... .......... .......... .......... .......... 61%  490K 11s
  7950K .......... .......... .......... .......... .......... 62%  476K 11s
  8000K .......... .......... .......... .......... .......... 62%  438K 11s
  8050K .......... .......... .......... .......... .......... 62%  451K 11s
  8100K .......... .......... .......... .......... .......... 63%  408K 11s
  8150K .......... .......... .......... .......... .......... 63%  474K 11s
  8200K .......... .......... .......... .......... .......... 64%  441K 11s
  8250K .......... .......... .......... .......... .......... 64%  425K 10s
  8300K .......... .......... .......... .......... .......... 64%  465K 10s
  8350K .......... .......... .......... .......... .......... 65%  461K 10s
  8400K .......... .......... .......... .......... .......... 65%  452K 10s
  8450K .......... .......... .......... .......... .......... 65%  438K 10s
  8500K .......... .......... .......... .......... .......... 66%  476K 10s
  8550K .......... .......... .......... .......... .......... 66%  427K 10s
  8600K .......... .......... .......... .......... .......... 67%  464K 10s
  8650K .......... .......... .......... .......... .......... 67%  464K 10s
  8700K .......... .......... .......... .......... .......... 67%  460K 9s
  8750K .......... .......... .......... .......... .......... 68%  451K 9s
  8800K .......... .......... .......... .......... .......... 68%  387K 9s
  8850K .......... .......... .......... .......... .......... 69%  440K 9s
  8900K .......... .......... .......... .......... .......... 69%  462K 9s
  8950K .......... .......... .......... .......... .......... 69%  477K 9s
  9000K .......... .......... .......... .......... .......... 70%  451K 9s
  9050K .......... .......... .......... .......... .......... 70%  462K 9s
  9100K .......... .......... .......... .......... .......... 71%  477K 8s
  9150K .......... .......... .......... .......... .......... 71%  426K 8s
  9200K .......... .......... .......... .......... .......... 71%  429K 8s
  9250K .......... .......... .......... .......... .......... 72%  414K 8s
  9300K .......... .......... .......... .......... .......... 72%  441K 8s
  9350K .......... .......... .......... .......... .......... 72%  450K 8s
  9400K .......... .......... .......... .......... .......... 73%  438K 8s
  9450K .......... .......... .......... .......... .......... 73%  429K 8s
  9500K .......... .......... .......... .......... .......... 74%  148K 8s
  9550K .......... .......... .......... .......... .......... 74%  448K 8s
  9600K .......... .......... .......... .......... .......... 74%  452K 7s
  9650K .......... .......... .......... .......... .......... 75%  387K 7s
  9700K .......... .......... .......... .......... .......... 75%  438K 7s
  9750K .......... .......... .......... .......... .......... 76%  476K 7s
  9800K .......... .......... .......... .......... .......... 76%  467K 7s
  9850K .......... .......... .......... .......... .......... 76%  416K 7s
  9900K .......... .......... .......... .......... .......... 77%  394K 7s
  9950K .......... .......... .......... .......... .......... 77%  464K 7s
 10000K .......... .......... .......... .......... .......... 78%  440K 7s
 10050K .......... .......... .......... .......... .......... 78%  165K 6s
 10100K .......... .......... .......... .......... .......... 78%  397K 6s
 10150K .......... .......... .......... .......... .......... 79%  397K 6s
 10200K .......... .......... .......... .......... .......... 79%  450K 6s
 10250K .......... .......... .......... .......... .......... 79%  416K 6s
 10300K .......... .......... .......... .......... .......... 80%  491K 6s
 10350K .......... .......... .......... .......... .......... 80%  406K 6s
 10400K .......... .......... .......... .......... .......... 81%  463K 6s
 10450K .......... .......... .......... .......... .......... 81%  451K 6s
 10500K .......... .......... .......... .......... .......... 81%  488K 5s
 10550K .......... .......... .......... .......... .......... 82%  429K 5s
 10600K .......... .......... .......... .......... .......... 82%  450K 5s
 10650K .......... .......... .......... .......... .......... 83%  453K 5s
 10700K .......... .......... .......... .......... .......... 83%  406K 5s
 10750K .......... .......... .......... .......... .......... 83%  437K 5s
 10800K .......... .......... .......... .......... .......... 84%  475K 5s
 10850K .......... .......... .......... .......... .......... 84%  451K 5s
 10900K .......... .......... .......... .......... .......... 84%  465K 4s
 10950K .......... .......... .......... .......... .......... 85%  462K 4s
 11000K .......... .......... .......... .......... .......... 85%  461K 4s
 11050K .......... .......... .......... .......... .......... 86%  439K 4s
 11100K .......... .......... .......... .......... .......... 86%  389K 4s
 11150K .......... .......... .......... .......... .......... 86%  573K 4s
 11200K .......... .......... .......... .......... .......... 87%  477K 4s
 11250K .......... .......... .......... .......... .......... 87%  451K 4s
 11300K .......... .......... .......... .......... .......... 88%  437K 4s
 11350K .......... .......... .......... .......... .......... 88%  417K 3s
 11400K .......... .......... .......... .......... .......... 88%  461K 3s
 11450K .......... .......... .......... .......... .......... 89%  463K 3s
 11500K .......... .......... .......... .......... .......... 89%  428K 3s
 11550K .......... .......... .......... .......... .......... 90%  417K 3s
 11600K .......... .......... .......... .......... .......... 90%  503K 3s
 11650K .......... .......... .......... .......... .......... 90%  463K 3s
 11700K .......... .......... .......... .......... .......... 91%  396K 3s
 11750K .......... .......... .......... .......... .......... 91%  525K 3s
 11800K .......... .......... .......... .......... .......... 91%  461K 2s
 11850K .......... .......... .......... .......... .......... 92%  426K 2s
 11900K .......... .......... .......... .......... .......... 92%  466K 2s
 11950K .......... .......... .......... .......... .......... 93%  415K 2s
 12000K .......... .......... .......... .......... .......... 93%  449K 2s
 12050K .......... .......... .......... .......... .......... 93%  430K 2s
 12100K .......... .......... .......... .......... .......... 94%  378K 2s
 12150K .......... .......... .......... .......... .......... 94%  575K 2s
 12200K .......... .......... .......... .......... .......... 95%  440K 1s
 12250K .......... .......... .......... .......... .......... 95%  462K 1s
 12300K .......... .......... .......... .......... .......... 95%  438K 1s
 12350K .......... .......... .......... .......... .......... 96%  398K 1s
 12400K .......... .......... .......... .......... .......... 96%  461K 1s
 12450K .......... .......... .......... .......... .......... 97%  508K 1s
 12500K .......... .......... .......... .......... .......... 97%  437K 1s
 12550K .......... .......... .......... .......... .......... 97%  449K 1s
 12600K .......... .......... .......... .......... .......... 98%  479K 1s
 12650K .......... .......... .......... .......... .......... 98%  450K 0s
 12700K .......... .......... .......... .......... .......... 98%  462K 0s
 12750K .......... .......... .......... .......... .......... 99%  450K 0s
 12800K .......... .......... .......... .......... .......... 99%  449K 0s
 12850K .......... .......... .......... ....                 100%  478K=30s

2016-05-25 02:28:14 (435 KB/s) - ‘index.html.7’ saved [13193358/13193358]

