--2016-05-25 01:46:35--  http://10.30.50.93:8000/
Connecting to 10.30.50.93:8000... connected.
HTTP request sent, awaiting response... 200 OK
Length: 13193358 (13M) [text/html]
Saving to: ‘index.html.12’

     0K .......... .......... .......... .......... ..........  0%  194K 66s
    50K .......... .......... .......... .......... ..........  0%  231K 61s
   100K .......... .......... .......... .......... ..........  1%  194K 62s
   150K .......... .......... .......... .......... ..........  1%  237K 60s
   200K .......... .......... .......... .......... ..........  1%  199K 60s
   250K .......... .......... .......... .......... ..........  2%  214K 60s
   300K .......... .......... .......... .......... ..........  2%  203K 60s
   350K .......... .......... .......... .......... ..........  3%  226K 59s
   400K .......... .......... .......... .......... ..........  3%  194K 60s
   450K .......... .......... .......... .......... ..........  3% 77.9K 69s
   500K .......... .......... .......... .......... ..........  4%  219K 68s
   550K .......... .......... .......... .......... ..........  4%  182K 68s
   600K .......... .......... .......... .......... ..........  5%  245K 66s
   650K .......... .......... .......... .......... ..........  5%  219K 65s
   700K .......... .......... .......... .......... ..........  5%  186K 65s
   750K .......... .......... .......... .......... ..........  6%  245K 64s
   800K .......... .......... .......... .......... ..........  6%  105K 66s
   850K .......... .......... .......... .......... ..........  6% 45.3K 77s
   900K .......... .......... .......... .......... ..........  7%  288K 75s
   950K .......... .......... .......... .......... ..........  7%  173K 74s
  1000K .......... .......... .......... .......... ..........  8%  225K 73s
  1050K .......... .......... .......... .......... ..........  8%  102K 75s
  1100K .......... .......... .......... .......... ..........  8%  103K 76s
  1150K .......... .......... .......... .......... ..........  9%  190K 75s
  1200K .......... .......... .......... .......... ..........  9%  113K 76s
  1250K .......... .......... .......... .......... .......... 10%  198K 75s
  1300K .......... .......... .......... .......... .......... 10%  220K 74s
  1350K .......... .......... .......... .......... .......... 10%  226K 73s
  1400K .......... .......... .......... .......... .......... 11%  231K 72s
  1450K .......... .......... .......... .......... .......... 11%  203K 71s
  1500K .......... .......... .......... .......... .......... 12%  185K 70s
  1550K .......... .......... .......... .......... .......... 12%  220K 69s
  1600K .......... .......... .......... .......... .......... 12%  170K 69s
  1650K .......... .......... .......... .......... .......... 13%  177K 68s
  1700K .......... .......... .......... .......... .......... 13%  270K 67s
  1750K .......... .......... .......... .......... .......... 13%  102K 68s
  1800K .......... .......... .......... .......... .......... 14%  102K 69s
  1850K .......... .......... .......... .......... .......... 14%  108K 70s
  1900K .......... .......... .......... .......... .......... 15%  100K 70s
  1950K .......... .......... .......... .......... .......... 15%  219K 69s
  2000K .......... .......... .......... .......... .......... 15%  219K 69s
  2050K .......... .......... .......... .......... .......... 16%  219K 68s
  2100K .......... .......... .......... .......... .......... 16%  110K 68s
  2150K .......... .......... .......... .......... .......... 17%  225K 67s
  2200K .......... .......... .......... .......... .......... 17% 92.5K 68s
  2250K .......... .......... .......... .......... .......... 17%  204K 68s
  2300K .......... .......... .......... .......... .......... 18%  203K 67s
  2350K .......... .......... .......... .......... .......... 18%  239K 66s
  2400K .......... .......... .......... .......... .......... 19%  203K 65s
  2450K .......... .......... .......... .......... .......... 19%  182K 65s
  2500K .......... .......... .......... .......... .......... 19%  231K 64s
  2550K .......... .......... .......... .......... .......... 20%  189K 64s
  2600K .......... .......... .......... .......... .......... 20%  194K 63s
  2650K .......... .......... .......... .......... .......... 20%  238K 63s
  2700K .......... .......... .......... .......... .......... 21%  220K 62s
  2750K .......... .......... .......... .......... .......... 21%  103K 62s
  2800K .......... .......... .......... .......... .......... 22%  199K 62s
  2850K .......... .......... .......... .......... .......... 22%  213K 61s
  2900K .......... .......... .......... .......... .......... 22%  214K 61s
  2950K .......... .......... .......... .......... .......... 23%  194K 60s
  3000K .......... .......... .......... .......... .......... 23%  219K 60s
  3050K .......... .......... .......... .......... .......... 24%  224K 59s
  3100K .......... .......... .......... .......... .......... 24%  220K 59s
  3150K .......... .......... .......... .......... .......... 24%  219K 58s
  3200K .......... .......... .......... .......... .......... 25%  108K 58s
  3250K .......... .......... .......... .......... .......... 25%  170K 58s
  3300K .......... .......... .......... .......... .......... 26%  102K 58s
  3350K .......... .......... .......... .......... .......... 26%  194K 58s
  3400K .......... .......... .......... .......... .......... 26% 56.7K 59s
  3450K .......... .......... .......... .......... .......... 27% 95.7K 59s
  3500K .......... .......... .......... .......... .......... 27%  199K 59s
  3550K .......... .......... .......... .......... .......... 27% 96.8K 59s
  3600K .......... .......... .......... .......... .......... 28%  170K 59s
  3650K .......... .......... .......... .......... .......... 28%  116K 59s
  3700K .......... .......... .......... .......... .......... 29%  213K 58s
  3750K .......... .......... .......... .......... .......... 29%  108K 58s
  3800K .......... .......... .......... .......... .......... 29%  198K 58s
  3850K .......... .......... .......... .......... .......... 30%  199K 57s
  3900K .......... .......... .......... .......... .......... 30%  198K 57s
  3950K .......... .......... .......... .......... .......... 31%  203K 56s
  4000K .......... .......... .......... .......... .......... 31%  231K 56s
  4050K .......... .......... .......... .......... .......... 31%  194K 55s
  4100K .......... .......... .......... .......... .......... 32%  214K 55s
  4150K .......... .......... .......... .......... .......... 32%  246K 54s
  4200K .......... .......... .......... .......... .......... 32%  208K 54s
  4250K .......... .......... .......... .......... .......... 33%  203K 53s
  4300K .......... .......... .......... .......... .......... 33%  108K 53s
  4350K .......... .......... .......... .......... .......... 34%  198K 53s
  4400K .......... .......... .......... .......... .......... 34%  232K 52s
  4450K .......... .......... .......... .......... .......... 34%  208K 52s
  4500K .......... .......... .......... .......... .......... 35%  185K 52s
  4550K .......... .......... .......... .......... .......... 35%  204K 51s
  4600K .......... .......... .......... .......... .......... 36%  107K 51s
  4650K .......... .......... .......... .......... .......... 36%  105K 51s
  4700K .......... .......... .......... .......... .......... 36%  166K 51s
  4750K .......... .......... .......... .......... .......... 37%  209K 50s
  4800K .......... .......... .......... .......... .......... 37%  174K 50s
  4850K .......... .......... .......... .......... .......... 38%  104K 50s
  4900K .......... .......... .......... .......... .......... 38%  231K 49s
  4950K .......... .......... .......... .......... .......... 38%  199K 49s
  5000K .......... .......... .......... .......... .......... 39%  231K 49s
  5050K .......... .......... .......... .......... .......... 39%  219K 48s
  5100K .......... .......... .......... .......... .......... 39%  203K 48s
  5150K .......... .......... .......... .......... .......... 40%  219K 47s
  5200K .......... .......... .......... .......... .......... 40%  107K 47s
  5250K .......... .......... .......... .......... .......... 41%  238K 47s
  5300K .......... .......... .......... .......... .......... 41%  204K 46s
  5350K .......... .......... .......... .......... .......... 41%  105K 46s
  5400K .......... .......... .......... .......... .......... 42%  104K 46s
  5450K .......... .......... .......... .......... .......... 42%  238K 46s
  5500K .......... .......... .......... .......... .......... 43%  170K 45s
  5550K .......... .......... .......... .......... .......... 43%  226K 45s
  5600K .......... .......... .......... .......... .......... 43%  208K 45s
  5650K .......... .......... .......... .......... .......... 44%  189K 44s
  5700K .......... .......... .......... .......... .......... 44%  108K 44s
  5750K .......... .......... .......... .......... .......... 45%  220K 44s
  5800K .......... .......... .......... .......... .......... 45% 99.2K 44s
  5850K .......... .......... .......... .......... .......... 45% 38.7K 45s
  5900K .......... .......... .......... .......... .......... 46%  203K 44s
  5950K .......... .......... .......... .......... .......... 46%  116K 44s
  6000K .......... .......... .......... .......... .......... 46%  220K 44s
  6050K .......... .......... .......... .......... .......... 47%  110K 43s
  6100K .......... .......... .......... .......... .......... 47%  260K 43s
  6150K .......... .......... .......... .......... .......... 48%  203K 42s
  6200K .......... .......... .......... .......... .......... 48%  111K 42s
  6250K .......... .......... .......... .......... .......... 48% 99.2K 42s
  6300K .......... .......... .......... .......... .......... 49%  219K 42s
  6350K .......... .......... .......... .......... .......... 49%  102K 42s
  6400K .......... .......... .......... .......... .......... 50%  111K 41s
  6450K .......... .......... .......... .......... .......... 50%  209K 41s
  6500K .......... .......... .......... .......... .......... 50%  208K 41s
  6550K .......... .......... .......... .......... .......... 51%  225K 40s
  6600K .......... .......... .......... .......... .......... 51%  190K 40s
  6650K .......... .......... .......... .......... .......... 52%  238K 39s
  6700K .......... .......... .......... .......... .......... 52%  204K 39s
  6750K .......... .......... .......... .......... .......... 52%  231K 39s
  6800K .......... .......... .......... .......... .......... 53%  164K 38s
  6850K .......... .......... .......... .......... .......... 53%  213K 38s
  6900K .......... .......... .......... .......... .......... 53% 79.4K 38s
  6950K .......... .......... .......... .......... .......... 54%  208K 37s
  7000K .......... .......... .......... .......... .......... 54%  231K 37s
  7050K .......... .......... .......... .......... .......... 55%  214K 37s
  7100K .......... .......... .......... .......... .......... 55%  219K 36s
  7150K .......... .......... .......... .......... .......... 55%  198K 36s
  7200K .......... .......... .......... .......... .......... 56%  181K 36s
  7250K .......... .......... .......... .......... .......... 56%  203K 35s
  7300K .......... .......... .......... .......... .......... 57%  208K 35s
  7350K .......... .......... .......... .......... .......... 57%  225K 34s
  7400K .......... .......... .......... .......... .......... 57%  238K 34s
  7450K .......... .......... .......... .......... .......... 58%  219K 34s
  7500K .......... .......... .......... .......... .......... 58%  189K 33s
  7550K .......... .......... .......... .......... .......... 58%  189K 33s
  7600K .......... .......... .......... .......... .......... 59%  190K 33s
  7650K .......... .......... .......... .......... .......... 59%  157K 32s
  7700K .......... .......... .......... .......... .......... 60%  110K 32s
  7750K .......... .......... .......... .......... .......... 60%  194K 32s
  7800K .......... .......... .......... .......... .......... 60%  209K 31s
  7850K .......... .......... .......... .......... .......... 61% 95.6K 31s
  7900K .......... .......... .......... .......... .......... 61% 99.2K 31s
  7950K .......... .......... .......... .......... .......... 62%  246K 31s
  8000K .......... .......... .......... .......... .......... 62%  226K 30s
  8050K .......... .......... .......... .......... .......... 62%  225K 30s
  8100K .......... .......... .......... .......... .......... 63%  194K 30s
  8150K .......... .......... .......... .......... .......... 63%  208K 29s
  8200K .......... .......... .......... .......... .......... 64%  104K 29s
  8250K .......... .......... .......... .......... .......... 64%  225K 29s
  8300K .......... .......... .......... .......... .......... 64%  208K 28s
  8350K .......... .......... .......... .......... .......... 65%  226K 28s
  8400K .......... .......... .......... .......... .......... 65%  160K 28s
  8450K .......... .......... .......... .......... .......... 65%  113K 27s
  8500K .......... .......... .......... .......... .......... 66%  225K 27s
  8550K .......... .......... .......... .......... .......... 66%  232K 27s
  8600K .......... .......... .......... .......... .......... 67%  163K 26s
  8650K .......... .......... .......... .......... .......... 67%  203K 26s
  8700K .......... .......... .......... .......... .......... 67%  174K 26s
  8750K .......... .......... .......... .......... .......... 68%  231K 25s
  8800K .......... .......... .......... .......... .......... 68%  208K 25s
  8850K .......... .......... .......... .......... .......... 69%  232K 25s
  8900K .......... .......... .......... .......... .......... 69%  232K 24s
  8950K .......... .......... .......... .......... .......... 69%  220K 24s
  9000K .......... .......... .......... .......... .......... 70%  107K 24s
  9050K .......... .......... .......... .......... .......... 70%  214K 23s
  9100K .......... .......... .......... .......... .......... 71%  214K 23s
  9150K .......... .......... .......... .......... .......... 71% 42.7K 23s
  9200K .......... .......... .......... .......... .......... 71%  244K 23s
  9250K .......... .......... .......... .......... .......... 72%  245K 22s
  9300K .......... .......... .......... .......... .......... 72%  203K 22s
  9350K .......... .......... .......... .......... .......... 72%  261K 22s
  9400K .......... .......... .......... .......... .......... 73%  185K 21s
  9450K .......... .......... .......... .......... .......... 73%  113K 21s
  9500K .......... .......... .......... .......... .......... 74%  207K 21s
  9550K .......... .......... .......... .......... .......... 74%  220K 20s
  9600K .......... .......... .......... .......... .......... 74%  203K 20s
  9650K .......... .......... .......... .......... .......... 75%  199K 20s
  9700K .......... .......... .......... .......... .......... 75%  108K 19s
  9750K .......... .......... .......... .......... .......... 76%  225K 19s
  9800K .......... .......... .......... .......... .......... 76%  189K 19s
  9850K .......... .......... .......... .......... .......... 76%  219K 18s
  9900K .......... .......... .......... .......... .......... 77%  239K 18s
  9950K .......... .......... .......... .......... .......... 77%  213K 18s
 10000K .......... .......... .......... .......... .......... 78%  185K 17s
 10050K .......... .......... .......... .......... .......... 78%  113K 17s
 10100K .......... .......... .......... .......... .......... 78% 54.5K 17s
 10150K .......... .......... .......... .......... .......... 79%  185K 17s
 10200K .......... .......... .......... .......... .......... 79%  270K 16s
 10250K .......... .......... .......... .......... .......... 79%  103K 16s
 10300K .......... .......... .......... .......... .......... 80%  185K 16s
 10350K .......... .......... .......... .......... .......... 80% 75.8K 16s
 10400K .......... .......... .......... .......... .......... 81%  193K 15s
 10450K .......... .......... .......... .......... .......... 81%  190K 15s
 10500K .......... .......... .......... .......... .......... 81%  167K 15s
 10550K .......... .......... .......... .......... .......... 82%  119K 14s
 10600K .......... .......... .......... .......... .......... 82%  163K 14s
 10650K .......... .......... .......... .......... .......... 83%  104K 14s
 10700K .......... .......... .......... .......... .......... 83%  173K 13s
 10750K .......... .......... .......... .......... .......... 83% 54.1K 13s
 10800K .......... .......... .......... .......... .......... 84%  185K 13s
 10850K .......... .......... .......... .......... .......... 84%  219K 13s
 10900K .......... .......... .......... .......... .......... 84%  214K 12s
 10950K .......... .......... .......... .......... .......... 85%  213K 12s
 11000K .......... .......... .......... .......... .......... 85%  199K 12s
 11050K .......... .......... .......... .......... .......... 86%  225K 11s
 11100K .......... .......... .......... .......... .......... 86%  208K 11s
 11150K .......... .......... .......... .......... .......... 86%  189K 11s
 11200K .......... .......... .......... .......... .......... 87%  231K 10s
 11250K .......... .......... .......... .......... .......... 87%  225K 10s
 11300K .......... .......... .......... .......... .......... 88%  214K 10s
 11350K .......... .......... .......... .......... .......... 88%  107K 9s
 11400K .......... .......... .......... .......... .......... 88% 57.9K 9s
 11450K .......... .......... .......... .......... .......... 89%  238K 9s
 11500K .......... .......... .......... .......... .......... 89%  173K 8s
 11550K .......... .......... .......... .......... .......... 90%  203K 8s
 11600K .......... .......... .......... .......... .......... 90%  102K 8s
 11650K .......... .......... .......... .......... .......... 90%  181K 7s
 11700K .......... .......... .......... .......... .......... 91%  246K 7s
 11750K .......... .......... .......... .......... .......... 91%  177K 7s
 11800K .......... .......... .......... .......... .......... 91% 94.8K 7s
 11850K .......... .......... .......... .......... .......... 92%  231K 6s
 11900K .......... .......... .......... .......... .......... 92%  232K 6s
 11950K .......... .......... .......... .......... .......... 93%  225K 6s
 12000K .......... .......... .......... .......... .......... 93%  194K 5s
 12050K .......... .......... .......... .......... .......... 93%  269K 5s
 12100K .......... .......... .......... .......... .......... 94%  170K 5s
 12150K .......... .......... .......... .......... .......... 94%  214K 4s
 12200K .......... .......... .......... .......... .......... 95%  185K 4s
 12250K .......... .......... .......... .......... .......... 95%  238K 4s
 12300K .......... .......... .......... .......... .......... 95%  111K 3s
 12350K .......... .......... .......... .......... .......... 96%  203K 3s
 12400K .......... .......... .......... .......... .......... 96%  110K 3s
 12450K .......... .......... .......... .......... .......... 97%  108K 2s
 12500K .......... .......... .......... .......... .......... 97%  103K 2s
 12550K .......... .......... .......... .......... .......... 97%  103K 2s
 12600K .......... .......... .......... .......... .......... 98%  214K 1s
 12650K .......... .......... .......... .......... .......... 98%  198K 1s
 12700K .......... .......... .......... .......... .......... 98%  198K 1s
 12750K .......... .......... .......... .......... .......... 99%  231K 1s
 12800K .......... .......... .......... .......... .......... 99%  204K 0s
 12850K .......... .......... .......... ....                 100% 82.4K=81s

2016-05-25 01:47:57 (159 KB/s) - ‘index.html.12’ saved [13193358/13193358]

