--2016-05-25 01:45:16--  http://10.30.50.93:8000/
Connecting to 10.30.50.93:8000... connected.
HTTP request sent, awaiting response... 200 OK
Length: 13193358 (13M) [text/html]
Saving to: ‘index.html.11’

     0K .......... .......... .......... .......... ..........  0%  185K 69s
    50K .......... .......... .......... .......... ..........  0%  245K 61s
   100K .......... .......... .......... .......... ..........  1%  103K 81s
   150K .......... .......... .......... .......... ..........  1%  194K 77s
   200K .......... .......... .......... .......... ..........  1%  238K 72s
   250K .......... .......... .......... .......... ..........  2%  177K 72s
   300K .......... .......... .......... .......... ..........  2%  277K 68s
   350K .......... .......... .......... .......... ..........  3%  178K 68s
   400K .......... .......... .......... .......... ..........  3%  238K 66s
   450K .......... .......... .......... .......... ..........  3%  170K 66s
   500K .......... .......... .......... .......... ..........  4%  111K 70s
   550K .......... .......... .......... .......... ..........  4%  182K 70s
   600K .......... .......... .......... .......... ..........  5%  207K 69s
   650K .......... .......... .......... .......... ..........  5% 69.5K 76s
   700K .......... .......... .......... .......... ..........  5%  219K 74s
   750K .......... .......... .......... .......... ..........  6%  190K 73s
   800K .......... .......... .......... .......... ..........  6% 92.5K 76s
   850K .......... .......... .......... .......... ..........  6%  185K 75s
   900K .......... .......... .......... .......... ..........  7%  102K 77s
   950K .......... .......... .......... .......... ..........  7%  225K 76s
  1000K .......... .......... .......... .......... ..........  8%  199K 75s
  1050K .......... .......... .......... .......... ..........  8%  199K 74s
  1100K .......... .......... .......... .......... ..........  8%  238K 72s
  1150K .......... .......... .......... .......... ..........  9% 96.9K 74s
  1200K .......... .......... .......... .......... ..........  9%  219K 73s
  1250K .......... .......... .......... .......... .......... 10%  219K 72s
  1300K .......... .......... .......... .......... .......... 10%  163K 72s
  1350K .......... .......... .......... .......... .......... 10% 77.2K 74s
  1400K .......... .......... .......... .......... .......... 11%  261K 73s
  1450K .......... .......... .......... .......... .......... 11%  181K 72s
  1500K .......... .......... .......... .......... .......... 12%  199K 71s
  1550K .......... .......... .......... .......... .......... 12% 56.7K 75s
  1600K .......... .......... .......... .......... .......... 12%  198K 74s
  1650K .......... .......... .......... .......... .......... 13%  203K 73s
  1700K .......... .......... .......... .......... .......... 13%  194K 72s
  1750K .......... .......... .......... .......... .......... 13%  253K 71s
  1800K .......... .......... .......... .......... .......... 14%  208K 70s
  1850K .......... .......... .......... .......... .......... 14%  194K 70s
  1900K .......... .......... .......... .......... .......... 15%  261K 69s
  1950K .......... .......... .......... .......... .......... 15%  232K 68s
  2000K .......... .......... .......... .......... .......... 15%  225K 67s
  2050K .......... .......... .......... .......... .......... 16%  214K 66s
  2100K .......... .......... .......... .......... .......... 16%  208K 66s
  2150K .......... .......... .......... .......... .......... 17%  198K 65s
  2200K .......... .......... .......... .......... .......... 17%  260K 64s
  2250K .......... .......... .......... .......... .......... 17%  209K 64s
  2300K .......... .......... .......... .......... .......... 18%  189K 63s
  2350K .......... .......... .......... .......... .......... 18%  231K 63s
  2400K .......... .......... .......... .......... .......... 19%  204K 62s
  2450K .......... .......... .......... .......... .......... 19%  219K 62s
  2500K .......... .......... .......... .......... .......... 19%  189K 61s
  2550K .......... .......... .......... .......... .......... 20%  231K 60s
  2600K .......... .......... .......... .......... .......... 20%  226K 60s
  2650K .......... .......... .......... .......... .......... 20%  189K 60s
  2700K .......... .......... .......... .......... .......... 21%  277K 59s
  2750K .......... .......... .......... .......... .......... 21%  203K 58s
  2800K .......... .......... .......... .......... .......... 22%  219K 58s
  2850K .......... .......... .......... .......... .......... 22%  198K 57s
  2900K .......... .......... .......... .......... .......... 22% 58.3K 59s
  2950K .......... .......... .......... .......... .......... 23%  193K 59s
  3000K .......... .......... .......... .......... .......... 23%  220K 58s
  3050K .......... .......... .......... .......... .......... 24% 53.4K 60s
  3100K .......... .......... .......... .......... .......... 24%  214K 59s
  3150K .......... .......... .......... .......... .......... 24%  198K 59s
  3200K .......... .......... .......... .......... .......... 25%  204K 58s
  3250K .......... .......... .......... .......... .......... 25%  194K 58s
  3300K .......... .......... .......... .......... .......... 26% 72.5K 59s
  3350K .......... .......... .......... .......... .......... 26%  114K 59s
  3400K .......... .......... .......... .......... .......... 26%  110K 59s
  3450K .......... .......... .......... .......... .......... 27%  225K 58s
  3500K .......... .......... .......... .......... .......... 27%  209K 58s
  3550K .......... .......... .......... .......... .......... 27%  214K 57s
  3600K .......... .......... .......... .......... .......... 28%  203K 57s
  3650K .......... .......... .......... .......... .......... 28%  238K 56s
  3700K .......... .......... .......... .......... .......... 29%  220K 56s
  3750K .......... .......... .......... .......... .......... 29%  208K 55s
  3800K .......... .......... .......... .......... .......... 29%  163K 55s
  3850K .......... .......... .......... .......... .......... 30%  114K 55s
  3900K .......... .......... .......... .......... .......... 30%  194K 55s
  3950K .......... .......... .......... .......... .......... 31%  214K 54s
  4000K .......... .......... .......... .......... .......... 31%  232K 54s
  4050K .......... .......... .......... .......... .......... 31%  203K 53s
  4100K .......... .......... .......... .......... .......... 32%  190K 53s
  4150K .......... .......... .......... .......... .......... 32%  277K 52s
  4200K .......... .......... .......... .......... .......... 32%  204K 52s
  4250K .......... .......... .......... .......... .......... 33%  251K 51s
  4300K .......... .......... .......... .......... .......... 33%  209K 51s
  4350K .......... .......... .......... .......... .......... 34%  252K 50s
  4400K .......... .......... .......... .......... .......... 34%  219K 50s
  4450K .......... .......... .......... .......... .......... 34%  203K 50s
  4500K .......... .......... .......... .......... .......... 35%  225K 49s
  4550K .......... .......... .......... .......... .......... 35%  220K 49s
  4600K .......... .......... .......... .......... .......... 36%  189K 48s
  4650K .......... .......... .......... .......... .......... 36%  245K 48s
  4700K .......... .......... .......... .......... .......... 36%  107K 48s
  4750K .......... .......... .......... .......... .......... 37%  199K 48s
  4800K .......... .......... .......... .......... .......... 37%  231K 47s
  4850K .......... .......... .......... .......... .......... 38%  189K 47s
  4900K .......... .......... .......... .......... .......... 38%  189K 47s
  4950K .......... .......... .......... .......... .......... 38%  203K 46s
  5000K .......... .......... .......... .......... .......... 39%  194K 46s
  5050K .......... .......... .......... .......... .......... 39%  167K 46s
  5100K .......... .......... .......... .......... .......... 39%  245K 45s
  5150K .......... .......... .......... .......... .......... 40%  220K 45s
  5200K .......... .......... .......... .......... .......... 40%  194K 44s
  5250K .......... .......... .......... .......... .......... 41% 51.5K 45s
  5300K .......... .......... .......... .......... .......... 41%  107K 45s
  5350K .......... .......... .......... .......... .......... 41%  189K 45s
  5400K .......... .......... .......... .......... .......... 42%  198K 44s
  5450K .......... .......... .......... .......... .......... 42%  208K 44s
  5500K .......... .......... .......... .......... .......... 43%  231K 44s
  5550K .......... .......... .......... .......... .......... 43%  107K 43s
  5600K .......... .......... .......... .......... .......... 43%  190K 43s
  5650K .......... .......... .......... .......... .......... 44%  213K 43s
  5700K .......... .......... .......... .......... .......... 44%  181K 42s
  5750K .......... .......... .......... .......... .......... 45%  181K 42s
  5800K .......... .......... .......... .......... .......... 45%  108K 42s
  5850K .......... .......... .......... .......... .......... 45%  185K 42s
  5900K .......... .......... .......... .......... .......... 46%  225K 41s
  5950K .......... .......... .......... .......... .......... 46%  194K 41s
  6000K .......... .......... .......... .......... .......... 46%  225K 41s
  6050K .......... .......... .......... .......... .......... 47%  214K 40s
  6100K .......... .......... .......... .......... .......... 47%  203K 40s
  6150K .......... .......... .......... .......... .......... 48%  178K 40s
  6200K .......... .......... .......... .......... .......... 48%  194K 39s
  6250K .......... .......... .......... .......... .......... 48%  113K 39s
  6300K .......... .......... .......... .......... .......... 49%  106K 39s
  6350K .......... .......... .......... .......... .......... 49%  109K 39s
  6400K .......... .......... .......... .......... .......... 50%  194K 38s
  6450K .......... .......... .......... .......... .......... 50%  261K 38s
  6500K .......... .......... .......... .......... .......... 50%  219K 38s
  6550K .......... .......... .......... .......... .......... 51%  190K 37s
  6600K .......... .......... .......... .......... .......... 51%  111K 37s
  6650K .......... .......... .......... .......... .......... 52%  220K 37s
  6700K .......... .......... .......... .......... .......... 52%  237K 36s
  6750K .......... .......... .......... .......... .......... 52%  104K 36s
  6800K .......... .......... .......... .......... .......... 53%  194K 36s
  6850K .......... .......... .......... .......... .......... 53%  253K 36s
  6900K .......... .......... .......... .......... .......... 53%  198K 35s
  6950K .......... .......... .......... .......... .......... 54%  220K 35s
  7000K .......... .......... .......... .......... .......... 54%  198K 35s
  7050K .......... .......... .......... .......... .......... 55%  208K 34s
  7100K .......... .......... .......... .......... .......... 55%  245K 34s
  7150K .......... .......... .......... .......... .......... 55%  231K 34s
  7200K .......... .......... .......... .......... .......... 56%  181K 33s
  7250K .......... .......... .......... .......... .......... 56%  170K 33s
  7300K .......... .......... .......... .......... .......... 57%  244K 33s
  7350K .......... .......... .......... .......... .......... 57%  167K 32s
  7400K .......... .......... .......... .......... .......... 57%  100K 32s
  7450K .......... .......... .......... .......... .......... 58%  245K 32s
  7500K .......... .......... .......... .......... .......... 58%  178K 31s
  7550K .......... .......... .......... .......... .......... 58%  213K 31s
  7600K .......... .......... .......... .......... .......... 59%  220K 31s
  7650K .......... .......... .......... .......... .......... 59%  219K 30s
  7700K .......... .......... .......... .......... .......... 60%  219K 30s
  7750K .......... .......... .......... .......... .......... 60%  220K 30s
  7800K .......... .......... .......... .......... .......... 60% 96.9K 30s
  7850K .......... .......... .......... .......... .......... 61%  237K 29s
  7900K .......... .......... .......... .......... .......... 61% 95.7K 29s
  7950K .......... .......... .......... .......... .......... 62%  181K 29s
  8000K .......... .......... .......... .......... .......... 62% 57.5K 29s
  8050K .......... .......... .......... .......... .......... 62%  225K 29s
  8100K .......... .......... .......... .......... .......... 63%  208K 28s
  8150K .......... .......... .......... .......... .......... 63%  203K 28s
  8200K .......... .......... .......... .......... .......... 64%  232K 28s
  8250K .......... .......... .......... .......... .......... 64%  177K 27s
  8300K .......... .......... .......... .......... .......... 64%  189K 27s
  8350K .......... .......... .......... .......... .......... 65%  253K 27s
  8400K .......... .......... .......... .......... .......... 65%  204K 26s
  8450K .......... .......... .......... .......... .......... 65%  185K 26s
  8500K .......... .......... .......... .......... .......... 66% 44.6K 26s
  8550K .......... .......... .......... .......... .......... 66%  252K 26s
  8600K .......... .......... .......... .......... .......... 67%  185K 25s
  8650K .......... .......... .......... .......... .......... 67%  199K 25s
  8700K .......... .......... .......... .......... .......... 67%  214K 25s
  8750K .......... .......... .......... .......... .......... 68%  189K 24s
  8800K .......... .......... .......... .......... .......... 68%  214K 24s
  8850K .......... .......... .......... .......... .......... 69%  198K 24s
  8900K .......... .......... .......... .......... .......... 69%  225K 23s
  8950K .......... .......... .......... .......... .......... 69%  111K 23s
  9000K .......... .......... .......... .......... .......... 70%  213K 23s
  9050K .......... .......... .......... .......... .......... 70%  214K 23s
  9100K .......... .......... .......... .......... .......... 71%  232K 22s
  9150K .......... .......... .......... .......... .......... 71%  198K 22s
  9200K .......... .......... .......... .......... .......... 71%  219K 22s
  9250K .......... .......... .......... .......... .......... 72%  231K 21s
  9300K .......... .......... .......... .......... .......... 72%  182K 21s
  9350K .......... .......... .......... .......... .......... 72%  198K 21s
  9400K .......... .......... .......... .......... .......... 73%  107K 20s
  9450K .......... .......... .......... .......... .......... 73%  208K 20s
  9500K .......... .......... .......... .......... .......... 74%  178K 20s
  9550K .......... .......... .......... .......... .......... 74%  185K 19s
  9600K .......... .......... .......... .......... .......... 74%  203K 19s
  9650K .......... .......... .......... .......... .......... 75%  232K 19s
  9700K .......... .......... .......... .......... .......... 75%  231K 19s
  9750K .......... .......... .......... .......... .......... 76%  170K 18s
  9800K .......... .......... .......... .......... .......... 76%  214K 18s
  9850K .......... .......... .......... .......... .......... 76%  208K 18s
  9900K .......... .......... .......... .......... .......... 77%  194K 17s
  9950K .......... .......... .......... .......... .......... 77%  198K 17s
 10000K .......... .......... .......... .......... .......... 78%  174K 17s
 10050K .......... .......... .......... .......... .......... 78%  309K 16s
 10100K .......... .......... .......... .......... .......... 78%  219K 16s
 10150K .......... .......... .......... .......... .......... 79%  103K 16s
 10200K .......... .......... .......... .......... .......... 79%  166K 16s
 10250K .......... .......... .......... .......... .......... 79%  177K 15s
 10300K .......... .......... .......... .......... .......... 80%  261K 15s
 10350K .......... .......... .......... .......... .......... 80%  181K 15s
 10400K .......... .......... .......... .......... .......... 81%  238K 14s
 10450K .......... .......... .......... .......... .......... 81%  190K 14s
 10500K .......... .......... .......... .......... .......... 81%  203K 14s
 10550K .......... .......... .......... .......... .......... 82%  219K 13s
 10600K .......... .......... .......... .......... .......... 82%  219K 13s
 10650K .......... .......... .......... .......... .......... 83%  116K 13s
 10700K .......... .......... .......... .......... .......... 83%  166K 13s
 10750K .......... .......... .......... .......... .......... 83% 75.1K 12s
 10800K .......... .......... .......... .......... .......... 84%  553K 12s
 10850K .......... .......... .......... .......... .......... 84%  199K 12s
 10900K .......... .......... .......... .......... .......... 84% 75.7K 11s
 10950K .......... .......... .......... .......... .......... 85%  232K 11s
 11000K .......... .......... .......... .......... .......... 85%  204K 11s
 11050K .......... .......... .......... .......... .......... 86%  181K 11s
 11100K .......... .......... .......... .......... .......... 86%  226K 10s
 11150K .......... .......... .......... .......... .......... 86%  181K 10s
 11200K .......... .......... .......... .......... .......... 87%  208K 10s
 11250K .......... .......... .......... .......... .......... 87%  238K 9s
 11300K .......... .......... .......... .......... .......... 88%  225K 9s
 11350K .......... .......... .......... .......... .......... 88% 44.3K 9s
 11400K .......... .......... .......... .......... .......... 88%  113K 9s
 11450K .......... .......... .......... .......... .......... 89%  225K 8s
 11500K .......... .......... .......... .......... .......... 89%  219K 8s
 11550K .......... .......... .......... .......... .......... 90%  232K 8s
 11600K .......... .......... .......... .......... .......... 90%  213K 7s
 11650K .......... .......... .......... .......... .......... 90%  198K 7s
 11700K .......... .......... .......... .......... .......... 91%  209K 7s
 11750K .......... .......... .......... .......... .......... 91%  181K 6s
 11800K .......... .......... .......... .......... .......... 91%  102K 6s
 11850K .......... .......... .......... .......... .......... 92%  177K 6s
 11900K .......... .......... .......... .......... .......... 92% 94.7K 6s
 11950K .......... .......... .......... .......... .......... 93%  110K 5s
 12000K .......... .......... .......... .......... .......... 93%  214K 5s
 12050K .......... .......... .......... .......... .......... 93%  198K 5s
 12100K .......... .......... .......... .......... .......... 94%  225K 4s
 12150K .......... .......... .......... .......... .......... 94% 45.8K 4s
 12200K .......... .......... .......... .......... .......... 95%  219K 4s
 12250K .......... .......... .......... .......... .......... 95%  198K 4s
 12300K .......... .......... .......... .......... .......... 95%  208K 3s
 12350K .......... .......... .......... .......... .......... 96% 47.6K 3s
 12400K .......... .......... .......... .......... .......... 96% 88.7K 3s
 12450K .......... .......... .......... .......... .......... 97%  231K 2s
 12500K .......... .......... .......... .......... .......... 97%  220K 2s
 12550K .......... .......... .......... .......... .......... 97% 99.1K 2s
 12600K .......... .......... .......... .......... .......... 98%  107K 1s
 12650K .......... .......... .......... .......... .......... 98% 69.4K 1s
 12700K .......... .......... .......... .......... .......... 98%  194K 1s
 12750K .......... .......... .......... .......... .......... 99%  113K 1s
 12800K .......... .......... .......... .......... .......... 99%  194K 0s
 12850K .......... .......... .......... ....                 100%  227K=79s

2016-05-25 01:46:35 (163 KB/s) - ‘index.html.11’ saved [13193358/13193358]

