--2016-05-25 01:54:39--  http://10.30.50.93:8000/
Connecting to 10.30.50.93:8000... connected.
HTTP request sent, awaiting response... 200 OK
Length: 13193358 (13M) [text/html]
Saving to: ‘index.html.17’

     0K .......... .......... .......... .......... ..........  0%  297K 43s
    50K .......... .......... .......... .......... ..........  0%  254K 47s
   100K .......... .......... .......... .......... ..........  1% 95.7K 75s
   150K .......... .......... .......... .......... ..........  1% 76.5K 98s
   200K .......... .......... .......... .......... ..........  1%  128K 98s
   250K .......... .......... .......... .......... ..........  2%  174K 93s
   300K .......... .......... .......... .......... ..........  2%  111K 96s
   350K .......... .......... .......... .......... ..........  3%  219K 90s
   400K .......... .......... .......... .......... ..........  3% 20.4K 2m28s
   450K .......... .......... .......... .......... ..........  3%  213K 2m18s
   500K .......... .......... .......... .......... ..........  4%  231K 2m10s
   550K .......... .......... .......... .......... ..........  4% 12.9K 3m18s
   600K .......... .......... .......... .......... ..........  5%  209K 3m7s
   650K .......... .......... .......... .......... ..........  5%  160K 2m58s
   700K .......... .......... .......... .......... ..........  5%  245K 2m49s
   750K .......... .......... .......... .......... ..........  6% 23.6K 3m10s
   800K .......... .......... .......... .......... ..........  6%  111K 3m4s
   850K .......... .......... .......... .......... ..........  6% 71.8K 3m3s
   900K .......... .......... .......... .......... ..........  7%  170K 2m56s
   950K .......... .......... .......... .......... ..........  7%  170K 2m50s
  1000K .......... .......... .......... .......... ..........  8%  203K 2m44s
  1050K .......... .......... .......... .......... ..........  8%  110K 2m41s
  1100K .......... .......... .......... .......... ..........  8%  103K 2m38s
  1150K .......... .......... .......... .......... ..........  9% 99.0K 2m36s
  1200K .......... .......... .......... .......... ..........  9% 26.9K 2m46s
  1250K .......... .......... .......... .......... .......... 10%  170K 2m42s
  1300K .......... .......... .......... .......... .......... 10%  178K 2m37s
  1350K .......... .......... .......... .......... .......... 10%  203K 2m33s
  1400K .......... .......... .......... .......... .......... 11%  198K 2m29s
  1450K .......... .......... .......... .......... .......... 11%  209K 2m25s
  1500K .......... .......... .......... .......... .......... 12%  203K 2m22s
  1550K .......... .......... .......... .......... .......... 12%  110K 2m20s
  1600K .......... .......... .......... .......... .......... 12%  110K 2m18s
  1650K .......... .......... .......... .......... .......... 13%  160K 2m16s
  1700K .......... .......... .......... .......... .......... 13% 56.3K 2m17s
  1750K .......... .......... .......... .......... .......... 13%  213K 2m14s
  1800K .......... .......... .......... .......... .......... 14% 29.0K 2m20s
  1850K .......... .......... .......... .......... .......... 14%  113K 2m18s
  1900K .......... .......... .......... .......... .......... 15%  107K 2m17s
  1950K .......... .......... .......... .......... .......... 15%  198K 2m14s
  2000K .......... .......... .......... .......... .......... 15%  225K 2m11s
  2050K .......... .......... .......... .......... .......... 16% 54.1K 2m12s
  2100K .......... .......... .......... .......... .......... 16%  198K 2m10s
  2150K .......... .......... .......... .......... .......... 17%  204K 2m8s
  2200K .......... .......... .......... .......... .......... 17%  170K 2m6s
  2250K .......... .......... .......... .......... .......... 17%  194K 2m4s
  2300K .......... .......... .......... .......... .......... 18% 95.9K 2m3s
  2350K .......... .......... .......... .......... .......... 18%  194K 2m1s
  2400K .......... .......... .......... .......... .......... 19%  173K 1m59s
  2450K .......... .......... .......... .......... .......... 19%  157K 1m57s
  2500K .......... .......... .......... .......... .......... 19%  167K 1m56s
  2550K .......... .......... .......... .......... .......... 20%  119K 1m54s
  2600K .......... .......... .......... .......... .......... 20% 77.1K 1m54s
  2650K .......... .......... .......... .......... .......... 20%  194K 1m53s
  2700K .......... .......... .......... .......... .......... 21%  189K 1m51s
  2750K .......... .......... .......... .......... .......... 21%  141K 1m50s
  2800K .......... .......... .......... .......... .......... 22% 94.7K 1m49s
  2850K .......... .......... .......... .......... .......... 22%  110K 1m48s
  2900K .......... .......... .......... .......... .......... 22%  209K 1m47s
  2950K .......... .......... .......... .......... .......... 23% 53.4K 1m48s
  3000K .......... .......... .......... .......... .......... 23%  178K 1m46s
  3050K .......... .......... .......... .......... .......... 24%  181K 1m45s
  3100K .......... .......... .......... .......... .......... 24%  209K 1m43s
  3150K .......... .......... .......... .......... .......... 24%  107K 1m43s
  3200K .......... .......... .......... .......... .......... 25% 70.6K 1m43s
  3250K .......... .......... .......... .......... .......... 25% 59.1K 1m43s
  3300K .......... .......... .......... .......... .......... 26%  219K 1m42s
  3350K .......... .......... .......... .......... .......... 26% 97.0K 1m41s
  3400K .......... .......... .......... .......... .......... 26% 84.1K 1m41s
  3450K .......... .......... .......... .......... .......... 27% 45.8K 1m42s
  3500K .......... .......... .......... .......... .......... 27%  154K 1m40s
  3550K .......... .......... .......... .......... .......... 27%  111K 1m40s
  3600K .......... .......... .......... .......... .......... 28%  155K 99s
  3650K .......... .......... .......... .......... .......... 28%  126K 98s
  3700K .......... .......... .......... .......... .......... 29%  198K 97s
  3750K .......... .......... .......... .......... .......... 29%  108K 96s
  3800K .......... .......... .......... .......... .......... 29%  253K 95s
  3850K .......... .......... .......... .......... .......... 30% 99.2K 94s
  3900K .......... .......... .......... .......... .......... 30%  170K 93s
  3950K .......... .......... .......... .......... .......... 31%  106K 92s
  4000K .......... .......... .......... .......... .......... 31%  170K 91s
  4050K .......... .......... .......... .......... .......... 31%  220K 90s
  4100K .......... .......... .......... .......... .......... 32% 55.2K 90s
  4150K .......... .......... .......... .......... .......... 32%  198K 89s
  4200K .......... .......... .......... .......... .......... 32% 85.2K 89s
  4250K .......... .......... .......... .......... .......... 33%  208K 88s
  4300K .......... .......... .......... .......... .......... 33% 80.1K 88s
  4350K .......... .......... .......... .......... .......... 34%  418K 86s
  4400K .......... .......... .......... .......... .......... 34%  203K 85s
  4450K .......... .......... .......... .......... .......... 34%  225K 84s
  4500K .......... .......... .......... .......... .......... 35%  106K 84s
  4550K .......... .......... .......... .......... .......... 35%  194K 83s
  4600K .......... .......... .......... .......... .......... 36%  154K 82s
  4650K .......... .......... .......... .......... .......... 36% 86.0K 82s
  4700K .......... .......... .......... .......... .......... 36% 43.2K 82s
  4750K .......... .......... .......... .......... .......... 37%  198K 81s
  4800K .......... .......... .......... .......... .......... 37%  170K 81s
  4850K .......... .......... .......... .......... .......... 38%  185K 80s
  4900K .......... .......... .......... .......... .......... 38%  106K 79s
  4950K .......... .......... .......... .......... .......... 38%  213K 78s
  5000K .......... .......... .......... .......... .......... 39% 86.0K 78s
  5050K .......... .......... .......... .......... .......... 39% 47.1K 78s
  5100K .......... .......... .......... .......... .......... 39% 73.1K 78s
  5150K .......... .......... .......... .......... .......... 40%  231K 77s
  5200K .......... .......... .......... .......... .......... 40%  226K 76s
  5250K .......... .......... .......... .......... .......... 41%  214K 75s
  5300K .......... .......... .......... .......... .......... 41%  177K 74s
  5350K .......... .......... .......... .......... .......... 41%  103K 74s
  5400K .......... .......... .......... .......... .......... 42% 59.1K 74s
  5450K .......... .......... .......... .......... .......... 42%  123K 73s
  5500K .......... .......... .......... .......... .......... 43% 51.2K 73s
  5550K .......... .......... .......... .......... .......... 43%  110K 73s
  5600K .......... .......... .......... .......... .......... 43%  226K 72s
  5650K .......... .......... .......... .......... .......... 44% 93.6K 72s
  5700K .......... .......... .......... .......... .......... 44%  104K 71s
  5750K .......... .......... .......... .......... .......... 45% 98.1K 71s
  5800K .......... .......... .......... .......... .......... 45% 27.7K 72s
  5850K .......... .......... .......... .......... .......... 45%  110K 71s
  5900K .......... .......... .......... .......... .......... 46% 79.4K 71s
  5950K .......... .......... .......... .......... .......... 46%  194K 70s
  6000K .......... .......... .......... .......... .......... 46%  174K 69s
  6050K .......... .......... .......... .......... .......... 47%  214K 68s
  6100K .......... .......... .......... .......... .......... 47%  100K 68s
  6150K .......... .......... .......... .......... .......... 48%  198K 67s
  6200K .......... .......... .......... .......... .......... 48% 93.6K 67s
  6250K .......... .......... .......... .......... .......... 48%  110K 66s
  6300K .......... .......... .......... .......... .......... 49%  164K 65s
  6350K .......... .......... .......... .......... .......... 49%  160K 65s
  6400K .......... .......... .......... .......... .......... 50%  208K 64s
  6450K .......... .......... .......... .......... .......... 50% 54.1K 64s
  6500K .......... .......... .......... .......... .......... 50%  208K 63s
  6550K .......... .......... .......... .......... .......... 51%  203K 62s
  6600K .......... .......... .......... .......... .......... 51%  108K 62s
  6650K .......... .......... .......... .......... .......... 52%  203K 61s
  6700K .......... .......... .......... .......... .......... 52%  108K 61s
  6750K .......... .......... .......... .......... .......... 52% 74.4K 60s
  6800K .......... .......... .......... .......... .......... 53% 98.1K 60s
  6850K .......... .......... .......... .......... .......... 53% 71.8K 59s
  6900K .......... .......... .......... .......... .......... 53% 27.5K 60s
  6950K .......... .......... .......... .......... .......... 54% 94.6K 60s
  7000K .......... .......... .......... .......... .......... 54%  160K 59s
  7050K .......... .......... .......... .......... .......... 55% 72.5K 59s
  7100K .......... .......... .......... .......... .......... 55%  107K 58s
  7150K .......... .......... .......... .......... .......... 55%  209K 57s
  7200K .......... .......... .......... .......... .......... 56%  213K 57s
  7250K .......... .......... .......... .......... .......... 56%  108K 56s
  7300K .......... .......... .......... .......... .......... 57%  199K 55s
  7350K .......... .......... .......... .......... .......... 57%  219K 55s
  7400K .......... .......... .......... .......... .......... 57% 67.8K 54s
  7450K .......... .......... .......... .......... .......... 58% 58.2K 54s
  7500K .......... .......... .......... .......... .......... 58%  101K 54s
  7550K .......... .......... .......... .......... .......... 58%  189K 53s
  7600K .......... .......... .......... .......... .......... 59% 96.9K 52s
  7650K .......... .......... .......... .......... .......... 59%  209K 52s
  7700K .......... .......... .......... .......... .......... 60% 51.1K 52s
  7750K .......... .......... .......... .......... .......... 60%  154K 51s
  7800K .......... .......... .......... .......... .......... 60% 43.7K 51s
  7850K .......... .......... .......... .......... .......... 61% 70.6K 50s
  7900K .......... .......... .......... .......... .......... 61% 80.1K 50s
  7950K .......... .......... .......... .......... .......... 62%  209K 49s
  8000K .......... .......... .......... .......... .......... 62% 23.2K 50s
  8050K .......... .......... .......... .......... .......... 62%  203K 49s
  8100K .......... .......... .......... .......... .......... 63% 53.5K 49s
  8150K .......... .......... .......... .......... .......... 63%  116K 48s
  8200K .......... .......... .......... .......... .......... 64%  177K 48s
  8250K .......... .......... .......... .......... .......... 64%  203K 47s
  8300K .......... .......... .......... .......... .......... 64%  226K 46s
  8350K .......... .......... .......... .......... .......... 65% 95.9K 46s
  8400K .......... .......... .......... .......... .......... 65% 57.4K 46s
  8450K .......... .......... .......... .......... .......... 65%  167K 45s
  8500K .......... .......... .......... .......... .......... 66%  157K 44s
  8550K .......... .......... .......... .......... .......... 66%  174K 44s
  8600K .......... .......... .......... .......... .......... 67%  103K 43s
  8650K .......... .......... .......... .......... .......... 67% 75.1K 43s
  8700K .......... .......... .......... .......... .......... 67%  177K 42s
  8750K .......... .......... .......... .......... .......... 68%  190K 41s
  8800K .......... .......... .......... .......... .......... 68%  181K 41s
  8850K .......... .......... .......... .......... .......... 69%  167K 40s
  8900K .......... .......... .......... .......... .......... 69% 67.7K 40s
  8950K .......... .......... .......... .......... .......... 69% 68.9K 39s
  9000K .......... .......... .......... .......... .......... 70%  160K 39s
  9050K .......... .......... .......... .......... .......... 70% 14.7K 40s
  9100K .......... .......... .......... .......... .......... 71%  177K 39s
  9150K .......... .......... .......... .......... .......... 71% 46.1K 39s
  9200K .......... .......... .......... .......... .......... 71% 67.2K 38s
  9250K .......... .......... .......... .......... .......... 72% 36.9K 38s
  9300K .......... .......... .......... .......... .......... 72% 96.8K 37s
  9350K .......... .......... .......... .......... .......... 72% 75.8K 37s
  9400K .......... .......... .......... .......... .......... 73%  124K 36s
  9450K .......... .......... .......... .......... .......... 73% 98.0K 36s
  9500K .......... .......... .......... .......... .......... 74%  225K 35s
  9550K .......... .......... .......... .......... .......... 74% 55.9K 35s
  9600K .......... .......... .......... .......... .......... 74%  107K 34s
  9650K .......... .......... .......... .......... .......... 75%  186K 34s
  9700K .......... .......... .......... .......... .......... 75%  102K 33s
  9750K .......... .......... .......... .......... .......... 76% 58.2K 33s
  9800K .......... .......... .......... .......... .......... 76%  198K 32s
  9850K .......... .......... .......... .......... .......... 76%  111K 32s
  9900K .......... .......... .......... .......... .......... 77%  155K 31s
  9950K .......... .......... .......... .......... .......... 77%  166K 30s
 10000K .......... .......... .......... .......... .......... 78% 97.1K 30s
 10050K .......... .......... .......... .......... .......... 78% 67.2K 29s
 10100K .......... .......... .......... .......... .......... 78% 68.3K 29s
 10150K .......... .......... .......... .......... .......... 79%  204K 28s
 10200K .......... .......... .......... .......... .......... 79%  185K 28s
 10250K .......... .......... .......... .......... .......... 79%  157K 27s
 10300K .......... .......... .......... .......... .......... 80%  238K 27s
 10350K .......... .......... .......... .......... .......... 80% 76.4K 26s
 10400K .......... .......... .......... .......... .......... 81%  118K 25s
 10450K .......... .......... .......... .......... .......... 81% 50.5K 25s
 10500K .......... .......... .......... .......... .......... 81% 45.3K 25s
 10550K .......... .......... .......... .......... .......... 82%  111K 24s
 10600K .......... .......... .......... .......... .......... 82%  198K 24s
 10650K .......... .......... .......... .......... .......... 83% 62.1K 23s
 10700K .......... .......... .......... .......... .......... 83%  114K 23s
 10750K .......... .......... .......... .......... .......... 83% 44.3K 22s
 10800K .......... .......... .......... .......... .......... 84% 53.4K 22s
 10850K .......... .......... .......... .......... .......... 84%  204K 21s
 10900K .......... .......... .......... .......... .......... 84%  105K 21s
 10950K .......... .......... .......... .......... .......... 85%  103K 20s
 11000K .......... .......... .......... .......... .......... 85%  225K 19s
 11050K .......... .......... .......... .......... .......... 86%  148K 19s
 11100K .......... .......... .......... .......... .......... 86%  146K 18s
 11150K .......... .......... .......... .......... .......... 86%  116K 18s
 11200K .......... .......... .......... .......... .......... 87%  113K 17s
 11250K .......... .......... .......... .......... .......... 87%  119K 17s
 11300K .......... .......... .......... .......... .......... 88%  160K 16s
 11350K .......... .......... .......... .......... .......... 88%  189K 16s
 11400K .......... .......... .......... .......... .......... 88% 74.4K 15s
 11450K .......... .......... .......... .......... .......... 89% 42.8K 15s
 11500K .......... .......... .......... .......... .......... 89% 93.5K 14s
 11550K .......... .......... .......... .......... .......... 90% 54.5K 14s
 11600K .......... .......... .......... .......... .......... 90%  239K 13s
 11650K .......... .......... .......... .......... .......... 90% 92.5K 12s
 11700K .......... .......... .......... .......... .......... 91% 73.7K 12s
 11750K .......... .......... .......... .......... .......... 91% 95.9K 11s
 11800K .......... .......... .......... .......... .......... 91% 72.4K 11s
 11850K .......... .......... .......... .......... .......... 92%  110K 10s
 11900K .......... .......... .......... .......... .......... 92%  177K 10s
 11950K .......... .......... .......... .......... .......... 93%  149K 9s
 12000K .......... .......... .......... .......... .......... 93%  177K 9s
 12050K .......... .......... .......... .......... .......... 93%  193K 8s
 12100K .......... .......... .......... .......... .......... 94% 73.1K 8s
 12150K .......... .......... .......... .......... .......... 94%  155K 7s
 12200K .......... .......... .......... .......... .......... 95% 75.7K 7s
 12250K .......... .......... .......... .......... .......... 95%  308K 6s
 12300K .......... .......... .......... .......... .......... 95% 80.2K 6s
 12350K .......... .......... .......... .......... .......... 96%  114K 5s
 12400K .......... .......... .......... .......... .......... 96% 66.2K 5s
 12450K .......... .......... .......... .......... .......... 97% 58.2K 4s
 12500K .......... .......... .......... .......... .......... 97%  186K 4s
 12550K .......... .......... .......... .......... .......... 97%  208K 3s
 12600K .......... .......... .......... .......... .......... 98%  214K 2s
 12650K .......... .......... .......... .......... .......... 98% 44.1K 2s
 12700K .......... .......... .......... .......... .......... 98%  166K 1s
 12750K .......... .......... .......... .......... .......... 99%  219K 1s
 12800K .......... .......... .......... .......... .......... 99%  194K 0s
 12850K .......... .......... .......... ....                 100%  190K=2m14s

2016-05-25 01:56:54 (95.9 KB/s) - ‘index.html.17’ saved [13193358/13193358]

