--2016-05-25 02:28:46--  http://10.30.50.93:8000/
Connecting to 10.30.50.93:8000... connected.
HTTP request sent, awaiting response... 200 OK
Length: 13193358 (13M) [text/html]
Saving to: ‘index.html.9’

     0K .......... .......... .......... .......... ..........  0%  480K 27s
    50K .......... .......... .......... .......... ..........  0%  463K 27s
   100K .......... .......... .......... .......... ..........  1%  463K 27s
   150K .......... .......... .......... .......... ..........  1%  428K 28s
   200K .......... .......... .......... .......... ..........  1%  396K 28s
   250K .......... .......... .......... .......... ..........  2%  465K 28s
   300K .......... .......... .......... .......... ..........  2%  437K 28s
   350K .......... .......... .......... .......... ..........  3%  439K 28s
   400K .......... .......... .......... .......... ..........  3%  417K 28s
   450K .......... .......... .......... .......... ..........  3%  379K 29s
   500K .......... .......... .......... .......... ..........  4%  378K 29s
   550K .......... .......... .......... .......... ..........  4%  488K 28s
   600K .......... .......... .......... .......... ..........  5%  430K 28s
   650K .......... .......... .......... .......... ..........  5%  406K 28s
   700K .......... .......... .......... .......... ..........  5%  426K 28s
   750K .......... .......... .......... .......... ..........  6%  507K 28s
   800K .......... .......... .......... .......... ..........  6%  150K 31s
   850K .......... .......... .......... .......... ..........  6%  436K 30s
   900K .......... .......... .......... .......... ..........  7%  380K 30s
   950K .......... .......... .......... .......... ..........  7%  438K 30s
  1000K .......... .......... .......... .......... ..........  8%  463K 30s
  1050K .......... .......... .......... .......... ..........  8%  278K 30s
  1100K .......... .......... .......... .......... ..........  8%  379K 30s
  1150K .......... .......... .......... .......... ..........  9%  508K 30s
  1200K .......... .......... .......... .......... ..........  9%  448K 29s
  1250K .......... .......... .......... .......... .......... 10%  450K 29s
  1300K .......... .......... .......... .......... .......... 10%  389K 29s
  1350K .......... .......... .......... .......... .......... 10%  488K 29s
  1400K .......... .......... .......... .......... .......... 11%  387K 29s
  1450K .......... .......... .......... .......... .......... 11%  437K 28s
  1500K .......... .......... .......... .......... .......... 12%  364K 28s
  1550K .......... .......... .......... .......... .......... 12%  521K 28s
  1600K .......... .......... .......... .......... .......... 12%  378K 28s
  1650K .......... .......... .......... .......... .......... 13%  464K 28s
  1700K .......... .......... .......... .......... .......... 13%  464K 28s
  1750K .......... .......... .......... .......... .......... 13%  426K 27s
  1800K .......... .......... .......... .......... .......... 14%  450K 27s
  1850K .......... .......... .......... .......... .......... 14%  438K 27s
  1900K .......... .......... .......... .......... .......... 15%  440K 27s
  1950K .......... .......... .......... .......... .......... 15%  437K 27s
  2000K .......... .......... .......... .......... .......... 15%  452K 26s
  2050K .......... .......... .......... .......... .......... 16%  415K 26s
  2100K .......... .......... .......... .......... .......... 16%  478K 26s
  2150K .......... .......... .......... .......... .......... 17%  340K 26s
  2200K .......... .......... .......... .......... .......... 17%  154K 27s
  2250K .......... .......... .......... .......... .......... 17%  381K 27s
  2300K .......... .......... .......... .......... .......... 18%  439K 27s
  2350K .......... .......... .......... .......... .......... 18%  325K 27s
  2400K .......... .......... .......... .......... .......... 19%  442K 26s
  2450K .......... .......... .......... .......... .......... 19%  369K 26s
  2500K .......... .......... .......... .......... .......... 19%  490K 26s
  2550K .......... .......... .......... .......... .......... 20%  465K 26s
  2600K .......... .......... .......... .......... .......... 20%  151K 27s
  2650K .......... .......... .......... .......... .......... 20%  429K 26s
  2700K .......... .......... .......... .......... .......... 21%  521K 26s
  2750K .......... .......... .......... .......... .......... 21%  437K 26s
  2800K .......... .......... .......... .......... .......... 22%  379K 26s
  2850K .......... .......... .......... .......... .......... 22%  450K 26s
  2900K .......... .......... .......... .......... .......... 22%  152K 26s
  2950K .......... .......... .......... .......... .......... 23% 92.1K 27s
  3000K .......... .......... .......... .......... .......... 23%  189K 28s
  3050K .......... .......... .......... .......... .......... 24%  427K 28s
  3100K .......... .......... .......... .......... .......... 24%  463K 27s
  3150K .......... .......... .......... .......... .......... 24%  450K 27s
  3200K .......... .......... .......... .......... .......... 25%  439K 27s
  3250K .......... .......... .......... .......... .......... 25%  387K 27s
  3300K .......... .......... .......... .......... .......... 26%  165K 27s
  3350K .......... .......... .......... .......... .......... 26%  452K 27s
  3400K .......... .......... .......... .......... .......... 26%  461K 27s
  3450K .......... .......... .......... .......... .......... 27%  340K 26s
  3500K .......... .......... .......... .......... .......... 27%  562K 26s
  3550K .......... .......... .......... .......... .......... 27%  457K 26s
  3600K .......... .......... .......... .......... .......... 28%  465K 26s
  3650K .......... .......... .......... .......... .......... 28%  447K 25s
  3700K .......... .......... .......... .......... .......... 29%  452K 25s
  3750K .......... .......... .......... .......... .......... 29%  466K 25s
  3800K .......... .......... .......... .......... .......... 29%  386K 25s
  3850K .......... .......... .......... .......... .......... 30%  397K 25s
  3900K .......... .......... .......... .......... .......... 30%  428K 25s
  3950K .......... .......... .......... .......... .......... 31%  507K 24s
  4000K .......... .......... .......... .......... .......... 31%  438K 24s
  4050K .......... .......... .......... .......... .......... 31%  387K 24s
  4100K .......... .......... .......... .......... .......... 32%  520K 24s
  4150K .......... .......... .......... .......... .......... 32%  439K 24s
  4200K .......... .......... .......... .......... .......... 32%  320K 23s
  4250K .......... .......... .......... .......... .......... 33%  418K 23s
  4300K .......... .......... .......... .......... .......... 33%  552K 23s
  4350K .......... .......... .......... .......... .......... 34%  380K 23s
  4400K .......... .......... .......... .......... .......... 34%  451K 23s
  4450K .......... .......... .......... .......... .......... 34%  475K 23s
  4500K .......... .......... .......... .......... .......... 35%  426K 22s
  4550K .......... .......... .......... .......... .......... 35%  429K 22s
  4600K .......... .......... .......... .......... .......... 36%  507K 22s
  4650K .......... .......... .......... .......... .......... 36%  450K 22s
  4700K .......... .......... .......... .......... .......... 36%  461K 22s
  4750K .......... .......... .......... .......... .......... 37%  405K 22s
  4800K .......... .......... .......... .......... .......... 37%  429K 21s
  4850K .......... .......... .......... .......... .......... 38%  537K 21s
  4900K .......... .......... .......... .......... .......... 38%  439K 21s
  4950K .......... .......... .......... .......... .......... 38%  441K 21s
  5000K .......... .......... .......... .......... .......... 39%  149K 21s
  5050K .......... .......... .......... .......... .......... 39%  396K 21s
  5100K .......... .......... .......... .......... .......... 39%  379K 21s
  5150K .......... .......... .......... .......... .......... 40%  538K 21s
  5200K .......... .......... .......... .......... .......... 40%  475K 20s
  5250K .......... .......... .......... .......... .......... 41%  439K 20s
  5300K .......... .......... .......... .......... .......... 41%  389K 20s
  5350K .......... .......... .......... .......... .......... 41%  520K 20s
  5400K .......... .......... .......... .......... .......... 42%  451K 20s
  5450K .......... .......... .......... .......... .......... 42%  427K 20s
  5500K .......... .......... .......... .......... .......... 43%  354K 19s
  5550K .......... .......... .......... .......... .......... 43%  397K 19s
  5600K .......... .......... .......... .......... .......... 43%  524K 19s
  5650K .......... .......... .......... .......... .......... 44%  428K 19s
  5700K .......... .......... .......... .......... .......... 44%  377K 19s
  5750K .......... .......... .......... .......... .......... 45%  503K 19s
  5800K .......... .......... .......... .......... .......... 45%  429K 19s
  5850K .......... .......... .......... .......... .......... 45%  478K 18s
  5900K .......... .......... .......... .......... .......... 46%  360K 18s
  5950K .......... .......... .......... .......... .......... 46%  454K 18s
  6000K .......... .......... .......... .......... .......... 46%  416K 18s
  6050K .......... .......... .......... .......... .......... 47%  475K 18s
  6100K .......... .......... .......... .......... .......... 47%  462K 18s
  6150K .......... .......... .......... .......... .......... 48%  426K 17s
  6200K .......... .......... .......... .......... .......... 48%  481K 17s
  6250K .......... .......... .......... .......... .......... 48%  369K 17s
  6300K .......... .......... .......... .......... .......... 49%  370K 17s
  6350K .......... .......... .......... .......... .......... 49%  453K 17s
  6400K .......... .......... .......... .......... .......... 50%  426K 17s
  6450K .......... .......... .......... .......... .......... 50%  371K 17s
  6500K .......... .......... .......... .......... .......... 50%  449K 17s
  6550K .......... .......... .......... .......... .......... 51%  451K 16s
  6600K .......... .......... .......... .......... .......... 51%  463K 16s
  6650K .......... .......... .......... .......... .......... 52%  438K 16s
  6700K .......... .......... .......... .......... .......... 52%  436K 16s
  6750K .......... .......... .......... .......... .......... 52%  356K 16s
  6800K .......... .......... .......... .......... .......... 53%  439K 16s
  6850K .......... .......... .......... .......... .......... 53%  462K 16s
  6900K .......... .......... .......... .......... .......... 53%  407K 15s
  6950K .......... .......... .......... .......... .......... 54%  450K 15s
  7000K .......... .......... .......... .......... .......... 54%  474K 15s
  7050K .......... .......... .......... .......... .......... 55%  387K 15s
  7100K .......... .......... .......... .......... .......... 55%  439K 15s
  7150K .......... .......... .......... .......... .......... 55%  429K 15s
  7200K .......... .......... .......... .......... .......... 56%  462K 15s
  7250K .......... .......... .......... .......... .......... 56%  449K 14s
  7300K .......... .......... .......... .......... .......... 57%  450K 14s
  7350K .......... .......... .......... .......... .......... 57%  440K 14s
  7400K .......... .......... .......... .......... .......... 57%  419K 14s
  7450K .......... .......... .......... .......... .......... 58%  405K 14s
  7500K .......... .......... .......... .......... .......... 58%  520K 14s
  7550K .......... .......... .......... .......... .......... 58%  399K 14s
  7600K .......... .......... .......... .......... .......... 59%  378K 13s
  7650K .......... .......... .......... .......... .......... 59%  475K 13s
  7700K .......... .......... .......... .......... .......... 60%  363K 13s
  7750K .......... .......... .......... .......... .......... 60%  475K 13s
  7800K .......... .......... .......... .......... .......... 60%  416K 13s
  7850K .......... .......... .......... .......... .......... 61%  464K 13s
  7900K .......... .......... .......... .......... .......... 61%  430K 13s
  7950K .......... .......... .......... .......... .......... 62%  427K 12s
  8000K .......... .......... .......... .......... .......... 62%  449K 12s
  8050K .......... .......... .......... .......... .......... 62%  429K 12s
  8100K .......... .......... .......... .......... .......... 63%  406K 12s
  8150K .......... .......... .......... .......... .......... 63%  451K 12s
  8200K .......... .......... .......... .......... .......... 64%  369K 12s
  8250K .......... .......... .......... .......... .......... 64%  489K 12s
  8300K .......... .......... .......... .......... .......... 64%  491K 12s
  8350K .......... .......... .......... .......... .......... 65%  440K 11s
  8400K .......... .......... .......... .......... .......... 65%  426K 11s
  8450K .......... .......... .......... .......... .......... 65%  452K 11s
  8500K .......... .......... .......... .......... .......... 66%  153K 11s
  8550K .......... .......... .......... .......... .......... 66%  377K 11s
  8600K .......... .......... .......... .......... .......... 67%  438K 11s
  8650K .......... .......... .......... .......... .......... 67%  407K 11s
  8700K .......... .......... .......... .......... .......... 67%  464K 11s
  8750K .......... .......... .......... .......... .......... 68%  340K 10s
  8800K .......... .......... .......... .......... .......... 68%  429K 10s
  8850K .......... .......... .......... .......... .......... 69%  487K 10s
  8900K .......... .......... .......... .......... .......... 69%  407K 10s
  8950K .......... .......... .......... .......... .......... 69%  441K 10s
  9000K .......... .......... .......... .......... .......... 70%  504K 10s
  9050K .......... .......... .......... .......... .......... 70%  154K 10s
  9100K .......... .......... .......... .......... .......... 71%  410K 10s
  9150K .......... .......... .......... .......... .......... 71%  461K 9s
  9200K .......... .......... .......... .......... .......... 71%  370K 9s
  9250K .......... .......... .......... .......... .......... 72%  506K 9s
  9300K .......... .......... .......... .......... .......... 72%  397K 9s
  9350K .......... .......... .......... .......... .......... 72%  409K 9s
  9400K .......... .......... .......... .......... .......... 73%  518K 9s
  9450K .......... .......... .......... .......... .......... 73%  341K 9s
  9500K .......... .......... .......... .......... .......... 74%  406K 9s
  9550K .......... .......... .......... .......... .......... 74%  477K 8s
  9600K .......... .......... .......... .......... .......... 74%  437K 8s
  9650K .......... .......... .......... .......... .......... 75%  405K 8s
  9700K .......... .......... .......... .......... .......... 75%  364K 8s
  9750K .......... .......... .......... .......... .......... 76%  489K 8s
  9800K .......... .......... .......... .......... .......... 76%  397K 8s
  9850K .......... .......... .......... .......... .......... 76%  450K 8s
  9900K .......... .......... .......... .......... .......... 77%  449K 7s
  9950K .......... .......... .......... .......... .......... 77%  466K 7s
 10000K .......... .......... .......... .......... .......... 78%  449K 7s
 10050K .......... .......... .......... .......... .......... 78%  453K 7s
 10100K .......... .......... .......... .......... .......... 78%  424K 7s
 10150K .......... .......... .......... .......... .......... 79%  364K 7s
 10200K .......... .......... .......... .......... .......... 79%  407K 7s
 10250K .......... .......... .......... .......... .......... 79%  303K 7s
 10300K .......... .......... .......... .......... .......... 80%  453K 6s
 10350K .......... .......... .......... .......... .......... 80%  520K 6s
 10400K .......... .......... .......... .......... .......... 81%  449K 6s
 10450K .......... .......... .......... .......... .......... 81%  451K 6s
 10500K .......... .......... .......... .......... .......... 81%  450K 6s
 10550K .......... .......... .......... .......... .......... 82%  347K 6s
 10600K .......... .......... .......... .......... .......... 82%  461K 6s
 10650K .......... .......... .......... .......... .......... 83%  453K 6s
 10700K .......... .......... .......... .......... .......... 83%  386K 5s
 10750K .......... .......... .......... .......... .......... 83%  429K 5s
 10800K .......... .......... .......... .......... .......... 84%  426K 5s
 10850K .......... .......... .......... .......... .......... 84%  159K 5s
 10900K .......... .......... .......... .......... .......... 84%  396K 5s
 10950K .......... .......... .......... .......... .......... 85%  381K 5s
 11000K .......... .......... .......... .......... .......... 85%  475K 5s
 11050K .......... .......... .......... .......... .......... 86%  370K 5s
 11100K .......... .......... .......... .......... .......... 86%  463K 4s
 11150K .......... .......... .......... .......... .......... 86%  438K 4s
 11200K .......... .......... .......... .......... .......... 87%  450K 4s
 11250K .......... .......... .......... .......... .......... 87%  355K 4s
 11300K .......... .......... .......... .......... .......... 88%  417K 4s
 11350K .......... .......... .......... .......... .......... 88%  437K 4s
 11400K .......... .......... .......... .......... .......... 88%  462K 4s
 11450K .......... .......... .......... .......... .......... 89%  388K 4s
 11500K .......... .......... .......... .......... .......... 89%  490K 3s
 11550K .......... .......... .......... .......... .......... 90%  429K 3s
 11600K .......... .......... .......... .......... .......... 90%  416K 3s
 11650K .......... .......... .......... .......... .......... 90%  491K 3s
 11700K .......... .......... .......... .......... .......... 91%  450K 3s
 11750K .......... .......... .......... .......... .......... 91%  395K 3s
 11800K .......... .......... .......... .......... .......... 91%  417K 3s
 11850K .......... .......... .......... .......... .......... 92%  157K 3s
 11900K .......... .......... .......... .......... .......... 92%  448K 2s
 11950K .......... .......... .......... .......... .......... 93%  431K 2s
 12000K .......... .......... .......... .......... .......... 93%  370K 2s
 12050K .......... .......... .......... .......... .......... 93%  448K 2s
 12100K .......... .......... .......... .......... .......... 94%  408K 2s
 12150K .......... .......... .......... .......... .......... 94%  506K 2s
 12200K .......... .......... .......... .......... .......... 95%  450K 2s
 12250K .......... .......... .......... .......... .......... 95%  450K 1s
 12300K .......... .......... .......... .......... .......... 95%  450K 1s
 12350K .......... .......... .......... .......... .......... 96%  372K 1s
 12400K .......... .......... .......... .......... .......... 96%  416K 1s
 12450K .......... .......... .......... .......... .......... 97%  450K 1s
 12500K .......... .......... .......... .......... .......... 97%  389K 1s
 12550K .......... .......... .......... .......... .......... 97%  339K 1s
 12600K .......... .......... .......... .......... .......... 98%  386K 1s
 12650K .......... .......... .......... .......... .......... 98%  453K 0s
 12700K .......... .......... .......... .......... .......... 98%  415K 0s
 12750K .......... .......... .......... .......... .......... 99%  156K 0s
 12800K .......... .......... .......... .......... .......... 99%  387K 0s
 12850K .......... .......... .......... ....                 100%  563K=33s

2016-05-25 02:29:19 (391 KB/s) - ‘index.html.9’ saved [13193358/13193358]

