--2016-05-25 03:05:10--  http://10.30.50.93:8000/
Connecting to 10.30.50.93:8000... connected.
HTTP request sent, awaiting response... 200 OK
Length: 13193358 (13M) [text/html]
Saving to: ‘index.html.18’

     0K .......... .......... .......... .......... ..........  0%  517K 25s
    50K .......... .......... .......... .......... ..........  0%  165K 51s
   100K .......... .......... .......... .......... ..........  1% 98.2K 77s
   150K .......... .......... .......... .......... ..........  1% 99.2K 90s
   200K .......... .......... .......... .......... ..........  1% 51.9K 2m0s
   250K .......... .......... .......... .......... ..........  2%  155K 1m53s
   300K .......... .......... .......... .......... ..........  2% 28.6K 2m39s
   350K .......... .......... .......... .......... ..........  3% 67.0K 2m42s
   400K .......... .......... .......... .......... ..........  3%  546K 2m26s
   450K .......... .......... .......... .......... ..........  3%  473K 2m14s
   500K .......... .......... .......... .......... ..........  4%  485K 2m3s
   550K .......... .......... .......... .......... ..........  4%  150K 1m59s
   600K .......... .......... .......... .......... ..........  5%  101K 1m59s
   650K .......... .......... .......... .......... ..........  5%  163K 1m55s
   700K .......... .......... .......... .......... ..........  5%  416K 1m49s
   750K .......... .......... .......... .......... ..........  6%  409K 1m44s
   800K .......... .......... .......... .......... ..........  6%  160K 1m42s
   850K .......... .......... .......... .......... ..........  6% 97.8K 1m42s
   900K .......... .......... .......... .......... ..........  7%  151K 1m41s
   950K .......... .......... .......... .......... ..........  7%  475K 97s
  1000K .......... .......... .......... .......... ..........  8%  451K 93s
  1050K .......... .......... .......... .......... ..........  8% 7.37K 2m41s
  1100K .......... .......... .......... .......... ..........  8% 96.8K 2m39s
  1150K .......... .......... .......... .......... ..........  9%  389K 2m33s
  1200K .......... .......... .......... .......... ..........  9%  145K 2m29s
  1250K .......... .......... .......... .......... .......... 10%  451K 2m24s
  1300K .......... .......... .......... .......... .......... 10%  101K 2m22s
  1350K .......... .......... .......... .......... .......... 10% 2.94M 2m17s
  1400K .......... .......... .......... .......... .......... 11%  402K 2m12s
  1450K .......... .......... .......... .......... .......... 11%  474K 2m8s
  1500K .......... .......... .......... .......... .......... 12%  493K 2m4s
  1550K .......... .......... .......... .......... .......... 12%  149K 2m2s
  1600K .......... .......... .......... .......... .......... 12% 94.7K 2m1s
  1650K .......... .......... .......... .......... .......... 13%  522K 1m58s
  1700K .......... .......... .......... .......... .......... 13%  148K 1m56s
  1750K .......... .......... .......... .......... .......... 13% 53.3K 1m58s
  1800K .......... .......... .......... .......... .......... 14%  168K 1m56s
  1850K .......... .......... .......... .......... .......... 14% 74.4K 1m57s
  1900K .......... .......... .......... .......... .......... 15%  420K 1m54s
  1950K .......... .......... .......... .......... .......... 15% 68.3K 1m54s
  2000K .......... .......... .......... .......... .......... 15%  146K 1m53s
  2050K .......... .......... .......... .......... .......... 16% 55.4K 1m54s
  2100K .......... .......... .......... .......... .......... 16%  162K 1m53s
  2150K .......... .......... .......... .......... .......... 17%  568K 1m50s
  2200K .......... .......... .......... .......... .......... 17%  414K 1m48s
  2250K .......... .......... .......... .......... .......... 17% 45.5K 1m50s
  2300K .......... .......... .......... .......... .......... 18%  473K 1m48s
  2350K .......... .......... .......... .......... .......... 18% 73.3K 1m48s
  2400K .......... .......... .......... .......... .......... 19%  434K 1m46s
  2450K .......... .......... .......... .......... .......... 19%  445K 1m43s
  2500K .......... .......... .......... .......... .......... 19%  162K 1m42s
  2550K .......... .......... .......... .......... .......... 20%  105K 1m42s
  2600K .......... .......... .......... .......... .......... 20% 33.5K 1m45s
  2650K .......... .......... .......... .......... .......... 20%  494K 1m43s
  2700K .......... .......... .......... .......... .......... 21%  170K 1m42s
  2750K .......... .......... .......... .......... .......... 21%  160K 1m40s
  2800K .......... .......... .......... .......... .......... 22% 69.6K 1m41s
  2850K .......... .......... .......... .......... .......... 22%  150K 1m40s
  2900K .......... .......... .......... .......... .......... 22% 68.7K 1m40s
  2950K .......... .......... .......... .......... .......... 23% 68.6K 1m40s
  3000K .......... .......... .......... .......... .......... 23% 65.6K 1m40s
  3050K .......... .......... .......... .......... .......... 24%  480K 99s
  3100K .......... .......... .......... .......... .......... 24% 53.6K 1m40s
  3150K .......... .......... .......... .......... .......... 24%  109K 99s
  3200K .......... .......... .......... .......... .......... 25%  160K 98s
  3250K .......... .......... .......... .......... .......... 25%  580K 96s
  3300K .......... .......... .......... .......... .......... 26% 71.3K 96s
  3350K .......... .......... .......... .......... .......... 26% 75.2K 96s
  3400K .......... .......... .......... .......... .......... 26% 1.07M 94s
  3450K .......... .......... .......... .......... .......... 27%  146K 93s
  3500K .......... .......... .......... .......... .......... 27% 71.1K 93s
  3550K .......... .......... .......... .......... .......... 27%  380K 92s
  3600K .......... .......... .......... .......... .......... 28%  633K 90s
  3650K .......... .......... .......... .......... .......... 28%  422K 89s
  3700K .......... .......... .......... .......... .......... 29%  168K 88s
  3750K .......... .......... .......... .......... .......... 29%  629K 87s
  3800K .......... .......... .......... .......... .......... 29%  154K 86s
  3850K .......... .......... .......... .......... .......... 30%  508K 84s
  3900K .......... .......... .......... .......... .......... 30%  596K 83s
  3950K .......... .......... .......... .......... .......... 31% 67.9K 83s
  4000K .......... .......... .......... .......... .......... 31%  595K 82s
  4050K .......... .......... .......... .......... .......... 31% 71.1K 82s
  4100K .......... .......... .......... .......... .......... 32%  551K 81s
  4150K .......... .......... .......... .......... .......... 32%  452K 80s
  4200K .......... .......... .......... .......... .......... 32% 37.6K 81s
  4250K .......... .......... .......... .......... .......... 33% 32.6K 82s
  4300K .......... .......... .......... .......... .......... 33%  617K 81s
  4350K .......... .......... .......... .......... .......... 34%  378K 80s
  4400K .......... .......... .......... .......... .......... 34% 54.6K 80s
  4450K .......... .......... .......... .......... .......... 34%  519K 79s
  4500K .......... .......... .......... .......... .......... 35%  452K 78s
  4550K .......... .......... .......... .......... .......... 35%  138K 77s
  4600K .......... .......... .......... .......... .......... 36%  173K 77s
  4650K .......... .......... .......... .......... .......... 36% 67.7K 77s
  4700K .......... .......... .......... .......... .......... 36% 69.9K 77s
  4750K .......... .......... .......... .......... .......... 37%  161K 76s
  4800K .......... .......... .......... .......... .......... 37%  169K 75s
  4850K .......... .......... .......... .......... .......... 38%  553K 74s
  4900K .......... .......... .......... .......... .......... 38%  443K 73s
  4950K .......... .......... .......... .......... .......... 38% 94.2K 73s
  5000K .......... .......... .......... .......... .......... 39%  416K 72s
  5050K .......... .......... .......... .......... .......... 39%  461K 71s
  5100K .......... .......... .......... .......... .......... 39% 32.2K 72s
  5150K .......... .......... .......... .......... .......... 40% 32.6K 73s
  5200K .......... .......... .......... .......... .......... 40% 93.6K 73s
  5250K .......... .......... .......... .......... .......... 41% 97.2K 72s
  5300K .......... .......... .......... .......... .......... 41%  461K 71s
  5350K .......... .......... .......... .......... .......... 41%  419K 70s
  5400K .......... .......... .......... .......... .......... 42% 67.6K 70s
  5450K .......... .......... .......... .......... .......... 42% 94.3K 70s
  5500K .......... .......... .......... .......... .......... 43%  564K 69s
  5550K .......... .......... .......... .......... .......... 43% 95.6K 68s
  5600K .......... .......... .......... .......... .......... 43% 45.6K 69s
  5650K .......... .......... .......... .......... .......... 44% 44.6K 69s
  5700K .......... .......... .......... .......... .......... 44% 1.15M 68s
  5750K .......... .......... .......... .......... .......... 45%  161K 67s
  5800K .......... .......... .......... .......... .......... 45% 43.8K 68s
  5850K .......... .......... .......... .......... .......... 45%  181K 67s
  5900K .......... .......... .......... .......... .......... 46%  406K 66s
  5950K .......... .......... .......... .......... .......... 46% 99.0K 66s
  6000K .......... .......... .......... .......... .......... 46%  434K 65s
  6050K .......... .......... .......... .......... .......... 47%  530K 64s
  6100K .......... .......... .......... .......... .......... 47% 68.8K 64s
  6150K .......... .......... .......... .......... .......... 48% 97.2K 63s
  6200K .......... .......... .......... .......... .......... 48%  157K 63s
  6250K .......... .......... .......... .......... .......... 48%  483K 62s
  6300K .......... .......... .......... .......... .......... 49%  522K 61s
  6350K .......... .......... .......... .......... .......... 49%  415K 60s
  6400K .......... .......... .......... .......... .......... 50%  137K 60s
  6450K .......... .......... .......... .......... .......... 50%  437K 59s
  6500K .......... .......... .......... .......... .......... 50%  531K 58s
  6550K .......... .......... .......... .......... .......... 51%  432K 57s
  6600K .......... .......... .......... .......... .......... 51%  456K 56s
  6650K .......... .......... .......... .......... .......... 52%  105K 56s
  6700K .......... .......... .......... .......... .......... 52%  542K 55s
  6750K .......... .......... .......... .......... .......... 52%  162K 55s
  6800K .......... .......... .......... .......... .......... 53% 95.1K 54s
  6850K .......... .......... .......... .......... .......... 53%  408K 53s
  6900K .......... .......... .......... .......... .......... 53%  164K 53s
  6950K .......... .......... .......... .......... .......... 54% 96.1K 52s
  7000K .......... .......... .......... .......... .......... 54% 90.2K 52s
  7050K .......... .......... .......... .......... .......... 55% 66.6K 52s
  7100K .......... .......... .......... .......... .......... 55%  521K 51s
  7150K .......... .......... .......... .......... .......... 55%  532K 50s
  7200K .......... .......... .......... .......... .......... 56%  547K 50s
  7250K .......... .......... .......... .......... .......... 56%  453K 49s
  7300K .......... .......... .......... .......... .......... 57%  453K 48s
  7350K .......... .......... .......... .......... .......... 57% 70.6K 48s
  7400K .......... .......... .......... .......... .......... 57%  510K 47s
  7450K .......... .......... .......... .......... .......... 58% 97.6K 47s
  7500K .......... .......... .......... .......... .......... 58%  554K 46s
  7550K .......... .......... .......... .......... .......... 58%  155K 46s
  7600K .......... .......... .......... .......... .......... 59% 98.3K 45s
  7650K .......... .......... .......... .......... .......... 59% 71.8K 45s
  7700K .......... .......... .......... .......... .......... 60%  400K 45s
  7750K .......... .......... .......... .......... .......... 60% 96.5K 44s
  7800K .......... .......... .......... .......... .......... 60%  151K 44s
  7850K .......... .......... .......... .......... .......... 61% 96.9K 43s
  7900K .......... .......... .......... .......... .......... 61% 53.7K 43s
  7950K .......... .......... .......... .......... .......... 62% 44.1K 43s
  8000K .......... .......... .......... .......... .......... 62%  751K 43s
  8050K .......... .......... .......... .......... .......... 62%  409K 42s
  8100K .......... .......... .......... .......... .......... 63% 93.8K 42s
  8150K .......... .......... .......... .......... .......... 63%  433K 41s
  8200K .......... .......... .......... .......... .......... 64%  443K 40s
  8250K .......... .......... .......... .......... .......... 64% 70.9K 40s
  8300K .......... .......... .......... .......... .......... 64% 93.0K 40s
  8350K .......... .......... .......... .......... .......... 65%  155K 39s
  8400K .......... .......... .......... .......... .......... 65%  232K 39s
  8450K .......... .......... .......... .......... .......... 65% 68.7K 38s
  8500K .......... .......... .......... .......... .......... 66%  470K 38s
  8550K .......... .......... .......... .......... .......... 66%  108K 37s
  8600K .......... .......... .......... .......... .......... 67%  142K 37s
  8650K .......... .......... .......... .......... .......... 67%  494K 36s
  8700K .......... .......... .......... .......... .......... 67% 98.2K 36s
  8750K .......... .......... .......... .......... .......... 68% 97.5K 35s
  8800K .......... .......... .......... .......... .......... 68%  548K 35s
  8850K .......... .......... .......... .......... .......... 69% 69.5K 34s
  8900K .......... .......... .......... .......... .......... 69%  405K 34s
  8950K .......... .......... .......... .......... .......... 69%  151K 33s
  9000K .......... .......... .......... .......... .......... 70% 98.9K 33s
  9050K .......... .......... .......... .......... .......... 70%  460K 32s
  9100K .......... .......... .......... .......... .......... 71% 96.4K 32s
  9150K .......... .......... .......... .......... .......... 71%  484K 32s
  9200K .......... .......... .......... .......... .......... 71%  455K 31s
  9250K .......... .......... .......... .......... .......... 72%  161K 31s
  9300K .......... .......... .......... .......... .......... 72%  519K 30s
  9350K .......... .......... .......... .......... .......... 72%  162K 29s
  9400K .......... .......... .......... .......... .......... 73%  502K 29s
  9450K .......... .......... .......... .......... .......... 73% 96.0K 29s
  9500K .......... .......... .......... .......... .......... 74% 33.1K 29s
  9550K .......... .......... .......... .......... .......... 74%  157K 28s
  9600K .......... .......... .......... .......... .......... 74%  172K 28s
  9650K .......... .......... .......... .......... .......... 75%  425K 27s
  9700K .......... .......... .......... .......... .......... 75%  532K 27s
  9750K .......... .......... .......... .......... .......... 76% 53.9K 26s
  9800K .......... .......... .......... .......... .......... 76%  452K 26s
  9850K .......... .......... .......... .......... .......... 76%  416K 25s
  9900K .......... .......... .......... .......... .......... 77% 28.4K 25s
  9950K .......... .......... .......... .......... .......... 77%  425K 25s
 10000K .......... .......... .......... .......... .......... 78%  167K 24s
 10050K .......... .......... .......... .......... .......... 78%  544K 24s
 10100K .......... .......... .......... .......... .......... 78%  477K 23s
 10150K .......... .......... .......... .......... .......... 79% 87.6K 23s
 10200K .......... .......... .......... .......... .......... 79%  160K 22s
 10250K .......... .......... .......... .......... .......... 79%  482K 22s
 10300K .......... .......... .......... .......... .......... 80%  446K 21s
 10350K .......... .......... .......... .......... .......... 80%  103K 21s
 10400K .......... .......... .......... .......... .......... 81%  161K 20s
 10450K .......... .......... .......... .......... .......... 81%  162K 20s
 10500K .......... .......... .......... .......... .......... 81%  407K 20s
 10550K .......... .......... .......... .......... .......... 82% 68.8K 19s
 10600K .......... .......... .......... .......... .......... 82%  150K 19s
 10650K .......... .......... .......... .......... .......... 83%  166K 18s
 10700K .......... .......... .......... .......... .......... 83% 45.3K 18s
 10750K .......... .......... .......... .......... .......... 83% 53.0K 18s
 10800K .......... .......... .......... .......... .......... 84%  522K 17s
 10850K .......... .......... .......... .......... .......... 84%  165K 17s
 10900K .......... .......... .......... .......... .......... 84%  167K 16s
 10950K .......... .......... .......... .......... .......... 85% 99.2K 16s
 11000K .......... .......... .......... .......... .......... 85%  159K 15s
 11050K .......... .......... .......... .......... .......... 86%  159K 15s
 11100K .......... .......... .......... .......... .......... 86% 52.6K 15s
 11150K .......... .......... .......... .......... .......... 86% 68.8K 14s
 11200K .......... .......... .......... .......... .......... 87% 57.1K 14s
 11250K .......... .......... .......... .......... .......... 87% 94.8K 14s
 11300K .......... .......... .......... .......... .......... 88%  103K 13s
 11350K .......... .......... .......... .......... .......... 88% 69.9K 13s
 11400K .......... .......... .......... .......... .......... 88% 53.4K 12s
 11450K .......... .......... .......... .......... .......... 89%  896K 12s
 11500K .......... .......... .......... .......... .......... 89% 44.3K 12s
 11550K .......... .......... .......... .......... .......... 90%  592K 11s
 11600K .......... .......... .......... .......... .......... 90% 97.8K 11s
 11650K .......... .......... .......... .......... .......... 90% 68.6K 10s
 11700K .......... .......... .......... .......... .......... 91% 71.0K 10s
 11750K .......... .......... .......... .......... .......... 91%  437K 9s
 11800K .......... .......... .......... .......... .......... 91% 95.5K 9s
 11850K .......... .......... .......... .......... .......... 92%  486K 9s
 11900K .......... .......... .......... .......... .......... 92% 67.7K 8s
 11950K .......... .......... .......... .......... .......... 93% 69.8K 8s
 12000K .......... .......... .......... .......... .......... 93%  476K 7s
 12050K .......... .......... .......... .......... .......... 93%  505K 7s
 12100K .......... .......... .......... .......... .......... 94% 72.3K 6s
 12150K .......... .......... .......... .......... .......... 94% 69.3K 6s
 12200K .......... .......... .......... .......... .......... 95% 68.0K 6s
 12250K .......... .......... .......... .......... .......... 95%  159K 5s
 12300K .......... .......... .......... .......... .......... 95%  138K 5s
 12350K .......... .......... .......... .......... .......... 96%  503K 4s
 12400K .......... .......... .......... .......... .......... 96%  156K 4s
 12450K .......... .......... .......... .......... .......... 97%  401K 3s
 12500K .......... .......... .......... .......... .......... 97% 25.4K 3s
 12550K .......... .......... .......... .......... .......... 97%  164K 2s
 12600K .......... .......... .......... .......... .......... 98%  497K 2s
 12650K .......... .......... .......... .......... .......... 98% 53.5K 2s
 12700K .......... .......... .......... .......... .......... 98%  100K 1s
 12750K .......... .......... .......... .......... .......... 99%  457K 1s
 12800K .......... .......... .......... .......... .......... 99%  531K 0s
 12850K .......... .......... .......... ....                 100%  529K=1m52s

2016-05-25 03:07:02 (115 KB/s) - ‘index.html.18’ saved [13193358/13193358]

