--2016-05-25 03:37:21--  http://10.30.50.93:8000/
Connecting to 10.30.50.93:8000... connected.
HTTP request sent, awaiting response... 200 OK
Length: 13193358 (13M) [text/html]
Saving to: ‘index.html.7’

     0K .......... .......... .......... .......... ..........  0% 1.78M 7s
    50K .......... .......... .......... .......... ..........  0% 3.46M 5s
   100K .......... .......... .......... .......... ..........  1% 1.55M 6s
   150K .......... .......... .......... .......... ..........  1% 3.26M 6s
   200K .......... .......... .......... .......... ..........  1% 2.37M 5s
   250K .......... .......... .......... .......... ..........  2% 1.76M 6s
   300K .......... .......... .......... .......... ..........  2% 1.50M 6s
   350K .......... .......... .......... .......... ..........  3% 2.13M 6s
   400K .......... .......... .......... .......... ..........  3% 1.50M 6s
   450K .......... .......... .......... .......... ..........  3% 1.97M 6s
   500K .......... .......... .......... .......... ..........  4% 1.36M 6s
   550K .......... .......... .......... .......... ..........  4% 1.04M 7s
   600K .......... .......... .......... .......... ..........  5% 1.04M 7s
   650K .......... .......... .......... .......... ..........  5% 1.24M 7s
   700K .......... .......... .......... .......... ..........  5% 1.09M 8s
   750K .......... .......... .......... .......... ..........  6% 1.22M 8s
   800K .......... .......... .......... .......... ..........  6% 1.27M 8s
   850K .......... .......... .......... .......... ..........  6% 1.17M 8s
   900K .......... .......... .......... .......... ..........  7% 1.48M 8s
   950K .......... .......... .......... .......... ..........  7% 1.56M 8s
  1000K .......... .......... .......... .......... ..........  8% 1.48M 8s
  1050K .......... .......... .......... .......... ..........  8% 1.80M 8s
  1100K .......... .......... .......... .......... ..........  8% 1.96M 7s
  1150K .......... .......... .......... .......... ..........  9% 1.43M 7s
  1200K .......... .......... .......... .......... ..........  9% 1.07M 8s
  1250K .......... .......... .......... .......... .......... 10% 1.37M 8s
  1300K .......... .......... .......... .......... .......... 10% 1.09M 8s
  1350K .......... .......... .......... .......... .......... 10% 1.57M 8s
  1400K .......... .......... .......... .......... .......... 11% 1.22M 8s
  1450K .......... .......... .......... .......... .......... 11% 1.56M 8s
  1500K .......... .......... .......... .......... .......... 12% 1.17M 8s
  1550K .......... .......... .......... .......... .......... 12% 1.30M 8s
  1600K .......... .......... .......... .......... .......... 12% 1.13M 8s
  1650K .......... .......... .......... .......... .......... 13%  926K 8s
  1700K .......... .......... .......... .......... .......... 13% 1.31M 8s
  1750K .......... .......... .......... .......... .......... 13% 1.31M 8s
  1800K .......... .......... .......... .......... .......... 14% 1.68M 8s
  1850K .......... .......... .......... .......... .......... 14% 1.10M 8s
  1900K .......... .......... .......... .......... .......... 15% 1.42M 8s
  1950K .......... .......... .......... .......... .......... 15% 1.12M 8s
  2000K .......... .......... .......... .......... .......... 15% 1.22M 8s
  2050K .......... .......... .......... .......... .......... 16% 1.29M 8s
  2100K .......... .......... .......... .......... .......... 16% 1.86M 8s
  2150K .......... .......... .......... .......... .......... 17% 1.89M 7s
  2200K .......... .......... .......... .......... .......... 17% 1.71M 7s
  2250K .......... .......... .......... .......... .......... 17% 2.19M 7s
  2300K .......... .......... .......... .......... .......... 18% 2.38M 7s
  2350K .......... .......... .......... .......... .......... 18% 1.70M 7s
  2400K .......... .......... .......... .......... .......... 19% 1.79M 7s
  2450K .......... .......... .......... .......... .......... 19% 1.58M 7s
  2500K .......... .......... .......... .......... .......... 19% 2.03M 7s
  2550K .......... .......... .......... .......... .......... 20% 1.60M 7s
  2600K .......... .......... .......... .......... .......... 20% 1.32M 7s
  2650K .......... .......... .......... .......... .......... 20% 1.60M 7s
  2700K .......... .......... .......... .......... .......... 21% 1.65M 7s
  2750K .......... .......... .......... .......... .......... 21% 1.50M 7s
  2800K .......... .......... .......... .......... .......... 22% 1.12M 7s
  2850K .......... .......... .......... .......... .......... 22% 1.30M 7s
  2900K .......... .......... .......... .......... .......... 22%  862K 7s
  2950K .......... .......... .......... .......... .......... 23% 1.47M 7s
  3000K .......... .......... .......... .......... .......... 23% 1.09M 7s
  3050K .......... .......... .......... .......... .......... 24%  205K 7s
  3100K .......... .......... .......... .......... .......... 24% 1.06M 7s
  3150K .......... .......... .......... .......... .......... 24% 1.13M 7s
  3200K .......... .......... .......... .......... .......... 25% 1.38M 7s
  3250K .......... .......... .......... .......... .......... 25% 1.19M 7s
  3300K .......... .......... .......... .......... .......... 26%  907K 7s
  3350K .......... .......... .......... .......... .......... 26% 1.29M 7s
  3400K .......... .......... .......... .......... .......... 26% 1.00M 7s
  3450K .......... .......... .......... .......... .......... 27% 1.46M 7s
  3500K .......... .......... .......... .......... .......... 27% 1.15M 7s
  3550K .......... .......... .......... .......... .......... 27% 1.46M 7s
  3600K .......... .......... .......... .......... .......... 28% 1.17M 7s
  3650K .......... .......... .......... .......... .......... 28% 1.51M 7s
  3700K .......... .......... .......... .......... .......... 29% 2.23M 7s
  3750K .......... .......... .......... .......... .......... 29% 1.61M 7s
  3800K .......... .......... .......... .......... .......... 29% 1.82M 7s
  3850K .......... .......... .......... .......... .......... 30% 1.81M 7s
  3900K .......... .......... .......... .......... .......... 30% 2.49M 7s
  3950K .......... .......... .......... .......... .......... 31% 2.21M 7s
  4000K .......... .......... .......... .......... .......... 31% 2.19M 7s
  4050K .......... .......... .......... .......... .......... 31% 2.12M 6s
  4100K .......... .......... .......... .......... .......... 32% 1.89M 6s
  4150K .......... .......... .......... .......... .......... 32% 2.20M 6s
  4200K .......... .......... .......... .......... .......... 32% 2.30M 6s
  4250K .......... .......... .......... .......... .......... 33% 1.80M 6s
  4300K .......... .......... .......... .......... .......... 33% 1.34M 6s
  4350K .......... .......... .......... .......... .......... 34%  912K 6s
  4400K .......... .......... .......... .......... .......... 34% 1010K 6s
  4450K .......... .......... .......... .......... .......... 34% 1.21M 6s
  4500K .......... .......... .......... .......... .......... 35% 1.31M 6s
  4550K .......... .......... .......... .......... .......... 35% 1.20M 6s
  4600K .......... .......... .......... .......... .......... 36% 1.31M 6s
  4650K .......... .......... .......... .......... .......... 36% 1.26M 6s
  4700K .......... .......... .......... .......... .......... 36% 1.26M 6s
  4750K .......... .......... .......... .......... .......... 37% 1.04M 6s
  4800K .......... .......... .......... .......... .......... 37% 1.31M 6s
  4850K .......... .......... .......... .......... .......... 38% 1.17M 6s
  4900K .......... .......... .......... .......... .......... 38%  208K 6s
  4950K .......... .......... .......... .......... .......... 38% 1.18M 6s
  5000K .......... .......... .......... .......... .......... 39% 1.38M 6s
  5050K .......... .......... .......... .......... .......... 39% 1.39M 6s
  5100K .......... .......... .......... .......... .......... 39% 1.39M 6s
  5150K .......... .......... .......... .......... .......... 40% 1.51M 6s
  5200K .......... .......... .......... .......... .......... 40% 2.03M 6s
  5250K .......... .......... .......... .......... .......... 41% 1.80M 6s
  5300K .......... .......... .......... .......... .......... 41% 2.09M 6s
  5350K .......... .......... .......... .......... .......... 41% 1.88M 6s
  5400K .......... .......... .......... .......... .......... 42% 2.19M 6s
  5450K .......... .......... .......... .......... .......... 42% 1.51M 6s
  5500K .......... .......... .......... .......... .......... 43% 1.29M 6s
  5550K .......... .......... .......... .......... .......... 43% 1.65M 6s
  5600K .......... .......... .......... .......... .......... 43% 1.50M 5s
  5650K .......... .......... .......... .......... .......... 44% 1.24M 5s
  5700K .......... .......... .......... .......... .......... 44% 1.65M 5s
  5750K .......... .......... .......... .......... .......... 45% 2.28M 5s
  5800K .......... .......... .......... .......... .......... 45% 1.97M 5s
  5850K .......... .......... .......... .......... .......... 45% 2.17M 5s
  5900K .......... .......... .......... .......... .......... 46% 1.60M 5s
  5950K .......... .......... .......... .......... .......... 46% 1.80M 5s
  6000K .......... .......... .......... .......... .......... 46% 2.11M 5s
  6050K .......... .......... .......... .......... .......... 47% 1.44M 5s
  6100K .......... .......... .......... .......... .......... 47% 1.08M 5s
  6150K .......... .......... .......... .......... .......... 48% 1.12M 5s
  6200K .......... .......... .......... .......... .......... 48% 1.00M 5s
  6250K .......... .......... .......... .......... .......... 48% 1.08M 5s
  6300K .......... .......... .......... .......... .......... 49% 1.25M 5s
  6350K .......... .......... .......... .......... .......... 49% 1.18M 5s
  6400K .......... .......... .......... .......... .......... 50%  213K 5s
  6450K .......... .......... .......... .......... .......... 50% 1.50M 5s
  6500K .......... .......... .......... .......... .......... 50% 1.51M 5s
  6550K .......... .......... .......... .......... .......... 51% 1.44M 5s
  6600K .......... .......... .......... .......... .......... 51% 3.02M 5s
  6650K .......... .......... .......... .......... .......... 52% 2.10M 5s
  6700K .......... .......... .......... .......... .......... 52% 2.32M 5s
  6750K .......... .......... .......... .......... .......... 52% 2.06M 5s
  6800K .......... .......... .......... .......... .......... 53% 2.41M 5s
  6850K .......... .......... .......... .......... .......... 53% 2.07M 5s
  6900K .......... .......... .......... .......... .......... 53% 1.10M 5s
  6950K .......... .......... .......... .......... .......... 54% 1.22M 4s
  7000K .......... .......... .......... .......... .......... 54% 1.32M 4s
  7050K .......... .......... .......... .......... .......... 55% 1.42M 4s
  7100K .......... .......... .......... .......... .......... 55% 1.29M 4s
  7150K .......... .......... .......... .......... .......... 55% 1.16M 4s
  7200K .......... .......... .......... .......... .......... 56% 1.18M 4s
  7250K .......... .......... .......... .......... .......... 56%  202K 4s
  7300K .......... .......... .......... .......... .......... 57% 1.33M 4s
  7350K .......... .......... .......... .......... .......... 57% 1.24M 4s
  7400K .......... .......... .......... .......... .......... 57% 1.16M 4s
  7450K .......... .......... .......... .......... .......... 58% 1.27M 4s
  7500K .......... .......... .......... .......... .......... 58% 1.09M 4s
  7550K .......... .......... .......... .......... .......... 58% 1.39M 4s
  7600K .......... .......... .......... .......... .......... 59% 1.88M 4s
  7650K .......... .......... .......... .......... .......... 59% 1.42M 4s
  7700K .......... .......... .......... .......... .......... 60% 2.34M 4s
  7750K .......... .......... .......... .......... .......... 60% 1.73M 4s
  7800K .......... .......... .......... .......... .......... 60% 1.64M 4s
  7850K .......... .......... .......... .......... .......... 61% 1.18M 4s
  7900K .......... .......... .......... .......... .......... 61% 1.10M 4s
  7950K .......... .......... .......... .......... .......... 62% 1.58M 4s
  8000K .......... .......... .......... .......... .......... 62% 2.18M 4s
  8050K .......... .......... .......... .......... .......... 62% 2.09M 4s
  8100K .......... .......... .......... .......... .......... 63% 2.37M 4s
  8150K .......... .......... .......... .......... .......... 63% 2.31M 4s
  8200K .......... .......... .......... .......... .......... 64% 2.22M 4s
  8250K .......... .......... .......... .......... .......... 64% 1.58M 4s
  8300K .......... .......... .......... .......... .......... 64% 1.03M 4s
  8350K .......... .......... .......... .......... .......... 65%  202K 4s
  8400K .......... .......... .......... .......... .......... 65% 1.16M 4s
  8450K .......... .......... .......... .......... .......... 65% 1.44M 4s
  8500K .......... .......... .......... .......... .......... 66% 1.25M 3s
  8550K .......... .......... .......... .......... .......... 66% 1.25M 3s
  8600K .......... .......... .......... .......... .......... 67% 1.65M 3s
  8650K .......... .......... .......... .......... .......... 67% 1.45M 3s
  8700K .......... .......... .......... .......... .......... 67% 1.73M 3s
  8750K .......... .......... .......... .......... .......... 68% 1.07M 3s
  8800K .......... .......... .......... .......... .......... 68% 1.33M 3s
  8850K .......... .......... .......... .......... .......... 69% 1.79M 3s
  8900K .......... .......... .......... .......... .......... 69% 1.86M 3s
  8950K .......... .......... .......... .......... .......... 69% 1.63M 3s
  9000K .......... .......... .......... .......... .......... 70% 1.34M 3s
  9050K .......... .......... .......... .......... .......... 70% 1.42M 3s
  9100K .......... .......... .......... .......... .......... 71% 2.00M 3s
  9150K .......... .......... .......... .......... .......... 71% 2.21M 3s
  9200K .......... .......... .......... .......... .......... 71% 1.78M 3s
  9250K .......... .......... .......... .......... .......... 72% 1.20M 3s
  9300K .......... .......... .......... .......... .......... 72% 1.23M 3s
  9350K .......... .......... .......... .......... .......... 72% 1.16M 3s
  9400K .......... .......... .......... .......... .......... 73% 1.02M 3s
  9450K .......... .......... .......... .......... .......... 73% 1.29M 3s
  9500K .......... .......... .......... .......... .......... 74%  864K 3s
  9550K .......... .......... .......... .......... .......... 74% 1.29M 3s
  9600K .......... .......... .......... .......... .......... 74% 1.25M 3s
  9650K .......... .......... .......... .......... .......... 75% 1.26M 3s
  9700K .......... .......... .......... .......... .......... 75% 1.33M 2s
  9750K .......... .......... .......... .......... .......... 76% 2.30M 2s
  9800K .......... .......... .......... .......... .......... 76% 1.98M 2s
  9850K .......... .......... .......... .......... .......... 76% 1.37M 2s
  9900K .......... .......... .......... .......... .......... 77% 1.30M 2s
  9950K .......... .......... .......... .......... .......... 77% 1.21M 2s
 10000K .......... .......... .......... .......... .......... 78% 1.37M 2s
 10050K .......... .......... .......... .......... .......... 78% 1.58M 2s
 10100K .......... .......... .......... .......... .......... 78% 1.66M 2s
 10150K .......... .......... .......... .......... .......... 79% 1.91M 2s
 10200K .......... .......... .......... .......... .......... 79% 1.60M 2s
 10250K .......... .......... .......... .......... .......... 79% 1011K 2s
 10300K .......... .......... .......... .......... .......... 80% 1.56M 2s
 10350K .......... .......... .......... .......... .......... 80% 1.07M 2s
 10400K .......... .......... .......... .......... .......... 81%  879K 2s
 10450K .......... .......... .......... .......... .......... 81% 1.32M 2s
 10500K .......... .......... .......... .......... .......... 81% 1.66M 2s
 10550K .......... .......... .......... .......... .......... 82% 1.53M 2s
 10600K .......... .......... .......... .......... .......... 82% 1.68M 2s
 10650K .......... .......... .......... .......... .......... 83% 1.98M 2s
 10700K .......... .......... .......... .......... .......... 83% 1.14M 2s
 10750K .......... .......... .......... .......... .......... 83% 1.03M 2s
 10800K .......... .......... .......... .......... .......... 84% 1.21M 2s
 10850K .......... .......... .......... .......... .......... 84% 2.34M 2s
 10900K .......... .......... .......... .......... .......... 84% 1.54M 2s
 10950K .......... .......... .......... .......... .......... 85% 2.48M 1s
 11000K .......... .......... .......... .......... .......... 85% 1.81M 1s
 11050K .......... .......... .......... .......... .......... 86% 2.09M 1s
 11100K .......... .......... .......... .......... .......... 86% 1.82M 1s
 11150K .......... .......... .......... .......... .......... 86% 1.87M 1s
 11200K .......... .......... .......... .......... .......... 87% 1.35M 1s
 11250K .......... .......... .......... .......... .......... 87% 1.57M 1s
 11300K .......... .......... .......... .......... .......... 88% 1.64M 1s
 11350K .......... .......... .......... .......... .......... 88% 1.30M 1s
 11400K .......... .......... .......... .......... .......... 88% 1.18M 1s
 11450K .......... .......... .......... .......... .......... 89% 1.54M 1s
 11500K .......... .......... .......... .......... .......... 89% 1.74M 1s
 11550K .......... .......... .......... .......... .......... 90% 1.84M 1s
 11600K .......... .......... .......... .......... .......... 90% 1.65M 1s
 11650K .......... .......... .......... .......... .......... 90% 1.40M 1s
 11700K .......... .......... .......... .......... .......... 91% 1.33M 1s
 11750K .......... .......... .......... .......... .......... 91% 1.94M 1s
 11800K .......... .......... .......... .......... .......... 91% 1.64M 1s
 11850K .......... .......... .......... .......... .......... 92% 1.08M 1s
 11900K .......... .......... .......... .......... .......... 92% 1.21M 1s
 11950K .......... .......... .......... .......... .......... 93% 1.12M 1s
 12000K .......... .......... .......... .......... .......... 93% 1.25M 1s
 12050K .......... .......... .......... .......... .......... 93% 1.86M 1s
 12100K .......... .......... .......... .......... .......... 94% 1.53M 1s
 12150K .......... .......... .......... .......... .......... 94% 1.38M 1s
 12200K .......... .......... .......... .......... .......... 95% 1.29M 0s
 12250K .......... .......... .......... .......... .......... 95% 1.99M 0s
 12300K .......... .......... .......... .......... .......... 95% 1.87M 0s
 12350K .......... .......... .......... .......... .......... 96% 2.09M 0s
 12400K .......... .......... .......... .......... .......... 96% 1.59M 0s
 12450K .......... .......... .......... .......... .......... 97% 1.48M 0s
 12500K .......... .......... .......... .......... .......... 97% 1.17M 0s
 12550K .......... .......... .......... .......... .......... 97% 1023K 0s
 12600K .......... .......... .......... .......... .......... 98% 1.17M 0s
 12650K .......... .......... .......... .......... .......... 98% 1.11M 0s
 12700K .......... .......... .......... .......... .......... 98% 1.07M 0s
 12750K .......... .......... .......... .......... .......... 99% 2.19M 0s
 12800K .......... .......... .......... .......... .......... 99% 1.72M 0s
 12850K .......... .......... .......... ....                 100% 1.48M=9.8s

2016-05-25 03:37:31 (1.28 MB/s) - ‘index.html.7’ saved [13193358/13193358]

