--2016-05-25 03:40:55--  http://10.30.50.93:8000/
Connecting to 10.30.50.93:8000... connected.
HTTP request sent, awaiting response... 200 OK
Length: 13193358 (13M) [text/html]
Saving to: ‘index.html.15’

     0K .......... .......... .......... .......... ..........  0% 3.23M 4s
    50K .......... .......... .......... .......... ..........  0% 1.21M 7s
   100K .......... .......... .......... .......... ..........  1% 1.40M 8s
   150K .......... .......... .......... .......... ..........  1%  203K 21s
   200K .......... .......... .......... .......... ..........  1% 1.21M 19s
   250K .......... .......... .......... .......... ..........  2%  111K 35s
   300K .......... .......... .......... .......... ..........  2%  202K 39s
   350K .......... .......... .......... .......... ..........  3%  850K 35s
   400K .......... .......... .......... .......... ..........  3%  205K 38s
   450K .......... .......... .......... .......... ..........  3%  108K 46s
   500K .......... .......... .......... .......... ..........  4%  119K 51s
   550K .......... .......... .......... .......... ..........  4%  224K 51s
   600K .......... .......... .......... .......... ..........  5% 1.33M 47s
   650K .......... .......... .......... .......... ..........  5%  115K 51s
   700K .......... .......... .......... .......... ..........  5%  887K 49s
   750K .......... .......... .......... .......... ..........  6% 1.16M 46s
   800K .......... .......... .......... .......... ..........  6%  177K 47s
   850K .......... .......... .......... .......... ..........  6%  110K 51s
   900K .......... .......... .......... .......... ..........  7% 1.40M 48s
   950K .......... .......... .......... .......... ..........  7% 79.6K 53s
  1000K .......... .......... .......... .......... ..........  8%  235K 53s
  1050K .......... .......... .......... .......... ..........  8%  225K 52s
  1100K .......... .......... .......... .......... ..........  8% 1.08M 50s
  1150K .......... .......... .......... .......... ..........  9% 1.22M 48s
  1200K .......... .......... .......... .......... ..........  9%  864K 47s
  1250K .......... .......... .......... .......... .......... 10% 1.33M 45s
  1300K .......... .......... .......... .......... .......... 10% 1.01M 44s
  1350K .......... .......... .......... .......... .......... 10%  185K 44s
  1400K .......... .......... .......... .......... .......... 11%  893K 43s
  1450K .......... .......... .......... .......... .......... 11% 1.08M 42s
  1500K .......... .......... .......... .......... .......... 12% 1.10M 40s
  1550K .......... .......... .......... .......... .......... 12%  868K 39s
  1600K .......... .......... .......... .......... .......... 12%  749K 39s
  1650K .......... .......... .......... .......... .......... 13% 1.12M 38s
  1700K .......... .......... .......... .......... .......... 13%  202K 38s
  1750K .......... .......... .......... .......... .......... 13% 74.7K 41s
  1800K .......... .......... .......... .......... .......... 14% 1.27M 40s
  1850K .......... .......... .......... .......... .......... 14% 1.10M 39s
  1900K .......... .......... .......... .......... .......... 15% 1.39M 38s
  1950K .......... .......... .......... .......... .......... 15%  943K 37s
  2000K .......... .......... .......... .......... .......... 15% 1.09M 36s
  2050K .......... .......... .......... .......... .......... 16%  890K 35s
  2100K .......... .......... .......... .......... .......... 16%  206K 36s
  2150K .......... .......... .......... .......... .......... 17% 1.04M 35s
  2200K .......... .......... .......... .......... .......... 17% 1.11M 34s
  2250K .......... .......... .......... .......... .......... 17%  974K 33s
  2300K .......... .......... .......... .......... .......... 18% 76.2K 36s
  2350K .......... .......... .......... .......... .......... 18% 5.15M 35s
  2400K .......... .......... .......... .......... .......... 19%  845K 34s
  2450K .......... .......... .......... .......... .......... 19%  858K 33s
  2500K .......... .......... .......... .......... .......... 19% 1.32M 33s
  2550K .......... .......... .......... .......... .......... 20%  965K 32s
  2600K .......... .......... .......... .......... .......... 20%  957K 32s
  2650K .......... .......... .......... .......... .......... 20%  870K 31s
  2700K .......... .......... .......... .......... .......... 21%  993K 31s
  2750K .......... .......... .......... .......... .......... 21% 57.9K 33s
  2800K .......... .......... .......... .......... .......... 22% 1.10M 32s
  2850K .......... .......... .......... .......... .......... 22% 1.06M 32s
  2900K .......... .......... .......... .......... .......... 22%  901K 31s
  2950K .......... .......... .......... .......... .......... 23% 1.09M 31s
  3000K .......... .......... .......... .......... .......... 23% 1003K 30s
  3050K .......... .......... .......... .......... .......... 24%  199K 31s
  3100K .......... .......... .......... .......... .......... 24% 1.40M 30s
  3150K .......... .......... .......... .......... .......... 24% 1.17M 29s
  3200K .......... .......... .......... .......... .......... 25%  195K 30s
  3250K .......... .......... .......... .......... .......... 25%  961K 29s
  3300K .......... .......... .......... .......... .......... 26%  874K 29s
  3350K .......... .......... .......... .......... .......... 26%  883K 28s
  3400K .......... .......... .......... .......... .......... 26% 1.26M 28s
  3450K .......... .......... .......... .......... .......... 27% 1.14M 27s
  3500K .......... .......... .......... .......... .......... 27% 59.4K 29s
  3550K .......... .......... .......... .......... .......... 27%  201K 29s
  3600K .......... .......... .......... .......... .......... 28% 1.16M 29s
  3650K .......... .......... .......... .......... .......... 28%  915K 28s
  3700K .......... .......... .......... .......... .......... 29% 1.01M 28s
  3750K .......... .......... .......... .......... .......... 29%  208K 28s
  3800K .......... .......... .......... .......... .......... 29% 1.14M 28s
  3850K .......... .......... .......... .......... .......... 30%  111K 28s
  3900K .......... .......... .......... .......... .......... 30% 1.31M 28s
  3950K .......... .......... .......... .......... .......... 31%  198K 28s
  4000K .......... .......... .......... .......... .......... 31%  209K 28s
  4050K .......... .......... .......... .......... .......... 31%  991K 27s
  4100K .......... .......... .......... .......... .......... 32%  972K 27s
  4150K .......... .......... .......... .......... .......... 32%  113K 27s
  4200K .......... .......... .......... .......... .......... 32% 1.04M 27s
  4250K .......... .......... .......... .......... .......... 33%  871K 27s
  4300K .......... .......... .......... .......... .......... 33% 1.26M 26s
  4350K .......... .......... .......... .......... .......... 34% 1.05M 26s
  4400K .......... .......... .......... .......... .......... 34% 76.8K 27s
  4450K .......... .......... .......... .......... .......... 34% 1.11M 26s
  4500K .......... .......... .......... .......... .......... 35% 58.2K 28s
  4550K .......... .......... .......... .......... .......... 35%  188K 28s
  4600K .......... .......... .......... .......... .......... 36%  652K 27s
  4650K .......... .......... .......... .......... .......... 36% 1.09M 27s
  4700K .......... .......... .......... .......... .......... 36% 1.01M 26s
  4750K .......... .......... .......... .......... .......... 37%  187K 26s
  4800K .......... .......... .......... .......... .......... 37% 1.19M 26s
  4850K .......... .......... .......... .......... .......... 38% 77.8K 27s
  4900K .......... .......... .......... .......... .......... 38% 1.11M 26s
  4950K .......... .......... .......... .......... .......... 38%  110K 27s
  5000K .......... .......... .......... .......... .......... 39%  960K 26s
  5050K .......... .......... .......... .......... .......... 39% 77.5K 27s
  5100K .......... .......... .......... .......... .......... 39%  997K 27s
  5150K .......... .......... .......... .......... .......... 40%  888K 26s
  5200K .......... .......... .......... .......... .......... 40% 1.21M 26s
  5250K .......... .......... .......... .......... .......... 41%  197K 26s
  5300K .......... .......... .......... .......... .......... 41% 1.31M 25s
  5350K .......... .......... .......... .......... .......... 41% 1.07M 25s
  5400K .......... .......... .......... .......... .......... 42% 1.00M 25s
  5450K .......... .......... .......... .......... .......... 42%  907K 24s
  5500K .......... .......... .......... .......... .......... 43%  207K 24s
  5550K .......... .......... .......... .......... .......... 43%  199K 24s
  5600K .......... .......... .......... .......... .......... 43% 1.12M 24s
  5650K .......... .......... .......... .......... .......... 44%  838K 24s
  5700K .......... .......... .......... .......... .......... 44%  943K 23s
  5750K .......... .......... .......... .......... .......... 45% 58.4K 24s
  5800K .......... .......... .......... .......... .......... 45%  208K 24s
  5850K .......... .......... .......... .......... .......... 45% 1.02M 24s
  5900K .......... .......... .......... .......... .......... 46%  114K 24s
  5950K .......... .......... .......... .......... .......... 46%  996K 24s
  6000K .......... .......... .......... .......... .......... 46% 1.21M 23s
  6050K .......... .......... .......... .......... .......... 47% 1.42M 23s
  6100K .......... .......... .......... .......... .......... 47%  206K 23s
  6150K .......... .......... .......... .......... .......... 48%  937K 22s
  6200K .......... .......... .......... .......... .......... 48% 1009K 22s
  6250K .......... .......... .......... .......... .......... 48% 1.17M 22s
  6300K .......... .......... .......... .......... .......... 49%  206K 22s
  6350K .......... .......... .......... .......... .......... 49% 1000K 22s
  6400K .......... .......... .......... .......... .......... 50% 1.46M 21s
  6450K .......... .......... .......... .......... .......... 50% 74.7K 22s
  6500K .......... .......... .......... .......... .......... 50%  842K 21s
  6550K .......... .......... .......... .......... .......... 51% 1.33M 21s
  6600K .......... .......... .......... .......... .......... 51% 1.03M 21s
  6650K .......... .......... .......... .......... .......... 52%  113K 21s
  6700K .......... .......... .......... .......... .......... 52%  178K 21s
  6750K .......... .......... .......... .......... .......... 52%  203K 21s
  6800K .......... .......... .......... .......... .......... 53%  193K 21s
  6850K .......... .......... .......... .......... .......... 53%  992K 20s
  6900K .......... .......... .......... .......... .......... 53%  845K 20s
  6950K .......... .......... .......... .......... .......... 54%  917K 20s
  7000K .......... .......... .......... .......... .......... 54% 1.02M 19s
  7050K .......... .......... .......... .......... .......... 55%  903K 19s
  7100K .......... .......... .......... .......... .......... 55%  114K 19s
  7150K .......... .......... .......... .......... .......... 55%  207K 19s
  7200K .......... .......... .......... .......... .......... 56% 1.22M 19s
  7250K .......... .......... .......... .......... .......... 56% 1.10M 19s
  7300K .......... .......... .......... .......... .......... 57%  948K 18s
  7350K .......... .......... .......... .......... .......... 57%  195K 18s
  7400K .......... .......... .......... .......... .......... 57% 1.01M 18s
  7450K .......... .......... .......... .......... .......... 58% 1.17M 18s
  7500K .......... .......... .......... .......... .......... 58% 77.4K 18s
  7550K .......... .......... .......... .......... .......... 58%  208K 18s
  7600K .......... .......... .......... .......... .......... 59% 58.1K 18s
  7650K .......... .......... .......... .......... .......... 59%  226K 18s
  7700K .......... .......... .......... .......... .......... 60% 75.3K 18s
  7750K .......... .......... .......... .......... .......... 60% 80.3K 18s
  7800K .......... .......... .......... .......... .......... 60%  205K 18s
  7850K .......... .......... .......... .......... .......... 61%  111K 18s
  7900K .......... .......... .......... .......... .......... 61%  205K 18s
  7950K .......... .......... .......... .......... .......... 62%  212K 18s
  8000K .......... .......... .......... .......... .......... 62%  955K 18s
  8050K .......... .......... .......... .......... .......... 62%  202K 17s
  8100K .......... .......... .......... .......... .......... 63% 1.13M 17s
  8150K .......... .......... .......... .......... .......... 63%  984K 17s
  8200K .......... .......... .......... .......... .......... 64%  936K 17s
  8250K .......... .......... .......... .......... .......... 64% 1.25M 16s
  8300K .......... .......... .......... .......... .......... 64% 77.5K 16s
  8350K .......... .......... .......... .......... .......... 65% 1.17M 16s
  8400K .......... .......... .......... .......... .......... 65%  204K 16s
  8450K .......... .......... .......... .......... .......... 65%  198K 16s
  8500K .......... .......... .......... .......... .......... 66% 1.27M 16s
  8550K .......... .......... .......... .......... .......... 66%  195K 16s
  8600K .......... .......... .......... .......... .......... 67% 1.17M 15s
  8650K .......... .......... .......... .......... .......... 67%  924K 15s
  8700K .......... .......... .......... .......... .......... 67%  180K 15s
  8750K .......... .......... .......... .......... .......... 68%  796K 15s
  8800K .......... .......... .......... .......... .......... 68%  206K 15s
  8850K .......... .......... .......... .......... .......... 69% 59.1K 15s
  8900K .......... .......... .......... .......... .......... 69% 1.69M 14s
  8950K .......... .......... .......... .......... .......... 69%  110K 14s
  9000K .......... .......... .......... .......... .......... 70% 1.02M 14s
  9050K .......... .......... .......... .......... .......... 70% 1.45M 14s
  9100K .......... .......... .......... .......... .......... 71% 1.19M 14s
  9150K .......... .......... .......... .......... .......... 71%  961K 13s
  9200K .......... .......... .......... .......... .......... 71% 1.20M 13s
  9250K .......... .......... .......... .......... .......... 72% 1.10M 13s
  9300K .......... .......... .......... .......... .......... 72%  200K 13s
  9350K .......... .......... .......... .......... .......... 72%  733K 12s
  9400K .......... .......... .......... .......... .......... 73%  198K 12s
  9450K .......... .......... .......... .......... .......... 73%  113K 12s
  9500K .......... .......... .......... .......... .......... 74% 1.18M 12s
  9550K .......... .......... .......... .......... .......... 74% 46.2K 12s
  9600K .......... .......... .......... .......... .......... 74% 1.25M 12s
  9650K .......... .......... .......... .......... .......... 75% 58.2K 12s
  9700K .......... .......... .......... .......... .......... 75% 2.16M 12s
  9750K .......... .......... .......... .......... .......... 76%  108K 12s
  9800K .......... .......... .......... .......... .......... 76%  205K 11s
  9850K .......... .......... .......... .......... .......... 76% 1014K 11s
  9900K .......... .......... .......... .......... .......... 77% 1.13M 11s
  9950K .......... .......... .......... .......... .......... 77% 1.05M 11s
 10000K .......... .......... .......... .......... .......... 78% 1.00M 11s
 10050K .......... .......... .......... .......... .......... 78% 76.7K 10s
 10100K .......... .......... .......... .......... .......... 78%  976K 10s
 10150K .......... .......... .......... .......... .......... 79%  205K 10s
 10200K .......... .......... .......... .......... .......... 79%  203K 10s
 10250K .......... .......... .......... .......... .......... 79%  202K 10s
 10300K .......... .......... .......... .......... .......... 80% 1.03M 10s
 10350K .......... .......... .......... .......... .......... 80% 1.22M 9s
 10400K .......... .......... .......... .......... .......... 81%  203K 9s
 10450K .......... .......... .......... .......... .......... 81%  621K 9s
 10500K .......... .......... .......... .......... .......... 81% 1.36M 9s
 10550K .......... .......... .......... .......... .......... 82% 1.16M 8s
 10600K .......... .......... .......... .......... .......... 82%  903K 8s
 10650K .......... .......... .......... .......... .......... 83% 1.07M 8s
 10700K .......... .......... .......... .......... .......... 83%  990K 8s
 10750K .......... .......... .......... .......... .......... 83% 1.23M 8s
 10800K .......... .......... .......... .......... .......... 84% 1010K 7s
 10850K .......... .......... .......... .......... .......... 84% 58.5K 7s
 10900K .......... .......... .......... .......... .......... 84% 1.02M 7s
 10950K .......... .......... .......... .......... .......... 85%  204K 7s
 11000K .......... .......... .......... .......... .......... 85% 1.23M 7s
 11050K .......... .......... .......... .......... .......... 86% 1.22M 7s
 11100K .......... .......... .......... .......... .......... 86% 1.23M 6s
 11150K .......... .......... .......... .......... .......... 86%  111K 6s
 11200K .......... .......... .......... .......... .......... 87% 1.13M 6s
 11250K .......... .......... .......... .......... .......... 87% 1.09M 6s
 11300K .......... .......... .......... .......... .......... 88% 1.11M 6s
 11350K .......... .......... .......... .......... .......... 88% 76.3K 5s
 11400K .......... .......... .......... .......... .......... 88%  190K 5s
 11450K .......... .......... .......... .......... .......... 89%  208K 5s
 11500K .......... .......... .......... .......... .......... 89% 1011K 5s
 11550K .......... .......... .......... .......... .......... 90%  202K 5s
 11600K .......... .......... .......... .......... .......... 90%  112K 5s
 11650K .......... .......... .......... .......... .......... 90% 1.90M 4s
 11700K .......... .......... .......... .......... .......... 91%  787K 4s
 11750K .......... .......... .......... .......... .......... 91% 1.08M 4s
 11800K .......... .......... .......... .......... .......... 91% 1.10M 4s
 11850K .......... .......... .......... .......... .......... 92% 1.56M 4s
 11900K .......... .......... .......... .......... .......... 92% 1.56M 3s
 11950K .......... .......... .......... .......... .......... 93% 1.35M 3s
 12000K .......... .......... .......... .......... .......... 93%  196K 3s
 12050K .......... .......... .......... .......... .......... 93% 1.14M 3s
 12100K .......... .......... .......... .......... .......... 94%  213K 3s
 12150K .......... .......... .......... .......... .......... 94% 1.24M 2s
 12200K .......... .......... .......... .......... .......... 95%  198K 2s
 12250K .......... .......... .......... .......... .......... 95% 1.02M 2s
 12300K .......... .......... .......... .......... .......... 95% 1.19M 2s
 12350K .......... .......... .......... .......... .......... 96% 1.02M 2s
 12400K .......... .......... .......... .......... .......... 96% 75.9K 2s
 12450K .......... .......... .......... .......... .......... 97%  196K 1s
 12500K .......... .......... .......... .......... .......... 97% 1.62M 1s
 12550K .......... .......... .......... .......... .......... 97%  205K 1s
 12600K .......... .......... .......... .......... .......... 98%  203K 1s
 12650K .......... .......... .......... .......... .......... 98% 1.25M 1s
 12700K .......... .......... .......... .......... .......... 98%  986K 0s
 12750K .......... .......... .......... .......... .......... 99% 1.25M 0s
 12800K .......... .......... .......... .......... .......... 99%  198K 0s
 12850K .......... .......... .......... ....                 100%  146K=47s

2016-05-25 03:41:42 (277 KB/s) - ‘index.html.15’ saved [13193358/13193358]

