--2016-05-25 03:51:18--  http://10.30.50.93:8000/
Connecting to 10.30.50.93:8000... connected.
HTTP request sent, awaiting response... 200 OK
Length: 13193358 (13M) [text/html]
Saving to: ‘index.html.4’

     0K .......... .......... .......... .......... ..........  0% 4.55M 3s
    50K .......... .......... .......... .......... ..........  0% 2.92M 4s
   100K .......... .......... .......... .......... ..........  1% 2.49M 4s
   150K .......... .......... .......... .......... ..........  1% 4.54M 4s
   200K .......... .......... .......... .......... ..........  1% 4.41M 3s
   250K .......... .......... .......... .......... ..........  2% 4.85M 3s
   300K .......... .......... .......... .......... ..........  2% 4.38M 3s
   350K .......... .......... .......... .......... ..........  3% 4.74M 3s
   400K .......... .......... .......... .......... ..........  3% 3.48M 3s
   450K .......... .......... .......... .......... ..........  3% 7.24M 3s
   500K .......... .......... .......... .......... ..........  4% 3.03M 3s
   550K .......... .......... .......... .......... ..........  4% 2.11M 3s
   600K .......... .......... .......... .......... ..........  5% 2.19M 3s
   650K .......... .......... .......... .......... ..........  5% 3.31M 3s
   700K .......... .......... .......... .......... ..........  5% 1.95M 4s
   750K .......... .......... .......... .......... ..........  6% 1.66M 4s
   800K .......... .......... .......... .......... ..........  6% 2.05M 4s
   850K .......... .......... .......... .......... ..........  6% 2.47M 4s
   900K .......... .......... .......... .......... ..........  7% 2.27M 4s
   950K .......... .......... .......... .......... ..........  7% 1.49M 4s
  1000K .......... .......... .......... .......... ..........  8% 1.46M 4s
  1050K .......... .......... .......... .......... ..........  8% 2.09M 4s
  1100K .......... .......... .......... .......... ..........  8% 2.93M 4s
  1150K .......... .......... .......... .......... ..........  9% 3.35M 4s
  1200K .......... .......... .......... .......... ..........  9% 3.30M 4s
  1250K .......... .......... .......... .......... .......... 10% 3.48M 4s
  1300K .......... .......... .......... .......... .......... 10% 3.49M 4s
  1350K .......... .......... .......... .......... .......... 10% 2.20M 4s
  1400K .......... .......... .......... .......... .......... 11% 2.30M 4s
  1450K .......... .......... .......... .......... .......... 11% 2.01M 4s
  1500K .......... .......... .......... .......... .......... 12% 1.78M 4s
  1550K .......... .......... .......... .......... .......... 12% 1.10M 4s
  1600K .......... .......... .......... .......... .......... 12% 1.38M 4s
  1650K .......... .......... .......... .......... .......... 13% 2.10M 4s
  1700K .......... .......... .......... .......... .......... 13% 2.86M 4s
  1750K .......... .......... .......... .......... .......... 13% 2.71M 4s
  1800K .......... .......... .......... .......... .......... 14% 2.31M 4s
  1850K .......... .......... .......... .......... .......... 14% 2.29M 4s
  1900K .......... .......... .......... .......... .......... 15% 2.58M 4s
  1950K .......... .......... .......... .......... .......... 15% 2.32M 4s
  2000K .......... .......... .......... .......... .......... 15% 2.19M 4s
  2050K .......... .......... .......... .......... .......... 16% 2.40M 4s
  2100K .......... .......... .......... .......... .......... 16% 1.90M 4s
  2150K .......... .......... .......... .......... .......... 17% 2.12M 4s
  2200K .......... .......... .......... .......... .......... 17% 2.12M 4s
  2250K .......... .......... .......... .......... .......... 17% 2.99M 4s
  2300K .......... .......... .......... .......... .......... 18% 1.30M 4s
  2350K .......... .......... .......... .......... .......... 18% 2.07M 4s
  2400K .......... .......... .......... .......... .......... 19% 3.61M 4s
  2450K .......... .......... .......... .......... .......... 19% 2.47M 4s
  2500K .......... .......... .......... .......... .......... 19% 1.90M 4s
  2550K .......... .......... .......... .......... .......... 20% 3.16M 4s
  2600K .......... .......... .......... .......... .......... 20% 2.01M 4s
  2650K .......... .......... .......... .......... .......... 20% 2.07M 4s
  2700K .......... .......... .......... .......... .......... 21% 2.51M 4s
  2750K .......... .......... .......... .......... .......... 21% 3.15M 4s
  2800K .......... .......... .......... .......... .......... 22% 2.91M 4s
  2850K .......... .......... .......... .......... .......... 22% 3.41M 4s
  2900K .......... .......... .......... .......... .......... 22% 2.73M 4s
  2950K .......... .......... .......... .......... .......... 23% 3.11M 4s
  3000K .......... .......... .......... .......... .......... 23% 3.09M 4s
  3050K .......... .......... .......... .......... .......... 24% 2.42M 4s
  3100K .......... .......... .......... .......... .......... 24% 2.87M 4s
  3150K .......... .......... .......... .......... .......... 24% 4.10M 4s
  3200K .......... .......... .......... .......... .......... 25% 3.13M 4s
  3250K .......... .......... .......... .......... .......... 25% 2.49M 4s
  3300K .......... .......... .......... .......... .......... 26% 2.32M 4s
  3350K .......... .......... .......... .......... .......... 26% 2.49M 4s
  3400K .......... .......... .......... .......... .......... 26% 3.11M 4s
  3450K .......... .......... .......... .......... .......... 27% 3.16M 4s
  3500K .......... .......... .......... .......... .......... 27% 2.83M 4s
  3550K .......... .......... .......... .......... .......... 27% 4.46M 4s
  3600K .......... .......... .......... .......... .......... 28% 4.00M 4s
  3650K .......... .......... .......... .......... .......... 28% 3.80M 4s
  3700K .......... .......... .......... .......... .......... 29% 3.78M 4s
  3750K .......... .......... .......... .......... .......... 29% 4.55M 3s
  3800K .......... .......... .......... .......... .......... 29% 4.54M 3s
  3850K .......... .......... .......... .......... .......... 30% 4.37M 3s
  3900K .......... .......... .......... .......... .......... 30% 5.01M 3s
  3950K .......... .......... .......... .......... .......... 31% 5.02M 3s
  4000K .......... .......... .......... .......... .......... 31% 4.00M 3s
  4050K .......... .......... .......... .......... .......... 31% 3.63M 3s
  4100K .......... .......... .......... .......... .......... 32% 2.81M 3s
  4150K .......... .......... .......... .......... .......... 32% 3.16M 3s
  4200K .......... .......... .......... .......... .......... 32% 2.34M 3s
  4250K .......... .......... .......... .......... .......... 33% 2.16M 3s
  4300K .......... .......... .......... .......... .......... 33% 3.54M 3s
  4350K .......... .......... .......... .......... .......... 34% 1.95M 3s
  4400K .......... .......... .......... .......... .......... 34% 2.10M 3s
  4450K .......... .......... .......... .......... .......... 34% 1.91M 3s
  4500K .......... .......... .......... .......... .......... 35% 1.92M 3s
  4550K .......... .......... .......... .......... .......... 35% 2.01M 3s
  4600K .......... .......... .......... .......... .......... 36% 2.17M 3s
  4650K .......... .......... .......... .......... .......... 36% 1.77M 3s
  4700K .......... .......... .......... .......... .......... 36% 1.81M 3s
  4750K .......... .......... .......... .......... .......... 37% 1.96M 3s
  4800K .......... .......... .......... .......... .......... 37% 1.97M 3s
  4850K .......... .......... .......... .......... .......... 38% 3.46M 3s
  4900K .......... .......... .......... .......... .......... 38% 3.30M 3s
  4950K .......... .......... .......... .......... .......... 38% 2.49M 3s
  5000K .......... .......... .......... .......... .......... 39% 1.96M 3s
  5050K .......... .......... .......... .......... .......... 39% 2.32M 3s
  5100K .......... .......... .......... .......... .......... 39% 1.92M 3s
  5150K .......... .......... .......... .......... .......... 40% 2.05M 3s
  5200K .......... .......... .......... .......... .......... 40% 2.06M 3s
  5250K .......... .......... .......... .......... .......... 41% 1.85M 3s
  5300K .......... .......... .......... .......... .......... 41% 1.43M 3s
  5350K .......... .......... .......... .......... .......... 41% 1.94M 3s
  5400K .......... .......... .......... .......... .......... 42% 2.82M 3s
  5450K .......... .......... .......... .......... .......... 42% 2.08M 3s
  5500K .......... .......... .......... .......... .......... 43% 1.88M 3s
  5550K .......... .......... .......... .......... .......... 43% 2.12M 3s
  5600K .......... .......... .......... .......... .......... 43% 2.20M 3s
  5650K .......... .......... .......... .......... .......... 44% 3.09M 3s
  5700K .......... .......... .......... .......... .......... 44% 3.31M 3s
  5750K .......... .......... .......... .......... .......... 45% 2.29M 3s
  5800K .......... .......... .......... .......... .......... 45% 3.07M 3s
  5850K .......... .......... .......... .......... .......... 45% 3.66M 3s
  5900K .......... .......... .......... .......... .......... 46% 4.30M 3s
  5950K .......... .......... .......... .......... .......... 46% 4.03M 3s
  6000K .......... .......... .......... .......... .......... 46% 5.03M 3s
  6050K .......... .......... .......... .......... .......... 47% 3.97M 3s
  6100K .......... .......... .......... .......... .......... 47% 3.61M 3s
  6150K .......... .......... .......... .......... .......... 48% 3.34M 3s
  6200K .......... .......... .......... .......... .......... 48% 3.16M 3s
  6250K .......... .......... .......... .......... .......... 48% 4.38M 3s
  6300K .......... .......... .......... .......... .......... 49% 4.16M 2s
  6350K .......... .......... .......... .......... .......... 49% 4.17M 2s
  6400K .......... .......... .......... .......... .......... 50% 4.57M 2s
  6450K .......... .......... .......... .......... .......... 50% 3.57M 2s
  6500K .......... .......... .......... .......... .......... 50% 2.12M 2s
  6550K .......... .......... .......... .......... .......... 51% 1.56M 2s
  6600K .......... .......... .......... .......... .......... 51% 1.57M 2s
  6650K .......... .......... .......... .......... .......... 52% 1.32M 2s
  6700K .......... .......... .......... .......... .......... 52% 1.38M 2s
  6750K .......... .......... .......... .......... .......... 52% 1.66M 2s
  6800K .......... .......... .......... .......... .......... 53% 1.30M 2s
  6850K .......... .......... .......... .......... .......... 53% 2.23M 2s
  6900K .......... .......... .......... .......... .......... 53% 2.06M 2s
  6950K .......... .......... .......... .......... .......... 54% 2.18M 2s
  7000K .......... .......... .......... .......... .......... 54% 3.36M 2s
  7050K .......... .......... .......... .......... .......... 55% 2.49M 2s
  7100K .......... .......... .......... .......... .......... 55% 2.17M 2s
  7150K .......... .......... .......... .......... .......... 55% 2.96M 2s
  7200K .......... .......... .......... .......... .......... 56% 3.11M 2s
  7250K .......... .......... .......... .......... .......... 56% 2.60M 2s
  7300K .......... .......... .......... .......... .......... 57% 3.50M 2s
  7350K .......... .......... .......... .......... .......... 57% 2.63M 2s
  7400K .......... .......... .......... .......... .......... 57% 2.12M 2s
  7450K .......... .......... .......... .......... .......... 58% 1.64M 2s
  7500K .......... .......... .......... .......... .......... 58% 1.89M 2s
  7550K .......... .......... .......... .......... .......... 58% 1.96M 2s
  7600K .......... .......... .......... .......... .......... 59% 2.03M 2s
  7650K .......... .......... .......... .......... .......... 59% 1.68M 2s
  7700K .......... .......... .......... .......... .......... 60% 1.87M 2s
  7750K .......... .......... .......... .......... .......... 60% 2.69M 2s
  7800K .......... .......... .......... .......... .......... 60% 2.05M 2s
  7850K .......... .......... .......... .......... .......... 61% 3.07M 2s
  7900K .......... .......... .......... .......... .......... 61% 2.20M 2s
  7950K .......... .......... .......... .......... .......... 62% 2.33M 2s
  8000K .......... .......... .......... .......... .......... 62% 2.90M 2s
  8050K .......... .......... .......... .......... .......... 62% 3.33M 2s
  8100K .......... .......... .......... .......... .......... 63% 3.22M 2s
  8150K .......... .......... .......... .......... .......... 63% 3.31M 2s
  8200K .......... .......... .......... .......... .......... 64% 3.54M 2s
  8250K .......... .......... .......... .......... .......... 64% 4.38M 2s
  8300K .......... .......... .......... .......... .......... 64% 3.37M 2s
  8350K .......... .......... .......... .......... .......... 65% 2.59M 2s
  8400K .......... .......... .......... .......... .......... 65% 2.90M 2s
  8450K .......... .......... .......... .......... .......... 65% 2.49M 2s
  8500K .......... .......... .......... .......... .......... 66% 2.80M 2s
  8550K .......... .......... .......... .......... .......... 66% 3.52M 2s
  8600K .......... .......... .......... .......... .......... 67% 2.68M 2s
  8650K .......... .......... .......... .......... .......... 67% 2.10M 2s
  8700K .......... .......... .......... .......... .......... 67% 3.24M 2s
  8750K .......... .......... .......... .......... .......... 68% 3.38M 2s
  8800K .......... .......... .......... .......... .......... 68% 3.70M 2s
  8850K .......... .......... .......... .......... .......... 69% 2.83M 2s
  8900K .......... .......... .......... .......... .......... 69% 3.58M 2s
  8950K .......... .......... .......... .......... .......... 69% 3.07M 2s
  9000K .......... .......... .......... .......... .......... 70% 2.04M 1s
  9050K .......... .......... .......... .......... .......... 70% 2.38M 1s
  9100K .......... .......... .......... .......... .......... 71% 2.68M 1s
  9150K .......... .......... .......... .......... .......... 71% 2.34M 1s
  9200K .......... .......... .......... .......... .......... 71% 2.67M 1s
  9250K .......... .......... .......... .......... .......... 72% 2.38M 1s
  9300K .......... .......... .......... .......... .......... 72% 2.31M 1s
  9350K .......... .......... .......... .......... .......... 72% 2.62M 1s
  9400K .......... .......... .......... .......... .......... 73% 3.69M 1s
  9450K .......... .......... .......... .......... .......... 73% 2.48M 1s
  9500K .......... .......... .......... .......... .......... 74% 1.91M 1s
  9550K .......... .......... .......... .......... .......... 74% 3.07M 1s
  9600K .......... .......... .......... .......... .......... 74% 2.76M 1s
  9650K .......... .......... .......... .......... .......... 75% 3.58M 1s
  9700K .......... .......... .......... .......... .......... 75% 3.65M 1s
  9750K .......... .......... .......... .......... .......... 76% 3.37M 1s
  9800K .......... .......... .......... .......... .......... 76% 3.20M 1s
  9850K .......... .......... .......... .......... .......... 76% 2.19M 1s
  9900K .......... .......... .......... .......... .......... 77% 2.83M 1s
  9950K .......... .......... .......... .......... .......... 77% 1.76M 1s
 10000K .......... .......... .......... .......... .......... 78% 1.49M 1s
 10050K .......... .......... .......... .......... .......... 78% 1.93M 1s
 10100K .......... .......... .......... .......... .......... 78% 1.37M 1s
 10150K .......... .......... .......... .......... .......... 79% 3.23M 1s
 10200K .......... .......... .......... .......... .......... 79% 2.79M 1s
 10250K .......... .......... .......... .......... .......... 79% 3.09M 1s
 10300K .......... .......... .......... .......... .......... 80% 2.27M 1s
 10350K .......... .......... .......... .......... .......... 80% 3.30M 1s
 10400K .......... .......... .......... .......... .......... 81% 2.52M 1s
 10450K .......... .......... .......... .......... .......... 81% 3.16M 1s
 10500K .......... .......... .......... .......... .......... 81% 2.50M 1s
 10550K .......... .......... .......... .......... .......... 82% 2.56M 1s
 10600K .......... .......... .......... .......... .......... 82% 3.66M 1s
 10650K .......... .......... .......... .......... .......... 83% 1.90M 1s
 10700K .......... .......... .......... .......... .......... 83% 1.93M 1s
 10750K .......... .......... .......... .......... .......... 83% 1.49M 1s
 10800K .......... .......... .......... .......... .......... 84% 1.57M 1s
 10850K .......... .......... .......... .......... .......... 84% 2.66M 1s
 10900K .......... .......... .......... .......... .......... 84% 2.52M 1s
 10950K .......... .......... .......... .......... .......... 85% 2.58M 1s
 11000K .......... .......... .......... .......... .......... 85% 2.97M 1s
 11050K .......... .......... .......... .......... .......... 86% 2.68M 1s
 11100K .......... .......... .......... .......... .......... 86% 3.04M 1s
 11150K .......... .......... .......... .......... .......... 86% 3.23M 1s
 11200K .......... .......... .......... .......... .......... 87% 1.85M 1s
 11250K .......... .......... .......... .......... .......... 87% 1.96M 1s
 11300K .......... .......... .......... .......... .......... 88% 2.48M 1s
 11350K .......... .......... .......... .......... .......... 88% 2.70M 1s
 11400K .......... .......... .......... .......... .......... 88% 2.24M 1s
 11450K .......... .......... .......... .......... .......... 89% 2.23M 1s
 11500K .......... .......... .......... .......... .......... 89% 3.07M 1s
 11550K .......... .......... .......... .......... .......... 90% 3.34M 1s
 11600K .......... .......... .......... .......... .......... 90% 4.39M 0s
 11650K .......... .......... .......... .......... .......... 90% 4.53M 0s
 11700K .......... .......... .......... .......... .......... 91% 4.45M 0s
 11750K .......... .......... .......... .......... .......... 91% 4.46M 0s
 11800K .......... .......... .......... .......... .......... 91% 3.74M 0s
 11850K .......... .......... .......... .......... .......... 92% 3.44M 0s
 11900K .......... .......... .......... .......... .......... 92% 2.83M 0s
 11950K .......... .......... .......... .......... .......... 93% 1.87M 0s
 12000K .......... .......... .......... .......... .......... 93% 2.37M 0s
 12050K .......... .......... .......... .......... .......... 93% 3.58M 0s
 12100K .......... .......... .......... .......... .......... 94% 3.19M 0s
 12150K .......... .......... .......... .......... .......... 94% 2.36M 0s
 12200K .......... .......... .......... .......... .......... 95% 2.32M 0s
 12250K .......... .......... .......... .......... .......... 95% 3.25M 0s
 12300K .......... .......... .......... .......... .......... 95% 2.29M 0s
 12350K .......... .......... .......... .......... .......... 96% 2.06M 0s
 12400K .......... .......... .......... .......... .......... 96% 2.15M 0s
 12450K .......... .......... .......... .......... .......... 97% 2.40M 0s
 12500K .......... .......... .......... .......... .......... 97% 2.41M 0s
 12550K .......... .......... .......... .......... .......... 97% 2.98M 0s
 12600K .......... .......... .......... .......... .......... 98% 2.47M 0s
 12650K .......... .......... .......... .......... .......... 98% 3.26M 0s
 12700K .......... .......... .......... .......... .......... 98% 2.31M 0s
 12750K .......... .......... .......... .......... .......... 99% 1.60M 0s
 12800K .......... .......... .......... .......... .......... 99% 2.08M 0s
 12850K .......... .......... .......... ....                 100% 1.95M=5.0s

2016-05-25 03:51:23 (2.51 MB/s) - ‘index.html.4’ saved [13193358/13193358]

