--2016-05-25 02:26:18--  http://10.30.50.93:8000/
Connecting to 10.30.50.93:8000... connected.
HTTP request sent, awaiting response... 200 OK
Length: 13193358 (13M) [text/html]
Saving to: ‘index.html.4’

     0K .......... .......... .......... .......... ..........  0%  475K 27s
    50K .......... .......... .......... .......... ..........  0%  361K 31s
   100K .......... .......... .......... .......... ..........  1%  540K 29s
   150K .......... .......... .......... .......... ..........  1%  538K 27s
   200K .......... .......... .......... .......... ..........  1%  425K 28s
   250K .......... .......... .......... .......... ..........  2%  494K 27s
   300K .......... .......... .......... .......... ..........  2%  475K 27s
   350K .......... .......... .......... .......... ..........  3%  439K 27s
   400K .......... .......... .......... .......... ..........  3%  492K 27s
   450K .......... .......... .......... .......... ..........  3%  475K 27s
   500K .......... .......... .......... .......... ..........  4%  427K 27s
   550K .......... .......... .......... .......... ..........  4%  477K 27s
   600K .......... .......... .......... .......... ..........  5%  370K 27s
   650K .......... .......... .......... .......... ..........  5%  616K 26s
   700K .......... .......... .......... .......... ..........  5%  463K 26s
   750K .......... .......... .......... .......... ..........  6%  476K 26s
   800K .......... .......... .......... .......... ..........  6%  450K 26s
   850K .......... .......... .......... .......... ..........  6%  477K 26s
   900K .......... .......... .......... .......... ..........  7%  476K 26s
   950K .......... .......... .......... .......... ..........  7%  451K 26s
  1000K .......... .......... .......... .......... ..........  8%  477K 25s
  1050K .......... .......... .......... .......... ..........  8%  451K 25s
  1100K .......... .......... .......... .......... ..........  8%  475K 25s
  1150K .......... .......... .......... .......... ..........  9%  475K 25s
  1200K .......... .......... .......... .......... ..........  9%  463K 25s
  1250K .......... .......... .......... .......... .......... 10%  363K 25s
  1300K .......... .......... .......... .......... .......... 10%  619K 25s
  1350K .......... .......... .......... .......... .......... 10%  463K 25s
  1400K .......... .......... .......... .......... .......... 11%  463K 25s
  1450K .......... .......... .......... .......... .......... 11%  475K 25s
  1500K .......... .......... .......... .......... .......... 12%  362K 25s
  1550K .......... .......... .......... .......... .......... 12%  641K 24s
  1600K .......... .......... .......... .......... .......... 12%  479K 24s
  1650K .......... .......... .......... .......... .......... 13%  388K 24s
  1700K .......... .......... .......... .......... .......... 13%  460K 24s
  1750K .......... .......... .......... .......... .......... 13%  506K 24s
  1800K .......... .......... .......... .......... .......... 14%  463K 24s
  1850K .......... .......... .......... .......... .......... 14%  479K 24s
  1900K .......... .......... .......... .......... .......... 15%  463K 24s
  1950K .......... .......... .......... .......... .......... 15%  447K 24s
  2000K .......... .......... .......... .......... .......... 15%  493K 23s
  2050K .......... .......... .......... .......... .......... 16%  461K 23s
  2100K .......... .......... .......... .......... .......... 16%  479K 23s
  2150K .......... .......... .......... .......... .......... 17%  477K 23s
  2200K .......... .......... .......... .......... .......... 17%  403K 23s
  2250K .......... .......... .......... .......... .......... 17%  389K 23s
  2300K .......... .......... .......... .......... .......... 18%  618K 23s
  2350K .......... .......... .......... .......... .......... 18%  449K 23s
  2400K .......... .......... .......... .......... .......... 19%  465K 23s
  2450K .......... .......... .......... .......... .......... 19%  438K 22s
  2500K .......... .......... .......... .......... .......... 19%  477K 22s
  2550K .......... .......... .......... .......... .......... 20%  451K 22s
  2600K .......... .......... .......... .......... .......... 20%  448K 22s
  2650K .......... .......... .......... .......... .......... 20%  450K 22s
  2700K .......... .......... .......... .......... .......... 21%  463K 22s
  2750K .......... .......... .......... .......... .......... 21%  462K 22s
  2800K .......... .......... .......... .......... .......... 22%  440K 22s
  2850K .......... .......... .......... .......... .......... 22%  397K 22s
  2900K .......... .......... .......... .......... .......... 22%  535K 22s
  2950K .......... .......... .......... .......... .......... 23%  463K 21s
  3000K .......... .......... .......... .......... .......... 23%  450K 21s
  3050K .......... .......... .......... .......... .......... 24%  389K 21s
  3100K .......... .......... .......... .......... .......... 24%  489K 21s
  3150K .......... .......... .......... .......... .......... 24%  463K 21s
  3200K .......... .......... .......... .......... .......... 25%  478K 21s
  3250K .......... .......... .......... .......... .......... 25%  475K 21s
  3300K .......... .......... .......... .......... .......... 26%  463K 21s
  3350K .......... .......... .......... .......... .......... 26%  477K 21s
  3400K .......... .......... .......... .......... .......... 26%  417K 20s
  3450K .......... .......... .......... .......... .......... 27%  518K 20s
  3500K .......... .......... .......... .......... .......... 27%  464K 20s
  3550K .......... .......... .......... .......... .......... 27%  477K 20s
  3600K .......... .......... .......... .......... .......... 28%  448K 20s
  3650K .......... .......... .......... .......... .......... 28%  451K 20s
  3700K .......... .......... .......... .......... .......... 29%  462K 20s
  3750K .......... .......... .......... .......... .......... 29%  479K 20s
  3800K .......... .......... .......... .......... .......... 29%  405K 20s
  3850K .......... .......... .......... .......... .......... 30%  522K 19s
  3900K .......... .......... .......... .......... .......... 30%  476K 19s
  3950K .......... .......... .......... .......... .......... 31%  452K 19s
  4000K .......... .......... .......... .......... .......... 31%  451K 19s
  4050K .......... .......... .......... .......... .......... 31%  476K 19s
  4100K .......... .......... .......... .......... .......... 32%  478K 19s
  4150K .......... .......... .......... .......... .......... 32%  464K 19s
  4200K .......... .......... .......... .......... .......... 32%  474K 19s
  4250K .......... .......... .......... .......... .......... 33%  463K 19s
  4300K .......... .......... .......... .......... .......... 33%  476K 18s
  4350K .......... .......... .......... .......... .......... 34%  477K 18s
  4400K .......... .......... .......... .......... .......... 34%  451K 18s
  4450K .......... .......... .......... .......... .......... 34%  405K 18s
  4500K .......... .......... .......... .......... .......... 35%  522K 18s
  4550K .......... .......... .......... .......... .......... 35%  461K 18s
  4600K .......... .......... .......... .......... .......... 36%  477K 18s
  4650K .......... .......... .......... .......... .......... 36%  477K 18s
  4700K .......... .......... .......... .......... .......... 36%  449K 18s
  4750K .......... .......... .......... .......... .......... 37%  476K 17s
  4800K .......... .......... .......... .......... .......... 37%  437K 17s
  4850K .......... .......... .......... .......... .......... 38%  465K 17s
  4900K .......... .......... .......... .......... .......... 38%  478K 17s
  4950K .......... .......... .......... .......... .......... 38%  462K 17s
  5000K .......... .......... .......... .......... .......... 39%  476K 17s
  5050K .......... .......... .......... .......... .......... 39%  476K 17s
  5100K .......... .......... .......... .......... .......... 39%  379K 17s
  5150K .......... .......... .......... .......... .......... 40%  555K 17s
  5200K .......... .......... .......... .......... .......... 40%  476K 17s
  5250K .......... .......... .......... .......... .......... 41%  465K 16s
  5300K .......... .......... .......... .......... .......... 41%  473K 16s
  5350K .......... .......... .......... .......... .......... 41%  477K 16s
  5400K .......... .......... .......... .......... .......... 42%  451K 16s
  5450K .......... .......... .......... .......... .......... 42%  462K 16s
  5500K .......... .......... .......... .......... .......... 43%  475K 16s
  5550K .......... .......... .......... .......... .......... 43%  439K 16s
  5600K .......... .......... .......... .......... .......... 43%  462K 16s
  5650K .......... .......... .......... .......... .......... 44%  451K 16s
  5700K .......... .......... .......... .......... .......... 44%  464K 15s
  5750K .......... .......... .......... .......... .......... 45%  475K 15s
  5800K .......... .......... .......... .......... .......... 45%  440K 15s
  5850K .......... .......... .......... .......... .......... 45%  475K 15s
  5900K .......... .......... .......... .......... .......... 46%  464K 15s
  5950K .......... .......... .......... .......... .......... 46%  464K 15s
  6000K .......... .......... .......... .......... .......... 46%  397K 15s
  6050K .......... .......... .......... .......... .......... 47%  536K 15s
  6100K .......... .......... .......... .......... .......... 47%  462K 15s
  6150K .......... .......... .......... .......... .......... 48%  476K 14s
  6200K .......... .......... .......... .......... .......... 48%  371K 14s
  6250K .......... .......... .......... .......... .......... 48%  616K 14s
  6300K .......... .......... .......... .......... .......... 49%  355K 14s
  6350K .......... .......... .......... .......... .......... 49%  636K 14s
  6400K .......... .......... .......... .......... .......... 50%  462K 14s
  6450K .......... .......... .......... .......... .......... 50%  380K 14s
  6500K .......... .......... .......... .......... .......... 50%  491K 14s
  6550K .......... .......... .......... .......... .......... 51%  553K 14s
  6600K .......... .......... .......... .......... .......... 51%  464K 13s
  6650K .......... .......... .......... .......... .......... 52%  465K 13s
  6700K .......... .......... .......... .......... .......... 52%  463K 13s
  6750K .......... .......... .......... .......... .......... 52%  475K 13s
  6800K .......... .......... .......... .......... .......... 53%  450K 13s
  6850K .......... .......... .......... .......... .......... 53%  462K 13s
  6900K .......... .......... .......... .......... .......... 53%  464K 13s
  6950K .......... .......... .......... .......... .......... 54%  398K 13s
  7000K .......... .......... .......... .......... .......... 54%  553K 13s
  7050K .......... .......... .......... .......... .......... 55%  371K 13s
  7100K .......... .......... .......... .......... .......... 55%  620K 12s
  7150K .......... .......... .......... .......... .......... 55%  475K 12s
  7200K .......... .......... .......... .......... .......... 56%  465K 12s
  7250K .......... .......... .......... .......... .......... 56%  425K 12s
  7300K .......... .......... .......... .......... .......... 57%  419K 12s
  7350K .......... .......... .......... .......... .......... 57%  536K 12s
  7400K .......... .......... .......... .......... .......... 57%  474K 12s
  7450K .......... .......... .......... .......... .......... 58%  479K 12s
  7500K .......... .......... .......... .......... .......... 58%  449K 12s
  7550K .......... .......... .......... .......... .......... 58%  428K 11s
  7600K .......... .......... .......... .......... .......... 59%  427K 11s
  7650K .......... .......... .......... .......... .......... 59%  541K 11s
  7700K .......... .......... .......... .......... .......... 60%  474K 11s
  7750K .......... .......... .......... .......... .......... 60%  450K 11s
  7800K .......... .......... .......... .......... .......... 60%  478K 11s
  7850K .......... .......... .......... .......... .......... 61%  474K 11s
  7900K .......... .......... .......... .......... .......... 61%  407K 11s
  7950K .......... .......... .......... .......... .......... 62%  477K 11s
  8000K .......... .......... .......... .......... .......... 62%  476K 10s
  8050K .......... .......... .......... .......... .......... 62%  464K 10s
  8100K .......... .......... .......... .......... .......... 63%  474K 10s
  8150K .......... .......... .......... .......... .......... 63%  427K 10s
  8200K .......... .......... .......... .......... .......... 64%  397K 10s
  8250K .......... .......... .......... .......... .......... 64%  555K 10s
  8300K .......... .......... .......... .......... .......... 64%  464K 10s
  8350K .......... .......... .......... .......... .......... 65%  463K 10s
  8400K .......... .......... .......... .......... .......... 65%  476K 10s
  8450K .......... .......... .......... .......... .......... 65%  448K 9s
  8500K .......... .......... .......... .......... .......... 66%  465K 9s
  8550K .......... .......... .......... .......... .......... 66%  474K 9s
  8600K .......... .......... .......... .......... .......... 67%  464K 9s
  8650K .......... .......... .......... .......... .......... 67%  463K 9s
  8700K .......... .......... .......... .......... .......... 67%  438K 9s
  8750K .......... .......... .......... .......... .......... 68%  462K 9s
  8800K .......... .......... .......... .......... .......... 68%  465K 9s
  8850K .......... .......... .......... .......... .......... 69%  462K 9s
  8900K .......... .......... .......... .......... .......... 69%  463K 9s
  8950K .......... .......... .......... .......... .......... 69%  476K 8s
  9000K .......... .......... .......... .......... .......... 70%  441K 8s
  9050K .......... .......... .......... .......... .......... 70%  475K 8s
  9100K .......... .......... .......... .......... .......... 71%  462K 8s
  9150K .......... .......... .......... .......... .......... 71%  464K 8s
  9200K .......... .......... .......... .......... .......... 71%  462K 8s
  9250K .......... .......... .......... .......... .......... 72%  478K 8s
  9300K .......... .......... .......... .......... .......... 72%  463K 8s
  9350K .......... .......... .......... .......... .......... 72%  474K 8s
  9400K .......... .......... .......... .......... .......... 73%  387K 7s
  9450K .......... .......... .......... .......... .......... 73%  522K 7s
  9500K .......... .......... .......... .......... .......... 74%  477K 7s
  9550K .......... .......... .......... .......... .......... 74%  387K 7s
  9600K .......... .......... .......... .......... .......... 74%  575K 7s
  9650K .......... .......... .......... .......... .......... 75%  461K 7s
  9700K .......... .......... .......... .......... .......... 75%  465K 7s
  9750K .......... .......... .......... .......... .......... 76%  397K 7s
  9800K .......... .......... .......... .......... .......... 76%  579K 7s
  9850K .......... .......... .......... .......... .......... 76%  448K 6s
  9900K .......... .......... .......... .......... .......... 77%  478K 6s
  9950K .......... .......... .......... .......... .......... 77%  461K 6s
 10000K .......... .......... .......... .......... .......... 78%  464K 6s
 10050K .......... .......... .......... .......... .......... 78%  405K 6s
 10100K .......... .......... .......... .......... .......... 78%  523K 6s
 10150K .......... .......... .......... .......... .......... 79%  463K 6s
 10200K .......... .......... .......... .......... .......... 79%  464K 6s
 10250K .......... .......... .......... .......... .......... 79%  463K 6s
 10300K .......... .......... .......... .......... .......... 80%  462K 5s
 10350K .......... .......... .......... .......... .......... 80%  377K 5s
 10400K .......... .......... .......... .......... .......... 81%  580K 5s
 10450K .......... .......... .......... .......... .......... 81%  476K 5s
 10500K .......... .......... .......... .......... .......... 81%  463K 5s
 10550K .......... .......... .......... .......... .......... 82%  450K 5s
 10600K .......... .......... .......... .......... .......... 82%  397K 5s
 10650K .......... .......... .......... .......... .......... 83%  539K 5s
 10700K .......... .......... .......... .......... .......... 83%  449K 5s
 10750K .......... .......... .......... .......... .......... 83%  475K 5s
 10800K .......... .......... .......... .......... .......... 84%  451K 4s
 10850K .......... .......... .......... .......... .......... 84%  474K 4s
 10900K .......... .......... .......... .......... .......... 84%  478K 4s
 10950K .......... .......... .......... .......... .......... 85%  440K 4s
 11000K .......... .......... .......... .......... .......... 85%  478K 4s
 11050K .......... .......... .......... .......... .......... 86%  473K 4s
 11100K .......... .......... .......... .......... .......... 86%  464K 4s
 11150K .......... .......... .......... .......... .......... 86%  378K 4s
 11200K .......... .......... .......... .......... .......... 87%  620K 4s
 11250K .......... .......... .......... .......... .......... 87%  463K 3s
 11300K .......... .......... .......... .......... .......... 88%  475K 3s
 11350K .......... .......... .......... .......... .......... 88%  477K 3s
 11400K .......... .......... .......... .......... .......... 88%  449K 3s
 11450K .......... .......... .......... .......... .......... 89%  396K 3s
 11500K .......... .......... .......... .......... .......... 89%  507K 3s
 11550K .......... .......... .......... .......... .......... 90%  387K 3s
 11600K .......... .......... .......... .......... .......... 90%  576K 3s
 11650K .......... .......... .......... .......... .......... 90%  465K 3s
 11700K .......... .......... .......... .......... .......... 91%  474K 2s
 11750K .......... .......... .......... .......... .......... 91%  407K 2s
 11800K .......... .......... .......... .......... .......... 91%  519K 2s
 11850K .......... .......... .......... .......... .......... 92%  465K 2s
 11900K .......... .......... .......... .......... .......... 92%  460K 2s
 11950K .......... .......... .......... .......... .......... 93%  440K 2s
 12000K .......... .......... .......... .......... .......... 93%  477K 2s
 12050K .......... .......... .......... .......... .......... 93%  463K 2s
 12100K .......... .......... .......... .......... .......... 94%  474K 2s
 12150K .......... .......... .......... .......... .......... 94%  429K 1s
 12200K .......... .......... .......... .......... .......... 95%  475K 1s
 12250K .......... .......... .......... .......... .......... 95%  477K 1s
 12300K .......... .......... .......... .......... .......... 95%  407K 1s
 12350K .......... .......... .......... .......... .......... 96%  506K 1s
 12400K .......... .......... .......... .......... .......... 96%  477K 1s
 12450K .......... .......... .......... .......... .......... 97%  449K 1s
 12500K .......... .......... .......... .......... .......... 97%  478K 1s
 12550K .......... .......... .......... .......... .......... 97%  461K 1s
 12600K .......... .......... .......... .......... .......... 98%  477K 1s
 12650K .......... .......... .......... .......... .......... 98%  451K 0s
 12700K .......... .......... .......... .......... .......... 98%  476K 0s
 12750K .......... .......... .......... .......... .......... 99%  450K 0s
 12800K .......... .......... .......... .......... .......... 99%  475K 0s
 12850K .......... .......... .......... ....                 100%  474K=28s

2016-05-25 02:26:46 (462 KB/s) - ‘index.html.4’ saved [13193358/13193358]

