--2016-05-25 01:49:21--  http://10.30.50.93:8000/
Connecting to 10.30.50.93:8000... connected.
HTTP request sent, awaiting response... 200 OK
Length: 13193358 (13M) [text/html]
Saving to: ‘index.html.14’

     0K .......... .......... .......... .......... ..........  0%  278K 46s
    50K .......... .......... .......... .......... ..........  0% 51.8K 2m26s
   100K .......... .......... .......... .......... ..........  1% 56.7K 2m52s
   150K .......... .......... .......... .......... ..........  1%  220K 2m23s
   200K .......... .......... .......... .......... ..........  1%  213K 2m6s
   250K .......... .......... .......... .......... ..........  2%  220K 1m54s
   300K .......... .......... .......... .......... ..........  2%  219K 1m46s
   350K .......... .......... .......... .......... ..........  3%  163K 1m41s
   400K .......... .......... .......... .......... ..........  3%  204K 97s
   450K .......... .......... .......... .......... ..........  3%  113K 98s
   500K .......... .......... .......... .......... ..........  4%  225K 93s
   550K .......... .......... .......... .......... ..........  4%  186K 91s
   600K .......... .......... .......... .......... ..........  5% 58.3K 1m40s
   650K .......... .......... .......... .......... ..........  5%  198K 96s
   700K .......... .......... .......... .......... ..........  5%  204K 94s
   750K .......... .......... .......... .......... ..........  6%  103K 95s
   800K .......... .......... .......... .......... ..........  6% 55.6K 1m42s
   850K .......... .......... .......... .......... ..........  6%  189K 99s
   900K .......... .......... .......... .......... ..........  7%  185K 97s
   950K .......... .......... .......... .......... ..........  7%  220K 94s
  1000K .......... .......... .......... .......... ..........  8%  106K 95s
  1050K .......... .......... .......... .......... ..........  8%  194K 93s
  1100K .......... .......... .......... .......... ..........  8%  109K 93s
  1150K .......... .......... .......... .......... ..........  9%  194K 91s
  1200K .......... .......... .......... .......... ..........  9%  209K 90s
  1250K .......... .......... .......... .......... .......... 10%  204K 88s
  1300K .......... .......... .......... .......... .......... 10%  225K 86s
  1350K .......... .......... .......... .......... .......... 10%  189K 85s
  1400K .......... .......... .......... .......... .......... 11%  226K 83s
  1450K .......... .......... .......... .......... .......... 11%  203K 82s
  1500K .......... .......... .......... .......... .......... 12%  100K 83s
  1550K .......... .......... .......... .......... .......... 12%  104K 83s
  1600K .......... .......... .......... .......... .......... 12%  219K 82s
  1650K .......... .......... .......... .......... .......... 13%  170K 81s
  1700K .......... .......... .......... .......... .......... 13%  117K 81s
  1750K .......... .......... .......... .......... .......... 13% 96.9K 82s
  1800K .......... .......... .......... .......... .......... 14%  203K 81s
  1850K .......... .......... .......... .......... .......... 14%  245K 79s
  1900K .......... .......... .......... .......... .......... 15%  220K 78s
  1950K .......... .......... .......... .......... .......... 15%  209K 77s
  2000K .......... .......... .......... .......... .......... 15%  231K 76s
  2050K .......... .......... .......... .......... .......... 16%  209K 75s
  2100K .......... .......... .......... .......... .......... 16%  177K 74s
  2150K .......... .......... .......... .......... .......... 17%  203K 74s
  2200K .......... .......... .......... .......... .......... 17% 27.9K 80s
  2250K .......... .......... .......... .......... .......... 17%  238K 79s
  2300K .......... .......... .......... .......... .......... 18%  107K 79s
  2350K .......... .......... .......... .......... .......... 18%  103K 79s
  2400K .......... .......... .......... .......... .......... 19%  203K 78s
  2450K .......... .......... .......... .......... .......... 19%  174K 78s
  2500K .......... .......... .......... .......... .......... 19%  170K 77s
  2550K .......... .......... .......... .......... .......... 20%  269K 76s
  2600K .......... .......... .......... .......... .......... 20%  208K 75s
  2650K .......... .......... .......... .......... .......... 20%  163K 74s
  2700K .......... .......... .......... .......... .......... 21% 98.0K 74s
  2750K .......... .......... .......... .......... .......... 21% 99.2K 75s
  2800K .......... .......... .......... .......... .......... 22%  100K 75s
  2850K .......... .......... .......... .......... .......... 22%  198K 74s
  2900K .......... .......... .......... .......... .......... 22%  104K 74s
  2950K .......... .......... .......... .......... .......... 23%  190K 73s
  3000K .......... .......... .......... .......... .......... 23%  107K 73s
  3050K .......... .......... .......... .......... .......... 24% 77.1K 74s
  3100K .......... .......... .......... .......... .......... 24%  107K 73s
  3150K .......... .......... .......... .......... .......... 24% 89.6K 74s
  3200K .......... .......... .......... .......... .......... 25%  231K 73s
  3250K .......... .......... .......... .......... .......... 25%  110K 73s
  3300K .......... .......... .......... .......... .......... 26%  107K 73s
  3350K .......... .......... .......... .......... .......... 26%  154K 72s
  3400K .......... .......... .......... .......... .......... 26%  208K 71s
  3450K .......... .......... .......... .......... .......... 27%  198K 70s
  3500K .......... .......... .......... .......... .......... 27% 93.8K 71s
  3550K .......... .......... .......... .......... .......... 27%  207K 70s
  3600K .......... .......... .......... .......... .......... 28% 44.1K 71s
  3650K .......... .......... .......... .......... .......... 28%  189K 71s
  3700K .......... .......... .......... .......... .......... 29% 43.0K 72s
  3750K .......... .......... .......... .......... .......... 29%  213K 71s
  3800K .......... .......... .......... .......... .......... 29% 99.2K 71s
  3850K .......... .......... .......... .......... .......... 30%  174K 71s
  3900K .......... .......... .......... .......... .......... 30%  107K 70s
  3950K .......... .......... .......... .......... .......... 31%  104K 70s
  4000K .......... .......... .......... .......... .......... 31%  220K 69s
  4050K .......... .......... .......... .......... .......... 31%  103K 69s
  4100K .......... .......... .......... .......... .......... 32%  189K 69s
  4150K .......... .......... .......... .......... .......... 32% 69.5K 69s
  4200K .......... .......... .......... .......... .......... 32%  166K 68s
  4250K .......... .......... .......... .......... .......... 33% 80.2K 68s
  4300K .......... .......... .......... .......... .......... 33%  174K 68s
  4350K .......... .......... .......... .......... .......... 34%  181K 67s
  4400K .......... .......... .......... .......... .......... 34% 70.0K 67s
  4450K .......... .......... .......... .......... .......... 34%  261K 67s
  4500K .......... .......... .......... .......... .......... 35% 55.2K 67s
  4550K .......... .......... .......... .......... .......... 35%  225K 66s
  4600K .......... .......... .......... .......... .......... 36%  107K 66s
  4650K .......... .......... .......... .......... .......... 36%  194K 65s
  4700K .......... .......... .......... .......... .......... 36%  105K 65s
  4750K .......... .......... .......... .......... .......... 37%  238K 64s
  4800K .......... .......... .......... .......... .......... 37%  194K 64s
  4850K .......... .......... .......... .......... .......... 38%  167K 63s
  4900K .......... .......... .......... .......... .......... 38%  208K 63s
  4950K .......... .......... .......... .......... .......... 38%  107K 62s
  5000K .......... .......... .......... .......... .......... 39% 81.8K 62s
  5050K .......... .......... .......... .......... .......... 39% 54.4K 63s
  5100K .......... .......... .......... .......... .......... 39%  111K 62s
  5150K .......... .......... .......... .......... .......... 40%  252K 62s
  5200K .......... .......... .......... .......... .......... 40%  225K 61s
  5250K .......... .......... .......... .......... .......... 41%  181K 60s
  5300K .......... .......... .......... .......... .......... 41%  181K 60s
  5350K .......... .......... .......... .......... .......... 41% 57.1K 60s
  5400K .......... .......... .......... .......... .......... 42%  107K 60s
  5450K .......... .......... .......... .......... .......... 42%  177K 59s
  5500K .......... .......... .......... .......... .......... 43%  203K 59s
  5550K .......... .......... .......... .......... .......... 43%  185K 58s
  5600K .......... .......... .......... .......... .......... 43%  190K 57s
  5650K .......... .......... .......... .......... .......... 44%  198K 57s
  5700K .......... .......... .......... .......... .......... 44%  189K 56s
  5750K .......... .......... .......... .......... .......... 45% 70.0K 56s
  5800K .......... .......... .......... .......... .......... 45%  194K 56s
  5850K .......... .......... .......... .......... .......... 45%  260K 55s
  5900K .......... .......... .......... .......... .......... 46%  194K 55s
  5950K .......... .......... .......... .......... .......... 46%  232K 54s
  6000K .......... .......... .......... .......... .......... 46%  203K 53s
  6050K .......... .......... .......... .......... .......... 47%  203K 53s
  6100K .......... .......... .......... .......... .......... 47%  208K 52s
  6150K .......... .......... .......... .......... .......... 48%  225K 52s
  6200K .......... .......... .......... .......... .......... 48%  199K 51s
  6250K .......... .......... .......... .......... .......... 48% 96.9K 51s
  6300K .......... .......... .......... .......... .......... 49% 96.8K 51s
  6350K .......... .......... .......... .......... .......... 49%  261K 50s
  6400K .......... .......... .......... .......... .......... 50%  181K 50s
  6450K .......... .......... .......... .......... .......... 50%  170K 49s
  6500K .......... .......... .......... .......... .......... 50%  204K 49s
  6550K .......... .......... .......... .......... .......... 51% 91.4K 48s
  6600K .......... .......... .......... .......... .......... 51% 79.4K 48s
  6650K .......... .......... .......... .......... .......... 52%  103K 48s
  6700K .......... .......... .......... .......... .......... 52%  231K 47s
  6750K .......... .......... .......... .......... .......... 52%  163K 47s
  6800K .......... .......... .......... .......... .......... 53%  113K 47s
  6850K .......... .......... .......... .......... .......... 53%  238K 46s
  6900K .......... .......... .......... .......... .......... 53%  214K 46s
  6950K .......... .......... .......... .......... .......... 54%  194K 45s
  7000K .......... .......... .......... .......... .......... 54%  245K 45s
  7050K .......... .......... .......... .......... .......... 55%  194K 44s
  7100K .......... .......... .......... .......... .......... 55% 54.5K 44s
  7150K .......... .......... .......... .......... .......... 55%  189K 44s
  7200K .......... .......... .......... .......... .......... 56%  102K 43s
  7250K .......... .......... .......... .......... .......... 56%  185K 43s
  7300K .......... .......... .......... .......... .......... 57%  244K 42s
  7350K .......... .......... .......... .......... .......... 57%  209K 42s
  7400K .......... .......... .......... .......... .......... 57%  181K 41s
  7450K .......... .......... .......... .......... .......... 58%  198K 41s
  7500K .......... .......... .......... .......... .......... 58% 60.4K 41s
  7550K .......... .......... .......... .......... .......... 58%  239K 40s
  7600K .......... .......... .......... .......... .......... 59%  116K 40s
  7650K .......... .......... .......... .......... .......... 59%  231K 39s
  7700K .......... .......... .......... .......... .......... 60%  189K 39s
  7750K .......... .......... .......... .......... .......... 60%  209K 39s
  7800K .......... .......... .......... .......... .......... 60%  177K 38s
  7850K .......... .......... .......... .......... .......... 61%  199K 38s
  7900K .......... .......... .......... .......... .......... 61%  185K 37s
  7950K .......... .......... .......... .......... .......... 62%  198K 37s
  8000K .......... .......... .......... .......... .......... 62%  204K 36s
  8050K .......... .......... .......... .......... .......... 62%  193K 36s
  8100K .......... .......... .......... .......... .......... 63%  116K 36s
  8150K .......... .......... .......... .......... .......... 63%  100K 35s
  8200K .......... .......... .......... .......... .......... 64%  214K 35s
  8250K .......... .......... .......... .......... .......... 64%  203K 34s
  8300K .......... .......... .......... .......... .......... 64%  214K 34s
  8350K .......... .......... .......... .......... .......... 65%  114K 34s
  8400K .......... .......... .......... .......... .......... 65%  107K 33s
  8450K .......... .......... .......... .......... .......... 65%  164K 33s
  8500K .......... .......... .......... .......... .......... 66%  105K 32s
  8550K .......... .......... .......... .......... .......... 66% 55.9K 32s
  8600K .......... .......... .......... .......... .......... 67% 80.9K 32s
  8650K .......... .......... .......... .......... .......... 67%  110K 32s
  8700K .......... .......... .......... .......... .......... 67% 75.8K 32s
  8750K .......... .......... .......... .......... .......... 68%  185K 31s
  8800K .......... .......... .......... .......... .......... 68%  220K 31s
  8850K .......... .......... .......... .......... .......... 69%  220K 30s
  8900K .......... .......... .......... .......... .......... 69%  185K 30s
  8950K .......... .......... .......... .......... .......... 69% 57.8K 30s
  9000K .......... .......... .......... .......... .......... 70%  177K 29s
  9050K .......... .......... .......... .......... .......... 70%  113K 29s
  9100K .......... .......... .......... .......... .......... 71%  199K 28s
  9150K .......... .......... .......... .......... .......... 71%  186K 28s
  9200K .......... .......... .......... .......... .......... 71% 47.1K 28s
  9250K .......... .......... .......... .......... .......... 72%  124K 27s
  9300K .......... .......... .......... .......... .......... 72%  108K 27s
  9350K .......... .......... .......... .......... .......... 72%  214K 27s
  9400K .......... .......... .......... .......... .......... 73%  213K 26s
  9450K .......... .......... .......... .......... .......... 73%  203K 26s
  9500K .......... .......... .......... .......... .......... 74% 75.8K 26s
  9550K .......... .......... .......... .......... .......... 74% 46.3K 25s
  9600K .......... .......... .......... .......... .......... 74%  107K 25s
  9650K .......... .......... .......... .......... .......... 75%  238K 25s
  9700K .......... .......... .......... .......... .......... 75%  194K 24s
  9750K .......... .......... .......... .......... .......... 76%  260K 24s
  9800K .......... .......... .......... .......... .......... 76%  213K 23s
  9850K .......... .......... .......... .......... .......... 76%  194K 23s
  9900K .......... .......... .......... .......... .......... 77%  181K 22s
  9950K .......... .......... .......... .......... .......... 77% 43.6K 22s
 10000K .......... .......... .......... .......... .......... 78%  108K 22s
 10050K .......... .......... .......... .......... .......... 78%  104K 22s
 10100K .......... .......... .......... .......... .......... 78%  219K 21s
 10150K .......... .......... .......... .......... .......... 79%  198K 21s
 10200K .......... .......... .......... .......... .......... 79%  232K 20s
 10250K .......... .......... .......... .......... .......... 79%  185K 20s
 10300K .......... .......... .......... .......... .......... 80%  220K 19s
 10350K .......... .......... .......... .......... .......... 80%  189K 19s
 10400K .......... .......... .......... .......... .......... 81%  253K 19s
 10450K .......... .......... .......... .......... .......... 81%  198K 18s
 10500K .......... .......... .......... .......... .......... 81%  208K 18s
 10550K .......... .......... .......... .......... .......... 82%  174K 17s
 10600K .......... .......... .......... .......... .......... 82%  231K 17s
 10650K .......... .......... .......... .......... .......... 83% 54.1K 17s
 10700K .......... .......... .......... .......... .......... 83%  110K 16s
 10750K .......... .......... .......... .......... .......... 83%  194K 16s
 10800K .......... .......... .......... .......... .......... 84% 45.0K 16s
 10850K .......... .......... .......... .......... .......... 84% 62.6K 15s
 10900K .......... .......... .......... .......... .......... 84%  239K 15s
 10950K .......... .......... .......... .......... .......... 85%  173K 15s
 11000K .......... .......... .......... .......... .......... 85%  204K 14s
 11050K .......... .......... .......... .......... .......... 86% 99.1K 14s
 11100K .......... .......... .......... .......... .......... 86%  214K 13s
 11150K .......... .......... .......... .......... .......... 86%  209K 13s
 11200K .......... .......... .......... .......... .......... 87%  231K 13s
 11250K .......... .......... .......... .......... .......... 87%  219K 12s
 11300K .......... .......... .......... .......... .......... 88%  199K 12s
 11350K .......... .......... .......... .......... .......... 88%  190K 11s
 11400K .......... .......... .......... .......... .......... 88%  117K 11s
 11450K .......... .......... .......... .......... .......... 89%  194K 11s
 11500K .......... .......... .......... .......... .......... 89%  189K 10s
 11550K .......... .......... .......... .......... .......... 90%  225K 10s
 11600K .......... .......... .......... .......... .......... 90%  203K 9s
 11650K .......... .......... .......... .......... .......... 90%  173K 9s
 11700K .......... .......... .......... .......... .......... 91%  102K 9s
 11750K .......... .......... .......... .......... .......... 91%  160K 8s
 11800K .......... .......... .......... .......... .......... 91%  199K 8s
 11850K .......... .......... .......... .......... .......... 92%  220K 7s
 11900K .......... .......... .......... .......... .......... 92%  231K 7s
 11950K .......... .......... .......... .......... .......... 93%  181K 7s
 12000K .......... .......... .......... .......... .......... 93%  181K 6s
 12050K .......... .......... .......... .......... .......... 93%  189K 6s
 12100K .......... .......... .......... .......... .......... 94%  252K 6s
 12150K .......... .......... .......... .......... .......... 94%  214K 5s
 12200K .......... .......... .......... .......... .......... 95%  203K 5s
 12250K .......... .......... .......... .......... .......... 95%  194K 4s
 12300K .......... .......... .......... .......... .......... 95%  225K 4s
 12350K .......... .......... .......... .......... .......... 96%  213K 4s
 12400K .......... .......... .......... .......... .......... 96% 69.5K 3s
 12450K .......... .......... .......... .......... .......... 97% 46.5K 3s
 12500K .......... .......... .......... .......... .......... 97%  203K 3s
 12550K .......... .......... .......... .......... .......... 97%  114K 2s
 12600K .......... .......... .......... .......... .......... 98%  225K 2s
 12650K .......... .......... .......... .......... .......... 98%  194K 1s
 12700K .......... .......... .......... .......... .......... 98%  202K 1s
 12750K .......... .......... .......... .......... .......... 99%  185K 1s
 12800K .......... .......... .......... .......... .......... 99%  231K 0s
 12850K .......... .......... .......... ....                 100% 34.5K=97s

2016-05-25 01:50:58 (133 KB/s) - ‘index.html.14’ saved [13193358/13193358]

