--2016-05-25 03:37:12--  http://10.30.50.93:8000/
Connecting to 10.30.50.93:8000... connected.
HTTP request sent, awaiting response... 200 OK
Length: 13193358 (13M) [text/html]
Saving to: ‘index.html.6’

     0K .......... .......... .......... .......... ..........  0% 2.17M 6s
    50K .......... .......... .......... .......... ..........  0% 2.14M 6s
   100K .......... .......... .......... .......... ..........  1% 2.11M 6s
   150K .......... .......... .......... .......... ..........  1% 2.25M 6s
   200K .......... .......... .......... .......... ..........  1% 1.98M 6s
   250K .......... .......... .......... .......... ..........  2% 2.27M 6s
   300K .......... .......... .......... .......... ..........  2% 1.84M 6s
   350K .......... .......... .......... .......... ..........  3% 2.11M 6s
   400K .......... .......... .......... .......... ..........  3% 2.09M 6s
   450K .......... .......... .......... .......... ..........  3% 2.04M 6s
   500K .......... .......... .......... .......... ..........  4% 1.92M 6s
   550K .......... .......... .......... .......... ..........  4% 1.63M 6s
   600K .......... .......... .......... .......... ..........  5% 1.86M 6s
   650K .......... .......... .......... .......... ..........  5% 1.84M 6s
   700K .......... .......... .......... .......... ..........  5% 1.80M 6s
   750K .......... .......... .......... .......... ..........  6% 1.96M 6s
   800K .......... .......... .......... .......... ..........  6% 1.71M 6s
   850K .......... .......... .......... .......... ..........  6% 2.36M 6s
   900K .......... .......... .......... .......... ..........  7% 2.28M 6s
   950K .......... .......... .......... .......... ..........  7% 2.11M 6s
  1000K .......... .......... .......... .......... ..........  8% 2.14M 6s
  1050K .......... .......... .......... .......... ..........  8% 1.63M 6s
  1100K .......... .......... .......... .......... ..........  8% 1.77M 6s
  1150K .......... .......... .......... .......... ..........  9% 1.78M 6s
  1200K .......... .......... .......... .......... ..........  9% 1.73M 6s
  1250K .......... .......... .......... .......... .......... 10% 1.79M 6s
  1300K .......... .......... .......... .......... .......... 10% 1.72M 6s
  1350K .......... .......... .......... .......... .......... 10% 1.70M 6s
  1400K .......... .......... .......... .......... .......... 11% 1.18M 6s
  1450K .......... .......... .......... .......... .......... 11% 1.01M 6s
  1500K .......... .......... .......... .......... .......... 12% 1.41M 6s
  1550K .......... .......... .......... .......... .......... 12% 1.22M 6s
  1600K .......... .......... .......... .......... .......... 12% 1.64M 6s
  1650K .......... .......... .......... .......... .......... 13% 1.61M 6s
  1700K .......... .......... .......... .......... .......... 13% 1.71M 6s
  1750K .......... .......... .......... .......... .......... 13% 1.40M 6s
  1800K .......... .......... .......... .......... .......... 14% 1.85M 6s
  1850K .......... .......... .......... .......... .......... 14% 1.82M 6s
  1900K .......... .......... .......... .......... .......... 15% 1.69M 6s
  1950K .......... .......... .......... .......... .......... 15% 2.12M 6s
  2000K .......... .......... .......... .......... .......... 15% 1.99M 6s
  2050K .......... .......... .......... .......... .......... 16% 1.68M 6s
  2100K .......... .......... .......... .......... .......... 16% 1.60M 6s
  2150K .......... .......... .......... .......... .......... 17% 2.00M 6s
  2200K .......... .......... .......... .......... .......... 17% 2.05M 6s
  2250K .......... .......... .......... .......... .......... 17% 2.29M 6s
  2300K .......... .......... .......... .......... .......... 18% 2.16M 6s
  2350K .......... .......... .......... .......... .......... 18% 2.20M 6s
  2400K .......... .......... .......... .......... .......... 19% 1.53M 6s
  2450K .......... .......... .......... .......... .......... 19% 2.18M 6s
  2500K .......... .......... .......... .......... .......... 19% 1.74M 6s
  2550K .......... .......... .......... .......... .......... 20% 1.97M 6s
  2600K .......... .......... .......... .......... .......... 20% 2.05M 6s
  2650K .......... .......... .......... .......... .......... 20% 1.77M 5s
  2700K .......... .......... .......... .......... .......... 21% 1.96M 5s
  2750K .......... .......... .......... .......... .......... 21% 2.09M 5s
  2800K .......... .......... .......... .......... .......... 22% 1.87M 5s
  2850K .......... .......... .......... .......... .......... 22% 2.27M 5s
  2900K .......... .......... .......... .......... .......... 22% 2.04M 5s
  2950K .......... .......... .......... .......... .......... 23% 1.49M 5s
  3000K .......... .......... .......... .......... .......... 23% 1.22M 5s
  3050K .......... .......... .......... .......... .......... 24% 1.26M 5s
  3100K .......... .......... .......... .......... .......... 24% 2.02M 5s
  3150K .......... .......... .......... .......... .......... 24% 1.86M 5s
  3200K .......... .......... .......... .......... .......... 25% 2.54M 5s
  3250K .......... .......... .......... .......... .......... 25% 1.69M 5s
  3300K .......... .......... .......... .......... .......... 26% 1.16M 5s
  3350K .......... .......... .......... .......... .......... 26% 1.33M 5s
  3400K .......... .......... .......... .......... .......... 26% 1.29M 5s
  3450K .......... .......... .......... .......... .......... 27% 1.33M 5s
  3500K .......... .......... .......... .......... .......... 27% 1.18M 5s
  3550K .......... .......... .......... .......... .......... 27% 1.25M 5s
  3600K .......... .......... .......... .......... .......... 28%  967K 5s
  3650K .......... .......... .......... .......... .......... 28% 1.30M 5s
  3700K .......... .......... .......... .......... .......... 29% 1.40M 5s
  3750K .......... .......... .......... .......... .......... 29%  197K 6s
  3800K .......... .......... .......... .......... .......... 29% 1.10M 6s
  3850K .......... .......... .......... .......... .......... 30% 1.59M 6s
  3900K .......... .......... .......... .......... .......... 30% 1.10M 6s
  3950K .......... .......... .......... .......... .......... 31% 1018K 6s
  4000K .......... .......... .......... .......... .......... 31% 1.14M 6s
  4050K .......... .......... .......... .......... .......... 31% 1.32M 6s
  4100K .......... .......... .......... .......... .......... 32% 1.15M 6s
  4150K .......... .......... .......... .......... .......... 32% 1.22M 6s
  4200K .......... .......... .......... .......... .......... 32% 1.25M 6s
  4250K .......... .......... .......... .......... .......... 33% 2.12M 6s
  4300K .......... .......... .......... .......... .......... 33% 2.29M 6s
  4350K .......... .......... .......... .......... .......... 34% 1.96M 5s
  4400K .......... .......... .......... .......... .......... 34% 1.94M 5s
  4450K .......... .......... .......... .......... .......... 34% 1.99M 5s
  4500K .......... .......... .......... .......... .......... 35% 2.01M 5s
  4550K .......... .......... .......... .......... .......... 35% 2.09M 5s
  4600K .......... .......... .......... .......... .......... 36% 1.75M 5s
  4650K .......... .......... .......... .......... .......... 36% 2.32M 5s
  4700K .......... .......... .......... .......... .......... 36% 1.54M 5s
  4750K .......... .......... .......... .......... .......... 37% 1.99M 5s
  4800K .......... .......... .......... .......... .......... 37% 1.74M 5s
  4850K .......... .......... .......... .......... .......... 38% 2.41M 5s
  4900K .......... .......... .......... .......... .......... 38% 1.75M 5s
  4950K .......... .......... .......... .......... .......... 38% 1.33M 5s
  5000K .......... .......... .......... .......... .......... 39% 1.79M 5s
  5050K .......... .......... .......... .......... .......... 39% 2.24M 5s
  5100K .......... .......... .......... .......... .......... 39% 2.10M 5s
  5150K .......... .......... .......... .......... .......... 40% 2.21M 5s
  5200K .......... .......... .......... .......... .......... 40% 1.62M 5s
  5250K .......... .......... .......... .......... .......... 41% 1.75M 5s
  5300K .......... .......... .......... .......... .......... 41% 1.85M 5s
  5350K .......... .......... .......... .......... .......... 41% 1.81M 5s
  5400K .......... .......... .......... .......... .......... 42% 1.10M 5s
  5450K .......... .......... .......... .......... .......... 42% 1.60M 5s
  5500K .......... .......... .......... .......... .......... 43% 1.04M 5s
  5550K .......... .......... .......... .......... .......... 43% 1.93M 5s
  5600K .......... .......... .......... .......... .......... 43% 2.20M 5s
  5650K .......... .......... .......... .......... .......... 44% 2.21M 4s
  5700K .......... .......... .......... .......... .......... 44% 2.09M 4s
  5750K .......... .......... .......... .......... .......... 45% 1.52M 4s
  5800K .......... .......... .......... .......... .......... 45% 1.21M 4s
  5850K .......... .......... .......... .......... .......... 45% 1.16M 4s
  5900K .......... .......... .......... .......... .......... 46% 2.05M 4s
  5950K .......... .......... .......... .......... .......... 46% 1.99M 4s
  6000K .......... .......... .......... .......... .......... 46% 2.27M 4s
  6050K .......... .......... .......... .......... .......... 47% 2.06M 4s
  6100K .......... .......... .......... .......... .......... 47% 1.67M 4s
  6150K .......... .......... .......... .......... .......... 48% 1.14M 4s
  6200K .......... .......... .......... .......... .......... 48% 1.04M 4s
  6250K .......... .......... .......... .......... .......... 48% 1.62M 4s
  6300K .......... .......... .......... .......... .......... 49% 1.15M 4s
  6350K .......... .......... .......... .......... .......... 49% 1.24M 4s
  6400K .......... .......... .......... .......... .......... 50% 1.94M 4s
  6450K .......... .......... .......... .......... .......... 50% 2.19M 4s
  6500K .......... .......... .......... .......... .......... 50% 2.07M 4s
  6550K .......... .......... .......... .......... .......... 51% 2.08M 4s
  6600K .......... .......... .......... .......... .......... 51% 1.77M 4s
  6650K .......... .......... .......... .......... .......... 52% 1.83M 4s
  6700K .......... .......... .......... .......... .......... 52% 1.86M 4s
  6750K .......... .......... .......... .......... .......... 52% 2.22M 4s
  6800K .......... .......... .......... .......... .......... 53% 2.27M 4s
  6850K .......... .......... .......... .......... .......... 53% 2.35M 4s
  6900K .......... .......... .......... .......... .......... 53% 1.82M 4s
  6950K .......... .......... .......... .......... .......... 54% 1.90M 4s
  7000K .......... .......... .......... .......... .......... 54% 3.47M 4s
  7050K .......... .......... .......... .......... .......... 55% 1.89M 4s
  7100K .......... .......... .......... .......... .......... 55% 1.55M 4s
  7150K .......... .......... .......... .......... .......... 55% 1.70M 3s
  7200K .......... .......... .......... .......... .......... 56% 1.49M 3s
  7250K .......... .......... .......... .......... .......... 56% 1.27M 3s
  7300K .......... .......... .......... .......... .......... 57% 1.60M 3s
  7350K .......... .......... .......... .......... .......... 57% 1.49M 3s
  7400K .......... .......... .......... .......... .......... 57% 1.45M 3s
  7450K .......... .......... .......... .......... .......... 58% 1.44M 3s
  7500K .......... .......... .......... .......... .......... 58% 1.40M 3s
  7550K .......... .......... .......... .......... .......... 58% 1.66M 3s
  7600K .......... .......... .......... .......... .......... 59% 1.72M 3s
  7650K .......... .......... .......... .......... .......... 59%  206K 3s
  7700K .......... .......... .......... .......... .......... 60% 1.82M 3s
  7750K .......... .......... .......... .......... .......... 60% 1.64M 3s
  7800K .......... .......... .......... .......... .......... 60% 2.21M 3s
  7850K .......... .......... .......... .......... .......... 61% 1.97M 3s
  7900K .......... .......... .......... .......... .......... 61% 1.48M 3s
  7950K .......... .......... .......... .......... .......... 62% 1.68M 3s
  8000K .......... .......... .......... .......... .......... 62% 1.11M 3s
  8050K .......... .......... .......... .......... .......... 62% 1.37M 3s
  8100K .......... .......... .......... .......... .......... 63%  676K 3s
  8150K .......... .......... .......... .......... .......... 63% 1.29M 3s
  8200K .......... .......... .......... .......... .......... 64% 2.00M 3s
  8250K .......... .......... .......... .......... .......... 64% 1.88M 3s
  8300K .......... .......... .......... .......... .......... 64% 1.39M 3s
  8350K .......... .......... .......... .......... .......... 65% 2.10M 3s
  8400K .......... .......... .......... .......... .......... 65% 1.83M 3s
  8450K .......... .......... .......... .......... .......... 65% 1.37M 3s
  8500K .......... .......... .......... .......... .......... 66% 1.04M 3s
  8550K .......... .......... .......... .......... .......... 66% 1.34M 3s
  8600K .......... .......... .......... .......... .......... 67% 1.02M 3s
  8650K .......... .......... .......... .......... .......... 67% 1.08M 3s
  8700K .......... .......... .......... .......... .......... 67% 1.17M 3s
  8750K .......... .......... .......... .......... .......... 68% 1.27M 3s
  8800K .......... .......... .......... .......... .......... 68%  944K 3s
  8850K .......... .......... .......... .......... .......... 69%  194K 3s
  8900K .......... .......... .......... .......... .......... 69% 1.35M 3s
  8950K .......... .......... .......... .......... .......... 69% 1008K 3s
  9000K .......... .......... .......... .......... .......... 70% 1.24M 3s
  9050K .......... .......... .......... .......... .......... 70% 1.01M 3s
  9100K .......... .......... .......... .......... .......... 71% 1.43M 3s
  9150K .......... .......... .......... .......... .......... 71% 1.14M 3s
  9200K .......... .......... .......... .......... .......... 71% 1.31M 2s
  9250K .......... .......... .......... .......... .......... 72% 1.07M 2s
  9300K .......... .......... .......... .......... .......... 72% 1.16M 2s
  9350K .......... .......... .......... .......... .......... 72% 1.21M 2s
  9400K .......... .......... .......... .......... .......... 73% 1.17M 2s
  9450K .......... .......... .......... .......... .......... 73% 1.54M 2s
  9500K .......... .......... .......... .......... .......... 74% 2.11M 2s
  9550K .......... .......... .......... .......... .......... 74% 1.84M 2s
  9600K .......... .......... .......... .......... .......... 74% 2.21M 2s
  9650K .......... .......... .......... .......... .......... 75% 1.90M 2s
  9700K .......... .......... .......... .......... .......... 75% 1.85M 2s
  9750K .......... .......... .......... .......... .......... 76% 1.93M 2s
  9800K .......... .......... .......... .......... .......... 76% 1.25M 2s
  9850K .......... .......... .......... .......... .......... 76% 1.18M 2s
  9900K .......... .......... .......... .......... .......... 77% 1.07M 2s
  9950K .......... .......... .......... .......... .......... 77% 1.98M 2s
 10000K .......... .......... .......... .......... .......... 78% 1.68M 2s
 10050K .......... .......... .......... .......... .......... 78% 1.96M 2s
 10100K .......... .......... .......... .......... .......... 78% 1.53M 2s
 10150K .......... .......... .......... .......... .......... 79% 1.78M 2s
 10200K .......... .......... .......... .......... .......... 79% 1.90M 2s
 10250K .......... .......... .......... .......... .......... 79% 1.54M 2s
 10300K .......... .......... .......... .......... .......... 80% 1.69M 2s
 10350K .......... .......... .......... .......... .......... 80% 2.00M 2s
 10400K .......... .......... .......... .......... .......... 81% 1.35M 2s
 10450K .......... .......... .......... .......... .......... 81% 1.78M 2s
 10500K .......... .......... .......... .......... .......... 81% 1.66M 2s
 10550K .......... .......... .......... .......... .......... 82% 2.37M 2s
 10600K .......... .......... .......... .......... .......... 82% 1.46M 2s
 10650K .......... .......... .......... .......... .......... 83%  930K 1s
 10700K .......... .......... .......... .......... .......... 83% 1.27M 1s
 10750K .......... .......... .......... .......... .......... 83% 1.45M 1s
 10800K .......... .......... .......... .......... .......... 84% 1.32M 1s
 10850K .......... .......... .......... .......... .......... 84% 1.53M 1s
 10900K .......... .......... .......... .......... .......... 84% 1.76M 1s
 10950K .......... .......... .......... .......... .......... 85% 1.50M 1s
 11000K .......... .......... .......... .......... .......... 85% 3.09M 1s
 11050K .......... .......... .......... .......... .......... 86% 1.68M 1s
 11100K .......... .......... .......... .......... .......... 86% 1.33M 1s
 11150K .......... .......... .......... .......... .......... 86% 1.14M 1s
 11200K .......... .......... .......... .......... .......... 87% 1.87M 1s
 11250K .......... .......... .......... .......... .......... 87% 1.73M 1s
 11300K .......... .......... .......... .......... .......... 88% 2.40M 1s
 11350K .......... .......... .......... .......... .......... 88% 2.37M 1s
 11400K .......... .......... .......... .......... .......... 88% 2.11M 1s
 11450K .......... .......... .......... .......... .......... 89% 1.93M 1s
 11500K .......... .......... .......... .......... .......... 89% 2.11M 1s
 11550K .......... .......... .......... .......... .......... 90% 1.61M 1s
 11600K .......... .......... .......... .......... .......... 90% 1.20M 1s
 11650K .......... .......... .......... .......... .......... 90% 1.85M 1s
 11700K .......... .......... .......... .......... .......... 91% 1.69M 1s
 11750K .......... .......... .......... .......... .......... 91% 1.87M 1s
 11800K .......... .......... .......... .......... .......... 91% 1.81M 1s
 11850K .......... .......... .......... .......... .......... 92% 1.97M 1s
 11900K .......... .......... .......... .......... .......... 92%  209K 1s
 11950K .......... .......... .......... .......... .......... 93% 1.44M 1s
 12000K .......... .......... .......... .......... .......... 93% 1.82M 1s
 12050K .......... .......... .......... .......... .......... 93% 1.73M 1s
 12100K .......... .......... .......... .......... .......... 94% 1.97M 1s
 12150K .......... .......... .......... .......... .......... 94% 2.09M 0s
 12200K .......... .......... .......... .......... .......... 95% 1.17M 0s
 12250K .......... .......... .......... .......... .......... 95% 2.45M 0s
 12300K .......... .......... .......... .......... .......... 95% 2.08M 0s
 12350K .......... .......... .......... .......... .......... 96% 2.15M 0s
 12400K .......... .......... .......... .......... .......... 96% 2.14M 0s
 12450K .......... .......... .......... .......... .......... 97% 1.57M 0s
 12500K .......... .......... .......... .......... .......... 97% 1.39M 0s
 12550K .......... .......... .......... .......... .......... 97% 1.87M 0s
 12600K .......... .......... .......... .......... .......... 98% 1.43M 0s
 12650K .......... .......... .......... .......... .......... 98% 2.12M 0s
 12700K .......... .......... .......... .......... .......... 98% 2.17M 0s
 12750K .......... .......... .......... .......... .......... 99% 2.22M 0s
 12800K .......... .......... .......... .......... .......... 99% 1.98M 0s
 12850K .......... .......... .......... ....                 100% 2.21M=8.7s

2016-05-25 03:37:21 (1.45 MB/s) - ‘index.html.6’ saved [13193358/13193358]

