--2016-05-25 02:53:58--  http://10.30.50.93:8000/
Connecting to 10.30.50.93:8000... connected.
HTTP request sent, awaiting response... 200 OK
Length: 13193358 (13M) [text/html]
Saving to: ‘index.html.1’

     0K .......... .......... .......... .......... ..........  0%  600K 21s
    50K .......... .......... .......... .......... ..........  0%  597K 21s
   100K .......... .......... .......... .......... ..........  1%  581K 21s
   150K .......... .......... .......... .......... ..........  1%  594K 21s
   200K .......... .......... .......... .......... ..........  1%  595K 21s
   250K .......... .......... .......... .......... ..........  2%  575K 21s
   300K .......... .......... .......... .......... ..........  2%  597K 21s
   350K .......... .......... .......... .......... ..........  3%  595K 21s
   400K .......... .......... .......... .......... ..........  3%  582K 21s
   450K .......... .......... .......... .......... ..........  3%  594K 21s
   500K .......... .......... .......... .......... ..........  4%  584K 21s
   550K .......... .......... .......... .......... ..........  4%  593K 21s
   600K .......... .......... .......... .......... ..........  5%  593K 21s
   650K .......... .......... .......... .......... ..........  5%  575K 21s
   700K .......... .......... .......... .......... ..........  5%  600K 21s
   750K .......... .......... .......... .......... ..........  6%  595K 20s
   800K .......... .......... .......... .......... ..........  6%  578K 20s
   850K .......... .......... .......... .......... ..........  6%  600K 20s
   900K .......... .......... .......... .......... ..........  7%  592K 20s
   950K .......... .......... .......... .......... ..........  7%  571K 20s
  1000K .......... .......... .......... .......... ..........  8%  600K 20s
  1050K .......... .......... .......... .......... ..........  8%  583K 20s
  1100K .......... .......... .......... .......... ..........  8%  591K 20s
  1150K .......... .......... .......... .......... ..........  9%  600K 20s
  1200K .......... .......... .......... .......... ..........  9%  577K 20s
  1250K .......... .......... .......... .......... .......... 10%  596K 20s
  1300K .......... .......... .......... .......... .......... 10%  598K 20s
  1350K .......... .......... .......... .......... .......... 10%  574K 19s
  1400K .......... .......... .......... .......... .......... 11%  592K 19s
  1450K .......... .......... .......... .......... .......... 11%  593K 19s
  1500K .......... .......... .......... .......... .......... 12%  583K 19s
  1550K .......... .......... .......... .......... .......... 12%  596K 19s
  1600K .......... .......... .......... .......... .......... 12%  597K 19s
  1650K .......... .......... .......... .......... .......... 13%  577K 19s
  1700K .......... .......... .......... .......... .......... 13%  594K 19s
  1750K .......... .......... .......... .......... .......... 13%  580K 19s
  1800K .......... .......... .......... .......... .......... 14%  594K 19s
  1850K .......... .......... .......... .......... .......... 14%  599K 19s
  1900K .......... .......... .......... .......... .......... 15%  579K 19s
  1950K .......... .......... .......... .......... .......... 15%  593K 18s
  2000K .......... .......... .......... .......... .......... 15%  599K 18s
  2050K .......... .......... .......... .......... .......... 16%  572K 18s
  2100K .......... .......... .......... .......... .......... 16%  597K 18s
  2150K .......... .......... .......... .......... .......... 17%  598K 18s
  2200K .......... .......... .......... .......... .......... 17%  578K 18s
  2250K .......... .......... .......... .......... .......... 17%  595K 18s
  2300K .......... .......... .......... .......... .......... 18%  598K 18s
  2350K .......... .......... .......... .......... .......... 18%  572K 18s
  2400K .......... .......... .......... .......... .......... 19%  595K 18s
  2450K .......... .......... .......... .......... .......... 19%  583K 18s
  2500K .......... .......... .......... .......... .......... 19%  594K 18s
  2550K .......... .......... .......... .......... .......... 20%  594K 17s
  2600K .......... .......... .......... .......... .......... 20%  583K 17s
  2650K .......... .......... .......... .......... .......... 20%  597K 17s
  2700K .......... .......... .......... .......... .......... 21%  593K 17s
  2750K .......... .......... .......... .......... .......... 21%  573K 17s
  2800K .......... .......... .......... .......... .......... 22%  598K 17s
  2850K .......... .......... .......... .......... .......... 22%  596K 17s
  2900K .......... .......... .......... .......... .......... 22%  582K 17s
  2950K .......... .......... .......... .......... .......... 23%  594K 17s
  3000K .......... .......... .......... .......... .......... 23%  574K 17s
  3050K .......... .......... .......... .......... .......... 24%  593K 17s
  3100K .......... .......... .......... .......... .......... 24%  599K 17s
  3150K .......... .......... .......... .......... .......... 24%  583K 16s
  3200K .......... .......... .......... .......... .......... 25%  592K 16s
  3250K .......... .......... .......... .......... .......... 25%  595K 16s
  3300K .......... .......... .......... .......... .......... 26%  580K 16s
  3350K .......... .......... .......... .......... .......... 26%  596K 16s
  3400K .......... .......... .......... .......... .......... 26%  594K 16s
  3450K .......... .......... .......... .......... .......... 27%  575K 16s
  3500K .......... .......... .......... .......... .......... 27%  599K 16s
  3550K .......... .......... .......... .......... .......... 27%  595K 16s
  3600K .......... .......... .......... .......... .......... 28%  580K 16s
  3650K .......... .......... .......... .......... .......... 28%  595K 16s
  3700K .......... .......... .......... .......... .......... 29%  575K 16s
  3750K .......... .......... .......... .......... .......... 29%  595K 15s
  3800K .......... .......... .......... .......... .......... 29%  594K 15s
  3850K .......... .......... .......... .......... .......... 30%  581K 15s
  3900K .......... .......... .......... .......... .......... 30%  595K 15s
  3950K .......... .......... .......... .......... .......... 31%  599K 15s
  4000K .......... .......... .......... .......... .......... 31%  583K 15s
  4050K .......... .......... .......... .......... .......... 31%  594K 15s
  4100K .......... .......... .......... .......... .......... 32%  594K 15s
  4150K .......... .......... .......... .......... .......... 32%  577K 15s
  4200K .......... .......... .......... .......... .......... 32%  589K 15s
  4250K .......... .......... .......... .......... .......... 33%  584K 15s
  4300K .......... .......... .......... .......... .......... 33%  598K 14s
  4350K .......... .......... .......... .......... .......... 34%  593K 14s
  4400K .......... .......... .......... .......... .......... 34%  573K 14s
  4450K .......... .......... .......... .......... .......... 34%  598K 14s
  4500K .......... .......... .......... .......... .......... 35%  594K 14s
  4550K .......... .......... .......... .......... .......... 35%  586K 14s
  4600K .......... .......... .......... .......... .......... 36%  592K 14s
  4650K .......... .......... .......... .......... .......... 36%  593K 14s
  4700K .......... .......... .......... .......... .......... 36%  585K 14s
  4750K .......... .......... .......... .......... .......... 37%  594K 14s
  4800K .......... .......... .......... .......... .......... 37%  594K 14s
  4850K .......... .......... .......... .......... .......... 38%  576K 14s
  4900K .......... .......... .......... .......... .......... 38%  592K 13s
  4950K .......... .......... .......... .......... .......... 38%  580K 13s
  5000K .......... .......... .......... .......... .......... 39%  603K 13s
  5050K .......... .......... .......... .......... .......... 39%  590K 13s
  5100K .......... .......... .......... .......... .......... 39%  577K 13s
  5150K .......... .......... .......... .......... .......... 40%  593K 13s
  5200K .......... .......... .......... .......... .......... 40%  594K 13s
  5250K .......... .......... .......... .......... .......... 41%  583K 13s
  5300K .......... .......... .......... .......... .......... 41%  592K 13s
  5350K .......... .......... .......... .......... .......... 41%  599K 13s
  5400K .......... .......... .......... .......... .......... 42%  582K 13s
  5450K .......... .......... .......... .......... .......... 42%  595K 13s
  5500K .......... .......... .......... .......... .......... 43%  597K 12s
  5550K .......... .......... .......... .......... .......... 43%  573K 12s
  5600K .......... .......... .......... .......... .......... 43%  597K 12s
  5650K .......... .......... .......... .......... .......... 44%  581K 12s
  5700K .......... .......... .......... .......... .......... 44%  594K 12s
  5750K .......... .......... .......... .......... .......... 45%  595K 12s
  5800K .......... .......... .......... .......... .......... 45%  577K 12s
  5850K .......... .......... .......... .......... .......... 45%  597K 12s
  5900K .......... .......... .......... .......... .......... 46%  593K 12s
  5950K .......... .......... .......... .......... .......... 46%  581K 12s
  6000K .......... .......... .......... .......... .......... 46%  596K 12s
  6050K .......... .......... .......... .......... .......... 47%  592K 12s
  6100K .......... .......... .......... .......... .......... 47%  586K 11s
  6150K .......... .......... .......... .......... .......... 48%  591K 11s
  6200K .......... .......... .......... .......... .......... 48%  572K 11s
  6250K .......... .......... .......... .......... .......... 48%  601K 11s
  6300K .......... .......... .......... .......... .......... 49%  591K 11s
  6350K .......... .......... .......... .......... .......... 49%  581K 11s
  6400K .......... .......... .......... .......... .......... 50%  596K 11s
  6450K .......... .......... .......... .......... .......... 50%  601K 11s
  6500K .......... .......... .......... .......... .......... 50%  568K 11s
  6550K .......... .......... .......... .......... .......... 51%  601K 11s
  6600K .......... .......... .......... .......... .......... 51%  591K 11s
  6650K .......... .......... .......... .......... .......... 52%  582K 10s
  6700K .......... .......... .......... .......... .......... 52%  599K 10s
  6750K .......... .......... .......... .......... .......... 52%  595K 10s
  6800K .......... .......... .......... .......... .......... 53%  581K 10s
  6850K .......... .......... .......... .......... .......... 53%  592K 10s
  6900K .......... .......... .......... .......... .......... 53%  577K 10s
  6950K .......... .......... .......... .......... .......... 54%  597K 10s
  7000K .......... .......... .......... .......... .......... 54%  594K 10s
  7050K .......... .......... .......... .......... .......... 55%  581K 10s
  7100K .......... .......... .......... .......... .......... 55%  595K 10s
  7150K .......... .......... .......... .......... .......... 55%  596K 10s
  7200K .......... .......... .......... .......... .......... 56%  575K 10s
  7250K .......... .......... .......... .......... .......... 56%  593K 9s
  7300K .......... .......... .......... .......... .......... 57%  600K 9s
  7350K .......... .......... .......... .......... .......... 57%  581K 9s
  7400K .......... .......... .......... .......... .......... 57%  593K 9s
  7450K .......... .......... .......... .......... .......... 58%  595K 9s
  7500K .......... .......... .......... .......... .......... 58%  577K 9s
  7550K .......... .......... .......... .......... .......... 58%  602K 9s
  7600K .......... .......... .......... .......... .......... 59%  574K 9s
  7650K .......... .......... .......... .......... .......... 59%  596K 9s
  7700K .......... .......... .......... .......... .......... 60%  595K 9s
  7750K .......... .......... .......... .......... .......... 60%  579K 9s
  7800K .......... .......... .......... .......... .......... 60%  593K 9s
  7850K .......... .......... .......... .......... .......... 61%  599K 8s
  7900K .......... .......... .......... .......... .......... 61%  572K 8s
  7950K .......... .......... .......... .......... .......... 62%  595K 8s
  8000K .......... .......... .......... .......... .......... 62%  594K 8s
  8050K .......... .......... .......... .......... .......... 62%  584K 8s
  8100K .......... .......... .......... .......... .......... 63%  594K 8s
  8150K .......... .......... .......... .......... .......... 63%  580K 8s
  8200K .......... .......... .......... .......... .......... 64%  598K 8s
  8250K .......... .......... .......... .......... .......... 64%  590K 8s
  8300K .......... .......... .......... .......... .......... 64%  580K 8s
  8350K .......... .......... .......... .......... .......... 65%  596K 8s
  8400K .......... .......... .......... .......... .......... 65%  594K 8s
  8450K .......... .......... .......... .......... .......... 65%  580K 7s
  8500K .......... .......... .......... .......... .......... 66%  598K 7s
  8550K .......... .......... .......... .......... .......... 66%  596K 7s
  8600K .......... .......... .......... .......... .......... 67%  574K 7s
  8650K .......... .......... .......... .......... .......... 67%  595K 7s
  8700K .......... .......... .......... .......... .......... 67%  596K 7s
  8750K .......... .......... .......... .......... .......... 68%  581K 7s
  8800K .......... .......... .......... .......... .......... 68%  593K 7s
  8850K .......... .......... .......... .......... .......... 69%  580K 7s
  8900K .......... .......... .......... .......... .......... 69%  595K 7s
  8950K .......... .......... .......... .......... .......... 69%  601K 7s
  9000K .......... .......... .......... .......... .......... 70%  575K 7s
  9050K .......... .......... .......... .......... .......... 70%  588K 6s
  9100K .......... .......... .......... .......... .......... 71%  601K 6s
  9150K .......... .......... .......... .......... .......... 71%  583K 6s
  9200K .......... .......... .......... .......... .......... 71%  595K 6s
  9250K .......... .......... .......... .......... .......... 72%  592K 6s
  9300K .......... .......... .......... .......... .......... 72%  575K 6s
  9350K .......... .......... .......... .......... .......... 72%  596K 6s
  9400K .......... .......... .......... .......... .......... 73%  594K 6s
  9450K .......... .......... .......... .......... .......... 73%  585K 6s
  9500K .......... .......... .......... .......... .......... 74%  590K 6s
  9550K .......... .......... .......... .......... .......... 74%  580K 6s
  9600K .......... .......... .......... .......... .......... 74%  601K 5s
  9650K .......... .......... .......... .......... .......... 75%  591K 5s
  9700K .......... .......... .......... .......... .......... 75%  575K 5s
  9750K .......... .......... .......... .......... .......... 76%  598K 5s
  9800K .......... .......... .......... .......... .......... 76%  594K 5s
  9850K .......... .......... .......... .......... .......... 76%  584K 5s
  9900K .......... .......... .......... .......... .......... 77%  591K 5s
  9950K .......... .......... .......... .......... .......... 77%  596K 5s
 10000K .......... .......... .......... .......... .......... 78%  576K 5s
 10050K .......... .......... .......... .......... .......... 78%  595K 5s
 10100K .......... .......... .......... .......... .......... 78%  583K 5s
 10150K .......... .......... .......... .......... .......... 79%  596K 5s
 10200K .......... .......... .......... .......... .......... 79%  592K 4s
 10250K .......... .......... .......... .......... .......... 79%  581K 4s
 10300K .......... .......... .......... .......... .......... 80%  593K 4s
 10350K .......... .......... .......... .......... .......... 80%  596K 4s
 10400K .......... .......... .......... .......... .......... 81%  580K 4s
 10450K .......... .......... .......... .......... .......... 81%  595K 4s
 10500K .......... .......... .......... .......... .......... 81%  593K 4s
 10550K .......... .......... .......... .......... .......... 82%  580K 4s
 10600K .......... .......... .......... .......... .......... 82%  593K 4s
 10650K .......... .......... .......... .......... .......... 83%  600K 4s
 10700K .......... .......... .......... .......... .......... 83%  574K 4s
 10750K .......... .......... .......... .......... .......... 83%  591K 4s
 10800K .......... .......... .......... .......... .......... 84%  582K 3s
 10850K .......... .......... .......... .......... .......... 84%  597K 3s
 10900K .......... .......... .......... .......... .......... 84%  597K 3s
 10950K .......... .......... .......... .......... .......... 85%  580K 3s
 11000K .......... .......... .......... .......... .......... 85%  597K 3s
 11050K .......... .......... .......... .......... .......... 86%  594K 3s
 11100K .......... .......... .......... .......... .......... 86%  573K 3s
 11150K .......... .......... .......... .......... .......... 86%  600K 3s
 11200K .......... .......... .......... .......... .......... 87%  595K 3s
 11250K .......... .......... .......... .......... .......... 87%  581K 3s
 11300K .......... .......... .......... .......... .......... 88%  593K 3s
 11350K .......... .......... .......... .......... .......... 88%  598K 3s
 11400K .......... .......... .......... .......... .......... 88%  575K 2s
 11450K .......... .......... .......... .......... .......... 89%  594K 2s
 11500K .......... .......... .......... .......... .......... 89%  577K 2s
 11550K .......... .......... .......... .......... .......... 90%  596K 2s
 11600K .......... .......... .......... .......... .......... 90%  594K 2s
 11650K .......... .......... .......... .......... .......... 90%  586K 2s
 11700K .......... .......... .......... .......... .......... 91%  590K 2s
 11750K .......... .......... .......... .......... .......... 91%  598K 2s
 11800K .......... .......... .......... .......... .......... 91%  572K 2s
 11850K .......... .......... .......... .......... .......... 92%  595K 2s
 11900K .......... .......... .......... .......... .......... 92%  595K 2s
 11950K .......... .......... .......... .......... .......... 93%  588K 2s
 12000K .......... .......... .......... .......... .......... 93%  596K 1s
 12050K .......... .......... .......... .......... .......... 93%  573K 1s
 12100K .......... .......... .......... .......... .......... 94%  590K 1s
 12150K .......... .......... .......... .......... .......... 94%  599K 1s
 12200K .......... .......... .......... .......... .......... 95%  579K 1s
 12250K .......... .......... .......... .......... .......... 95%  600K 1s
 12300K .......... .......... .......... .......... .......... 95%  590K 1s
 12350K .......... .......... .......... .......... .......... 96%  582K 1s
 12400K .......... .......... .......... .......... .......... 96%  600K 1s
 12450K .......... .......... .......... .......... .......... 97%  593K 1s
 12500K .......... .......... .......... .......... .......... 97%  576K 1s
 12550K .......... .......... .......... .......... .......... 97%  596K 0s
 12600K .......... .......... .......... .......... .......... 98%  594K 0s
 12650K .......... .......... .......... .......... .......... 98%  580K 0s
 12700K .......... .......... .......... .......... .......... 98%  598K 0s
 12750K .......... .......... .......... .......... .......... 99%  572K 0s
 12800K .......... .......... .......... .......... .......... 99%  598K 0s
 12850K .......... .......... .......... ....                 100%  623K=22s

2016-05-25 02:54:20 (589 KB/s) - ‘index.html.1’ saved [13193358/13193358]

