--2016-05-25 02:31:21--  http://10.30.50.93:8000/
Connecting to 10.30.50.93:8000... connected.
HTTP request sent, awaiting response... 200 OK
Length: 13193358 (13M) [text/html]
Saving to: ‘index.html.13’

     0K .......... .......... .......... .......... ..........  0%  438K 29s
    50K .......... .......... .......... .......... ..........  0%  407K 30s
   100K .......... .......... .......... .......... ..........  1%  405K 31s
   150K .......... .......... .......... .......... ..........  1%  417K 30s
   200K .......... .......... .......... .......... ..........  1%  416K 30s
   250K .......... .......... .......... .......... ..........  2%  372K 31s
   300K .......... .......... .......... .......... ..........  2%  378K 31s
   350K .......... .......... .......... .......... ..........  3%  449K 31s
   400K .......... .......... .......... .......... ..........  3%  140K 37s
   450K .......... .......... .......... .......... ..........  3%  152K 41s
   500K .......... .......... .......... .......... ..........  4%  347K 41s
   550K .......... .......... .......... .......... ..........  4%  430K 39s
   600K .......... .......... .......... .......... ..........  5%  150K 43s
   650K .......... .......... .......... .......... ..........  5%  341K 42s
   700K .......... .......... .......... .......... ..........  5%  352K 41s
   750K .......... .......... .......... .......... ..........  6%  407K 40s
   800K .......... .......... .......... .......... ..........  6%  363K 40s
   850K .......... .......... .......... .......... ..........  6%  428K 39s
   900K .......... .......... .......... .......... ..........  7%  503K 38s
   950K .......... .......... .......... .......... ..........  7%  346K 38s
  1000K .......... .......... .......... .......... ..........  8% 67.0K 44s
  1050K .......... .......... .......... .......... ..........  8% 52.8K 52s
  1100K .......... .......... .......... .......... ..........  8%  362K 51s
  1150K .......... .......... .......... .......... ..........  9%  379K 50s
  1200K .......... .......... .......... .......... ..........  9% 22.5K 68s
  1250K .......... .......... .......... .......... .......... 10%  387K 67s
  1300K .......... .......... .......... .......... .......... 10% 90.1K 69s
  1350K .......... .......... .......... .......... .......... 10%  288K 67s
  1400K .......... .......... .......... .......... .......... 11%  465K 66s
  1450K .......... .......... .......... .......... .......... 11%  387K 64s
  1500K .......... .......... .......... .......... .......... 12%  145K 64s
  1550K .......... .......... .......... .......... .......... 12%  489K 63s
  1600K .......... .......... .......... .......... .......... 12%  418K 61s
  1650K .......... .......... .......... .......... .......... 13%  427K 60s
  1700K .......... .......... .......... .......... .......... 13% 81.7K 62s
  1750K .......... .......... .......... .......... .......... 13%  148K 62s
  1800K .......... .......... .......... .......... .......... 14%  145K 62s
  1850K .......... .......... .......... .......... .......... 14%  449K 61s
  1900K .......... .......... .......... .......... .......... 15%  148K 61s
  1950K .......... .......... .......... .......... .......... 15%  416K 60s
  2000K .......... .......... .......... .......... .......... 15%  450K 59s
  2050K .......... .......... .......... .......... .......... 16% 90.6K 60s
  2100K .......... .......... .......... .......... .......... 16%  440K 59s
  2150K .......... .......... .......... .......... .......... 17%  396K 58s
  2200K .......... .......... .......... .......... .......... 17%  154K 58s
  2250K .......... .......... .......... .......... .......... 17%  462K 57s
  2300K .......... .......... .......... .......... .......... 18%  388K 56s
  2350K .......... .......... .......... .......... .......... 18%  439K 55s
  2400K .......... .......... .......... .......... .......... 19%  388K 54s
  2450K .......... .......... .......... .......... .......... 19%  354K 53s
  2500K .......... .......... .......... .......... .......... 19%  427K 53s
  2550K .......... .......... .......... .......... .......... 20%  356K 52s
  2600K .......... .......... .......... .......... .......... 20%  449K 51s
  2650K .......... .......... .......... .......... .......... 20%  465K 50s
  2700K .......... .......... .......... .......... .......... 21%  153K 50s
  2750K .......... .......... .......... .......... .......... 21%  145K 50s
  2800K .......... .......... .......... .......... .......... 22%  418K 50s
  2850K .......... .......... .......... .......... .......... 22%  449K 49s
  2900K .......... .......... .......... .......... .......... 22%  388K 48s
  2950K .......... .......... .......... .......... .......... 23%  153K 48s
  3000K .......... .......... .......... .......... .......... 23%  405K 48s
  3050K .......... .......... .......... .......... .......... 24%  143K 48s
  3100K .......... .......... .......... .......... .......... 24%  406K 47s
  3150K .......... .......... .......... .......... .......... 24%  408K 47s
  3200K .......... .......... .......... .......... .......... 25%  387K 46s
  3250K .......... .......... .......... .......... .......... 25%  141K 46s
  3300K .......... .......... .......... .......... .......... 26%  148K 46s
  3350K .......... .......... .......... .......... .......... 26%  414K 46s
  3400K .......... .......... .......... .......... .......... 26%  357K 45s
  3450K .......... .......... .......... .......... .......... 27%  396K 45s
  3500K .......... .......... .......... .......... .......... 27%  406K 44s
  3550K .......... .......... .......... .......... .......... 27%  477K 43s
  3600K .......... .......... .......... .......... .......... 28%  142K 43s
  3650K .......... .......... .......... .......... .......... 28%  362K 43s
  3700K .......... .......... .......... .......... .......... 29%  428K 42s
  3750K .......... .......... .......... .......... .......... 29% 76.0K 43s
  3800K .......... .......... .......... .......... .......... 29%  671K 43s
  3850K .......... .......... .......... .......... .......... 30%  428K 42s
  3900K .......... .......... .......... .......... .......... 30% 65.8K 43s
  3950K .......... .......... .......... .......... .......... 31% 67.5K 44s
  4000K .......... .......... .......... .......... .......... 31%  428K 43s
  4050K .......... .......... .......... .......... .......... 31%  415K 43s
  4100K .......... .......... .......... .......... .......... 32%  492K 42s
  4150K .......... .......... .......... .......... .......... 32%  440K 42s
  4200K .......... .......... .......... .......... .......... 32%  156K 42s
  4250K .......... .......... .......... .......... .......... 33%  144K 42s
  4300K .......... .......... .......... .......... .......... 33%  378K 41s
  4350K .......... .......... .......... .......... .......... 34%  476K 41s
  4400K .......... .......... .......... .......... .......... 34%  396K 40s
  4450K .......... .......... .......... .......... .......... 34%  148K 40s
  4500K .......... .......... .......... .......... .......... 35%  158K 40s
  4550K .......... .......... .......... .......... .......... 35%  128K 40s
  4600K .......... .......... .......... .......... .......... 36% 68.3K 41s
  4650K .......... .......... .......... .......... .......... 36%  407K 40s
  4700K .......... .......... .......... .......... .......... 36%  334K 40s
  4750K .......... .......... .......... .......... .......... 37%  103K 40s
  4800K .......... .......... .......... .......... .......... 37%  157K 40s
  4850K .......... .......... .......... .......... .......... 38% 94.1K 40s
  4900K .......... .......... .......... .......... .......... 38%  363K 40s
  4950K .......... .......... .......... .......... .......... 38%  452K 39s
  5000K .......... .......... .......... .......... .......... 39%  460K 39s
  5050K .......... .......... .......... .......... .......... 39%  399K 38s
  5100K .......... .......... .......... .......... .......... 39%  380K 38s
  5150K .......... .......... .......... .......... .......... 40% 66.9K 38s
  5200K .......... .......... .......... .......... .......... 40%  355K 38s
  5250K .......... .......... .......... .......... .......... 41%  354K 38s
  5300K .......... .......... .......... .......... .......... 41%  159K 37s
  5350K .......... .......... .......... .......... .......... 41%  387K 37s
  5400K .......... .......... .......... .......... .......... 42%  321K 37s
  5450K .......... .......... .......... .......... .......... 42%  504K 36s
  5500K .......... .......... .......... .......... .......... 43%  144K 36s
  5550K .......... .......... .......... .......... .......... 43%  417K 36s
  5600K .......... .......... .......... .......... .......... 43%  369K 35s
  5650K .......... .......... .......... .......... .......... 44%  477K 35s
  5700K .......... .......... .......... .......... .......... 44%  473K 35s
  5750K .......... .......... .......... .......... .......... 45%  453K 34s
  5800K .......... .......... .......... .......... .......... 45%  355K 34s
  5850K .......... .......... .......... .......... .......... 45% 89.1K 34s
  5900K .......... .......... .......... .......... .......... 46%  364K 34s
  5950K .......... .......... .......... .......... .......... 46% 65.0K 34s
  6000K .......... .......... .......... .......... .......... 46%  372K 34s
  6050K .......... .......... .......... .......... .......... 47%  141K 33s
  6100K .......... .......... .......... .......... .......... 47% 70.0K 34s
  6150K .......... .......... .......... .......... .......... 48% 95.7K 34s
  6200K .......... .......... .......... .......... .......... 48% 43.1K 34s
  6250K .......... .......... .......... .......... .......... 48% 95.9K 34s
  6300K .......... .......... .......... .......... .......... 49%  146K 34s
  6350K .......... .......... .......... .......... .......... 49%  407K 34s
  6400K .......... .......... .......... .......... .......... 50%  395K 33s
  6450K .......... .......... .......... .......... .......... 50%  420K 33s
  6500K .......... .......... .......... .......... .......... 50%  435K 33s
  6550K .......... .......... .......... .......... .......... 51%  400K 32s
  6600K .......... .......... .......... .......... .......... 51%  147K 32s
  6650K .......... .......... .......... .......... .......... 52%  326K 32s
  6700K .......... .......... .......... .......... .......... 52%  478K 31s
  6750K .......... .......... .......... .......... .......... 52%  478K 31s
  6800K .......... .......... .......... .......... .......... 53%  386K 31s
  6850K .......... .......... .......... .......... .......... 53%  508K 30s
  6900K .......... .......... .......... .......... .......... 53%  395K 30s
  6950K .......... .......... .......... .......... .......... 54%  355K 29s
  7000K .......... .......... .......... .......... .......... 54%  478K 29s
  7050K .......... .......... .......... .......... .......... 55%  502K 29s
  7100K .......... .......... .......... .......... .......... 55%  341K 28s
  7150K .......... .......... .......... .......... .......... 55%  397K 28s
  7200K .......... .......... .......... .......... .......... 56%  369K 28s
  7250K .......... .......... .......... .......... .......... 56% 51.8K 28s
  7300K .......... .......... .......... .......... .......... 57%  463K 28s
  7350K .......... .......... .......... .......... .......... 57%  145K 28s
  7400K .......... .......... .......... .......... .......... 57%  537K 27s
  7450K .......... .......... .......... .......... .......... 58%  396K 27s
  7500K .......... .......... .......... .......... .......... 58%  152K 27s
  7550K .......... .......... .......... .......... .......... 58%  406K 26s
  7600K .......... .......... .......... .......... .......... 59%  407K 26s
  7650K .......... .......... .......... .......... .......... 59%  362K 26s
  7700K .......... .......... .......... .......... .......... 60%  439K 25s
  7750K .......... .......... .......... .......... .......... 60%  427K 25s
  7800K .......... .......... .......... .......... .......... 60%  464K 25s
  7850K .......... .......... .......... .......... .......... 61%  439K 24s
  7900K .......... .......... .......... .......... .......... 61%  369K 24s
  7950K .......... .......... .......... .......... .......... 62%  439K 24s
  8000K .......... .......... .......... .......... .......... 62%  448K 23s
  8050K .......... .......... .......... .......... .......... 62% 88.2K 23s
  8100K .......... .......... .......... .......... .......... 63%  381K 23s
  8150K .......... .......... .......... .......... .......... 63%  424K 23s
  8200K .......... .......... .......... .......... .......... 64%  524K 22s
  8250K .......... .......... .......... .......... .......... 64%  347K 22s
  8300K .......... .......... .......... .......... .......... 64%  418K 22s
  8350K .......... .......... .......... .......... .......... 65%  377K 21s
  8400K .......... .......... .......... .......... .......... 65%  104K 21s
  8450K .......... .......... .......... .......... .......... 65%  149K 21s
  8500K .......... .......... .......... .......... .......... 66%  396K 21s
  8550K .......... .......... .......... .......... .......... 66%  519K 21s
  8600K .......... .......... .......... .......... .......... 67%  363K 20s
  8650K .......... .......... .......... .......... .......... 67%  451K 20s
  8700K .......... .......... .......... .......... .......... 67%  428K 20s
  8750K .......... .......... .......... .......... .......... 68%  297K 19s
  8800K .......... .......... .......... .......... .......... 68%  347K 19s
  8850K .......... .......... .......... .......... .......... 69%  427K 19s
  8900K .......... .......... .......... .......... .......... 69%  150K 19s
  8950K .......... .......... .......... .......... .......... 69%  309K 18s
  9000K .......... .......... .......... .......... .......... 70%  521K 18s
  9050K .......... .......... .......... .......... .......... 70%  462K 18s
  9100K .......... .......... .......... .......... .......... 71%  440K 17s
  9150K .......... .......... .......... .......... .......... 71%  395K 17s
  9200K .......... .......... .......... .......... .......... 71%  418K 17s
  9250K .......... .......... .......... .......... .......... 72%  144K 17s
  9300K .......... .......... .......... .......... .......... 72%  339K 16s
  9350K .......... .......... .......... .......... .......... 72%  452K 16s
  9400K .......... .......... .......... .......... .......... 73%  388K 16s
  9450K .......... .......... .......... .......... .......... 73% 68.1K 16s
  9500K .......... .......... .......... .......... .......... 74% 88.6K 16s
  9550K .......... .......... .......... .......... .......... 74%  439K 15s
  9600K .......... .......... .......... .......... .......... 74%  438K 15s
  9650K .......... .......... .......... .......... .......... 75%  415K 15s
  9700K .......... .......... .......... .......... .......... 75%  465K 15s
  9750K .......... .......... .......... .......... .......... 76%  425K 14s
  9800K .......... .......... .......... .......... .......... 76%  467K 14s
  9850K .......... .......... .......... .......... .......... 76%  438K 14s
  9900K .......... .......... .......... .......... .......... 77%  380K 14s
  9950K .......... .......... .......... .......... .......... 77%  415K 13s
 10000K .......... .......... .......... .......... .......... 78%  577K 13s
 10050K .......... .......... .......... .......... .......... 78%  386K 13s
 10100K .......... .......... .......... .......... .......... 78%  370K 13s
 10150K .......... .......... .......... .......... .......... 79% 55.2K 12s
 10200K .......... .......... .......... .......... .......... 79%  111K 12s
 10250K .......... .......... .......... .......... .......... 79%  427K 12s
 10300K .......... .......... .......... .......... .......... 80%  326K 12s
 10350K .......... .......... .......... .......... .......... 80%  464K 12s
 10400K .......... .......... .......... .......... .......... 81%  380K 11s
 10450K .......... .......... .......... .......... .......... 81%  378K 11s
 10500K .......... .......... .......... .......... .......... 81%  417K 11s
 10550K .......... .......... .......... .......... .......... 82%  437K 11s
 10600K .......... .......... .......... .......... .......... 82%  450K 10s
 10650K .......... .......... .......... .......... .......... 83%  364K 10s
 10700K .......... .......... .......... .......... .......... 83%  438K 10s
 10750K .......... .......... .......... .......... .......... 83%  465K 9s
 10800K .......... .......... .......... .......... .......... 84%  361K 9s
 10850K .......... .......... .......... .......... .......... 84%  354K 9s
 10900K .......... .......... .......... .......... .......... 84%  477K 9s
 10950K .......... .......... .......... .......... .......... 85%  438K 9s
 11000K .......... .......... .......... .......... .......... 85%  387K 8s
 11050K .......... .......... .......... .......... .......... 86%  399K 8s
 11100K .......... .......... .......... .......... .......... 86%  147K 8s
 11150K .......... .......... .......... .......... .......... 86%  153K 8s
 11200K .......... .......... .......... .......... .......... 87%  150K 7s
 11250K .......... .......... .......... .......... .......... 87%  441K 7s
 11300K .......... .......... .......... .......... .......... 88%  406K 7s
 11350K .......... .......... .......... .......... .......... 88%  354K 7s
 11400K .......... .......... .......... .......... .......... 88%  328K 6s
 11450K .......... .......... .......... .......... .......... 89%  387K 6s
 11500K .......... .......... .......... .......... .......... 89%  439K 6s
 11550K .......... .......... .......... .......... .......... 90%  463K 6s
 11600K .......... .......... .......... .......... .......... 90%  160K 6s
 11650K .......... .......... .......... .......... .......... 90%  364K 5s
 11700K .......... .......... .......... .......... .......... 91%  361K 5s
 11750K .......... .......... .......... .......... .......... 91%  408K 5s
 11800K .......... .......... .......... .......... .......... 91%  463K 5s
 11850K .......... .......... .......... .......... .......... 92%  417K 4s
 11900K .......... .......... .......... .......... .......... 92%  474K 4s
 11950K .......... .......... .......... .......... .......... 93%  146K 4s
 12000K .......... .......... .......... .......... .......... 93%  145K 4s
 12050K .......... .......... .......... .......... .......... 93%  380K 3s
 12100K .......... .......... .......... .......... .......... 94%  449K 3s
 12150K .......... .......... .......... .......... .......... 94%  440K 3s
 12200K .......... .......... .......... .......... .......... 95%  397K 3s
 12250K .......... .......... .......... .......... .......... 95%  353K 3s
 12300K .......... .......... .......... .......... .......... 95%  334K 2s
 12350K .......... .......... .......... .......... .......... 96%  334K 2s
 12400K .......... .......... .......... .......... .......... 96%  146K 2s
 12450K .......... .......... .......... .......... .......... 97%  396K 2s
 12500K .......... .......... .......... .......... .......... 97%  417K 1s
 12550K .......... .......... .......... .......... .......... 97%  396K 1s
 12600K .......... .......... .......... .......... .......... 98%  389K 1s
 12650K .......... .......... .......... .......... .......... 98%  144K 1s
 12700K .......... .......... .......... .......... .......... 98%  386K 1s
 12750K .......... .......... .......... .......... .......... 99%  371K 0s
 12800K .......... .......... .......... .......... .......... 99%  370K 0s
 12850K .......... .......... .......... ....                 100%  521K=56s

2016-05-25 02:32:17 (229 KB/s) - ‘index.html.13’ saved [13193358/13193358]

