--2016-05-25 03:42:45--  http://10.30.50.93:8000/
Connecting to 10.30.50.93:8000... connected.
HTTP request sent, awaiting response... 200 OK
Length: 13193358 (13M) [text/html]
Saving to: ‘index.html.17’

     0K .......... .......... .......... .......... ..........  0% 2.63M 5s
    50K .......... .......... .......... .......... ..........  0% 1.01M 9s
   100K .......... .......... .......... .......... ..........  1% 46.7K 97s
   150K .......... .......... .......... .......... ..........  1%  219K 87s
   200K .......... .......... .......... .......... ..........  1% 1.15M 71s
   250K .......... .......... .......... .......... ..........  2% 1.07M 61s
   300K .......... .......... .......... .......... ..........  2%  188K 62s
   350K .......... .......... .......... .......... ..........  3%  205K 61s
   400K .......... .......... .......... .......... ..........  3% 1.01M 56s
   450K .......... .......... .......... .......... ..........  3%  813K 51s
   500K .......... .......... .......... .......... ..........  4% 1.31M 47s
   550K .......... .......... .......... .......... ..........  4%  190K 49s
   600K .......... .......... .......... .......... ..........  5%  954K 46s
   650K .......... .......... .......... .......... ..........  5% 24.0K 79s
   700K .......... .......... .......... .......... ..........  5%  857K 74s
   750K .......... .......... .......... .......... ..........  6%  205K 73s
   800K .......... .......... .......... .......... ..........  6% 57.4K 81s
   850K .......... .......... .......... .......... ..........  6%  108K 82s
   900K .......... .......... .......... .......... ..........  7% 59.2K 88s
   950K .......... .......... .......... .......... ..........  7% 1.94M 83s
  1000K .......... .......... .......... .......... ..........  8% 59.2K 89s
  1050K .......... .......... .......... .......... ..........  8%  115K 89s
  1100K .......... .......... .......... .......... ..........  8%  110K 89s
  1150K .......... .......... .......... .......... ..........  9%  110K 90s
  1200K .......... .......... .......... .......... ..........  9%  188K 88s
  1250K .......... .......... .......... .......... .......... 10%  192K 87s
  1300K .......... .......... .......... .......... .......... 10% 24.0K 1m41s
  1350K .......... .......... .......... .......... .......... 10%  203K 99s
  1400K .......... .......... .......... .......... .......... 11%  192K 97s
  1450K .......... .......... .......... .......... .......... 11%  110K 97s
  1500K .......... .......... .......... .......... .......... 12%  111K 97s
  1550K .......... .......... .......... .......... .......... 12%  203K 95s
  1600K .......... .......... .......... .......... .......... 12% 1.05M 92s
  1650K .......... .......... .......... .......... .......... 13% 78.0K 93s
  1700K .......... .......... .......... .......... .......... 13% 1.41M 90s
  1750K .......... .......... .......... .......... .......... 13% 1.05M 88s
  1800K .......... .......... .......... .......... .......... 14%  204K 86s
  1850K .......... .......... .......... .......... .......... 14% 1.73M 84s
  1900K .......... .......... .......... .......... .......... 15% 1.25M 82s
  1950K .......... .......... .......... .......... .......... 15% 1.17M 79s
  2000K .......... .......... .......... .......... .......... 15% 58.7K 82s
  2050K .......... .......... .......... .......... .......... 16%  196K 81s
  2100K .......... .......... .......... .......... .......... 16%  204K 80s
  2150K .......... .......... .......... .......... .......... 17% 1.25M 78s
  2200K .......... .......... .......... .......... .......... 17% 1.20M 76s
  2250K .......... .......... .......... .......... .......... 17%  197K 75s
  2300K .......... .......... .......... .......... .......... 18% 58.3K 77s
  2350K .......... .......... .......... .......... .......... 18%  766K 75s
  2400K .......... .......... .......... .......... .......... 19%  202K 74s
  2450K .......... .......... .......... .......... .......... 19%  871K 73s
  2500K .......... .......... .......... .......... .......... 19%  199K 72s
  2550K .......... .......... .......... .......... .......... 20%  204K 71s
  2600K .......... .......... .......... .......... .......... 20% 1.22M 70s
  2650K .......... .......... .......... .......... .......... 20%  114K 70s
  2700K .......... .......... .......... .......... .......... 21%  216K 69s
  2750K .......... .......... .......... .......... .......... 21% 1.15M 68s
  2800K .......... .......... .......... .......... .......... 22% 29.8K 72s
  2850K .......... .......... .......... .......... .......... 22% 1.15M 71s
  2900K .......... .......... .......... .......... .......... 22%  116K 70s
  2950K .......... .......... .......... .......... .......... 23%  111K 70s
  3000K .......... .......... .......... .......... .......... 23%  112K 70s
  3050K .......... .......... .......... .......... .......... 24%  209K 70s
  3100K .......... .......... .......... .......... .......... 24%  195K 69s
  3150K .......... .......... .......... .......... .......... 24%  190K 68s
  3200K .......... .......... .......... .......... .......... 25% 1.03M 67s
  3250K .......... .......... .......... .......... .......... 25% 1.41M 66s
  3300K .......... .......... .......... .......... .......... 26%  194K 65s
  3350K .......... .......... .......... .......... .......... 26% 76.0K 66s
  3400K .......... .......... .......... .......... .......... 26%  186K 65s
  3450K .......... .......... .......... .......... .......... 27% 57.6K 66s
  3500K .......... .......... .......... .......... .......... 27%  186K 66s
  3550K .......... .......... .......... .......... .......... 27% 1.20M 65s
  3600K .......... .......... .......... .......... .......... 28% 58.1K 65s
  3650K .......... .......... .......... .......... .......... 28% 1.23M 64s
  3700K .......... .......... .......... .......... .......... 29%  798K 63s
  3750K .......... .......... .......... .......... .......... 29% 1.03M 62s
  3800K .......... .......... .......... .......... .......... 29%  198K 62s
  3850K .......... .......... .......... .......... .......... 30%  192K 61s
  3900K .......... .......... .......... .......... .......... 30%  191K 61s
  3950K .......... .......... .......... .......... .......... 31% 1.06M 60s
  4000K .......... .......... .......... .......... .......... 31%  108K 60s
  4050K .......... .......... .......... .......... .......... 31%  189K 59s
  4100K .......... .......... .......... .......... .......... 32% 1.14M 58s
  4150K .......... .......... .......... .......... .......... 32% 1.18M 57s
  4200K .......... .......... .......... .......... .......... 32%  207K 57s
  4250K .......... .......... .......... .......... .......... 33%  199K 56s
  4300K .......... .......... .......... .......... .......... 33%  109K 56s
  4350K .......... .......... .......... .......... .......... 34% 1.07M 55s
  4400K .......... .......... .......... .......... .......... 34%  981K 54s
  4450K .......... .......... .......... .......... .......... 34%  201K 54s
  4500K .......... .......... .......... .......... .......... 35% 1.06M 53s
  4550K .......... .......... .......... .......... .......... 35% 1017K 52s
  4600K .......... .......... .......... .......... .......... 36%  985K 52s
  4650K .......... .......... .......... .......... .......... 36%  202K 51s
  4700K .......... .......... .......... .......... .......... 36%  199K 51s
  4750K .......... .......... .......... .......... .......... 37% 1002K 50s
  4800K .......... .......... .......... .......... .......... 37% 1.09M 49s
  4850K .......... .......... .......... .......... .......... 38% 1.06M 48s
  4900K .......... .......... .......... .......... .......... 38%  201K 48s
  4950K .......... .......... .......... .......... .......... 38%  201K 48s
  5000K .......... .......... .......... .......... .......... 39% 1.35M 47s
  5050K .......... .......... .......... .......... .......... 39% 1.04M 46s
  5100K .......... .......... .......... .......... .......... 39% 76.3K 47s
  5150K .......... .......... .......... .......... .......... 40% 2.30M 46s
  5200K .......... .......... .......... .......... .......... 40% 77.3K 46s
  5250K .......... .......... .......... .......... .......... 41% 1.12M 45s
  5300K .......... .......... .......... .......... .......... 41% 75.8K 46s
  5350K .......... .......... .......... .......... .......... 41% 1.48M 45s
  5400K .......... .......... .......... .......... .......... 42%  940K 44s
  5450K .......... .......... .......... .......... .......... 42%  190K 44s
  5500K .......... .......... .......... .......... .......... 43%  201K 44s
  5550K .......... .......... .......... .......... .......... 43% 1.04M 43s
  5600K .......... .......... .......... .......... .......... 43%  113K 43s
  5650K .......... .......... .......... .......... .......... 44% 1.37M 42s
  5700K .......... .......... .......... .......... .......... 44% 1.17M 42s
  5750K .......... .......... .......... .......... .......... 45%  973K 41s
  5800K .......... .......... .......... .......... .......... 45% 1.09M 40s
  5850K .......... .......... .......... .......... .......... 45% 75.4K 41s
  5900K .......... .......... .......... .......... .......... 46%  194K 40s
  5950K .......... .......... .......... .......... .......... 46%  194K 40s
  6000K .......... .......... .......... .......... .......... 46% 38.8K 41s
  6050K .......... .......... .......... .......... .......... 47%  110K 41s
  6100K .......... .......... .......... .......... .......... 47%  193K 40s
  6150K .......... .......... .......... .......... .......... 48% 57.8K 41s
  6200K .......... .......... .......... .......... .......... 48%  110K 40s
  6250K .......... .......... .......... .......... .......... 48% 30.0K 42s
  6300K .......... .......... .......... .......... .......... 49% 57.5K 42s
  6350K .......... .......... .......... .......... .......... 49% 1.04M 41s
  6400K .......... .......... .......... .......... .......... 50% 1.04M 41s
  6450K .......... .......... .......... .......... .......... 50% 78.1K 41s
  6500K .......... .......... .......... .......... .......... 50%  222K 40s
  6550K .......... .......... .......... .......... .......... 51%  203K 40s
  6600K .......... .......... .......... .......... .......... 51%  197K 39s
  6650K .......... .......... .......... .......... .......... 52% 1.35M 39s
  6700K .......... .......... .......... .......... .......... 52% 74.3K 39s
  6750K .......... .......... .......... .......... .......... 52% 76.4K 39s
  6800K .......... .......... .......... .......... .......... 53% 58.2K 39s
  6850K .......... .......... .......... .......... .......... 53% 1.13M 38s
  6900K .......... .......... .......... .......... .......... 53% 76.3K 38s
  6950K .......... .......... .......... .......... .......... 54%  964K 38s
  7000K .......... .......... .......... .......... .......... 54% 58.6K 38s
  7050K .......... .......... .......... .......... .......... 55%  991K 37s
  7100K .......... .......... .......... .......... .......... 55%  114K 37s
  7150K .......... .......... .......... .......... .......... 55%  195K 37s
  7200K .......... .......... .......... .......... .......... 56%  195K 36s
  7250K .......... .......... .......... .......... .......... 56%  648K 36s
  7300K .......... .......... .......... .......... .......... 57% 1.02M 35s
  7350K .......... .......... .......... .......... .......... 57% 56.4K 36s
  7400K .......... .......... .......... .......... .......... 57%  213K 35s
  7450K .......... .......... .......... .......... .......... 58% 46.7K 35s
  7500K .......... .......... .......... .......... .......... 58% 58.4K 35s
  7550K .......... .......... .......... .......... .......... 58% 58.5K 35s
  7600K .......... .......... .......... .......... .......... 59%  234K 35s
  7650K .......... .......... .......... .......... .......... 59%  112K 35s
  7700K .......... .......... .......... .......... .......... 60%  195K 34s
  7750K .......... .......... .......... .......... .......... 60%  931K 34s
  7800K .......... .......... .......... .......... .......... 60%  843K 33s
  7850K .......... .......... .......... .......... .......... 61%  193K 33s
  7900K .......... .......... .......... .......... .......... 61%  109K 33s
  7950K .......... .......... .......... .......... .......... 62%  208K 32s
  8000K .......... .......... .......... .......... .......... 62%  105K 32s
  8050K .......... .......... .......... .......... .......... 62%  116K 32s
  8100K .......... .......... .......... .......... .......... 63% 76.7K 32s
  8150K .......... .......... .......... .......... .......... 63% 1.00M 31s
  8200K .......... .......... .......... .......... .......... 64% 1.32M 31s
  8250K .......... .......... .......... .......... .......... 64%  193K 30s
  8300K .......... .......... .......... .......... .......... 64% 16.1K 31s
  8350K .......... .......... .......... .......... .......... 65%  113K 31s
  8400K .......... .......... .......... .......... .......... 65%  111K 31s
  8450K .......... .......... .......... .......... .......... 65%  113K 31s
  8500K .......... .......... .......... .......... .......... 66%  110K 30s
  8550K .......... .......... .......... .......... .......... 66%  183K 30s
  8600K .......... .......... .......... .......... .......... 67%  784K 29s
  8650K .......... .......... .......... .......... .......... 67%  209K 29s
  8700K .......... .......... .......... .......... .......... 67%  209K 29s
  8750K .......... .......... .......... .......... .......... 68% 75.7K 28s
  8800K .......... .......... .......... .......... .......... 68%  888K 28s
  8850K .......... .......... .......... .......... .......... 69%  185K 28s
  8900K .......... .......... .......... .......... .......... 69%  206K 27s
  8950K .......... .......... .......... .......... .......... 69% 75.8K 27s
  9000K .......... .......... .......... .......... .......... 70%  195K 27s
  9050K .......... .......... .......... .......... .......... 70%  112K 26s
  9100K .......... .......... .......... .......... .......... 71% 74.4K 26s
  9150K .......... .......... .......... .......... .......... 71%  225K 26s
  9200K .......... .......... .......... .......... .......... 71%  812K 25s
  9250K .......... .......... .......... .......... .......... 72%  207K 25s
  9300K .......... .......... .......... .......... .......... 72% 33.9K 25s
  9350K .......... .......... .......... .......... .......... 72% 1.15M 24s
  9400K .......... .......... .......... .......... .......... 73%  204K 24s
  9450K .......... .......... .......... .......... .......... 73%  788K 24s
  9500K .......... .......... .......... .......... .......... 74% 1.20M 23s
  9550K .......... .......... .......... .......... .......... 74%  111K 23s
  9600K .......... .......... .......... .......... .......... 74%  977K 22s
  9650K .......... .......... .......... .......... .......... 75%  907K 22s
  9700K .......... .......... .......... .......... .......... 75%  105K 22s
  9750K .......... .......... .......... .......... .......... 76% 47.9K 21s
  9800K .......... .......... .......... .......... .......... 76%  195K 21s
  9850K .......... .......... .......... .......... .......... 76% 18.4K 21s
  9900K .......... .......... .......... .......... .......... 77% 1.03M 21s
  9950K .......... .......... .......... .......... .......... 77%  199K 21s
 10000K .......... .......... .......... .......... .......... 78%  112K 20s
 10050K .......... .......... .......... .......... .......... 78% 59.7K 20s
 10100K .......... .......... .......... .......... .......... 78%  199K 20s
 10150K .......... .......... .......... .......... .......... 79%  203K 19s
 10200K .......... .......... .......... .......... .......... 79%  882K 19s
 10250K .......... .......... .......... .......... .......... 79%  113K 19s
 10300K .......... .......... .......... .......... .......... 80% 1.37M 18s
 10350K .......... .......... .......... .......... .......... 80%  963K 18s
 10400K .......... .......... .......... .......... .......... 81% 1.09M 17s
 10450K .......... .......... .......... .......... .......... 81%  200K 17s
 10500K .......... .......... .......... .......... .......... 81% 1.53M 16s
 10550K .......... .......... .......... .......... .......... 82% 57.7K 16s
 10600K .......... .......... .......... .......... .......... 82%  197K 16s
 10650K .......... .......... .......... .......... .......... 83%  201K 15s
 10700K .......... .......... .......... .......... .......... 83% 1.11M 15s
 10750K .......... .......... .......... .......... .......... 83% 79.1K 15s
 10800K .......... .......... .......... .......... .......... 84%  932K 14s
 10850K .......... .......... .......... .......... .......... 84%  188K 14s
 10900K .......... .......... .......... .......... .......... 84%  108K 14s
 10950K .......... .......... .......... .......... .......... 85% 1.18M 13s
 11000K .......... .......... .......... .......... .......... 85% 1.21M 13s
 11050K .......... .......... .......... .......... .......... 86% 1.08M 12s
 11100K .......... .......... .......... .......... .......... 86%  195K 12s
 11150K .......... .......... .......... .......... .......... 86%  192K 12s
 11200K .......... .......... .......... .......... .......... 87% 77.3K 11s
 11250K .......... .......... .......... .......... .......... 87%  195K 11s
 11300K .......... .......... .......... .......... .......... 88% 47.3K 11s
 11350K .......... .......... .......... .......... .......... 88% 1.72M 10s
 11400K .......... .......... .......... .......... .......... 88%  932K 10s
 11450K .......... .......... .......... .......... .......... 89%  109K 10s
 11500K .......... .......... .......... .......... .......... 89%  208K 9s
 11550K .......... .......... .......... .......... .......... 90%  106K 9s
 11600K .......... .......... .......... .......... .......... 90% 76.3K 9s
 11650K .......... .......... .......... .......... .......... 90%  992K 8s
 11700K .......... .......... .......... .......... .......... 91%  189K 8s
 11750K .......... .......... .......... .......... .......... 91% 1.18M 8s
 11800K .......... .......... .......... .......... .......... 91% 1.10M 7s
 11850K .......... .......... .......... .......... .......... 92% 34.0K 7s
 11900K .......... .......... .......... .......... .......... 92%  198K 7s
 11950K .......... .......... .......... .......... .......... 93% 1.31M 6s
 12000K .......... .......... .......... .......... .......... 93%  195K 6s
 12050K .......... .......... .......... .......... .......... 93%  949K 5s
 12100K .......... .......... .......... .......... .......... 94%  196K 5s
 12150K .......... .......... .......... .......... .......... 94%  196K 5s
 12200K .......... .......... .......... .......... .......... 95% 47.0K 4s
 12250K .......... .......... .......... .......... .......... 95% 1.08M 4s
 12300K .......... .......... .......... .......... .......... 95% 57.8K 4s
 12350K .......... .......... .......... .......... .......... 96%  111K 3s
 12400K .......... .......... .......... .......... .......... 96%  709K 3s
 12450K .......... .......... .......... .......... .......... 97% 1.05M 3s
 12500K .......... .......... .......... .......... .......... 97%  196K 2s
 12550K .......... .......... .......... .......... .......... 97%  203K 2s
 12600K .......... .......... .......... .......... .......... 98%  188K 2s
 12650K .......... .......... .......... .......... .......... 98%  205K 1s
 12700K .......... .......... .......... .......... .......... 98% 1.03M 1s
 12750K .......... .......... .......... .......... .......... 99% 16.0K 1s
 12800K .......... .......... .......... .......... .......... 99%  199K 0s
 12850K .......... .......... .......... ....                 100% 1.43M=92s

2016-05-25 03:44:17 (141 KB/s) - ‘index.html.17’ saved [13193358/13193358]

