--2016-05-25 03:58:39--  http://10.30.50.93:8000/
Connecting to 10.30.50.93:8000... connected.
HTTP request sent, awaiting response... 200 OK
Length: 13193358 (13M) [text/html]
Saving to: ‘index.html.18’

     0K .......... .......... .......... .......... ..........  0% 3.21M 4s
    50K .......... .......... .......... .......... ..........  0% 2.88M 4s
   100K .......... .......... .......... .......... ..........  1% 58.9K 75s
   150K .......... .......... .......... .......... ..........  1%  205K 71s
   200K .......... .......... .......... .......... ..........  1%  201K 69s
   250K .......... .......... .......... .......... ..........  2%  194K 68s
   300K .......... .......... .......... .......... ..........  2%  113K 74s
   350K .......... .......... .......... .......... ..........  3% 74.7K 86s
   400K .......... .......... .......... .......... ..........  3%  111K 88s
   450K .......... .......... .......... .......... ..........  3%  977K 80s
   500K .......... .......... .......... .......... ..........  4%  204K 78s
   550K .......... .......... .......... .......... ..........  4%  108K 81s
   600K .......... .......... .......... .......... ..........  5%  206K 79s
   650K .......... .......... .......... .......... ..........  5%  196K 77s
   700K .......... .......... .......... .......... ..........  5% 1.06M 73s
   750K .......... .......... .......... .......... ..........  6%  962K 69s
   800K .......... .......... .......... .......... ..........  6% 76.7K 74s
   850K .......... .......... .......... .......... ..........  6%  189K 73s
   900K .......... .......... .......... .......... ..........  7% 47.2K 82s
   950K .......... .......... .......... .......... ..........  7%  115K 83s
  1000K .......... .......... .......... .......... ..........  8% 1.14M 79s
  1050K .......... .......... .......... .......... ..........  8% 1.42M 75s
  1100K .......... .......... .......... .......... ..........  8%  201K 74s
  1150K .......... .......... .......... .......... ..........  9% 1.25M 71s
  1200K .......... .......... .......... .......... ..........  9%  195K 71s
  1250K .......... .......... .......... .......... .......... 10%  200K 70s
  1300K .......... .......... .......... .......... .......... 10% 58.6K 74s
  1350K .......... .......... .......... .......... .......... 10%  203K 73s
  1400K .......... .......... .......... .......... .......... 11% 75.8K 76s
  1450K .......... .......... .......... .......... .......... 11%  195K 75s
  1500K .......... .......... .......... .......... .......... 12% 75.7K 77s
  1550K .......... .......... .......... .......... .......... 12%  113K 77s
  1600K .......... .......... .......... .......... .......... 12%  180K 76s
  1650K .......... .......... .......... .......... .......... 13%  203K 75s
  1700K .......... .......... .......... .......... .......... 13%  206K 75s
  1750K .......... .......... .......... .......... .......... 13% 33.7K 81s
  1800K .......... .......... .......... .......... .......... 14% 1004K 79s
  1850K .......... .......... .......... .......... .......... 14% 1.23M 77s
  1900K .......... .......... .......... .......... .......... 15%  199K 76s
  1950K .......... .......... .......... .......... .......... 15% 58.1K 78s
  2000K .......... .......... .......... .......... .......... 15%  200K 77s
  2050K .......... .......... .......... .......... .......... 16%  202K 77s
  2100K .......... .......... .......... .......... .......... 16% 59.1K 79s
  2150K .......... .......... .......... .......... .......... 17% 1.61M 77s
  2200K .......... .......... .......... .......... .......... 17%  110K 77s
  2250K .......... .......... .......... .......... .......... 17% 76.6K 78s
  2300K .......... .......... .......... .......... .......... 18%  181K 77s
  2350K .......... .......... .......... .......... .......... 18%  106K 77s
  2400K .......... .......... .......... .......... .......... 19% 1.25M 75s
  2450K .......... .......... .......... .......... .......... 19% 1002K 74s
  2500K .......... .......... .......... .......... .......... 19% 1.70M 72s
  2550K .......... .......... .......... .......... .......... 20%  182K 71s
  2600K .......... .......... .......... .......... .......... 20% 1.30M 70s
  2650K .......... .......... .......... .......... .......... 20% 58.1K 71s
  2700K .......... .......... .......... .......... .......... 21% 1.18M 70s
  2750K .......... .......... .......... .......... .......... 21%  208K 69s
  2800K .......... .......... .......... .......... .......... 22% 76.9K 70s
  2850K .......... .......... .......... .......... .......... 22% 1019K 69s
  2900K .......... .......... .......... .......... .......... 22% 1010K 67s
  2950K .......... .......... .......... .......... .......... 23% 1.32M 66s
  3000K .......... .......... .......... .......... .......... 23%  113K 66s
  3050K .......... .......... .......... .......... .......... 24% 2.55M 65s
  3100K .......... .......... .......... .......... .......... 24%  191K 64s
  3150K .......... .......... .......... .......... .......... 24%  114K 64s
  3200K .......... .......... .......... .......... .......... 25% 1.13M 63s
  3250K .......... .......... .......... .......... .......... 25% 59.0K 64s
  3300K .......... .......... .......... .......... .......... 26%  208K 63s
  3350K .......... .......... .......... .......... .......... 26%  212K 63s
  3400K .......... .......... .......... .......... .......... 26%  950K 62s
  3450K .......... .......... .......... .......... .......... 27%  212K 61s
  3500K .......... .......... .......... .......... .......... 27% 1.13M 60s
  3550K .......... .......... .......... .......... .......... 27%  108K 60s
  3600K .......... .......... .......... .......... .......... 28% 1.30M 59s
  3650K .......... .......... .......... .......... .......... 28% 1.02M 58s
  3700K .......... .......... .......... .......... .......... 29% 57.8K 59s
  3750K .......... .......... .......... .......... .......... 29%  194K 59s
  3800K .......... .......... .......... .......... .......... 29%  117K 59s
  3850K .......... .......... .......... .......... .......... 30% 75.3K 59s
  3900K .......... .......... .......... .......... .......... 30%  927K 58s
  3950K .......... .......... .......... .......... .......... 31%  212K 58s
  4000K .......... .......... .......... .......... .......... 31% 1.51M 57s
  4050K .......... .......... .......... .......... .......... 31% 75.6K 57s
  4100K .......... .......... .......... .......... .......... 32% 77.1K 57s
  4150K .......... .......... .......... .......... .......... 32%  225K 57s
  4200K .......... .......... .......... .......... .......... 32% 76.6K 57s
  4250K .......... .......... .......... .......... .......... 33% 46.6K 58s
  4300K .......... .......... .......... .......... .......... 33%  196K 58s
  4350K .......... .......... .......... .......... .......... 34% 1.34M 57s
  4400K .......... .......... .......... .......... .......... 34%  910K 56s
  4450K .......... .......... .......... .......... .......... 34% 1010K 55s
  4500K .......... .......... .......... .......... .......... 35%  982K 54s
  4550K .......... .......... .......... .......... .......... 35% 1.00M 53s
  4600K .......... .......... .......... .......... .......... 36% 78.0K 54s
  4650K .......... .......... .......... .......... .......... 36% 1.69M 53s
  4700K .......... .......... .......... .......... .......... 36%  203K 52s
  4750K .......... .......... .......... .......... .......... 37% 1.32M 52s
  4800K .......... .......... .......... .......... .......... 37%  107K 52s
  4850K .......... .......... .......... .......... .......... 38% 26.7K 54s
  4900K .......... .......... .......... .......... .......... 38%  901K 53s
  4950K .......... .......... .......... .......... .......... 38%  197K 53s
  5000K .......... .......... .......... .......... .......... 39% 1.02M 52s
  5050K .......... .......... .......... .......... .......... 39%  973K 51s
  5100K .......... .......... .......... .......... .......... 39% 21.7K 54s
  5150K .......... .......... .......... .......... .......... 40% 34.5K 55s
  5200K .......... .......... .......... .......... .......... 40%  214K 54s
  5250K .......... .......... .......... .......... .......... 41%  111K 54s
  5300K .......... .......... .......... .......... .......... 41%  931K 53s
  5350K .......... .......... .......... .......... .......... 41% 59.2K 54s
  5400K .......... .......... .......... .......... .......... 42% 1.71M 53s
  5450K .......... .......... .......... .......... .......... 42% 1.04M 52s
  5500K .......... .......... .......... .......... .......... 43% 1.04M 51s
  5550K .......... .......... .......... .......... .......... 43%  206K 51s
  5600K .......... .......... .......... .......... .......... 43%  109K 51s
  5650K .......... .......... .......... .......... .......... 44% 57.2K 51s
  5700K .......... .......... .......... .......... .......... 44%  939K 50s
  5750K .......... .......... .......... .......... .......... 45%  112K 50s
  5800K .......... .......... .......... .......... .......... 45% 1.32M 49s
  5850K .......... .......... .......... .......... .......... 45% 75.7K 49s
  5900K .......... .......... .......... .......... .......... 46%  181K 49s
  5950K .......... .......... .......... .......... .......... 46%  922K 48s
  6000K .......... .......... .......... .......... .......... 46% 57.8K 48s
  6050K .......... .......... .......... .......... .......... 47%  106K 48s
  6100K .......... .......... .......... .......... .......... 47%  202K 48s
  6150K .......... .......... .......... .......... .......... 48% 39.8K 48s
  6200K .......... .......... .......... .......... .......... 48% 34.2K 49s
  6250K .......... .......... .......... .......... .......... 48% 1.46M 48s
  6300K .......... .......... .......... .......... .......... 49% 26.7K 50s
  6350K .......... .......... .......... .......... .......... 49% 75.7K 49s
  6400K .......... .......... .......... .......... .......... 50% 1.13M 49s
  6450K .......... .......... .......... .......... .......... 50% 76.3K 49s
  6500K .......... .......... .......... .......... .......... 50%  758K 48s
  6550K .......... .......... .......... .......... .......... 51%  202K 47s
  6600K .......... .......... .......... .......... .......... 51% 1.18M 47s
  6650K .......... .......... .......... .......... .......... 52%  201K 46s
  6700K .......... .......... .......... .......... .......... 52%  203K 46s
  6750K .......... .......... .......... .......... .......... 52%  970K 45s
  6800K .......... .......... .......... .......... .......... 53% 56.6K 45s
  6850K .......... .......... .......... .......... .......... 53% 77.6K 45s
  6900K .......... .......... .......... .......... .......... 53% 16.4M 44s
  6950K .......... .......... .......... .......... .......... 54%  115K 44s
  7000K .......... .......... .......... .......... .......... 54%  228K 44s
  7050K .......... .......... .......... .......... .......... 55%  225K 43s
  7100K .......... .......... .......... .......... .......... 55% 1.54M 42s
  7150K .......... .......... .......... .......... .......... 55% 58.0K 42s
  7200K .......... .......... .......... .......... .......... 56%  974K 42s
  7250K .......... .......... .......... .......... .......... 56%  116K 41s
  7300K .......... .......... .......... .......... .......... 57% 1.86M 41s
  7350K .......... .......... .......... .......... .......... 57% 1.14M 40s
  7400K .......... .......... .......... .......... .......... 57%  208K 40s
  7450K .......... .......... .......... .......... .......... 58% 1.23M 39s
  7500K .......... .......... .......... .......... .......... 58%  197K 39s
  7550K .......... .......... .......... .......... .......... 58% 24.0K 40s
  7600K .......... .......... .......... .......... .......... 59% 1.10M 39s
  7650K .......... .......... .......... .......... .......... 59%  193K 39s
  7700K .......... .......... .......... .......... .......... 60%  197K 38s
  7750K .......... .......... .......... .......... .......... 60% 1006K 37s
  7800K .......... .......... .......... .......... .......... 60%  972K 37s
  7850K .......... .......... .......... .......... .......... 61% 1.27M 36s
  7900K .......... .......... .......... .......... .......... 61%  855K 36s
  7950K .......... .......... .......... .......... .......... 62% 1.13M 35s
  8000K .......... .......... .......... .......... .......... 62%  108K 35s
  8050K .......... .......... .......... .......... .......... 62%  956K 34s
  8100K .......... .......... .......... .......... .......... 63% 76.1K 34s
  8150K .......... .......... .......... .......... .......... 63% 1017K 34s
  8200K .......... .......... .......... .......... .......... 64%  114K 33s
  8250K .......... .......... .......... .......... .......... 64% 1.27M 33s
  8300K .......... .......... .......... .......... .......... 64% 33.6K 33s
  8350K .......... .......... .......... .......... .......... 65%  111K 33s
  8400K .......... .......... .......... .......... .......... 65% 47.1K 33s
  8450K .......... .......... .......... .......... .......... 65% 59.5K 33s
  8500K .......... .......... .......... .......... .......... 66%  197K 32s
  8550K .......... .......... .......... .......... .......... 66% 1.42M 32s
  8600K .......... .......... .......... .......... .......... 67% 1.05M 31s
  8650K .......... .......... .......... .......... .......... 67% 1.20M 31s
  8700K .......... .......... .......... .......... .......... 67% 1.33M 30s
  8750K .......... .......... .......... .......... .......... 68%  109K 30s
  8800K .......... .......... .......... .......... .......... 68%  937K 29s
  8850K .......... .......... .......... .......... .......... 69%  692K 29s
  8900K .......... .......... .......... .......... .......... 69%  192K 28s
  8950K .......... .......... .......... .......... .......... 69%  753K 28s
  9000K .......... .......... .......... .......... .......... 70%  110K 28s
  9050K .......... .......... .......... .......... .......... 70%  111K 27s
  9100K .......... .......... .......... .......... .......... 71% 46.9K 27s
  9150K .......... .......... .......... .......... .......... 71%  995K 27s
  9200K .......... .......... .......... .......... .......... 71% 15.1K 27s
  9250K .......... .......... .......... .......... .......... 72%  111K 27s
  9300K .......... .......... .......... .......... .......... 72%  202K 27s
  9350K .......... .......... .......... .......... .......... 72% 1.06M 26s
  9400K .......... .......... .......... .......... .......... 73%  110K 26s
  9450K .......... .......... .......... .......... .......... 73% 80.0K 26s
  9500K .......... .......... .......... .......... .......... 74% 2.05M 25s
  9550K .......... .......... .......... .......... .......... 74% 1.21M 25s
  9600K .......... .......... .......... .......... .......... 74%  205K 24s
  9650K .......... .......... .......... .......... .......... 75%  203K 24s
  9700K .......... .......... .......... .......... .......... 75%  197K 23s
  9750K .......... .......... .......... .......... .......... 76%  939K 23s
  9800K .......... .......... .......... .......... .......... 76% 1.17M 22s
  9850K .......... .......... .......... .......... .......... 76% 1.41M 22s
  9900K .......... .......... .......... .......... .......... 77% 29.7K 22s
  9950K .......... .......... .......... .......... .......... 77%  210K 22s
 10000K .......... .......... .......... .......... .......... 78% 34.4K 21s
 10050K .......... .......... .......... .......... .......... 78%  107K 21s
 10100K .......... .......... .......... .......... .......... 78%  186K 21s
 10150K .......... .......... .......... .......... .......... 79% 1.04M 20s
 10200K .......... .......... .......... .......... .......... 79%  178K 20s
 10250K .......... .......... .......... .......... .......... 79%  988K 19s
 10300K .......... .......... .......... .......... .......... 80%  870K 19s
 10350K .......... .......... .......... .......... .......... 80%  899K 18s
 10400K .......... .......... .......... .......... .......... 81% 38.2K 18s
 10450K .......... .......... .......... .......... .......... 81% 2.98M 18s
 10500K .......... .......... .......... .......... .......... 81% 1.24M 17s
 10550K .......... .......... .......... .......... .......... 82% 47.5K 17s
 10600K .......... .......... .......... .......... .......... 82% 1.39M 17s
 10650K .......... .......... .......... .......... .......... 83%  208K 16s
 10700K .......... .......... .......... .......... .......... 83% 1.03M 16s
 10750K .......... .......... .......... .......... .......... 83% 1.07M 15s
 10800K .......... .......... .......... .......... .......... 84% 73.6K 15s
 10850K .......... .......... .......... .......... .......... 84%  969K 15s
 10900K .......... .......... .......... .......... .......... 84%  106K 14s
 10950K .......... .......... .......... .......... .......... 85%  886K 14s
 11000K .......... .......... .......... .......... .......... 85%  114K 14s
 11050K .......... .......... .......... .......... .......... 86% 75.7K 13s
 11100K .......... .......... .......... .......... .......... 86%  862K 13s
 11150K .......... .......... .......... .......... .......... 86%  929K 12s
 11200K .......... .......... .......... .......... .......... 87%  109K 12s
 11250K .......... .......... .......... .......... .......... 87% 1.29M 12s
 11300K .......... .......... .......... .......... .......... 88%  196K 11s
 11350K .......... .......... .......... .......... .......... 88% 1.10M 11s
 11400K .......... .......... .......... .......... .......... 88% 1.06M 10s
 11450K .......... .......... .......... .......... .......... 89% 29.7K 10s
 11500K .......... .......... .......... .......... .......... 89%  217K 10s
 11550K .......... .......... .......... .......... .......... 90% 58.9K 10s
 11600K .......... .......... .......... .......... .......... 90% 75.4K 9s
 11650K .......... .......... .......... .......... .......... 90% 77.0K 9s
 11700K .......... .......... .......... .......... .......... 91%  221K 8s
 11750K .......... .......... .......... .......... .......... 91% 59.0K 8s
 11800K .......... .......... .......... .......... .......... 91%  197K 8s
 11850K .......... .......... .......... .......... .......... 92% 1.46M 7s
 11900K .......... .......... .......... .......... .......... 92% 1.02M 7s
 11950K .......... .......... .......... .......... .......... 93%  108K 7s
 12000K .......... .......... .......... .......... .......... 93%  782K 6s
 12050K .......... .......... .......... .......... .......... 93% 1.07M 6s
 12100K .......... .......... .......... .......... .......... 94%  206K 5s
 12150K .......... .......... .......... .......... .......... 94%  968K 5s
 12200K .......... .......... .......... .......... .......... 95%  763K 5s
 12250K .......... .......... .......... .......... .......... 95%  101K 4s
 12300K .......... .......... .......... .......... .......... 95% 1.25M 4s
 12350K .......... .......... .......... .......... .......... 96%  109K 4s
 12400K .......... .......... .......... .......... .......... 96% 1.29M 3s
 12450K .......... .......... .......... .......... .......... 97%  199K 3s
 12500K .......... .......... .......... .......... .......... 97%  202K 2s
 12550K .......... .......... .......... .......... .......... 97%  203K 2s
 12600K .......... .......... .......... .......... .......... 98% 1.08M 2s
 12650K .......... .......... .......... .......... .......... 98%  803K 1s
 12700K .......... .......... .......... .......... .......... 98%  208K 1s
 12750K .......... .......... .......... .......... .......... 99%  206K 1s
 12800K .......... .......... .......... .......... .......... 99%  190K 0s
 12850K .......... .......... .......... ....                 100%  138K=93s

2016-05-25 04:00:12 (139 KB/s) - ‘index.html.18’ saved [13193358/13193358]

