--2016-05-25 03:27:50--  http://10.30.50.93:8000/
Connecting to 10.30.50.93:8000... connected.
HTTP request sent, awaiting response... 200 OK
Length: 13193358 (13M) [text/html]
Saving to: ‘index.html.18’

     0K .......... .......... .......... .......... ..........  0% 1.01M 12s
    50K .......... .......... .......... .......... ..........  0% 56.5K 1m59s
   100K .......... .......... .......... .......... ..........  1%  806K 85s
   150K .......... .......... .......... .......... ..........  1%  106K 93s
   200K .......... .......... .......... .......... ..........  1%  105K 98s
   250K .......... .......... .......... .......... ..........  2%  879K 84s
   300K .......... .......... .......... .......... ..........  2%  190K 81s
   350K .......... .......... .......... .......... ..........  3%  107K 85s
   400K .......... .......... .......... .......... ..........  3%  833K 77s
   450K .......... .......... .......... .......... ..........  3% 73.2K 86s
   500K .......... .......... .......... .......... ..........  4% 71.2K 94s
   550K .......... .......... .......... .......... ..........  4%  835K 87s
   600K .......... .......... .......... .......... ..........  5%  192K 85s
   650K .......... .......... .......... .......... ..........  5%  899K 79s
   700K .......... .......... .......... .......... ..........  5% 77.5K 84s
   750K .......... .......... .......... .......... ..........  6%  112K 85s
   800K .......... .......... .......... .......... ..........  6%  182K 84s
   850K .......... .......... .......... .......... ..........  6% 57.3K 90s
   900K .......... .......... .......... .......... ..........  7%  887K 86s
   950K .......... .......... .......... .......... ..........  7% 39.5K 96s
  1000K .......... .......... .......... .......... ..........  8%  109K 97s
  1050K .......... .......... .......... .......... ..........  8%  220K 94s
  1100K .......... .......... .......... .......... ..........  8%  657K 91s
  1150K .......... .......... .......... .......... ..........  9%  104K 91s
  1200K .......... .......... .......... .......... ..........  9% 1.27M 87s
  1250K .......... .......... .......... .......... .......... 10%  110K 88s
  1300K .......... .......... .......... .......... .......... 10% 46.3K 93s
  1350K .......... .......... .......... .......... .......... 10% 59.2K 97s
  1400K .......... .......... .......... .......... .......... 11% 77.3K 98s
  1450K .......... .......... .......... .......... .......... 11%  108K 98s
  1500K .......... .......... .......... .......... .......... 12%  185K 96s
  1550K .......... .......... .......... .......... .......... 12%  213K 94s
  1600K .......... .......... .......... .......... .......... 12%  180K 93s
  1650K .......... .......... .......... .......... .......... 13%  193K 92s
  1700K .......... .......... .......... .......... .......... 13%  725K 89s
  1750K .......... .......... .......... .......... .......... 13%  807K 87s
  1800K .......... .......... .......... .......... .......... 14% 45.4K 90s
  1850K .......... .......... .......... .......... .......... 14%  835K 88s
  1900K .......... .......... .......... .......... .......... 15%  164K 87s
  1950K .......... .......... .......... .......... .......... 15%  885K 85s
  2000K .......... .......... .......... .......... .......... 15%  191K 84s
  2050K .......... .......... .......... .......... .......... 16%  799K 82s
  2100K .......... .......... .......... .......... .......... 16%  855K 80s
  2150K .......... .......... .......... .......... .......... 17%  196K 79s
  2200K .......... .......... .......... .......... .......... 17% 45.7K 82s
  2250K .......... .......... .......... .......... .......... 17%  889K 80s
  2300K .......... .......... .......... .......... .......... 18%  787K 78s
  2350K .......... .......... .......... .......... .......... 18%  111K 78s
  2400K .......... .......... .......... .......... .......... 19%  105K 78s
  2450K .......... .......... .......... .......... .......... 19%  974K 76s
  2500K .......... .......... .......... .......... .......... 19%  189K 76s
  2550K .......... .......... .......... .......... .......... 20%  191K 75s
  2600K .......... .......... .......... .......... .......... 20%  973K 73s
  2650K .......... .......... .......... .......... .......... 20%  193K 73s
  2700K .......... .......... .......... .......... .......... 21% 58.7K 74s
  2750K .......... .......... .......... .......... .......... 21%  115K 74s
  2800K .......... .......... .......... .......... .......... 22%  201K 73s
  2850K .......... .......... .......... .......... .......... 22% 73.6K 74s
  2900K .......... .......... .......... .......... .......... 22%  194K 73s
  2950K .......... .......... .......... .......... .......... 23%  853K 72s
  3000K .......... .......... .......... .......... .......... 23%  185K 71s
  3050K .......... .......... .......... .......... .......... 24%  186K 70s
  3100K .......... .......... .......... .......... .......... 24% 71.7K 71s
  3150K .......... .......... .......... .......... .......... 24% 55.2K 72s
  3200K .......... .......... .......... .......... .......... 25%  182K 72s
  3250K .......... .......... .......... .......... .......... 25% 24.0K 76s
  3300K .......... .......... .......... .......... .......... 26%  192K 76s
  3350K .......... .......... .......... .......... .......... 26%  177K 75s
  3400K .......... .......... .......... .......... .......... 26%  179K 74s
  3450K .......... .......... .......... .......... .......... 27%  866K 73s
  3500K .......... .......... .......... .......... .......... 27% 1.04M 72s
  3550K .......... .......... .......... .......... .......... 27%  104K 71s
  3600K .......... .......... .......... .......... .......... 28% 39.2K 73s
  3650K .......... .......... .......... .......... .......... 28%  226K 72s
  3700K .......... .......... .......... .......... .......... 29%  194K 72s
  3750K .......... .......... .......... .......... .......... 29%  110K 71s
  3800K .......... .......... .......... .......... .......... 29% 74.2K 72s
  3850K .......... .......... .......... .......... .......... 30% 78.9K 72s
  3900K .......... .......... .......... .......... .......... 30% 73.5K 72s
  3950K .......... .......... .......... .......... .......... 31%  686K 71s
  4000K .......... .......... .......... .......... .......... 31%  762K 70s
  4050K .......... .......... .......... .......... .......... 31%  707K 69s
  4100K .......... .......... .......... .......... .......... 32%  830K 68s
  4150K .......... .......... .......... .......... .......... 32%  109K 67s
  4200K .......... .......... .......... .......... .......... 32%  104K 67s
  4250K .......... .......... .......... .......... .......... 33%  720K 66s
  4300K .......... .......... .......... .......... .......... 33% 74.6K 66s
  4350K .......... .......... .......... .......... .......... 34%  189K 66s
  4400K .......... .......... .......... .......... .......... 34%  924K 65s
  4450K .......... .......... .......... .......... .......... 34% 72.3K 65s
  4500K .......... .......... .......... .......... .......... 35%  111K 65s
  4550K .......... .......... .......... .......... .......... 35%  179K 64s
  4600K .......... .......... .......... .......... .......... 36%  197K 63s
  4650K .......... .......... .......... .......... .......... 36%  192K 63s
  4700K .......... .......... .......... .......... .......... 36% 70.1K 63s
  4750K .......... .......... .......... .......... .......... 37% 57.9K 63s
  4800K .......... .......... .......... .......... .......... 37%  191K 63s
  4850K .......... .......... .......... .......... .......... 38% 74.8K 63s
  4900K .......... .......... .......... .......... .......... 38% 75.6K 63s
  4950K .......... .......... .......... .......... .......... 38%  203K 62s
  5000K .......... .......... .......... .......... .......... 39% 56.8K 63s
  5050K .......... .......... .......... .......... .......... 39% 74.3K 63s
  5100K .......... .......... .......... .......... .......... 39%  790K 62s
  5150K .......... .......... .......... .......... .......... 40%  180K 61s
  5200K .......... .......... .......... .......... .......... 40%  182K 61s
  5250K .......... .......... .......... .......... .......... 41%  784K 60s
  5300K .......... .......... .......... .......... .......... 41%  771K 59s
  5350K .......... .......... .......... .......... .......... 41%  192K 58s
  5400K .......... .......... .......... .......... .......... 42%  193K 58s
  5450K .......... .......... .......... .......... .......... 42% 1.04M 57s
  5500K .......... .......... .......... .......... .......... 43% 75.4K 57s
  5550K .......... .......... .......... .......... .......... 43% 46.7K 57s
  5600K .......... .......... .......... .......... .......... 43% 75.8K 57s
  5650K .......... .......... .......... .......... .......... 44%  183K 57s
  5700K .......... .......... .......... .......... .......... 44% 58.0K 57s
  5750K .......... .......... .......... .......... .......... 45%  109K 57s
  5800K .......... .......... .......... .......... .......... 45% 72.7K 57s
  5850K .......... .......... .......... .......... .......... 45%  108K 56s
  5900K .......... .......... .......... .......... .......... 46%  767K 55s
  5950K .......... .......... .......... .......... .......... 46% 46.1K 56s
  6000K .......... .......... .......... .......... .......... 46% 1.08M 55s
  6050K .......... .......... .......... .......... .......... 47% 15.1K 58s
  6100K .......... .......... .......... .......... .......... 47%  179K 57s
  6150K .......... .......... .......... .......... .......... 48%  943K 56s
  6200K .......... .......... .......... .......... .......... 48%  790K 56s
  6250K .......... .......... .......... .......... .......... 48%  182K 55s
  6300K .......... .......... .......... .......... .......... 49%  203K 54s
  6350K .......... .......... .......... .......... .......... 49%  107K 54s
  6400K .......... .......... .......... .......... .......... 50% 1.07M 53s
  6450K .......... .......... .......... .......... .......... 50%  196K 53s
  6500K .......... .......... .......... .......... .......... 50%  199K 52s
  6550K .......... .......... .......... .......... .......... 51%  896K 51s
  6600K .......... .......... .......... .......... .......... 51%  741K 51s
  6650K .......... .......... .......... .......... .......... 52% 75.1K 51s
  6700K .......... .......... .......... .......... .......... 52%  191K 50s
  6750K .......... .......... .......... .......... .......... 52%  196K 49s
  6800K .......... .......... .......... .......... .......... 53%  106K 49s
  6850K .......... .......... .......... .......... .......... 53%  681K 48s
  6900K .......... .......... .......... .......... .......... 53%  925K 48s
  6950K .......... .......... .......... .......... .......... 54%  104K 47s
  7000K .......... .......... .......... .......... .......... 54% 75.6K 47s
  7050K .......... .......... .......... .......... .......... 55%  108K 47s
  7100K .......... .......... .......... .......... .......... 55%  670K 46s
  7150K .......... .......... .......... .......... .......... 55%  107K 46s
  7200K .......... .......... .......... .......... .......... 56%  177K 45s
  7250K .......... .......... .......... .......... .......... 56%  923K 45s
  7300K .......... .......... .......... .......... .......... 57%  740K 44s
  7350K .......... .......... .......... .......... .......... 57% 26.3K 45s
  7400K .......... .......... .......... .......... .......... 57% 74.1K 44s
  7450K .......... .......... .......... .......... .......... 58% 46.9K 45s
  7500K .......... .......... .......... .......... .......... 58% 46.3K 45s
  7550K .......... .......... .......... .......... .......... 58%  175K 44s
  7600K .......... .......... .......... .......... .......... 59%  964K 43s
  7650K .......... .......... .......... .......... .......... 59%  844K 43s
  7700K .......... .......... .......... .......... .......... 60% 29.2K 43s
  7750K .......... .......... .......... .......... .......... 60% 46.4K 43s
  7800K .......... .......... .......... .......... .......... 60%  183K 43s
  7850K .......... .......... .......... .......... .......... 61% 74.8K 42s
  7900K .......... .......... .......... .......... .......... 61% 26.6K 43s
  7950K .......... .......... .......... .......... .......... 62% 1.17M 42s
  8000K .......... .......... .......... .......... .......... 62%  897K 42s
  8050K .......... .......... .......... .......... .......... 62%  706K 41s
  8100K .......... .......... .......... .......... .......... 63%  186K 40s
  8150K .......... .......... .......... .......... .......... 63%  980K 40s
  8200K .......... .......... .......... .......... .......... 64%  183K 39s
  8250K .......... .......... .......... .......... .......... 64%  183K 39s
  8300K .......... .......... .......... .......... .......... 64%  798K 38s
  8350K .......... .......... .......... .......... .......... 65%  875K 38s
  8400K .......... .......... .......... .......... .......... 65%  183K 37s
  8450K .......... .......... .......... .......... .......... 65%  906K 36s
  8500K .......... .......... .......... .......... .......... 66%  804K 36s
  8550K .......... .......... .......... .......... .......... 66% 74.4K 36s
  8600K .......... .......... .......... .......... .......... 67%  108K 35s
  8650K .......... .......... .......... .......... .......... 67%  201K 35s
  8700K .......... .......... .......... .......... .......... 67%  727K 34s
  8750K .......... .......... .......... .......... .......... 68% 74.2K 34s
  8800K .......... .......... .......... .......... .......... 68%  193K 33s
  8850K .......... .......... .......... .......... .......... 69%  109K 33s
  8900K .......... .......... .......... .......... .......... 69%  684K 32s
  8950K .......... .......... .......... .......... .......... 69%  180K 32s
  9000K .......... .......... .......... .......... .......... 70%  190K 31s
  9050K .......... .......... .......... .......... .......... 70%  106K 31s
  9100K .......... .......... .......... .......... .......... 71%  108K 31s
  9150K .......... .......... .......... .......... .......... 71% 75.3K 30s
  9200K .......... .......... .......... .......... .......... 71%  732K 30s
  9250K .......... .......... .......... .......... .......... 72%  185K 29s
  9300K .......... .......... .......... .......... .......... 72%  706K 29s
  9350K .......... .......... .......... .......... .......... 72%  184K 28s
  9400K .......... .......... .......... .......... .......... 73%  998K 28s
  9450K .......... .......... .......... .......... .......... 73%  546K 27s
  9500K .......... .......... .......... .......... .......... 74% 75.0K 27s
  9550K .......... .......... .......... .......... .......... 74%  200K 27s
  9600K .......... .......... .......... .......... .......... 74% 56.5K 26s
  9650K .......... .......... .......... .......... .......... 75%  965K 26s
  9700K .......... .......... .......... .......... .......... 75%  754K 25s
  9750K .......... .......... .......... .......... .......... 76%  996K 25s
  9800K .......... .......... .......... .......... .......... 76%  182K 24s
  9850K .......... .......... .......... .......... .......... 76%  185K 24s
  9900K .......... .......... .......... .......... .......... 77%  107K 23s
  9950K .......... .......... .......... .......... .......... 77%  918K 23s
 10000K .......... .......... .......... .......... .......... 78%  809K 22s
 10050K .......... .......... .......... .......... .......... 78%  199K 22s
 10100K .......... .......... .......... .......... .......... 78%  187K 22s
 10150K .......... .......... .......... .......... .......... 79%  188K 21s
 10200K .......... .......... .......... .......... .......... 79%  936K 21s
 10250K .......... .......... .......... .......... .......... 79%  110K 20s
 10300K .......... .......... .......... .......... .......... 80%  194K 20s
 10350K .......... .......... .......... .......... .......... 80% 1015K 19s
 10400K .......... .......... .......... .......... .......... 81%  842K 19s
 10450K .......... .......... .......... .......... .......... 81%  194K 19s
 10500K .......... .......... .......... .......... .......... 81%  180K 18s
 10550K .......... .......... .......... .......... .......... 82%  868K 18s
 10600K .......... .......... .......... .......... .......... 82%  174K 17s
 10650K .......... .......... .......... .......... .......... 83%  190K 17s
 10700K .......... .......... .......... .......... .......... 83%  107K 16s
 10750K .......... .......... .......... .......... .......... 83%  187K 16s
 10800K .......... .......... .......... .......... .......... 84%  943K 16s
 10850K .......... .......... .......... .......... .......... 84%  104K 15s
 10900K .......... .......... .......... .......... .......... 84%  110K 15s
 10950K .......... .......... .......... .......... .......... 85%  663K 14s
 11000K .......... .......... .......... .......... .......... 85%  799K 14s
 11050K .......... .......... .......... .......... .......... 86%  726K 14s
 11100K .......... .......... .......... .......... .......... 86%  921K 13s
 11150K .......... .......... .......... .......... .......... 86%  947K 13s
 11200K .......... .......... .......... .......... .......... 87%  968K 12s
 11250K .......... .......... .......... .......... .......... 87%  643K 12s
 11300K .......... .......... .......... .......... .......... 88%  923K 11s
 11350K .......... .......... .......... .......... .......... 88%  186K 11s
 11400K .......... .......... .......... .......... .......... 88% 55.5K 11s
 11450K .......... .......... .......... .......... .......... 89%  201K 10s
 11500K .......... .......... .......... .......... .......... 89%  904K 10s
 11550K .......... .......... .......... .......... .......... 90%  197K 10s
 11600K .......... .......... .......... .......... .......... 90%  789K 9s
 11650K .......... .......... .......... .......... .......... 90%  803K 9s
 11700K .......... .......... .......... .......... .......... 91%  944K 8s
 11750K .......... .......... .......... .......... .......... 91%  196K 8s
 11800K .......... .......... .......... .......... .......... 91%  692K 8s
 11850K .......... .......... .......... .......... .......... 92%  189K 7s
 11900K .......... .......... .......... .......... .......... 92%  886K 7s
 11950K .......... .......... .......... .......... .......... 93%  787K 6s
 12000K .......... .......... .......... .......... .......... 93%  180K 6s
 12050K .......... .......... .......... .......... .......... 93% 55.7K 6s
 12100K .......... .......... .......... .......... .......... 94%  186K 5s
 12150K .......... .......... .......... .......... .......... 94%  176K 5s
 12200K .......... .......... .......... .......... .......... 95%  188K 5s
 12250K .......... .......... .......... .......... .......... 95%  107K 4s
 12300K .......... .......... .......... .......... .......... 95%  108K 4s
 12350K .......... .......... .......... .......... .......... 96%  192K 4s
 12400K .......... .......... .......... .......... .......... 96%  891K 3s
 12450K .......... .......... .......... .......... .......... 97%  191K 3s
 12500K .......... .......... .......... .......... .......... 97%  190K 2s
 12550K .......... .......... .......... .......... .......... 97%  903K 2s
 12600K .......... .......... .......... .......... .......... 98% 56.6K 2s
 12650K .......... .......... .......... .......... .......... 98%  197K 1s
 12700K .......... .......... .......... .......... .......... 98%  729K 1s
 12750K .......... .......... .......... .......... .......... 99%  733K 1s
 12800K .......... .......... .......... .......... .......... 99%  189K 0s
 12850K .......... .......... .......... ....                 100%  762K=93s

2016-05-25 03:29:23 (139 KB/s) - ‘index.html.18’ saved [13193358/13193358]

