--2016-05-25 00:40:48--  http://10.30.50.93:8000/
Connecting to 10.30.50.93:8000... connected.
HTTP request sent, awaiting response... 200 OK
Length: 13193358 (13M) [text/html]
Saving to: ‘index.html.17’

     0K .......... .......... .......... .......... ..........  0% 50.8K 4m13s
    50K .......... .......... .......... .......... ..........  0% 33.9K 5m14s
   100K .......... .......... .......... .......... ..........  1% 88.6K 4m17s
   150K .......... .......... .......... .......... ..........  1% 59.5K 4m5s
   200K .......... .......... .......... .......... ..........  1% 37.2K 4m23s
   250K .......... .......... .......... .......... ..........  2%  119K 3m56s
   300K .......... .......... .......... .......... ..........  2% 37.5K 4m9s
   350K .......... .......... .......... .......... ..........  3% 60.4K 4m3s
   400K .......... .......... .......... .......... ..........  3%  104K 3m48s
   450K .......... .......... .......... .......... ..........  3% 99.1K 3m37s
   500K .......... .......... .......... .......... ..........  4% 99.1K 3m28s
   550K .......... .......... .......... .......... ..........  4% 69.5K 3m25s
   600K .......... .......... .......... .......... ..........  5% 64.1K 3m23s
   650K .......... .......... .......... .......... ..........  5% 34.7K 3m33s
   700K .......... .......... .......... .......... ..........  5% 34.4K 3m41s
   750K .......... .......... .......... .......... ..........  6% 52.8K 3m41s
   800K .......... .......... .......... .......... ..........  6% 68.3K 3m37s
   850K .......... .......... .......... .......... ..........  6% 73.1K 3m33s
   900K .......... .......... .......... .......... ..........  7% 70.7K 3m30s
   950K .......... .......... .......... .......... ..........  7% 77.1K 3m27s
  1000K .......... .......... .......... .......... ..........  8% 96.8K 3m22s
  1050K .......... .......... .......... .......... ..........  8%  110K 3m17s
  1100K .......... .......... .......... .......... ..........  8% 96.9K 3m13s
  1150K .......... .......... .......... .......... ..........  9% 40.5K 3m16s
  1200K .......... .......... .......... .......... ..........  9% 58.7K 3m15s
  1250K .......... .......... .......... .......... .......... 10% 77.2K 3m13s
  1300K .......... .......... .......... .......... .......... 10% 70.6K 3m11s
  1350K .......... .......... .......... .......... .......... 10% 47.4K 3m12s
  1400K .......... .......... .......... .......... .......... 11%  104K 3m8s
  1450K .......... .......... .......... .......... .......... 11% 32.1K 3m13s
  1500K .......... .......... .......... .......... .......... 12% 50.8K 3m13s
  1550K .......... .......... .......... .......... .......... 12% 59.5K 3m12s
  1600K .......... .......... .......... .......... .......... 12%  102K 3m9s
  1650K .......... .......... .......... .......... .......... 13%  102K 3m6s
  1700K .......... .......... .......... .......... .......... 13% 62.2K 3m5s
  1750K .......... .......... .......... .......... .......... 13% 77.2K 3m3s
  1800K .......... .......... .......... .......... .......... 14% 69.5K 3m1s
  1850K .......... .......... .......... .......... .......... 14% 85.0K 2m59s
  1900K .......... .......... .......... .......... .......... 15% 61.3K 2m58s
  1950K .......... .......... .......... .......... .......... 15% 85.1K 2m56s
  2000K .......... .......... .......... .......... .......... 15% 23.0K 3m3s
  2050K .......... .......... .......... .......... .......... 16% 64.1K 3m1s
  2100K .......... .......... .......... .......... .......... 16% 73.1K 3m0s
  2150K .......... .......... .......... .......... .......... 17% 33.9K 3m2s
  2200K .......... .......... .......... .......... .......... 17% 57.9K 3m1s
  2250K .......... .......... .......... .......... .......... 17% 38.9K 3m2s
  2300K .......... .......... .......... .......... .......... 18% 43.9K 3m3s
  2350K .......... .......... .......... .......... .......... 18% 92.6K 3m1s
  2400K .......... .......... .......... .......... .......... 19% 41.7K 3m1s
  2450K .......... .......... .......... .......... .......... 19% 46.8K 3m1s
  2500K .......... .......... .......... .......... .......... 19% 18.9K 3m7s
  2550K .......... .......... .......... .......... .......... 20% 64.1K 3m6s
  2600K .......... .......... .......... .......... .......... 20% 92.7K 3m4s
  2650K .......... .......... .......... .......... .......... 20% 58.7K 3m3s
  2700K .......... .......... .......... .......... .......... 21% 26.4K 3m5s
  2750K .......... .......... .......... .......... .......... 21% 55.6K 3m4s
  2800K .......... .......... .......... .......... .......... 22% 61.2K 3m3s
  2850K .......... .......... .......... .......... .......... 22%  104K 3m1s
  2900K .......... .......... .......... .......... .......... 22%  110K 2m58s
  2950K .......... .......... .......... .......... .......... 23% 64.1K 2m57s
  3000K .......... .......... .......... .......... .......... 23% 73.1K 2m55s
  3050K .......... .......... .......... .......... .......... 24% 62.2K 2m54s
  3100K .......... .......... .......... .......... .......... 24% 97.1K 2m52s
  3150K .......... .......... .......... .......... .......... 24% 70.6K 2m51s
  3200K .......... .......... .......... .......... .......... 25% 68.3K 2m50s
  3250K .......... .......... .......... .......... .......... 25% 61.3K 2m48s
  3300K .......... .......... .......... .......... .......... 26% 86.8K 2m47s
  3350K .......... .......... .......... .......... .......... 26% 54.8K 2m46s
  3400K .......... .......... .......... .......... .......... 26% 90.5K 2m44s
  3450K .......... .......... .......... .......... .......... 27% 64.2K 2m43s
  3500K .......... .......... .......... .......... .......... 27% 96.8K 2m41s
  3550K .......... .......... .......... .......... .......... 27% 40.1K 2m41s
  3600K .......... .......... .......... .......... .......... 28% 39.7K 2m42s
  3650K .......... .......... .......... .......... .......... 28%  115K 2m40s
  3700K .......... .......... .......... .......... .......... 29% 92.7K 2m38s
  3750K .......... .......... .......... .......... .......... 29% 67.2K 2m37s
  3800K .......... .......... .......... .......... .......... 29% 52.7K 2m36s
  3850K .......... .......... .......... .......... .......... 30% 39.7K 2m36s
  3900K .......... .......... .......... .......... .......... 30%  104K 2m34s
  3950K .......... .......... .......... .......... .......... 31% 85.1K 2m33s
  4000K .......... .......... .......... .......... .......... 31% 71.9K 2m32s
  4050K .......... .......... .......... .......... .......... 31% 66.1K 2m31s
  4100K .......... .......... .......... .......... .......... 32% 78.6K 2m29s
  4150K .......... .......... .......... .......... .......... 32% 37.5K 2m29s
  4200K .......... .......... .......... .......... .......... 32%  123K 2m28s
  4250K .......... .......... .......... .......... .......... 33% 83.3K 2m26s
  4300K .......... .......... .......... .......... .......... 33% 60.3K 2m25s
  4350K .......... .......... .......... .......... .......... 34% 67.2K 2m24s
  4400K .......... .......... .......... .......... .......... 34% 47.9K 2m24s
  4450K .......... .......... .......... .......... .......... 34% 70.6K 2m23s
  4500K .......... .......... .......... .......... .......... 35% 94.6K 2m21s
  4550K .......... .......... .......... .......... .......... 35% 70.7K 2m20s
  4600K .......... .......... .......... .......... .......... 36% 88.5K 2m19s
  4650K .......... .......... .......... .......... .......... 36% 77.2K 2m18s
  4700K .......... .......... .......... .......... .......... 36% 92.6K 2m16s
  4750K .......... .......... .......... .......... .......... 37% 65.1K 2m15s
  4800K .......... .......... .......... .......... .......... 37%  104K 2m14s
  4850K .......... .......... .......... .......... .......... 38% 54.8K 2m13s
  4900K .......... .......... .......... .......... .......... 38% 50.8K 2m13s
  4950K .......... .......... .......... .......... .......... 38% 65.1K 2m12s
  5000K .......... .......... .......... .......... .......... 39% 55.5K 2m11s
  5050K .......... .......... .......... .......... .......... 39% 92.5K 2m10s
  5100K .......... .......... .......... .......... .......... 39% 37.9K 2m10s
  5150K .......... .......... .......... .......... .......... 40% 50.8K 2m9s
  5200K .......... .......... .......... .......... .......... 40% 54.8K 2m8s
  5250K .......... .......... .......... .......... .......... 41% 59.5K 2m7s
  5300K .......... .......... .......... .......... .......... 41%  116K 2m6s
  5350K .......... .......... .......... .......... .......... 41%  113K 2m5s
  5400K .......... .......... .......... .......... .......... 42% 45.3K 2m4s
  5450K .......... .......... .......... .......... .......... 42% 85.1K 2m3s
  5500K .......... .......... .......... .......... .......... 43% 96.8K 2m2s
  5550K .......... .......... .......... .......... .......... 43% 90.6K 2m0s
  5600K .......... .......... .......... .......... .......... 43% 63.1K 2m0s
  5650K .......... .......... .......... .......... .......... 44%  110K 1m58s
  5700K .......... .......... .......... .......... .......... 44% 88.6K 1m57s
  5750K .......... .......... .......... .......... .......... 45%  116K 1m56s
  5800K .......... .......... .......... .......... .......... 45% 57.1K 1m55s
  5850K .......... .......... .......... .......... .......... 45% 64.1K 1m54s
  5900K .......... .......... .......... .......... .......... 46% 92.7K 1m53s
  5950K .......... .......... .......... .......... .......... 46% 27.8K 1m53s
  6000K .......... .......... .......... .......... .......... 46% 54.2K 1m53s
  6050K .......... .......... .......... .......... .......... 47% 33.1K 1m53s
  6100K .......... .......... .......... .......... .......... 47% 85.0K 1m52s
  6150K .......... .......... .......... .......... .......... 48% 99.2K 1m50s
  6200K .......... .......... .......... .......... .......... 48% 33.3K 1m50s
  6250K .......... .......... .......... .......... .......... 48% 90.7K 1m49s
  6300K .......... .......... .......... .......... .......... 49% 94.6K 1m48s
  6350K .......... .......... .......... .......... .......... 49% 69.5K 1m47s
  6400K .......... .......... .......... .......... .......... 50% 94.6K 1m46s
  6450K .......... .......... .......... .......... .......... 50% 34.4K 1m46s
  6500K .......... .......... .......... .......... .......... 50% 94.8K 1m45s
  6550K .......... .......... .......... .......... .......... 51% 64.1K 1m44s
  6600K .......... .......... .......... .......... .......... 51% 86.8K 1m43s
  6650K .......... .......... .......... .......... .......... 52% 67.1K 1m42s
  6700K .......... .......... .......... .......... .......... 52% 58.7K 1m41s
  6750K .......... .......... .......... .......... .......... 52% 86.8K 1m40s
  6800K .......... .......... .......... .......... .......... 53%  104K 99s
  6850K .......... .......... .......... .......... .......... 53% 67.3K 98s
  6900K .......... .......... .......... .......... .......... 53% 96.9K 97s
  6950K .......... .......... .......... .......... .......... 54% 64.1K 96s
  7000K .......... .......... .......... .......... .......... 54% 96.9K 95s
  7050K .......... .......... .......... .......... .......... 55% 38.9K 95s
  7100K .......... .......... .......... .......... .......... 55%  104K 93s
  7150K .......... .......... .......... .......... .......... 55% 69.4K 93s
  7200K .......... .......... .......... .......... .......... 56% 90.6K 92s
  7250K .......... .......... .......... .......... .......... 56% 57.9K 91s
  7300K .......... .......... .......... .......... .......... 57% 56.3K 90s
  7350K .......... .......... .......... .......... .......... 57% 43.4K 89s
  7400K .......... .......... .......... .......... .......... 57% 51.4K 89s
  7450K .......... .......... .......... .......... .......... 58% 99.2K 88s
  7500K .......... .......... .......... .......... .......... 58%  116K 87s
  7550K .......... .......... .......... .......... .......... 58% 64.2K 86s
  7600K .......... .......... .......... .......... .......... 59% 32.0K 85s
  7650K .......... .......... .......... .......... .......... 59% 43.9K 85s
  7700K .......... .......... .......... .......... .......... 60%  102K 84s
  7750K .......... .......... .......... .......... .......... 60% 32.3K 84s
  7800K .......... .......... .......... .......... .......... 60% 90.5K 83s
  7850K .......... .......... .......... .......... .......... 61% 63.2K 82s
  7900K .......... .......... .......... .......... .......... 61% 70.6K 81s
  7950K .......... .......... .......... .......... .......... 62% 92.5K 80s
  8000K .......... .......... .......... .......... .......... 62% 94.7K 79s
  8050K .......... .......... .......... .......... .......... 62% 66.2K 78s
  8100K .......... .......... .......... .......... .......... 63% 54.8K 77s
  8150K .......... .......... .......... .......... .......... 63%  149K 76s
  8200K .......... .......... .......... .......... .......... 64% 32.6K 76s
  8250K .......... .......... .......... .......... .......... 64% 92.7K 75s
  8300K .......... .......... .......... .......... .......... 64% 59.5K 74s
  8350K .......... .......... .......... .......... .......... 65%  104K 73s
  8400K .......... .......... .......... .......... .......... 65% 29.8K 73s
  8450K .......... .......... .......... .......... .......... 65%  110K 72s
  8500K .......... .......... .......... .......... .......... 66% 77.2K 71s
  8550K .......... .......... .......... .......... .......... 66% 86.8K 70s
  8600K .......... .......... .......... .......... .......... 67% 62.2K 69s
  8650K .......... .......... .......... .......... .......... 67% 33.3K 68s
  8700K .......... .......... .......... .......... .......... 67% 81.7K 68s
  8750K .......... .......... .......... .......... .......... 68% 96.9K 67s
  8800K .......... .......... .......... .......... .......... 68% 90.5K 66s
  8850K .......... .......... .......... .......... .......... 69%  107K 65s
  8900K .......... .......... .......... .......... .......... 69%  109K 64s
  8950K .......... .......... .......... .......... .......... 69% 85.1K 63s
  9000K .......... .......... .......... .......... .......... 70% 60.4K 62s
  9050K .......... .......... .......... .......... .......... 70%  110K 61s
  9100K .......... .......... .......... .......... .......... 71% 69.5K 60s
  9150K .......... .......... .......... .......... .......... 71% 42.1K 60s
  9200K .......... .......... .......... .......... .......... 71%  104K 59s
  9250K .......... .......... .......... .......... .......... 72% 65.1K 58s
  9300K .......... .......... .......... .......... .......... 72% 20.5K 58s
  9350K .......... .......... .......... .......... .......... 72% 39.3K 57s
  9400K .......... .......... .......... .......... .......... 73% 42.5K 56s
  9450K .......... .......... .......... .......... .......... 73%  155K 55s
  9500K .......... .......... .......... .......... .......... 74% 44.3K 55s
  9550K .......... .......... .......... .......... .......... 74% 67.3K 54s
  9600K .......... .......... .......... .......... .......... 74% 88.5K 53s
  9650K .......... .......... .......... .......... .......... 75%  104K 52s
  9700K .......... .......... .......... .......... .......... 75% 99.2K 51s
  9750K .......... .......... .......... .......... .......... 76% 56.3K 50s
  9800K .......... .......... .......... .......... .......... 76% 71.9K 49s
  9850K .......... .......... .......... .......... .......... 76% 38.9K 49s
  9900K .......... .......... .......... .......... .......... 77% 38.9K 48s
  9950K .......... .......... .......... .......... .......... 77%  149K 47s
 10000K .......... .......... .......... .......... .......... 78% 65.1K 46s
 10050K .......... .......... .......... .......... .......... 78% 30.4K 46s
 10100K .......... .......... .......... .......... .......... 78% 90.6K 45s
 10150K .......... .......... .......... .......... .......... 79%  130K 44s
 10200K .......... .......... .......... .......... .......... 79% 60.4K 43s
 10250K .......... .......... .......... .......... .......... 79% 63.1K 42s
 10300K .......... .......... .......... .......... .......... 80% 61.3K 41s
 10350K .......... .......... .......... .......... .......... 80%  110K 40s
 10400K .......... .......... .......... .......... .......... 81% 92.6K 40s
 10450K .......... .......... .......... .......... .......... 81% 37.5K 39s
 10500K .......... .......... .......... .......... .......... 81% 49.0K 38s
 10550K .......... .......... .......... .......... .......... 82% 16.6K 38s
 10600K .......... .......... .......... .......... .......... 82%  110K 37s
 10650K .......... .......... .......... .......... .......... 83% 97.0K 36s
 10700K .......... .......... .......... .......... .......... 83% 68.3K 35s
 10750K .......... .......... .......... .......... .......... 83% 60.4K 34s
 10800K .......... .......... .......... .......... .......... 84% 41.7K 34s
 10850K .......... .......... .......... .......... .......... 84% 67.2K 33s
 10900K .......... .......... .......... .......... .......... 84% 54.1K 32s
 10950K .......... .......... .......... .......... .......... 85% 70.6K 31s
 11000K .......... .......... .......... .......... .......... 85% 66.1K 30s
 11050K .......... .......... .......... .......... .......... 86% 69.4K 29s
 11100K .......... .......... .......... .......... .......... 86% 43.4K 29s
 11150K .......... .......... .......... .......... .......... 86% 96.9K 28s
 11200K .......... .......... .......... .......... .......... 87% 68.3K 27s
 11250K .......... .......... .......... .......... .......... 87% 62.2K 26s
 11300K .......... .......... .......... .......... .......... 88% 68.3K 25s
 11350K .......... .......... .......... .......... .......... 88% 65.1K 24s
 11400K .......... .......... .......... .......... .......... 88% 59.6K 24s
 11450K .......... .......... .......... .......... .......... 89% 53.4K 23s
 11500K .......... .......... .......... .......... .......... 89%  110K 22s
 11550K .......... .......... .......... .......... .......... 90% 94.7K 21s
 11600K .......... .......... .......... .......... .......... 90% 70.6K 20s
 11650K .......... .......... .......... .......... .......... 90% 52.1K 19s
 11700K .......... .......... .......... .......... .......... 91% 80.2K 19s
 11750K .......... .......... .......... .......... .......... 91% 62.2K 18s
 11800K .......... .......... .......... .......... .......... 91% 49.0K 17s
 11850K .......... .......... .......... .......... .......... 92% 49.6K 16s
 11900K .......... .......... .......... .......... .......... 92% 73.1K 15s
 11950K .......... .......... .......... .......... .......... 93% 38.9K 15s
 12000K .......... .......... .......... .......... .......... 93% 96.9K 14s
 12050K .......... .......... .......... .......... .......... 93% 43.4K 13s
 12100K .......... .......... .......... .......... .......... 94% 68.3K 12s
 12150K .......... .......... .......... .......... .......... 94% 86.8K 11s
 12200K .......... .......... .......... .......... .......... 95% 78.6K 10s
 12250K .......... .......... .......... .......... .......... 95% 78.6K 10s
 12300K .......... .......... .......... .......... .......... 95% 97.0K 9s
 12350K .......... .......... .......... .......... .......... 96% 58.7K 8s
 12400K .......... .......... .......... .......... .......... 96%  110K 7s
 12450K .......... .......... .......... .......... .......... 97% 54.1K 6s
 12500K .......... .......... .......... .......... .......... 97% 46.3K 5s
 12550K .......... .......... .......... .......... .......... 97%  245K 5s
 12600K .......... .......... .......... .......... .......... 98% 73.1K 4s
 12650K .......... .......... .......... .......... .......... 98% 53.4K 3s
 12700K .......... .......... .......... .......... .......... 98% 92.7K 2s
 12750K .......... .......... .......... .......... .......... 99% 29.8K 1s
 12800K .......... .......... .......... .......... .......... 99% 46.8K 1s
 12850K .......... .......... .......... ....                 100%  142K=3m31s

2016-05-25 00:44:19 (61.1 KB/s) - ‘index.html.17’ saved [13193358/13193358]

