--2016-05-25 01:35:24--  http://10.30.50.93:8000/
Connecting to 10.30.50.93:8000... connected.
HTTP request sent, awaiting response... 200 OK
Length: 13193358 (13M) [text/html]
Saving to: ‘index.html.1’

     0K .......... .......... .......... .......... ..........  0%  238K 54s
    50K .......... .......... .......... .......... ..........  0%  239K 54s
   100K .......... .......... .......... .......... ..........  1%  232K 54s
   150K .......... .......... .......... .......... ..........  1%  238K 54s
   200K .......... .......... .......... .......... ..........  1%  238K 53s
   250K .......... .......... .......... .......... ..........  2%  231K 53s
   300K .......... .......... .......... .......... ..........  2%  238K 53s
   350K .......... .......... .......... .......... ..........  3%  238K 53s
   400K .......... .......... .......... .......... ..........  3%  231K 53s
   450K .......... .......... .......... .......... ..........  3%  237K 52s
   500K .......... .......... .......... .......... ..........  4%  232K 52s
   550K .......... .......... .......... .......... ..........  4%  238K 52s
   600K .......... .......... .......... .......... ..........  5%  238K 52s
   650K .......... .......... .......... .......... ..........  5%  232K 52s
   700K .......... .......... .......... .......... ..........  5%  237K 51s
   750K .......... .......... .......... .......... ..........  6%  238K 51s
   800K .......... .......... .......... .......... ..........  6%  231K 51s
   850K .......... .......... .......... .......... ..........  6%  238K 51s
   900K .......... .......... .......... .......... ..........  7%  238K 51s
   950K .......... .......... .......... .......... ..........  7%  231K 50s
  1000K .......... .......... .......... .......... ..........  8%  239K 50s
  1050K .......... .......... .......... .......... ..........  8%  232K 50s
  1100K .......... .......... .......... .......... ..........  8%  238K 50s
  1150K .......... .......... .......... .......... ..........  9%  238K 50s
  1200K .......... .......... .......... .......... ..........  9%  231K 49s
  1250K .......... .......... .......... .......... .......... 10%  239K 49s
  1300K .......... .......... .......... .......... .......... 10%  238K 49s
  1350K .......... .......... .......... .......... .......... 10%  231K 49s
  1400K .......... .......... .......... .......... .......... 11%  239K 48s
  1450K .......... .......... .......... .......... .......... 11%  238K 48s
  1500K .......... .......... .......... .......... .......... 12%  231K 48s
  1550K .......... .......... .......... .......... .......... 12%  237K 48s
  1600K .......... .......... .......... .......... .......... 12%  239K 48s
  1650K .......... .......... .......... .......... .......... 13%  231K 47s
  1700K .......... .......... .......... .......... .......... 13%  238K 47s
  1750K .......... .......... .......... .......... .......... 13%  232K 47s
  1800K .......... .......... .......... .......... .......... 14%  239K 47s
  1850K .......... .......... .......... .......... .......... 14%  238K 47s
  1900K .......... .......... .......... .......... .......... 15%  231K 46s
  1950K .......... .......... .......... .......... .......... 15%  238K 46s
  2000K .......... .......... .......... .......... .......... 15%  238K 46s
  2050K .......... .......... .......... .......... .......... 16%  232K 46s
  2100K .......... .......... .......... .......... .......... 16%  237K 46s
  2150K .......... .......... .......... .......... .......... 17%  239K 45s
  2200K .......... .......... .......... .......... .......... 17%  231K 45s
  2250K .......... .......... .......... .......... .......... 17%  238K 45s
  2300K .......... .......... .......... .......... .......... 18%  238K 45s
  2350K .......... .......... .......... .......... .......... 18%  231K 44s
  2400K .......... .......... .......... .......... .......... 19%  238K 44s
  2450K .......... .......... .......... .......... .......... 19%  231K 44s
  2500K .......... .......... .......... .......... .......... 19%  238K 44s
  2550K .......... .......... .......... .......... .......... 20%  239K 44s
  2600K .......... .......... .......... .......... .......... 20%  231K 43s
  2650K .......... .......... .......... .......... .......... 20%  238K 43s
  2700K .......... .......... .......... .......... .......... 21%  238K 43s
  2750K .......... .......... .......... .......... .......... 21%  231K 43s
  2800K .......... .......... .......... .......... .......... 22%  238K 43s
  2850K .......... .......... .......... .......... .......... 22%  239K 42s
  2900K .......... .......... .......... .......... .......... 22%  231K 42s
  2950K .......... .......... .......... .......... .......... 23%  238K 42s
  3000K .......... .......... .......... .......... .......... 23%  231K 42s
  3050K .......... .......... .......... .......... .......... 24%  239K 42s
  3100K .......... .......... .......... .......... .......... 24%  238K 41s
  3150K .......... .......... .......... .......... .......... 24%  231K 41s
  3200K .......... .......... .......... .......... .......... 25%  238K 41s
  3250K .......... .......... .......... .......... .......... 25%  238K 41s
  3300K .......... .......... .......... .......... .......... 26%  231K 40s
  3350K .......... .......... .......... .......... .......... 26%  238K 40s
  3400K .......... .......... .......... .......... .......... 26%  238K 40s
  3450K .......... .......... .......... .......... .......... 27%  231K 40s
  3500K .......... .......... .......... .......... .......... 27%  238K 40s
  3550K .......... .......... .......... .......... .......... 27%  239K 39s
  3600K .......... .......... .......... .......... .......... 28%  231K 39s
  3650K .......... .......... .......... .......... .......... 28%  238K 39s
  3700K .......... .......... .......... .......... .......... 29%  232K 39s
  3750K .......... .......... .......... .......... .......... 29%  238K 39s
  3800K .......... .......... .......... .......... .......... 29%  238K 38s
  3850K .......... .......... .......... .......... .......... 30%  231K 38s
  3900K .......... .......... .......... .......... .......... 30%  238K 38s
  3950K .......... .......... .......... .......... .......... 31%  239K 38s
  4000K .......... .......... .......... .......... .......... 31%  231K 37s
  4050K .......... .......... .......... .......... .......... 31%  238K 37s
  4100K .......... .......... .......... .......... .......... 32%  238K 37s
  4150K .......... .......... .......... .......... .......... 32%  232K 37s
  4200K .......... .......... .......... .......... .......... 32%  238K 37s
  4250K .......... .......... .......... .......... .......... 33%  231K 36s
  4300K .......... .......... .......... .......... .......... 33%  238K 36s
  4350K .......... .......... .......... .......... .......... 34%  238K 36s
  4400K .......... .......... .......... .......... .......... 34%  232K 36s
  4450K .......... .......... .......... .......... .......... 34%  239K 36s
  4500K .......... .......... .......... .......... .......... 35%  238K 35s
  4550K .......... .......... .......... .......... .......... 35%  232K 35s
  4600K .......... .......... .......... .......... .......... 36%  238K 35s
  4650K .......... .......... .......... .......... .......... 36%  237K 35s
  4700K .......... .......... .......... .......... .......... 36%  232K 35s
  4750K .......... .......... .......... .......... .......... 37%  238K 34s
  4800K .......... .......... .......... .......... .......... 37%  237K 34s
  4850K .......... .......... .......... .......... .......... 38%  231K 34s
  4900K .......... .......... .......... .......... .......... 38%  239K 34s
  4950K .......... .......... .......... .......... .......... 38%  232K 33s
  5000K .......... .......... .......... .......... .......... 39%  238K 33s
  5050K .......... .......... .......... .......... .......... 39%  238K 33s
  5100K .......... .......... .......... .......... .......... 39%  232K 33s
  5150K .......... .......... .......... .......... .......... 40%  238K 33s
  5200K .......... .......... .......... .......... .......... 40%  238K 32s
  5250K .......... .......... .......... .......... .......... 41%  232K 32s
  5300K .......... .......... .......... .......... .......... 41%  238K 32s
  5350K .......... .......... .......... .......... .......... 41%  238K 32s
  5400K .......... .......... .......... .......... .......... 42%  231K 32s
  5450K .......... .......... .......... .......... .......... 42%  239K 31s
  5500K .......... .......... .......... .......... .......... 43%  237K 31s
  5550K .......... .......... .......... .......... .......... 43%  232K 31s
  5600K .......... .......... .......... .......... .......... 43%  238K 31s
  5650K .......... .......... .......... .......... .......... 44%  231K 30s
  5700K .......... .......... .......... .......... .......... 44%  238K 30s
  5750K .......... .......... .......... .......... .......... 45%  238K 30s
  5800K .......... .......... .......... .......... .......... 45%  232K 30s
  5850K .......... .......... .......... .......... .......... 45%  238K 30s
  5900K .......... .......... .......... .......... .......... 46%  238K 29s
  5950K .......... .......... .......... .......... .......... 46%  231K 29s
  6000K .......... .......... .......... .......... .......... 46%  238K 29s
  6050K .......... .......... .......... .......... .......... 47%  238K 29s
  6100K .......... .......... .......... .......... .......... 47%  231K 29s
  6150K .......... .......... .......... .......... .......... 48%  239K 28s
  6200K .......... .......... .......... .......... .......... 48%  231K 28s
  6250K .......... .......... .......... .......... .......... 48%  238K 28s
  6300K .......... .......... .......... .......... .......... 49%  238K 28s
  6350K .......... .......... .......... .......... .......... 49%  232K 28s
  6400K .......... .......... .......... .......... .......... 50%  238K 27s
  6450K .......... .......... .......... .......... .......... 50%  237K 27s
  6500K .......... .......... .......... .......... .......... 50%  232K 27s
  6550K .......... .......... .......... .......... .......... 51%  238K 27s
  6600K .......... .......... .......... .......... .......... 51%  238K 26s
  6650K .......... .......... .......... .......... .......... 52%  231K 26s
  6700K .......... .......... .......... .......... .......... 52%  239K 26s
  6750K .......... .......... .......... .......... .......... 52%  238K 26s
  6800K .......... .......... .......... .......... .......... 53%  231K 26s
  6850K .......... .......... .......... .......... .......... 53%  238K 25s
  6900K .......... .......... .......... .......... .......... 53%  232K 25s
  6950K .......... .......... .......... .......... .......... 54%  238K 25s
  7000K .......... .......... .......... .......... .......... 54%  238K 25s
  7050K .......... .......... .......... .......... .......... 55%  231K 25s
  7100K .......... .......... .......... .......... .......... 55%  238K 24s
  7150K .......... .......... .......... .......... .......... 55%  238K 24s
  7200K .......... .......... .......... .......... .......... 56%  232K 24s
  7250K .......... .......... .......... .......... .......... 56%  238K 24s
  7300K .......... .......... .......... .......... .......... 57%  239K 23s
  7350K .......... .......... .......... .......... .......... 57%  231K 23s
  7400K .......... .......... .......... .......... .......... 57%  239K 23s
  7450K .......... .......... .......... .......... .......... 58%  238K 23s
  7500K .......... .......... .......... .......... .......... 58%  231K 23s
  7550K .......... .......... .......... .......... .......... 58%  238K 22s
  7600K .......... .......... .......... .......... .......... 59%  232K 22s
  7650K .......... .......... .......... .......... .......... 59%  238K 22s
  7700K .......... .......... .......... .......... .......... 60%  238K 22s
  7750K .......... .......... .......... .......... .......... 60%  232K 22s
  7800K .......... .......... .......... .......... .......... 60%  238K 21s
  7850K .......... .......... .......... .......... .......... 61%  238K 21s
  7900K .......... .......... .......... .......... .......... 61%  231K 21s
  7950K .......... .......... .......... .......... .......... 62%  238K 21s
  8000K .......... .......... .......... .......... .......... 62%  238K 21s
  8050K .......... .......... .......... .......... .......... 62%  231K 20s
  8100K .......... .......... .......... .......... .......... 63%  239K 20s
  8150K .......... .......... .......... .......... .......... 63%  231K 20s
  8200K .......... .......... .......... .......... .......... 64%  238K 20s
  8250K .......... .......... .......... .......... .......... 64%  239K 19s
  8300K .......... .......... .......... .......... .......... 64%  231K 19s
  8350K .......... .......... .......... .......... .......... 65%  238K 19s
  8400K .......... .......... .......... .......... .......... 65%  238K 19s
  8450K .......... .......... .......... .......... .......... 65%  231K 19s
  8500K .......... .......... .......... .......... .......... 66%  238K 18s
  8550K .......... .......... .......... .......... .......... 66%  238K 18s
  8600K .......... .......... .......... .......... .......... 67%  232K 18s
  8650K .......... .......... .......... .......... .......... 67%  239K 18s
  8700K .......... .......... .......... .......... .......... 67%  238K 18s
  8750K .......... .......... .......... .......... .......... 68%  231K 17s
  8800K .......... .......... .......... .......... .......... 68%  238K 17s
  8850K .......... .......... .......... .......... .......... 69%  231K 17s
  8900K .......... .......... .......... .......... .......... 69%  239K 17s
  8950K .......... .......... .......... .......... .......... 69%  239K 16s
  9000K .......... .......... .......... .......... .......... 70%  231K 16s
  9050K .......... .......... .......... .......... .......... 70%  238K 16s
  9100K .......... .......... .......... .......... .......... 71%  238K 16s
  9150K .......... .......... .......... .......... .......... 71%  232K 16s
  9200K .......... .......... .......... .......... .......... 71%  238K 15s
  9250K .......... .......... .......... .......... .......... 72%  237K 15s
  9300K .......... .......... .......... .......... .......... 72%  232K 15s
  9350K .......... .......... .......... .......... .......... 72%  239K 15s
  9400K .......... .......... .......... .......... .......... 73%  237K 15s
  9450K .......... .......... .......... .......... .......... 73%  232K 14s
  9500K .......... .......... .......... .......... .......... 74%  238K 14s
  9550K .......... .......... .......... .......... .......... 74%  232K 14s
  9600K .......... .......... .......... .......... .......... 74%  237K 14s
  9650K .......... .......... .......... .......... .......... 75%  238K 14s
  9700K .......... .......... .......... .......... .......... 75%  232K 13s
  9750K .......... .......... .......... .......... .......... 76%  239K 13s
  9800K .......... .......... .......... .......... .......... 76%  237K 13s
  9850K .......... .......... .......... .......... .......... 76%  232K 13s
  9900K .......... .......... .......... .......... .......... 77%  239K 12s
  9950K .......... .......... .......... .......... .......... 77%  238K 12s
 10000K .......... .......... .......... .......... .......... 78%  231K 12s
 10050K .......... .......... .......... .......... .......... 78%  238K 12s
 10100K .......... .......... .......... .......... .......... 78%  231K 12s
 10150K .......... .......... .......... .......... .......... 79%  238K 11s
 10200K .......... .......... .......... .......... .......... 79%  238K 11s
 10250K .......... .......... .......... .......... .......... 79%  238K 11s
 10300K .......... .......... .......... .......... .......... 80%  232K 11s
 10350K .......... .......... .......... .......... .......... 80%  238K 11s
 10400K .......... .......... .......... .......... .......... 81%  238K 10s
 10450K .......... .......... .......... .......... .......... 81%  231K 10s
 10500K .......... .......... .......... .......... .......... 81%  239K 10s
 10550K .......... .......... .......... .......... .......... 82%  237K 10s
 10600K .......... .......... .......... .......... .......... 82%  232K 9s
 10650K .......... .......... .......... .......... .......... 83%  238K 9s
 10700K .......... .......... .......... .......... .......... 83%  230K 9s
 10750K .......... .......... .......... .......... .......... 83%  238K 9s
 10800K .......... .......... .......... .......... .......... 84%  239K 9s
 10850K .......... .......... .......... .......... .......... 84%  231K 8s
 10900K .......... .......... .......... .......... .......... 84%  238K 8s
 10950K .......... .......... .......... .......... .......... 85%  239K 8s
 11000K .......... .......... .......... .......... .......... 85%  230K 8s
 11050K .......... .......... .......... .......... .......... 86%  238K 8s
 11100K .......... .......... .......... .......... .......... 86%  239K 7s
 11150K .......... .......... .......... .......... .......... 86%  231K 7s
 11200K .......... .......... .......... .......... .......... 87%  238K 7s
 11250K .......... .......... .......... .......... .......... 87%  238K 7s
 11300K .......... .......... .......... .......... .......... 88%  231K 7s
 11350K .......... .......... .......... .......... .......... 88%  238K 6s
 11400K .......... .......... .......... .......... .......... 88%  231K 6s
 11450K .......... .......... .......... .......... .......... 89%  239K 6s
 11500K .......... .......... .......... .......... .......... 89%  238K 6s
 11550K .......... .......... .......... .......... .......... 90%  231K 5s
 11600K .......... .......... .......... .......... .......... 90%  238K 5s
 11650K .......... .......... .......... .......... .......... 90%  238K 5s
 11700K .......... .......... .......... .......... .......... 91%  232K 5s
 11750K .......... .......... .......... .......... .......... 91%  238K 5s
 11800K .......... .......... .......... .......... .......... 91%  238K 4s
 11850K .......... .......... .......... .......... .......... 92%  232K 4s
 11900K .......... .......... .......... .......... .......... 92%  238K 4s
 11950K .......... .......... .......... .......... .......... 93%  232K 4s
 12000K .......... .......... .......... .......... .......... 93%  237K 4s
 12050K .......... .......... .......... .......... .......... 93%  239K 3s
 12100K .......... .......... .......... .......... .......... 94%  231K 3s
 12150K .......... .......... .......... .......... .......... 94%  238K 3s
 12200K .......... .......... .......... .......... .......... 95%  238K 3s
 12250K .......... .......... .......... .......... .......... 95%  232K 2s
 12300K .......... .......... .......... .......... .......... 95%  238K 2s
 12350K .......... .......... .......... .......... .......... 96%  238K 2s
 12400K .......... .......... .......... .......... .......... 96%  231K 2s
 12450K .......... .......... .......... .......... .......... 97%  238K 2s
 12500K .......... .......... .......... .......... .......... 97%  238K 1s
 12550K .......... .......... .......... .......... .......... 97%  232K 1s
 12600K .......... .......... .......... .......... .......... 98%  238K 1s
 12650K .......... .......... .......... .......... .......... 98%  232K 1s
 12700K .......... .......... .......... .......... .......... 98%  237K 1s
 12750K .......... .......... .......... .......... .......... 99%  238K 0s
 12800K .......... .......... .......... .......... .......... 99%  232K 0s
 12850K .......... .......... .......... ....                 100%  247K=55s

2016-05-25 01:36:18 (236 KB/s) - ‘index.html.1’ saved [13193358/13193358]

