--2016-05-25 02:54:43--  http://10.30.50.93:8000/
Connecting to 10.30.50.93:8000... connected.
HTTP request sent, awaiting response... 200 OK
Length: 13193358 (13M) [text/html]
Saving to: ‘index.html.3’

     0K .......... .......... .......... .......... ..........  0%  600K 21s
    50K .......... .......... .......... .......... ..........  0%  591K 21s
   100K .......... .......... .......... .......... ..........  1%  585K 22s
   150K .......... .......... .......... .......... ..........  1%  597K 21s
   200K .......... .......... .......... .......... ..........  1%  594K 21s
   250K .......... .......... .......... .......... ..........  2%  571K 21s
   300K .......... .......... .......... .......... ..........  2%  600K 21s
   350K .......... .......... .......... .......... ..........  3%  595K 21s
   400K .......... .......... .......... .......... ..........  3%  472K 22s
   450K .......... .......... .......... .......... ..........  3%  737K 21s
   500K .......... .......... .......... .......... ..........  4%  582K 21s
   550K .......... .......... .......... .......... ..........  4%  437K 22s
   600K .......... .......... .......... .......... ..........  5%  899K 21s
   650K .......... .......... .......... .......... ..........  5%  564K 21s
   700K .......... .......... .......... .......... ..........  5%  599K 21s
   750K .......... .......... .......... .......... ..........  6%  568K 21s
   800K .......... .......... .......... .......... ..........  6%  584K 21s
   850K .......... .......... .......... .......... ..........  6%  595K 20s
   900K .......... .......... .......... .......... ..........  7%  561K 20s
   950K .......... .......... .......... .......... ..........  7%  562K 20s
  1000K .......... .......... .......... .......... ..........  8%  551K 20s
  1050K .......... .......... .......... .......... ..........  8%  584K 20s
  1100K .......... .......... .......... .......... ..........  8%  592K 20s
  1150K .......... .......... .......... .......... ..........  9%  578K 20s
  1200K .......... .......... .......... .......... ..........  9%  581K 20s
  1250K .......... .......... .......... .......... .......... 10%  596K 20s
  1300K .......... .......... .......... .......... .......... 10%  577K 20s
  1350K .......... .......... .......... .......... .......... 10%  579K 20s
  1400K .......... .......... .......... .......... .......... 11%  595K 20s
  1450K .......... .......... .......... .......... .......... 11%  590K 20s
  1500K .......... .......... .......... .......... .......... 12%  567K 19s
  1550K .......... .......... .......... .......... .......... 12%  589K 19s
  1600K .......... .......... .......... .......... .......... 12%  597K 19s
  1650K .......... .......... .......... .......... .......... 13%  583K 19s
  1700K .......... .......... .......... .......... .......... 13%  580K 19s
  1750K .......... .......... .......... .......... .......... 13%  450K 19s
  1800K .......... .......... .......... .......... .......... 14%  775K 19s
  1850K .......... .......... .......... .......... .......... 14%  590K 19s
  1900K .......... .......... .......... .......... .......... 15%  585K 19s
  1950K .......... .......... .......... .......... .......... 15%  596K 19s
  2000K .......... .......... .......... .......... .......... 15%  594K 19s
  2050K .......... .......... .......... .......... .......... 16%  560K 19s
  2100K .......... .......... .......... .......... .......... 16%  489K 19s
  2150K .......... .......... .......... .......... .......... 17%  689K 18s
  2200K .......... .......... .......... .......... .......... 17%  584K 18s
  2250K .......... .......... .......... .......... .......... 17%  595K 18s
  2300K .......... .......... .......... .......... .......... 18%  595K 18s
  2350K .......... .......... .......... .......... .......... 18%  442K 18s
  2400K .......... .......... .......... .......... .......... 19%  771K 18s
  2450K .......... .......... .......... .......... .......... 19%  583K 18s
  2500K .......... .......... .......... .......... .......... 19%  575K 18s
  2550K .......... .......... .......... .......... .......... 20%  582K 18s
  2600K .......... .......... .......... .......... .......... 20%  574K 18s
  2650K .......... .......... .......... .......... .......... 20%  581K 18s
  2700K .......... .......... .......... .......... .......... 21%  579K 17s
  2750K .......... .......... .......... .......... .......... 21%  480K 17s
  2800K .......... .......... .......... .......... .......... 22%  695K 17s
  2850K .......... .......... .......... .......... .......... 22%  595K 17s
  2900K .......... .......... .......... .......... .......... 22%  565K 17s
  2950K .......... .......... .......... .......... .......... 23%  600K 17s
  3000K .......... .......... .......... .......... .......... 23%  478K 17s
  3050K .......... .......... .......... .......... .......... 24%  730K 17s
  3100K .......... .......... .......... .......... .......... 24%  591K 17s
  3150K .......... .......... .......... .......... .......... 24%  573K 17s
  3200K .......... .......... .......... .......... .......... 25%  600K 17s
  3250K .......... .......... .......... .......... .......... 25%  596K 16s
  3300K .......... .......... .......... .......... .......... 26%  579K 16s
  3350K .......... .......... .......... .......... .......... 26%  597K 16s
  3400K .......... .......... .......... .......... .......... 26%  561K 16s
  3450K .......... .......... .......... .......... .......... 27%  581K 16s
  3500K .......... .......... .......... .......... .......... 27%  593K 16s
  3550K .......... .......... .......... .......... .......... 27%  600K 16s
  3600K .......... .......... .......... .......... .......... 28%  564K 16s
  3650K .......... .......... .......... .......... .......... 28%  579K 16s
  3700K .......... .......... .......... .......... .......... 29%  576K 16s
  3750K .......... .......... .......... .......... .......... 29%  592K 16s
  3800K .......... .......... .......... .......... .......... 29%  593K 16s
  3850K .......... .......... .......... .......... .......... 30%  582K 15s
  3900K .......... .......... .......... .......... .......... 30%  595K 15s
  3950K .......... .......... .......... .......... .......... 31%  599K 15s
  4000K .......... .......... .......... .......... .......... 31%  563K 15s
  4050K .......... .......... .......... .......... .......... 31%  435K 15s
  4100K .......... .......... .......... .......... .......... 32%  705K 15s
  4150K .......... .......... .......... .......... .......... 32%  655K 15s
  4200K .......... .......... .......... .......... .......... 32%  594K 15s
  4250K .......... .......... .......... .......... .......... 33%  569K 15s
  4300K .......... .......... .......... .......... .......... 33%  562K 15s
  4350K .......... .......... .......... .......... .......... 34%  519K 15s
  4400K .......... .......... .......... .......... .......... 34%  631K 15s
  4450K .......... .......... .......... .......... .......... 34%  597K 14s
  4500K .......... .......... .......... .......... .......... 35%  575K 14s
  4550K .......... .......... .......... .......... .......... 35%  579K 14s
  4600K .......... .......... .......... .......... .......... 36%  566K 14s
  4650K .......... .......... .......... .......... .......... 36%  593K 14s
  4700K .......... .......... .......... .......... .......... 36%  584K 14s
  4750K .......... .......... .......... .......... .......... 37%  592K 14s
  4800K .......... .......... .......... .......... .......... 37%  597K 14s
  4850K .......... .......... .......... .......... .......... 38%  564K 14s
  4900K .......... .......... .......... .......... .......... 38%  588K 14s
  4950K .......... .......... .......... .......... .......... 38%  579K 14s
  5000K .......... .......... .......... .......... .......... 39%  548K 13s
  5050K .......... .......... .......... .......... .......... 39%  619K 13s
  5100K .......... .......... .......... .......... .......... 39%  574K 13s
  5150K .......... .......... .......... .......... .......... 40%  596K 13s
  5200K .......... .......... .......... .......... .......... 40%  596K 13s
  5250K .......... .......... .......... .......... .......... 41%  582K 13s
  5300K .......... .......... .......... .......... .......... 41%  594K 13s
  5350K .......... .......... .......... .......... .......... 41%  593K 13s
  5400K .......... .......... .......... .......... .......... 42%  573K 13s
  5450K .......... .......... .......... .......... .......... 42%  599K 13s
  5500K .......... .......... .......... .......... .......... 43%  443K 13s
  5550K .......... .......... .......... .......... .......... 43%  837K 13s
  5600K .......... .......... .......... .......... .......... 43%  598K 12s
  5650K .......... .......... .......... .......... .......... 44%  571K 12s
  5700K .......... .......... .......... .......... .......... 44%  601K 12s
  5750K .......... .......... .......... .......... .......... 45%  578K 12s
  5800K .......... .......... .......... .......... .......... 45%  575K 12s
  5850K .......... .......... .......... .......... .......... 45%  597K 12s
  5900K .......... .......... .......... .......... .......... 46%  596K 12s
  5950K .......... .......... .......... .......... .......... 46%  579K 12s
  6000K .......... .......... .......... .......... .......... 46%  584K 12s
  6050K .......... .......... .......... .......... .......... 47%  572K 12s
  6100K .......... .......... .......... .......... .......... 47%  580K 12s
  6150K .......... .......... .......... .......... .......... 48%  601K 11s
  6200K .......... .......... .......... .......... .......... 48%  573K 11s
  6250K .......... .......... .......... .......... .......... 48%  591K 11s
  6300K .......... .......... .......... .......... .......... 49%  600K 11s
  6350K .......... .......... .......... .......... .......... 49%  570K 11s
  6400K .......... .......... .......... .......... .......... 50%  529K 11s
  6450K .......... .......... .......... .......... .......... 50%  651K 11s
  6500K .......... .......... .......... .......... .......... 50%  562K 11s
  6550K .......... .......... .......... .......... .......... 51%  595K 11s
  6600K .......... .......... .......... .......... .......... 51%  591K 11s
  6650K .......... .......... .......... .......... .......... 52%  582K 11s
  6700K .......... .......... .......... .......... .......... 52%  596K 11s
  6750K .......... .......... .......... .......... .......... 52%  595K 10s
  6800K .......... .......... .......... .......... .......... 53%  582K 10s
  6850K .......... .......... .......... .......... .......... 53%  418K 10s
  6900K .......... .......... .......... .......... .......... 53%  663K 10s
  6950K .......... .......... .......... .......... .......... 54%  751K 10s
  7000K .......... .......... .......... .......... .......... 54%  526K 10s
  7050K .......... .......... .......... .......... .......... 55%  587K 10s
  7100K .......... .......... .......... .......... .......... 55%  596K 10s
  7150K .......... .......... .......... .......... .......... 55%  591K 10s
  7200K .......... .......... .......... .......... .......... 56%  584K 10s
  7250K .......... .......... .......... .......... .......... 56%  595K 10s
  7300K .......... .......... .......... .......... .......... 57%  573K 10s
  7350K .......... .......... .......... .......... .......... 57%  582K 9s
  7400K .......... .......... .......... .......... .......... 57%  598K 9s
  7450K .......... .......... .......... .......... .......... 58%  595K 9s
  7500K .......... .......... .......... .......... .......... 58%  570K 9s
  7550K .......... .......... .......... .......... .......... 58%  597K 9s
  7600K .......... .......... .......... .......... .......... 59%  582K 9s
  7650K .......... .......... .......... .......... .......... 59%  596K 9s
  7700K .......... .......... .......... .......... .......... 60%  593K 9s
  7750K .......... .......... .......... .......... .......... 60%  581K 9s
  7800K .......... .......... .......... .......... .......... 60%  597K 9s
  7850K .......... .......... .......... .......... .......... 61%  596K 9s
  7900K .......... .......... .......... .......... .......... 61%  558K 8s
  7950K .......... .......... .......... .......... .......... 62%  597K 8s
  8000K .......... .......... .......... .......... .......... 62%  596K 8s
  8050K .......... .......... .......... .......... .......... 62%  573K 8s
  8100K .......... .......... .......... .......... .......... 63%  586K 8s
  8150K .......... .......... .......... .......... .......... 63%  560K 8s
  8200K .......... .......... .......... .......... .......... 64%  594K 8s
  8250K .......... .......... .......... .......... .......... 64%  582K 8s
  8300K .......... .......... .......... .......... .......... 64%  497K 8s
  8350K .......... .......... .......... .......... .......... 65%  643K 8s
  8400K .......... .......... .......... .......... .......... 65%  598K 8s
  8450K .......... .......... .......... .......... .......... 65%  581K 8s
  8500K .......... .......... .......... .......... .......... 66%  596K 7s
  8550K .......... .......... .......... .......... .......... 66%  595K 7s
  8600K .......... .......... .......... .......... .......... 67%  574K 7s
  8650K .......... .......... .......... .......... .......... 67%  582K 7s
  8700K .......... .......... .......... .......... .......... 67%  596K 7s
  8750K .......... .......... .......... .......... .......... 68%  579K 7s
  8800K .......... .......... .......... .......... .......... 68%  599K 7s
  8850K .......... .......... .......... .......... .......... 69%  574K 7s
  8900K .......... .......... .......... .......... .......... 69%  597K 7s
  8950K .......... .......... .......... .......... .......... 69%  582K 7s
  9000K .......... .......... .......... .......... .......... 70%  562K 7s
  9050K .......... .......... .......... .......... .......... 70%  589K 6s
  9100K .......... .......... .......... .......... .......... 71%  597K 6s
  9150K .......... .......... .......... .......... .......... 71%  584K 6s
  9200K .......... .......... .......... .......... .......... 71%  595K 6s
  9250K .......... .......... .......... .......... .......... 72%  595K 6s
  9300K .......... .......... .......... .......... .......... 72%  471K 6s
  9350K .......... .......... .......... .......... .......... 72%  715K 6s
  9400K .......... .......... .......... .......... .......... 73%  580K 6s
  9450K .......... .......... .......... .......... .......... 73%  562K 6s
  9500K .......... .......... .......... .......... .......... 74%  598K 6s
  9550K .......... .......... .......... .......... .......... 74%  581K 6s
  9600K .......... .......... .......... .......... .......... 74%  593K 6s
  9650K .......... .......... .......... .......... .......... 75%  488K 5s
  9700K .......... .......... .......... .......... .......... 75%  695K 5s
  9750K .......... .......... .......... .......... .......... 76%  570K 5s
  9800K .......... .......... .......... .......... .......... 76%  586K 5s
  9850K .......... .......... .......... .......... .......... 76%  576K 5s
  9900K .......... .......... .......... .......... .......... 77%  591K 5s
  9950K .......... .......... .......... .......... .......... 77%  580K 5s
 10000K .......... .......... .......... .......... .......... 78%  582K 5s
 10050K .......... .......... .......... .......... .......... 78%  479K 5s
 10100K .......... .......... .......... .......... .......... 78%  734K 5s
 10150K .......... .......... .......... .......... .......... 79%  591K 5s
 10200K .......... .......... .......... .......... .......... 79%  442K 5s
 10250K .......... .......... .......... .......... .......... 79%  842K 4s
 10300K .......... .......... .......... .......... .......... 80%  595K 4s
 10350K .......... .......... .......... .......... .......... 80%  582K 4s
 10400K .......... .......... .......... .......... .......... 81%  570K 4s
 10450K .......... .......... .......... .......... .......... 81%  596K 4s
 10500K .......... .......... .......... .......... .......... 81%  598K 4s
 10550K .......... .......... .......... .......... .......... 82%  579K 4s
 10600K .......... .......... .......... .......... .......... 82%  595K 4s
 10650K .......... .......... .......... .......... .......... 83%  598K 4s
 10700K .......... .......... .......... .......... .......... 83%  576K 4s
 10750K .......... .......... .......... .......... .......... 83%  414K 4s
 10800K .......... .......... .......... .......... .......... 84%  957K 3s
 10850K .......... .......... .......... .......... .......... 84%  434K 3s
 10900K .......... .......... .......... .......... .......... 84%  898K 3s
 10950K .......... .......... .......... .......... .......... 85%  462K 3s
 11000K .......... .......... .......... .......... .......... 85%  773K 3s
 11050K .......... .......... .......... .......... .......... 86%  598K 3s
 11100K .......... .......... .......... .......... .......... 86%  548K 3s
 11150K .......... .......... .......... .......... .......... 86%  596K 3s
 11200K .......... .......... .......... .......... .......... 87%  577K 3s
 11250K .......... .......... .......... .......... .......... 87%  579K 3s
 11300K .......... .......... .......... .......... .......... 88%  595K 3s
 11350K .......... .......... .......... .......... .......... 88%  590K 3s
 11400K .......... .......... .......... .......... .......... 88%  582K 2s
 11450K .......... .......... .......... .......... .......... 89%  523K 2s
 11500K .......... .......... .......... .......... .......... 89%  637K 2s
 11550K .......... .......... .......... .......... .......... 90%  594K 2s
 11600K .......... .......... .......... .......... .......... 90%  576K 2s
 11650K .......... .......... .......... .......... .......... 90%  580K 2s
 11700K .......... .......... .......... .......... .......... 91%  593K 2s
 11750K .......... .......... .......... .......... .......... 91%  442K 2s
 11800K .......... .......... .......... .......... .......... 91%  837K 2s
 11850K .......... .......... .......... .......... .......... 92%  593K 2s
 11900K .......... .......... .......... .......... .......... 92%  599K 2s
 11950K .......... .......... .......... .......... .......... 93%  536K 2s
 12000K .......... .......... .......... .......... .......... 93%  576K 1s
 12050K .......... .......... .......... .......... .......... 93%  581K 1s
 12100K .......... .......... .......... .......... .......... 94%  592K 1s
 12150K .......... .......... .......... .......... .......... 94%  595K 1s
 12200K .......... .......... .......... .......... .......... 95%  575K 1s
 12250K .......... .......... .......... .......... .......... 95%  582K 1s
 12300K .......... .......... .......... .......... .......... 95%  583K 1s
 12350K .......... .......... .......... .......... .......... 96%  575K 1s
 12400K .......... .......... .......... .......... .......... 96%  594K 1s
 12450K .......... .......... .......... .......... .......... 97%  595K 1s
 12500K .......... .......... .......... .......... .......... 97%  461K 1s
 12550K .......... .......... .......... .......... .......... 97%  749K 0s
 12600K .......... .......... .......... .......... .......... 98%  597K 0s
 12650K .......... .......... .......... .......... .......... 98%  583K 0s
 12700K .......... .......... .......... .......... .......... 98%  596K 0s
 12750K .......... .......... .......... .......... .......... 99%  573K 0s
 12800K .......... .......... .......... .......... .......... 99%  593K 0s
 12850K .......... .......... .......... ....                 100%  618K=22s

2016-05-25 02:55:05 (583 KB/s) - ‘index.html.3’ saved [13193358/13193358]

