--2016-05-25 03:22:11--  http://10.30.50.93:8000/
Connecting to 10.30.50.93:8000... connected.
HTTP request sent, awaiting response... 200 OK
Length: 13193358 (13M) [text/html]
Saving to: ‘index.html.12’

     0K .......... .......... .......... .......... ..........  0% 1.38M 9s
    50K .......... .......... .......... .......... ..........  0%  199K 37s
   100K .......... .......... .......... .......... ..........  1%  902K 29s
   150K .......... .......... .......... .......... ..........  1% 1.17M 24s
   200K .......... .......... .......... .......... ..........  1% 1.19M 21s
   250K .......... .......... .......... .......... ..........  2% 1.08M 20s
   300K .......... .......... .......... .......... ..........  2% 1.10M 18s
   350K .......... .......... .......... .......... ..........  3% 74.6K 37s
   400K .......... .......... .......... .......... ..........  3% 1023K 34s
   450K .......... .......... .......... .......... ..........  3% 29.7K 72s
   500K .......... .......... .......... .......... ..........  4%  843K 67s
   550K .......... .......... .......... .......... ..........  4%  187K 66s
   600K .......... .......... .......... .......... ..........  5%  788K 62s
   650K .......... .......... .......... .......... ..........  5%  914K 59s
   700K .......... .......... .......... .......... ..........  5% 1.12M 55s
   750K .......... .......... .......... .......... ..........  6%  994K 52s
   800K .......... .......... .......... .......... ..........  6%  711K 50s
   850K .......... .......... .......... .......... ..........  6%  857K 48s
   900K .......... .......... .......... .......... ..........  7%  948K 46s
   950K .......... .......... .......... .......... ..........  7% 1.11M 44s
  1000K .......... .......... .......... .......... ..........  8%  986K 42s
  1050K .......... .......... .......... .......... ..........  8%  743K 41s
  1100K .......... .......... .......... .......... ..........  8% 1.16M 39s
  1150K .......... .......... .......... .......... ..........  9%  190K 40s
  1200K .......... .......... .......... .......... ..........  9%  757K 39s
  1250K .......... .......... .......... .......... .......... 10%  973K 38s
  1300K .......... .......... .......... .......... .......... 10%  890K 37s
  1350K .......... .......... .......... .......... .......... 10%  927K 36s
  1400K .......... .......... .......... .......... .......... 11%  839K 35s
  1450K .......... .......... .......... .......... .......... 11%  154K 36s
  1500K .......... .......... .......... .......... .......... 12%  191K 36s
  1550K .......... .......... .......... .......... .......... 12%  720K 36s
  1600K .......... .......... .......... .......... .......... 12% 1.00M 35s
  1650K .......... .......... .......... .......... .......... 13%  775K 34s
  1700K .......... .......... .......... .......... .......... 13%  799K 33s
  1750K .......... .......... .......... .......... .......... 13% 1.02M 32s
  1800K .......... .......... .......... .......... .......... 14%  900K 32s
  1850K .......... .......... .......... .......... .......... 14%  183K 32s
  1900K .......... .......... .......... .......... .......... 15% 1017K 32s
  1950K .......... .......... .......... .......... .......... 15%  817K 31s
  2000K .......... .......... .......... .......... .......... 15% 1.11M 30s
  2050K .......... .......... .......... .......... .......... 16%  834K 30s
  2100K .......... .......... .......... .......... .......... 16%  904K 29s
  2150K .......... .......... .......... .......... .......... 17%  851K 29s
  2200K .......... .......... .......... .......... .......... 17%  960K 28s
  2250K .......... .......... .......... .......... .......... 17%  200K 29s
  2300K .......... .......... .......... .......... .......... 18% 1.02M 28s
  2350K .......... .......... .......... .......... .......... 18% 56.7K 31s
  2400K .......... .......... .......... .......... .......... 19% 1.01M 31s
  2450K .......... .......... .......... .......... .......... 19% 74.9K 33s
  2500K .......... .......... .......... .......... .......... 19%  873K 32s
  2550K .......... .......... .......... .......... .......... 20%  195K 32s
  2600K .......... .......... .......... .......... .......... 20%  194K 33s
  2650K .......... .......... .......... .......... .......... 20%  193K 33s
  2700K .......... .......... .......... .......... .......... 21%  195K 33s
  2750K .......... .......... .......... .......... .......... 21%  935K 32s
  2800K .......... .......... .......... .......... .......... 22%  798K 32s
  2850K .......... .......... .......... .......... .......... 22%  930K 31s
  2900K .......... .......... .......... .......... .......... 22%  901K 31s
  2950K .......... .......... .......... .......... .......... 23%  870K 30s
  3000K .......... .......... .......... .......... .......... 23% 78.0K 32s
  3050K .......... .......... .......... .......... .......... 24% 1.86M 31s
  3100K .......... .......... .......... .......... .......... 24%  184K 31s
  3150K .......... .......... .......... .......... .......... 24% 75.2K 33s
  3200K .......... .......... .......... .......... .......... 25% 1.22M 32s
  3250K .......... .......... .......... .......... .......... 25%  106K 33s
  3300K .......... .......... .......... .......... .......... 26%  808K 33s
  3350K .......... .......... .......... .......... .......... 26%  833K 32s
  3400K .......... .......... .......... .......... .......... 26%  911K 32s
  3450K .......... .......... .......... .......... .......... 27%  717K 31s
  3500K .......... .......... .......... .......... .......... 27%  584K 31s
  3550K .......... .......... .......... .......... .......... 27% 1.03M 30s
  3600K .......... .......... .......... .......... .......... 28%  189K 30s
  3650K .......... .......... .......... .......... .......... 28% 1010K 30s
  3700K .......... .......... .......... .......... .......... 29% 57.8K 31s
  3750K .......... .......... .......... .......... .......... 29%  193K 32s
  3800K .......... .......... .......... .......... .......... 29% 1.02M 31s
  3850K .......... .......... .......... .......... .......... 30%  592K 31s
  3900K .......... .......... .......... .......... .......... 30%  914K 30s
  3950K .......... .......... .......... .......... .......... 31%  194K 30s
  4000K .......... .......... .......... .......... .......... 31%  798K 30s
  4050K .......... .......... .......... .......... .......... 31%  760K 29s
  4100K .......... .......... .......... .......... .......... 32%  110K 30s
  4150K .......... .......... .......... .......... .......... 32%  975K 29s
  4200K .......... .......... .......... .......... .......... 32%  778K 29s
  4250K .......... .......... .......... .......... .......... 33%  106K 30s
  4300K .......... .......... .......... .......... .......... 33%  909K 29s
  4350K .......... .......... .......... .......... .......... 34% 1.06M 29s
  4400K .......... .......... .......... .......... .......... 34%  853K 28s
  4450K .......... .......... .......... .......... .......... 34%  805K 28s
  4500K .......... .......... .......... .......... .......... 35%  190K 28s
  4550K .......... .......... .......... .......... .......... 35%  944K 28s
  4600K .......... .......... .......... .......... .......... 36%  968K 27s
  4650K .......... .......... .......... .......... .......... 36%  893K 27s
  4700K .......... .......... .......... .......... .......... 36%  760K 27s
  4750K .......... .......... .......... .......... .......... 37%  851K 26s
  4800K .......... .......... .......... .......... .......... 37%  959K 26s
  4850K .......... .......... .......... .......... .......... 38%  841K 26s
  4900K .......... .......... .......... .......... .......... 38%  864K 25s
  4950K .......... .......... .......... .......... .......... 38%  108K 26s
  5000K .......... .......... .......... .......... .......... 39%  906K 25s
  5050K .......... .......... .......... .......... .......... 39%  187K 25s
  5100K .......... .......... .......... .......... .......... 39% 1.02M 25s
  5150K .......... .......... .......... .......... .......... 40% 1.06M 25s
  5200K .......... .......... .......... .......... .......... 40%  958K 24s
  5250K .......... .......... .......... .......... .......... 41% 1.01M 24s
  5300K .......... .......... .......... .......... .......... 41%  787K 24s
  5350K .......... .......... .......... .......... .......... 41% 1.02M 23s
  5400K .......... .......... .......... .......... .......... 42%  942K 23s
  5450K .......... .......... .......... .......... .......... 42% 1.13M 23s
  5500K .......... .......... .......... .......... .......... 43%  987K 22s
  5550K .......... .......... .......... .......... .......... 43% 1.00M 22s
  5600K .......... .......... .......... .......... .......... 43%  811K 22s
  5650K .......... .......... .......... .......... .......... 44%  195K 22s
  5700K .......... .......... .......... .......... .......... 44%  985K 22s
  5750K .......... .......... .......... .......... .......... 45%  966K 21s
  5800K .......... .......... .......... .......... .......... 45% 1.03M 21s
  5850K .......... .......... .......... .......... .......... 45%  740K 21s
  5900K .......... .......... .......... .......... .......... 46%  933K 21s
  5950K .......... .......... .......... .......... .......... 46%  749K 20s
  6000K .......... .......... .......... .......... .......... 46% 1.02M 20s
  6050K .......... .......... .......... .......... .......... 47%  183K 20s
  6100K .......... .......... .......... .......... .......... 47%  192K 20s
  6150K .......... .......... .......... .......... .......... 48%  866K 20s
  6200K .......... .......... .......... .......... .......... 48%  571K 20s
  6250K .......... .......... .......... .......... .......... 48%  952K 19s
  6300K .......... .......... .......... .......... .......... 49% 1.02M 19s
  6350K .......... .......... .......... .......... .......... 49%  953K 19s
  6400K .......... .......... .......... .......... .......... 50%  773K 19s
  6450K .......... .......... .......... .......... .......... 50% 57.4K 19s
  6500K .......... .......... .......... .......... .......... 50% 58.7K 20s
  6550K .......... .......... .......... .......... .......... 51% 1.14M 19s
  6600K .......... .......... .......... .......... .......... 51%  921K 19s
  6650K .......... .......... .......... .......... .......... 52%  966K 19s
  6700K .......... .......... .......... .......... .......... 52%  919K 19s
  6750K .......... .......... .......... .......... .......... 52%  921K 18s
  6800K .......... .......... .......... .......... .......... 53%  901K 18s
  6850K .......... .......... .......... .......... .......... 53%  108K 18s
  6900K .......... .......... .......... .......... .......... 53%  832K 18s
  6950K .......... .......... .......... .......... .......... 54%  813K 18s
  7000K .......... .......... .......... .......... .......... 54% 1.01M 18s
  7050K .......... .......... .......... .......... .......... 55%  788K 17s
  7100K .......... .......... .......... .......... .......... 55%  900K 17s
  7150K .......... .......... .......... .......... .......... 55%  868K 17s
  7200K .......... .......... .......... .......... .......... 56% 1.03M 17s
  7250K .......... .......... .......... .......... .......... 56%  963K 16s
  7300K .......... .......... .......... .......... .......... 57%  177K 16s
  7350K .......... .......... .......... .......... .......... 57%  785K 16s
  7400K .......... .......... .......... .......... .......... 57%  202K 16s
  7450K .......... .......... .......... .......... .......... 58%  194K 16s
  7500K .......... .......... .......... .......... .......... 58%  195K 16s
  7550K .......... .......... .......... .......... .......... 58%  928K 16s
  7600K .......... .......... .......... .......... .......... 59% 1000K 16s
  7650K .......... .......... .......... .......... .......... 59%  832K 15s
  7700K .......... .......... .......... .......... .......... 60%  202K 15s
  7750K .......... .......... .......... .......... .......... 60%  193K 15s
  7800K .......... .......... .......... .......... .......... 60%  108K 15s
  7850K .......... .......... .......... .......... .......... 61%  830K 15s
  7900K .......... .......... .......... .......... .......... 61%  585K 15s
  7950K .......... .......... .......... .......... .......... 62%  187K 15s
  8000K .......... .......... .......... .......... .......... 62%  830K 15s
  8050K .......... .......... .......... .......... .......... 62%  762K 14s
  8100K .......... .......... .......... .......... .......... 63%  197K 14s
  8150K .......... .......... .......... .......... .......... 63%  886K 14s
  8200K .......... .......... .......... .......... .......... 64% 1000K 14s
  8250K .......... .......... .......... .......... .......... 64% 1.00M 14s
  8300K .......... .......... .......... .......... .......... 64% 1.11M 13s
  8350K .......... .......... .......... .......... .......... 65%  924K 13s
  8400K .......... .......... .......... .......... .......... 65%  903K 13s
  8450K .......... .......... .......... .......... .......... 65%  984K 13s
  8500K .......... .......... .......... .......... .......... 66%  946K 13s
  8550K .......... .......... .......... .......... .......... 66%  186K 13s
  8600K .......... .......... .......... .......... .......... 67%  858K 12s
  8650K .......... .......... .......... .......... .......... 67%  716K 12s
  8700K .......... .......... .......... .......... .......... 67%  895K 12s
  8750K .......... .......... .......... .......... .......... 68%  855K 12s
  8800K .......... .......... .......... .......... .......... 68%  941K 12s
  8850K .......... .......... .......... .......... .......... 69%  947K 11s
  8900K .......... .......... .......... .......... .......... 69%  939K 11s
  8950K .......... .......... .......... .......... .......... 69%  787K 11s
  9000K .......... .......... .......... .......... .......... 70%  855K 11s
  9050K .......... .......... .......... .......... .......... 70% 1.07M 11s
  9100K .......... .......... .......... .......... .......... 71%  796K 11s
  9150K .......... .......... .......... .......... .......... 71% 1.06M 10s
  9200K .......... .......... .......... .......... .......... 71%  200K 10s
  9250K .......... .......... .......... .......... .......... 72% 1.05M 10s
  9300K .......... .......... .......... .......... .......... 72% 73.4K 10s
  9350K .......... .......... .......... .......... .......... 72%  953K 10s
  9400K .......... .......... .......... .......... .......... 73%  202K 10s
  9450K .......... .......... .......... .......... .......... 73% 1.10M 10s
  9500K .......... .......... .......... .......... .......... 74% 1.10M 10s
  9550K .......... .......... .......... .......... .......... 74%  952K 9s
  9600K .......... .......... .......... .......... .......... 74%  908K 9s
  9650K .......... .......... .......... .......... .......... 75%  195K 9s
  9700K .......... .......... .......... .......... .......... 75% 74.8K 9s
  9750K .......... .......... .......... .......... .......... 76% 1.07M 9s
  9800K .......... .......... .......... .......... .......... 76%  196K 9s
  9850K .......... .......... .......... .......... .......... 76% 1.01M 9s
  9900K .......... .......... .......... .......... .......... 77%  873K 8s
  9950K .......... .......... .......... .......... .......... 77%  920K 8s
 10000K .......... .......... .......... .......... .......... 78% 1.04M 8s
 10050K .......... .......... .......... .......... .......... 78% 1.09M 8s
 10100K .......... .......... .......... .......... .......... 78%  966K 8s
 10150K .......... .......... .......... .......... .......... 79%  892K 8s
 10200K .......... .......... .......... .......... .......... 79% 73.4K 8s
 10250K .......... .......... .......... .......... .......... 79%  846K 7s
 10300K .......... .......... .......... .......... .......... 80%  875K 7s
 10350K .......... .......... .......... .......... .......... 80% 1.02M 7s
 10400K .......... .......... .......... .......... .......... 81%  182K 7s
 10450K .......... .......... .......... .......... .......... 81%  203K 7s
 10500K .......... .......... .......... .......... .......... 81%  103K 7s
 10550K .......... .......... .......... .......... .......... 82%  837K 7s
 10600K .......... .......... .......... .......... .......... 82%  906K 7s
 10650K .......... .......... .......... .......... .......... 83%  899K 6s
 10700K .......... .......... .......... .......... .......... 83%  947K 6s
 10750K .......... .......... .......... .......... .......... 83%  198K 6s
 10800K .......... .......... .......... .......... .......... 84%  845K 6s
 10850K .......... .......... .......... .......... .......... 84%  841K 6s
 10900K .......... .......... .......... .......... .......... 84%  961K 6s
 10950K .......... .......... .......... .......... .......... 85%  191K 5s
 11000K .......... .......... .......... .......... .......... 85%  111K 5s
 11050K .......... .......... .......... .......... .......... 86%  194K 5s
 11100K .......... .......... .......... .......... .......... 86%  914K 5s
 11150K .......... .......... .......... .......... .......... 86%  190K 5s
 11200K .......... .......... .......... .......... .......... 87%  672K 5s
 11250K .......... .......... .......... .......... .......... 87%  193K 5s
 11300K .......... .......... .......... .......... .......... 88%  801K 4s
 11350K .......... .......... .......... .......... .......... 88%  988K 4s
 11400K .......... .......... .......... .......... .......... 88%  982K 4s
 11450K .......... .......... .......... .......... .......... 89%  984K 4s
 11500K .......... .......... .......... .......... .......... 89% 46.5K 4s
 11550K .......... .......... .......... .......... .......... 90% 1.35M 4s
 11600K .......... .......... .......... .......... .......... 90%  915K 4s
 11650K .......... .......... .......... .......... .......... 90%  773K 4s
 11700K .......... .......... .......... .......... .......... 91%  190K 3s
 11750K .......... .......... .......... .......... .......... 91%  190K 3s
 11800K .......... .......... .......... .......... .......... 91%  761K 3s
 11850K .......... .......... .......... .......... .......... 92%  936K 3s
 11900K .......... .......... .......... .......... .......... 92%  845K 3s
 11950K .......... .......... .......... .......... .......... 93%  941K 3s
 12000K .......... .......... .......... .......... .......... 93% 1.04M 2s
 12050K .......... .......... .......... .......... .......... 93%  789K 2s
 12100K .......... .......... .......... .......... .......... 94%  823K 2s
 12150K .......... .......... .......... .......... .......... 94% 1.07M 2s
 12200K .......... .......... .......... .......... .......... 95% 1.03M 2s
 12250K .......... .......... .......... .......... .......... 95% 1.07M 2s
 12300K .......... .......... .......... .......... .......... 95% 1013K 2s
 12350K .......... .......... .......... .......... .......... 96%  856K 1s
 12400K .......... .......... .......... .......... .......... 96% 1.27M 1s
 12450K .......... .......... .......... .......... .......... 97%  830K 1s
 12500K .......... .......... .......... .......... .......... 97% 1023K 1s
 12550K .......... .......... .......... .......... .......... 97%  749K 1s
 12600K .......... .......... .......... .......... .......... 98%  862K 1s
 12650K .......... .......... .......... .......... .......... 98%  193K 1s
 12700K .......... .......... .......... .......... .......... 98% 1.19M 0s
 12750K .......... .......... .......... .......... .......... 99%  979K 0s
 12800K .......... .......... .......... .......... .......... 99%  948K 0s
 12850K .......... .......... .......... ....                 100% 1.10M=36s

2016-05-25 03:22:48 (353 KB/s) - ‘index.html.12’ saved [13193358/13193358]

