--2016-05-25 04:13:30--  http://10.30.50.93:8000/
Connecting to 10.30.50.93:8000... connected.
HTTP request sent, awaiting response... 200 OK
Length: 13193358 (13M) [text/html]
Saving to: ‘index.html.19’

     0K .......... .......... .......... .......... ..........  0% 3.36M 4s
    50K .......... .......... .......... .......... ..........  0% 39.6K 2m43s
   100K .......... .......... .......... .......... ..........  1%  118K 2m24s
   150K .......... .......... .......... .......... ..........  1% 21.7K 4m14s
   200K .......... .......... .......... .......... ..........  1%  994K 3m25s
   250K .......... .......... .......... .......... ..........  2% 30.0K 4m0s
   300K .......... .......... .......... .......... ..........  2% 75.4K 3m49s
   350K .......... .......... .......... .......... ..........  3%  203K 3m27s
   400K .......... .......... .......... .......... ..........  3%  202K 3m10s
   450K .......... .......... .......... .......... ..........  3%  196K 2m57s
   500K .......... .......... .......... .......... ..........  4% 45.7K 3m4s
   550K .......... .......... .......... .......... ..........  4%  206K 2m53s
   600K .......... .......... .......... .......... ..........  5% 39.8K 3m3s
   650K .......... .......... .......... .......... ..........  5% 1.54M 2m50s
   700K .......... .......... .......... .......... ..........  5% 57.4K 2m52s
   750K .......... .......... .......... .......... ..........  6%  845K 2m41s
   800K .......... .......... .......... .......... ..........  6% 75.3K 2m41s
   850K .......... .......... .......... .......... ..........  6%  198K 2m35s
   900K .......... .......... .......... .......... ..........  7% 24.1K 2m52s
   950K .......... .......... .......... .......... ..........  7% 75.9K 2m50s
  1000K .......... .......... .......... .......... ..........  8% 1.02M 2m42s
  1050K .......... .......... .......... .......... ..........  8%  111K 2m39s
  1100K .......... .......... .......... .......... ..........  8% 1.08M 2m32s
  1150K .......... .......... .......... .......... ..........  9%  109K 2m29s
  1200K .......... .......... .......... .......... ..........  9%  116K 2m27s
  1250K .......... .......... .......... .......... .......... 10% 78.0K 2m26s
  1300K .......... .......... .......... .......... .......... 10%  111K 2m24s
  1350K .......... .......... .......... .......... .......... 10% 1.36M 2m19s
  1400K .......... .......... .......... .......... .......... 11%  113K 2m17s
  1450K .......... .......... .......... .......... .......... 11% 76.0K 2m17s
  1500K .......... .......... .......... .......... .......... 12%  193K 2m13s
  1550K .......... .......... .......... .......... .......... 12% 75.6K 2m13s
  1600K .......... .......... .......... .......... .......... 12%  112K 2m12s
  1650K .......... .......... .......... .......... .......... 13%  207K 2m9s
  1700K .......... .......... .......... .......... .......... 13%  202K 2m6s
  1750K .......... .......... .......... .......... .......... 13%  730K 2m3s
  1800K .......... .......... .......... .......... .......... 14% 74.2K 2m3s
  1850K .......... .......... .......... .......... .......... 14%  197K 2m1s
  1900K .......... .......... .......... .......... .......... 15%  212K 1m58s
  1950K .......... .......... .......... .......... .......... 15% 26.4K 2m5s
  2000K .......... .......... .......... .......... .......... 15%  202K 2m3s
  2050K .......... .......... .......... .......... .......... 16%  201K 2m1s
  2100K .......... .......... .......... .......... .......... 16% 75.5K 2m0s
  2150K .......... .......... .......... .......... .......... 17% 1.38M 1m57s
  2200K .......... .......... .......... .......... .......... 17%  112K 1m56s
  2250K .......... .......... .......... .......... .......... 17%  995K 1m53s
  2300K .......... .......... .......... .......... .......... 18% 58.8K 1m54s
  2350K .......... .......... .......... .......... .......... 18%  201K 1m53s
  2400K .......... .......... .......... .......... .......... 19% 75.3K 1m53s
  2450K .......... .......... .......... .......... .......... 19%  206K 1m51s
  2500K .......... .......... .......... .......... .......... 19%  194K 1m49s
  2550K .......... .......... .......... .......... .......... 20% 34.0K 1m52s
  2600K .......... .......... .......... .......... .......... 20%  194K 1m51s
  2650K .......... .......... .......... .......... .......... 20% 1.11M 1m48s
  2700K .......... .......... .......... .......... .......... 21% 24.0K 1m53s
  2750K .......... .......... .......... .......... .......... 21%  220K 1m52s
  2800K .......... .......... .......... .......... .......... 22%  193K 1m50s
  2850K .......... .......... .......... .......... .......... 22%  205K 1m48s
  2900K .......... .......... .......... .......... .......... 22% 57.8K 1m49s
  2950K .......... .......... .......... .......... .......... 23% 76.0K 1m49s
  3000K .......... .......... .......... .......... .......... 23% 23.9K 1m53s
  3050K .......... .......... .......... .......... .......... 24% 1.01M 1m51s
  3100K .......... .......... .......... .......... .......... 24% 57.7K 1m51s
  3150K .......... .......... .......... .......... .......... 24%  108K 1m50s
  3200K .......... .......... .......... .......... .......... 25% 1.17M 1m48s
  3250K .......... .......... .......... .......... .......... 25% 1.04M 1m46s
  3300K .......... .......... .......... .......... .......... 26% 30.1K 1m49s
  3350K .......... .......... .......... .......... .......... 26% 1.22M 1m47s
  3400K .......... .......... .......... .......... .......... 26%  177K 1m45s
  3450K .......... .......... .......... .......... .......... 27% 1.22M 1m44s
  3500K .......... .......... .......... .......... .......... 27% 1010K 1m42s
  3550K .......... .......... .......... .......... .......... 27%  193K 1m40s
  3600K .......... .......... .......... .......... .......... 28%  108K 1m40s
  3650K .......... .......... .......... .......... .......... 28%  113K 99s
  3700K .......... .......... .......... .......... .......... 29%  183K 98s
  3750K .......... .......... .......... .......... .......... 29%  204K 96s
  3800K .......... .......... .......... .......... .......... 29%  200K 95s
  3850K .......... .......... .......... .......... .......... 30%  203K 94s
  3900K .......... .......... .......... .......... .......... 30%  192K 93s
  3950K .......... .......... .......... .......... .......... 31%  112K 92s
  4000K .......... .......... .......... .......... .......... 31%  894K 91s
  4050K .......... .......... .......... .......... .......... 31% 1.03M 89s
  4100K .......... .......... .......... .......... .......... 32%  828K 88s
  4150K .......... .......... .......... .......... .......... 32%  190K 87s
  4200K .......... .......... .......... .......... .......... 32% 33.7K 88s
  4250K .......... .......... .......... .......... .......... 33% 76.2K 88s
  4300K .......... .......... .......... .......... .......... 33%  109K 87s
  4350K .......... .......... .......... .......... .......... 34%  996K 86s
  4400K .......... .......... .......... .......... .......... 34% 47.7K 87s
  4450K .......... .......... .......... .......... .......... 34% 1.14M 85s
  4500K .......... .......... .......... .......... .......... 35% 34.3K 86s
  4550K .......... .......... .......... .......... .......... 35%  202K 85s
  4600K .......... .......... .......... .......... .......... 36% 38.7K 86s
  4650K .......... .......... .......... .......... .......... 36% 1.24M 85s
  4700K .......... .......... .......... .......... .......... 36%  710K 84s
  4750K .......... .......... .......... .......... .......... 37%  111K 83s
  4800K .......... .......... .......... .......... .......... 37%  110K 82s
  4850K .......... .......... .......... .......... .......... 38% 1.37M 81s
  4900K .......... .......... .......... .......... .......... 38%  201K 80s
  4950K .......... .......... .......... .......... .......... 38%  105K 80s
  5000K .......... .......... .......... .......... .......... 39% 1.06M 78s
  5050K .......... .......... .......... .......... .......... 39%  208K 78s
  5100K .......... .......... .......... .......... .......... 39%  887K 76s
  5150K .......... .......... .......... .......... .......... 40% 57.5K 76s
  5200K .......... .......... .......... .......... .......... 40% 47.6K 77s
  5250K .......... .......... .......... .......... .......... 41%  113K 76s
  5300K .......... .......... .......... .......... .......... 41%  109K 76s
  5350K .......... .......... .......... .......... .......... 41%  932K 74s
  5400K .......... .......... .......... .......... .......... 42%  860K 73s
  5450K .......... .......... .......... .......... .......... 42% 1.28M 72s
  5500K .......... .......... .......... .......... .......... 43%  112K 72s
  5550K .......... .......... .......... .......... .......... 43%  203K 71s
  5600K .......... .......... .......... .......... .......... 43%  820K 70s
  5650K .......... .......... .......... .......... .......... 44%  204K 69s
  5700K .......... .......... .......... .......... .......... 44%  863K 68s
  5750K .......... .......... .......... .......... .......... 45%  199K 67s
  5800K .......... .......... .......... .......... .......... 45% 75.7K 67s
  5850K .......... .......... .......... .......... .......... 45% 1.42M 66s
  5900K .......... .......... .......... .......... .......... 46%  114K 66s
  5950K .......... .......... .......... .......... .......... 46%  111K 65s
  6000K .......... .......... .......... .......... .......... 46%  212K 64s
  6050K .......... .......... .......... .......... .......... 47%  113K 64s
  6100K .......... .......... .......... .......... .......... 47% 1.02M 63s
  6150K .......... .......... .......... .......... .......... 48% 1.06M 62s
  6200K .......... .......... .......... .......... .......... 48%  104K 62s
  6250K .......... .......... .......... .......... .......... 48%  997K 61s
  6300K .......... .......... .......... .......... .......... 49% 76.7K 60s
  6350K .......... .......... .......... .......... .......... 49%  209K 60s
  6400K .......... .......... .......... .......... .......... 50%  118K 59s
  6450K .......... .......... .......... .......... .......... 50% 1.57M 58s
  6500K .......... .......... .......... .......... .......... 50% 1.17M 57s
  6550K .......... .......... .......... .......... .......... 51%  901K 57s
  6600K .......... .......... .......... .......... .......... 51%  775K 56s
  6650K .......... .......... .......... .......... .......... 52% 1.07M 55s
  6700K .......... .......... .......... .......... .......... 52%  971K 54s
  6750K .......... .......... .......... .......... .......... 52%  111K 54s
  6800K .......... .......... .......... .......... .......... 53%  206K 53s
  6850K .......... .......... .......... .......... .......... 53%  837K 52s
  6900K .......... .......... .......... .......... .......... 53% 39.5K 53s
  6950K .......... .......... .......... .......... .......... 54% 1.76M 52s
  7000K .......... .......... .......... .......... .......... 54%  110K 51s
  7050K .......... .......... .......... .......... .......... 55% 1.10M 51s
  7100K .......... .......... .......... .......... .......... 55% 1.04M 50s
  7150K .......... .......... .......... .......... .......... 55%  205K 49s
  7200K .......... .......... .......... .......... .......... 56%  110K 49s
  7250K .......... .......... .......... .......... .......... 56%  198K 48s
  7300K .......... .......... .......... .......... .......... 57%  206K 48s
  7350K .......... .......... .......... .......... .......... 57%  106K 47s
  7400K .......... .......... .......... .......... .......... 57% 46.7K 47s
  7450K .......... .......... .......... .......... .......... 58%  201K 47s
  7500K .......... .......... .......... .......... .......... 58% 1013K 46s
  7550K .......... .......... .......... .......... .......... 58% 39.5K 46s
  7600K .......... .......... .......... .......... .......... 59% 1.12M 46s
  7650K .......... .......... .......... .......... .......... 59% 75.7K 45s
  7700K .......... .......... .......... .......... .......... 60%  112K 45s
  7750K .......... .......... .......... .......... .......... 60%  970K 44s
  7800K .......... .......... .......... .......... .......... 60%  110K 44s
  7850K .......... .......... .......... .......... .......... 61%  208K 43s
  7900K .......... .......... .......... .......... .......... 61%  201K 43s
  7950K .......... .......... .......... .......... .......... 62%  205K 42s
  8000K .......... .......... .......... .......... .......... 62%  203K 42s
  8050K .......... .......... .......... .......... .......... 62% 59.0K 41s
  8100K .......... .......... .......... .......... .......... 63% 30.1K 42s
  8150K .......... .......... .......... .......... .......... 63%  105K 41s
  8200K .......... .......... .......... .......... .......... 64% 74.3K 41s
  8250K .......... .......... .......... .......... .......... 64%  198K 40s
  8300K .......... .......... .......... .......... .......... 64%  115K 40s
  8350K .......... .......... .......... .......... .......... 65%  201K 39s
  8400K .......... .......... .......... .......... .......... 65% 1.34M 39s
  8450K .......... .......... .......... .......... .......... 65%  205K 38s
  8500K .......... .......... .......... .......... .......... 66%  104K 38s
  8550K .......... .......... .......... .......... .......... 66%  107K 37s
  8600K .......... .......... .......... .......... .......... 67% 1.37M 37s
  8650K .......... .......... .......... .......... .......... 67%  107K 36s
  8700K .......... .......... .......... .......... .......... 67% 1.32M 36s
  8750K .......... .......... .......... .......... .......... 68% 57.6K 35s
  8800K .......... .......... .......... .......... .......... 68%  195K 35s
  8850K .......... .......... .......... .......... .......... 69% 46.6K 35s
  8900K .......... .......... .......... .......... .......... 69%  197K 34s
  8950K .......... .......... .......... .......... .......... 69%  109K 34s
  9000K .......... .......... .......... .......... .......... 70%  208K 33s
  9050K .......... .......... .......... .......... .......... 70%  210K 33s
  9100K .......... .......... .......... .......... .......... 71%  197K 32s
  9150K .......... .......... .......... .......... .......... 71%  202K 32s
  9200K .......... .......... .......... .......... .......... 71% 1.14M 31s
  9250K .......... .......... .......... .......... .......... 72%  112K 31s
  9300K .......... .......... .......... .......... .......... 72% 1016K 30s
  9350K .......... .......... .......... .......... .......... 72%  197K 30s
  9400K .......... .......... .......... .......... .......... 73%  193K 29s
  9450K .......... .......... .......... .......... .......... 73% 77.2K 29s
  9500K .......... .......... .......... .......... .......... 74% 58.4K 29s
  9550K .......... .......... .......... .......... .......... 74%  112K 28s
  9600K .......... .......... .......... .......... .......... 74% 76.8K 28s
  9650K .......... .......... .......... .......... .......... 75% 1.09M 27s
  9700K .......... .......... .......... .......... .......... 75% 1.03M 27s
  9750K .......... .......... .......... .......... .......... 76% 1.12M 26s
  9800K .......... .......... .......... .......... .......... 76%  209K 26s
  9850K .......... .......... .......... .......... .......... 76%  111K 25s
  9900K .......... .......... .......... .......... .......... 77% 72.9K 25s
  9950K .......... .......... .......... .......... .......... 77%  197K 24s
 10000K .......... .......... .......... .......... .......... 78%  194K 24s
 10050K .......... .......... .......... .......... .......... 78%  111K 24s
 10100K .......... .......... .......... .......... .......... 78%  939K 23s
 10150K .......... .......... .......... .......... .......... 79%  199K 23s
 10200K .......... .......... .......... .......... .......... 79% 1.18M 22s
 10250K .......... .......... .......... .......... .......... 79% 1.48M 22s
 10300K .......... .......... .......... .......... .......... 80%  765K 21s
 10350K .......... .......... .......... .......... .......... 80%  217K 21s
 10400K .......... .......... .......... .......... .......... 81%  789K 20s
 10450K .......... .......... .......... .......... .......... 81%  828K 20s
 10500K .......... .......... .......... .......... .......... 81% 1.37M 19s
 10550K .......... .......... .......... .......... .......... 82% 19.9K 19s
 10600K .......... .......... .......... .......... .......... 82% 1.22M 19s
 10650K .......... .......... .......... .......... .......... 83% 68.8K 18s
 10700K .......... .......... .......... .......... .......... 83% 57.4K 18s
 10750K .......... .......... .......... .......... .......... 83% 76.5K 18s
 10800K .......... .......... .......... .......... .......... 84% 1.21M 17s
 10850K .......... .......... .......... .......... .......... 84%  197K 17s
 10900K .......... .......... .......... .......... .......... 84%  184K 16s
 10950K .......... .......... .......... .......... .......... 85%  739K 16s
 11000K .......... .......... .......... .......... .......... 85%  206K 15s
 11050K .......... .......... .......... .......... .......... 86% 39.4K 15s
 11100K .......... .......... .......... .......... .......... 86%  192K 15s
 11150K .......... .......... .......... .......... .......... 86%  210K 14s
 11200K .......... .......... .......... .......... .......... 87%  789K 14s
 11250K .......... .......... .......... .......... .......... 87% 76.3K 13s
 11300K .......... .......... .......... .......... .......... 88% 1.12M 13s
 11350K .......... .......... .......... .......... .......... 88%  108K 12s
 11400K .......... .......... .......... .......... .......... 88%  213K 12s
 11450K .......... .......... .......... .......... .......... 89% 77.9K 12s
 11500K .......... .......... .......... .......... .......... 89% 1.25M 11s
 11550K .......... .......... .......... .......... .......... 90%  199K 11s
 11600K .......... .......... .......... .......... .......... 90%  112K 10s
 11650K .......... .......... .......... .......... .......... 90% 1.26M 10s
 11700K .......... .......... .......... .......... .......... 91% 78.3K 9s
 11750K .......... .......... .......... .......... .......... 91%  172K 9s
 11800K .......... .......... .......... .......... .......... 91% 47.1K 9s
 11850K .......... .......... .......... .......... .......... 92%  193K 8s
 11900K .......... .......... .......... .......... .......... 92%  195K 8s
 11950K .......... .......... .......... .......... .......... 93%  193K 7s
 12000K .......... .......... .......... .......... .......... 93% 75.6K 7s
 12050K .......... .......... .......... .......... .......... 93% 77.2K 7s
 12100K .......... .......... .......... .......... .......... 94%  202K 6s
 12150K .......... .......... .......... .......... .......... 94%  109K 6s
 12200K .......... .......... .......... .......... .......... 95%  200K 5s
 12250K .......... .......... .......... .......... .......... 95%  195K 5s
 12300K .......... .......... .......... .......... .......... 95%  212K 4s
 12350K .......... .......... .......... .......... .......... 96%  801K 4s
 12400K .......... .......... .......... .......... .......... 96% 76.2K 4s
 12450K .......... .......... .......... .......... .......... 97%  200K 3s
 12500K .......... .......... .......... .......... .......... 97%  203K 3s
 12550K .......... .......... .......... .......... .......... 97%  199K 2s
 12600K .......... .......... .......... .......... .......... 98%  188K 2s
 12650K .......... .......... .......... .......... .......... 98%  843K 2s
 12700K .......... .......... .......... .......... .......... 98%  195K 1s
 12750K .......... .......... .......... .......... .......... 99% 14.2K 1s
 12800K .......... .......... .......... .......... .......... 99%  206K 0s
 12850K .......... .......... .......... ....                 100% 53.0K=1m49s

2016-05-25 04:15:18 (119 KB/s) - ‘index.html.19’ saved [13193358/13193358]

