--2016-05-25 00:22:27--  http://10.30.50.93:8000/
Connecting to 10.30.50.93:8000... connected.
HTTP request sent, awaiting response... 200 OK
Length: 13193358 (13M) [text/html]
Saving to: ‘index.html.10’

     0K .......... .......... .......... .......... ..........  0% 88.7K 2m25s
    50K .......... .......... .......... .......... ..........  0%  122K 2m4s
   100K .......... .......... .......... .......... ..........  1%  113K 2m0s
   150K .......... .......... .......... .......... ..........  1%  116K 1m57s
   200K .......... .......... .......... .......... ..........  1% 92.5K 2m1s
   250K .......... .......... .......... .......... ..........  2% 42.5K 2m29s
   300K .......... .......... .......... .......... ..........  2% 88.6K 2m28s
   350K .......... .......... .......... .......... ..........  3%  119K 2m22s
   400K .......... .......... .......... .......... ..........  3%  110K 2m18s
   450K .......... .......... .......... .......... ..........  3%  119K 2m14s
   500K .......... .......... .......... .......... ..........  4%  107K 2m12s
   550K .......... .......... .......... .......... ..........  4%  102K 2m11s
   600K .......... .......... .......... .......... ..........  5%  110K 2m9s
   650K .......... .......... .......... .......... ..........  5%  110K 2m7s
   700K .......... .......... .......... .......... ..........  5%  134K 2m4s
   750K .......... .......... .......... .......... ..........  6% 96.9K 2m4s
   800K .......... .......... .......... .......... ..........  6%  126K 2m1s
   850K .......... .......... .......... .......... ..........  6% 92.5K 2m1s
   900K .......... .......... .......... .......... ..........  7%  123K 2m0s
   950K .......... .......... .......... .......... ..........  7%  110K 1m59s
  1000K .......... .......... .......... .......... ..........  8% 94.7K 1m58s
  1050K .......... .......... .......... .......... ..........  8%  126K 1m57s
  1100K .......... .......... .......... .......... ..........  8%  107K 1m56s
  1150K .......... .......... .......... .......... ..........  9% 90.5K 1m56s
  1200K .......... .......... .......... .......... ..........  9% 88.6K 1m56s
  1250K .......... .......... .......... .......... .......... 10%  130K 1m55s
  1300K .......... .......... .......... .......... .......... 10% 97.0K 1m54s
  1350K .......... .......... .......... .......... .......... 10% 69.4K 1m56s
  1400K .......... .......... .......... .......... .......... 11% 99.1K 1m55s
  1450K .......... .......... .......... .......... .......... 11% 71.8K 1m56s
  1500K .......... .......... .......... .......... .......... 12%  107K 1m55s
  1550K .......... .......... .......... .......... .......... 12% 99.2K 1m55s
  1600K .......... .......... .......... .......... .......... 12%  126K 1m54s
  1650K .......... .......... .......... .......... .......... 13% 97.0K 1m53s
  1700K .......... .......... .......... .......... .......... 13%  119K 1m52s
  1750K .......... .......... .......... .......... .......... 13%  104K 1m51s
  1800K .......... .......... .......... .......... .......... 14%  113K 1m51s
  1850K .......... .......... .......... .......... .......... 14% 64.1K 1m52s
  1900K .......... .......... .......... .......... .......... 15% 86.8K 1m52s
  1950K .......... .......... .......... .......... .......... 15%  116K 1m51s
  2000K .......... .......... .......... .......... .......... 15%  102K 1m50s
  2050K .......... .......... .......... .......... .......... 16%  107K 1m49s
  2100K .......... .......... .......... .......... .......... 16%  126K 1m48s
  2150K .......... .......... .......... .......... .......... 17%  113K 1m47s
  2200K .......... .......... .......... .......... .......... 17% 86.8K 1m47s
  2250K .......... .......... .......... .......... .......... 17%  123K 1m46s
  2300K .......... .......... .......... .......... .......... 18%  130K 1m45s
  2350K .......... .......... .......... .......... .......... 18%  104K 1m45s
  2400K .......... .......... .......... .......... .......... 19% 63.1K 1m45s
  2450K .......... .......... .......... .......... .......... 19% 99.3K 1m45s
  2500K .......... .......... .......... .......... .......... 19%  104K 1m44s
  2550K .......... .......... .......... .......... .......... 20%  130K 1m43s
  2600K .......... .......... .......... .......... .......... 20% 90.6K 1m43s
  2650K .......... .......... .......... .......... .......... 20%  112K 1m42s
  2700K .......... .......... .......... .......... .......... 21%  104K 1m42s
  2750K .......... .......... .......... .......... .......... 21%  112K 1m41s
  2800K .......... .......... .......... .......... .......... 22%  119K 1m40s
  2850K .......... .......... .......... .......... .......... 22%  116K 1m40s
  2900K .......... .......... .......... .......... .......... 22%  113K 99s
  2950K .......... .......... .......... .......... .......... 23%  116K 98s
  3000K .......... .......... .......... .......... .......... 23% 90.6K 98s
  3050K .......... .......... .......... .......... .......... 24%  110K 97s
  3100K .......... .......... .......... .......... .......... 24%  122K 96s
  3150K .......... .......... .......... .......... .......... 24% 67.2K 97s
  3200K .......... .......... .......... .......... .......... 25%  110K 96s
  3250K .......... .......... .......... .......... .......... 25%  119K 95s
  3300K .......... .......... .......... .......... .......... 26% 94.7K 95s
  3350K .......... .......... .......... .......... .......... 26%  126K 94s
  3400K .......... .......... .......... .......... .......... 26%  113K 93s
  3450K .......... .......... .......... .......... .......... 27% 96.9K 93s
  3500K .......... .......... .......... .......... .......... 27%  113K 92s
  3550K .......... .......... .......... .......... .......... 27%  138K 92s
  3600K .......... .......... .......... .......... .......... 28%  116K 91s
  3650K .......... .......... .......... .......... .......... 28% 53.4K 92s
  3700K .......... .......... .......... .......... .......... 29%  174K 91s
  3750K .......... .......... .......... .......... .......... 29% 99.1K 90s
  3800K .......... .......... .......... .......... .......... 29%  104K 90s
  3850K .......... .......... .......... .......... .......... 30%  135K 89s
  3900K .......... .......... .......... .......... .......... 30%  116K 88s
  3950K .......... .......... .......... .......... .......... 31%  116K 87s
  4000K .......... .......... .......... .......... .......... 31%  107K 87s
  4050K .......... .......... .......... .......... .......... 31% 78.6K 87s
  4100K .......... .......... .......... .......... .......... 32%  126K 86s
  4150K .......... .......... .......... .......... .......... 32%  107K 86s
  4200K .......... .......... .......... .......... .......... 32%  102K 85s
  4250K .......... .......... .......... .......... .......... 33%  102K 85s
  4300K .......... .......... .......... .......... .......... 33% 96.8K 84s
  4350K .......... .......... .......... .......... .......... 34% 96.9K 84s
  4400K .......... .......... .......... .......... .......... 34%  113K 83s
  4450K .......... .......... .......... .......... .......... 34% 86.8K 83s
  4500K .......... .......... .......... .......... .......... 35% 62.2K 83s
  4550K .......... .......... .......... .......... .......... 35%  107K 82s
  4600K .......... .......... .......... .......... .......... 36%  110K 82s
  4650K .......... .......... .......... .......... .......... 36%  102K 81s
  4700K .......... .......... .......... .......... .......... 36% 96.9K 81s
  4750K .......... .......... .......... .......... .......... 37%  104K 80s
  4800K .......... .......... .......... .......... .......... 37% 61.3K 80s
  4850K .......... .......... .......... .......... .......... 38% 68.3K 80s
  4900K .......... .......... .......... .......... .......... 38%  115K 79s
  4950K .......... .......... .......... .......... .......... 38% 59.6K 80s
  5000K .......... .......... .......... .......... .......... 39% 99.2K 79s
  5050K .......... .......... .......... .......... .......... 39%  130K 78s
  5100K .......... .......... .......... .......... .......... 39% 96.8K 78s
  5150K .......... .......... .......... .......... .......... 40%  104K 77s
  5200K .......... .......... .......... .......... .......... 40%  107K 77s
  5250K .......... .......... .......... .......... .......... 41%  123K 76s
  5300K .......... .......... .......... .......... .......... 41%  110K 76s
  5350K .......... .......... .......... .......... .......... 41% 85.1K 75s
  5400K .......... .......... .......... .......... .......... 42%  134K 74s
  5450K .......... .......... .......... .......... .......... 42% 94.7K 74s
  5500K .......... .......... .......... .......... .......... 43% 85.0K 74s
  5550K .......... .......... .......... .......... .......... 43%  102K 73s
  5600K .......... .......... .......... .......... .......... 43% 46.3K 73s
  5650K .......... .......... .......... .......... .......... 44%  122K 73s
  5700K .......... .......... .......... .......... .......... 44%  107K 72s
  5750K .......... .......... .......... .......... .......... 45%  102K 72s
  5800K .......... .......... .......... .......... .......... 45%  107K 71s
  5850K .......... .......... .......... .......... .......... 45%  104K 71s
  5900K .......... .......... .......... .......... .......... 46%  119K 70s
  5950K .......... .......... .......... .......... .......... 46%  110K 69s
  6000K .......... .......... .......... .......... .......... 46%  110K 69s
  6050K .......... .......... .......... .......... .......... 47%  110K 68s
  6100K .......... .......... .......... .......... .......... 47% 86.8K 68s
  6150K .......... .......... .......... .......... .......... 48%  116K 67s
  6200K .......... .......... .......... .......... .......... 48% 88.6K 67s
  6250K .......... .......... .......... .......... .......... 48%  104K 66s
  6300K .......... .......... .......... .......... .......... 49%  123K 66s
  6350K .......... .......... .......... .......... .......... 49% 99.3K 65s
  6400K .......... .......... .......... .......... .......... 50% 78.6K 65s
  6450K .......... .......... .......... .......... .......... 50% 99.3K 64s
  6500K .......... .......... .......... .......... .......... 50% 99.1K 64s
  6550K .......... .......... .......... .......... .......... 51%  110K 63s
  6600K .......... .......... .......... .......... .......... 51%  104K 63s
  6650K .......... .......... .......... .......... .......... 52% 90.6K 62s
  6700K .......... .......... .......... .......... .......... 52%  116K 62s
  6750K .......... .......... .......... .......... .......... 52%  119K 61s
  6800K .......... .......... .......... .......... .......... 53% 99.1K 61s
  6850K .......... .......... .......... .......... .......... 53%  126K 60s
  6900K .......... .......... .......... .......... .......... 53%  107K 60s
  6950K .......... .......... .......... .......... .......... 54%  119K 59s
  7000K .......... .......... .......... .......... .......... 54% 96.9K 58s
  7050K .......... .......... .......... .......... .......... 55%  126K 58s
  7100K .......... .......... .......... .......... .......... 55% 59.6K 58s
  7150K .......... .......... .......... .......... .......... 55%  107K 57s
  7200K .......... .......... .......... .......... .......... 56%  116K 57s
  7250K .......... .......... .......... .......... .......... 56%  110K 56s
  7300K .......... .......... .......... .......... .......... 57%  110K 55s
  7350K .......... .......... .......... .......... .......... 57% 94.6K 55s
  7400K .......... .......... .......... .......... .......... 57% 43.0K 55s
  7450K .......... .......... .......... .......... .......... 58% 96.8K 54s
  7500K .......... .......... .......... .......... .......... 58%  113K 54s
  7550K .......... .......... .......... .......... .......... 58%  109K 53s
  7600K .......... .......... .......... .......... .......... 59% 94.8K 53s
  7650K .......... .......... .......... .......... .......... 59%  119K 52s
  7700K .......... .......... .......... .......... .......... 60%  110K 52s
  7750K .......... .......... .......... .......... .......... 60% 94.7K 51s
  7800K .......... .......... .......... .......... .......... 60%  116K 51s
  7850K .......... .......... .......... .......... .......... 61% 99.2K 50s
  7900K .......... .......... .......... .......... .......... 61%  102K 50s
  7950K .......... .......... .......... .......... .......... 62% 99.2K 49s
  8000K .......... .......... .......... .......... .......... 62%  130K 49s
  8050K .......... .......... .......... .......... .......... 62%  107K 48s
  8100K .......... .......... .......... .......... .......... 63% 68.3K 48s
  8150K .......... .......... .......... .......... .......... 63% 99.3K 47s
  8200K .......... .......... .......... .......... .......... 64%  122K 47s
  8250K .......... .......... .......... .......... .......... 64%  102K 46s
  8300K .......... .......... .......... .......... .......... 64%  113K 46s
  8350K .......... .......... .......... .......... .......... 65% 99.2K 45s
  8400K .......... .......... .......... .......... .......... 65% 49.6K 45s
  8450K .......... .......... .......... .......... .......... 65%  110K 44s
  8500K .......... .......... .......... .......... .......... 66% 69.5K 44s
  8550K .......... .......... .......... .......... .......... 66% 84.9K 44s
  8600K .......... .......... .......... .......... .......... 67% 94.7K 43s
  8650K .......... .......... .......... .......... .......... 67%  110K 42s
  8700K .......... .......... .......... .......... .......... 67%  113K 42s
  8750K .......... .......... .......... .......... .......... 68% 96.8K 41s
  8800K .......... .......... .......... .......... .......... 68%  119K 41s
  8850K .......... .......... .......... .......... .......... 69%  110K 40s
  8900K .......... .......... .......... .......... .......... 69%  116K 40s
  8950K .......... .......... .......... .......... .......... 69%  107K 39s
  9000K .......... .......... .......... .......... .......... 70%  107K 39s
  9050K .......... .......... .......... .......... .......... 70% 97.0K 38s
  9100K .......... .......... .......... .......... .......... 71%  122K 38s
  9150K .......... .......... .......... .......... .......... 71% 71.9K 37s
  9200K .......... .......... .......... .......... .......... 71%  110K 37s
  9250K .......... .......... .......... .......... .......... 72%  113K 36s
  9300K .......... .......... .......... .......... .......... 72% 81.7K 36s
  9350K .......... .......... .......... .......... .......... 72%  122K 35s
  9400K .......... .......... .......... .......... .......... 73%  116K 35s
  9450K .......... .......... .......... .......... .......... 73% 99.2K 34s
  9500K .......... .......... .......... .......... .......... 74% 99.1K 34s
  9550K .......... .......... .......... .......... .......... 74%  126K 33s
  9600K .......... .......... .......... .......... .......... 74%  102K 33s
  9650K .......... .......... .......... .......... .......... 75% 86.8K 32s
  9700K .......... .......... .......... .......... .......... 75%  116K 32s
  9750K .......... .......... .......... .......... .......... 76% 73.1K 31s
  9800K .......... .......... .......... .......... .......... 76%  102K 31s
  9850K .......... .......... .......... .......... .......... 76% 90.7K 30s
  9900K .......... .......... .......... .......... .......... 77% 68.3K 30s
  9950K .......... .......... .......... .......... .......... 77% 70.6K 29s
 10000K .......... .......... .......... .......... .......... 78% 94.7K 29s
 10050K .......... .......... .......... .......... .......... 78%  116K 28s
 10100K .......... .......... .......... .......... .......... 78%  104K 28s
 10150K .......... .......... .......... .......... .......... 79%  107K 27s
 10200K .......... .......... .......... .......... .......... 79%  116K 27s
 10250K .......... .......... .......... .......... .......... 79% 94.7K 26s
 10300K .......... .......... .......... .......... .......... 80% 74.4K 26s
 10350K .......... .......... .......... .......... .......... 80%  119K 25s
 10400K .......... .......... .......... .......... .......... 81%  102K 25s
 10450K .......... .......... .......... .......... .......... 81%  116K 24s
 10500K .......... .......... .......... .......... .......... 81%  113K 24s
 10550K .......... .......... .......... .......... .......... 82% 99.1K 23s
 10600K .......... .......... .......... .......... .......... 82%  110K 23s
 10650K .......... .......... .......... .......... .......... 83%  110K 22s
 10700K .......... .......... .......... .......... .......... 83%  110K 22s
 10750K .......... .......... .......... .......... .......... 83%  112K 21s
 10800K .......... .......... .......... .......... .......... 84% 90.6K 21s
 10850K .......... .......... .......... .......... .......... 84%  126K 20s
 10900K .......... .......... .......... .......... .......... 84%  104K 20s
 10950K .......... .......... .......... .......... .......... 85%  102K 19s
 11000K .......... .......... .......... .......... .......... 85%  130K 19s
 11050K .......... .......... .......... .......... .......... 86%  113K 18s
 11100K .......... .......... .......... .......... .......... 86%  113K 17s
 11150K .......... .......... .......... .......... .......... 86%  110K 17s
 11200K .......... .......... .......... .......... .......... 87%  113K 16s
 11250K .......... .......... .......... .......... .......... 87% 99.3K 16s
 11300K .......... .......... .......... .......... .......... 88%  119K 15s
 11350K .......... .......... .......... .......... .......... 88%  116K 15s
 11400K .......... .......... .......... .......... .......... 88%  113K 14s
 11450K .......... .......... .......... .......... .......... 89% 96.9K 14s
 11500K .......... .......... .......... .......... .......... 89%  126K 13s
 11550K .......... .......... .......... .......... .......... 90%  102K 13s
 11600K .......... .......... .......... .......... .......... 90% 49.0K 12s
 11650K .......... .......... .......... .......... .......... 90%  139K 12s
 11700K .......... .......... .......... .......... .......... 91%  130K 11s
 11750K .......... .......... .......... .......... .......... 91% 94.7K 11s
 11800K .......... .......... .......... .......... .......... 91%  126K 10s
 11850K .......... .......... .......... .......... .......... 92% 96.9K 10s
 11900K .......... .......... .......... .......... .......... 92%  104K 9s
 11950K .......... .......... .......... .......... .......... 93%  113K 9s
 12000K .......... .......... .......... .......... .......... 93% 99.2K 8s
 12050K .......... .......... .......... .......... .......... 93%  116K 8s
 12100K .......... .......... .......... .......... .......... 94% 99.2K 7s
 12150K .......... .......... .......... .......... .......... 94%  116K 7s
 12200K .......... .......... .......... .......... .......... 95% 65.1K 6s
 12250K .......... .......... .......... .......... .......... 95% 66.2K 6s
 12300K .......... .......... .......... .......... .......... 95%  119K 5s
 12350K .......... .......... .......... .......... .......... 96%  104K 5s
 12400K .......... .......... .......... .......... .......... 96%  107K 4s
 12450K .......... .......... .......... .......... .......... 97% 99.2K 4s
 12500K .......... .......... .......... .......... .......... 97%  110K 3s
 12550K .......... .......... .......... .......... .......... 97% 63.1K 3s
 12600K .......... .......... .......... .......... .......... 98%  116K 2s
 12650K .......... .......... .......... .......... .......... 98% 64.2K 2s
 12700K .......... .......... .......... .......... .......... 98%  107K 1s
 12750K .......... .......... .......... .......... .......... 99%  107K 1s
 12800K .......... .......... .......... .......... .......... 99% 94.7K 0s
 12850K .......... .......... .......... ....                 100% 60.5K=2m10s

2016-05-25 00:24:37 (98.8 KB/s) - ‘index.html.10’ saved [13193358/13193358]

