--2016-05-25 03:37:44--  http://10.30.50.93:8000/
Connecting to 10.30.50.93:8000... connected.
HTTP request sent, awaiting response... 200 OK
Length: 13193358 (13M) [text/html]
Saving to: ‘index.html.9’

     0K .......... .......... .......... .......... ..........  0% 2.05M 6s
    50K .......... .......... .......... .......... ..........  0% 2.02M 6s
   100K .......... .......... .......... .......... ..........  1% 1.54M 7s
   150K .......... .......... .......... .......... ..........  1% 1.54M 7s
   200K .......... .......... .......... .......... ..........  1%  213K 17s
   250K .......... .......... .......... .......... ..........  2% 1.53M 16s
   300K .......... .......... .......... .......... ..........  2% 2.06M 14s
   350K .......... .......... .......... .......... ..........  3% 2.44M 13s
   400K .......... .......... .......... .......... ..........  3% 2.08M 12s
   450K .......... .......... .......... .......... ..........  3% 1.99M 12s
   500K .......... .......... .......... .......... ..........  4% 2.15M 11s
   550K .......... .......... .......... .......... ..........  4% 2.21M 11s
   600K .......... .......... .......... .......... ..........  5% 1.66M 10s
   650K .......... .......... .......... .......... ..........  5% 1.97M 10s
   700K .......... .......... .......... .......... ..........  5% 1.45M 10s
   750K .......... .......... .......... .......... ..........  6% 1.93M 9s
   800K .......... .......... .......... .......... ..........  6% 1.56M 9s
   850K .......... .......... .......... .......... ..........  6% 1.02M 9s
   900K .......... .......... .......... .......... ..........  7% 1.29M 9s
   950K .......... .......... .......... .......... ..........  7% 1023K 9s
  1000K .......... .......... .......... .......... ..........  8% 1.27M 9s
  1050K .......... .......... .......... .......... ..........  8%  168K 12s
  1100K .......... .......... .......... .......... ..........  8% 1.04M 12s
  1150K .......... .......... .......... .......... ..........  9%  200K 14s
  1200K .......... .......... .......... .......... ..........  9% 1.48M 14s
  1250K .......... .......... .......... .......... .......... 10% 1014K 13s
  1300K .......... .......... .......... .......... .......... 10% 1.07M 13s
  1350K .......... .......... .......... .......... .......... 10%  198K 15s
  1400K .......... .......... .......... .......... .......... 11%  945K 15s
  1450K .......... .......... .......... .......... .......... 11% 1.91M 14s
  1500K .......... .......... .......... .......... .......... 12% 1.41M 14s
  1550K .......... .......... .......... .......... .......... 12%  206K 15s
  1600K .......... .......... .......... .......... .......... 12% 1.16M 15s
  1650K .......... .......... .......... .......... .......... 13% 1.26M 15s
  1700K .......... .......... .......... .......... .......... 13% 1.17M 15s
  1750K .......... .......... .......... .......... .......... 13% 1.30M 14s
  1800K .......... .......... .......... .......... .......... 14% 2.33M 14s
  1850K .......... .......... .......... .......... .......... 14% 1.51M 14s
  1900K .......... .......... .......... .......... .......... 15%  209K 15s
  1950K .......... .......... .......... .......... .......... 15% 1.25M 14s
  2000K .......... .......... .......... .......... .......... 15% 1.34M 14s
  2050K .......... .......... .......... .......... .......... 16% 1.43M 14s
  2100K .......... .......... .......... .......... .......... 16% 1.64M 14s
  2150K .......... .......... .......... .......... .......... 17% 1.92M 14s
  2200K .......... .......... .......... .......... .......... 17% 1.49M 13s
  2250K .......... .......... .......... .......... .......... 17% 1.79M 13s
  2300K .......... .......... .......... .......... .......... 18% 1.15M 13s
  2350K .......... .......... .......... .......... .......... 18% 1.61M 13s
  2400K .......... .......... .......... .......... .......... 19% 1.58M 13s
  2450K .......... .......... .......... .......... .......... 19% 1.42M 12s
  2500K .......... .......... .......... .......... .......... 19%  211K 13s
  2550K .......... .......... .......... .......... .......... 20% 1.25M 13s
  2600K .......... .......... .......... .......... .......... 20% 1.24M 13s
  2650K .......... .......... .......... .......... .......... 20% 1.15M 13s
  2700K .......... .......... .......... .......... .......... 21% 1.35M 12s
  2750K .......... .......... .......... .......... .......... 21%  195K 13s
  2800K .......... .......... .......... .......... .......... 22% 1.20M 13s
  2850K .......... .......... .......... .......... .......... 22% 1.25M 13s
  2900K .......... .......... .......... .......... .......... 22% 1.56M 13s
  2950K .......... .......... .......... .......... .......... 23% 1.74M 12s
  3000K .......... .......... .......... .......... .......... 23% 1.47M 12s
  3050K .......... .......... .......... .......... .......... 24% 2.01M 12s
  3100K .......... .......... .......... .......... .......... 24% 1.38M 12s
  3150K .......... .......... .......... .......... .......... 24% 1.19M 12s
  3200K .......... .......... .......... .......... .......... 25% 2.21M 12s
  3250K .......... .......... .......... .......... .......... 25% 1.87M 11s
  3300K .......... .......... .......... .......... .......... 26% 1.13M 11s
  3350K .......... .......... .......... .......... .......... 26% 1.36M 11s
  3400K .......... .......... .......... .......... .......... 26% 1.14M 11s
  3450K .......... .......... .......... .......... .......... 27% 1.31M 11s
  3500K .......... .......... .......... .......... .......... 27% 1013K 11s
  3550K .......... .......... .......... .......... .......... 27% 1.35M 11s
  3600K .......... .......... .......... .......... .......... 28% 1017K 11s
  3650K .......... .......... .......... .......... .......... 28% 1.14M 11s
  3700K .......... .......... .......... .......... .......... 29% 1005K 11s
  3750K .......... .......... .......... .......... .......... 29%  884K 11s
  3800K .......... .......... .......... .......... .......... 29% 1.26M 10s
  3850K .......... .......... .......... .......... .......... 30%  942K 10s
  3900K .......... .......... .......... .......... .......... 30% 1.25M 10s
  3950K .......... .......... .......... .......... .......... 31% 1.64M 10s
  4000K .......... .......... .......... .......... .......... 31% 1.75M 10s
  4050K .......... .......... .......... .......... .......... 31% 1.26M 10s
  4100K .......... .......... .......... .......... .......... 32% 1003K 10s
  4150K .......... .......... .......... .......... .......... 32%  977K 10s
  4200K .......... .......... .......... .......... .......... 32% 1.10M 10s
  4250K .......... .......... .......... .......... .......... 33%  209K 10s
  4300K .......... .......... .......... .......... .......... 33% 1.00M 10s
  4350K .......... .......... .......... .......... .......... 34% 1.11M 10s
  4400K .......... .......... .......... .......... .......... 34% 1.23M 10s
  4450K .......... .......... .......... .......... .......... 34% 1.14M 10s
  4500K .......... .......... .......... .......... .......... 35% 1.14M 10s
  4550K .......... .......... .......... .......... .......... 35% 1.69M 9s
  4600K .......... .......... .......... .......... .......... 36% 1.72M 9s
  4650K .......... .......... .......... .......... .......... 36% 1.13M 9s
  4700K .......... .......... .......... .......... .......... 36%  988K 9s
  4750K .......... .......... .......... .......... .......... 37% 1.19M 9s
  4800K .......... .......... .......... .......... .......... 37% 1.26M 9s
  4850K .......... .......... .......... .......... .......... 38% 1.46M 9s
  4900K .......... .......... .......... .......... .......... 38% 2.04M 9s
  4950K .......... .......... .......... .......... .......... 38% 1.88M 9s
  5000K .......... .......... .......... .......... .......... 39% 1.01M 9s
  5050K .......... .......... .......... .......... .......... 39% 1.35M 9s
  5100K .......... .......... .......... .......... .......... 39% 1.07M 9s
  5150K .......... .......... .......... .......... .......... 40% 1.50M 8s
  5200K .......... .......... .......... .......... .......... 40% 1020K 8s
  5250K .......... .......... .......... .......... .......... 41% 77.6K 9s
  5300K .......... .......... .......... .......... .......... 41% 1.54M 9s
  5350K .......... .......... .......... .......... .......... 41% 1.71M 9s
  5400K .......... .......... .......... .......... .......... 42% 1.39M 9s
  5450K .......... .......... .......... .......... .......... 42% 1.42M 9s
  5500K .......... .......... .......... .......... .......... 43% 2.09M 9s
  5550K .......... .......... .......... .......... .......... 43% 1.99M 9s
  5600K .......... .......... .......... .......... .......... 43% 1.31M 8s
  5650K .......... .......... .......... .......... .......... 44% 1.71M 8s
  5700K .......... .......... .......... .......... .......... 44%  209K 9s
  5750K .......... .......... .......... .......... .......... 45% 1.61M 8s
  5800K .......... .......... .......... .......... .......... 45% 1.12M 8s
  5850K .......... .......... .......... .......... .......... 45% 1.45M 8s
  5900K .......... .......... .......... .......... .......... 46% 1.28M 8s
  5950K .......... .......... .......... .......... .......... 46% 1.25M 8s
  6000K .......... .......... .......... .......... .......... 46% 1.31M 8s
  6050K .......... .......... .......... .......... .......... 47% 1021K 8s
  6100K .......... .......... .......... .......... .......... 47%  874K 8s
  6150K .......... .......... .......... .......... .......... 48% 1.31M 8s
  6200K .......... .......... .......... .......... .......... 48% 1.03M 8s
  6250K .......... .......... .......... .......... .......... 48%  201K 8s
  6300K .......... .......... .......... .......... .......... 49% 1.28M 8s
  6350K .......... .......... .......... .......... .......... 49% 1.39M 8s
  6400K .......... .......... .......... .......... .......... 50% 1.15M 8s
  6450K .......... .......... .......... .......... .......... 50%  206K 8s
  6500K .......... .......... .......... .......... .......... 50% 1.13M 8s
  6550K .......... .......... .......... .......... .......... 51% 1.03M 8s
  6600K .......... .......... .......... .......... .......... 51% 1.15M 8s
  6650K .......... .......... .......... .......... .......... 52% 1.21M 7s
  6700K .......... .......... .......... .......... .......... 52% 1.14M 7s
  6750K .......... .......... .......... .......... .......... 52% 1.52M 7s
  6800K .......... .......... .......... .......... .......... 53% 1.44M 7s
  6850K .......... .......... .......... .......... .......... 53% 1.47M 7s
  6900K .......... .......... .......... .......... .......... 53% 1.30M 7s
  6950K .......... .......... .......... .......... .......... 54%  205K 7s
  7000K .......... .......... .......... .......... .......... 54% 1.17M 7s
  7050K .......... .......... .......... .......... .......... 55% 1.19M 7s
  7100K .......... .......... .......... .......... .......... 55% 1.12M 7s
  7150K .......... .......... .......... .......... .......... 55% 1.15M 7s
  7200K .......... .......... .......... .......... .......... 56% 1.03M 7s
  7250K .......... .......... .......... .......... .......... 56% 1.11M 7s
  7300K .......... .......... .......... .......... .......... 57% 1.46M 7s
  7350K .......... .......... .......... .......... .......... 57% 1.32M 7s
  7400K .......... .......... .......... .......... .......... 57% 1.50M 6s
  7450K .......... .......... .......... .......... .......... 58% 2.39M 6s
  7500K .......... .......... .......... .......... .......... 58% 1.76M 6s
  7550K .......... .......... .......... .......... .......... 58% 1.96M 6s
  7600K .......... .......... .......... .......... .......... 59% 1.58M 6s
  7650K .......... .......... .......... .......... .......... 59%  955K 6s
  7700K .......... .......... .......... .......... .......... 60% 1.05M 6s
  7750K .......... .......... .......... .......... .......... 60%  959K 6s
  7800K .......... .......... .......... .......... .......... 60% 1.21M 6s
  7850K .......... .......... .......... .......... .......... 61% 76.8K 6s
  7900K .......... .......... .......... .......... .......... 61%  977K 6s
  7950K .......... .......... .......... .......... .......... 62% 1.13M 6s
  8000K .......... .......... .......... .......... .......... 62% 1.68M 6s
  8050K .......... .......... .......... .......... .......... 62% 1.32M 6s
  8100K .......... .......... .......... .......... .......... 63% 1.59M 6s
  8150K .......... .......... .......... .......... .......... 63% 1.38M 6s
  8200K .......... .......... .......... .......... .......... 64% 1.40M 6s
  8250K .......... .......... .......... .......... .......... 64% 1.96M 6s
  8300K .......... .......... .......... .......... .......... 64% 1.85M 5s
  8350K .......... .......... .......... .......... .......... 65% 2.02M 5s
  8400K .......... .......... .......... .......... .......... 65% 1.59M 5s
  8450K .......... .......... .......... .......... .......... 65% 1.31M 5s
  8500K .......... .......... .......... .......... .......... 66% 1.30M 5s
  8550K .......... .......... .......... .......... .......... 66% 1.19M 5s
  8600K .......... .......... .......... .......... .......... 67% 1.73M 5s
  8650K .......... .......... .......... .......... .......... 67% 1.23M 5s
  8700K .......... .......... .......... .......... .......... 67% 1.21M 5s
  8750K .......... .......... .......... .......... .......... 68%  830K 5s
  8800K .......... .......... .......... .......... .......... 68% 1.15M 5s
  8850K .......... .......... .......... .......... .......... 69% 2.24M 5s
  8900K .......... .......... .......... .......... .......... 69% 1.42M 5s
  8950K .......... .......... .......... .......... .......... 69% 1.60M 5s
  9000K .......... .......... .......... .......... .......... 70% 1.22M 5s
  9050K .......... .......... .......... .......... .......... 70% 1.29M 4s
  9100K .......... .......... .......... .......... .......... 71% 1.34M 4s
  9150K .......... .......... .......... .......... .......... 71% 1.17M 4s
  9200K .......... .......... .......... .......... .......... 71% 1.28M 4s
  9250K .......... .......... .......... .......... .......... 72% 1.93M 4s
  9300K .......... .......... .......... .......... .......... 72% 2.00M 4s
  9350K .......... .......... .......... .......... .......... 72% 2.00M 4s
  9400K .......... .......... .......... .......... .......... 73%  976K 4s
  9450K .......... .......... .......... .......... .......... 73% 1.23M 4s
  9500K .......... .......... .......... .......... .......... 74% 1.03M 4s
  9550K .......... .......... .......... .......... .......... 74% 1.19M 4s
  9600K .......... .......... .......... .......... .......... 74% 1.20M 4s
  9650K .......... .......... .......... .......... .......... 75% 1.01M 4s
  9700K .......... .......... .......... .......... .......... 75% 1.18M 4s
  9750K .......... .......... .......... .......... .......... 76%  979K 4s
  9800K .......... .......... .......... .......... .......... 76% 1.45M 3s
  9850K .......... .......... .......... .......... .......... 76% 1.15M 3s
  9900K .......... .......... .......... .......... .......... 77%  766K 3s
  9950K .......... .......... .......... .......... .......... 77% 1.34M 3s
 10000K .......... .......... .......... .......... .......... 78% 1.15M 3s
 10050K .......... .......... .......... .......... .......... 78% 1.02M 3s
 10100K .......... .......... .......... .......... .......... 78% 1.04M 3s
 10150K .......... .......... .......... .......... .......... 79%  856K 3s
 10200K .......... .......... .......... .......... .......... 79% 1.18M 3s
 10250K .......... .......... .......... .......... .......... 79% 1.75M 3s
 10300K .......... .......... .......... .......... .......... 80% 1.18M 3s
 10350K .......... .......... .......... .......... .......... 80% 1.50M 3s
 10400K .......... .......... .......... .......... .......... 81% 1.25M 3s
 10450K .......... .......... .......... .......... .......... 81% 2.01M 3s
 10500K .......... .......... .......... .......... .......... 81% 1.79M 3s
 10550K .......... .......... .......... .......... .......... 82%  210K 3s
 10600K .......... .......... .......... .......... .......... 82% 1.04M 3s
 10650K .......... .......... .......... .......... .......... 83% 1.11M 2s
 10700K .......... .......... .......... .......... .......... 83%  205K 2s
 10750K .......... .......... .......... .......... .......... 83%  209K 2s
 10800K .......... .......... .......... .......... .......... 84% 1.33M 2s
 10850K .......... .......... .......... .......... .......... 84% 1.56M 2s
 10900K .......... .......... .......... .......... .......... 84%  201K 2s
 10950K .......... .......... .......... .......... .......... 85% 1.32M 2s
 11000K .......... .......... .......... .......... .......... 85%  967K 2s
 11050K .......... .......... .......... .......... .......... 86%  109K 2s
 11100K .......... .......... .......... .......... .......... 86% 1.28M 2s
 11150K .......... .......... .......... .......... .......... 86%  190K 2s
 11200K .......... .......... .......... .......... .......... 87% 1.52M 2s
 11250K .......... .......... .......... .......... .......... 87% 1.69M 2s
 11300K .......... .......... .......... .......... .......... 88% 1.53M 2s
 11350K .......... .......... .......... .......... .......... 88% 1.23M 2s
 11400K .......... .......... .......... .......... .......... 88% 1.09M 2s
 11450K .......... .......... .......... .......... .......... 89% 1.26M 2s
 11500K .......... .......... .......... .......... .......... 89% 1.11M 2s
 11550K .......... .......... .......... .......... .......... 90% 1.26M 2s
 11600K .......... .......... .......... .......... .......... 90% 1.08M 1s
 11650K .......... .......... .......... .......... .......... 90% 1.26M 1s
 11700K .......... .......... .......... .......... .......... 91%  209K 1s
 11750K .......... .......... .......... .......... .......... 91% 1.67M 1s
 11800K .......... .......... .......... .......... .......... 91% 1.04M 1s
 11850K .......... .......... .......... .......... .......... 92%  196K 1s
 11900K .......... .......... .......... .......... .......... 92% 1.10M 1s
 11950K .......... .......... .......... .......... .......... 93% 1.21M 1s
 12000K .......... .......... .......... .......... .......... 93%  193K 1s
 12050K .......... .......... .......... .......... .......... 93% 1.22M 1s
 12100K .......... .......... .......... .......... .......... 94% 1.32M 1s
 12150K .......... .......... .......... .......... .......... 94% 2.14M 1s
 12200K .......... .......... .......... .......... .......... 95% 2.15M 1s
 12250K .......... .......... .......... .......... .......... 95% 2.22M 1s
 12300K .......... .......... .......... .......... .......... 95% 1.86M 1s
 12350K .......... .......... .......... .......... .......... 96% 1.82M 1s
 12400K .......... .......... .......... .......... .......... 96%  855K 1s
 12450K .......... .......... .......... .......... .......... 97% 1.57M 0s
 12500K .......... .......... .......... .......... .......... 97% 1.36M 0s
 12550K .......... .......... .......... .......... .......... 97% 1.97M 0s
 12600K .......... .......... .......... .......... .......... 98% 2.08M 0s
 12650K .......... .......... .......... .......... .......... 98% 1.50M 0s
 12700K .......... .......... .......... .......... .......... 98% 1.81M 0s
 12750K .......... .......... .......... .......... .......... 99% 1.78M 0s
 12800K .......... .......... .......... .......... .......... 99%  207K 0s
 12850K .......... .......... .......... ....                 100% 1.87M=16s

2016-05-25 03:38:00 (815 KB/s) - ‘index.html.9’ saved [13193358/13193358]

