--2016-05-25 01:38:10--  http://10.30.50.93:8000/
Connecting to 10.30.50.93:8000... connected.
HTTP request sent, awaiting response... 200 OK
Length: 13193358 (13M) [text/html]
Saving to: ‘index.html.4’

     0K .......... .......... .......... .......... ..........  0%  238K 54s
    50K .......... .......... .......... .......... ..........  0%  231K 54s
   100K .......... .......... .......... .......... ..........  1%  232K 54s
   150K .......... .......... .......... .......... ..........  1%  238K 54s
   200K .......... .......... .......... .......... ..........  1%  231K 54s
   250K .......... .......... .......... .......... ..........  2%  226K 54s
   300K .......... .......... .......... .......... ..........  2%  225K 54s
   350K .......... .......... .......... .......... ..........  3%  231K 54s
   400K .......... .......... .......... .......... ..........  3%  232K 54s
   450K .......... .......... .......... .......... ..........  3%  238K 53s
   500K .......... .......... .......... .......... ..........  4%  231K 53s
   550K .......... .......... .......... .......... ..........  4%  214K 53s
   600K .......... .......... .......... .......... ..........  5%  246K 53s
   650K .......... .......... .......... .......... ..........  5%  231K 53s
   700K .......... .......... .......... .......... ..........  5%  214K 53s
   750K .......... .......... .......... .......... ..........  6%  245K 52s
   800K .......... .......... .......... .......... ..........  6%  231K 52s
   850K .......... .......... .......... .......... ..........  6%  239K 52s
   900K .......... .......... .......... .......... ..........  7%  231K 52s
   950K .......... .......... .......... .......... ..........  7%  231K 51s
  1000K .......... .......... .......... .......... ..........  8%  239K 51s
  1050K .......... .......... .......... .......... ..........  8%  231K 51s
  1100K .......... .......... .......... .......... ..........  8%  238K 51s
  1150K .......... .......... .......... .......... ..........  9%  232K 50s
  1200K .......... .......... .......... .......... ..........  9%  219K 50s
  1250K .......... .......... .......... .......... .......... 10%  239K 50s
  1300K .......... .......... .......... .......... .......... 10%  231K 50s
  1350K .......... .......... .......... .......... .......... 10%  232K 50s
  1400K .......... .......... .......... .......... .......... 11%  239K 49s
  1450K .......... .......... .......... .......... .......... 11%  231K 49s
  1500K .......... .......... .......... .......... .......... 12%  232K 49s
  1550K .......... .......... .......... .......... .......... 12%  238K 49s
  1600K .......... .......... .......... .......... .......... 12%  231K 48s
  1650K .......... .......... .......... .......... .......... 13%  220K 48s
  1700K .......... .......... .......... .......... .......... 13%  237K 48s
  1750K .......... .......... .......... .......... .......... 13%  220K 48s
  1800K .......... .......... .......... .......... .......... 14%  238K 48s
  1850K .......... .......... .......... .......... .......... 14%  208K 48s
  1900K .......... .......... .......... .......... .......... 15%  231K 47s
  1950K .......... .......... .......... .......... .......... 15%  225K 47s
  2000K .......... .......... .......... .......... .......... 15%  238K 47s
  2050K .......... .......... .......... .......... .......... 16%  220K 47s
  2100K .......... .......... .......... .......... .......... 16%  238K 46s
  2150K .......... .......... .......... .......... .......... 17%  232K 46s
  2200K .......... .......... .......... .......... .......... 17%  231K 46s
  2250K .......... .......... .......... .......... .......... 17%  232K 46s
  2300K .......... .......... .......... .......... .......... 18%  238K 46s
  2350K .......... .......... .......... .......... .......... 18%  225K 45s
  2400K .......... .......... .......... .......... .......... 19%  231K 45s
  2450K .......... .......... .......... .......... .......... 19%  225K 45s
  2500K .......... .......... .......... .......... .......... 19%  238K 45s
  2550K .......... .......... .......... .......... .......... 20%  220K 45s
  2600K .......... .......... .......... .......... .......... 20%  225K 44s
  2650K .......... .......... .......... .......... .......... 20%  238K 44s
  2700K .......... .......... .......... .......... .......... 21%  231K 44s
  2750K .......... .......... .......... .......... .......... 21%  232K 44s
  2800K .......... .......... .......... .......... .......... 22%  185K 44s
  2850K .......... .......... .......... .......... .......... 22%  320K 43s
  2900K .......... .......... .......... .......... .......... 22%  232K 43s
  2950K .......... .......... .......... .......... .......... 23%  185K 43s
  3000K .......... .......... .......... .......... .......... 23%  298K 43s
  3050K .......... .......... .......... .......... .......... 24%  231K 42s
  3100K .......... .......... .......... .......... .......... 24%  238K 42s
  3150K .......... .......... .......... .......... .......... 24%  226K 42s
  3200K .......... .......... .......... .......... .......... 25%  238K 42s
  3250K .......... .......... .......... .......... .......... 25%  238K 41s
  3300K .......... .......... .......... .......... .......... 26%  226K 41s
  3350K .......... .......... .......... .......... .......... 26%  238K 41s
  3400K .......... .......... .......... .......... .......... 26%  238K 41s
  3450K .......... .......... .......... .......... .......... 27%  225K 41s
  3500K .......... .......... .......... .......... .......... 27%  239K 40s
  3550K .......... .......... .......... .......... .......... 27%  198K 40s
  3600K .......... .......... .......... .......... .......... 28%  269K 40s
  3650K .......... .......... .......... .......... .......... 28%  238K 40s
  3700K .......... .......... .......... .......... .......... 29%  214K 40s
  3750K .......... .......... .......... .......... .......... 29%  198K 39s
  3800K .......... .......... .......... .......... .......... 29%  277K 39s
  3850K .......... .......... .......... .......... .......... 30%  232K 39s
  3900K .......... .......... .......... .......... .......... 30%  226K 39s
  3950K .......... .......... .......... .......... .......... 31%  238K 38s
  4000K .......... .......... .......... .......... .......... 31%  226K 38s
  4050K .......... .......... .......... .......... .......... 31%  238K 38s
  4100K .......... .......... .......... .......... .......... 32%  232K 38s
  4150K .......... .......... .......... .......... .......... 32%  231K 38s
  4200K .......... .......... .......... .......... .......... 32%  225K 37s
  4250K .......... .......... .......... .......... .......... 33%  232K 37s
  4300K .......... .......... .......... .......... .......... 33%  231K 37s
  4350K .......... .......... .......... .......... .......... 34%  238K 37s
  4400K .......... .......... .......... .......... .......... 34%  226K 37s
  4450K .......... .......... .......... .......... .......... 34%  208K 36s
  4500K .......... .......... .......... .......... .......... 35%  270K 36s
  4550K .......... .......... .......... .......... .......... 35%  231K 36s
  4600K .......... .......... .......... .......... .......... 36%  189K 36s
  4650K .......... .......... .......... .......... .......... 36%  298K 35s
  4700K .......... .......... .......... .......... .......... 36%  219K 35s
  4750K .......... .......... .......... .......... .......... 37%  238K 35s
  4800K .......... .......... .......... .......... .......... 37%  237K 35s
  4850K .......... .......... .......... .......... .......... 38%  226K 35s
  4900K .......... .......... .......... .......... .......... 38%  220K 34s
  4950K .......... .......... .......... .......... .......... 38%  225K 34s
  5000K .......... .......... .......... .......... .......... 39%  238K 34s
  5050K .......... .......... .......... .......... .......... 39%  238K 34s
  5100K .......... .......... .......... .......... .......... 39%  177K 34s
  5150K .......... .......... .......... .......... .......... 40%  307K 33s
  5200K .......... .......... .......... .......... .......... 40%  232K 33s
  5250K .......... .......... .......... .......... .......... 41%  219K 33s
  5300K .......... .......... .......... .......... .......... 41%  238K 33s
  5350K .......... .......... .......... .......... .......... 41%  225K 32s
  5400K .......... .......... .......... .......... .......... 42%  225K 32s
  5450K .......... .......... .......... .......... .......... 42%  231K 32s
  5500K .......... .......... .......... .......... .......... 43%  238K 32s
  5550K .......... .......... .......... .......... .......... 43%  225K 32s
  5600K .......... .......... .......... .......... .......... 43%  225K 31s
  5650K .......... .......... .......... .......... .......... 44%  231K 31s
  5700K .......... .......... .......... .......... .......... 44%  239K 31s
  5750K .......... .......... .......... .......... .......... 45%  203K 31s
  5800K .......... .......... .......... .......... .......... 45%  246K 31s
  5850K .......... .......... .......... .......... .......... 45%  238K 30s
  5900K .......... .......... .......... .......... .......... 46%  238K 30s
  5950K .......... .......... .......... .......... .......... 46%  225K 30s
  6000K .......... .......... .......... .......... .......... 46%  238K 30s
  6050K .......... .......... .......... .......... .......... 47%  189K 29s
  6100K .......... .......... .......... .......... .......... 47%  278K 29s
  6150K .......... .......... .......... .......... .......... 48%  232K 29s
  6200K .......... .......... .......... .......... .......... 48%  226K 29s
  6250K .......... .......... .......... .......... .......... 48%  238K 29s
  6300K .......... .......... .......... .......... .......... 49%  239K 28s
  6350K .......... .......... .......... .......... .......... 49%  231K 28s
  6400K .......... .......... .......... .......... .......... 50%  189K 28s
  6450K .......... .......... .......... .......... .......... 50%  288K 28s
  6500K .......... .......... .......... .......... .......... 50%  232K 27s
  6550K .......... .......... .......... .......... .......... 51%  238K 27s
  6600K .......... .......... .......... .......... .......... 51%  238K 27s
  6650K .......... .......... .......... .......... .......... 52%  231K 27s
  6700K .......... .......... .......... .......... .......... 52%  232K 27s
  6750K .......... .......... .......... .......... .......... 52%  239K 26s
  6800K .......... .......... .......... .......... .......... 53%  219K 26s
  6850K .......... .......... .......... .......... .......... 53%  220K 26s
  6900K .......... .......... .......... .......... .......... 53%  213K 26s
  6950K .......... .......... .......... .......... .......... 54%  245K 26s
  7000K .......... .......... .......... .......... .......... 54%  203K 25s
  7050K .......... .......... .......... .......... .......... 55%  261K 25s
  7100K .......... .......... .......... .......... .......... 55%  232K 25s
  7150K .......... .......... .......... .......... .......... 55%  238K 25s
  7200K .......... .......... .......... .......... .......... 56%  185K 24s
  7250K .......... .......... .......... .......... .......... 56%  231K 24s
  7300K .......... .......... .......... .......... .......... 57%  238K 24s
  7350K .......... .......... .......... .......... .......... 57%  182K 24s
  7400K .......... .......... .......... .......... .......... 57%  286K 24s
  7450K .......... .......... .......... .......... .......... 58%  225K 23s
  7500K .......... .......... .......... .......... .......... 58%  219K 23s
  7550K .......... .......... .......... .......... .......... 58%  239K 23s
  7600K .......... .......... .......... .......... .......... 59%  231K 23s
  7650K .......... .......... .......... .......... .......... 59%  225K 23s
  7700K .......... .......... .......... .......... .......... 60%  232K 22s
  7750K .......... .......... .......... .......... .......... 60%  225K 22s
  7800K .......... .......... .......... .......... .......... 60%  238K 22s
  7850K .......... .......... .......... .......... .......... 61%  238K 22s
  7900K .......... .......... .......... .......... .......... 61%  232K 21s
  7950K .......... .......... .......... .......... .......... 62%  238K 21s
  8000K .......... .......... .......... .......... .......... 62%  231K 21s
  8050K .......... .......... .......... .......... .......... 62%  198K 21s
  8100K .......... .......... .......... .......... .......... 63%  278K 21s
  8150K .......... .......... .......... .......... .......... 63%  231K 20s
  8200K .......... .......... .......... .......... .......... 64%  194K 20s
  8250K .......... .......... .......... .......... .......... 64%  278K 20s
  8300K .......... .......... .......... .......... .......... 64%  194K 20s
  8350K .......... .......... .......... .......... .......... 65%  278K 19s
  8400K .......... .......... .......... .......... .......... 65%  238K 19s
  8450K .......... .......... .......... .......... .......... 65%  219K 19s
  8500K .......... .......... .......... .......... .......... 66%  232K 19s
  8550K .......... .......... .......... .......... .......... 66%  237K 19s
  8600K .......... .......... .......... .......... .......... 67%  226K 18s
  8650K .......... .......... .......... .......... .......... 67%  238K 18s
  8700K .......... .......... .......... .......... .......... 67%  189K 18s
  8750K .......... .......... .......... .......... .......... 68%  279K 18s
  8800K .......... .......... .......... .......... .......... 68%  238K 18s
  8850K .......... .......... .......... .......... .......... 69%  225K 17s
  8900K .......... .......... .......... .......... .......... 69%  232K 17s
  8950K .......... .......... .......... .......... .......... 69%  213K 17s
  9000K .......... .......... .......... .......... .......... 70%  254K 17s
  9050K .......... .......... .......... .......... .......... 70%  238K 16s
  9100K .......... .......... .......... .......... .......... 71%  225K 16s
  9150K .......... .......... .......... .......... .......... 71%  232K 16s
  9200K .......... .......... .......... .......... .......... 71%  225K 16s
  9250K .......... .......... .......... .......... .......... 72%  238K 16s
  9300K .......... .......... .......... .......... .......... 72%  181K 15s
  9350K .......... .......... .......... .......... .......... 72%  320K 15s
  9400K .......... .......... .......... .......... .......... 73%  238K 15s
  9450K .......... .......... .......... .......... .......... 73%  232K 15s
  9500K .......... .......... .......... .......... .......... 74%  232K 14s
  9550K .......... .......... .......... .......... .......... 74%  231K 14s
  9600K .......... .......... .......... .......... .......... 74%  231K 14s
  9650K .......... .......... .......... .......... .......... 75%  225K 14s
  9700K .......... .......... .......... .......... .......... 75%  232K 14s
  9750K .......... .......... .......... .......... .......... 76%  208K 13s
  9800K .......... .......... .......... .......... .......... 76%  268K 13s
  9850K .......... .......... .......... .......... .......... 76%  181K 13s
  9900K .......... .......... .......... .......... .......... 77%  297K 13s
  9950K .......... .......... .......... .......... .......... 77%  232K 13s
 10000K .......... .......... .......... .......... .......... 78%  231K 12s
 10050K .......... .......... .......... .......... .......... 78%  231K 12s
 10100K .......... .......... .......... .......... .......... 78%  231K 12s
 10150K .......... .......... .......... .......... .......... 79%  232K 12s
 10200K .......... .......... .......... .......... .......... 79%  237K 11s
 10250K .......... .......... .......... .......... .......... 79%  225K 11s
 10300K .......... .......... .......... .......... .......... 80%  232K 11s
 10350K .......... .......... .......... .......... .......... 80%  231K 11s
 10400K .......... .......... .......... .......... .......... 81%  232K 11s
 10450K .......... .......... .......... .......... .......... 81%  238K 10s
 10500K .......... .......... .......... .......... .......... 81%  238K 10s
 10550K .......... .......... .......... .......... .......... 82%  174K 10s
 10600K .......... .......... .......... .......... .......... 82%  333K 10s
 10650K .......... .......... .......... .......... .......... 83%  203K 9s
 10700K .......... .......... .......... .......... .......... 83%  260K 9s
 10750K .......... .......... .......... .......... .......... 83%  238K 9s
 10800K .......... .......... .......... .......... .......... 84%  219K 9s
 10850K .......... .......... .......... .......... .......... 84%  238K 9s
 10900K .......... .......... .......... .......... .......... 84%  238K 8s
 10950K .......... .......... .......... .......... .......... 85%  232K 8s
 11000K .......... .......... .......... .......... .......... 85%  181K 8s
 11050K .......... .......... .......... .......... .......... 86%  334K 8s
 11100K .......... .......... .......... .......... .......... 86%  177K 8s
 11150K .......... .......... .......... .......... .......... 86%  288K 7s
 11200K .......... .......... .......... .......... .......... 87%  239K 7s
 11250K .......... .......... .......... .......... .......... 87%  224K 7s
 11300K .......... .......... .......... .......... .......... 88%  239K 7s
 11350K .......... .......... .......... .......... .......... 88%  225K 6s
 11400K .......... .......... .......... .......... .......... 88%  232K 6s
 11450K .......... .......... .......... .......... .......... 89%  238K 6s
 11500K .......... .......... .......... .......... .......... 89%  232K 6s
 11550K .......... .......... .......... .......... .......... 90%  225K 6s
 11600K .......... .......... .......... .......... .......... 90%  238K 5s
 11650K .......... .......... .......... .......... .......... 90%  231K 5s
 11700K .......... .......... .......... .......... .......... 91%  238K 5s
 11750K .......... .......... .......... .......... .......... 91%  238K 5s
 11800K .......... .......... .......... .......... .......... 91%  232K 4s
 11850K .......... .......... .......... .......... .......... 92%  231K 4s
 11900K .......... .......... .......... .......... .......... 92%  238K 4s
 11950K .......... .......... .......... .......... .......... 93%  225K 4s
 12000K .......... .......... .......... .......... .......... 93%  238K 4s
 12050K .......... .......... .......... .......... .......... 93%  198K 3s
 12100K .......... .......... .......... .......... .......... 94%  269K 3s
 12150K .......... .......... .......... .......... .......... 94%  194K 3s
 12200K .......... .......... .......... .......... .......... 95%  239K 3s
 12250K .......... .......... .......... .......... .......... 95%  232K 3s
 12300K .......... .......... .......... .......... .......... 95%  260K 2s
 12350K .......... .......... .......... .......... .......... 96%  232K 2s
 12400K .......... .......... .......... .......... .......... 96%  238K 2s
 12450K .......... .......... .......... .......... .......... 97%  208K 2s
 12500K .......... .......... .......... .......... .......... 97%  253K 1s
 12550K .......... .......... .......... .......... .......... 97%  237K 1s
 12600K .......... .......... .......... .......... .......... 98%  226K 1s
 12650K .......... .......... .......... .......... .......... 98%  225K 1s
 12700K .......... .......... .......... .......... .......... 98%  232K 1s
 12750K .......... .......... .......... .......... .......... 99%  225K 0s
 12800K .......... .......... .......... .......... .......... 99%  238K 0s
 12850K .......... .......... .......... ....                 100%  237K=56s

2016-05-25 01:39:06 (231 KB/s) - ‘index.html.4’ saved [13193358/13193358]

