--2016-05-25 04:05:50--  http://10.30.50.93:8000/
Connecting to 10.30.50.93:8000... connected.
HTTP request sent, awaiting response... 200 OK
Length: 13193358 (13M) [text/html]
Saving to: ‘index.html.10’

     0K .......... .......... .......... .......... ..........  0% 3.51M 4s
    50K .......... .......... .......... .......... ..........  0% 2.21M 5s
   100K .......... .......... .......... .......... ..........  1% 2.51M 5s
   150K .......... .......... .......... .......... ..........  1% 2.23M 5s
   200K .......... .......... .......... .......... ..........  1% 2.29M 5s
   250K .......... .......... .......... .......... ..........  2% 1.54M 5s
   300K .......... .......... .......... .......... ..........  2% 1.75M 6s
   350K .......... .......... .......... .......... ..........  3% 1.41M 6s
   400K .......... .......... .......... .......... ..........  3% 1.14M 7s
   450K .......... .......... .......... .......... ..........  3% 1.41M 7s
   500K .......... .......... .......... .......... ..........  4% 1.16M 7s
   550K .......... .......... .......... .......... ..........  4% 1.20M 7s
   600K .......... .......... .......... .......... ..........  5% 1.44M 7s
   650K .......... .......... .......... .......... ..........  5% 1.19M 7s
   700K .......... .......... .......... .......... ..........  5%  203K 11s
   750K .......... .......... .......... .......... ..........  6%  114K 17s
   800K .......... .......... .......... .......... ..........  6% 76.9K 25s
   850K .......... .......... .......... .......... ..........  6% 16.4M 24s
   900K .......... .......... .......... .......... ..........  7% 1.30M 23s
   950K .......... .......... .......... .......... ..........  7% 1.83M 22s
  1000K .......... .......... .......... .......... ..........  8% 1.44M 21s
  1050K .......... .......... .......... .......... ..........  8% 1.52M 20s
  1100K .......... .......... .......... .......... ..........  8% 1.60M 20s
  1150K .......... .......... .......... .......... ..........  9% 2.32M 19s
  1200K .......... .......... .......... .......... ..........  9% 1.42M 18s
  1250K .......... .......... .......... .......... .......... 10% 1.60M 18s
  1300K .......... .......... .......... .......... .......... 10% 2.09M 17s
  1350K .......... .......... .......... .......... .......... 10% 1.13M 17s
  1400K .......... .......... .......... .......... .......... 11% 1.00M 17s
  1450K .......... .......... .......... .......... .......... 11% 1.78M 16s
  1500K .......... .......... .......... .......... .......... 12% 2.27M 16s
  1550K .......... .......... .......... .......... .......... 12% 1.52M 16s
  1600K .......... .......... .......... .......... .......... 12%  213K 17s
  1650K .......... .......... .......... .......... .......... 13% 2.13M 16s
  1700K .......... .......... .......... .......... .......... 13% 1.50M 16s
  1750K .......... .......... .......... .......... .......... 13%  992K 16s
  1800K .......... .......... .......... .......... .......... 14% 1.00M 16s
  1850K .......... .......... .......... .......... .......... 14% 1.04M 15s
  1900K .......... .......... .......... .......... .......... 15% 1.03M 15s
  1950K .......... .......... .......... .......... .......... 15%  206K 16s
  2000K .......... .......... .......... .......... .......... 15% 1.89M 16s
  2050K .......... .......... .......... .......... .......... 16% 2.56M 15s
  2100K .......... .......... .......... .......... .......... 16% 2.00M 15s
  2150K .......... .......... .......... .......... .......... 17%  176K 16s
  2200K .......... .......... .......... .......... .......... 17% 1.85M 16s
  2250K .......... .......... .......... .......... .......... 17% 2.01M 15s
  2300K .......... .......... .......... .......... .......... 18% 1.37M 15s
  2350K .......... .......... .......... .......... .......... 18% 1.37M 15s
  2400K .......... .......... .......... .......... .......... 19% 1.13M 15s
  2450K .......... .......... .......... .......... .......... 19%  992K 15s
  2500K .......... .......... .......... .......... .......... 19% 1.23M 14s
  2550K .......... .......... .......... .......... .......... 20%  205K 15s
  2600K .......... .......... .......... .......... .......... 20% 1.24M 15s
  2650K .......... .......... .......... .......... .......... 20% 1.36M 15s
  2700K .......... .......... .......... .......... .......... 21% 1020K 14s
  2750K .......... .......... .......... .......... .......... 21%  982K 14s
  2800K .......... .......... .......... .......... .......... 22% 1.26M 14s
  2850K .......... .......... .......... .......... .......... 22% 1.22M 14s
  2900K .......... .......... .......... .......... .......... 22%  201K 14s
  2950K .......... .......... .......... .......... .......... 23% 1.63M 14s
  3000K .......... .......... .......... .......... .......... 23% 1.37M 14s
  3050K .......... .......... .......... .......... .......... 24% 2.12M 14s
  3100K .......... .......... .......... .......... .......... 24% 2.13M 14s
  3150K .......... .......... .......... .......... .......... 24%  113K 15s
  3200K .......... .......... .......... .......... .......... 25% 1.61M 14s
  3250K .......... .......... .......... .......... .......... 25% 1.49M 14s
  3300K .......... .......... .......... .......... .......... 26% 1.03M 14s
  3350K .......... .......... .......... .......... .......... 26% 1.29M 14s
  3400K .......... .......... .......... .......... .......... 26% 1.13M 14s
  3450K .......... .......... .......... .......... .......... 27%  999K 14s
  3500K .......... .......... .......... .......... .......... 27% 1.10M 14s
  3550K .......... .......... .......... .......... .......... 27% 1.43M 13s
  3600K .......... .......... .......... .......... .......... 28%  194K 14s
  3650K .......... .......... .......... .......... .......... 28% 1.26M 14s
  3700K .......... .......... .......... .......... .......... 29%  196K 14s
  3750K .......... .......... .......... .......... .......... 29% 1.70M 14s
  3800K .......... .......... .......... .......... .......... 29% 2.21M 14s
  3850K .......... .......... .......... .......... .......... 30% 1.65M 13s
  3900K .......... .......... .......... .......... .......... 30%  213K 14s
  3950K .......... .......... .......... .......... .......... 31% 1.28M 13s
  4000K .......... .......... .......... .......... .......... 31% 1.19M 13s
  4050K .......... .......... .......... .......... .......... 31% 1.40M 13s
  4100K .......... .......... .......... .......... .......... 32% 1.44M 13s
  4150K .......... .......... .......... .......... .......... 32% 1.06M 13s
  4200K .......... .......... .......... .......... .......... 32% 1.36M 13s
  4250K .......... .......... .......... .......... .......... 33% 1.08M 13s
  4300K .......... .......... .......... .......... .......... 33% 1.35M 12s
  4350K .......... .......... .......... .......... .......... 34% 1.47M 12s
  4400K .......... .......... .......... .......... .......... 34% 1.27M 12s
  4450K .......... .......... .......... .......... .......... 34% 1.24M 12s
  4500K .......... .......... .......... .......... .......... 35%  204K 12s
  4550K .......... .......... .......... .......... .......... 35% 1.25M 12s
  4600K .......... .......... .......... .......... .......... 36% 1.33M 12s
  4650K .......... .......... .......... .......... .......... 36% 1.30M 12s
  4700K .......... .......... .......... .......... .......... 36%  210K 12s
  4750K .......... .......... .......... .......... .......... 37% 1.28M 12s
  4800K .......... .......... .......... .......... .......... 37% 1.37M 12s
  4850K .......... .......... .......... .......... .......... 38% 1.21M 12s
  4900K .......... .......... .......... .......... .......... 38% 1.21M 12s
  4950K .......... .......... .......... .......... .......... 38%  982K 11s
  5000K .......... .......... .......... .......... .......... 39% 1.40M 11s
  5050K .......... .......... .......... .......... .......... 39% 1.06M 11s
  5100K .......... .......... .......... .......... .......... 39% 1.27M 11s
  5150K .......... .......... .......... .......... .......... 40% 2.02M 11s
  5200K .......... .......... .......... .......... .......... 40% 1.19M 11s
  5250K .......... .......... .......... .......... .......... 41% 1.51M 11s
  5300K .......... .......... .......... .......... .......... 41% 1.41M 11s
  5350K .......... .......... .......... .......... .......... 41% 2.94M 10s
  5400K .......... .......... .......... .......... .......... 42% 2.38M 10s
  5450K .......... .......... .......... .......... .......... 42% 1.53M 10s
  5500K .......... .......... .......... .......... .......... 43% 3.64M 10s
  5550K .......... .......... .......... .......... .......... 43% 2.26M 10s
  5600K .......... .......... .......... .......... .......... 43% 1.95M 10s
  5650K .......... .......... .......... .......... .......... 44% 2.00M 10s
  5700K .......... .......... .......... .......... .......... 44% 1.78M 10s
  5750K .......... .......... .......... .......... .......... 45% 1.12M 9s
  5800K .......... .......... .......... .......... .......... 45%  886K 9s
  5850K .......... .......... .......... .......... .......... 45% 1.08M 9s
  5900K .......... .......... .......... .......... .......... 46% 77.5K 10s
  5950K .......... .......... .......... .......... .......... 46%  200K 10s
  6000K .......... .......... .......... .......... .......... 46% 1.44M 10s
  6050K .......... .......... .......... .......... .......... 47% 1.43M 10s
  6100K .......... .......... .......... .......... .......... 47% 1.98M 10s
  6150K .......... .......... .......... .......... .......... 48% 2.36M 10s
  6200K .......... .......... .......... .......... .......... 48% 2.48M 9s
  6250K .......... .......... .......... .......... .......... 48% 2.29M 9s
  6300K .......... .......... .......... .......... .......... 49% 2.30M 9s
  6350K .......... .......... .......... .......... .......... 49% 2.27M 9s
  6400K .......... .......... .......... .......... .......... 50% 3.09M 9s
  6450K .......... .......... .......... .......... .......... 50% 2.02M 9s
  6500K .......... .......... .......... .......... .......... 50% 1.22M 9s
  6550K .......... .......... .......... .......... .......... 51% 1.11M 9s
  6600K .......... .......... .......... .......... .......... 51% 1.41M 9s
  6650K .......... .......... .......... .......... .......... 52% 1.22M 8s
  6700K .......... .......... .......... .......... .......... 52%  199K 9s
  6750K .......... .......... .......... .......... .......... 52% 1.41M 8s
  6800K .......... .......... .......... .......... .......... 53% 1.17M 8s
  6850K .......... .......... .......... .......... .......... 53% 1.17M 8s
  6900K .......... .......... .......... .......... .......... 53% 1.14M 8s
  6950K .......... .......... .......... .......... .......... 54% 1.19M 8s
  7000K .......... .......... .......... .......... .......... 54%  194K 8s
  7050K .......... .......... .......... .......... .......... 55% 1.19M 8s
  7100K .......... .......... .......... .......... .......... 55% 1.29M 8s
  7150K .......... .......... .......... .......... .......... 55%  115K 8s
  7200K .......... .......... .......... .......... .......... 56% 1.32M 8s
  7250K .......... .......... .......... .......... .......... 56% 1.15M 8s
  7300K .......... .......... .......... .......... .......... 57%  791K 8s
  7350K .......... .......... .......... .......... .......... 57%  197K 8s
  7400K .......... .......... .......... .......... .......... 57% 1.09M 8s
  7450K .......... .......... .......... .......... .......... 58% 1.12M 8s
  7500K .......... .......... .......... .......... .......... 58% 1.42M 8s
  7550K .......... .......... .......... .......... .......... 58% 58.0K 8s
  7600K .......... .......... .......... .......... .......... 59% 1.05M 8s
  7650K .......... .......... .......... .......... .......... 59% 1.14M 8s
  7700K .......... .......... .......... .......... .......... 60%  108K 8s
  7750K .......... .......... .......... .......... .......... 60%  915K 8s
  7800K .......... .......... .......... .......... .......... 60% 1.04M 8s
  7850K .......... .......... .......... .......... .......... 61% 1.22M 8s
  7900K .......... .......... .......... .......... .......... 61% 1.07M 8s
  7950K .......... .......... .......... .......... .......... 62%  203K 8s
  8000K .......... .......... .......... .......... .......... 62%  942K 8s
  8050K .......... .......... .......... .......... .......... 62% 1.40M 8s
  8100K .......... .......... .......... .......... .......... 63% 1.18M 7s
  8150K .......... .......... .......... .......... .......... 63% 1.23M 7s
  8200K .......... .......... .......... .......... .......... 64% 1.34M 7s
  8250K .......... .......... .......... .......... .......... 64%  205K 7s
  8300K .......... .......... .......... .......... .......... 64% 76.4K 8s
  8350K .......... .......... .......... .......... .......... 65% 1.67M 7s
  8400K .......... .......... .......... .......... .......... 65%  213K 7s
  8450K .......... .......... .......... .......... .......... 65% 1.21M 7s
  8500K .......... .......... .......... .......... .......... 66% 1.16M 7s
  8550K .......... .......... .......... .......... .......... 66% 1.26M 7s
  8600K .......... .......... .......... .......... .......... 67% 1.26M 7s
  8650K .......... .......... .......... .......... .......... 67% 1.04M 7s
  8700K .......... .......... .......... .......... .......... 67% 1.28M 7s
  8750K .......... .......... .......... .......... .......... 68% 1.35M 7s
  8800K .......... .......... .......... .......... .......... 68% 1.36M 7s
  8850K .......... .......... .......... .......... .......... 69%  201K 7s
  8900K .......... .......... .......... .......... .......... 69% 1.36M 6s
  8950K .......... .......... .......... .......... .......... 69% 1.88M 6s
  9000K .......... .......... .......... .......... .......... 70% 1.81M 6s
  9050K .......... .......... .......... .......... .......... 70% 2.00M 6s
  9100K .......... .......... .......... .......... .......... 71% 1.51M 6s
  9150K .......... .......... .......... .......... .......... 71%  918K 6s
  9200K .......... .......... .......... .......... .......... 71% 1.34M 6s
  9250K .......... .......... .......... .......... .......... 72%  190K 6s
  9300K .......... .......... .......... .......... .......... 72%  217K 6s
  9350K .......... .......... .......... .......... .......... 72% 1.40M 6s
  9400K .......... .......... .......... .......... .......... 73% 2.11M 6s
  9450K .......... .......... .......... .......... .......... 73%  212K 6s
  9500K .......... .......... .......... .......... .......... 74% 1.46M 5s
  9550K .......... .......... .......... .......... .......... 74% 1.67M 5s
  9600K .......... .......... .......... .......... .......... 74%  982K 5s
  9650K .......... .......... .......... .......... .......... 75% 1.20M 5s
  9700K .......... .......... .......... .......... .......... 75% 1.06M 5s
  9750K .......... .......... .......... .......... .......... 76%  939K 5s
  9800K .......... .......... .......... .......... .......... 76% 1.28M 5s
  9850K .......... .......... .......... .......... .......... 76%  860K 5s
  9900K .......... .......... .......... .......... .......... 77% 1.17M 5s
  9950K .......... .......... .......... .......... .......... 77% 1.22M 5s
 10000K .......... .......... .......... .......... .......... 78% 1.06M 5s
 10050K .......... .......... .......... .......... .......... 78% 1.31M 4s
 10100K .......... .......... .......... .......... .......... 78% 1.30M 4s
 10150K .......... .......... .......... .......... .......... 79% 1.98M 4s
 10200K .......... .......... .......... .......... .......... 79% 1.51M 4s
 10250K .......... .......... .......... .......... .......... 79%  949K 4s
 10300K .......... .......... .......... .......... .......... 80% 1.06M 4s
 10350K .......... .......... .......... .......... .......... 80% 1.56M 4s
 10400K .......... .......... .......... .......... .......... 81% 1.57M 4s
 10450K .......... .......... .......... .......... .......... 81% 2.48M 4s
 10500K .......... .......... .......... .......... .......... 81% 1.69M 4s
 10550K .......... .......... .......... .......... .......... 82% 3.27M 4s
 10600K .......... .......... .......... .......... .......... 82% 2.27M 3s
 10650K .......... .......... .......... .......... .......... 83% 1.88M 3s
 10700K .......... .......... .......... .......... .......... 83% 2.59M 3s
 10750K .......... .......... .......... .......... .......... 83% 2.22M 3s
 10800K .......... .......... .......... .......... .......... 84% 1.34M 3s
 10850K .......... .......... .......... .......... .......... 84% 1.12M 3s
 10900K .......... .......... .......... .......... .......... 84% 1.22M 3s
 10950K .......... .......... .......... .......... .......... 85% 1.11M 3s
 11000K .......... .......... .......... .......... .......... 85%  208K 3s
 11050K .......... .......... .......... .......... .......... 86%  199K 3s
 11100K .......... .......... .......... .......... .......... 86% 1.10M 3s
 11150K .......... .......... .......... .......... .......... 86%  910K 3s
 11200K .......... .......... .......... .......... .......... 87% 1.00M 3s
 11250K .......... .......... .......... .......... .......... 87% 1.30M 2s
 11300K .......... .......... .......... .......... .......... 88% 1.33M 2s
 11350K .......... .......... .......... .......... .......... 88% 1.32M 2s
 11400K .......... .......... .......... .......... .......... 88% 1.73M 2s
 11450K .......... .......... .......... .......... .......... 89% 1.19M 2s
 11500K .......... .......... .......... .......... .......... 89% 1.34M 2s
 11550K .......... .......... .......... .......... .......... 90% 1.59M 2s
 11600K .......... .......... .......... .......... .......... 90%  815K 2s
 11650K .......... .......... .......... .......... .......... 90%  183K 2s
 11700K .......... .......... .......... .......... .......... 91%  208K 2s
 11750K .......... .......... .......... .......... .......... 91% 1.47M 2s
 11800K .......... .......... .......... .......... .......... 91%  195K 2s
 11850K .......... .......... .......... .......... .......... 92% 1.28M 2s
 11900K .......... .......... .......... .......... .......... 92%  202K 1s
 11950K .......... .......... .......... .......... .......... 93%  206K 1s
 12000K .......... .......... .......... .......... .......... 93% 1.51M 1s
 12050K .......... .......... .......... .......... .......... 93%  984K 1s
 12100K .......... .......... .......... .......... .......... 94%  774K 1s
 12150K .......... .......... .......... .......... .......... 94% 1.34M 1s
 12200K .......... .......... .......... .......... .......... 95% 1.35M 1s
 12250K .......... .......... .......... .......... .......... 95% 1.27M 1s
 12300K .......... .......... .......... .......... .......... 95% 1.46M 1s
 12350K .......... .......... .......... .......... .......... 96%  969K 1s
 12400K .......... .......... .......... .......... .......... 96%  212K 1s
 12450K .......... .......... .......... .......... .......... 97% 1.94M 1s
 12500K .......... .......... .......... .......... .......... 97% 2.00M 1s
 12550K .......... .......... .......... .......... .......... 97% 1.75M 0s
 12600K .......... .......... .......... .......... .......... 98% 2.07M 0s
 12650K .......... .......... .......... .......... .......... 98% 1.86M 0s
 12700K .......... .......... .......... .......... .......... 98% 1.35M 0s
 12750K .......... .......... .......... .......... .......... 99% 1.24M 0s
 12800K .......... .......... .......... .......... .......... 99% 1.05M 0s
 12850K .......... .......... .......... ....                 100% 1.19M=20s

2016-05-25 04:06:10 (648 KB/s) - ‘index.html.10’ saved [13193358/13193358]

