--2016-05-25 02:33:48--  http://10.30.50.93:8000/
Connecting to 10.30.50.93:8000... connected.
HTTP request sent, awaiting response... 200 OK
Length: 13193358 (13M) [text/html]
Saving to: ‘index.html.15’

     0K .......... .......... .......... .......... ..........  0%  430K 30s
    50K .......... .......... .......... .......... ..........  0%  438K 29s
   100K .......... .......... .......... .......... ..........  1%  386K 31s
   150K .......... .......... .......... .......... ..........  1%  389K 31s
   200K .......... .......... .......... .......... ..........  1%  149K 42s
   250K .......... .......... .......... .......... ..........  2%  430K 39s
   300K .......... .......... .......... .......... ..........  2%  439K 38s
   350K .......... .......... .......... .......... ..........  3% 92.0K 50s
   400K .......... .......... .......... .......... ..........  3%  386K 48s
   450K .......... .......... .......... .......... ..........  3%  429K 46s
   500K .......... .......... .......... .......... ..........  4%  397K 44s
   550K .......... .......... .......... .......... ..........  4%  428K 43s
   600K .......... .......... .......... .......... ..........  5%  152K 45s
   650K .......... .......... .......... .......... ..........  5%  426K 44s
   700K .......... .......... .......... .......... ..........  5% 55.7K 56s
   750K .......... .......... .......... .......... ..........  6%  408K 54s
   800K .......... .......... .......... .......... ..........  6%  147K 55s
   850K .......... .......... .......... .......... ..........  6%  140K 57s
   900K .......... .......... .......... .......... ..........  7%  489K 55s
   950K .......... .......... .......... .......... ..........  7% 65.4K 61s
  1000K .......... .......... .......... .......... ..........  8%  387K 59s
  1050K .......... .......... .......... .......... ..........  8%  156K 60s
  1100K .......... .......... .......... .......... ..........  8%  150K 60s
  1150K .......... .......... .......... .......... ..........  9%  354K 59s
  1200K .......... .......... .......... .......... ..........  9%  506K 57s
  1250K .......... .......... .......... .......... .......... 10%  417K 56s
  1300K .......... .......... .......... .......... .......... 10%  387K 55s
  1350K .......... .......... .......... .......... .......... 10%  428K 53s
  1400K .......... .......... .......... .......... .......... 11% 90.5K 56s
  1450K .......... .......... .......... .......... .......... 11%  575K 54s
  1500K .......... .......... .......... .......... .......... 12%  405K 53s
  1550K .......... .......... .......... .......... .......... 12%  398K 52s
  1600K .......... .......... .......... .......... .......... 12%  298K 51s
  1650K .......... .......... .......... .......... .......... 13%  426K 51s
  1700K .......... .......... .......... .......... .......... 13%  136K 51s
  1750K .......... .......... .......... .......... .......... 13%  354K 50s
  1800K .......... .......... .......... .......... .......... 14%  139K 51s
  1850K .......... .......... .......... .......... .......... 14%  350K 50s
  1900K .......... .......... .......... .......... .......... 15%  136K 51s
  1950K .......... .......... .......... .......... .......... 15%  363K 50s
  2000K .......... .......... .......... .......... .......... 15%  355K 49s
  2050K .......... .......... .......... .......... .......... 16%  157K 50s
  2100K .......... .......... .......... .......... .......... 16%  149K 50s
  2150K .......... .......... .......... .......... .......... 17%  354K 49s
  2200K .......... .......... .......... .......... .......... 17%  372K 49s
  2250K .......... .......... .......... .......... .......... 17%  346K 48s
  2300K .......... .......... .......... .......... .......... 18%  363K 47s
  2350K .......... .......... .......... .......... .......... 18%  334K 47s
  2400K .......... .......... .......... .......... .......... 19% 53.9K 50s
  2450K .......... .......... .......... .......... .......... 19%  342K 49s
  2500K .......... .......... .......... .......... .......... 19% 99.2K 50s
  2550K .......... .......... .......... .......... .......... 20% 93.0K 51s
  2600K .......... .......... .......... .......... .......... 20% 7.99M 50s
  2650K .......... .......... .......... .......... .......... 20%  155K 50s
  2700K .......... .......... .......... .......... .......... 21% 99.7K 50s
  2750K .......... .......... .......... .......... .......... 21%  428K 50s
  2800K .......... .......... .......... .......... .......... 22%  320K 49s
  2850K .......... .......... .......... .......... .......... 22% 50.8K 51s
  2900K .......... .......... .......... .......... .......... 22%  333K 51s
  2950K .......... .......... .......... .......... .......... 23%  159K 51s
  3000K .......... .......... .......... .......... .......... 23%  368K 50s
  3050K .......... .......... .......... .......... .......... 24%  429K 49s
  3100K .......... .......... .......... .......... .......... 24%  406K 49s
  3150K .......... .......... .......... .......... .......... 24% 97.4K 49s
  3200K .......... .......... .......... .......... .......... 25% 1.26M 48s
  3250K .......... .......... .......... .......... .......... 25%  363K 48s
  3300K .......... .......... .......... .......... .......... 26%  404K 47s
  3350K .......... .......... .......... .......... .......... 26%  311K 47s
  3400K .......... .......... .......... .......... .......... 26%  158K 47s
  3450K .......... .......... .......... .......... .......... 27%  370K 46s
  3500K .......... .......... .......... .......... .......... 27%  379K 45s
  3550K .......... .......... .......... .......... .......... 27%  141K 46s
  3600K .......... .......... .......... .......... .......... 28%  398K 45s
  3650K .......... .......... .......... .......... .......... 28%  449K 44s
  3700K .......... .......... .......... .......... .......... 29% 96.9K 45s
  3750K .......... .......... .......... .......... .......... 29%  159K 45s
  3800K .......... .......... .......... .......... .......... 29%  320K 44s
  3850K .......... .......... .......... .......... .......... 30%  476K 44s
  3900K .......... .......... .......... .......... .......... 30%  398K 43s
  3950K .......... .......... .......... .......... .......... 31%  149K 43s
  4000K .......... .......... .......... .......... .......... 31% 30.9K 46s
  4050K .......... .......... .......... .......... .......... 31% 92.6K 46s
  4100K .......... .......... .......... .......... .......... 32%  426K 46s
  4150K .......... .......... .......... .......... .......... 32%  363K 45s
  4200K .......... .......... .......... .......... .......... 32%  145K 45s
  4250K .......... .......... .......... .......... .......... 33%  144K 45s
  4300K .......... .......... .......... .......... .......... 33% 95.3K 45s
  4350K .......... .......... .......... .......... .......... 34%  416K 45s
  4400K .......... .......... .......... .......... .......... 34% 55.0K 46s
  4450K .......... .......... .......... .......... .......... 34% 67.4K 46s
  4500K .......... .......... .......... .......... .......... 35%  399K 46s
  4550K .......... .......... .......... .......... .......... 35%  427K 45s
  4600K .......... .......... .......... .......... .......... 36% 66.1K 46s
  4650K .......... .......... .......... .......... .......... 36%  399K 45s
  4700K .......... .......... .......... .......... .......... 36%  437K 45s
  4750K .......... .......... .......... .......... .......... 37% 65.9K 45s
  4800K .......... .......... .......... .......... .......... 37%  406K 45s
  4850K .......... .......... .......... .......... .......... 38% 68.1K 45s
  4900K .......... .......... .......... .......... .......... 38%  150K 45s
  4950K .......... .......... .......... .......... .......... 38% 44.8K 46s
  5000K .......... .......... .......... .......... .......... 39% 57.1K 47s
  5050K .......... .......... .......... .......... .......... 39%  451K 46s
  5100K .......... .......... .......... .......... .......... 39%  339K 45s
  5150K .......... .......... .......... .......... .......... 40%  523K 45s
  5200K .......... .......... .......... .......... .......... 40% 65.4K 45s
  5250K .......... .......... .......... .......... .......... 41% 35.8K 47s
  5300K .......... .......... .......... .......... .......... 41% 92.6K 47s
  5350K .......... .......... .......... .......... .......... 41% 1.11M 46s
  5400K .......... .......... .......... .......... .......... 42%  386K 45s
  5450K .......... .......... .......... .......... .......... 42%  314K 45s
  5500K .......... .......... .......... .......... .......... 43%  466K 44s
  5550K .......... .......... .......... .......... .......... 43%  308K 44s
  5600K .......... .......... .......... .......... .......... 43% 33.7K 45s
  5650K .......... .......... .......... .......... .......... 44%  153K 45s
  5700K .......... .......... .......... .......... .......... 44% 87.2K 45s
  5750K .......... .......... .......... .......... .......... 45%  380K 44s
  5800K .......... .......... .......... .......... .......... 45%  145K 44s
  5850K .......... .......... .......... .......... .......... 45%  397K 43s
  5900K .......... .......... .......... .......... .......... 46%  369K 43s
  5950K .......... .......... .......... .......... .......... 46%  416K 42s
  6000K .......... .......... .......... .......... .......... 46%  418K 42s
  6050K .......... .......... .......... .......... .......... 47%  142K 42s
  6100K .......... .......... .......... .......... .......... 47%  388K 41s
  6150K .......... .......... .......... .......... .......... 48%  425K 41s
  6200K .......... .......... .......... .......... .......... 48%  372K 40s
  6250K .......... .......... .......... .......... .......... 48%  355K 40s
  6300K .......... .......... .......... .......... .......... 49%  159K 39s
  6350K .......... .......... .......... .......... .......... 49%  277K 39s
  6400K .......... .......... .......... .......... .......... 50%  451K 38s
  6450K .......... .......... .......... .......... .......... 50%  436K 38s
  6500K .......... .......... .......... .......... .......... 50%  140K 38s
  6550K .......... .......... .......... .......... .......... 51%  268K 37s
  6600K .......... .......... .......... .......... .......... 51%  407K 37s
  6650K .......... .......... .......... .......... .......... 52%  429K 36s
  6700K .......... .......... .......... .......... .......... 52%  141K 36s
  6750K .......... .......... .......... .......... .......... 52%  419K 36s
  6800K .......... .......... .......... .......... .......... 53%  437K 35s
  6850K .......... .......... .......... .......... .......... 53% 89.1K 35s
  6900K .......... .......... .......... .......... .......... 53%  170K 35s
  6950K .......... .......... .......... .......... .......... 54%  407K 34s
  7000K .......... .......... .......... .......... .......... 54%  404K 34s
  7050K .......... .......... .......... .......... .......... 55%  370K 34s
  7100K .......... .......... .......... .......... .......... 55% 98.1K 33s
  7150K .......... .......... .......... .......... .......... 55%  170K 33s
  7200K .......... .......... .......... .......... .......... 56%  346K 33s
  7250K .......... .......... .......... .......... .......... 56%  427K 32s
  7300K .......... .......... .......... .......... .......... 57%  464K 32s
  7350K .......... .......... .......... .......... .......... 57%  303K 32s
  7400K .......... .......... .......... .......... .......... 57% 65.9K 32s
  7450K .......... .......... .......... .......... .......... 58%  147K 31s
  7500K .......... .......... .......... .......... .......... 58%  319K 31s
  7550K .......... .......... .......... .......... .......... 58%  466K 31s
  7600K .......... .......... .......... .......... .......... 59%  405K 30s
  7650K .......... .......... .......... .......... .......... 59%  399K 30s
  7700K .......... .......... .......... .......... .......... 60%  353K 29s
  7750K .......... .......... .......... .......... .......... 60% 93.2K 29s
  7800K .......... .......... .......... .......... .......... 60%  156K 29s
  7850K .......... .......... .......... .......... .......... 61%  362K 29s
  7900K .......... .......... .......... .......... .......... 61%  144K 28s
  7950K .......... .......... .......... .......... .......... 62%  409K 28s
  8000K .......... .......... .......... .......... .......... 62%  157K 28s
  8050K .......... .......... .......... .......... .......... 62%  138K 27s
  8100K .......... .......... .......... .......... .......... 63%  419K 27s
  8150K .......... .......... .......... .......... .......... 63%  427K 27s
  8200K .......... .......... .......... .......... .......... 64% 74.0K 27s
  8250K .......... .......... .......... .......... .......... 64%  539K 26s
  8300K .......... .......... .......... .......... .......... 64%  332K 26s
  8350K .......... .......... .......... .......... .......... 65% 91.0K 26s
  8400K .......... .......... .......... .......... .......... 65% 52.1K 26s
  8450K .......... .......... .......... .......... .......... 65%  355K 25s
  8500K .......... .......... .......... .......... .......... 66%  440K 25s
  8550K .......... .......... .......... .......... .......... 66%  370K 25s
  8600K .......... .......... .......... .......... .......... 67%  313K 24s
  8650K .......... .......... .......... .......... .......... 67%  453K 24s
  8700K .......... .......... .......... .......... .......... 67%  332K 24s
  8750K .......... .......... .......... .......... .......... 68% 93.7K 23s
  8800K .......... .......... .......... .......... .......... 68%  168K 23s
  8850K .......... .......... .......... .......... .......... 69%  157K 23s
  8900K .......... .......... .......... .......... .......... 69%  451K 23s
  8950K .......... .......... .......... .......... .......... 69%  361K 22s
  9000K .......... .......... .......... .......... .......... 70%  310K 22s
  9050K .......... .......... .......... .......... .......... 70%  362K 21s
  9100K .......... .......... .......... .......... .......... 71%  429K 21s
  9150K .......... .......... .......... .......... .......... 71%  147K 21s
  9200K .......... .......... .......... .......... .......... 71%  427K 21s
  9250K .......... .......... .......... .......... .......... 72%  149K 20s
  9300K .......... .......... .......... .......... .......... 72%  474K 20s
  9350K .......... .......... .......... .......... .......... 72%  379K 20s
  9400K .......... .......... .......... .......... .......... 73%  386K 19s
  9450K .......... .......... .......... .......... .......... 73%  494K 19s
  9500K .......... .......... .......... .......... .......... 74%  440K 19s
  9550K .......... .......... .......... .......... .......... 74%  427K 18s
  9600K .......... .......... .......... .......... .......... 74%  362K 18s
  9650K .......... .......... .......... .......... .......... 75%  462K 18s
  9700K .......... .......... .......... .......... .......... 75%  346K 17s
  9750K .......... .......... .......... .......... .......... 76% 92.5K 17s
  9800K .......... .......... .......... .......... .......... 76%  150K 17s
  9850K .......... .......... .......... .......... .......... 76% 65.3K 17s
  9900K .......... .......... .......... .......... .......... 77%  363K 16s
  9950K .......... .......... .......... .......... .......... 77%  522K 16s
 10000K .......... .......... .......... .......... .......... 78%  428K 16s
 10050K .......... .......... .......... .......... .......... 78% 15.1K 16s
 10100K .......... .......... .......... .......... .......... 78%  489K 16s
 10150K .......... .......... .......... .......... .......... 79%  390K 16s
 10200K .......... .......... .......... .......... .......... 79%  407K 15s
 10250K .......... .......... .......... .......... .......... 79%  435K 15s
 10300K .......... .......... .......... .......... .......... 80%  146K 15s
 10350K .......... .......... .......... .......... .......... 80%  140K 14s
 10400K .......... .......... .......... .......... .......... 81% 85.8K 14s
 10450K .......... .......... .......... .......... .......... 81% 91.1K 14s
 10500K .......... .......... .......... .......... .......... 81%  340K 14s
 10550K .......... .......... .......... .......... .......... 82% 67.5K 13s
 10600K .......... .......... .......... .......... .......... 82%  504K 13s
 10650K .......... .......... .......... .......... .......... 83%  379K 13s
 10700K .......... .......... .......... .......... .......... 83%  380K 12s
 10750K .......... .......... .......... .......... .......... 83% 42.1K 12s
 10800K .......... .......... .......... .......... .......... 84%  523K 12s
 10850K .......... .......... .......... .......... .......... 84%  389K 12s
 10900K .......... .......... .......... .......... .......... 84%  406K 11s
 10950K .......... .......... .......... .......... .......... 85%  463K 11s
 11000K .......... .......... .......... .......... .......... 85%  476K 11s
 11050K .......... .......... .......... .......... .......... 86%  378K 10s
 11100K .......... .......... .......... .......... .......... 86%  397K 10s
 11150K .......... .......... .......... .......... .......... 86%  327K 10s
 11200K .......... .......... .......... .......... .......... 87%  153K 9s
 11250K .......... .......... .......... .......... .......... 87%  144K 9s
 11300K .......... .......... .......... .......... .......... 88%  394K 9s
 11350K .......... .......... .......... .......... .......... 88%  463K 9s
 11400K .......... .......... .......... .......... .......... 88%  342K 8s
 11450K .......... .......... .......... .......... .......... 89%  154K 8s
 11500K .......... .......... .......... .......... .......... 89%  379K 8s
 11550K .......... .......... .......... .......... .......... 90%  397K 7s
 11600K .......... .......... .......... .......... .......... 90%  326K 7s
 11650K .......... .......... .......... .......... .......... 90%  452K 7s
 11700K .......... .......... .......... .......... .......... 91%  428K 6s
 11750K .......... .......... .......... .......... .......... 91%  406K 6s
 11800K .......... .......... .......... .......... .......... 91%  437K 6s
 11850K .......... .......... .......... .......... .......... 92%  418K 6s
 11900K .......... .......... .......... .......... .......... 92%  487K 5s
 11950K .......... .......... .......... .......... .......... 93%  340K 5s
 12000K .......... .......... .......... .......... .......... 93%  418K 5s
 12050K .......... .......... .......... .......... .......... 93%  396K 4s
 12100K .......... .......... .......... .......... .......... 94%  380K 4s
 12150K .......... .......... .......... .......... .......... 94%  386K 4s
 12200K .......... .......... .......... .......... .......... 95%  348K 4s
 12250K .......... .......... .......... .......... .......... 95%  154K 3s
 12300K .......... .......... .......... .......... .......... 95%  415K 3s
 12350K .......... .......... .......... .......... .......... 96% 28.2K 3s
 12400K .......... .......... .......... .......... .......... 96%  575K 2s
 12450K .......... .......... .......... .......... .......... 97%  452K 2s
 12500K .......... .......... .......... .......... .......... 97%  378K 2s
 12550K .......... .......... .......... .......... .......... 97%  159K 2s
 12600K .......... .......... .......... .......... .......... 98% 62.0K 1s
 12650K .......... .......... .......... .......... .......... 98%  146K 1s
 12700K .......... .......... .......... .......... .......... 98%  399K 1s
 12750K .......... .......... .......... .......... .......... 99%  134K 0s
 12800K .......... .......... .......... .......... .......... 99%  395K 0s
 12850K .......... .......... .......... ....                 100%  567K=73s

2016-05-25 02:35:01 (177 KB/s) - ‘index.html.15’ saved [13193358/13193358]

