--2016-05-25 03:29:23--  http://10.30.50.93:8000/
Connecting to 10.30.50.93:8000... connected.
HTTP request sent, awaiting response... 200 OK
Length: 13193358 (13M) [text/html]
Saving to: ‘index.html.19’

     0K .......... .......... .......... .......... ..........  0% 1.13M 11s
    50K .......... .......... .......... .......... ..........  0% 1.24M 11s
   100K .......... .......... .......... .......... ..........  1%  814K 12s
   150K .......... .......... .......... .......... ..........  1%  107K 39s
   200K .......... .......... .......... .......... ..........  1%  614K 35s
   250K .......... .......... .......... .......... ..........  2%  772K 32s
   300K .......... .......... .......... .......... ..........  2% 74.1K 51s
   350K .......... .......... .......... .......... ..........  3%  827K 47s
   400K .......... .......... .......... .......... ..........  3% 55.6K 66s
   450K .......... .......... .......... .......... ..........  3%  194K 66s
   500K .......... .......... .......... .......... ..........  4% 33.7K 93s
   550K .......... .......... .......... .......... ..........  4%  193K 90s
   600K .......... .......... .......... .......... ..........  5%  105K 92s
   650K .......... .......... .......... .......... ..........  5%  192K 89s
   700K .......... .......... .......... .......... ..........  5% 58.1K 97s
   750K .......... .......... .......... .......... ..........  6%  106K 98s
   800K .......... .......... .......... .......... ..........  6%  792K 92s
   850K .......... .......... .......... .......... ..........  6%  197K 90s
   900K .......... .......... .......... .......... ..........  7%  199K 88s
   950K .......... .......... .......... .......... ..........  7% 33.8K 1m41s
  1000K .......... .......... .......... .......... ..........  8%  117K 1m41s
  1050K .......... .......... .......... .......... ..........  8%  185K 99s
  1100K .......... .......... .......... .......... ..........  8%  193K 97s
  1150K .......... .......... .......... .......... ..........  9%  929K 93s
  1200K .......... .......... .......... .......... ..........  9%  644K 89s
  1250K .......... .......... .......... .......... .......... 10% 74.5K 91s
  1300K .......... .......... .......... .......... .......... 10%  809K 88s
  1350K .......... .......... .......... .......... .......... 10%  935K 85s
  1400K .......... .......... .......... .......... .......... 11%  853K 82s
  1450K .......... .......... .......... .......... .......... 11% 76.7K 84s
  1500K .......... .......... .......... .......... .......... 12%  182K 83s
  1550K .......... .......... .......... .......... .......... 12%  187K 82s
  1600K .......... .......... .......... .......... .......... 12% 73.1K 84s
  1650K .......... .......... .......... .......... .......... 13%  105K 84s
  1700K .......... .......... .......... .......... .......... 13% 75.0K 86s
  1750K .......... .......... .......... .......... .......... 13%  195K 84s
  1800K .......... .......... .......... .......... .......... 14%  186K 83s
  1850K .......... .......... .......... .......... .......... 14%  709K 81s
  1900K .......... .......... .......... .......... .......... 15%  192K 80s
  1950K .......... .......... .......... .......... .......... 15% 58.3K 83s
  2000K .......... .......... .......... .......... .......... 15%  753K 81s
  2050K .......... .......... .......... .......... .......... 16% 57.1K 83s
  2100K .......... .......... .......... .......... .......... 16%  188K 82s
  2150K .......... .......... .......... .......... .......... 17%  106K 82s
  2200K .......... .......... .......... .......... .......... 17%  717K 80s
  2250K .......... .......... .......... .......... .......... 17%  799K 78s
  2300K .......... .......... .......... .......... .......... 18% 75.5K 79s
  2350K .......... .......... .......... .......... .......... 18%  634K 77s
  2400K .......... .......... .......... .......... .......... 19%  185K 77s
  2450K .......... .......... .......... .......... .......... 19%  190K 76s
  2500K .......... .......... .......... .......... .......... 19%  188K 75s
  2550K .......... .......... .......... .......... .......... 20% 74.6K 76s
  2600K .......... .......... .......... .......... .......... 20%  114K 76s
  2650K .......... .......... .......... .......... .......... 20% 71.4K 77s
  2700K .......... .......... .......... .......... .......... 21%  190K 76s
  2750K .......... .......... .......... .......... .......... 21%  875K 74s
  2800K .......... .......... .......... .......... .......... 22% 1.01M 73s
  2850K .......... .......... .......... .......... .......... 22%  849K 71s
  2900K .......... .......... .......... .......... .......... 22%  107K 71s
  2950K .......... .......... .......... .......... .......... 23%  189K 71s
  3000K .......... .......... .......... .......... .......... 23% 72.8K 72s
  3050K .......... .......... .......... .......... .......... 24% 20.1K 78s
  3100K .......... .......... .......... .......... .......... 24%  189K 77s
  3150K .......... .......... .......... .......... .......... 24%  107K 77s
  3200K .......... .......... .......... .......... .......... 25% 1.55M 75s
  3250K .......... .......... .......... .......... .......... 25%  103K 75s
  3300K .......... .......... .......... .......... .......... 26% 23.7K 80s
  3350K .......... .......... .......... .......... .......... 26% 1009K 78s
  3400K .......... .......... .......... .......... .......... 26%  187K 78s
  3450K .......... .......... .......... .......... .......... 27% 21.6K 82s
  3500K .......... .......... .......... .......... .......... 27% 74.9K 82s
  3550K .......... .......... .......... .......... .......... 27%  188K 81s
  3600K .......... .......... .......... .......... .......... 28%  951K 80s
  3650K .......... .......... .......... .......... .......... 28%  910K 79s
  3700K .......... .......... .......... .......... .......... 29%  188K 78s
  3750K .......... .......... .......... .......... .......... 29%  189K 77s
  3800K .......... .......... .......... .......... .......... 29%  195K 76s
  3850K .......... .......... .......... .......... .......... 30% 33.6K 78s
  3900K .......... .......... .......... .......... .......... 30% 73.4K 78s
  3950K .......... .......... .......... .......... .......... 31% 57.8K 79s
  4000K .......... .......... .......... .......... .......... 31%  730K 78s
  4050K .......... .......... .......... .......... .......... 31% 70.4K 78s
  4100K .......... .......... .......... .......... .......... 32%  105K 77s
  4150K .......... .......... .......... .......... .......... 32%  765K 76s
  4200K .......... .......... .......... .......... .......... 32%  189K 75s
  4250K .......... .......... .......... .......... .......... 33%  188K 75s
  4300K .......... .......... .......... .......... .......... 33% 46.3K 75s
  4350K .......... .......... .......... .......... .......... 34%  189K 75s
  4400K .......... .......... .......... .......... .......... 34% 73.1K 75s
  4450K .......... .......... .......... .......... .......... 34% 58.9K 75s
  4500K .......... .......... .......... .......... .......... 35%  793K 74s
  4550K .......... .......... .......... .......... .......... 35% 74.0K 74s
  4600K .......... .......... .......... .......... .......... 36%  117K 73s
  4650K .......... .......... .......... .......... .......... 36% 75.5K 73s
  4700K .......... .......... .......... .......... .......... 36%  707K 72s
  4750K .......... .......... .......... .......... .......... 37% 26.5K 74s
  4800K .......... .......... .......... .......... .......... 37%  646K 73s
  4850K .......... .......... .......... .......... .......... 38%  187K 72s
  4900K .......... .......... .......... .......... .......... 38% 74.6K 72s
  4950K .......... .......... .......... .......... .......... 38%  113K 72s
  5000K .......... .......... .......... .......... .......... 39%  801K 71s
  5050K .......... .......... .......... .......... .......... 39%  106K 70s
  5100K .......... .......... .......... .......... .......... 39%  997K 69s
  5150K .......... .......... .......... .......... .......... 40%  195K 68s
  5200K .......... .......... .......... .......... .......... 40%  109K 68s
  5250K .......... .......... .......... .......... .......... 41% 21.4K 70s
  5300K .......... .......... .......... .......... .......... 41%  191K 70s
  5350K .......... .......... .......... .......... .......... 41%  110K 69s
  5400K .......... .......... .......... .......... .......... 42%  106K 69s
  5450K .......... .......... .......... .......... .......... 42%  103K 68s
  5500K .......... .......... .......... .......... .......... 43% 72.9K 68s
  5550K .......... .......... .......... .......... .......... 43%  106K 68s
  5600K .......... .......... .......... .......... .......... 43%  200K 67s
  5650K .......... .......... .......... .......... .......... 44% 73.0K 67s
  5700K .......... .......... .......... .......... .......... 44%  783K 66s
  5750K .......... .......... .......... .......... .......... 45%  823K 65s
  5800K .......... .......... .......... .......... .......... 45%  705K 64s
  5850K .......... .......... .......... .......... .......... 45%  103K 63s
  5900K .......... .......... .......... .......... .......... 46%  106K 63s
  5950K .......... .......... .......... .......... .......... 46%  196K 62s
  6000K .......... .......... .......... .......... .......... 46% 1003K 61s
  6050K .......... .......... .......... .......... .......... 47%  928K 61s
  6100K .......... .......... .......... .......... .......... 47%  187K 60s
  6150K .......... .......... .......... .......... .......... 48%  102K 59s
  6200K .......... .......... .......... .......... .......... 48%  109K 59s
  6250K .......... .......... .......... .......... .......... 48%  194K 58s
  6300K .......... .......... .......... .......... .......... 49% 74.8K 58s
  6350K .......... .......... .......... .......... .......... 49%  107K 58s
  6400K .......... .......... .......... .......... .......... 50%  903K 57s
  6450K .......... .......... .......... .......... .......... 50%  177K 56s
  6500K .......... .......... .......... .......... .......... 50%  197K 56s
  6550K .......... .......... .......... .......... .......... 51% 73.7K 55s
  6600K .......... .......... .......... .......... .......... 51%  110K 55s
  6650K .......... .......... .......... .......... .......... 52%  110K 55s
  6700K .......... .......... .......... .......... .......... 52%  184K 54s
  6750K .......... .......... .......... .......... .......... 52%  198K 53s
  6800K .......... .......... .......... .......... .......... 53% 56.9K 53s
  6850K .......... .......... .......... .......... .......... 53%  194K 53s
  6900K .......... .......... .......... .......... .......... 53% 76.1K 53s
  6950K .......... .......... .......... .......... .......... 54%  108K 52s
  7000K .......... .......... .......... .......... .......... 54%  198K 51s
  7050K .......... .......... .......... .......... .......... 55%  105K 51s
  7100K .......... .......... .......... .......... .......... 55%  178K 51s
  7150K .......... .......... .......... .......... .......... 55%  963K 50s
  7200K .......... .......... .......... .......... .......... 56% 57.4K 50s
  7250K .......... .......... .......... .......... .......... 56%  713K 49s
  7300K .......... .......... .......... .......... .......... 57%  191K 48s
  7350K .......... .......... .......... .......... .......... 57% 21.9K 49s
  7400K .......... .......... .......... .......... .......... 57%  651K 49s
  7450K .......... .......... .......... .......... .......... 58%  896K 48s
  7500K .......... .......... .......... .......... .......... 58%  871K 47s
  7550K .......... .......... .......... .......... .......... 58%  946K 46s
  7600K .......... .......... .......... .......... .......... 59%  201K 46s
  7650K .......... .......... .......... .......... .......... 59% 76.7K 46s
  7700K .......... .......... .......... .......... .......... 60%  214K 45s
  7750K .......... .......... .......... .......... .......... 60% 38.6K 45s
  7800K .......... .......... .......... .......... .......... 60% 1.35M 44s
  7850K .......... .......... .......... .......... .......... 61%  115K 44s
  7900K .......... .......... .......... .......... .......... 61%  108K 44s
  7950K .......... .......... .......... .......... .......... 62%  197K 43s
  8000K .......... .......... .......... .......... .......... 62%  105K 43s
  8050K .......... .......... .......... .......... .......... 62%  754K 42s
  8100K .......... .......... .......... .......... .......... 63%  871K 41s
  8150K .......... .......... .......... .......... .......... 63% 29.7K 42s
  8200K .......... .......... .......... .......... .......... 64%  995K 41s
  8250K .......... .......... .......... .......... .......... 64%  194K 40s
  8300K .......... .......... .......... .......... .......... 64%  874K 40s
  8350K .......... .......... .......... .......... .......... 65%  605K 39s
  8400K .......... .......... .......... .......... .......... 65% 73.3K 39s
  8450K .......... .......... .......... .......... .......... 65%  926K 38s
  8500K .......... .......... .......... .......... .......... 66%  104K 38s
  8550K .......... .......... .......... .......... .......... 66%  788K 37s
  8600K .......... .......... .......... .......... .......... 67%  104K 37s
  8650K .......... .......... .......... .......... .......... 67%  179K 36s
  8700K .......... .......... .......... .......... .......... 67%  110K 36s
  8750K .......... .......... .......... .......... .......... 68%  197K 35s
  8800K .......... .......... .......... .......... .......... 68%  190K 35s
  8850K .......... .......... .......... .......... .......... 69%  838K 34s
  8900K .......... .......... .......... .......... .......... 69%  108K 34s
  8950K .......... .......... .......... .......... .......... 69% 1.02M 33s
  9000K .......... .......... .......... .......... .......... 70%  105K 33s
  9050K .......... .......... .......... .......... .......... 70%  176K 32s
  9100K .......... .......... .......... .......... .......... 71%  187K 32s
  9150K .......... .......... .......... .......... .......... 71%  748K 31s
  9200K .......... .......... .......... .......... .......... 71% 46.8K 31s
  9250K .......... .......... .......... .......... .......... 72%  183K 30s
  9300K .......... .......... .......... .......... .......... 72%  696K 30s
  9350K .......... .......... .......... .......... .......... 72%  194K 29s
  9400K .......... .......... .......... .......... .......... 73% 75.2K 29s
  9450K .......... .......... .......... .......... .......... 73%  109K 29s
  9500K .......... .......... .......... .......... .......... 74% 13.5K 29s
  9550K .......... .......... .......... .......... .......... 74% 73.9K 29s
  9600K .......... .......... .......... .......... .......... 74%  197K 29s
  9650K .......... .......... .......... .......... .......... 75%  856K 28s
  9700K .......... .......... .......... .......... .......... 75%  105K 28s
  9750K .......... .......... .......... .......... .......... 76% 55.6K 27s
  9800K .......... .......... .......... .......... .......... 76%  986K 27s
  9850K .......... .......... .......... .......... .......... 76% 75.5K 26s
  9900K .......... .......... .......... .......... .......... 77%  191K 26s
  9950K .......... .......... .......... .......... .......... 77%  115K 25s
 10000K .......... .......... .......... .......... .......... 78% 33.2K 25s
 10050K .......... .......... .......... .......... .......... 78%  108K 25s
 10100K .......... .......... .......... .......... .......... 78%  788K 24s
 10150K .......... .......... .......... .......... .......... 79% 74.2K 24s
 10200K .......... .......... .......... .......... .......... 79%  984K 23s
 10250K .......... .......... .......... .......... .......... 79% 29.1K 23s
 10300K .......... .......... .......... .......... .......... 80%  616K 23s
 10350K .......... .......... .......... .......... .......... 80%  105K 22s
 10400K .......... .......... .......... .......... .......... 81% 56.8K 22s
 10450K .......... .......... .......... .......... .......... 81%  175K 21s
 10500K .......... .......... .......... .......... .......... 81%  111K 21s
 10550K .......... .......... .......... .......... .......... 82%  195K 20s
 10600K .......... .......... .......... .......... .......... 82%  833K 20s
 10650K .......... .......... .......... .......... .......... 83%  190K 19s
 10700K .......... .......... .......... .......... .......... 83%  764K 19s
 10750K .......... .......... .......... .......... .......... 83% 47.1K 19s
 10800K .......... .......... .......... .......... .......... 84%  688K 18s
 10850K .......... .......... .......... .......... .......... 84% 73.4K 18s
 10900K .......... .......... .......... .......... .......... 84%  693K 17s
 10950K .......... .......... .......... .......... .......... 85%  182K 17s
 11000K .......... .......... .......... .......... .......... 85%  194K 16s
 11050K .......... .......... .......... .......... .......... 86%  193K 16s
 11100K .......... .......... .......... .......... .......... 86%  193K 15s
 11150K .......... .......... .......... .......... .......... 86%  875K 15s
 11200K .......... .......... .......... .......... .......... 87%  108K 14s
 11250K .......... .......... .......... .......... .......... 87% 29.5K 14s
 11300K .......... .......... .......... .......... .......... 88%  108K 14s
 11350K .......... .......... .......... .......... .......... 88% 21.9K 13s
 11400K .......... .......... .......... .......... .......... 88%  208K 13s
 11450K .......... .......... .......... .......... .......... 89%  194K 12s
 11500K .......... .......... .......... .......... .......... 89% 1021K 12s
 11550K .......... .......... .......... .......... .......... 90% 56.8K 12s
 11600K .......... .......... .......... .......... .......... 90%  185K 11s
 11650K .......... .......... .......... .......... .......... 90%  104K 11s
 11700K .......... .......... .......... .......... .......... 91%  615K 10s
 11750K .......... .......... .......... .......... .......... 91%  110K 10s
 11800K .......... .......... .......... .......... .......... 91%  199K 9s
 11850K .......... .......... .......... .......... .......... 92%  605K 9s
 11900K .......... .......... .......... .......... .......... 92%  108K 8s
 11950K .......... .......... .......... .......... .......... 93% 33.6K 8s
 12000K .......... .......... .......... .......... .......... 93%  993K 7s
 12050K .......... .......... .......... .......... .......... 93% 76.1K 7s
 12100K .......... .......... .......... .......... .......... 94%  769K 7s
 12150K .......... .......... .......... .......... .......... 94%  735K 6s
 12200K .......... .......... .......... .......... .......... 95% 38.2K 6s
 12250K .......... .......... .......... .......... .......... 95%  793K 5s
 12300K .......... .......... .......... .......... .......... 95%  889K 5s
 12350K .......... .......... .......... .......... .......... 96%  726K 4s
 12400K .......... .......... .......... .......... .......... 96%  884K 4s
 12450K .......... .......... .......... .......... .......... 97%  110K 3s
 12500K .......... .......... .......... .......... .......... 97%  677K 3s
 12550K .......... .......... .......... .......... .......... 97%  868K 3s
 12600K .......... .......... .......... .......... .......... 98% 1.01M 2s
 12650K .......... .......... .......... .......... .......... 98%  108K 2s
 12700K .......... .......... .......... .......... .......... 98%  181K 1s
 12750K .......... .......... .......... .......... .......... 99%  103K 1s
 12800K .......... .......... .......... .......... .......... 99%  195K 0s
 12850K .......... .......... .......... ....                 100%  134K=1m53s

2016-05-25 03:31:16 (114 KB/s) - ‘index.html.19’ saved [13193358/13193358]

