--2016-05-25 02:55:05--  http://10.30.50.93:8000/
Connecting to 10.30.50.93:8000... connected.
HTTP request sent, awaiting response... 200 OK
Length: 13193358 (13M) [text/html]
Saving to: ‘index.html.4’

     0K .......... .......... .......... .......... ..........  0%  581K 22s
    50K .......... .......... .......... .......... ..........  0%  505K 24s
   100K .......... .......... .......... .......... ..........  1%  674K 22s
   150K .......... .......... .......... .......... ..........  1%  593K 22s
   200K .......... .......... .......... .......... ..........  1%  593K 22s
   250K .......... .......... .......... .......... ..........  2%  587K 22s
   300K .......... .......... .......... .......... ..........  2%  592K 21s
   350K .......... .......... .......... .......... ..........  3%  596K 21s
   400K .......... .......... .......... .......... ..........  3%  549K 21s
   450K .......... .......... .......... .......... ..........  3%  596K 21s
   500K .......... .......... .......... .......... ..........  4%  532K 21s
   550K .......... .......... .......... .......... ..........  4%  594K 21s
   600K .......... .......... .......... .......... ..........  5%  583K 21s
   650K .......... .......... .......... .......... ..........  5%  547K 21s
   700K .......... .......... .......... .......... ..........  5%  598K 21s
   750K .......... .......... .......... .......... ..........  6%  594K 21s
   800K .......... .......... .......... .......... ..........  6%  559K 21s
   850K .......... .......... .......... .......... ..........  6%  598K 21s
   900K .......... .......... .......... .......... ..........  7%  592K 21s
   950K .......... .......... .......... .......... ..........  7%  564K 21s
  1000K .......... .......... .......... .......... ..........  8%  579K 20s
  1050K .......... .......... .......... .......... ..........  8%  545K 20s
  1100K .......... .......... .......... .......... ..........  8%  592K 20s
  1150K .......... .......... .......... .......... ..........  9%  554K 20s
  1200K .......... .......... .......... .......... ..........  9%  580K 20s
  1250K .......... .......... .......... .......... .......... 10%  592K 20s
  1300K .......... .......... .......... .......... .......... 10%  575K 20s
  1350K .......... .......... .......... .......... .......... 10%  568K 20s
  1400K .......... .......... .......... .......... .......... 11%  598K 20s
  1450K .......... .......... .......... .......... .......... 11%  595K 20s
  1500K .......... .......... .......... .......... .......... 12%  571K 20s
  1550K .......... .......... .......... .......... .......... 12%  598K 19s
  1600K .......... .......... .......... .......... .......... 12%  462K 20s
  1650K .......... .......... .......... .......... .......... 13%  728K 19s
  1700K .......... .......... .......... .......... .......... 13%  593K 19s
  1750K .......... .......... .......... .......... .......... 13%  562K 19s
  1800K .......... .......... .......... .......... .......... 14%  597K 19s
  1850K .......... .......... .......... .......... .......... 14%  595K 19s
  1900K .......... .......... .......... .......... .......... 15%  561K 19s
  1950K .......... .......... .......... .......... .......... 15%  585K 19s
  2000K .......... .......... .......... .......... .......... 15%  506K 19s
  2050K .......... .......... .......... .......... .......... 16%  645K 19s
  2100K .......... .......... .......... .......... .......... 16%  596K 19s
  2150K .......... .......... .......... .......... .......... 17%  584K 18s
  2200K .......... .......... .......... .......... .......... 17%  557K 18s
  2250K .......... .......... .......... .......... .......... 17%  595K 18s
  2300K .......... .......... .......... .......... .......... 18%  597K 18s
  2350K .......... .......... .......... .......... .......... 18%  579K 18s
  2400K .......... .......... .......... .......... .......... 19%  485K 18s
  2450K .......... .......... .......... .......... .......... 19%  696K 18s
  2500K .......... .......... .......... .......... .......... 19%  597K 18s
  2550K .......... .......... .......... .......... .......... 20%  561K 18s
  2600K .......... .......... .......... .......... .......... 20%  550K 18s
  2650K .......... .......... .......... .......... .......... 20%  596K 18s
  2700K .......... .......... .......... .......... .......... 21%  598K 18s
  2750K .......... .......... .......... .......... .......... 21%  558K 17s
  2800K .......... .......... .......... .......... .......... 22%  594K 17s
  2850K .......... .......... .......... .......... .......... 22%  496K 17s
  2900K .......... .......... .......... .......... .......... 22%  579K 17s
  2950K .......... .......... .......... .......... .......... 23%  628K 17s
  3000K .......... .......... .......... .......... .......... 23%  569K 17s
  3050K .......... .......... .......... .......... .......... 24%  596K 17s
  3100K .......... .......... .......... .......... .......... 24%  532K 17s
  3150K .......... .......... .......... .......... .......... 24%  583K 17s
  3200K .......... .......... .......... .......... .......... 25%  594K 17s
  3250K .......... .......... .......... .......... .......... 25%  591K 17s
  3300K .......... .......... .......... .......... .......... 26%  562K 17s
  3350K .......... .......... .......... .......... .......... 26%  595K 16s
  3400K .......... .......... .......... .......... .......... 26%  493K 16s
  3450K .......... .......... .......... .......... .......... 27%  699K 16s
  3500K .......... .......... .......... .......... .......... 27%  596K 16s
  3550K .......... .......... .......... .......... .......... 27%  584K 16s
  3600K .......... .......... .......... .......... .......... 28%  572K 16s
  3650K .......... .......... .......... .......... .......... 28%  596K 16s
  3700K .......... .......... .......... .......... .......... 29%  546K 16s
  3750K .......... .......... .......... .......... .......... 29%  587K 16s
  3800K .......... .......... .......... .......... .......... 29%  531K 16s
  3850K .......... .......... .......... .......... .......... 30%  596K 16s
  3900K .......... .......... .......... .......... .......... 30%  581K 15s
  3950K .......... .......... .......... .......... .......... 31%  593K 15s
  4000K .......... .......... .......... .......... .......... 31%  562K 15s
  4050K .......... .......... .......... .......... .......... 31%  534K 15s
  4100K .......... .......... .......... .......... .......... 32%  647K 15s
  4150K .......... .......... .......... .......... .......... 32%  571K 15s
  4200K .......... .......... .......... .......... .......... 32%  594K 15s
  4250K .......... .......... .......... .......... .......... 33%  574K 15s
  4300K .......... .......... .......... .......... .......... 33%  579K 15s
  4350K .......... .......... .......... .......... .......... 34%  596K 15s
  4400K .......... .......... .......... .......... .......... 34%  564K 15s
  4450K .......... .......... .......... .......... .......... 34%  594K 15s
  4500K .......... .......... .......... .......... .......... 35%  584K 14s
  4550K .......... .......... .......... .......... .......... 35%  574K 14s
  4600K .......... .......... .......... .......... .......... 36%  596K 14s
  4650K .......... .......... .......... .......... .......... 36%  562K 14s
  4700K .......... .......... .......... .......... .......... 36%  578K 14s
  4750K .......... .......... .......... .......... .......... 37%  581K 14s
  4800K .......... .......... .......... .......... .......... 37%  498K 14s
  4850K .......... .......... .......... .......... .......... 38%  665K 14s
  4900K .......... .......... .......... .......... .......... 38%  591K 14s
  4950K .......... .......... .......... .......... .......... 38%  573K 14s
  5000K .......... .......... .......... .......... .......... 39%  574K 14s
  5050K .......... .......... .......... .......... .......... 39%  577K 13s
  5100K .......... .......... .......... .......... .......... 39%  577K 13s
  5150K .......... .......... .......... .......... .......... 40%  596K 13s
  5200K .......... .......... .......... .......... .......... 40%  594K 13s
  5250K .......... .......... .......... .......... .......... 41%  524K 13s
  5300K .......... .......... .......... .......... .......... 41%  576K 13s
  5350K .......... .......... .......... .......... .......... 41%  586K 13s
  5400K .......... .......... .......... .......... .......... 42%  572K 13s
  5450K .......... .......... .......... .......... .......... 42%  597K 13s
  5500K .......... .......... .......... .......... .......... 43%  579K 13s
  5550K .......... .......... .......... .......... .......... 43%  578K 13s
  5600K .......... .......... .......... .......... .......... 43%  582K 13s
  5650K .......... .......... .......... .......... .......... 44%  460K 12s
  5700K .......... .......... .......... .......... .......... 44%  632K 12s
  5750K .......... .......... .......... .......... .......... 45%  698K 12s
  5800K .......... .......... .......... .......... .......... 45%  551K 12s
  5850K .......... .......... .......... .......... .......... 45%  561K 12s
  5900K .......... .......... .......... .......... .......... 46%  596K 12s
  5950K .......... .......... .......... .......... .......... 46%  571K 12s
  6000K .......... .......... .......... .......... .......... 46%  596K 12s
  6050K .......... .......... .......... .......... .......... 47%  567K 12s
  6100K .......... .......... .......... .......... .......... 47%  577K 12s
  6150K .......... .......... .......... .......... .......... 48%  584K 12s
  6200K .......... .......... .......... .......... .......... 48%  557K 11s
  6250K .......... .......... .......... .......... .......... 48%  599K 11s
  6300K .......... .......... .......... .......... .......... 49%  579K 11s
  6350K .......... .......... .......... .......... .......... 49%  576K 11s
  6400K .......... .......... .......... .......... .......... 50%  580K 11s
  6450K .......... .......... .......... .......... .......... 50%  562K 11s
  6500K .......... .......... .......... .......... .......... 50%  583K 11s
  6550K .......... .......... .......... .......... .......... 51%  564K 11s
  6600K .......... .......... .......... .......... .......... 51%  591K 11s
  6650K .......... .......... .......... .......... .......... 52%  549K 11s
  6700K .......... .......... .......... .......... .......... 52%  598K 11s
  6750K .......... .......... .......... .......... .......... 52%  496K 11s
  6800K .......... .......... .......... .......... .......... 53%  664K 10s
  6850K .......... .......... .......... .......... .......... 53%  592K 10s
  6900K .......... .......... .......... .......... .......... 53%  585K 10s
  6950K .......... .......... .......... .......... .......... 54%  595K 10s
  7000K .......... .......... .......... .......... .......... 54%  580K 10s
  7050K .......... .......... .......... .......... .......... 55%  562K 10s
  7100K .......... .......... .......... .......... .......... 55%  575K 10s
  7150K .......... .......... .......... .......... .......... 55%  582K 10s
  7200K .......... .......... .......... .......... .......... 56%  530K 10s
  7250K .......... .......... .......... .......... .......... 56%  513K 10s
  7300K .......... .......... .......... .......... .......... 57%  578K 10s
  7350K .......... .......... .......... .......... .......... 57%  670K 9s
  7400K .......... .......... .......... .......... .......... 57%  495K 9s
  7450K .......... .......... .......... .......... .......... 58%  692K 9s
  7500K .......... .......... .......... .......... .......... 58%  585K 9s
  7550K .......... .......... .......... .......... .......... 58%  595K 9s
  7600K .......... .......... .......... .......... .......... 59%  581K 9s
  7650K .......... .......... .......... .......... .......... 59%  478K 9s
  7700K .......... .......... .......... .......... .......... 60%  699K 9s
  7750K .......... .......... .......... .......... .......... 60%  567K 9s
  7800K .......... .......... .......... .......... .......... 60%  561K 9s
  7850K .......... .......... .......... .......... .......... 61%  598K 9s
  7900K .......... .......... .......... .......... .......... 61%  572K 9s
  7950K .......... .......... .......... .......... .......... 62%  594K 8s
  8000K .......... .......... .......... .......... .......... 62%  583K 8s
  8050K .......... .......... .......... .......... .......... 62%  462K 8s
  8100K .......... .......... .......... .......... .......... 63%  720K 8s
  8150K .......... .......... .......... .......... .......... 63%  563K 8s
  8200K .......... .......... .......... .......... .......... 64%  598K 8s
  8250K .......... .......... .......... .......... .......... 64%  573K 8s
  8300K .......... .......... .......... .......... .......... 64%  563K 8s
  8350K .......... .......... .......... .......... .......... 65%  478K 8s
  8400K .......... .......... .......... .......... .......... 65%  690K 8s
  8450K .......... .......... .......... .......... .......... 65%  561K 8s
  8500K .......... .......... .......... .......... .......... 66%  594K 8s
  8550K .......... .......... .......... .......... .......... 66%  600K 7s
  8600K .......... .......... .......... .......... .......... 67%  560K 7s
  8650K .......... .......... .......... .......... .......... 67%  498K 7s
  8700K .......... .......... .......... .......... .......... 67%  692K 7s
  8750K .......... .......... .......... .......... .......... 68%  549K 7s
  8800K .......... .......... .......... .......... .......... 68%  595K 7s
  8850K .......... .......... .......... .......... .......... 69%  579K 7s
  8900K .......... .......... .......... .......... .......... 69%  564K 7s
  8950K .......... .......... .......... .......... .......... 69%  593K 7s
  9000K .......... .......... .......... .......... .......... 70%  563K 7s
  9050K .......... .......... .......... .......... .......... 70%  550K 7s
  9100K .......... .......... .......... .......... .......... 71%  559K 6s
  9150K .......... .......... .......... .......... .......... 71%  586K 6s
  9200K .......... .......... .......... .......... .......... 71%  573K 6s
  9250K .......... .......... .......... .......... .......... 72%  593K 6s
  9300K .......... .......... .......... .......... .......... 72%  583K 6s
  9350K .......... .......... .......... .......... .......... 72%  593K 6s
  9400K .......... .......... .......... .......... .......... 73%  548K 6s
  9450K .......... .......... .......... .......... .......... 73%  578K 6s
  9500K .......... .......... .......... .......... .......... 74%  594K 6s
  9550K .......... .......... .......... .......... .......... 74%  569K 6s
  9600K .......... .......... .......... .......... .......... 74%  575K 6s
  9650K .......... .......... .......... .......... .......... 75%  596K 6s
  9700K .......... .......... .......... .......... .......... 75%  579K 5s
  9750K .......... .......... .......... .......... .......... 76%  574K 5s
  9800K .......... .......... .......... .......... .......... 76%  593K 5s
  9850K .......... .......... .......... .......... .......... 76%  583K 5s
  9900K .......... .......... .......... .......... .......... 77%  567K 5s
  9950K .......... .......... .......... .......... .......... 77%  578K 5s
 10000K .......... .......... .......... .......... .......... 78%  572K 5s
 10050K .......... .......... .......... .......... .......... 78%  524K 5s
 10100K .......... .......... .......... .......... .......... 78%  655K 5s
 10150K .......... .......... .......... .......... .......... 79%  595K 5s
 10200K .......... .......... .......... .......... .......... 79%  578K 5s
 10250K .......... .......... .......... .......... .......... 79%  562K 4s
 10300K .......... .......... .......... .......... .......... 80%  567K 4s
 10350K .......... .......... .......... .......... .......... 80%  575K 4s
 10400K .......... .......... .......... .......... .......... 81%  464K 4s
 10450K .......... .......... .......... .......... .......... 81%  744K 4s
 10500K .......... .......... .......... .......... .......... 81%  580K 4s
 10550K .......... .......... .......... .......... .......... 82%  577K 4s
 10600K .......... .......... .......... .......... .......... 82%  593K 4s
 10650K .......... .......... .......... .......... .......... 83%  561K 4s
 10700K .......... .......... .......... .......... .......... 83%  539K 4s
 10750K .......... .......... .......... .......... .......... 83%  594K 4s
 10800K .......... .......... .......... .......... .......... 84%  580K 4s
 10850K .......... .......... .......... .......... .......... 84%  577K 3s
 10900K .......... .......... .......... .......... .......... 84%  594K 3s
 10950K .......... .......... .......... .......... .......... 85%  584K 3s
 11000K .......... .......... .......... .......... .......... 85%  599K 3s
 11050K .......... .......... .......... .......... .......... 86%  430K 3s
 11100K .......... .......... .......... .......... .......... 86%  874K 3s
 11150K .......... .......... .......... .......... .......... 86%  593K 3s
 11200K .......... .......... .......... .......... .......... 87%  596K 3s
 11250K .......... .......... .......... .......... .......... 87%  579K 3s
 11300K .......... .......... .......... .......... .......... 88%  595K 3s
 11350K .......... .......... .......... .......... .......... 88%  590K 3s
 11400K .......... .......... .......... .......... .......... 88%  582K 2s
 11450K .......... .......... .......... .......... .......... 89%  599K 2s
 11500K .......... .......... .......... .......... .......... 89%  577K 2s
 11550K .......... .......... .......... .......... .......... 90%  596K 2s
 11600K .......... .......... .......... .......... .......... 90%  543K 2s
 11650K .......... .......... .......... .......... .......... 90%  489K 2s
 11700K .......... .......... .......... .......... .......... 91%  743K 2s
 11750K .......... .......... .......... .......... .......... 91%  594K 2s
 11800K .......... .......... .......... .......... .......... 91%  511K 2s
 11850K .......... .......... .......... .......... .......... 92%  665K 2s
 11900K .......... .......... .......... .......... .......... 92%  550K 2s
 11950K .......... .......... .......... .......... .......... 93%  593K 2s
 12000K .......... .......... .......... .......... .......... 93%  584K 1s
 12050K .......... .......... .......... .......... .......... 93%  571K 1s
 12100K .......... .......... .......... .......... .......... 94%  583K 1s
 12150K .......... .......... .......... .......... .......... 94%  599K 1s
 12200K .......... .......... .......... .......... .......... 95%  558K 1s
 12250K .......... .......... .......... .......... .......... 95%  600K 1s
 12300K .......... .......... .......... .......... .......... 95%  575K 1s
 12350K .......... .......... .......... .......... .......... 96%  580K 1s
 12400K .......... .......... .......... .......... .......... 96%  597K 1s
 12450K .......... .......... .......... .......... .......... 97%  593K 1s
 12500K .......... .......... .......... .......... .......... 97%  462K 1s
 12550K .......... .......... .......... .......... .......... 97%  771K 0s
 12600K .......... .......... .......... .......... .......... 98%  487K 0s
 12650K .......... .......... .......... .......... .......... 98%  672K 0s
 12700K .......... .......... .......... .......... .......... 98%  597K 0s
 12750K .......... .......... .......... .......... .......... 99%  563K 0s
 12800K .......... .......... .......... .......... .......... 99%  592K 0s
 12850K .......... .......... .......... ....                 100%  590K=22s

2016-05-25 02:55:27 (578 KB/s) - ‘index.html.4’ saved [13193358/13193358]

