--2016-05-25 03:03:42--  http://10.30.50.93:8000/
Connecting to 10.30.50.93:8000... connected.
HTTP request sent, awaiting response... 200 OK
Length: 13193358 (13M) [text/html]
Saving to: ‘index.html.17’

     0K .......... .......... .......... .......... ..........  0%  434K 30s
    50K .......... .......... .......... .......... ..........  0%  550K 26s
   100K .......... .......... .......... .......... ..........  1%  549K 25s
   150K .......... .......... .......... .......... ..........  1%  550K 25s
   200K .......... .......... .......... .......... ..........  1%  521K 24s
   250K .......... .......... .......... .......... ..........  2%  164K 33s
   300K .......... .......... .......... .......... ..........  2%  582K 31s
   350K .......... .......... .......... .......... ..........  3%  521K 30s
   400K .......... .......... .......... .......... ..........  3% 99.2K 41s
   450K .......... .......... .......... .......... ..........  3%  166K 44s
   500K .......... .......... .......... .......... ..........  4%  464K 42s
   550K .......... .......... .......... .......... ..........  4%  442K 41s
   600K .......... .......... .......... .......... ..........  5%  593K 39s
   650K .......... .......... .......... .......... ..........  5%  146K 42s
   700K .......... .......... .......... .......... ..........  5%  164K 44s
   750K .......... .......... .......... .......... ..........  6%  561K 43s
   800K .......... .......... .......... .......... ..........  6%  365K 42s
   850K .......... .......... .......... .......... ..........  6%  416K 41s
   900K .......... .......... .......... .......... ..........  7%  158K 43s
   950K .......... .......... .......... .......... ..........  7%  478K 42s
  1000K .......... .......... .......... .......... ..........  8% 98.6K 45s
  1050K .......... .......... .......... .......... ..........  8% 69.7K 51s
  1100K .......... .......... .......... .......... ..........  8%  163K 51s
  1150K .......... .......... .......... .......... ..........  9%  546K 50s
  1200K .......... .......... .......... .......... ..........  9%  426K 49s
  1250K .......... .......... .......... .......... .......... 10%  161K 49s
  1300K .......... .......... .......... .......... .......... 10%  417K 48s
  1350K .......... .......... .......... .......... .......... 10%  484K 47s
  1400K .......... .......... .......... .......... .......... 11%  472K 46s
  1450K .......... .......... .......... .......... .......... 11%  174K 47s
  1500K .......... .......... .......... .......... .......... 12% 96.8K 49s
  1550K .......... .......... .......... .......... .......... 12%  502K 48s
  1600K .......... .......... .......... .......... .......... 12%  147K 48s
  1650K .......... .......... .......... .......... .......... 13% 56.3K 53s
  1700K .......... .......... .......... .......... .......... 13%  595K 51s
  1750K .......... .......... .......... .......... .......... 13%  101K 53s
  1800K .......... .......... .......... .......... .......... 14%  171K 53s
  1850K .......... .......... .......... .......... .......... 14%  164K 53s
  1900K .......... .......... .......... .......... .......... 15%  448K 52s
  1950K .......... .......... .......... .......... .......... 15%  514K 51s
  2000K .......... .......... .......... .......... .......... 15%  462K 50s
  2050K .......... .......... .......... .......... .......... 16% 65.7K 53s
  2100K .......... .......... .......... .......... .......... 16% 97.4K 54s
  2150K .......... .......... .......... .......... .......... 17%  101K 55s
  2200K .......... .......... .......... .......... .......... 17%  150K 55s
  2250K .......... .......... .......... .......... .......... 17% 56.0K 58s
  2300K .......... .......... .......... .......... .......... 18%  409K 57s
  2350K .......... .......... .......... .......... .......... 18%  472K 56s
  2400K .......... .......... .......... .......... .......... 19%  149K 56s
  2450K .......... .......... .......... .......... .......... 19%  511K 55s
  2500K .......... .......... .......... .......... .......... 19%  161K 55s
  2550K .......... .......... .......... .......... .......... 20% 69.4K 56s
  2600K .......... .......... .......... .......... .......... 20%  539K 55s
  2650K .......... .......... .......... .......... .......... 20%  495K 54s
  2700K .......... .......... .......... .......... .......... 21%  496K 53s
  2750K .......... .......... .......... .......... .......... 21%  152K 53s
  2800K .......... .......... .......... .......... .......... 22%  463K 53s
  2850K .......... .......... .......... .......... .......... 22%  521K 52s
  2900K .......... .......... .......... .......... .......... 22% 68.6K 53s
  2950K .......... .......... .......... .......... .......... 23%  107K 53s
  3000K .......... .......... .......... .......... .......... 23%  797K 52s
  3050K .......... .......... .......... .......... .......... 24%  635K 52s
  3100K .......... .......... .......... .......... .......... 24%  507K 51s
  3150K .......... .......... .......... .......... .......... 24%  535K 50s
  3200K .......... .......... .......... .......... .......... 25%  150K 50s
  3250K .......... .......... .......... .......... .......... 25%  425K 49s
  3300K .......... .......... .......... .......... .......... 26%  171K 49s
  3350K .......... .......... .......... .......... .......... 26% 56.7K 51s
  3400K .......... .......... .......... .......... .......... 26%  174K 50s
  3450K .......... .......... .......... .......... .......... 27% 25.2K 55s
  3500K .......... .......... .......... .......... .......... 27% 95.1K 55s
  3550K .......... .......... .......... .......... .......... 27%  163K 55s
  3600K .......... .......... .......... .......... .......... 28%  171K 55s
  3650K .......... .......... .......... .......... .......... 28% 71.9K 55s
  3700K .......... .......... .......... .......... .......... 29%  151K 55s
  3750K .......... .......... .......... .......... .......... 29%  521K 54s
  3800K .......... .......... .......... .......... .......... 29% 95.2K 54s
  3850K .......... .......... .......... .......... .......... 30%  371K 54s
  3900K .......... .......... .......... .......... .......... 30% 98.7K 54s
  3950K .......... .......... .......... .......... .......... 31%  155K 54s
  4000K .......... .......... .......... .......... .......... 31%  440K 53s
  4050K .......... .......... .......... .......... .......... 31% 96.9K 53s
  4100K .......... .......... .......... .......... .......... 32%  105K 53s
  4150K .......... .......... .......... .......... .......... 32% 56.0K 54s
  4200K .......... .......... .......... .......... .......... 32%  400K 53s
  4250K .......... .......... .......... .......... .......... 33%  100K 54s
  4300K .......... .......... .......... .......... .......... 33%  566K 53s
  4350K .......... .......... .......... .......... .......... 34% 12.3K 60s
  4400K .......... .......... .......... .......... .......... 34%  482K 59s
  4450K .......... .......... .......... .......... .......... 34% 67.4K 59s
  4500K .......... .......... .......... .......... .......... 35%  427K 58s
  4550K .......... .......... .......... .......... .......... 35%  532K 58s
  4600K .......... .......... .......... .......... .......... 36%  428K 57s
  4650K .......... .......... .......... .......... .......... 36%  166K 56s
  4700K .......... .......... .......... .......... .......... 36% 70.3K 57s
  4750K .......... .......... .......... .......... .......... 37%  496K 56s
  4800K .......... .......... .......... .......... .......... 37% 44.5K 57s
  4850K .......... .......... .......... .......... .......... 38%  387K 56s
  4900K .......... .......... .......... .......... .......... 38% 93.7K 56s
  4950K .......... .......... .......... .......... .......... 38% 38.4K 57s
  5000K .......... .......... .......... .......... .......... 39% 57.9K 58s
  5050K .......... .......... .......... .......... .......... 39%  701K 57s
  5100K .......... .......... .......... .......... .......... 39%  153K 56s
  5150K .......... .......... .......... .......... .......... 40%  472K 56s
  5200K .......... .......... .......... .......... .......... 40%  164K 55s
  5250K .......... .......... .......... .......... .......... 41% 45.6K 56s
  5300K .......... .......... .......... .......... .......... 41%  157K 56s
  5350K .......... .......... .......... .......... .......... 41%  532K 55s
  5400K .......... .......... .......... .......... .......... 42%  484K 54s
  5450K .......... .......... .......... .......... .......... 42%  495K 53s
  5500K .......... .......... .......... .......... .......... 43%  162K 53s
  5550K .......... .......... .......... .......... .......... 43%  523K 52s
  5600K .......... .......... .......... .......... .......... 43%  462K 52s
  5650K .......... .......... .......... .......... .......... 44%  160K 51s
  5700K .......... .......... .......... .......... .......... 44%  502K 50s
  5750K .......... .......... .......... .......... .......... 45%  152K 50s
  5800K .......... .......... .......... .......... .......... 45%  161K 50s
  5850K .......... .......... .......... .......... .......... 45%  520K 49s
  5900K .......... .......... .......... .......... .......... 46%  634K 48s
  5950K .......... .......... .......... .......... .......... 46%  452K 48s
  6000K .......... .......... .......... .......... .......... 46%  161K 47s
  6050K .......... .......... .......... .......... .......... 47%  497K 47s
  6100K .......... .......... .......... .......... .......... 47% 70.6K 47s
  6150K .......... .......... .......... .......... .......... 48%  620K 46s
  6200K .......... .......... .......... .......... .......... 48%  471K 46s
  6250K .......... .......... .......... .......... .......... 48%  496K 45s
  6300K .......... .......... .......... .......... .......... 49%  549K 44s
  6350K .......... .......... .......... .......... .......... 49%  154K 44s
  6400K .......... .......... .......... .......... .......... 50%  494K 43s
  6450K .......... .......... .......... .......... .......... 50%  502K 43s
  6500K .......... .......... .......... .......... .......... 50%  157K 42s
  6550K .......... .......... .......... .......... .......... 51%  160K 42s
  6600K .......... .......... .......... .......... .......... 51%  493K 42s
  6650K .......... .......... .......... .......... .......... 52%  535K 41s
  6700K .......... .......... .......... .......... .......... 52%  444K 40s
  6750K .......... .......... .......... .......... .......... 52% 53.8K 41s
  6800K .......... .......... .......... .......... .......... 53% 44.5K 41s
  6850K .......... .......... .......... .......... .......... 53%  564K 40s
  6900K .......... .......... .......... .......... .......... 53%  100K 40s
  6950K .......... .......... .......... .......... .......... 54% 76.2K 40s
  7000K .......... .......... .......... .......... .......... 54% 46.3K 40s
  7050K .......... .......... .......... .......... .......... 55%  883K 40s
  7100K .......... .......... .......... .......... .......... 55% 96.9K 40s
  7150K .......... .......... .......... .......... .......... 55% 70.6K 40s
  7200K .......... .......... .......... .......... .......... 56% 53.8K 40s
  7250K .......... .......... .......... .......... .......... 56% 69.2K 40s
  7300K .......... .......... .......... .......... .......... 57%  547K 39s
  7350K .......... .......... .......... .......... .......... 57%  380K 39s
  7400K .......... .......... .......... .......... .......... 57%  148K 38s
  7450K .......... .......... .......... .......... .......... 58% 32.9K 39s
  7500K .......... .......... .......... .......... .......... 58% 54.9K 39s
  7550K .......... .......... .......... .......... .......... 58%  634K 38s
  7600K .......... .......... .......... .......... .......... 59%  116K 38s
  7650K .......... .......... .......... .......... .......... 59%  190K 37s
  7700K .......... .......... .......... .......... .......... 60%  165K 37s
  7750K .......... .......... .......... .......... .......... 60% 57.3K 37s
  7800K .......... .......... .......... .......... .......... 60%  429K 36s
  7850K .......... .......... .......... .......... .......... 61% 43.0K 37s
  7900K .......... .......... .......... .......... .......... 61%  539K 36s
  7950K .......... .......... .......... .......... .......... 62% 68.3K 36s
  8000K .......... .......... .......... .......... .......... 62%  169K 36s
  8050K .......... .......... .......... .......... .......... 62%  462K 35s
  8100K .......... .......... .......... .......... .......... 63%  463K 34s
  8150K .......... .......... .......... .......... .......... 63%  533K 34s
  8200K .......... .......... .......... .......... .......... 64%  512K 33s
  8250K .......... .......... .......... .......... .......... 64% 96.8K 33s
  8300K .......... .......... .......... .......... .......... 64%  105K 33s
  8350K .......... .......... .......... .......... .......... 65%  158K 33s
  8400K .......... .......... .......... .......... .......... 65%  154K 32s
  8450K .......... .......... .......... .......... .......... 65%  379K 32s
  8500K .......... .......... .......... .......... .......... 66% 93.7K 31s
  8550K .......... .......... .......... .......... .......... 66%  163K 31s
  8600K .......... .......... .......... .......... .......... 67% 29.0K 31s
  8650K .......... .......... .......... .......... .......... 67%  163K 31s
  8700K .......... .......... .......... .......... .......... 67%  507K 30s
  8750K .......... .......... .......... .......... .......... 68%  103K 30s
  8800K .......... .......... .......... .......... .......... 68%  154K 30s
  8850K .......... .......... .......... .......... .......... 69%  410K 29s
  8900K .......... .......... .......... .......... .......... 69%  465K 29s
  8950K .......... .......... .......... .......... .......... 69%  110K 28s
  9000K .......... .......... .......... .......... .......... 70%  472K 28s
  9050K .......... .......... .......... .......... .......... 70%  465K 27s
  9100K .......... .......... .......... .......... .......... 71%  496K 27s
  9150K .......... .......... .......... .......... .......... 71%  460K 27s
  9200K .......... .......... .......... .......... .......... 71% 44.8K 26s
  9250K .......... .......... .......... .......... .......... 72%  168K 26s
  9300K .......... .......... .......... .......... .......... 72% 97.6K 26s
  9350K .......... .......... .......... .......... .......... 72%  621K 25s
  9400K .......... .......... .......... .......... .......... 73%  472K 25s
  9450K .......... .......... .......... .......... .......... 73% 98.1K 25s
  9500K .......... .......... .......... .......... .......... 74%  675K 24s
  9550K .......... .......... .......... .......... .......... 74%  161K 24s
  9600K .......... .......... .......... .......... .......... 74%  160K 23s
  9650K .......... .......... .......... .......... .......... 75% 95.3K 23s
  9700K .......... .......... .......... .......... .......... 75%  503K 23s
  9750K .......... .......... .......... .......... .......... 76%  160K 22s
  9800K .......... .......... .......... .......... .......... 76%  501K 22s
  9850K .......... .......... .......... .......... .......... 76% 68.3K 21s
  9900K .......... .......... .......... .......... .......... 77%  163K 21s
  9950K .......... .......... .......... .......... .......... 77%  460K 21s
 10000K .......... .......... .......... .......... .......... 78% 55.6K 20s
 10050K .......... .......... .......... .......... .......... 78%  185K 20s
 10100K .......... .......... .......... .......... .......... 78%  162K 20s
 10150K .......... .......... .......... .......... .......... 79%  100K 19s
 10200K .......... .......... .......... .......... .......... 79% 1.07M 19s
 10250K .......... .......... .......... .......... .......... 79%  514K 19s
 10300K .......... .......... .......... .......... .......... 80%  459K 18s
 10350K .......... .......... .......... .......... .......... 80%  101K 18s
 10400K .......... .......... .......... .......... .......... 81%  619K 17s
 10450K .......... .......... .......... .......... .......... 81% 95.0K 17s
 10500K .......... .......... .......... .......... .......... 81%  512K 17s
 10550K .......... .......... .......... .......... .......... 82%  404K 16s
 10600K .......... .......... .......... .......... .......... 82%  583K 16s
 10650K .......... .......... .......... .......... .......... 83%  494K 15s
 10700K .......... .......... .......... .......... .......... 83%  537K 15s
 10750K .......... .......... .......... .......... .......... 83%  158K 15s
 10800K .......... .......... .......... .......... .......... 84% 68.8K 14s
 10850K .......... .......... .......... .......... .......... 84%  503K 14s
 10900K .......... .......... .......... .......... .......... 84%  420K 14s
 10950K .......... .......... .......... .......... .......... 85%  176K 13s
 11000K .......... .......... .......... .......... .......... 85%  164K 13s
 11050K .......... .......... .......... .......... .......... 86%  154K 12s
 11100K .......... .......... .......... .......... .......... 86%  594K 12s
 11150K .......... .......... .......... .......... .......... 86%  563K 12s
 11200K .......... .......... .......... .......... .......... 87%  164K 11s
 11250K .......... .......... .......... .......... .......... 87%  495K 11s
 11300K .......... .......... .......... .......... .......... 88%  522K 11s
 11350K .......... .......... .......... .......... .......... 88%  452K 10s
 11400K .......... .......... .......... .......... .......... 88%  461K 10s
 11450K .......... .......... .......... .......... .......... 89%  149K 10s
 11500K .......... .......... .......... .......... .......... 89%  446K 9s
 11550K .......... .......... .......... .......... .......... 90% 54.4K 9s
 11600K .......... .......... .......... .......... .......... 90%  460K 8s
 11650K .......... .......... .......... .......... .......... 90%  167K 8s
 11700K .......... .......... .......... .......... .......... 91%  415K 8s
 11750K .......... .......... .......... .......... .......... 91%  428K 7s
 11800K .......... .......... .......... .......... .......... 91%  164K 7s
 11850K .......... .......... .......... .......... .......... 92%  161K 7s
 11900K .......... .......... .......... .......... .......... 92%  152K 6s
 11950K .......... .......... .......... .......... .......... 93%  167K 6s
 12000K .......... .......... .......... .......... .......... 93%  432K 6s
 12050K .......... .......... .......... .......... .......... 93%  577K 5s
 12100K .......... .......... .......... .......... .......... 94%  167K 5s
 12150K .......... .......... .......... .......... .......... 94%  399K 5s
 12200K .......... .......... .......... .......... .......... 95%  417K 4s
 12250K .......... .......... .......... .......... .......... 95%  165K 4s
 12300K .......... .......... .......... .......... .......... 95%  463K 4s
 12350K .......... .......... .......... .......... .......... 96% 66.8K 3s
 12400K .......... .......... .......... .......... .......... 96%  561K 3s
 12450K .......... .......... .......... .......... .......... 97%  354K 3s
 12500K .......... .......... .......... .......... .......... 97%  415K 2s
 12550K .......... .......... .......... .......... .......... 97% 98.3K 2s
 12600K .......... .......... .......... .......... .......... 98%  400K 2s
 12650K .......... .......... .......... .......... .......... 98%  157K 1s
 12700K .......... .......... .......... .......... .......... 98%  460K 1s
 12750K .......... .......... .......... .......... .......... 99%  106K 1s
 12800K .......... .......... .......... .......... .......... 99% 33.4K 0s
 12850K .......... .......... .......... ....                 100%  569K=87s

2016-05-25 03:05:10 (148 KB/s) - ‘index.html.17’ saved [13193358/13193358]

