--2016-05-25 02:29:20--  http://10.30.50.93:8000/
Connecting to 10.30.50.93:8000... connected.
HTTP request sent, awaiting response... 200 OK
Length: 13193358 (13M) [text/html]
Saving to: ‘index.html.10’

     0K .......... .......... .......... .......... ..........  0%  614K 21s
    50K .......... .......... .......... .......... ..........  0%  416K 26s
   100K .......... .......... .......... .......... ..........  1%  340K 30s
   150K .......... .......... .......... .......... ..........  1%  441K 29s
   200K .......... .......... .......... .......... ..........  1%  347K 31s
   250K .......... .......... .......... .......... ..........  2%  406K 31s
   300K .......... .......... .......... .......... ..........  2%  450K 30s
   350K .......... .......... .......... .......... ..........  3%  479K 29s
   400K .......... .......... .......... .......... ..........  3%  450K 29s
   450K .......... .......... .......... .......... ..........  3%  387K 29s
   500K .......... .......... .......... .......... ..........  4%  396K 29s
   550K .......... .......... .......... .......... ..........  4%  452K 29s
   600K .......... .......... .......... .......... ..........  5%  448K 29s
   650K .......... .......... .......... .......... ..........  5%  506K 28s
   700K .......... .......... .......... .......... ..........  5%  437K 28s
   750K .......... .......... .......... .......... ..........  6%  430K 28s
   800K .......... .......... .......... .......... ..........  6%  438K 28s
   850K .......... .......... .......... .......... ..........  6%  438K 28s
   900K .......... .......... .......... .......... ..........  7%  405K 28s
   950K .......... .......... .......... .......... ..........  7%  462K 28s
  1000K .......... .......... .......... .......... ..........  8%  388K 28s
  1050K .......... .......... .......... .......... ..........  8%  430K 28s
  1100K .......... .......... .......... .......... ..........  8%  437K 27s
  1150K .......... .......... .......... .......... ..........  9%  140K 30s
  1200K .......... .......... .......... .......... ..........  9% 94.2K 33s
  1250K .......... .......... .......... .......... .......... 10%  142K 35s
  1300K .......... .......... .......... .......... .......... 10% 99.9K 38s
  1350K .......... .......... .......... .......... .......... 10% 91.1K 41s
  1400K .......... .......... .......... .......... .......... 11%  395K 40s
  1450K .......... .......... .......... .......... .......... 11%  396K 40s
  1500K .......... .......... .......... .......... .......... 12%  455K 39s
  1550K .......... .......... .......... .......... .......... 12%  460K 38s
  1600K .......... .......... .......... .......... .......... 12%  429K 38s
  1650K .......... .......... .......... .......... .......... 13%  440K 37s
  1700K .......... .......... .......... .......... .......... 13%  386K 37s
  1750K .......... .......... .......... .......... .......... 13%  418K 36s
  1800K .......... .......... .......... .......... .......... 14%  449K 36s
  1850K .......... .......... .......... .......... .......... 14%  449K 36s
  1900K .......... .......... .......... .......... .......... 15%  372K 35s
  1950K .......... .......... .......... .......... .......... 15%  386K 35s
  2000K .......... .......... .......... .......... .......... 15%  417K 35s
  2050K .......... .......... .......... .......... .......... 16%  356K 34s
  2100K .......... .......... .......... .......... .......... 16%  424K 34s
  2150K .......... .......... .......... .......... .......... 17%  477K 33s
  2200K .......... .......... .......... .......... .......... 17%  145K 34s
  2250K .......... .......... .......... .......... .......... 17%  506K 34s
  2300K .......... .......... .......... .......... .......... 18%  427K 33s
  2350K .......... .......... .......... .......... .......... 18%  328K 33s
  2400K .......... .......... .......... .......... .......... 19%  110K 34s
  2450K .......... .......... .......... .......... .......... 19%  574K 34s
  2500K .......... .......... .......... .......... .......... 19%  398K 34s
  2550K .......... .......... .......... .......... .......... 20%  462K 33s
  2600K .......... .......... .......... .......... .......... 20%  396K 33s
  2650K .......... .......... .......... .......... .......... 20%  355K 33s
  2700K .......... .......... .......... .......... .......... 21%  493K 32s
  2750K .......... .......... .......... .......... .......... 21%  386K 32s
  2800K .......... .......... .......... .......... .......... 22%  399K 32s
  2850K .......... .......... .......... .......... .......... 22%  425K 31s
  2900K .......... .......... .......... .......... .......... 22%  398K 31s
  2950K .......... .......... .......... .......... .......... 23%  476K 31s
  3000K .......... .......... .......... .......... .......... 23%  490K 30s
  3050K .......... .......... .......... .......... .......... 24%  389K 30s
  3100K .......... .......... .......... .......... .......... 24%  519K 30s
  3150K .......... .......... .......... .......... .......... 24%  463K 30s
  3200K .......... .......... .......... .......... .......... 25%  398K 29s
  3250K .......... .......... .......... .......... .......... 25%  152K 30s
  3300K .......... .......... .......... .......... .......... 26%  377K 30s
  3350K .......... .......... .......... .......... .......... 26%  493K 29s
  3400K .......... .......... .......... .......... .......... 26%  488K 29s
  3450K .......... .......... .......... .......... .......... 27%  429K 29s
  3500K .......... .......... .......... .......... .......... 27%  438K 28s
  3550K .......... .......... .......... .......... .......... 27%  408K 28s
  3600K .......... .......... .......... .......... .......... 28%  426K 28s
  3650K .......... .......... .......... .......... .......... 28%  477K 28s
  3700K .......... .......... .......... .......... .......... 29%  463K 27s
  3750K .......... .......... .......... .......... .......... 29%  463K 27s
  3800K .......... .......... .......... .......... .......... 29%  464K 27s
  3850K .......... .......... .......... .......... .......... 30%  416K 27s
  3900K .......... .......... .......... .......... .......... 30%  397K 27s
  3950K .......... .......... .......... .......... .......... 31%  387K 26s
  4000K .......... .......... .......... .......... .......... 31%  556K 26s
  4050K .......... .......... .......... .......... .......... 31%  428K 26s
  4100K .......... .......... .......... .......... .......... 32%  395K 26s
  4150K .......... .......... .......... .......... .......... 32%  390K 25s
  4200K .......... .......... .......... .......... .......... 32%  406K 25s
  4250K .......... .......... .......... .......... .......... 33%  450K 25s
  4300K .......... .......... .......... .......... .......... 33%  150K 25s
  4350K .......... .......... .......... .......... .......... 34%  452K 25s
  4400K .......... .......... .......... .......... .......... 34%  449K 25s
  4450K .......... .......... .......... .......... .......... 34%  440K 25s
  4500K .......... .......... .......... .......... .......... 35%  427K 24s
  4550K .......... .......... .......... .......... .......... 35%  369K 24s
  4600K .......... .......... .......... .......... .......... 36%  348K 24s
  4650K .......... .......... .......... .......... .......... 36%  387K 24s
  4700K .......... .......... .......... .......... .......... 36%  356K 24s
  4750K .......... .......... .......... .......... .......... 37%  405K 24s
  4800K .......... .......... .......... .......... .......... 37%  430K 23s
  4850K .......... .......... .......... .......... .......... 38%  450K 23s
  4900K .......... .......... .......... .......... .......... 38%  463K 23s
  4950K .......... .......... .......... .......... .......... 38%  388K 23s
  5000K .......... .......... .......... .......... .......... 39%  377K 23s
  5050K .......... .......... .......... .......... .......... 39%  407K 22s
  5100K .......... .......... .......... .......... .......... 39%  397K 22s
  5150K .......... .......... .......... .......... .......... 40%  163K 22s
  5200K .......... .......... .......... .......... .......... 40%  452K 22s
  5250K .......... .......... .......... .......... .......... 41%  387K 22s
  5300K .......... .......... .......... .......... .......... 41%  449K 22s
  5350K .......... .......... .......... .......... .......... 41%  148K 22s
  5400K .......... .......... .......... .......... .......... 42%  380K 22s
  5450K .......... .......... .......... .......... .......... 42%  518K 22s
  5500K .......... .......... .......... .......... .......... 43%  387K 21s
  5550K .......... .......... .......... .......... .......... 43%  428K 21s
  5600K .......... .......... .......... .......... .......... 43%  539K 21s
  5650K .......... .......... .......... .......... .......... 44%  428K 21s
  5700K .......... .......... .......... .......... .......... 44%  426K 21s
  5750K .......... .......... .......... .......... .......... 45%  465K 20s
  5800K .......... .......... .......... .......... .......... 45%  447K 20s
  5850K .......... .......... .......... .......... .......... 45%  417K 20s
  5900K .......... .......... .......... .......... .......... 46%  479K 20s
  5950K .......... .......... .......... .......... .......... 46%  416K 20s
  6000K .......... .......... .......... .......... .......... 46%  142K 20s
  6050K .......... .......... .......... .......... .......... 47%  438K 20s
  6100K .......... .......... .......... .......... .......... 47%  415K 19s
  6150K .......... .......... .......... .......... .......... 48%  466K 19s
  6200K .......... .......... .......... .......... .......... 48%  416K 19s
  6250K .......... .......... .......... .......... .......... 48%  428K 19s
  6300K .......... .......... .......... .......... .......... 49%  476K 19s
  6350K .......... .......... .......... .......... .......... 49%  339K 19s
  6400K .......... .......... .......... .......... .......... 50%  477K 18s
  6450K .......... .......... .......... .......... .......... 50%  465K 18s
  6500K .......... .......... .......... .......... .......... 50%  438K 18s
  6550K .......... .......... .......... .......... .......... 51%  448K 18s
  6600K .......... .......... .......... .......... .......... 51%  398K 18s
  6650K .......... .......... .......... .......... .......... 52%  151K 18s
  6700K .......... .......... .......... .......... .......... 52%  355K 18s
  6750K .......... .......... .......... .......... .......... 52%  415K 17s
  6800K .......... .......... .......... .......... .......... 53%  427K 17s
  6850K .......... .......... .......... .......... .......... 53%  475K 17s
  6900K .......... .......... .......... .......... .......... 53%  380K 17s
  6950K .......... .......... .......... .......... .......... 54%  451K 17s
  7000K .......... .......... .......... .......... .......... 54%  462K 17s
  7050K .......... .......... .......... .......... .......... 55%  151K 17s
  7100K .......... .......... .......... .......... .......... 55%  372K 17s
  7150K .......... .......... .......... .......... .......... 55%  518K 16s
  7200K .......... .......... .......... .......... .......... 56%  450K 16s
  7250K .......... .......... .......... .......... .......... 56%  465K 16s
  7300K .......... .......... .......... .......... .......... 57%  463K 16s
  7350K .......... .......... .......... .......... .......... 57%  451K 16s
  7400K .......... .......... .......... .......... .......... 57%  377K 16s
  7450K .......... .......... .......... .......... .......... 58%  148K 16s
  7500K .......... .......... .......... .......... .......... 58% 88.1K 16s
  7550K .......... .......... .......... .......... .......... 58%  453K 15s
  7600K .......... .......... .......... .......... .......... 59%  107K 16s
  7650K .......... .......... .......... .......... .......... 59%  156K 16s
  7700K .......... .......... .......... .......... .......... 60%  379K 15s
  7750K .......... .......... .......... .......... .......... 60%  437K 15s
  7800K .......... .......... .......... .......... .......... 60%  390K 15s
  7850K .......... .......... .......... .......... .......... 61%  150K 15s
  7900K .......... .......... .......... .......... .......... 61%  156K 15s
  7950K .......... .......... .......... .......... .......... 62%  147K 15s
  8000K .......... .......... .......... .......... .......... 62%  448K 15s
  8050K .......... .......... .......... .......... .......... 62%  356K 15s
  8100K .......... .......... .......... .......... .......... 63%  516K 14s
  8150K .......... .......... .......... .......... .......... 63%  381K 14s
  8200K .......... .......... .......... .......... .......... 64%  396K 14s
  8250K .......... .......... .......... .......... .......... 64%  397K 14s
  8300K .......... .......... .......... .......... .......... 64%  378K 14s
  8350K .......... .......... .......... .......... .......... 65%  416K 14s
  8400K .......... .......... .......... .......... .......... 65%  161K 14s
  8450K .......... .......... .......... .......... .......... 65%  462K 13s
  8500K .......... .......... .......... .......... .......... 66%  417K 13s
  8550K .......... .......... .......... .......... .......... 66%  371K 13s
  8600K .......... .......... .......... .......... .......... 67%  314K 13s
  8650K .......... .......... .......... .......... .......... 67%  449K 13s
  8700K .......... .......... .......... .......... .......... 67%  451K 13s
  8750K .......... .......... .......... .......... .......... 68%  438K 12s
  8800K .......... .......... .......... .......... .......... 68%  409K 12s
  8850K .......... .......... .......... .......... .......... 69%  386K 12s
  8900K .......... .......... .......... .......... .......... 69%  557K 12s
  8950K .......... .......... .......... .......... .......... 69%  363K 12s
  9000K .......... .......... .......... .......... .......... 70%  534K 12s
  9050K .......... .......... .......... .......... .......... 70%  379K 11s
  9100K .......... .......... .......... .......... .......... 71%  426K 11s
  9150K .......... .......... .......... .......... .......... 71%  342K 11s
  9200K .......... .......... .......... .......... .......... 71%  395K 11s
  9250K .......... .......... .......... .......... .......... 72%  508K 11s
  9300K .......... .......... .......... .......... .......... 72%  379K 11s
  9350K .......... .......... .......... .......... .......... 72%  396K 10s
  9400K .......... .......... .......... .......... .......... 73%  428K 10s
  9450K .......... .......... .......... .......... .......... 73%  436K 10s
  9500K .......... .......... .......... .......... .......... 74%  363K 10s
  9550K .......... .......... .......... .......... .......... 74%  489K 10s
  9600K .......... .......... .......... .......... .......... 74%  418K 10s
  9650K .......... .......... .......... .......... .......... 75%  415K 9s
  9700K .......... .......... .......... .......... .......... 75%  476K 9s
  9750K .......... .......... .......... .......... .......... 76%  464K 9s
  9800K .......... .......... .......... .......... .......... 76%  436K 9s
  9850K .......... .......... .......... .......... .......... 76%  379K 9s
  9900K .......... .......... .......... .......... .......... 77% 66.2K 9s
  9950K .......... .......... .......... .......... .......... 77%  388K 9s
 10000K .......... .......... .......... .......... .......... 78%  405K 9s
 10050K .......... .......... .......... .......... .......... 78%  298K 8s
 10100K .......... .......... .......... .......... .......... 78%  426K 8s
 10150K .......... .......... .......... .......... .......... 79%  439K 8s
 10200K .......... .......... .......... .......... .......... 79%  146K 8s
 10250K .......... .......... .......... .......... .......... 79%  364K 8s
 10300K .......... .......... .......... .......... .......... 80%  378K 8s
 10350K .......... .......... .......... .......... .......... 80%  406K 7s
 10400K .......... .......... .......... .......... .......... 81%  465K 7s
 10450K .......... .......... .......... .......... .......... 81%  428K 7s
 10500K .......... .......... .......... .......... .......... 81%  405K 7s
 10550K .......... .......... .......... .......... .......... 82%  440K 7s
 10600K .......... .......... .......... .......... .......... 82%  490K 7s
 10650K .......... .......... .......... .......... .......... 83%  408K 7s
 10700K .......... .......... .......... .......... .......... 83%  476K 6s
 10750K .......... .......... .......... .......... .......... 83%  428K 6s
 10800K .......... .......... .......... .......... .......... 84%  386K 6s
 10850K .......... .......... .......... .......... .......... 84%  398K 6s
 10900K .......... .......... .......... .......... .......... 84%  462K 6s
 10950K .......... .......... .......... .......... .......... 85%  450K 6s
 11000K .......... .......... .......... .......... .......... 85%  453K 5s
 11050K .......... .......... .......... .......... .......... 86%  417K 5s
 11100K .......... .......... .......... .......... .......... 86%  151K 5s
 11150K .......... .......... .......... .......... .......... 86%  464K 5s
 11200K .......... .......... .......... .......... .......... 87%  361K 5s
 11250K .......... .......... .......... .......... .......... 87%  364K 5s
 11300K .......... .......... .......... .......... .......... 88%  462K 5s
 11350K .......... .......... .......... .......... .......... 88%  426K 4s
 11400K .......... .......... .......... .......... .......... 88%  450K 4s
 11450K .......... .......... .......... .......... .......... 89%  429K 4s
 11500K .......... .......... .......... .......... .......... 89%  388K 4s
 11550K .......... .......... .......... .......... .......... 90%  426K 4s
 11600K .......... .......... .......... .......... .......... 90%  417K 4s
 11650K .......... .......... .......... .......... .......... 90%  449K 4s
 11700K .......... .......... .......... .......... .......... 91%  453K 3s
 11750K .......... .......... .......... .......... .......... 91%  426K 3s
 11800K .......... .......... .......... .......... .......... 91%  451K 3s
 11850K .......... .......... .......... .......... .......... 92%  416K 3s
 11900K .......... .......... .......... .......... .......... 92%  440K 3s
 11950K .......... .......... .......... .......... .......... 93%  396K 3s
 12000K .......... .......... .......... .......... .......... 93%  362K 2s
 12050K .......... .......... .......... .......... .......... 93%  396K 2s
 12100K .......... .......... .......... .......... .......... 94%  505K 2s
 12150K .......... .......... .......... .......... .......... 94%  407K 2s
 12200K .......... .......... .......... .......... .......... 95%  415K 2s
 12250K .......... .......... .......... .......... .......... 95%  407K 2s
 12300K .......... .......... .......... .......... .......... 95%  524K 2s
 12350K .......... .......... .......... .......... .......... 96%  415K 1s
 12400K .......... .......... .......... .......... .......... 96%  388K 1s
 12450K .......... .......... .......... .......... .......... 97%  477K 1s
 12500K .......... .......... .......... .......... .......... 97%  377K 1s
 12550K .......... .......... .......... .......... .......... 97%  439K 1s
 12600K .......... .......... .......... .......... .......... 98%  450K 1s
 12650K .......... .......... .......... .......... .......... 98%  406K 1s
 12700K .......... .......... .......... .......... .......... 98%  440K 0s
 12750K .......... .......... .......... .......... .......... 99%  377K 0s
 12800K .......... .......... .......... .......... .......... 99%  537K 0s
 12850K .......... .......... .......... ....                 100%  479K=37s

2016-05-25 02:29:57 (345 KB/s) - ‘index.html.10’ saved [13193358/13193358]

