--2016-05-25 00:34:41--  http://10.30.50.93:8000/
Connecting to 10.30.50.93:8000... connected.
HTTP request sent, awaiting response... 200 OK
Length: 13193358 (13M) [text/html]
Saving to: ‘index.html.15’

     0K .......... .......... .......... .......... ..........  0%  116K 1m51s
    50K .......... .......... .......... .......... ..........  0% 36.2K 3m52s
   100K .......... .......... .......... .......... ..........  1% 61.3K 3m43s
   150K .......... .......... .......... .......... ..........  1% 63.1K 3m37s
   200K .......... .......... .......... .......... ..........  1% 67.3K 3m30s
   250K .......... .......... .......... .......... ..........  2% 68.3K 3m25s
   300K .......... .......... .......... .......... ..........  2%  113K 3m11s
   350K .......... .......... .......... .......... ..........  3% 33.3K 3m33s
   400K .......... .......... .......... .......... ..........  3%  113K 3m21s
   450K .......... .......... .......... .......... ..........  3% 88.6K 3m14s
   500K .......... .......... .......... .......... ..........  4% 64.1K 3m13s
   550K .......... .......... .......... .......... ..........  4%  102K 3m7s
   600K .......... .......... .......... .......... ..........  5% 83.3K 3m3s
   650K .......... .......... .......... .......... ..........  5%  107K 2m57s
   700K .......... .......... .......... .......... ..........  5%  104K 2m53s
   750K .......... .......... .......... .......... ..........  6% 52.7K 2m55s
   800K .......... .......... .......... .......... ..........  6%  110K 2m51s
   850K .......... .......... .......... .......... ..........  6% 47.4K 2m55s
   900K .......... .......... .......... .......... ..........  7% 94.6K 2m52s
   950K .......... .......... .......... .......... ..........  7% 67.2K 2m51s
  1000K .......... .......... .......... .......... ..........  8% 57.8K 2m52s
  1050K .......... .......... .......... .......... ..........  8% 28.7K 3m2s
  1100K .......... .......... .......... .......... ..........  8% 49.6K 3m4s
  1150K .......... .......... .......... .......... ..........  9%  104K 3m0s
  1200K .......... .......... .......... .......... ..........  9% 94.6K 2m57s
  1250K .......... .......... .......... .......... .......... 10% 78.6K 2m55s
  1300K .......... .......... .......... .......... .......... 10% 92.5K 2m53s
  1350K .......... .......... .......... .......... .......... 10% 99.2K 2m50s
  1400K .......... .......... .......... .......... .......... 11% 35.3K 2m54s
  1450K .......... .......... .......... .......... .......... 11% 99.1K 2m52s
  1500K .......... .......... .......... .......... .......... 12% 83.4K 2m50s
  1550K .......... .......... .......... .......... .......... 12% 80.1K 2m48s
  1600K .......... .......... .......... .......... .......... 12% 61.3K 2m48s
  1650K .......... .......... .......... .......... .......... 13% 88.6K 2m46s
  1700K .......... .......... .......... .......... .......... 13%  102K 2m44s
  1750K .......... .......... .......... .......... .......... 13% 94.6K 2m42s
  1800K .......... .......... .......... .......... .......... 14% 45.8K 2m43s
  1850K .......... .......... .......... .......... .......... 14% 50.2K 2m44s
  1900K .......... .......... .......... .......... .......... 15% 90.5K 2m42s
  1950K .......... .......... .......... .......... .......... 15% 75.8K 2m41s
  2000K .......... .......... .......... .......... .......... 15%  112K 2m38s
  2050K .......... .......... .......... .......... .......... 16%  104K 2m36s
  2100K .......... .......... .......... .......... .......... 16% 97.0K 2m35s
  2150K .......... .......... .......... .......... .......... 17% 25.6K 2m40s
  2200K .......... .......... .......... .......... .......... 17% 75.7K 2m39s
  2250K .......... .......... .......... .......... .......... 17% 59.5K 2m38s
  2300K .......... .......... .......... .......... .......... 18% 80.1K 2m37s
  2350K .......... .......... .......... .......... .......... 18%  102K 2m35s
  2400K .......... .......... .......... .......... .......... 19% 71.8K 2m34s
  2450K .......... .......... .......... .......... .......... 19% 48.5K 2m35s
  2500K .......... .......... .......... .......... .......... 19% 99.3K 2m33s
  2550K .......... .......... .......... .......... .......... 20%  107K 2m31s
  2600K .......... .......... .......... .......... .......... 20%  107K 2m30s
  2650K .......... .......... .......... .......... .......... 20% 21.3K 2m35s
  2700K .......... .......... .......... .......... .......... 21%  110K 2m33s
  2750K .......... .......... .......... .......... .......... 21% 66.2K 2m32s
  2800K .......... .......... .......... .......... .......... 22% 94.6K 2m31s
  2850K .......... .......... .......... .......... .......... 22%  102K 2m29s
  2900K .......... .......... .......... .......... .......... 22% 67.2K 2m28s
  2950K .......... .......... .......... .......... .......... 23% 92.7K 2m27s
  3000K .......... .......... .......... .......... .......... 23% 62.2K 2m26s
  3050K .......... .......... .......... .......... .......... 24% 92.6K 2m25s
  3100K .......... .......... .......... .......... .......... 24%  116K 2m23s
  3150K .......... .......... .......... .......... .......... 24% 94.7K 2m22s
  3200K .......... .......... .......... .......... .......... 25% 61.3K 2m21s
  3250K .......... .......... .......... .......... .......... 25% 97.0K 2m20s
  3300K .......... .......... .......... .......... .......... 26% 40.1K 2m21s
  3350K .......... .......... .......... .......... .......... 26% 74.4K 2m20s
  3400K .......... .......... .......... .......... .......... 26% 74.4K 2m19s
  3450K .......... .......... .......... .......... .......... 27% 71.8K 2m18s
  3500K .......... .......... .......... .......... .......... 27% 39.3K 2m19s
  3550K .......... .......... .......... .......... .......... 27%  119K 2m17s
  3600K .......... .......... .......... .......... .......... 28% 63.1K 2m17s
  3650K .......... .......... .......... .......... .......... 28% 38.2K 2m17s
  3700K .......... .......... .......... .......... .......... 29% 66.2K 2m17s
  3750K .......... .......... .......... .......... .......... 29% 62.2K 2m16s
  3800K .......... .......... .......... .......... .......... 29% 44.3K 2m16s
  3850K .......... .......... .......... .......... .......... 30% 90.7K 2m15s
  3900K .......... .......... .......... .......... .......... 30% 80.1K 2m14s
  3950K .......... .......... .......... .......... .......... 31% 44.3K 2m14s
  4000K .......... .......... .......... .......... .......... 31%  102K 2m13s
  4050K .......... .......... .......... .......... .......... 31%  104K 2m11s
  4100K .......... .......... .......... .......... .......... 32% 99.2K 2m10s
  4150K .......... .......... .......... .......... .......... 32%  102K 2m9s
  4200K .......... .......... .......... .......... .......... 32% 94.7K 2m8s
  4250K .......... .......... .......... .......... .......... 33% 57.9K 2m7s
  4300K .......... .......... .......... .......... .......... 33% 90.6K 2m6s
  4350K .......... .......... .......... .......... .......... 34% 97.0K 2m5s
  4400K .......... .......... .......... .......... .......... 34% 99.2K 2m4s
  4450K .......... .......... .......... .......... .......... 34%  110K 2m2s
  4500K .......... .......... .......... .......... .......... 35%  104K 2m1s
  4550K .......... .......... .......... .......... .......... 35%  102K 2m0s
  4600K .......... .......... .......... .......... .......... 36% 61.3K 1m59s
  4650K .......... .......... .......... .......... .......... 36%  110K 1m58s
  4700K .......... .......... .......... .......... .......... 36% 69.5K 1m58s
  4750K .......... .......... .......... .......... .......... 37% 26.2K 1m59s
  4800K .......... .......... .......... .......... .......... 37% 66.1K 1m58s
  4850K .......... .......... .......... .......... .......... 38% 97.0K 1m57s
  4900K .......... .......... .......... .......... .......... 38% 62.2K 1m56s
  4950K .......... .......... .......... .......... .......... 38% 53.4K 1m56s
  5000K .......... .......... .......... .......... .......... 39% 94.8K 1m55s
  5050K .......... .......... .......... .......... .......... 39%  104K 1m54s
  5100K .......... .......... .......... .......... .......... 39% 85.1K 1m53s
  5150K .......... .......... .......... .......... .......... 40%  102K 1m52s
  5200K .......... .......... .......... .......... .......... 40%  104K 1m51s
  5250K .......... .......... .......... .......... .......... 41% 88.8K 1m50s
  5300K .......... .......... .......... .......... .......... 41%  119K 1m49s
  5350K .......... .......... .......... .......... .......... 41% 86.8K 1m48s
  5400K .......... .......... .......... .......... .......... 42% 96.9K 1m47s
  5450K .......... .......... .......... .......... .......... 42% 70.6K 1m46s
  5500K .......... .......... .......... .......... .......... 43% 62.2K 1m45s
  5550K .......... .......... .......... .......... .......... 43% 94.7K 1m44s
  5600K .......... .......... .......... .......... .......... 43% 39.3K 1m44s
  5650K .......... .......... .......... .......... .......... 44% 69.4K 1m44s
  5700K .......... .......... .......... .......... .......... 44% 97.0K 1m43s
  5750K .......... .......... .......... .......... .......... 45%  102K 1m42s
  5800K .......... .......... .......... .......... .......... 45%  104K 1m41s
  5850K .......... .......... .......... .......... .......... 45%  104K 1m40s
  5900K .......... .......... .......... .......... .......... 46% 92.6K 99s
  5950K .......... .......... .......... .......... .......... 46% 97.0K 98s
  6000K .......... .......... .......... .......... .......... 46%  110K 97s
  6050K .......... .......... .......... .......... .......... 47% 65.1K 96s
  6100K .......... .......... .......... .......... .......... 47% 57.1K 96s
  6150K .......... .......... .......... .......... .......... 48% 90.6K 95s
  6200K .......... .......... .......... .......... .......... 48% 38.9K 95s
  6250K .......... .......... .......... .......... .......... 48% 58.7K 94s
  6300K .......... .......... .......... .......... .......... 49% 90.6K 93s
  6350K .......... .......... .......... .......... .......... 49%  102K 92s
  6400K .......... .......... .......... .......... .......... 50% 94.5K 91s
  6450K .......... .......... .......... .......... .......... 50% 30.9K 92s
  6500K .......... .......... .......... .......... .......... 50% 66.2K 91s
  6550K .......... .......... .......... .......... .......... 51% 59.5K 90s
  6600K .......... .......... .......... .......... .......... 51%  130K 89s
  6650K .......... .......... .......... .......... .......... 52% 96.8K 88s
  6700K .......... .......... .......... .......... .......... 52% 71.9K 88s
  6750K .......... .......... .......... .......... .......... 52% 85.0K 87s
  6800K .......... .......... .......... .......... .......... 53% 21.6K 88s
  6850K .......... .......... .......... .......... .......... 53%  104K 87s
  6900K .......... .......... .......... .......... .......... 53%  107K 86s
  6950K .......... .......... .......... .......... .......... 54%  110K 85s
  7000K .......... .......... .......... .......... .......... 54%  110K 84s
  7050K .......... .......... .......... .......... .......... 55%  102K 83s
  7100K .......... .......... .......... .......... .......... 55% 96.9K 82s
  7150K .......... .......... .......... .......... .......... 55%  104K 81s
  7200K .......... .......... .......... .......... .......... 56% 97.0K 80s
  7250K .......... .......... .......... .......... .......... 56% 99.1K 79s
  7300K .......... .......... .......... .......... .......... 57%  102K 78s
  7350K .......... .......... .......... .......... .......... 57% 46.8K 78s
  7400K .......... .......... .......... .......... .......... 57%  119K 77s
  7450K .......... .......... .......... .......... .......... 58% 88.7K 76s
  7500K .......... .......... .......... .......... .......... 58% 30.2K 76s
  7550K .......... .......... .......... .......... .......... 58%  110K 75s
  7600K .......... .......... .......... .......... .......... 59%  116K 74s
  7650K .......... .......... .......... .......... .......... 59% 94.7K 74s
  7700K .......... .......... .......... .......... .......... 60% 54.1K 73s
  7750K .......... .......... .......... .......... .......... 60% 66.1K 72s
  7800K .......... .......... .......... .......... .......... 60% 99.2K 72s
  7850K .......... .......... .......... .......... .......... 61%  102K 71s
  7900K .......... .......... .......... .......... .......... 61% 70.7K 70s
  7950K .......... .......... .......... .......... .......... 62%  134K 69s
  8000K .......... .......... .......... .......... .......... 62% 99.1K 68s
  8050K .......... .......... .......... .......... .......... 62% 38.6K 68s
  8100K .......... .......... .......... .......... .......... 63%  113K 67s
  8150K .......... .......... .......... .......... .......... 63% 94.6K 66s
  8200K .......... .......... .......... .......... .......... 64%  113K 65s
  8250K .......... .......... .......... .......... .......... 64%  112K 64s
  8300K .......... .......... .......... .......... .......... 64% 65.2K 64s
  8350K .......... .......... .......... .......... .......... 65% 54.1K 63s
  8400K .......... .......... .......... .......... .......... 65% 83.4K 62s
  8450K .......... .......... .......... .......... .......... 65%  134K 62s
  8500K .......... .......... .......... .......... .......... 66% 58.7K 61s
  8550K .......... .......... .......... .......... .......... 66%  102K 60s
  8600K .......... .......... .......... .......... .......... 67%  110K 59s
  8650K .......... .......... .......... .......... .......... 67% 64.1K 59s
  8700K .......... .......... .......... .......... .......... 67% 42.1K 58s
  8750K .......... .......... .......... .......... .......... 68% 67.2K 58s
  8800K .......... .......... .......... .......... .......... 68%  110K 57s
  8850K .......... .......... .......... .......... .......... 69% 88.7K 56s
  8900K .......... .......... .......... .......... .......... 69%  119K 55s
  8950K .......... .......... .......... .......... .......... 69% 68.4K 54s
  9000K .......... .......... .......... .......... .......... 70% 85.0K 54s
  9050K .......... .......... .......... .......... .......... 70%  107K 53s
  9100K .......... .......... .......... .......... .......... 71%  116K 52s
  9150K .......... .......... .......... .......... .......... 71% 92.5K 51s
  9200K .......... .......... .......... .......... .......... 71% 62.2K 51s
  9250K .......... .......... .......... .......... .......... 72%  107K 50s
  9300K .......... .......... .......... .......... .......... 72% 21.9K 50s
  9350K .......... .......... .......... .......... .......... 72%  104K 49s
  9400K .......... .......... .......... .......... .......... 73% 65.2K 48s
  9450K .......... .......... .......... .......... .......... 73%  113K 48s
  9500K .......... .......... .......... .......... .......... 74% 44.8K 47s
  9550K .......... .......... .......... .......... .......... 74% 94.8K 46s
  9600K .......... .......... .......... .......... .......... 74%  116K 45s
  9650K .......... .......... .......... .......... .......... 75% 63.1K 45s
  9700K .......... .......... .......... .......... .......... 75% 78.7K 44s
  9750K .......... .......... .......... .......... .......... 76%  102K 43s
  9800K .......... .......... .......... .......... .......... 76% 58.6K 43s
  9850K .......... .......... .......... .......... .......... 76% 44.8K 42s
  9900K .......... .......... .......... .......... .......... 77%  109K 41s
  9950K .......... .......... .......... .......... .......... 77%  104K 40s
 10000K .......... .......... .......... .......... .......... 78% 99.2K 40s
 10050K .......... .......... .......... .......... .......... 78% 67.2K 39s
 10100K .......... .......... .......... .......... .......... 78% 62.2K 38s
 10150K .......... .......... .......... .......... .......... 79% 70.6K 38s
 10200K .......... .......... .......... .......... .......... 79% 99.2K 37s
 10250K .......... .......... .......... .......... .......... 79% 33.3K 36s
 10300K .......... .......... .......... .......... .......... 80% 99.1K 36s
 10350K .......... .......... .......... .......... .......... 80%  119K 35s
 10400K .......... .......... .......... .......... .......... 81% 92.5K 34s
 10450K .......... .......... .......... .......... .......... 81% 75.8K 33s
 10500K .......... .......... .......... .......... .......... 81% 57.1K 33s
 10550K .......... .......... .......... .......... .......... 82%  134K 32s
 10600K .......... .......... .......... .......... .......... 82% 96.9K 31s
 10650K .......... .......... .......... .......... .......... 83% 96.9K 31s
 10700K .......... .......... .......... .......... .......... 83% 47.9K 30s
 10750K .......... .......... .......... .......... .......... 83%  102K 29s
 10800K .......... .......... .......... .......... .......... 84% 45.8K 29s
 10850K .......... .......... .......... .......... .......... 84% 70.6K 28s
 10900K .......... .......... .......... .......... .......... 84%  104K 27s
 10950K .......... .......... .......... .......... .......... 85% 49.6K 26s
 11000K .......... .......... .......... .......... .......... 85%  107K 26s
 11050K .......... .......... .......... .......... .......... 86%  104K 25s
 11100K .......... .......... .......... .......... .......... 86% 65.1K 24s
 11150K .......... .......... .......... .......... .......... 86% 21.5K 24s
 11200K .......... .......... .......... .......... .......... 87% 80.1K 23s
 11250K .......... .......... .......... .......... .......... 87% 78.7K 22s
 11300K .......... .......... .......... .......... .......... 88% 84.9K 22s
 11350K .......... .......... .......... .......... .......... 88%  107K 21s
 11400K .......... .......... .......... .......... .......... 88% 96.8K 20s
 11450K .......... .......... .......... .......... .......... 89%  119K 19s
 11500K .......... .......... .......... .......... .......... 89%  104K 19s
 11550K .......... .......... .......... .......... .......... 90%  116K 18s
 11600K .......... .......... .......... .......... .......... 90%  102K 17s
 11650K .......... .......... .......... .......... .......... 90% 59.5K 17s
 11700K .......... .......... .......... .......... .......... 91% 96.8K 16s
 11750K .......... .......... .......... .......... .......... 91% 61.3K 15s
 11800K .......... .......... .......... .......... .......... 91% 81.8K 14s
 11850K .......... .......... .......... .......... .......... 92%  107K 14s
 11900K .......... .......... .......... .......... .......... 92%  110K 13s
 11950K .......... .......... .......... .......... .......... 93%  102K 12s
 12000K .......... .......... .......... .......... .......... 93%  126K 12s
 12050K .......... .......... .......... .......... .......... 93% 94.7K 11s
 12100K .......... .......... .......... .......... .......... 94% 90.6K 10s
 12150K .......... .......... .......... .......... .......... 94%  116K 9s
 12200K .......... .......... .......... .......... .......... 95% 94.7K 9s
 12250K .......... .......... .......... .......... .......... 95% 68.3K 8s
 12300K .......... .......... .......... .......... .......... 95% 94.7K 7s
 12350K .......... .......... .......... .......... .......... 96% 32.3K 7s
 12400K .......... .......... .......... .......... .......... 96%  104K 6s
 12450K .......... .......... .......... .......... .......... 97%  109K 5s
 12500K .......... .......... .......... .......... .......... 97% 69.5K 5s
 12550K .......... .......... .......... .......... .......... 97% 85.0K 4s
 12600K .......... .......... .......... .......... .......... 98% 90.6K 3s
 12650K .......... .......... .......... .......... .......... 98%  113K 3s
 12700K .......... .......... .......... .......... .......... 98% 90.6K 2s
 12750K .......... .......... .......... .......... .......... 99% 63.1K 1s
 12800K .......... .......... .......... .......... .......... 99% 50.2K 0s
 12850K .......... .......... .......... ....                 100% 51.7K=2m59s

2016-05-25 00:37:39 (72.1 KB/s) - ‘index.html.15’ saved [13193358/13193358]

