--2016-05-25 03:20:48--  http://10.30.50.93:8000/
Connecting to 10.30.50.93:8000... connected.
HTTP request sent, awaiting response... 200 OK
Length: 13193358 (13M) [text/html]
Saving to: ‘index.html.8’

     0K .......... .......... .......... .......... ..........  0% 1.06M 12s
    50K .......... .......... .......... .......... ..........  0% 1.15M 11s
   100K .......... .......... .......... .......... ..........  1% 1.03M 12s
   150K .......... .......... .......... .......... ..........  1%  986K 12s
   200K .......... .......... .......... .......... ..........  1%  201K 22s
   250K .......... .......... .......... .......... ..........  2%  952K 20s
   300K .......... .......... .......... .......... ..........  2% 1006K 19s
   350K .......... .......... .......... .......... ..........  3% 1.04M 18s
   400K .......... .......... .......... .......... ..........  3% 1007K 18s
   450K .......... .......... .......... .......... ..........  3% 1.02M 17s
   500K .......... .......... .......... .......... ..........  4%  197K 21s
   550K .......... .......... .......... .......... ..........  4% 1.05M 20s
   600K .......... .......... .......... .......... ..........  5% 1020K 19s
   650K .......... .......... .......... .......... ..........  5% 1.05M 19s
   700K .......... .......... .......... .......... ..........  5% 1.04M 18s
   750K .......... .......... .......... .......... ..........  6% 1.11M 18s
   800K .......... .......... .......... .......... ..........  6% 1.03M 17s
   850K .......... .......... .......... .......... ..........  6%  948K 17s
   900K .......... .......... .......... .......... ..........  7%  936K 17s
   950K .......... .......... .......... .......... ..........  7%  808K 16s
  1000K .......... .......... .......... .......... ..........  8% 1.06M 16s
  1050K .......... .......... .......... .......... ..........  8% 1004K 16s
  1100K .......... .......... .......... .......... ..........  8% 1.14M 16s
  1150K .......... .......... .......... .......... ..........  9% 1.17M 15s
  1200K .......... .......... .......... .......... ..........  9%  869K 15s
  1250K .......... .......... .......... .......... .......... 10% 1.07M 15s
  1300K .......... .......... .......... .......... .......... 10%  787K 15s
  1350K .......... .......... .......... .......... .......... 10%  921K 15s
  1400K .......... .......... .......... .......... .......... 11%  192K 16s
  1450K .......... .......... .......... .......... .......... 11%  841K 16s
  1500K .......... .......... .......... .......... .......... 12% 1.00M 16s
  1550K .......... .......... .......... .......... .......... 12% 1.01M 16s
  1600K .......... .......... .......... .......... .......... 12%  863K 15s
  1650K .......... .......... .......... .......... .......... 13% 1.14M 15s
  1700K .......... .......... .......... .......... .......... 13% 1.13M 15s
  1750K .......... .......... .......... .......... .......... 13% 1.04M 15s
  1800K .......... .......... .......... .......... .......... 14% 1.15M 15s
  1850K .......... .......... .......... .......... .......... 14%  955K 14s
  1900K .......... .......... .......... .......... .......... 15%  185K 15s
  1950K .......... .......... .......... .......... .......... 15%  958K 15s
  2000K .......... .......... .......... .......... .......... 15% 1.09M 15s
  2050K .......... .......... .......... .......... .......... 16% 1.05M 15s
  2100K .......... .......... .......... .......... .......... 16% 1.12M 15s
  2150K .......... .......... .......... .......... .......... 17% 1.08M 15s
  2200K .......... .......... .......... .......... .......... 17% 1.05M 14s
  2250K .......... .......... .......... .......... .......... 17% 1.13M 14s
  2300K .......... .......... .......... .......... .......... 18%  897K 14s
  2350K .......... .......... .......... .......... .......... 18% 1.00M 14s
  2400K .......... .......... .......... .......... .......... 19% 1.03M 14s
  2450K .......... .......... .......... .......... .......... 19%  976K 14s
  2500K .......... .......... .......... .......... .......... 19% 1.08M 13s
  2550K .......... .......... .......... .......... .......... 20% 1.10M 13s
  2600K .......... .......... .......... .......... .......... 20% 1.04M 13s
  2650K .......... .......... .......... .......... .......... 20% 1001K 13s
  2700K .......... .......... .......... .......... .......... 21%  979K 13s
  2750K .......... .......... .......... .......... .......... 21%  915K 13s
  2800K .......... .......... .......... .......... .......... 22%  201K 13s
  2850K .......... .......... .......... .......... .......... 22% 1.11M 13s
  2900K .......... .......... .......... .......... .......... 22%  953K 13s
  2950K .......... .......... .......... .......... .......... 23%  994K 13s
  3000K .......... .......... .......... .......... .......... 23%  978K 13s
  3050K .......... .......... .......... .......... .......... 24% 1.03M 13s
  3100K .......... .......... .......... .......... .......... 24%  911K 13s
  3150K .......... .......... .......... .......... .......... 24%  803K 13s
  3200K .......... .......... .......... .......... .......... 25% 1.15M 13s
  3250K .......... .......... .......... .......... .......... 25% 1.03M 12s
  3300K .......... .......... .......... .......... .......... 26% 1.04M 12s
  3350K .......... .......... .......... .......... .......... 26%  965K 12s
  3400K .......... .......... .......... .......... .......... 26% 1.01M 12s
  3450K .......... .......... .......... .......... .......... 27%  898K 12s
  3500K .......... .......... .......... .......... .......... 27% 1.03M 12s
  3550K .......... .......... .......... .......... .......... 27% 1.12M 12s
  3600K .......... .......... .......... .......... .......... 28%  845K 12s
  3650K .......... .......... .......... .......... .......... 28% 1006K 12s
  3700K .......... .......... .......... .......... .......... 29% 1.02M 12s
  3750K .......... .......... .......... .......... .......... 29% 1.10M 11s
  3800K .......... .......... .......... .......... .......... 29% 1.03M 11s
  3850K .......... .......... .......... .......... .......... 30% 1.11M 11s
  3900K .......... .......... .......... .......... .......... 30% 1.16M 11s
  3950K .......... .......... .......... .......... .......... 31% 1.15M 11s
  4000K .......... .......... .......... .......... .......... 31% 1.13M 11s
  4050K .......... .......... .......... .......... .......... 31% 1.06M 11s
  4100K .......... .......... .......... .......... .......... 32% 1.18M 11s
  4150K .......... .......... .......... .......... .......... 32% 1.05M 11s
  4200K .......... .......... .......... .......... .......... 32% 1.14M 11s
  4250K .......... .......... .......... .......... .......... 33% 1.03M 10s
  4300K .......... .......... .......... .......... .......... 33% 1.11M 10s
  4350K .......... .......... .......... .......... .......... 34% 1.07M 10s
  4400K .......... .......... .......... .......... .......... 34% 1.12M 10s
  4450K .......... .......... .......... .......... .......... 34% 1016K 10s
  4500K .......... .......... .......... .......... .......... 35% 1.32M 10s
  4550K .......... .......... .......... .......... .......... 35% 1.10M 10s
  4600K .......... .......... .......... .......... .......... 36% 1.10M 10s
  4650K .......... .......... .......... .......... .......... 36% 1.17M 10s
  4700K .......... .......... .......... .......... .......... 36% 1.04M 10s
  4750K .......... .......... .......... .......... .......... 37% 1.16M 10s
  4800K .......... .......... .......... .......... .......... 37% 1.16M 9s
  4850K .......... .......... .......... .......... .......... 38% 1.04M 9s
  4900K .......... .......... .......... .......... .......... 38% 1012K 9s
  4950K .......... .......... .......... .......... .......... 38% 1.19M 9s
  5000K .......... .......... .......... .......... .......... 39% 1.03M 9s
  5050K .......... .......... .......... .......... .......... 39%  196K 9s
  5100K .......... .......... .......... .......... .......... 39% 1.09M 9s
  5150K .......... .......... .......... .......... .......... 40%  982K 9s
  5200K .......... .......... .......... .......... .......... 40% 1.09M 9s
  5250K .......... .......... .......... .......... .......... 41% 1.08M 9s
  5300K .......... .......... .......... .......... .......... 41% 1.05M 9s
  5350K .......... .......... .......... .......... .......... 41% 1.22M 9s
  5400K .......... .......... .......... .......... .......... 42%  974K 9s
  5450K .......... .......... .......... .......... .......... 42% 1.30M 9s
  5500K .......... .......... .......... .......... .......... 43% 1.12M 9s
  5550K .......... .......... .......... .......... .......... 43% 1006K 9s
  5600K .......... .......... .......... .......... .......... 43% 1.03M 9s
  5650K .......... .......... .......... .......... .......... 44%  881K 8s
  5700K .......... .......... .......... .......... .......... 44% 1.07M 8s
  5750K .......... .......... .......... .......... .......... 45%  193K 9s
  5800K .......... .......... .......... .......... .......... 45% 1016K 8s
  5850K .......... .......... .......... .......... .......... 45% 1.25M 8s
  5900K .......... .......... .......... .......... .......... 46%  884K 8s
  5950K .......... .......... .......... .......... .......... 46% 1012K 8s
  6000K .......... .......... .......... .......... .......... 46% 1001K 8s
  6050K .......... .......... .......... .......... .......... 47% 1.23M 8s
  6100K .......... .......... .......... .......... .......... 47% 1.01M 8s
  6150K .......... .......... .......... .......... .......... 48%  830K 8s
  6200K .......... .......... .......... .......... .......... 48%  846K 8s
  6250K .......... .......... .......... .......... .......... 48% 1.14M 8s
  6300K .......... .......... .......... .......... .......... 49% 1.02M 8s
  6350K .......... .......... .......... .......... .......... 49%  936K 8s
  6400K .......... .......... .......... .......... .......... 50% 1.27M 8s
  6450K .......... .......... .......... .......... .......... 50% 1.09M 8s
  6500K .......... .......... .......... .......... .......... 50%  952K 7s
  6550K .......... .......... .......... .......... .......... 51% 1.28M 7s
  6600K .......... .......... .......... .......... .......... 51% 1.16M 7s
  6650K .......... .......... .......... .......... .......... 52% 1.06M 7s
  6700K .......... .......... .......... .......... .......... 52% 1.09M 7s
  6750K .......... .......... .......... .......... .......... 52%  969K 7s
  6800K .......... .......... .......... .......... .......... 53% 1.11M 7s
  6850K .......... .......... .......... .......... .......... 53% 1.06M 7s
  6900K .......... .......... .......... .......... .......... 53% 1.21M 7s
  6950K .......... .......... .......... .......... .......... 54% 1.14M 7s
  7000K .......... .......... .......... .......... .......... 54%  807K 7s
  7050K .......... .......... .......... .......... .......... 55% 1.03M 7s
  7100K .......... .......... .......... .......... .......... 55%  900K 7s
  7150K .......... .......... .......... .......... .......... 55% 1004K 7s
  7200K .......... .......... .......... .......... .......... 56% 1010K 7s
  7250K .......... .......... .......... .......... .......... 56%  945K 6s
  7300K .......... .......... .......... .......... .......... 57% 1.09M 6s
  7350K .......... .......... .......... .......... .......... 57% 1.04M 6s
  7400K .......... .......... .......... .......... .......... 57%  876K 6s
  7450K .......... .......... .......... .......... .......... 58% 1.09M 6s
  7500K .......... .......... .......... .......... .......... 58%  193K 6s
  7550K .......... .......... .......... .......... .......... 58% 1.18M 6s
  7600K .......... .......... .......... .......... .......... 59% 1.10M 6s
  7650K .......... .......... .......... .......... .......... 59% 1.07M 6s
  7700K .......... .......... .......... .......... .......... 60% 1006K 6s
  7750K .......... .......... .......... .......... .......... 60% 1.01M 6s
  7800K .......... .......... .......... .......... .......... 60%  885K 6s
  7850K .......... .......... .......... .......... .......... 61% 1.10M 6s
  7900K .......... .......... .......... .......... .......... 61%  942K 6s
  7950K .......... .......... .......... .......... .......... 62% 1.11M 6s
  8000K .......... .......... .......... .......... .......... 62% 1.04M 6s
  8050K .......... .......... .......... .......... .......... 62% 1017K 6s
  8100K .......... .......... .......... .......... .......... 63% 1.17M 5s
  8150K .......... .......... .......... .......... .......... 63%  980K 5s
  8200K .......... .......... .......... .......... .......... 64%  836K 5s
  8250K .......... .......... .......... .......... .......... 64% 1013K 5s
  8300K .......... .......... .......... .......... .......... 64%  937K 5s
  8350K .......... .......... .......... .......... .......... 65% 1.13M 5s
  8400K .......... .......... .......... .......... .......... 65% 1.08M 5s
  8450K .......... .......... .......... .......... .......... 65% 1.13M 5s
  8500K .......... .......... .......... .......... .......... 66% 1.03M 5s
  8550K .......... .......... .......... .......... .......... 66% 1.00M 5s
  8600K .......... .......... .......... .......... .......... 67% 1000K 5s
  8650K .......... .......... .......... .......... .......... 67% 1.15M 5s
  8700K .......... .......... .......... .......... .......... 67%  883K 5s
  8750K .......... .......... .......... .......... .......... 68% 1.10M 5s
  8800K .......... .......... .......... .......... .......... 68%  972K 5s
  8850K .......... .......... .......... .......... .......... 69% 1012K 5s
  8900K .......... .......... .......... .......... .......... 69% 1019K 5s
  8950K .......... .......... .......... .......... .......... 69%  866K 4s
  9000K .......... .......... .......... .......... .......... 70% 1021K 4s
  9050K .......... .......... .......... .......... .......... 70%  922K 4s
  9100K .......... .......... .......... .......... .......... 71%  956K 4s
  9150K .......... .......... .......... .......... .......... 71%  199K 4s
  9200K .......... .......... .......... .......... .......... 71% 1.14M 4s
  9250K .......... .......... .......... .......... .......... 72%  974K 4s
  9300K .......... .......... .......... .......... .......... 72% 1.02M 4s
  9350K .......... .......... .......... .......... .......... 72%  964K 4s
  9400K .......... .......... .......... .......... .......... 73%  931K 4s
  9450K .......... .......... .......... .......... .......... 73%  997K 4s
  9500K .......... .......... .......... .......... .......... 74% 1.08M 4s
  9550K .......... .......... .......... .......... .......... 74% 1.04M 4s
  9600K .......... .......... .......... .......... .......... 74%  955K 4s
  9650K .......... .......... .......... .......... .......... 75% 1.35M 4s
  9700K .......... .......... .......... .......... .......... 75% 1.06M 4s
  9750K .......... .......... .......... .......... .......... 76%  939K 4s
  9800K .......... .......... .......... .......... .......... 76% 1.11M 3s
  9850K .......... .......... .......... .......... .......... 76% 1.19M 3s
  9900K .......... .......... .......... .......... .......... 77% 1.03M 3s
  9950K .......... .......... .......... .......... .......... 77% 1.14M 3s
 10000K .......... .......... .......... .......... .......... 78% 1.05M 3s
 10050K .......... .......... .......... .......... .......... 78% 1.13M 3s
 10100K .......... .......... .......... .......... .......... 78% 1.08M 3s
 10150K .......... .......... .......... .......... .......... 79%  914K 3s
 10200K .......... .......... .......... .......... .......... 79% 1.15M 3s
 10250K .......... .......... .......... .......... .......... 79% 1.24M 3s
 10300K .......... .......... .......... .......... .......... 80% 1.03M 3s
 10350K .......... .......... .......... .......... .......... 80%  850K 3s
 10400K .......... .......... .......... .......... .......... 81% 1.01M 3s
 10450K .......... .......... .......... .......... .......... 81%  967K 3s
 10500K .......... .......... .......... .......... .......... 81% 1.29M 3s
 10550K .......... .......... .......... .......... .......... 82% 1.03M 3s
 10600K .......... .......... .......... .......... .......... 82%  965K 3s
 10650K .......... .......... .......... .......... .......... 83%  815K 2s
 10700K .......... .......... .......... .......... .......... 83%  902K 2s
 10750K .......... .......... .......... .......... .......... 83%  925K 2s
 10800K .......... .......... .......... .......... .......... 84% 1.04M 2s
 10850K .......... .......... .......... .......... .......... 84% 1.06M 2s
 10900K .......... .......... .......... .......... .......... 84% 1.12M 2s
 10950K .......... .......... .......... .......... .......... 85% 1.02M 2s
 11000K .......... .......... .......... .......... .......... 85% 1.10M 2s
 11050K .......... .......... .......... .......... .......... 86% 1.00M 2s
 11100K .......... .......... .......... .......... .......... 86%  814K 2s
 11150K .......... .......... .......... .......... .......... 86%  907K 2s
 11200K .......... .......... .......... .......... .......... 87% 1015K 2s
 11250K .......... .......... .......... .......... .......... 87%  919K 2s
 11300K .......... .......... .......... .......... .......... 88% 1.20M 2s
 11350K .......... .......... .......... .......... .......... 88%  914K 2s
 11400K .......... .......... .......... .......... .......... 88%  811K 2s
 11450K .......... .......... .......... .......... .......... 89% 1.02M 2s
 11500K .......... .......... .......... .......... .......... 89% 1.06M 2s
 11550K .......... .......... .......... .......... .......... 90%  902K 1s
 11600K .......... .......... .......... .......... .......... 90%  964K 1s
 11650K .......... .......... .......... .......... .......... 90%  931K 1s
 11700K .......... .......... .......... .......... .......... 91% 1.02M 1s
 11750K .......... .......... .......... .......... .......... 91% 1.24M 1s
 11800K .......... .......... .......... .......... .......... 91% 1.04M 1s
 11850K .......... .......... .......... .......... .......... 92% 1.06M 1s
 11900K .......... .......... .......... .......... .......... 92% 1.15M 1s
 11950K .......... .......... .......... .......... .......... 93% 1.12M 1s
 12000K .......... .......... .......... .......... .......... 93% 1.07M 1s
 12050K .......... .......... .......... .......... .......... 93%  990K 1s
 12100K .......... .......... .......... .......... .......... 94% 1.18M 1s
 12150K .......... .......... .......... .......... .......... 94% 1.02M 1s
 12200K .......... .......... .......... .......... .......... 95% 1.02M 1s
 12250K .......... .......... .......... .......... .......... 95% 1.16M 1s
 12300K .......... .......... .......... .......... .......... 95% 1.18M 1s
 12350K .......... .......... .......... .......... .......... 96%  910K 1s
 12400K .......... .......... .......... .......... .......... 96% 1.23M 0s
 12450K .......... .......... .......... .......... .......... 97%  740K 0s
 12500K .......... .......... .......... .......... .......... 97%  832K 0s
 12550K .......... .......... .......... .......... .......... 97%  200K 0s
 12600K .......... .......... .......... .......... .......... 98% 1.01M 0s
 12650K .......... .......... .......... .......... .......... 98% 1.11M 0s
 12700K .......... .......... .......... .......... .......... 98%  926K 0s
 12750K .......... .......... .......... .......... .......... 99%  805K 0s
 12800K .......... .......... .......... .......... .......... 99% 1.07M 0s
 12850K .......... .......... .......... ....                 100%  142K=15s

2016-05-25 03:21:02 (876 KB/s) - ‘index.html.8’ saved [13193358/13193358]

