--2016-05-25 03:57:12--  http://10.30.50.93:8000/
Connecting to 10.30.50.93:8000... connected.
HTTP request sent, awaiting response... 200 OK
Length: 13193358 (13M) [text/html]
Saving to: ‘index.html.17’

     0K .......... .......... .......... .......... ..........  0% 3.44M 4s
    50K .......... .......... .......... .......... ..........  0% 3.08M 4s
   100K .......... .......... .......... .......... ..........  1% 1.83M 5s
   150K .......... .......... .......... .......... ..........  1%  110K 32s
   200K .......... .......... .......... .......... ..........  1% 15.2K 3m13s
   250K .......... .......... .......... .......... ..........  2%  219K 2m49s
   300K .......... .......... .......... .......... ..........  2%  728K 2m27s
   350K .......... .......... .......... .......... ..........  3%  109K 2m23s
   400K .......... .......... .......... .......... ..........  3%  204K 2m13s
   450K .......... .......... .......... .......... ..........  3%  116K 2m10s
   500K .......... .......... .......... .......... ..........  4%  109K 2m8s
   550K .......... .......... .......... .......... ..........  4% 1.75M 1m57s
   600K .......... .......... .......... .......... ..........  5%  861K 1m49s
   650K .......... .......... .......... .......... ..........  5%  111K 1m49s
   700K .......... .......... .......... .......... ..........  5%  191K 1m45s
   750K .......... .......... .......... .......... ..........  6% 1.25M 99s
   800K .......... .......... .......... .......... ..........  6%  859K 93s
   850K .......... .......... .......... .......... ..........  6%  972K 89s
   900K .......... .......... .......... .......... ..........  7% 1.06M 84s
   950K .......... .......... .......... .......... ..........  7%  112K 85s
  1000K .......... .......... .......... .......... ..........  8%  111K 86s
  1050K .......... .......... .......... .......... ..........  8%  196K 84s
  1100K .......... .......... .......... .......... ..........  8% 1.10M 81s
  1150K .......... .......... .......... .......... ..........  9%  113K 81s
  1200K .......... .......... .......... .......... ..........  9%  206K 80s
  1250K .......... .......... .......... .......... .......... 10%  927K 77s
  1300K .......... .......... .......... .......... .......... 10% 1.23M 74s
  1350K .......... .......... .......... .......... .......... 10%  203K 73s
  1400K .......... .......... .......... .......... .......... 11%  114K 74s
  1450K .......... .......... .......... .......... .......... 11% 1.24M 71s
  1500K .......... .......... .......... .......... .......... 12%  199K 71s
  1550K .......... .......... .......... .......... .......... 12%  194K 70s
  1600K .......... .......... .......... .......... .......... 12%  656K 68s
  1650K .......... .......... .......... .......... .......... 13%  195K 67s
  1700K .......... .......... .......... .......... .......... 13%  116K 68s
  1750K .......... .......... .......... .......... .......... 13%  205K 67s
  1800K .......... .......... .......... .......... .......... 14%  204K 67s
  1850K .......... .......... .......... .......... .......... 14%  112K 67s
  1900K .......... .......... .......... .......... .......... 15%  193K 67s
  1950K .......... .......... .......... .......... .......... 15% 1.44M 65s
  2000K .......... .......... .......... .......... .......... 15% 60.0K 67s
  2050K .......... .......... .......... .......... .......... 16% 1.09M 66s
  2100K .......... .......... .......... .......... .......... 16% 47.9K 69s
  2150K .......... .......... .......... .......... .......... 17%  117K 69s
  2200K .......... .......... .......... .......... .......... 17%  210K 68s
  2250K .......... .......... .......... .......... .......... 17% 1.01M 67s
  2300K .......... .......... .......... .......... .......... 18% 1.25M 65s
  2350K .......... .......... .......... .......... .......... 18%  199K 65s
  2400K .......... .......... .......... .......... .......... 19%  201K 64s
  2450K .......... .......... .......... .......... .......... 19% 76.0K 65s
  2500K .......... .......... .......... .......... .......... 19% 1.26M 64s
  2550K .......... .......... .......... .......... .......... 20%  918K 63s
  2600K .......... .......... .......... .......... .......... 20%  206K 62s
  2650K .......... .......... .......... .......... .......... 20% 1.58M 61s
  2700K .......... .......... .......... .......... .......... 21% 1023K 59s
  2750K .......... .......... .......... .......... .......... 21% 1.27M 58s
  2800K .......... .......... .......... .......... .......... 22%  111K 59s
  2850K .......... .......... .......... .......... .......... 22% 1.04M 57s
  2900K .......... .......... .......... .......... .......... 22%  848K 56s
  2950K .......... .......... .......... .......... .......... 23% 58.2K 58s
  3000K .......... .......... .......... .......... .......... 23% 1.01M 57s
  3050K .......... .......... .......... .......... .......... 24%  210K 56s
  3100K .......... .......... .......... .......... .......... 24% 1.31M 55s
  3150K .......... .......... .......... .......... .......... 24% 74.6K 56s
  3200K .......... .......... .......... .......... .......... 25% 1.34M 55s
  3250K .......... .......... .......... .......... .......... 25% 1.05M 54s
  3300K .......... .......... .......... .......... .......... 26% 1.32M 53s
  3350K .......... .......... .......... .......... .......... 26% 56.8K 55s
  3400K .......... .......... .......... .......... .......... 26% 1.17M 54s
  3450K .......... .......... .......... .......... .......... 27%  101K 54s
  3500K .......... .......... .......... .......... .......... 27% 1.28M 53s
  3550K .......... .......... .......... .......... .......... 27%  199K 53s
  3600K .......... .......... .......... .......... .......... 28%  669K 52s
  3650K .......... .......... .......... .......... .......... 28% 1.04M 51s
  3700K .......... .......... .......... .......... .......... 29% 1014K 50s
  3750K .......... .......... .......... .......... .......... 29% 1.27M 49s
  3800K .......... .......... .......... .......... .......... 29% 1.05M 49s
  3850K .......... .......... .......... .......... .......... 30% 1.43M 48s
  3900K .......... .......... .......... .......... .......... 30%  914K 47s
  3950K .......... .......... .......... .......... .......... 31% 38.8K 49s
  4000K .......... .......... .......... .......... .......... 31% 1004K 48s
  4050K .......... .......... .......... .......... .......... 31% 76.9K 49s
  4100K .......... .......... .......... .......... .......... 32%  206K 48s
  4150K .......... .......... .......... .......... .......... 32%  918K 48s
  4200K .......... .......... .......... .......... .......... 32%  205K 47s
  4250K .......... .......... .......... .......... .......... 33%  203K 47s
  4300K .......... .......... .......... .......... .......... 33%  886K 46s
  4350K .......... .......... .......... .......... .......... 34% 1.05M 46s
  4400K .......... .......... .......... .......... .......... 34% 1.13M 45s
  4450K .......... .......... .......... .......... .......... 34%  105K 45s
  4500K .......... .......... .......... .......... .......... 35%  197K 45s
  4550K .......... .......... .......... .......... .......... 35%  109K 45s
  4600K .......... .......... .......... .......... .......... 36% 59.1K 46s
  4650K .......... .......... .......... .......... .......... 36% 1.23M 45s
  4700K .......... .......... .......... .......... .......... 36%  979K 44s
  4750K .......... .......... .......... .......... .......... 37% 1.35M 44s
  4800K .......... .......... .......... .......... .......... 37% 1.08M 43s
  4850K .......... .......... .......... .......... .......... 38%  192K 43s
  4900K .......... .......... .......... .......... .......... 38% 1.32M 42s
  4950K .......... .......... .......... .......... .......... 38%  966K 41s
  5000K .......... .......... .......... .......... .......... 39%  977K 41s
  5050K .......... .......... .......... .......... .......... 39% 76.6K 41s
  5100K .......... .......... .......... .......... .......... 39% 74.8K 41s
  5150K .......... .......... .......... .......... .......... 40%  209K 41s
  5200K .......... .......... .......... .......... .......... 40%  194K 41s
  5250K .......... .......... .......... .......... .......... 41% 1.13M 40s
  5300K .......... .......... .......... .......... .......... 41% 7.58K 49s
  5350K .......... .......... .......... .......... .......... 41%  202K 49s
  5400K .......... .......... .......... .......... .......... 42% 55.8K 49s
  5450K .......... .......... .......... .......... .......... 42%  108K 49s
  5500K .......... .......... .......... .......... .......... 43% 1.17M 48s
  5550K .......... .......... .......... .......... .......... 43% 47.2K 49s
  5600K .......... .......... .......... .......... .......... 43% 58.0K 49s
  5650K .......... .......... .......... .......... .......... 44% 76.8K 49s
  5700K .......... .......... .......... .......... .......... 44%  111K 49s
  5750K .......... .......... .......... .......... .......... 45% 1.00M 48s
  5800K .......... .......... .......... .......... .......... 45%  202K 48s
  5850K .......... .......... .......... .......... .......... 45%  202K 47s
  5900K .......... .......... .......... .......... .......... 46%  953K 47s
  5950K .......... .......... .......... .......... .......... 46%  971K 46s
  6000K .......... .......... .......... .......... .......... 46% 57.5K 46s
  6050K .......... .......... .......... .......... .......... 47%  115K 46s
  6100K .......... .......... .......... .......... .......... 47% 1.47M 45s
  6150K .......... .......... .......... .......... .......... 48%  199K 45s
  6200K .......... .......... .......... .......... .......... 48%  200K 44s
  6250K .......... .......... .......... .......... .......... 48% 1.40M 44s
  6300K .......... .......... .......... .......... .......... 49% 1.51M 43s
  6350K .......... .......... .......... .......... .......... 49% 39.4K 44s
  6400K .......... .......... .......... .......... .......... 50%  226K 43s
  6450K .......... .......... .......... .......... .......... 50%  106K 43s
  6500K .......... .......... .......... .......... .......... 50%  114K 43s
  6550K .......... .......... .......... .......... .......... 51% 57.8K 43s
  6600K .......... .......... .......... .......... .......... 51%  110K 43s
  6650K .......... .......... .......... .......... .......... 52%  107K 43s
  6700K .......... .......... .......... .......... .......... 52% 1.17M 42s
  6750K .......... .......... .......... .......... .......... 52%  190K 42s
  6800K .......... .......... .......... .......... .......... 53%  932K 41s
  6850K .......... .......... .......... .......... .......... 53% 1.00M 40s
  6900K .......... .......... .......... .......... .......... 53% 1.03M 40s
  6950K .......... .......... .......... .......... .......... 54% 1.14M 39s
  7000K .......... .......... .......... .......... .......... 54% 12.7K 42s
  7050K .......... .......... .......... .......... .......... 55%  107K 42s
  7100K .......... .......... .......... .......... .......... 55% 1.66M 41s
  7150K .......... .......... .......... .......... .......... 55%  103K 41s
  7200K .......... .......... .......... .......... .......... 56%  896K 40s
  7250K .......... .......... .......... .......... .......... 56%  214K 40s
  7300K .......... .......... .......... .......... .......... 57% 1.30M 39s
  7350K .......... .......... .......... .......... .......... 57% 1.19M 38s
  7400K .......... .......... .......... .......... .......... 57% 1.05M 38s
  7450K .......... .......... .......... .......... .......... 58% 1.06M 37s
  7500K .......... .......... .......... .......... .......... 58%  202K 37s
  7550K .......... .......... .......... .......... .......... 58% 1.81M 36s
  7600K .......... .......... .......... .......... .......... 59%  198K 36s
  7650K .......... .......... .......... .......... .......... 59%  186K 36s
  7700K .......... .......... .......... .......... .......... 60% 1.18M 35s
  7750K .......... .......... .......... .......... .......... 60%  196K 35s
  7800K .......... .......... .......... .......... .......... 60%  192K 34s
  7850K .......... .......... .......... .......... .......... 61%  206K 34s
  7900K .......... .......... .......... .......... .......... 61% 1.06M 33s
  7950K .......... .......... .......... .......... .......... 62%  186K 33s
  8000K .......... .......... .......... .......... .......... 62% 2.25M 32s
  8050K .......... .......... .......... .......... .......... 62%  112K 32s
  8100K .......... .......... .......... .......... .......... 63% 1.34M 32s
  8150K .......... .......... .......... .......... .......... 63%  107K 31s
  8200K .......... .......... .......... .......... .......... 64% 1.27M 31s
  8250K .......... .......... .......... .......... .......... 64% 1.05M 30s
  8300K .......... .......... .......... .......... .......... 64%  206K 30s
  8350K .......... .......... .......... .......... .......... 65% 1.01M 30s
  8400K .......... .......... .......... .......... .......... 65%  205K 29s
  8450K .......... .......... .......... .......... .......... 65% 1021K 29s
  8500K .......... .......... .......... .......... .......... 66% 1.47M 28s
  8550K .......... .......... .......... .......... .......... 66%  704K 28s
  8600K .......... .......... .......... .......... .......... 67% 33.7K 28s
  8650K .......... .......... .......... .......... .......... 67%  218K 28s
  8700K .......... .......... .......... .......... .......... 67%  955K 27s
  8750K .......... .......... .......... .......... .......... 68% 1.30M 27s
  8800K .......... .......... .......... .......... .......... 68% 39.3K 27s
  8850K .......... .......... .......... .......... .......... 69% 1010K 26s
  8900K .......... .......... .......... .......... .......... 69%  197K 26s
  8950K .......... .......... .......... .......... .......... 69% 1.23M 26s
  9000K .......... .......... .......... .......... .......... 70%  968K 25s
  9050K .......... .......... .......... .......... .......... 70% 1.20M 25s
  9100K .......... .......... .......... .......... .......... 71%  210K 24s
  9150K .......... .......... .......... .......... .......... 71% 1.58M 24s
  9200K .......... .......... .......... .......... .......... 71% 1.24M 23s
  9250K .......... .......... .......... .......... .......... 72%  188K 23s
  9300K .......... .......... .......... .......... .......... 72%  740K 23s
  9350K .......... .......... .......... .......... .......... 72%  184K 22s
  9400K .......... .......... .......... .......... .......... 73% 1.07M 22s
  9450K .......... .......... .......... .......... .......... 73% 76.8K 22s
  9500K .......... .......... .......... .......... .......... 74%  211K 21s
  9550K .......... .......... .......... .......... .......... 74%  194K 21s
  9600K .......... .......... .......... .......... .......... 74% 74.1K 21s
  9650K .......... .......... .......... .......... .......... 75% 33.9K 21s
  9700K .......... .......... .......... .......... .......... 75% 15.1K 21s
  9750K .......... .......... .......... .......... .......... 76%  802K 21s
  9800K .......... .......... .......... .......... .......... 76% 1.41M 21s
  9850K .......... .......... .......... .......... .......... 76% 1.38M 20s
  9900K .......... .......... .......... .......... .......... 77% 1.33M 20s
  9950K .......... .......... .......... .......... .......... 77%  211K 19s
 10000K .......... .......... .......... .......... .......... 78% 58.8K 19s
 10050K .......... .......... .......... .......... .......... 78%  114K 19s
 10100K .......... .......... .......... .......... .......... 78% 76.3K 19s
 10150K .......... .......... .......... .......... .......... 79%  802K 18s
 10200K .......... .......... .......... .......... .......... 79% 1.01M 18s
 10250K .......... .......... .......... .......... .......... 79% 1.01M 17s
 10300K .......... .......... .......... .......... .......... 80% 57.8K 17s
 10350K .......... .......... .......... .......... .......... 80% 1.46M 17s
 10400K .......... .......... .......... .......... .......... 81% 76.9K 16s
 10450K .......... .......... .......... .......... .......... 81% 27.1K 16s
 10500K .......... .......... .......... .......... .......... 81%  221K 16s
 10550K .......... .......... .......... .......... .......... 82% 1.25M 16s
 10600K .......... .......... .......... .......... .......... 82% 1.06M 15s
 10650K .......... .......... .......... .......... .......... 83%  210K 15s
 10700K .......... .......... .......... .......... .......... 83%  115K 15s
 10750K .......... .......... .......... .......... .......... 83%  113K 14s
 10800K .......... .......... .......... .......... .......... 84% 1.53M 14s
 10850K .......... .......... .......... .......... .......... 84% 1.47M 13s
 10900K .......... .......... .......... .......... .......... 84% 47.6K 13s
 10950K .......... .......... .......... .......... .......... 85% 78.6K 13s
 11000K .......... .......... .......... .......... .......... 85% 1.34M 13s
 11050K .......... .......... .......... .......... .......... 86% 1.29M 12s
 11100K .......... .......... .......... .......... .......... 86% 1.03M 12s
 11150K .......... .......... .......... .......... .......... 86% 1.45M 11s
 11200K .......... .......... .......... .......... .......... 87%  115K 11s
 11250K .......... .......... .......... .......... .......... 87% 59.1K 11s
 11300K .......... .......... .......... .......... .......... 88% 1.16M 10s
 11350K .......... .......... .......... .......... .......... 88%  754K 10s
 11400K .......... .......... .......... .......... .......... 88%  217K 10s
 11450K .......... .......... .......... .......... .......... 89% 47.7K 9s
 11500K .......... .......... .......... .......... .......... 89% 1.61M 9s
 11550K .......... .......... .......... .......... .......... 90% 77.0K 9s
 11600K .......... .......... .......... .......... .......... 90% 58.3K 8s
 11650K .......... .......... .......... .......... .......... 90%  193K 8s
 11700K .......... .......... .......... .......... .......... 91%  752K 8s
 11750K .......... .......... .......... .......... .......... 91%  107K 7s
 11800K .......... .......... .......... .......... .......... 91%  842K 7s
 11850K .......... .......... .......... .......... .......... 92% 1.25M 7s
 11900K .......... .......... .......... .......... .......... 92% 1.30M 6s
 11950K .......... .......... .......... .......... .......... 93% 26.9K 6s
 12000K .......... .......... .......... .......... .......... 93%  204K 6s
 12050K .......... .......... .......... .......... .......... 93%  204K 5s
 12100K .......... .......... .......... .......... .......... 94%  204K 5s
 12150K .......... .......... .......... .......... .......... 94% 1.17M 5s
 12200K .......... .......... .......... .......... .......... 95% 1.14M 4s
 12250K .......... .......... .......... .......... .......... 95%  756K 4s
 12300K .......... .......... .......... .......... .......... 95% 75.3K 4s
 12350K .......... .......... .......... .......... .......... 96%  889K 3s
 12400K .......... .......... .......... .......... .......... 96% 77.0K 3s
 12450K .......... .......... .......... .......... .......... 97%  990K 3s
 12500K .......... .......... .......... .......... .......... 97%  859K 2s
 12550K .......... .......... .......... .......... .......... 97%  183K 2s
 12600K .......... .......... .......... .......... .......... 98%  991K 2s
 12650K .......... .......... .......... .......... .......... 98%  887K 1s
 12700K .......... .......... .......... .......... .......... 98%  104K 1s
 12750K .......... .......... .......... .......... .......... 99% 1.10M 1s
 12800K .......... .......... .......... .......... .......... 99%  203K 0s
 12850K .......... .......... .......... ....                 100%  148K=87s

2016-05-25 03:58:39 (149 KB/s) - ‘index.html.17’ saved [13193358/13193358]

