--2016-05-25 04:06:10--  http://10.30.50.93:8000/
Connecting to 10.30.50.93:8000... connected.
HTTP request sent, awaiting response... 200 OK
Length: 13193358 (13M) [text/html]
Saving to: ‘index.html.11’

     0K .......... .......... .......... .......... ..........  0% 3.60M 3s
    50K .......... .......... .......... .......... ..........  0% 2.63M 4s
   100K .......... .......... .......... .......... ..........  1% 2.20M 5s
   150K .......... .......... .......... .......... ..........  1% 1.38M 6s
   200K .......... .......... .......... .......... ..........  1% 1.18M 7s
   250K .......... .......... .......... .......... ..........  2% 1.51M 7s
   300K .......... .......... .......... .......... ..........  2% 2.26M 7s
   350K .......... .......... .......... .......... ..........  3% 2.02M 7s
   400K .......... .......... .......... .......... ..........  3% 1.89M 7s
   450K .......... .......... .......... .......... ..........  3% 1.26M 7s
   500K .......... .......... .......... .......... ..........  4% 1.33M 7s
   550K .......... .......... .......... .......... ..........  4%  762K 8s
   600K .......... .......... .......... .......... ..........  5% 1.52M 8s
   650K .......... .......... .......... .......... ..........  5% 1.20M 8s
   700K .......... .......... .......... .......... ..........  5%  208K 11s
   750K .......... .......... .......... .......... ..........  6% 1.32M 11s
   800K .......... .......... .......... .......... ..........  6% 1.93M 11s
   850K .......... .......... .......... .......... ..........  6% 38.7K 27s
   900K .......... .......... .......... .......... ..........  7% 1.21M 26s
   950K .......... .......... .......... .......... ..........  7%  198K 28s
  1000K .......... .......... .......... .......... ..........  8%  212K 29s
  1050K .......... .......... .......... .......... ..........  8%  204K 30s
  1100K .......... .......... .......... .......... ..........  8% 1.36M 29s
  1150K .......... .......... .......... .......... ..........  9% 1.84M 28s
  1200K .......... .......... .......... .......... ..........  9% 1.31M 27s
  1250K .......... .......... .......... .......... .......... 10% 1.26M 26s
  1300K .......... .......... .......... .......... .......... 10%  206K 27s
  1350K .......... .......... .......... .......... .......... 10% 1.05M 27s
  1400K .......... .......... .......... .......... .......... 11% 76.5K 31s
  1450K .......... .......... .......... .......... .......... 11%  202K 31s
  1500K .......... .......... .......... .......... .......... 12% 1.22M 31s
  1550K .......... .......... .......... .......... .......... 12%  115K 33s
  1600K .......... .......... .......... .......... .......... 12% 1.80M 32s
  1650K .......... .......... .......... .......... .......... 13% 2.21M 31s
  1700K .......... .......... .......... .......... .......... 13% 2.51M 30s
  1750K .......... .......... .......... .......... .......... 13% 1.46M 29s
  1800K .......... .......... .......... .......... .......... 14%  974K 28s
  1850K .......... .......... .......... .......... .......... 14% 1.18M 28s
  1900K .......... .......... .......... .......... .......... 15%  959K 27s
  1950K .......... .......... .......... .......... .......... 15% 1.21M 27s
  2000K .......... .......... .......... .......... .......... 15%  981K 26s
  2050K .......... .......... .......... .......... .......... 16% 1.27M 26s
  2100K .......... .......... .......... .......... .......... 16% 1.72M 25s
  2150K .......... .......... .......... .......... .......... 17% 1.70M 25s
  2200K .......... .......... .......... .......... .......... 17% 1.19M 24s
  2250K .......... .......... .......... .......... .......... 17%  191K 25s
  2300K .......... .......... .......... .......... .......... 18%  875K 24s
  2350K .......... .......... .......... .......... .......... 18%  108K 26s
  2400K .......... .......... .......... .......... .......... 19% 1.00M 25s
  2450K .......... .......... .......... .......... .......... 19%  204K 26s
  2500K .......... .......... .......... .......... .......... 19%  210K 26s
  2550K .......... .......... .......... .......... .......... 20% 2.25M 25s
  2600K .......... .......... .......... .......... .......... 20% 1.43M 25s
  2650K .......... .......... .......... .......... .......... 20% 1.24M 25s
  2700K .......... .......... .......... .......... .......... 21% 1.05M 24s
  2750K .......... .......... .......... .......... .......... 21% 1.40M 24s
  2800K .......... .......... .......... .......... .......... 22% 1.15M 23s
  2850K .......... .......... .......... .......... .......... 22% 1.17M 23s
  2900K .......... .......... .......... .......... .......... 22% 1.28M 23s
  2950K .......... .......... .......... .......... .......... 23% 1.17M 22s
  3000K .......... .......... .......... .......... .......... 23%  197K 23s
  3050K .......... .......... .......... .......... .......... 24% 1.48M 22s
  3100K .......... .......... .......... .......... .......... 24% 1.06M 22s
  3150K .......... .......... .......... .......... .......... 24% 1.07M 22s
  3200K .......... .......... .......... .......... .......... 25%  197K 22s
  3250K .......... .......... .......... .......... .......... 25% 1.11M 22s
  3300K .......... .......... .......... .......... .......... 26%  968K 21s
  3350K .......... .......... .......... .......... .......... 26% 1.07M 21s
  3400K .......... .......... .......... .......... .......... 26%  922K 21s
  3450K .......... .......... .......... .......... .......... 27% 1.23M 20s
  3500K .......... .......... .......... .......... .......... 27% 1.31M 20s
  3550K .......... .......... .......... .......... .......... 27% 1.55M 20s
  3600K .......... .......... .......... .......... .......... 28% 1.47M 20s
  3650K .......... .......... .......... .......... .......... 28% 1.01M 19s
  3700K .......... .......... .......... .......... .......... 29% 1.52M 19s
  3750K .......... .......... .......... .......... .......... 29% 1.15M 19s
  3800K .......... .......... .......... .......... .......... 29% 1.33M 18s
  3850K .......... .......... .......... .......... .......... 30% 1.01M 18s
  3900K .......... .......... .......... .......... .......... 30%  110K 19s
  3950K .......... .......... .......... .......... .......... 31% 1.38M 19s
  4000K .......... .......... .......... .......... .......... 31% 1.31M 18s
  4050K .......... .......... .......... .......... .......... 31% 1.04M 18s
  4100K .......... .......... .......... .......... .......... 32%  205K 18s
  4150K .......... .......... .......... .......... .......... 32%  208K 19s
  4200K .......... .......... .......... .......... .......... 32%  207K 19s
  4250K .......... .......... .......... .......... .......... 33% 1.41M 18s
  4300K .......... .......... .......... .......... .......... 33% 1.22M 18s
  4350K .......... .......... .......... .......... .......... 34% 77.0K 19s
  4400K .......... .......... .......... .......... .......... 34% 1.47M 19s
  4450K .......... .......... .......... .......... .......... 34% 1.79M 19s
  4500K .......... .......... .......... .......... .......... 35% 1.30M 18s
  4550K .......... .......... .......... .......... .......... 35%  202K 19s
  4600K .......... .......... .......... .......... .......... 36% 1.30M 18s
  4650K .......... .......... .......... .......... .......... 36% 1.24M 18s
  4700K .......... .......... .......... .......... .......... 36%  942K 18s
  4750K .......... .......... .......... .......... .......... 37% 1.26M 18s
  4800K .......... .......... .......... .......... .......... 37% 1.47M 17s
  4850K .......... .......... .......... .......... .......... 38%  116K 18s
  4900K .......... .......... .......... .......... .......... 38%  278M 18s
  4950K .......... .......... .......... .......... .......... 38% 1.58M 17s
  5000K .......... .......... .......... .......... .......... 39%  748K 17s
  5050K .......... .......... .......... .......... .......... 39%  120K 17s
  5100K .......... .......... .......... .......... .......... 39% 1.96M 17s
  5150K .......... .......... .......... .......... .......... 40%  595K 17s
  5200K .......... .......... .......... .......... .......... 40% 2.65M 17s
  5250K .......... .......... .......... .......... .......... 41% 1.87M 17s
  5300K .......... .......... .......... .......... .......... 41% 2.25M 16s
  5350K .......... .......... .......... .......... .......... 41% 1.47M 16s
  5400K .......... .......... .......... .......... .......... 42% 1.10M 16s
  5450K .......... .......... .......... .......... .......... 42% 1.12M 16s
  5500K .......... .......... .......... .......... .......... 43%  197K 16s
  5550K .......... .......... .......... .......... .......... 43% 1.11M 16s
  5600K .......... .......... .......... .......... .......... 43% 1.07M 15s
  5650K .......... .......... .......... .......... .......... 44% 1.07M 15s
  5700K .......... .......... .......... .......... .......... 44% 1.56M 15s
  5750K .......... .......... .......... .......... .......... 45% 1.95M 15s
  5800K .......... .......... .......... .......... .......... 45%  211K 15s
  5850K .......... .......... .......... .......... .......... 45% 1.07M 15s
  5900K .......... .......... .......... .......... .......... 46% 1.05M 15s
  5950K .......... .......... .......... .......... .......... 46%  199K 15s
  6000K .......... .......... .......... .......... .......... 46%  204K 15s
  6050K .......... .......... .......... .......... .......... 47% 1.20M 15s
  6100K .......... .......... .......... .......... .......... 47% 1.10M 14s
  6150K .......... .......... .......... .......... .......... 48% 1.08M 14s
  6200K .......... .......... .......... .......... .......... 48% 1.03M 14s
  6250K .......... .......... .......... .......... .......... 48%  782K 14s
  6300K .......... .......... .......... .......... .......... 49% 1.26M 14s
  6350K .......... .......... .......... .......... .......... 49%  113K 14s
  6400K .......... .......... .......... .......... .......... 50% 1.81M 14s
  6450K .......... .......... .......... .......... .......... 50% 1.19M 14s
  6500K .......... .......... .......... .......... .......... 50%  999K 13s
  6550K .......... .......... .......... .......... .......... 51%  208K 13s
  6600K .......... .......... .......... .......... .......... 51% 1.45M 13s
  6650K .......... .......... .......... .......... .......... 52% 1.03M 13s
  6700K .......... .......... .......... .......... .......... 52% 1.14M 13s
  6750K .......... .......... .......... .......... .......... 52% 1008K 13s
  6800K .......... .......... .......... .......... .......... 53% 2.17M 13s
  6850K .......... .......... .......... .......... .......... 53% 1.09M 12s
  6900K .......... .......... .......... .......... .......... 53% 1.07M 12s
  6950K .......... .......... .......... .......... .......... 54% 1.02M 12s
  7000K .......... .......... .......... .......... .......... 54% 1.08M 12s
  7050K .......... .......... .......... .......... .......... 55% 1020K 12s
  7100K .......... .......... .......... .......... .......... 55%  850K 12s
  7150K .......... .......... .......... .......... .......... 55% 1.45M 12s
  7200K .......... .......... .......... .......... .......... 56% 1.44M 11s
  7250K .......... .......... .......... .......... .......... 56% 1.40M 11s
  7300K .......... .......... .......... .......... .......... 57% 1.44M 11s
  7350K .......... .......... .......... .......... .......... 57% 1.11M 11s
  7400K .......... .......... .......... .......... .......... 57%  207K 11s
  7450K .......... .......... .......... .......... .......... 58% 1.83M 11s
  7500K .......... .......... .......... .......... .......... 58%  174K 11s
  7550K .......... .......... .......... .......... .......... 58% 1.90M 11s
  7600K .......... .......... .......... .......... .......... 59% 2.33M 11s
  7650K .......... .......... .......... .......... .......... 59%  201K 11s
  7700K .......... .......... .......... .......... .......... 60% 1.19M 10s
  7750K .......... .......... .......... .......... .......... 60% 1.20M 10s
  7800K .......... .......... .......... .......... .......... 60% 1.28M 10s
  7850K .......... .......... .......... .......... .......... 61% 1.01M 10s
  7900K .......... .......... .......... .......... .......... 61% 1.21M 10s
  7950K .......... .......... .......... .......... .......... 62% 1.05M 10s
  8000K .......... .......... .......... .......... .......... 62% 75.8K 10s
  8050K .......... .......... .......... .......... .......... 62% 1.26M 10s
  8100K .......... .......... .......... .......... .......... 63% 1.23M 10s
  8150K .......... .......... .......... .......... .......... 63% 1.81M 10s
  8200K .......... .......... .......... .......... .......... 64%  213K 9s
  8250K .......... .......... .......... .......... .......... 64% 1.29M 9s
  8300K .......... .......... .......... .......... .......... 64% 1.48M 9s
  8350K .......... .......... .......... .......... .......... 65%  111K 9s
  8400K .......... .......... .......... .......... .......... 65% 1.06M 9s
  8450K .......... .......... .......... .......... .......... 65% 1.14M 9s
  8500K .......... .......... .......... .......... .......... 66%  209K 9s
  8550K .......... .......... .......... .......... .......... 66% 1.32M 9s
  8600K .......... .......... .......... .......... .......... 67% 1.22M 9s
  8650K .......... .......... .......... .......... .......... 67% 1.20M 9s
  8700K .......... .......... .......... .......... .......... 67% 1.06M 8s
  8750K .......... .......... .......... .......... .......... 68%  799K 8s
  8800K .......... .......... .......... .......... .......... 68%  885K 8s
  8850K .......... .......... .......... .......... .......... 69% 1.11M 8s
  8900K .......... .......... .......... .......... .......... 69% 1.24M 8s
  8950K .......... .......... .......... .......... .......... 69%  214K 8s
  9000K .......... .......... .......... .......... .......... 70% 1.25M 8s
  9050K .......... .......... .......... .......... .......... 70% 1.29M 8s
  9100K .......... .......... .......... .......... .......... 71% 1.02M 8s
  9150K .......... .......... .......... .......... .......... 71% 1.24M 7s
  9200K .......... .......... .......... .......... .......... 71%  199K 7s
  9250K .......... .......... .......... .......... .......... 72% 1.20M 7s
  9300K .......... .......... .......... .......... .......... 72% 1.28M 7s
  9350K .......... .......... .......... .......... .......... 72% 1.39M 7s
  9400K .......... .......... .......... .......... .......... 73% 1.21M 7s
  9450K .......... .......... .......... .......... .......... 73% 1.26M 7s
  9500K .......... .......... .......... .......... .......... 74% 1.01M 7s
  9550K .......... .......... .......... .......... .......... 74% 1.31M 7s
  9600K .......... .......... .......... .......... .......... 74% 1.09M 6s
  9650K .......... .......... .......... .......... .......... 75% 1.34M 6s
  9700K .......... .......... .......... .......... .......... 75% 1.05M 6s
  9750K .......... .......... .......... .......... .......... 76%  113K 6s
  9800K .......... .......... .......... .......... .......... 76% 1.44M 6s
  9850K .......... .......... .......... .......... .......... 76%  208K 6s
  9900K .......... .......... .......... .......... .......... 77% 1.22M 6s
  9950K .......... .......... .......... .......... .......... 77% 1.03M 6s
 10000K .......... .......... .......... .......... .......... 78%  205K 6s
 10050K .......... .......... .......... .......... .......... 78% 1.36M 6s
 10100K .......... .......... .......... .......... .......... 78% 1.12M 5s
 10150K .......... .......... .......... .......... .......... 79% 1.19M 5s
 10200K .......... .......... .......... .......... .......... 79% 1.18M 5s
 10250K .......... .......... .......... .......... .......... 79% 1.28M 5s
 10300K .......... .......... .......... .......... .......... 80% 1.29M 5s
 10350K .......... .......... .......... .......... .......... 80%  968K 5s
 10400K .......... .......... .......... .......... .......... 81%  824K 5s
 10450K .......... .......... .......... .......... .......... 81%  214K 5s
 10500K .......... .......... .......... .......... .......... 81% 1.17M 5s
 10550K .......... .......... .......... .......... .......... 82%  831K 4s
 10600K .......... .......... .......... .......... .......... 82%  986K 4s
 10650K .......... .......... .......... .......... .......... 83% 1.26M 4s
 10700K .......... .......... .......... .......... .......... 83% 1.44M 4s
 10750K .......... .......... .......... .......... .......... 83% 1.08M 4s
 10800K .......... .......... .......... .......... .......... 84% 1.39M 4s
 10850K .......... .......... .......... .......... .......... 84%  199K 4s
 10900K .......... .......... .......... .......... .......... 84% 1.05M 4s
 10950K .......... .......... .......... .......... .......... 85% 1.37M 4s
 11000K .......... .......... .......... .......... .......... 85% 1.37M 4s
 11050K .......... .......... .......... .......... .......... 86% 1.66M 3s
 11100K .......... .......... .......... .......... .......... 86% 1.59M 3s
 11150K .......... .......... .......... .......... .......... 86% 1.03M 3s
 11200K .......... .......... .......... .......... .......... 87%  885K 3s
 11250K .......... .......... .......... .......... .......... 87%  112K 3s
 11300K .......... .......... .......... .......... .......... 88% 1.11M 3s
 11350K .......... .......... .......... .......... .......... 88%  213K 3s
 11400K .......... .......... .......... .......... .......... 88% 1.28M 3s
 11450K .......... .......... .......... .......... .......... 89% 1.00M 3s
 11500K .......... .......... .......... .......... .......... 89% 1.44M 3s
 11550K .......... .......... .......... .......... .......... 90% 1.23M 2s
 11600K .......... .......... .......... .......... .......... 90%  203K 2s
 11650K .......... .......... .......... .......... .......... 90% 1.18M 2s
 11700K .......... .......... .......... .......... .......... 91% 1.28M 2s
 11750K .......... .......... .......... .......... .......... 91% 1.13M 2s
 11800K .......... .......... .......... .......... .......... 91% 1.01M 2s
 11850K .......... .......... .......... .......... .......... 92%  211K 2s
 11900K .......... .......... .......... .......... .......... 92% 1.70M 2s
 11950K .......... .......... .......... .......... .......... 93%  206K 2s
 12000K .......... .......... .......... .......... .......... 93% 1011K 2s
 12050K .......... .......... .......... .......... .......... 93% 1.01M 2s
 12100K .......... .......... .......... .......... .......... 94%  208K 1s
 12150K .......... .......... .......... .......... .......... 94% 1.11M 1s
 12200K .......... .......... .......... .......... .......... 95% 1.19M 1s
 12250K .......... .......... .......... .......... .......... 95% 1009K 1s
 12300K .......... .......... .......... .......... .......... 95% 1.02M 1s
 12350K .......... .......... .......... .......... .......... 96%  890K 1s
 12400K .......... .......... .......... .......... .......... 96% 1.30M 1s
 12450K .......... .......... .......... .......... .......... 97% 1.76M 1s
 12500K .......... .......... .......... .......... .......... 97% 1.39M 1s
 12550K .......... .......... .......... .......... .......... 97% 1.26M 1s
 12600K .......... .......... .......... .......... .......... 98% 1.05M 0s
 12650K .......... .......... .......... .......... .......... 98% 1.07M 0s
 12700K .......... .......... .......... .......... .......... 98%  203K 0s
 12750K .......... .......... .......... .......... .......... 99% 1.50M 0s
 12800K .......... .......... .......... .......... .......... 99%  194K 0s
 12850K .......... .......... .......... ....                 100%  150K=25s

2016-05-25 04:06:35 (516 KB/s) - ‘index.html.11’ saved [13193358/13193358]

