--2016-05-25 00:12:37--  http://10.30.50.93:8000/
Connecting to 10.30.50.93:8000... connected.
HTTP request sent, awaiting response... 200 OK
Length: 13193358 (13M) [text/html]
Saving to: ‘index.html.5’

     0K .......... .......... .......... .......... ..........  0%  113K 1m54s
    50K .......... .......... .......... .......... ..........  0%  119K 1m50s
   100K .......... .......... .......... .......... ..........  1%  116K 1m50s
   150K .......... .......... .......... .......... ..........  1%  116K 1m50s
   200K .......... .......... .......... .......... ..........  1%  113K 1m50s
   250K .......... .......... .......... .......... ..........  2% 92.6K 1m54s
   300K .......... .......... .......... .......... ..........  2%  126K 1m51s
   350K .......... .......... .......... .......... ..........  3%  123K 1m50s
   400K .......... .......... .......... .......... ..........  3% 92.5K 1m52s
   450K .......... .......... .......... .......... ..........  3%  144K 1m49s
   500K .......... .......... .......... .......... ..........  4%  110K 1m49s
   550K .......... .......... .......... .......... ..........  4%  119K 1m48s
   600K .......... .......... .......... .......... ..........  5%  113K 1m48s
   650K .......... .......... .......... .......... ..........  5%  116K 1m47s
   700K .......... .......... .......... .......... ..........  5%  110K 1m47s
   750K .......... .......... .......... .......... ..........  6%  116K 1m46s
   800K .......... .......... .......... .......... ..........  6%  116K 1m46s
   850K .......... .......... .......... .......... ..........  6%  116K 1m45s
   900K .......... .......... .......... .......... ..........  7%  110K 1m45s
   950K .......... .......... .......... .......... ..........  7%  104K 1m45s
  1000K .......... .......... .......... .......... ..........  8%  119K 1m44s
  1050K .......... .......... .......... .......... ..........  8%  119K 1m44s
  1100K .......... .......... .......... .......... ..........  8%  119K 1m43s
  1150K .......... .......... .......... .......... ..........  9%  119K 1m42s
  1200K .......... .......... .......... .......... ..........  9%  113K 1m42s
  1250K .......... .......... .......... .......... .......... 10%  116K 1m42s
  1300K .......... .......... .......... .......... .......... 10%  119K 1m41s
  1350K .......... .......... .......... .......... .......... 10%  116K 1m40s
  1400K .......... .......... .......... .......... .......... 11%  116K 1m40s
  1450K .......... .......... .......... .......... .......... 11%  119K 99s
  1500K .......... .......... .......... .......... .......... 12%  113K 99s
  1550K .......... .......... .......... .......... .......... 12%  119K 99s
  1600K .......... .......... .......... .......... .......... 12%  116K 98s
  1650K .......... .......... .......... .......... .......... 13% 90.6K 98s
  1700K .......... .......... .......... .......... .......... 13%  144K 97s
  1750K .......... .......... .......... .......... .......... 13%  109K 97s
  1800K .......... .......... .......... .......... .......... 14%  110K 97s
  1850K .......... .......... .......... .......... .......... 14%  119K 96s
  1900K .......... .......... .......... .......... .......... 15%  116K 96s
  1950K .......... .......... .......... .......... .......... 15%  107K 95s
  2000K .......... .......... .......... .......... .......... 15%  119K 95s
  2050K .......... .......... .......... .......... .......... 16% 94.7K 95s
  2100K .......... .......... .......... .......... .......... 16%  139K 94s
  2150K .......... .......... .......... .......... .......... 17%  102K 94s
  2200K .......... .......... .......... .......... .......... 17%  116K 93s
  2250K .......... .......... .......... .......... .......... 17% 99.2K 93s
  2300K .......... .......... .......... .......... .......... 18%  144K 92s
  2350K .......... .......... .......... .......... .......... 18%  113K 92s
  2400K .......... .......... .......... .......... .......... 19%  113K 92s
  2450K .......... .......... .......... .......... .......... 19%  116K 91s
  2500K .......... .......... .......... .......... .......... 19%  110K 91s
  2550K .......... .......... .......... .......... .......... 20%  119K 90s
  2600K .......... .......... .......... .......... .......... 20%  116K 90s
  2650K .......... .......... .......... .......... .......... 20%  116K 89s
  2700K .......... .......... .......... .......... .......... 21%  119K 89s
  2750K .......... .......... .......... .......... .......... 21% 90.7K 89s
  2800K .......... .......... .......... .......... .......... 22%  154K 88s
  2850K .......... .......... .......... .......... .......... 22%  119K 87s
  2900K .......... .......... .......... .......... .......... 22%  113K 87s
  2950K .......... .......... .......... .......... .......... 23%  113K 87s
  3000K .......... .......... .......... .......... .......... 23%  116K 86s
  3050K .......... .......... .......... .......... .......... 24% 92.6K 86s
  3100K .......... .......... .......... .......... .......... 24%  139K 85s
  3150K .......... .......... .......... .......... .......... 24%  116K 85s
  3200K .......... .......... .......... .......... .......... 25%  119K 84s
  3250K .......... .......... .......... .......... .......... 25%  109K 84s
  3300K .......... .......... .......... .......... .......... 26%  113K 84s
  3350K .......... .......... .......... .......... .......... 26%  119K 83s
  3400K .......... .......... .......... .......... .......... 26%  119K 83s
  3450K .......... .......... .......... .......... .......... 27% 99.1K 82s
  3500K .......... .......... .......... .......... .......... 27%  139K 82s
  3550K .......... .......... .......... .......... .......... 27%  116K 81s
  3600K .......... .......... .......... .......... .......... 28%  116K 81s
  3650K .......... .......... .......... .......... .......... 28%  119K 80s
  3700K .......... .......... .......... .......... .......... 29%  113K 80s
  3750K .......... .......... .......... .......... .......... 29%  119K 79s
  3800K .......... .......... .......... .......... .......... 29% 90.6K 79s
  3850K .......... .......... .......... .......... .......... 30%  154K 79s
  3900K .......... .......... .......... .......... .......... 30% 90.5K 78s
  3950K .......... .......... .......... .......... .......... 31%  119K 78s
  4000K .......... .......... .......... .......... .......... 31%  144K 77s
  4050K .......... .......... .......... .......... .......... 31%  119K 77s
  4100K .......... .......... .......... .......... .......... 32%  116K 76s
  4150K .......... .......... .......... .......... .......... 32%  112K 76s
  4200K .......... .......... .......... .......... .......... 32%  113K 75s
  4250K .......... .......... .......... .......... .......... 33%  104K 75s
  4300K .......... .......... .......... .......... .......... 33%  126K 75s
  4350K .......... .......... .......... .......... .......... 34% 94.7K 74s
  4400K .......... .......... .......... .......... .......... 34%  139K 74s
  4450K .......... .......... .......... .......... .......... 34%  116K 73s
  4500K .......... .......... .......... .......... .......... 35% 97.0K 73s
  4550K .......... .......... .......... .......... .......... 35%  134K 72s
  4600K .......... .......... .......... .......... .......... 36% 94.6K 72s
  4650K .......... .......... .......... .......... .......... 36%  144K 72s
  4700K .......... .......... .......... .......... .......... 36% 94.7K 71s
  4750K .......... .......... .......... .......... .......... 37%  126K 71s
  4800K .......... .......... .......... .......... .......... 37%  126K 70s
  4850K .......... .......... .......... .......... .......... 38% 97.0K 70s
  4900K .......... .......... .......... .......... .......... 38%  126K 69s
  4950K .......... .......... .......... .......... .......... 38%  104K 69s
  5000K .......... .......... .......... .......... .......... 39%  110K 69s
  5050K .......... .......... .......... .......... .......... 39%  116K 68s
  5100K .......... .......... .......... .......... .......... 39%  116K 68s
  5150K .......... .......... .......... .......... .......... 40%  119K 67s
  5200K .......... .......... .......... .......... .......... 40%  119K 67s
  5250K .......... .......... .......... .......... .......... 41% 99.2K 67s
  5300K .......... .......... .......... .......... .......... 41%  139K 66s
  5350K .......... .......... .......... .......... .......... 41%  119K 66s
  5400K .......... .......... .......... .......... .......... 42% 86.7K 65s
  5450K .......... .......... .......... .......... .......... 42%  167K 65s
  5500K .......... .......... .......... .......... .......... 43%  104K 64s
  5550K .......... .......... .......... .......... .......... 43% 69.5K 64s
  5600K .......... .......... .......... .......... .......... 43%  113K 64s
  5650K .......... .......... .......... .......... .......... 44% 92.6K 63s
  5700K .......... .......... .......... .......... .......... 44%  116K 63s
  5750K .......... .......... .......... .......... .......... 45%  116K 63s
  5800K .......... .......... .......... .......... .......... 45%  116K 62s
  5850K .......... .......... .......... .......... .......... 45%  110K 62s
  5900K .......... .......... .......... .......... .......... 46%  113K 61s
  5950K .......... .......... .......... .......... .......... 46% 94.6K 61s
  6000K .......... .......... .......... .......... .......... 46%  116K 60s
  6050K .......... .......... .......... .......... .......... 47%  130K 60s
  6100K .......... .......... .......... .......... .......... 47%  110K 59s
  6150K .......... .......... .......... .......... .......... 48%  116K 59s
  6200K .......... .......... .......... .......... .......... 48%  116K 59s
  6250K .......... .......... .......... .......... .......... 48%  116K 58s
  6300K .......... .......... .......... .......... .......... 49%  116K 58s
  6350K .......... .......... .......... .......... .......... 49% 97.0K 57s
  6400K .......... .......... .......... .......... .......... 50%  122K 57s
  6450K .......... .......... .......... .......... .......... 50%  126K 56s
  6500K .......... .......... .......... .......... .......... 50%  116K 56s
  6550K .......... .......... .......... .......... .......... 51%  119K 55s
  6600K .......... .......... .......... .......... .......... 51%  119K 55s
  6650K .......... .......... .......... .......... .......... 52%  116K 55s
  6700K .......... .......... .......... .......... .......... 52%  104K 54s
  6750K .......... .......... .......... .......... .......... 52%  104K 54s
  6800K .......... .......... .......... .......... .......... 53%  144K 53s
  6850K .......... .......... .......... .......... .......... 53%  119K 53s
  6900K .......... .......... .......... .......... .......... 53% 77.1K 52s
  6950K .......... .......... .......... .......... .......... 54%  182K 52s
  7000K .......... .......... .......... .......... .......... 54%  119K 51s
  7050K .......... .......... .......... .......... .......... 55%  116K 51s
  7100K .......... .......... .......... .......... .......... 55%  119K 51s
  7150K .......... .......... .......... .......... .......... 55%  102K 50s
  7200K .......... .......... .......... .......... .......... 56%  130K 50s
  7250K .......... .......... .......... .......... .......... 56%  119K 49s
  7300K .......... .......... .......... .......... .......... 57%  116K 49s
  7350K .......... .......... .......... .......... .......... 57%  113K 48s
  7400K .......... .......... .......... .......... .......... 57%  119K 48s
  7450K .......... .......... .......... .......... .......... 58%  113K 47s
  7500K .......... .......... .......... .......... .......... 58%  116K 47s
  7550K .......... .......... .......... .......... .......... 58%  116K 47s
  7600K .......... .......... .......... .......... .......... 59%  110K 46s
  7650K .......... .......... .......... .......... .......... 59%  123K 46s
  7700K .......... .......... .......... .......... .......... 60%  119K 45s
  7750K .......... .......... .......... .......... .......... 60%  102K 45s
  7800K .......... .......... .......... .......... .......... 60%  126K 44s
  7850K .......... .......... .......... .......... .......... 61%  104K 44s
  7900K .......... .......... .......... .......... .......... 61%  104K 43s
  7950K .......... .......... .......... .......... .......... 62%  107K 43s
  8000K .......... .......... .......... .......... .......... 62%  113K 43s
  8050K .......... .......... .......... .......... .......... 62%  104K 42s
  8100K .......... .......... .......... .......... .......... 63%  119K 42s
  8150K .......... .......... .......... .......... .......... 63%  116K 41s
  8200K .......... .......... .......... .......... .......... 64%  104K 41s
  8250K .......... .......... .......... .......... .......... 64%  127K 40s
  8300K .......... .......... .......... .......... .......... 64% 90.6K 40s
  8350K .......... .......... .......... .......... .......... 65%  113K 40s
  8400K .......... .......... .......... .......... .......... 65%  119K 39s
  8450K .......... .......... .......... .......... .......... 65%  102K 39s
  8500K .......... .......... .......... .......... .......... 66%  126K 38s
  8550K .......... .......... .......... .......... .......... 66%  112K 38s
  8600K .......... .......... .......... .......... .......... 67%  116K 37s
  8650K .......... .......... .......... .......... .......... 67%  119K 37s
  8700K .......... .......... .......... .......... .......... 67%  116K 36s
  8750K .......... .......... .......... .......... .......... 68%  116K 36s
  8800K .......... .......... .......... .......... .......... 68%  116K 36s
  8850K .......... .......... .......... .......... .......... 69%  116K 35s
  8900K .......... .......... .......... .......... .......... 69%  116K 35s
  8950K .......... .......... .......... .......... .......... 69%  119K 34s
  9000K .......... .......... .......... .......... .......... 70% 92.7K 34s
  9050K .......... .......... .......... .......... .......... 70%  149K 33s
  9100K .......... .......... .......... .......... .......... 71%  116K 33s
  9150K .......... .......... .......... .......... .......... 71% 94.7K 33s
  9200K .......... .......... .......... .......... .......... 71%  126K 32s
  9250K .......... .......... .......... .......... .......... 72%  113K 32s
  9300K .......... .......... .......... .......... .......... 72%  104K 31s
  9350K .......... .......... .......... .......... .......... 72%  104K 31s
  9400K .......... .......... .......... .......... .......... 73%  113K 30s
  9450K .......... .......... .......... .......... .......... 73% 97.0K 30s
  9500K .......... .......... .......... .......... .......... 74%  134K 29s
  9550K .......... .......... .......... .......... .......... 74%  116K 29s
  9600K .......... .......... .......... .......... .......... 74%  116K 29s
  9650K .......... .......... .......... .......... .......... 75%  116K 28s
  9700K .......... .......... .......... .......... .......... 75%  116K 28s
  9750K .......... .......... .......... .......... .......... 76%  116K 27s
  9800K .......... .......... .......... .......... .......... 76%  116K 27s
  9850K .......... .......... .......... .......... .......... 76%  113K 26s
  9900K .......... .......... .......... .......... .......... 77%  119K 26s
  9950K .......... .......... .......... .......... .......... 77%  119K 25s
 10000K .......... .......... .......... .......... .......... 78%  116K 25s
 10050K .......... .......... .......... .......... .......... 78%  116K 25s
 10100K .......... .......... .......... .......... .......... 78%  113K 24s
 10150K .......... .......... .......... .......... .......... 79%  119K 24s
 10200K .......... .......... .......... .......... .......... 79%  119K 23s
 10250K .......... .......... .......... .......... .......... 79%  110K 23s
 10300K .......... .......... .......... .......... .......... 80% 92.5K 22s
 10350K .......... .......... .......... .......... .......... 80%  144K 22s
 10400K .......... .......... .......... .......... .......... 81%  116K 21s
 10450K .......... .......... .......... .......... .......... 81%  116K 21s
 10500K .......... .......... .......... .......... .......... 81%  110K 21s
 10550K .......... .......... .......... .......... .......... 82%  116K 20s
 10600K .......... .......... .......... .......... .......... 82%  119K 20s
 10650K .......... .......... .......... .......... .......... 83%  104K 19s
 10700K .......... .......... .......... .......... .......... 83%  130K 19s
 10750K .......... .......... .......... .......... .......... 83%  116K 18s
 10800K .......... .......... .......... .......... .......... 84%  113K 18s
 10850K .......... .......... .......... .......... .......... 84%  102K 17s
 10900K .......... .......... .......... .......... .......... 84%  116K 17s
 10950K .......... .......... .......... .......... .......... 85%  135K 17s
 11000K .......... .......... .......... .......... .......... 85% 94.8K 16s
 11050K .......... .......... .......... .......... .......... 86%  143K 16s
 11100K .......... .......... .......... .......... .......... 86%  113K 15s
 11150K .......... .......... .......... .......... .......... 86%  119K 15s
 11200K .......... .......... .......... .......... .......... 87%  119K 14s
 11250K .......... .......... .......... .......... .......... 87%  113K 14s
 11300K .......... .......... .......... .......... .......... 88%  110K 14s
 11350K .......... .......... .......... .......... .......... 88%  123K 13s
 11400K .......... .......... .......... .......... .......... 88% 90.5K 13s
 11450K .......... .......... .......... .......... .......... 89%  144K 12s
 11500K .......... .......... .......... .......... .......... 89%  110K 12s
 11550K .......... .......... .......... .......... .......... 90%  116K 11s
 11600K .......... .......... .......... .......... .......... 90%  116K 11s
 11650K .......... .......... .......... .......... .......... 90%  116K 10s
 11700K .......... .......... .......... .......... .......... 91%  113K 10s
 11750K .......... .......... .......... .......... .......... 91%  116K 10s
 11800K .......... .......... .......... .......... .......... 91%  113K 9s
 11850K .......... .......... .......... .......... .......... 92%  119K 9s
 11900K .......... .......... .......... .......... .......... 92%  107K 8s
 11950K .......... .......... .......... .......... .......... 93%  119K 8s
 12000K .......... .......... .......... .......... .......... 93%  119K 7s
 12050K .......... .......... .......... .......... .......... 93%  113K 7s
 12100K .......... .......... .......... .......... .......... 94%  116K 6s
 12150K .......... .......... .......... .......... .......... 94%  119K 6s
 12200K .......... .......... .......... .......... .......... 95%  116K 6s
 12250K .......... .......... .......... .......... .......... 95%  116K 5s
 12300K .......... .......... .......... .......... .......... 95%  112K 5s
 12350K .......... .......... .......... .......... .......... 96% 99.2K 4s
 12400K .......... .......... .......... .......... .......... 96%  126K 4s
 12450K .......... .......... .......... .......... .......... 97%  119K 3s
 12500K .......... .......... .......... .......... .......... 97%  113K 3s
 12550K .......... .......... .......... .......... .......... 97% 99.2K 3s
 12600K .......... .......... .......... .......... .......... 98%  139K 2s
 12650K .......... .......... .......... .......... .......... 98%  110K 2s
 12700K .......... .......... .......... .......... .......... 98%  116K 1s
 12750K .......... .......... .......... .......... .......... 99% 92.6K 1s
 12800K .......... .......... .......... .......... .......... 99%  139K 0s
 12850K .......... .......... .......... ....                 100%  130K=1m53s

2016-05-25 00:14:31 (114 KB/s) - ‘index.html.5’ saved [13193358/13193358]

