--2016-05-25 04:04:55--  http://10.30.50.93:8000/
Connecting to 10.30.50.93:8000... connected.
HTTP request sent, awaiting response... 200 OK
Length: 13193358 (13M) [text/html]
Saving to: ‘index.html.5’

     0K .......... .......... .......... .......... ..........  0% 5.25M 2s
    50K .......... .......... .......... .......... ..........  0% 3.40M 3s
   100K .......... .......... .......... .......... ..........  1% 2.23M 4s
   150K .......... .......... .......... .......... ..........  1% 3.62M 4s
   200K .......... .......... .......... .......... ..........  1% 2.02M 4s
   250K .......... .......... .......... .......... ..........  2% 1.22M 5s
   300K .......... .......... .......... .......... ..........  2% 1.12M 6s
   350K .......... .......... .......... .......... ..........  3% 1.39M 6s
   400K .......... .......... .......... .......... ..........  3% 1.17M 7s
   450K .......... .......... .......... .......... ..........  3% 1.36M 7s
   500K .......... .......... .......... .......... ..........  4% 1.14M 7s
   550K .......... .......... .......... .......... ..........  4% 1.88M 7s
   600K .......... .......... .......... .......... ..........  5% 1.66M 7s
   650K .......... .......... .......... .......... ..........  5% 1.95M 7s
   700K .......... .......... .......... .......... ..........  5% 2.06M 7s
   750K .......... .......... .......... .......... ..........  6% 2.04M 7s
   800K .......... .......... .......... .......... ..........  6% 3.01M 7s
   850K .......... .......... .......... .......... ..........  6% 2.31M 6s
   900K .......... .......... .......... .......... ..........  7% 1.76M 6s
   950K .......... .......... .......... .......... ..........  7% 1.73M 6s
  1000K .......... .......... .......... .......... ..........  8% 1.57M 6s
  1050K .......... .......... .......... .......... ..........  8% 1.81M 6s
  1100K .......... .......... .......... .......... ..........  8% 1.36M 7s
  1150K .......... .......... .......... .......... ..........  9% 1.48M 7s
  1200K .......... .......... .......... .......... ..........  9% 1.39M 7s
  1250K .......... .......... .......... .......... .......... 10% 1.93M 7s
  1300K .......... .......... .......... .......... .......... 10% 2.22M 6s
  1350K .......... .......... .......... .......... .......... 10% 3.05M 6s
  1400K .......... .......... .......... .......... .......... 11% 2.53M 6s
  1450K .......... .......... .......... .......... .......... 11% 2.33M 6s
  1500K .......... .......... .......... .......... .......... 12% 2.17M 6s
  1550K .......... .......... .......... .......... .......... 12% 2.91M 6s
  1600K .......... .......... .......... .......... .......... 12% 2.12M 6s
  1650K .......... .......... .......... .......... .......... 13% 3.54M 6s
  1700K .......... .......... .......... .......... .......... 13% 3.35M 6s
  1750K .......... .......... .......... .......... .......... 13% 3.81M 6s
  1800K .......... .......... .......... .......... .......... 14% 4.70M 6s
  1850K .......... .......... .......... .......... .......... 14% 2.70M 5s
  1900K .......... .......... .......... .......... .......... 15% 3.19M 5s
  1950K .......... .......... .......... .......... .......... 15% 2.64M 5s
  2000K .......... .......... .......... .......... .......... 15% 2.16M 5s
  2050K .......... .......... .......... .......... .......... 16% 3.75M 5s
  2100K .......... .......... .......... .......... .......... 16% 4.85M 5s
  2150K .......... .......... .......... .......... .......... 17% 2.88M 5s
  2200K .......... .......... .......... .......... .......... 17% 1.78M 5s
  2250K .......... .......... .......... .......... .......... 17% 2.53M 5s
  2300K .......... .......... .......... .......... .......... 18% 2.52M 5s
  2350K .......... .......... .......... .......... .......... 18% 2.98M 5s
  2400K .......... .......... .......... .......... .......... 19% 1.19M 5s
  2450K .......... .......... .......... .......... .......... 19% 1.72M 5s
  2500K .......... .......... .......... .......... .......... 19% 1.23M 5s
  2550K .......... .......... .......... .......... .......... 20% 1.77M 5s
  2600K .......... .......... .......... .......... .......... 20% 2.17M 5s
  2650K .......... .......... .......... .......... .......... 20% 1.73M 5s
  2700K .......... .......... .......... .......... .......... 21% 1.31M 5s
  2750K .......... .......... .......... .......... .......... 21% 1.57M 5s
  2800K .......... .......... .......... .......... .......... 22% 3.32M 5s
  2850K .......... .......... .......... .......... .......... 22% 2.37M 5s
  2900K .......... .......... .......... .......... .......... 22% 1.63M 5s
  2950K .......... .......... .......... .......... .......... 23% 1.75M 5s
  3000K .......... .......... .......... .......... .......... 23% 2.24M 5s
  3050K .......... .......... .......... .......... .......... 24% 2.58M 5s
  3100K .......... .......... .......... .......... .......... 24% 2.07M 5s
  3150K .......... .......... .......... .......... .......... 24% 2.66M 5s
  3200K .......... .......... .......... .......... .......... 25% 3.01M 5s
  3250K .......... .......... .......... .......... .......... 25% 3.82M 5s
  3300K .......... .......... .......... .......... .......... 26% 4.42M 5s
  3350K .......... .......... .......... .......... .......... 26% 3.48M 4s
  3400K .......... .......... .......... .......... .......... 26% 3.03M 4s
  3450K .......... .......... .......... .......... .......... 27% 2.77M 4s
  3500K .......... .......... .......... .......... .......... 27% 3.36M 4s
  3550K .......... .......... .......... .......... .......... 27% 2.46M 4s
  3600K .......... .......... .......... .......... .......... 28% 2.06M 4s
  3650K .......... .......... .......... .......... .......... 28% 1.47M 4s
  3700K .......... .......... .......... .......... .......... 29% 2.29M 4s
  3750K .......... .......... .......... .......... .......... 29% 2.83M 4s
  3800K .......... .......... .......... .......... .......... 29% 2.69M 4s
  3850K .......... .......... .......... .......... .......... 30% 2.07M 4s
  3900K .......... .......... .......... .......... .......... 30% 2.13M 4s
  3950K .......... .......... .......... .......... .......... 31% 2.03M 4s
  4000K .......... .......... .......... .......... .......... 31% 1.97M 4s
  4050K .......... .......... .......... .......... .......... 31% 2.27M 4s
  4100K .......... .......... .......... .......... .......... 32% 3.45M 4s
  4150K .......... .......... .......... .......... .......... 32% 1.80M 4s
  4200K .......... .......... .......... .......... .......... 32% 1.80M 4s
  4250K .......... .......... .......... .......... .......... 33% 2.23M 4s
  4300K .......... .......... .......... .......... .......... 33% 1.82M 4s
  4350K .......... .......... .......... .......... .......... 34% 1.73M 4s
  4400K .......... .......... .......... .......... .......... 34% 2.12M 4s
  4450K .......... .......... .......... .......... .......... 34% 1.27M 4s
  4500K .......... .......... .......... .......... .......... 35% 1.48M 4s
  4550K .......... .......... .......... .......... .......... 35% 2.16M 4s
  4600K .......... .......... .......... .......... .......... 36% 2.22M 4s
  4650K .......... .......... .......... .......... .......... 36% 1.89M 4s
  4700K .......... .......... .......... .......... .......... 36% 1.87M 4s
  4750K .......... .......... .......... .......... .......... 37% 2.14M 4s
  4800K .......... .......... .......... .......... .......... 37% 2.60M 4s
  4850K .......... .......... .......... .......... .......... 38% 1.93M 4s
  4900K .......... .......... .......... .......... .......... 38% 1.46M 4s
  4950K .......... .......... .......... .......... .......... 38% 1.21M 4s
  5000K .......... .......... .......... .......... .......... 39% 2.00M 4s
  5050K .......... .......... .......... .......... .......... 39% 1.94M 4s
  5100K .......... .......... .......... .......... .......... 39% 2.18M 4s
  5150K .......... .......... .......... .......... .......... 40% 2.60M 4s
  5200K .......... .......... .......... .......... .......... 40% 3.27M 4s
  5250K .......... .......... .......... .......... .......... 41% 2.26M 4s
  5300K .......... .......... .......... .......... .......... 41% 2.05M 4s
  5350K .......... .......... .......... .......... .......... 41% 2.28M 4s
  5400K .......... .......... .......... .......... .......... 42% 2.20M 4s
  5450K .......... .......... .......... .......... .......... 42% 2.52M 3s
  5500K .......... .......... .......... .......... .......... 43% 1.72M 3s
  5550K .......... .......... .......... .......... .......... 43% 1.38M 3s
  5600K .......... .......... .......... .......... .......... 43% 1.31M 3s
  5650K .......... .......... .......... .......... .......... 44% 1.42M 3s
  5700K .......... .......... .......... .......... .......... 44% 1.34M 3s
  5750K .......... .......... .......... .......... .......... 45% 2.23M 3s
  5800K .......... .......... .......... .......... .......... 45% 1.96M 3s
  5850K .......... .......... .......... .......... .......... 45% 1.38M 3s
  5900K .......... .......... .......... .......... .......... 46% 1.75M 3s
  5950K .......... .......... .......... .......... .......... 46% 1.49M 3s
  6000K .......... .......... .......... .......... .......... 46% 1.79M 3s
  6050K .......... .......... .......... .......... .......... 47% 1.12M 3s
  6100K .......... .......... .......... .......... .......... 47% 1.65M 3s
  6150K .......... .......... .......... .......... .......... 48% 1.61M 3s
  6200K .......... .......... .......... .......... .......... 48% 1.27M 3s
  6250K .......... .......... .......... .......... .......... 48% 2.05M 3s
  6300K .......... .......... .......... .......... .......... 49% 1.74M 3s
  6350K .......... .......... .......... .......... .......... 49% 1.88M 3s
  6400K .......... .......... .......... .......... .......... 50% 1.90M 3s
  6450K .......... .......... .......... .......... .......... 50% 3.02M 3s
  6500K .......... .......... .......... .......... .......... 50% 1.98M 3s
  6550K .......... .......... .......... .......... .......... 51% 2.20M 3s
  6600K .......... .......... .......... .......... .......... 51% 2.42M 3s
  6650K .......... .......... .......... .......... .......... 52% 2.22M 3s
  6700K .......... .......... .......... .......... .......... 52% 2.06M 3s
  6750K .......... .......... .......... .......... .......... 52% 2.26M 3s
  6800K .......... .......... .......... .......... .......... 53% 2.15M 3s
  6850K .......... .......... .......... .......... .......... 53% 1.36M 3s
  6900K .......... .......... .......... .......... .......... 53% 1.73M 3s
  6950K .......... .......... .......... .......... .......... 54% 3.41M 3s
  7000K .......... .......... .......... .......... .......... 54% 3.17M 3s
  7050K .......... .......... .......... .......... .......... 55% 2.56M 3s
  7100K .......... .......... .......... .......... .......... 55% 2.25M 3s
  7150K .......... .......... .......... .......... .......... 55% 2.86M 3s
  7200K .......... .......... .......... .......... .......... 56% 1.56M 3s
  7250K .......... .......... .......... .......... .......... 56% 1.36M 3s
  7300K .......... .......... .......... .......... .......... 57% 1.63M 3s
  7350K .......... .......... .......... .......... .......... 57% 2.19M 3s
  7400K .......... .......... .......... .......... .......... 57% 3.36M 3s
  7450K .......... .......... .......... .......... .......... 58% 3.08M 3s
  7500K .......... .......... .......... .......... .......... 58% 3.55M 3s
  7550K .......... .......... .......... .......... .......... 58% 2.49M 3s
  7600K .......... .......... .......... .......... .......... 59% 3.00M 3s
  7650K .......... .......... .......... .......... .......... 59% 2.28M 3s
  7700K .......... .......... .......... .......... .......... 60% 3.75M 2s
  7750K .......... .......... .......... .......... .......... 60% 2.97M 2s
  7800K .......... .......... .......... .......... .......... 60% 2.14M 2s
  7850K .......... .......... .......... .......... .......... 61% 2.43M 2s
  7900K .......... .......... .......... .......... .......... 61% 2.41M 2s
  7950K .......... .......... .......... .......... .......... 62% 2.55M 2s
  8000K .......... .......... .......... .......... .......... 62% 2.59M 2s
  8050K .......... .......... .......... .......... .......... 62% 2.65M 2s
  8100K .......... .......... .......... .......... .......... 63% 2.92M 2s
  8150K .......... .......... .......... .......... .......... 63% 3.30M 2s
  8200K .......... .......... .......... .......... .......... 64% 3.57M 2s
  8250K .......... .......... .......... .......... .......... 64% 3.10M 2s
  8300K .......... .......... .......... .......... .......... 64% 2.81M 2s
  8350K .......... .......... .......... .......... .......... 65% 2.23M 2s
  8400K .......... .......... .......... .......... .......... 65% 1.97M 2s
  8450K .......... .......... .......... .......... .......... 65% 2.23M 2s
  8500K .......... .......... .......... .......... .......... 66% 2.26M 2s
  8550K .......... .......... .......... .......... .......... 66% 2.19M 2s
  8600K .......... .......... .......... .......... .......... 67% 1.86M 2s
  8650K .......... .......... .......... .......... .......... 67% 2.58M 2s
  8700K .......... .......... .......... .......... .......... 67% 3.20M 2s
  8750K .......... .......... .......... .......... .......... 68% 2.58M 2s
  8800K .......... .......... .......... .......... .......... 68% 2.24M 2s
  8850K .......... .......... .......... .......... .......... 69% 1.50M 2s
  8900K .......... .......... .......... .......... .......... 69% 1.44M 2s
  8950K .......... .......... .......... .......... .......... 69% 3.02M 2s
  9000K .......... .......... .......... .......... .......... 70% 2.30M 2s
  9050K .......... .......... .......... .......... .......... 70% 2.36M 2s
  9100K .......... .......... .......... .......... .......... 71% 2.89M 2s
  9150K .......... .......... .......... .......... .......... 71% 2.83M 2s
  9200K .......... .......... .......... .......... .......... 71% 2.31M 2s
  9250K .......... .......... .......... .......... .......... 72% 2.40M 2s
  9300K .......... .......... .......... .......... .......... 72% 2.86M 2s
  9350K .......... .......... .......... .......... .......... 72% 2.07M 2s
  9400K .......... .......... .......... .......... .......... 73% 2.11M 2s
  9450K .......... .......... .......... .......... .......... 73% 2.22M 2s
  9500K .......... .......... .......... .......... .......... 74% 2.50M 2s
  9550K .......... .......... .......... .......... .......... 74% 3.02M 2s
  9600K .......... .......... .......... .......... .......... 74% 2.13M 2s
  9650K .......... .......... .......... .......... .......... 75% 2.06M 1s
  9700K .......... .......... .......... .......... .......... 75% 2.17M 1s
  9750K .......... .......... .......... .......... .......... 76% 3.47M 1s
  9800K .......... .......... .......... .......... .......... 76% 2.53M 1s
  9850K .......... .......... .......... .......... .......... 76% 2.20M 1s
  9900K .......... .......... .......... .......... .......... 77% 2.64M 1s
  9950K .......... .......... .......... .......... .......... 77% 2.47M 1s
 10000K .......... .......... .......... .......... .......... 78% 2.05M 1s
 10050K .......... .......... .......... .......... .......... 78% 2.05M 1s
 10100K .......... .......... .......... .......... .......... 78% 2.09M 1s
 10150K .......... .......... .......... .......... .......... 79% 2.24M 1s
 10200K .......... .......... .......... .......... .......... 79% 2.55M 1s
 10250K .......... .......... .......... .......... .......... 79% 2.44M 1s
 10300K .......... .......... .......... .......... .......... 80% 2.65M 1s
 10350K .......... .......... .......... .......... .......... 80% 2.85M 1s
 10400K .......... .......... .......... .......... .......... 81% 3.29M 1s
 10450K .......... .......... .......... .......... .......... 81% 2.83M 1s
 10500K .......... .......... .......... .......... .......... 81% 4.39M 1s
 10550K .......... .......... .......... .......... .......... 82% 2.94M 1s
 10600K .......... .......... .......... .......... .......... 82% 2.45M 1s
 10650K .......... .......... .......... .......... .......... 83% 2.20M 1s
 10700K .......... .......... .......... .......... .......... 83% 2.62M 1s
 10750K .......... .......... .......... .......... .......... 83% 3.18M 1s
 10800K .......... .......... .......... .......... .......... 84% 2.05M 1s
 10850K .......... .......... .......... .......... .......... 84% 2.03M 1s
 10900K .......... .......... .......... .......... .......... 84% 2.33M 1s
 10950K .......... .......... .......... .......... .......... 85% 1.80M 1s
 11000K .......... .......... .......... .......... .......... 85% 1.29M 1s
 11050K .......... .......... .......... .......... .......... 86% 1.34M 1s
 11100K .......... .......... .......... .......... .......... 86% 1.46M 1s
 11150K .......... .......... .......... .......... .......... 86% 1.56M 1s
 11200K .......... .......... .......... .......... .......... 87% 2.26M 1s
 11250K .......... .......... .......... .......... .......... 87% 2.26M 1s
 11300K .......... .......... .......... .......... .......... 88% 2.31M 1s
 11350K .......... .......... .......... .......... .......... 88% 1.88M 1s
 11400K .......... .......... .......... .......... .......... 88% 1.34M 1s
 11450K .......... .......... .......... .......... .......... 89% 1.43M 1s
 11500K .......... .......... .......... .......... .......... 89% 1.15M 1s
 11550K .......... .......... .......... .......... .......... 90% 1.60M 1s
 11600K .......... .......... .......... .......... .......... 90% 1.30M 1s
 11650K .......... .......... .......... .......... .......... 90% 1.55M 1s
 11700K .......... .......... .......... .......... .......... 91% 1.34M 1s
 11750K .......... .......... .......... .......... .......... 91% 2.20M 1s
 11800K .......... .......... .......... .......... .......... 91% 2.24M 0s
 11850K .......... .......... .......... .......... .......... 92% 2.59M 0s
 11900K .......... .......... .......... .......... .......... 92% 1.50M 0s
 11950K .......... .......... .......... .......... .......... 93% 1.75M 0s
 12000K .......... .......... .......... .......... .......... 93% 2.91M 0s
 12050K .......... .......... .......... .......... .......... 93% 1.92M 0s
 12100K .......... .......... .......... .......... .......... 94% 2.12M 0s
 12150K .......... .......... .......... .......... .......... 94%  205K 0s
 12200K .......... .......... .......... .......... .......... 95% 1.43M 0s
 12250K .......... .......... .......... .......... .......... 95% 1.93M 0s
 12300K .......... .......... .......... .......... .......... 95% 1.16M 0s
 12350K .......... .......... .......... .......... .......... 96% 1.78M 0s
 12400K .......... .......... .......... .......... .......... 96% 1.47M 0s
 12450K .......... .......... .......... .......... .......... 97% 1.89M 0s
 12500K .......... .......... .......... .......... .......... 97% 2.08M 0s
 12550K .......... .......... .......... .......... .......... 97% 3.46M 0s
 12600K .......... .......... .......... .......... .......... 98% 2.89M 0s
 12650K .......... .......... .......... .......... .......... 98% 2.61M 0s
 12700K .......... .......... .......... .......... .......... 98% 2.44M 0s
 12750K .......... .......... .......... .......... .......... 99% 1.80M 0s
 12800K .......... .......... .......... .......... .......... 99% 1.39M 0s
 12850K .......... .......... .......... ....                 100% 1.56M=6.3s

2016-05-25 04:05:02 (1.99 MB/s) - ‘index.html.5’ saved [13193358/13193358]

