--2016-05-25 00:07:04--  http://10.30.50.93:8000/
Connecting to 10.30.50.93:8000... connected.
HTTP request sent, awaiting response... 200 OK
Length: 13193358 (13M) [text/html]
Saving to: ‘index.html.2’

     0K .......... .......... .......... .......... ..........  0%  119K 1m48s
    50K .......... .......... .......... .......... ..........  0%  119K 1m47s
   100K .......... .......... .......... .......... ..........  1%  116K 1m48s
   150K .......... .......... .......... .......... ..........  1% 96.8K 1m53s
   200K .......... .......... .......... .......... ..........  1%  144K 1m48s
   250K .......... .......... .......... .......... ..........  2%  116K 1m48s
   300K .......... .......... .......... .......... ..........  2% 86.9K 1m53s
   350K .......... .......... .......... .......... ..........  3%  181K 1m47s
   400K .......... .......... .......... .......... ..........  3%  116K 1m46s
   450K .......... .......... .......... .......... ..........  3%  119K 1m46s
   500K .......... .......... .......... .......... ..........  4%  116K 1m45s
   550K .......... .......... .......... .......... ..........  4% 80.1K 1m49s
   600K .......... .......... .......... .......... ..........  5%  219K 1m45s
   650K .......... .......... .......... .......... ..........  5%  116K 1m44s
   700K .......... .......... .......... .......... ..........  5%  119K 1m44s
   750K .......... .......... .......... .......... ..........  6%  119K 1m43s
   800K .......... .......... .......... .......... ..........  6%  116K 1m43s
   850K .......... .......... .......... .......... ..........  6%  119K 1m42s
   900K .......... .......... .......... .......... ..........  7%  119K 1m42s
   950K .......... .......... .......... .......... ..........  7%  116K 1m41s
  1000K .......... .......... .......... .......... ..........  8%  119K 1m41s
  1050K .......... .......... .......... .......... ..........  8%  113K 1m41s
  1100K .......... .......... .......... .......... ..........  8%  119K 1m40s
  1150K .......... .......... .......... .......... ..........  9%  119K 1m40s
  1200K .......... .......... .......... .......... ..........  9%  116K 99s
  1250K .......... .......... .......... .......... .......... 10%  119K 99s
  1300K .......... .......... .......... .......... .......... 10%  102K 99s
  1350K .......... .......... .......... .......... .......... 10%  126K 98s
  1400K .......... .......... .......... .......... .......... 11%  119K 98s
  1450K .......... .......... .......... .......... .......... 11%  119K 97s
  1500K .......... .......... .......... .......... .......... 12%  116K 97s
  1550K .......... .......... .......... .......... .......... 12%  119K 96s
  1600K .......... .......... .......... .......... .......... 12%  119K 96s
  1650K .......... .......... .......... .......... .......... 13%  116K 96s
  1700K .......... .......... .......... .......... .......... 13%  119K 95s
  1750K .......... .......... .......... .......... .......... 13%  116K 95s
  1800K .......... .......... .......... .......... .......... 14%  119K 94s
  1850K .......... .......... .......... .......... .......... 14%  119K 94s
  1900K .......... .......... .......... .......... .......... 15%  116K 93s
  1950K .......... .......... .......... .......... .......... 15%  119K 93s
  2000K .......... .......... .......... .......... .......... 15%  119K 92s
  2050K .......... .......... .......... .......... .......... 16%  116K 92s
  2100K .......... .......... .......... .......... .......... 16%  119K 92s
  2150K .......... .......... .......... .......... .......... 17% 51.4K 94s
  2200K .......... .......... .......... .......... .......... 17%  119M 91s
  2250K .......... .......... .......... .......... .......... 17%  161K 90s
  2300K .......... .......... .......... .......... .......... 18%  119K 90s
  2350K .......... .......... .......... .......... .......... 18% 50.7K 92s
  2400K .......... .......... .......... .......... .......... 19%  105M 90s
  2450K .......... .......... .......... .......... .......... 19%  161K 89s
  2500K .......... .......... .......... .......... .......... 19%  119K 88s
  2550K .......... .......... .......... .......... .......... 20%  119K 88s
  2600K .......... .......... .......... .......... .......... 20%  116K 87s
  2650K .......... .......... .......... .......... .......... 20%  119K 87s
  2700K .......... .......... .......... .......... .......... 21%  119K 86s
  2750K .......... .......... .......... .......... .......... 21%  116K 86s
  2800K .......... .......... .......... .......... .......... 22%  119K 86s
  2850K .......... .......... .......... .......... .......... 22%  119K 85s
  2900K .......... .......... .......... .......... .......... 22%  116K 85s
  2950K .......... .......... .......... .......... .......... 23%  119K 84s
  3000K .......... .......... .......... .......... .......... 23%  116K 84s
  3050K .......... .......... .......... .......... .......... 24%  119K 83s
  3100K .......... .......... .......... .......... .......... 24% 51.5K 85s
  3150K .......... .......... .......... .......... .......... 24%  376M 83s
  3200K .......... .......... .......... .......... .......... 25%  160K 82s
  3250K .......... .......... .......... .......... .......... 25%  119K 82s
  3300K .......... .......... .......... .......... .......... 26%  116K 81s
  3350K .......... .......... .......... .......... .......... 26%  119K 81s
  3400K .......... .......... .......... .......... .......... 26%  119K 80s
  3450K .......... .......... .......... .......... .......... 27%  116K 80s
  3500K .......... .......... .......... .......... .......... 27%  119K 80s
  3550K .......... .......... .......... .......... .......... 27%  119K 79s
  3600K .......... .......... .......... .......... .......... 28%  116K 79s
  3650K .......... .......... .......... .......... .......... 28%  119K 78s
  3700K .......... .......... .......... .......... .......... 29%  116K 78s
  3750K .......... .......... .......... .......... .......... 29%  119K 77s
  3800K .......... .......... .......... .......... .......... 29%  119K 77s
  3850K .......... .......... .......... .......... .......... 30%  116K 77s
  3900K .......... .......... .......... .......... .......... 30%  119K 76s
  3950K .......... .......... .......... .......... .......... 31%  119K 76s
  4000K .......... .......... .......... .......... .......... 31%  116K 75s
  4050K .......... .......... .......... .......... .......... 31%  119K 75s
  4100K .......... .......... .......... .......... .......... 32%  119K 74s
  4150K .......... .......... .......... .......... .......... 32%  116K 74s
  4200K .......... .......... .......... .......... .......... 32%  119K 74s
  4250K .......... .......... .......... .......... .......... 33%  116K 73s
  4300K .......... .......... .......... .......... .......... 33%  119K 73s
  4350K .......... .......... .......... .......... .......... 34%  119K 72s
  4400K .......... .......... .......... .......... .......... 34%  116K 72s
  4450K .......... .......... .......... .......... .......... 34%  119K 71s
  4500K .......... .......... .......... .......... .......... 35%  119K 71s
  4550K .......... .......... .......... .......... .......... 35%  116K 71s
  4600K .......... .......... .......... .......... .......... 36%  119K 70s
  4650K .......... .......... .......... .......... .......... 36%  119K 70s
  4700K .......... .......... .......... .......... .......... 36% 22.6K 72s
  4750K .......... .......... .......... .......... .......... 37% 82.4M 71s
  4800K .......... .......... .......... .......... .......... 37% 79.5M 70s
  4850K .......... .......... .......... .......... .......... 38% 94.2M 69s
  4900K .......... .......... .......... .......... .......... 38% 95.5M 68s
  4950K .......... .......... .......... .......... .......... 38%  140K 67s
  5000K .......... .......... .......... .......... .......... 39%  119K 67s
  5050K .......... .......... .......... .......... .......... 39%  119K 66s
  5100K .......... .......... .......... .......... .......... 39%  116K 66s
  5150K .......... .......... .......... .......... .......... 40%  119K 65s
  5200K .......... .......... .......... .......... .......... 40%  119K 65s
  5250K .......... .......... .......... .......... .......... 41%  116K 65s
  5300K .......... .......... .......... .......... .......... 41%  119K 64s
  5350K .......... .......... .......... .......... .......... 41%  119K 64s
  5400K .......... .......... .......... .......... .......... 42%  116K 63s
  5450K .......... .......... .......... .......... .......... 42%  119K 63s
  5500K .......... .......... .......... .......... .......... 43%  119K 62s
  5550K .......... .......... .......... .......... .......... 43%  116K 62s
  5600K .......... .......... .......... .......... .......... 43%  119K 62s
  5650K .......... .......... .......... .......... .......... 44%  116K 61s
  5700K .......... .......... .......... .......... .......... 44%  119K 61s
  5750K .......... .......... .......... .......... .......... 45%  119K 60s
  5800K .......... .......... .......... .......... .......... 45% 21.4K 62s
  5850K .......... .......... .......... .......... .......... 45%  106M 61s
  5900K .......... .......... .......... .......... .......... 46% 80.2K 61s
  5950K .......... .......... .......... .......... .......... 46%  182K 60s
  6000K .......... .......... .......... .......... .......... 46%  278M 59s
  6050K .......... .......... .......... .......... .......... 47%  267M 58s
  6100K .......... .......... .......... .......... .......... 47%  297M 58s
  6150K .......... .......... .......... .......... .......... 48%  260K 57s
  6200K .......... .......... .......... .......... .......... 48%  116K 56s
  6250K .......... .......... .......... .......... .......... 48%  119K 56s
  6300K .......... .......... .......... .......... .......... 49%  119K 56s
  6350K .......... .......... .......... .......... .......... 49%  116K 55s
  6400K .......... .......... .......... .......... .......... 50%  119K 55s
  6450K .......... .......... .......... .......... .......... 50%  119K 54s
  6500K .......... .......... .......... .......... .......... 50%  116K 54s
  6550K .......... .......... .......... .......... .......... 51%  119K 53s
  6600K .......... .......... .......... .......... .......... 51%  119K 53s
  6650K .......... .......... .......... .......... .......... 52%  116K 53s
  6700K .......... .......... .......... .......... .......... 52% 25.1K 54s
  6750K .......... .......... .......... .......... .......... 52% 71.9M 53s
  6800K .......... .......... .......... .......... .......... 53% 85.4M 52s
  6850K .......... .......... .......... .......... .......... 53% 92.2M 51s
  6900K .......... .......... .......... .......... .......... 53%  353K 51s
  6950K .......... .......... .......... .......... .......... 54%  119K 50s
  7000K .......... .......... .......... .......... .......... 54%  119K 50s
  7050K .......... .......... .......... .......... .......... 55%  116K 49s
  7100K .......... .......... .......... .......... .......... 55%  119K 49s
  7150K .......... .......... .......... .......... .......... 55% 32.3K 49s
  7200K .......... .......... .......... .......... .......... 56% 79.8M 49s
  7250K .......... .......... .......... .......... .......... 56% 87.9M 48s
  7300K .......... .......... .......... .......... .......... 57%  323K 47s
  7350K .......... .......... .......... .......... .......... 57%  116K 47s
  7400K .......... .......... .......... .......... .......... 57% 39.0K 47s
  7450K .......... .......... .......... .......... .......... 58%  108M 46s
  7500K .......... .......... .......... .......... .......... 58% 63.1K 46s
  7550K .......... .......... .......... .......... .......... 58%  229M 45s
  7600K .......... .......... .......... .......... .......... 59% 85.1K 45s
  7650K .......... .......... .......... .......... .......... 59%  208M 44s
  7700K .......... .......... .......... .......... .......... 60% 71.9K 44s
  7750K .......... .......... .......... .......... .......... 60%  521K 43s
  7800K .......... .......... .......... .......... .......... 60%  119K 43s
  7850K .......... .......... .......... .......... .......... 61%  119K 42s
  7900K .......... .......... .......... .......... .......... 61%  116K 42s
  7950K .......... .......... .......... .......... .......... 62%  119K 42s
  8000K .......... .......... .......... .......... .......... 62%  119K 41s
  8050K .......... .......... .......... .......... .......... 62%  116K 41s
  8100K .......... .......... .......... .......... .......... 63%  119K 40s
  8150K .......... .......... .......... .......... .......... 63%  116K 40s
  8200K .......... .......... .......... .......... .......... 64%  119K 39s
  8250K .......... .......... .......... .......... .......... 64%  119K 39s
  8300K .......... .......... .......... .......... .......... 64%  116K 39s
  8350K .......... .......... .......... .......... .......... 65%  119K 38s
  8400K .......... .......... .......... .......... .......... 65%  119K 38s
  8450K .......... .......... .......... .......... .......... 65%  116K 37s
  8500K .......... .......... .......... .......... .......... 66%  119K 37s
  8550K .......... .......... .......... .......... .......... 66%  119K 36s
  8600K .......... .......... .......... .......... .......... 67%  116K 36s
  8650K .......... .......... .......... .......... .......... 67%  119K 36s
  8700K .......... .......... .......... .......... .......... 67%  119K 35s
  8750K .......... .......... .......... .......... .......... 68%  116K 35s
  8800K .......... .......... .......... .......... .......... 68%  119K 34s
  8850K .......... .......... .......... .......... .......... 69%  116K 34s
  8900K .......... .......... .......... .......... .......... 69%  119K 34s
  8950K .......... .......... .......... .......... .......... 69%  119K 33s
  9000K .......... .......... .......... .......... .......... 70%  116K 33s
  9050K .......... .......... .......... .......... .......... 70% 24.8K 33s
  9100K .......... .......... .......... .......... .......... 71%  587K 32s
  9150K .......... .......... .......... .......... .......... 71%  106M 32s
  9200K .......... .......... .......... .......... .......... 71%  102M 31s
  9250K .......... .......... .......... .......... .......... 72% 41.7K 31s
  9300K .......... .......... .......... .......... .......... 72% 85.1M 30s
  9350K .......... .......... .......... .......... .......... 72% 92.9M 30s
  9400K .......... .......... .......... .......... .......... 73%  422K 29s
  9450K .......... .......... .......... .......... .......... 73% 42.5K 29s
  9500K .......... .......... .......... .......... .......... 74%  108M 29s
  9550K .......... .......... .......... .......... .......... 74%  419K 28s
  9600K .......... .......... .......... .......... .......... 74%  119K 28s
  9650K .......... .......... .......... .......... .......... 75% 69.4K 27s
  9700K .......... .......... .......... .......... .......... 75%  349K 27s
  9750K .......... .......... .......... .......... .......... 76%  119K 26s
  9800K .......... .......... .......... .......... .......... 76% 73.0K 26s
  9850K .......... .......... .......... .......... .......... 76%  280K 25s
  9900K .......... .......... .......... .......... .......... 77%  119K 25s
  9950K .......... .......... .......... .......... .......... 77%  119K 25s
 10000K .......... .......... .......... .......... .......... 78%  116K 24s
 10050K .......... .......... .......... .......... .......... 78%  119K 24s
 10100K .......... .......... .......... .......... .......... 78%  116K 23s
 10150K .......... .......... .......... .......... .......... 79%  119K 23s
 10200K .......... .......... .......... .......... .......... 79%  119K 22s
 10250K .......... .......... .......... .......... .......... 79%  116K 22s
 10300K .......... .......... .......... .......... .......... 80%  119K 22s
 10350K .......... .......... .......... .......... .......... 80%  107K 21s
 10400K .......... .......... .......... .......... .......... 81%  127K 21s
 10450K .......... .......... .......... .......... .......... 81%  119K 20s
 10500K .......... .......... .......... .......... .......... 81% 74.4K 20s
 10550K .......... .......... .......... .......... .......... 82%  261K 19s
 10600K .......... .......... .......... .......... .......... 82%  119K 19s
 10650K .......... .......... .......... .......... .......... 83%  119K 19s
 10700K .......... .......... .......... .......... .......... 83%  116K 18s
 10750K .......... .......... .......... .......... .......... 83%  119K 18s
 10800K .......... .......... .......... .......... .......... 84%  116K 17s
 10850K .......... .......... .......... .......... .......... 84%  119K 17s
 10900K .......... .......... .......... .......... .......... 84%  119K 16s
 10950K .......... .......... .......... .......... .......... 85%  113K 16s
 11000K .......... .......... .......... .......... .......... 85%  119K 16s
 11050K .......... .......... .......... .......... .......... 86%  119K 15s
 11100K .......... .......... .......... .......... .......... 86%  116K 15s
 11150K .......... .......... .......... .......... .......... 86%  119K 14s
 11200K .......... .......... .......... .......... .......... 87%  119K 14s
 11250K .......... .......... .......... .......... .......... 87% 74.4K 14s
 11300K .......... .......... .......... .......... .......... 88%  245K 13s
 11350K .......... .......... .......... .......... .......... 88%  119K 13s
 11400K .......... .......... .......... .......... .......... 88%  116K 12s
 11450K .......... .......... .......... .......... .......... 89%  116K 12s
 11500K .......... .......... .......... .......... .......... 89%  116K 11s
 11550K .......... .......... .......... .......... .......... 90% 92.7K 11s
 11600K .......... .......... .......... .......... .......... 90%  160K 11s
 11650K .......... .......... .......... .......... .......... 90%  116K 10s
 11700K .......... .......... .......... .......... .......... 91%  119K 10s
 11750K .......... .......... .......... .......... .......... 91%  119K 9s
 11800K .......... .......... .......... .......... .......... 91%  116K 9s
 11850K .......... .......... .......... .......... .......... 92%  119K 8s
 11900K .......... .......... .......... .......... .......... 92%  119K 8s
 11950K .......... .......... .......... .......... .......... 93%  116K 8s
 12000K .......... .......... .......... .......... .......... 93%  119K 7s
 12050K .......... .......... .......... .......... .......... 93%  116K 7s
 12100K .......... .......... .......... .......... .......... 94% 94.7K 6s
 12150K .......... .......... .......... .......... .......... 94%  149K 6s
 12200K .......... .......... .......... .......... .......... 95%  116K 5s
 12250K .......... .......... .......... .......... .......... 95%  119K 5s
 12300K .......... .......... .......... .......... .......... 95%  119K 5s
 12350K .......... .......... .......... .......... .......... 96%  116K 4s
 12400K .......... .......... .......... .......... .......... 96%  119K 4s
 12450K .......... .......... .......... .......... .......... 97%  119K 3s
 12500K .......... .......... .......... .......... .......... 97%  116K 3s
 12550K .......... .......... .......... .......... .......... 97%  119K 2s
 12600K .......... .......... .......... .......... .......... 98%  119K 2s
 12650K .......... .......... .......... .......... .......... 98%  116K 2s
 12700K .......... .......... .......... .......... .......... 98% 88.7K 1s
 12750K .......... .......... .......... .......... .......... 99%  167K 1s
 12800K .......... .......... .......... .......... .......... 99%  119K 0s
 12850K .......... .......... .......... ....                 100%  114K=1m50s

2016-05-25 00:08:54 (117 KB/s) - ‘index.html.2’ saved [13193358/13193358]

