--2016-05-25 03:38:20--  http://10.30.50.93:8000/
Connecting to 10.30.50.93:8000... connected.
HTTP request sent, awaiting response... 200 OK
Length: 13193358 (13M) [text/html]
Saving to: ‘index.html.11’

     0K .......... .......... .......... .......... ..........  0% 2.38M 5s
    50K .......... .......... .......... .......... ..........  0% 2.11M 6s
   100K .......... .......... .......... .......... ..........  1% 1.76M 6s
   150K .......... .......... .......... .......... ..........  1% 1.80M 6s
   200K .......... .......... .......... .......... ..........  1% 1.22M 7s
   250K .......... .......... .......... .......... ..........  2% 75.6K 34s
   300K .......... .......... .......... .......... ..........  2% 39.5K 74s
   350K .......... .......... .......... .......... ..........  3% 1001K 66s
   400K .......... .......... .......... .......... ..........  3%  203K 65s
   450K .......... .......... .......... .......... ..........  3%  200K 65s
   500K .......... .......... .......... .......... ..........  4% 1.04M 60s
   550K .......... .......... .......... .......... ..........  4% 1.27M 55s
   600K .......... .......... .......... .......... ..........  5% 1.19M 52s
   650K .......... .......... .......... .......... ..........  5% 2.28M 48s
   700K .......... .......... .......... .......... ..........  5% 1.73M 45s
   750K .......... .......... .......... .......... ..........  6% 1.49M 43s
   800K .......... .......... .......... .......... ..........  6%  203K 43s
   850K .......... .......... .......... .......... ..........  6% 1.37M 41s
   900K .......... .......... .......... .......... ..........  7% 1.08M 40s
   950K .......... .......... .......... .......... ..........  7% 1.04M 38s
  1000K .......... .......... .......... .......... ..........  8% 1.29M 36s
  1050K .......... .......... .......... .......... ..........  8%  962K 35s
  1100K .......... .......... .......... .......... ..........  8%  210K 36s
  1150K .......... .......... .......... .......... ..........  9%  887K 35s
  1200K .......... .......... .......... .......... ..........  9% 1.33M 34s
  1250K .......... .......... .......... .......... .......... 10% 1.00M 33s
  1300K .......... .......... .......... .......... .......... 10%  112K 35s
  1350K .......... .......... .......... .......... .......... 10% 1.26M 34s
  1400K .......... .......... .......... .......... .......... 11% 1.56M 33s
  1450K .......... .......... .......... .......... .......... 11% 1.23M 32s
  1500K .......... .......... .......... .......... .......... 12% 1.34M 31s
  1550K .......... .......... .......... .......... .......... 12%  958K 30s
  1600K .......... .......... .......... .......... .......... 12%  949K 30s
  1650K .......... .......... .......... .......... .......... 13%  818K 29s
  1700K .......... .......... .......... .......... .......... 13%  188K 30s
  1750K .......... .......... .......... .......... .......... 13% 1.33M 29s
  1800K .......... .......... .......... .......... .......... 14% 1.46M 28s
  1850K .......... .......... .......... .......... .......... 14% 1.03M 28s
  1900K .......... .......... .......... .......... .......... 15% 1.20M 27s
  1950K .......... .......... .......... .......... .......... 15%  940K 27s
  2000K .......... .......... .......... .......... .......... 15%  202K 27s
  2050K .......... .......... .......... .......... .......... 16% 1.16M 27s
  2100K .......... .......... .......... .......... .......... 16% 1.60M 26s
  2150K .......... .......... .......... .......... .......... 17% 1.46M 26s
  2200K .......... .......... .......... .......... .......... 17% 1.01M 25s
  2250K .......... .......... .......... .......... .......... 17% 1.43M 25s
  2300K .......... .......... .......... .......... .......... 18%  209K 25s
  2350K .......... .......... .......... .......... .......... 18% 1.43M 24s
  2400K .......... .......... .......... .......... .......... 19% 1.71M 24s
  2450K .......... .......... .......... .......... .......... 19% 1.13M 24s
  2500K .......... .......... .......... .......... .......... 19% 1.31M 23s
  2550K .......... .......... .......... .......... .......... 20%  206K 24s
  2600K .......... .......... .......... .......... .......... 20% 1.16M 23s
  2650K .......... .......... .......... .......... .......... 20% 1.26M 23s
  2700K .......... .......... .......... .......... .......... 21% 1.01M 22s
  2750K .......... .......... .......... .......... .......... 21% 1.01M 22s
  2800K .......... .......... .......... .......... .......... 22%  119K 23s
  2850K .......... .......... .......... .......... .......... 22%  206K 23s
  2900K .......... .......... .......... .......... .......... 22% 1.57M 23s
  2950K .......... .......... .......... .......... .......... 23% 1.53M 23s
  3000K .......... .......... .......... .......... .......... 23% 1.48M 22s
  3050K .......... .......... .......... .......... .......... 24% 1.18M 22s
  3100K .......... .......... .......... .......... .......... 24%  203K 22s
  3150K .......... .......... .......... .......... .......... 24% 1.36M 22s
  3200K .......... .......... .......... .......... .......... 25% 1.96M 21s
  3250K .......... .......... .......... .......... .......... 25% 1.79M 21s
  3300K .......... .......... .......... .......... .......... 26% 1.20M 21s
  3350K .......... .......... .......... .......... .......... 26%  201K 21s
  3400K .......... .......... .......... .......... .......... 26% 1.07M 21s
  3450K .......... .......... .......... .......... .......... 27%  117K 22s
  3500K .......... .......... .......... .......... .......... 27% 4.57M 21s
  3550K .......... .......... .......... .......... .......... 27% 1.91M 21s
  3600K .......... .......... .......... .......... .......... 28% 1.50M 21s
  3650K .......... .......... .......... .......... .......... 28% 1.18M 20s
  3700K .......... .......... .......... .......... .......... 29% 1.19M 20s
  3750K .......... .......... .......... .......... .......... 29%  201K 20s
  3800K .......... .......... .......... .......... .......... 29% 1.18M 20s
  3850K .......... .......... .......... .......... .......... 30% 1.04M 20s
  3900K .......... .......... .......... .......... .......... 30% 59.1K 21s
  3950K .......... .......... .......... .......... .......... 31% 1005K 21s
  4000K .......... .......... .......... .......... .......... 31%  205K 21s
  4050K .......... .......... .......... .......... .......... 31% 1.23M 21s
  4100K .......... .......... .......... .......... .......... 32% 34.0K 24s
  4150K .......... .......... .......... .......... .......... 32% 1.03M 23s
  4200K .......... .......... .......... .......... .......... 32% 1.22M 23s
  4250K .......... .......... .......... .......... .......... 33% 1.03M 23s
  4300K .......... .......... .......... .......... .......... 33% 1.09M 22s
  4350K .......... .......... .......... .......... .......... 34%  197K 22s
  4400K .......... .......... .......... .......... .......... 34% 1.25M 22s
  4450K .......... .......... .......... .......... .......... 34% 1.15M 22s
  4500K .......... .......... .......... .......... .......... 35% 1.17M 21s
  4550K .......... .......... .......... .......... .......... 35% 1.11M 21s
  4600K .......... .......... .......... .......... .......... 36% 1.19M 21s
  4650K .......... .......... .......... .......... .......... 36% 74.9K 22s
  4700K .......... .......... .......... .......... .......... 36% 1.64M 21s
  4750K .......... .......... .......... .......... .......... 37% 1.52M 21s
  4800K .......... .......... .......... .......... .......... 37% 1.87M 21s
  4850K .......... .......... .......... .......... .......... 38% 1.32M 21s
  4900K .......... .......... .......... .......... .......... 38%  117K 21s
  4950K .......... .......... .......... .......... .......... 38% 1.71M 21s
  5000K .......... .......... .......... .......... .......... 39% 1.01M 20s
  5050K .......... .......... .......... .......... .......... 39% 1.37M 20s
  5100K .......... .......... .......... .......... .......... 39% 1.29M 20s
  5150K .......... .......... .......... .......... .......... 40% 1.87M 20s
  5200K .......... .......... .......... .......... .......... 40%  907K 19s
  5250K .......... .......... .......... .......... .......... 41% 1.16M 19s
  5300K .......... .......... .......... .......... .......... 41% 1.27M 19s
  5350K .......... .......... .......... .......... .......... 41% 1.42M 19s
  5400K .......... .......... .......... .......... .......... 42% 1.09M 18s
  5450K .......... .......... .......... .......... .......... 42% 1.11M 18s
  5500K .......... .......... .......... .......... .......... 43% 1.10M 18s
  5550K .......... .......... .......... .......... .......... 43%  815K 18s
  5600K .......... .......... .......... .......... .......... 43% 1.19M 17s
  5650K .......... .......... .......... .......... .......... 44% 1.01M 17s
  5700K .......... .......... .......... .......... .......... 44% 1.22M 17s
  5750K .......... .......... .......... .......... .......... 45%  922K 17s
  5800K .......... .......... .......... .......... .......... 45% 1.28M 17s
  5850K .......... .......... .......... .......... .......... 45% 1002K 16s
  5900K .......... .......... .......... .......... .......... 46% 1.13M 16s
  5950K .......... .......... .......... .......... .......... 46% 74.7K 17s
  6000K .......... .......... .......... .......... .......... 46% 1.36M 16s
  6050K .......... .......... .......... .......... .......... 47% 1.29M 16s
  6100K .......... .......... .......... .......... .......... 47% 1.98M 16s
  6150K .......... .......... .......... .......... .......... 48% 1.28M 16s
  6200K .......... .......... .......... .......... .......... 48%  813K 16s
  6250K .......... .......... .......... .......... .......... 48% 1.10M 15s
  6300K .......... .......... .......... .......... .......... 49% 1.03M 15s
  6350K .......... .......... .......... .......... .......... 49% 1.15M 15s
  6400K .......... .......... .......... .......... .......... 50% 1.46M 15s
  6450K .......... .......... .......... .......... .......... 50% 1.24M 15s
  6500K .......... .......... .......... .......... .......... 50% 1.29M 15s
  6550K .......... .......... .......... .......... .......... 51% 1.16M 14s
  6600K .......... .......... .......... .......... .......... 51% 1.31M 14s
  6650K .......... .......... .......... .......... .......... 52%  213K 14s
  6700K .......... .......... .......... .......... .......... 52% 1.23M 14s
  6750K .......... .......... .......... .......... .......... 52%  197K 14s
  6800K .......... .......... .......... .......... .......... 53% 1.31M 14s
  6850K .......... .......... .......... .......... .......... 53% 1.16M 14s
  6900K .......... .......... .......... .......... .......... 53% 1.13M 13s
  6950K .......... .......... .......... .......... .......... 54%  194K 13s
  7000K .......... .......... .......... .......... .......... 54%  204K 13s
  7050K .......... .......... .......... .......... .......... 55% 1.09M 13s
  7100K .......... .......... .......... .......... .......... 55% 1005K 13s
  7150K .......... .......... .......... .......... .......... 55%  204K 13s
  7200K .......... .......... .......... .......... .......... 56% 1.58M 13s
  7250K .......... .......... .......... .......... .......... 56% 1.20M 13s
  7300K .......... .......... .......... .......... .......... 57% 1.14M 13s
  7350K .......... .......... .......... .......... .......... 57%  212K 13s
  7400K .......... .......... .......... .......... .......... 57% 1.02M 12s
  7450K .......... .......... .......... .......... .......... 58% 1.21M 12s
  7500K .......... .......... .......... .......... .......... 58%  966K 12s
  7550K .......... .......... .......... .......... .......... 58%  113K 12s
  7600K .......... .......... .......... .......... .......... 59% 3.44M 12s
  7650K .......... .......... .......... .......... .......... 59% 1.14M 12s
  7700K .......... .......... .......... .......... .......... 60% 1023K 12s
  7750K .......... .......... .......... .......... .......... 60% 1.16M 12s
  7800K .......... .......... .......... .......... .......... 60% 1.42M 11s
  7850K .......... .......... .......... .......... .......... 61%  189K 11s
  7900K .......... .......... .......... .......... .......... 61% 1.15M 11s
  7950K .......... .......... .......... .......... .......... 62% 1.45M 11s
  8000K .......... .......... .......... .......... .......... 62%  204K 11s
  8050K .......... .......... .......... .......... .......... 62% 1.16M 11s
  8100K .......... .......... .......... .......... .......... 63% 1.17M 11s
  8150K .......... .......... .......... .......... .......... 63%  204K 11s
  8200K .......... .......... .......... .......... .......... 64% 1.18M 10s
  8250K .......... .......... .......... .......... .......... 64% 1.32M 10s
  8300K .......... .......... .......... .......... .......... 64%  996K 10s
  8350K .......... .......... .......... .......... .......... 65% 1.15M 10s
  8400K .......... .......... .......... .......... .......... 65% 1.23M 10s
  8450K .......... .......... .......... .......... .......... 65% 1.20M 10s
  8500K .......... .......... .......... .......... .......... 66% 1.12M 10s
  8550K .......... .......... .......... .......... .......... 66% 1.21M 9s
  8600K .......... .......... .......... .......... .......... 67% 1.40M 9s
  8650K .......... .......... .......... .......... .......... 67% 1.01M 9s
  8700K .......... .......... .......... .......... .......... 67% 1.26M 9s
  8750K .......... .......... .......... .......... .......... 68% 1.23M 9s
  8800K .......... .......... .......... .......... .......... 68% 1.17M 9s
  8850K .......... .......... .......... .......... .......... 69% 1.07M 9s
  8900K .......... .......... .......... .......... .......... 69%  968K 8s
  8950K .......... .......... .......... .......... .......... 69% 1.10M 8s
  9000K .......... .......... .......... .......... .......... 70% 1.11M 8s
  9050K .......... .......... .......... .......... .......... 70%  195K 8s
  9100K .......... .......... .......... .......... .......... 71%  157K 8s
  9150K .......... .......... .......... .......... .......... 71% 1.35M 8s
  9200K .......... .......... .......... .......... .......... 71% 1.16M 8s
  9250K .......... .......... .......... .......... .......... 72% 1.36M 8s
  9300K .......... .......... .......... .......... .......... 72% 1.15M 8s
  9350K .......... .......... .......... .......... .......... 72% 1.32M 7s
  9400K .......... .......... .......... .......... .......... 73% 1.23M 7s
  9450K .......... .......... .......... .......... .......... 73% 1.35M 7s
  9500K .......... .......... .......... .......... .......... 74% 1.41M 7s
  9550K .......... .......... .......... .......... .......... 74% 1.26M 7s
  9600K .......... .......... .......... .......... .......... 74%  193K 7s
  9650K .......... .......... .......... .......... .......... 75% 1.76M 7s
  9700K .......... .......... .......... .......... .......... 75% 1.33M 7s
  9750K .......... .......... .......... .......... .......... 76% 1.31M 6s
  9800K .......... .......... .......... .......... .......... 76% 1.39M 6s
  9850K .......... .......... .......... .......... .......... 76% 1.03M 6s
  9900K .......... .......... .......... .......... .......... 77%  215K 6s
  9950K .......... .......... .......... .......... .......... 77% 1.44M 6s
 10000K .......... .......... .......... .......... .......... 78% 1.36M 6s
 10050K .......... .......... .......... .......... .......... 78% 1.14M 6s
 10100K .......... .......... .......... .......... .......... 78%  203K 6s
 10150K .......... .......... .......... .......... .......... 79%  903K 6s
 10200K .......... .......... .......... .......... .......... 79% 1.25M 5s
 10250K .......... .......... .......... .......... .......... 79%  990K 5s
 10300K .......... .......... .......... .......... .......... 80%  961K 5s
 10350K .......... .......... .......... .......... .......... 80% 1.18M 5s
 10400K .......... .......... .......... .......... .......... 81%  195K 5s
 10450K .......... .......... .......... .......... .......... 81% 1.26M 5s
 10500K .......... .......... .......... .......... .......... 81%  212K 5s
 10550K .......... .......... .......... .......... .......... 82%  204K 5s
 10600K .......... .......... .......... .......... .......... 82% 1.25M 5s
 10650K .......... .......... .......... .......... .......... 83% 1.15M 5s
 10700K .......... .......... .......... .......... .......... 83%  968K 4s
 10750K .......... .......... .......... .......... .......... 83% 1.05M 4s
 10800K .......... .......... .......... .......... .......... 84% 1.14M 4s
 10850K .......... .......... .......... .......... .......... 84%  872K 4s
 10900K .......... .......... .......... .......... .......... 84% 1.21M 4s
 10950K .......... .......... .......... .......... .......... 85% 1024K 4s
 11000K .......... .......... .......... .......... .......... 85% 1.36M 4s
 11050K .......... .......... .......... .......... .......... 86% 1.29M 4s
 11100K .......... .......... .......... .......... .......... 86% 1.26M 4s
 11150K .......... .......... .......... .......... .......... 86% 1.07M 3s
 11200K .......... .......... .......... .......... .......... 87%  198K 3s
 11250K .......... .......... .......... .......... .......... 87%  209K 3s
 11300K .......... .......... .......... .......... .......... 88% 1.50M 3s
 11350K .......... .......... .......... .......... .......... 88% 1.91M 3s
 11400K .......... .......... .......... .......... .......... 88% 1.63M 3s
 11450K .......... .......... .......... .......... .......... 89% 1.80M 3s
 11500K .......... .......... .......... .......... .......... 89% 1.58M 3s
 11550K .......... .......... .......... .......... .......... 90% 1.59M 3s
 11600K .......... .......... .......... .......... .......... 90% 1.39M 2s
 11650K .......... .......... .......... .......... .......... 90% 1.13M 2s
 11700K .......... .......... .......... .......... .......... 91% 1.47M 2s
 11750K .......... .......... .......... .......... .......... 91% 1.49M 2s
 11800K .......... .......... .......... .......... .......... 91%  209K 2s
 11850K .......... .......... .......... .......... .......... 92% 1.09M 2s
 11900K .......... .......... .......... .......... .......... 92% 1.17M 2s
 11950K .......... .......... .......... .......... .......... 93% 1.05M 2s
 12000K .......... .......... .......... .......... .......... 93% 1.27M 2s
 12050K .......... .......... .......... .......... .......... 93% 1.17M 2s
 12100K .......... .......... .......... .......... .......... 94%  202K 1s
 12150K .......... .......... .......... .......... .......... 94% 1.07M 1s
 12200K .......... .......... .......... .......... .......... 95% 1010K 1s
 12250K .......... .......... .......... .......... .......... 95% 1.05M 1s
 12300K .......... .......... .......... .......... .......... 95% 1.23M 1s
 12350K .......... .......... .......... .......... .......... 96% 1.31M 1s
 12400K .......... .......... .......... .......... .......... 96% 1.26M 1s
 12450K .......... .......... .......... .......... .......... 97%  207K 1s
 12500K .......... .......... .......... .......... .......... 97%  200K 1s
 12550K .......... .......... .......... .......... .......... 97%  897K 1s
 12600K .......... .......... .......... .......... .......... 98% 1.37M 0s
 12650K .......... .......... .......... .......... .......... 98%  936K 0s
 12700K .......... .......... .......... .......... .......... 98%  194K 0s
 12750K .......... .......... .......... .......... .......... 99%  201K 0s
 12800K .......... .......... .......... .......... .......... 99% 1.10M 0s
 12850K .......... .......... .......... ....                 100% 1.14M=26s

2016-05-25 03:38:45 (499 KB/s) - ‘index.html.11’ saved [13193358/13193358]

