--2016-05-25 02:24:54--  http://10.30.50.93:8000/
Connecting to 10.30.50.93:8000... connected.
HTTP request sent, awaiting response... 200 OK
Length: 13193358 (13M) [text/html]
Saving to: ‘index.html.1’

     0K .......... .......... .......... .......... ..........  0%  475K 27s
    50K .......... .......... .......... .......... ..........  0%  475K 27s
   100K .......... .......... .......... .......... ..........  1%  465K 27s
   150K .......... .......... .......... .......... ..........  1%  476K 27s
   200K .......... .......... .......... .......... ..........  1%  477K 27s
   250K .......... .......... .......... .......... ..........  2%  462K 27s
   300K .......... .......... .......... .......... ..........  2%  477K 27s
   350K .......... .......... .......... .......... ..........  3%  472K 26s
   400K .......... .......... .......... .......... ..........  3%  465K 26s
   450K .......... .......... .......... .......... ..........  3%  478K 26s
   500K .......... .......... .......... .......... ..........  4%  460K 26s
   550K .......... .......... .......... .......... ..........  4%  476K 26s
   600K .......... .......... .......... .......... ..........  5%  479K 26s
   650K .......... .......... .......... .......... ..........  5%  463K 26s
   700K .......... .......... .......... .......... ..........  5%  473K 26s
   750K .......... .......... .......... .......... ..........  6%  480K 26s
   800K .......... .......... .......... .......... ..........  6%  461K 26s
   850K .......... .......... .......... .......... ..........  6%  475K 25s
   900K .......... .......... .......... .......... ..........  7%  477K 25s
   950K .......... .......... .......... .......... ..........  7%  464K 25s
  1000K .......... .......... .......... .......... ..........  8%  474K 25s
  1050K .......... .......... .......... .......... ..........  8%  464K 25s
  1100K .......... .......... .......... .......... ..........  8%  478K 25s
  1150K .......... .......... .......... .......... ..........  9%  477K 25s
  1200K .......... .......... .......... .......... ..........  9%  459K 25s
  1250K .......... .......... .......... .......... .......... 10%  478K 25s
  1300K .......... .......... .......... .......... .......... 10%  475K 24s
  1350K .......... .......... .......... .......... .......... 10%  463K 24s
  1400K .......... .......... .......... .......... .......... 11%  480K 24s
  1450K .......... .......... .......... .......... .......... 11%  473K 24s
  1500K .......... .......... .......... .......... .......... 12%  462K 24s
  1550K .......... .......... .......... .......... .......... 12%  479K 24s
  1600K .......... .......... .......... .......... .......... 12%  475K 24s
  1650K .......... .......... .......... .......... .......... 13%  463K 24s
  1700K .......... .......... .......... .......... .......... 13%  478K 24s
  1750K .......... .......... .......... .......... .......... 13%  461K 24s
  1800K .......... .......... .......... .......... .......... 14%  479K 23s
  1850K .......... .......... .......... .......... .......... 14%  476K 23s
  1900K .......... .......... .......... .......... .......... 15%  460K 23s
  1950K .......... .......... .......... .......... .......... 15%  479K 23s
  2000K .......... .......... .......... .......... .......... 15%  475K 23s
  2050K .......... .......... .......... .......... .......... 16%  463K 23s
  2100K .......... .......... .......... .......... .......... 16%  473K 23s
  2150K .......... .......... .......... .......... .......... 17%  477K 23s
  2200K .......... .......... .......... .......... .......... 17%  464K 23s
  2250K .......... .......... .......... .......... .......... 17%  479K 22s
  2300K .......... .......... .......... .......... .......... 18%  475K 22s
  2350K .......... .......... .......... .......... .......... 18%  463K 22s
  2400K .......... .......... .......... .......... .......... 19%  477K 22s
  2450K .......... .......... .......... .......... .......... 19%  462K 22s
  2500K .......... .......... .......... .......... .......... 19%  478K 22s
  2550K .......... .......... .......... .......... .......... 20%  474K 22s
  2600K .......... .......... .......... .......... .......... 20%  463K 22s
  2650K .......... .......... .......... .......... .......... 20%  478K 22s
  2700K .......... .......... .......... .......... .......... 21%  476K 21s
  2750K .......... .......... .......... .......... .......... 21%  460K 21s
  2800K .......... .......... .......... .......... .......... 22%  476K 21s
  2850K .......... .......... .......... .......... .......... 22%  478K 21s
  2900K .......... .......... .......... .......... .......... 22%  464K 21s
  2950K .......... .......... .......... .......... .......... 23%  473K 21s
  3000K .......... .......... .......... .......... .......... 23%  462K 21s
  3050K .......... .......... .......... .......... .......... 24%  476K 21s
  3100K .......... .......... .......... .......... .......... 24%  477K 21s
  3150K .......... .......... .......... .......... .......... 24%  467K 21s
  3200K .......... .......... .......... .......... .......... 25%  475K 20s
  3250K .......... .......... .......... .......... .......... 25%  475K 20s
  3300K .......... .......... .......... .......... .......... 26%  464K 20s
  3350K .......... .......... .......... .......... .......... 26%  473K 20s
  3400K .......... .......... .......... .......... .......... 26%  479K 20s
  3450K .......... .......... .......... .......... .......... 27%  460K 20s
  3500K .......... .......... .......... .......... .......... 27%  476K 20s
  3550K .......... .......... .......... .......... .......... 27%  476K 20s
  3600K .......... .......... .......... .......... .......... 28%  467K 20s
  3650K .......... .......... .......... .......... .......... 28%  472K 19s
  3700K .......... .......... .......... .......... .......... 29%  462K 19s
  3750K .......... .......... .......... .......... .......... 29%  482K 19s
  3800K .......... .......... .......... .......... .......... 29%  474K 19s
  3850K .......... .......... .......... .......... .......... 30%  461K 19s
  3900K .......... .......... .......... .......... .......... 30%  480K 19s
  3950K .......... .......... .......... .......... .......... 31%  473K 19s
  4000K .......... .......... .......... .......... .......... 31%  465K 19s
  4050K .......... .......... .......... .......... .......... 31%  476K 19s
  4100K .......... .......... .......... .......... .......... 32%  477K 19s
  4150K .......... .......... .......... .......... .......... 32%  461K 18s
  4200K .......... .......... .......... .......... .......... 32%  477K 18s
  4250K .......... .......... .......... .......... .......... 33%  465K 18s
  4300K .......... .......... .......... .......... .......... 33%  476K 18s
  4350K .......... .......... .......... .......... .......... 34%  474K 18s
  4400K .......... .......... .......... .......... .......... 34%  466K 18s
  4450K .......... .......... .......... .......... .......... 34%  473K 18s
  4500K .......... .......... .......... .......... .......... 35%  478K 18s
  4550K .......... .......... .......... .......... .......... 35%  461K 18s
  4600K .......... .......... .......... .......... .......... 36%  476K 17s
  4650K .......... .......... .......... .......... .......... 36%  479K 17s
  4700K .......... .......... .......... .......... .......... 36%  460K 17s
  4750K .......... .......... .......... .......... .......... 37%  477K 17s
  4800K .......... .......... .......... .......... .......... 37%  475K 17s
  4850K .......... .......... .......... .......... .......... 38%  467K 17s
  4900K .......... .......... .......... .......... .......... 38%  472K 17s
  4950K .......... .......... .......... .......... .......... 38%  467K 17s
  5000K .......... .......... .......... .......... .......... 39%  473K 17s
  5050K .......... .......... .......... .......... .......... 39%  476K 17s
  5100K .......... .......... .......... .......... .......... 39%  467K 16s
  5150K .......... .......... .......... .......... .......... 40%  475K 16s
  5200K .......... .......... .......... .......... .......... 40%  477K 16s
  5250K .......... .......... .......... .......... .......... 41%  461K 16s
  5300K .......... .......... .......... .......... .......... 41%  477K 16s
  5350K .......... .......... .......... .......... .......... 41%  473K 16s
  5400K .......... .......... .......... .......... .......... 42%  467K 16s
  5450K .......... .......... .......... .......... .......... 42%  474K 16s
  5500K .......... .......... .......... .......... .......... 43%  474K 16s
  5550K .......... .......... .......... .......... .......... 43%  463K 15s
  5600K .......... .......... .......... .......... .......... 43%  476K 15s
  5650K .......... .......... .......... .......... .......... 44%  463K 15s
  5700K .......... .......... .......... .......... .......... 44%  476K 15s
  5750K .......... .......... .......... .......... .......... 45%  480K 15s
  5800K .......... .......... .......... .......... .......... 45%  463K 15s
  5850K .......... .......... .......... .......... .......... 45%  474K 15s
  5900K .......... .......... .......... .......... .......... 46%  477K 15s
  5950K .......... .......... .......... .......... .......... 46%  463K 15s
  6000K .......... .......... .......... .......... .......... 46%  476K 14s
  6050K .......... .......... .......... .......... .......... 47%  478K 14s
  6100K .......... .......... .......... .......... .......... 47%  461K 14s
  6150K .......... .......... .......... .......... .......... 48%  478K 14s
  6200K .......... .......... .......... .......... .......... 48%  461K 14s
  6250K .......... .......... .......... .......... .......... 48%  477K 14s
  6300K .......... .......... .......... .......... .......... 49%  473K 14s
  6350K .......... .......... .......... .......... .......... 49%  462K 14s
  6400K .......... .......... .......... .......... .......... 50%  477K 14s
  6450K .......... .......... .......... .......... .......... 50%  475K 14s
  6500K .......... .......... .......... .......... .......... 50%  465K 13s
  6550K .......... .......... .......... .......... .......... 51%  475K 13s
  6600K .......... .......... .......... .......... .......... 51%  478K 13s
  6650K .......... .......... .......... .......... .......... 52%  460K 13s
  6700K .......... .......... .......... .......... .......... 52%  478K 13s
  6750K .......... .......... .......... .......... .......... 52%  477K 13s
  6800K .......... .......... .......... .......... .......... 53%  463K 13s
  6850K .......... .......... .......... .......... .......... 53%  473K 13s
  6900K .......... .......... .......... .......... .......... 53%  466K 13s
  6950K .......... .......... .......... .......... .......... 54%  473K 12s
  7000K .......... .......... .......... .......... .......... 54%  479K 12s
  7050K .......... .......... .......... .......... .......... 55%  459K 12s
  7100K .......... .......... .......... .......... .......... 55%  476K 12s
  7150K .......... .......... .......... .......... .......... 55%  479K 12s
  7200K .......... .......... .......... .......... .......... 56%  463K 12s
  7250K .......... .......... .......... .......... .......... 56%  475K 12s
  7300K .......... .......... .......... .......... .......... 57%  476K 12s
  7350K .......... .......... .......... .......... .......... 57%  466K 12s
  7400K .......... .......... .......... .......... .......... 57%  476K 12s
  7450K .......... .......... .......... .......... .......... 58%  473K 11s
  7500K .......... .......... .......... .......... .......... 58%  464K 11s
  7550K .......... .......... .......... .......... .......... 58%  478K 11s
  7600K .......... .......... .......... .......... .......... 59%  463K 11s
  7650K .......... .......... .......... .......... .......... 59%  472K 11s
  7700K .......... .......... .......... .......... .......... 60%  477K 11s
  7750K .......... .......... .......... .......... .......... 60%  465K 11s
  7800K .......... .......... .......... .......... .......... 60%  476K 11s
  7850K .......... .......... .......... .......... .......... 61%  474K 11s
  7900K .......... .......... .......... .......... .......... 61%  465K 10s
  7950K .......... .......... .......... .......... .......... 62%  478K 10s
  8000K .......... .......... .......... .......... .......... 62%  474K 10s
  8050K .......... .......... .......... .......... .......... 62%  464K 10s
  8100K .......... .......... .......... .......... .......... 63%  474K 10s
  8150K .......... .......... .......... .......... .......... 63%  463K 10s
  8200K .......... .......... .......... .......... .......... 64%  478K 10s
  8250K .......... .......... .......... .......... .......... 64%  474K 10s
  8300K .......... .......... .......... .......... .......... 64%  465K 10s
  8350K .......... .......... .......... .......... .......... 65%  475K 10s
  8400K .......... .......... .......... .......... .......... 65%  476K 9s
  8450K .......... .......... .......... .......... .......... 65%  462K 9s
  8500K .......... .......... .......... .......... .......... 66%  478K 9s
  8550K .......... .......... .......... .......... .......... 66%  474K 9s
  8600K .......... .......... .......... .......... .......... 67%  461K 9s
  8650K .......... .......... .......... .......... .......... 67%  476K 9s
  8700K .......... .......... .......... .......... .......... 67%  477K 9s
  8750K .......... .......... .......... .......... .......... 68%  467K 9s
  8800K .......... .......... .......... .......... .......... 68%  474K 9s
  8850K .......... .......... .......... .......... .......... 69%  464K 8s
  8900K .......... .......... .......... .......... .......... 69%  478K 8s
  8950K .......... .......... .......... .......... .......... 69%  476K 8s
  9000K .......... .......... .......... .......... .......... 70%  462K 8s
  9050K .......... .......... .......... .......... .......... 70%  478K 8s
  9100K .......... .......... .......... .......... .......... 71%  476K 8s
  9150K .......... .......... .......... .......... .......... 71%  461K 8s
  9200K .......... .......... .......... .......... .......... 71%  475K 8s
  9250K .......... .......... .......... .......... .......... 72%  479K 8s
  9300K .......... .......... .......... .......... .......... 72%  462K 7s
  9350K .......... .......... .......... .......... .......... 72%  475K 7s
  9400K .......... .......... .......... .......... .......... 73%  477K 7s
  9450K .......... .......... .......... .......... .......... 73%  462K 7s
  9500K .......... .......... .......... .......... .......... 74%  477K 7s
  9550K .......... .......... .......... .......... .......... 74%  462K 7s
  9600K .......... .......... .......... .......... .......... 74%  479K 7s
  9650K .......... .......... .......... .......... .......... 75%  475K 7s
  9700K .......... .......... .......... .......... .......... 75%  461K 7s
  9750K .......... .......... .......... .......... .......... 76%  478K 7s
  9800K .......... .......... .......... .......... .......... 76%  478K 6s
  9850K .......... .......... .......... .......... .......... 76%  460K 6s
  9900K .......... .......... .......... .......... .......... 77%  475K 6s
  9950K .......... .......... .......... .......... .......... 77%  477K 6s
 10000K .......... .......... .......... .......... .......... 78%  464K 6s
 10050K .......... .......... .......... .......... .......... 78%  474K 6s
 10100K .......... .......... .......... .......... .......... 78%  463K 6s
 10150K .......... .......... .......... .......... .......... 79%  476K 6s
 10200K .......... .......... .......... .......... .......... 79%  478K 6s
 10250K .......... .......... .......... .......... .......... 79%  464K 5s
 10300K .......... .......... .......... .......... .......... 80%  477K 5s
 10350K .......... .......... .......... .......... .......... 80%  476K 5s
 10400K .......... .......... .......... .......... .......... 81%  460K 5s
 10450K .......... .......... .......... .......... .......... 81%  476K 5s
 10500K .......... .......... .......... .......... .......... 81%  476K 5s
 10550K .......... .......... .......... .......... .......... 82%  466K 5s
 10600K .......... .......... .......... .......... .......... 82%  474K 5s
 10650K .......... .......... .......... .......... .......... 83%  478K 5s
 10700K .......... .......... .......... .......... .......... 83%  461K 5s
 10750K .......... .......... .......... .......... .......... 83%  476K 4s
 10800K .......... .......... .......... .......... .......... 84%  466K 4s
 10850K .......... .......... .......... .......... .......... 84%  474K 4s
 10900K .......... .......... .......... .......... .......... 84%  475K 4s
 10950K .......... .......... .......... .......... .......... 85%  463K 4s
 11000K .......... .......... .......... .......... .......... 85%  478K 4s
 11050K .......... .......... .......... .......... .......... 86%  475K 4s
 11100K .......... .......... .......... .......... .......... 86%  464K 4s
 11150K .......... .......... .......... .......... .......... 86%  475K 4s
 11200K .......... .......... .......... .......... .......... 87%  479K 3s
 11250K .......... .......... .......... .......... .......... 87%  460K 3s
 11300K .......... .......... .......... .......... .......... 88%  476K 3s
 11350K .......... .......... .......... .......... .......... 88%  477K 3s
 11400K .......... .......... .......... .......... .......... 88%  462K 3s
 11450K .......... .......... .......... .......... .......... 89%  478K 3s
 11500K .......... .......... .......... .......... .......... 89%  462K 3s
 11550K .......... .......... .......... .......... .......... 90%  475K 3s
 11600K .......... .......... .......... .......... .......... 90%  478K 3s
 11650K .......... .......... .......... .......... .......... 90%  463K 3s
 11700K .......... .......... .......... .......... .......... 91%  476K 2s
 11750K .......... .......... .......... .......... .......... 91%  477K 2s
 11800K .......... .......... .......... .......... .......... 91%  462K 2s
 11850K .......... .......... .......... .......... .......... 92%  480K 2s
 11900K .......... .......... .......... .......... .......... 92%  472K 2s
 11950K .......... .......... .......... .......... .......... 93%  465K 2s
 12000K .......... .......... .......... .......... .......... 93%  475K 2s
 12050K .......... .......... .......... .......... .......... 93%  464K 2s
 12100K .......... .......... .......... .......... .......... 94%  475K 2s
 12150K .......... .......... .......... .......... .......... 94%  476K 1s
 12200K .......... .......... .......... .......... .......... 95%  463K 1s
 12250K .......... .......... .......... .......... .......... 95%  475K 1s
 12300K .......... .......... .......... .......... .......... 95%  476K 1s
 12350K .......... .......... .......... .......... .......... 96%  466K 1s
 12400K .......... .......... .......... .......... .......... 96%  475K 1s
 12450K .......... .......... .......... .......... .......... 97%  477K 1s
 12500K .......... .......... .......... .......... .......... 97%  460K 1s
 12550K .......... .......... .......... .......... .......... 97%  478K 1s
 12600K .......... .......... .......... .......... .......... 98%  475K 0s
 12650K .......... .......... .......... .......... .......... 98%  466K 0s
 12700K .......... .......... .......... .......... .......... 98%  474K 0s
 12750K .......... .......... .......... .......... .......... 99%  465K 0s
 12800K .......... .......... .......... .......... .......... 99%  473K 0s
 12850K .......... .......... .......... ....                 100%  499K=27s

2016-05-25 02:25:22 (471 KB/s) - ‘index.html.1’ saved [13193358/13193358]

