--2016-05-25 02:30:37--  http://10.30.50.93:8000/
Connecting to 10.30.50.93:8000... connected.
HTTP request sent, awaiting response... 200 OK
Length: 13193358 (13M) [text/html]
Saving to: ‘index.html.12’

     0K .......... .......... .......... .......... ..........  0%  465K 28s
    50K .......... .......... .......... .......... ..........  0%  427K 29s
   100K .......... .......... .......... .......... ..........  1%  145K 48s
   150K .......... .......... .......... .......... ..........  1%  406K 44s
   200K .......... .......... .......... .......... ..........  1%  157K 51s
   250K .......... .......... .......... .......... ..........  2%  448K 47s
   300K .......... .......... .......... .......... ..........  2%  467K 44s
   350K .......... .......... .......... .......... ..........  3%  379K 42s
   400K .......... .......... .......... .......... ..........  3%  447K 41s
   450K .......... .......... .......... .......... ..........  3%  465K 39s
   500K .......... .......... .......... .......... ..........  4%  438K 38s
   550K .......... .......... .......... .......... ..........  4%  464K 37s
   600K .......... .......... .......... .......... ..........  5%  395K 36s
   650K .......... .......... .......... .......... ..........  5%  399K 36s
   700K .......... .......... .......... .......... ..........  5%  159K 38s
   750K .......... .......... .......... .......... ..........  6%  427K 38s
   800K .......... .......... .......... .......... ..........  6%  461K 37s
   850K .......... .......... .......... .......... ..........  6%  439K 36s
   900K .......... .......... .......... .......... ..........  7%  479K 35s
   950K .......... .......... .......... .......... ..........  7%  448K 35s
  1000K .......... .......... .......... .......... ..........  8% 67.5K 41s
  1050K .......... .......... .......... .......... ..........  8%  372K 41s
  1100K .......... .......... .......... .......... ..........  8%  451K 40s
  1150K .......... .......... .......... .......... ..........  9%  377K 39s
  1200K .......... .......... .......... .......... ..........  9%  465K 39s
  1250K .......... .......... .......... .......... .......... 10%  448K 38s
  1300K .......... .......... .......... .......... .......... 10%  441K 37s
  1350K .......... .......... .......... .......... .......... 10%  145K 39s
  1400K .......... .......... .......... .......... .......... 11%  437K 38s
  1450K .......... .......... .......... .......... .......... 11%  428K 38s
  1500K .......... .......... .......... .......... .......... 12%  427K 37s
  1550K .......... .......... .......... .......... .......... 12%  153K 38s
  1600K .......... .......... .......... .......... .......... 12%  439K 38s
  1650K .......... .......... .......... .......... .......... 13%  147K 38s
  1700K .......... .......... .......... .......... .......... 13%  386K 38s
  1750K .......... .......... .......... .......... .......... 13%  379K 38s
  1800K .......... .......... .......... .......... .......... 14%  427K 37s
  1850K .......... .......... .......... .......... .......... 14%  153K 38s
  1900K .......... .......... .......... .......... .......... 15%  146K 39s
  1950K .......... .......... .......... .......... .......... 15%  461K 38s
  2000K .......... .......... .......... .......... .......... 15%  428K 38s
  2050K .......... .......... .......... .......... .......... 16%  140K 38s
  2100K .......... .......... .......... .......... .......... 16%  157K 39s
  2150K .......... .......... .......... .......... .......... 17%  399K 38s
  2200K .......... .......... .......... .......... .......... 17%  378K 38s
  2250K .......... .......... .......... .......... .......... 17%  538K 37s
  2300K .......... .......... .......... .......... .......... 18%  450K 37s
  2350K .......... .......... .......... .......... .......... 18%  145K 38s
  2400K .......... .......... .......... .......... .......... 19%  451K 37s
  2450K .......... .......... .......... .......... .......... 19%  356K 37s
  2500K .......... .......... .......... .......... .......... 19%  407K 36s
  2550K .......... .......... .......... .......... .......... 20%  333K 36s
  2600K .......... .......... .......... .......... .......... 20%  415K 36s
  2650K .......... .......... .......... .......... .......... 20%  427K 35s
  2700K .......... .......... .......... .......... .......... 21%  387K 35s
  2750K .......... .......... .......... .......... .......... 21%  490K 35s
  2800K .......... .......... .......... .......... .......... 22%  314K 34s
  2850K .......... .......... .......... .......... .......... 22%  407K 34s
  2900K .......... .......... .......... .......... .......... 22%  398K 34s
  2950K .......... .......... .......... .......... .......... 23%  519K 33s
  3000K .......... .......... .......... .......... .......... 23%  429K 33s
  3050K .......... .......... .......... .......... .......... 24%  371K 33s
  3100K .......... .......... .......... .......... .......... 24%  168K 33s
  3150K .......... .......... .......... .......... .......... 24%  149K 33s
  3200K .......... .......... .......... .......... .......... 25%  437K 33s
  3250K .......... .......... .......... .......... .......... 25%  398K 33s
  3300K .......... .......... .......... .......... .......... 26%  504K 32s
  3350K .......... .......... .......... .......... .......... 26%  378K 32s
  3400K .......... .......... .......... .......... .......... 26%  522K 32s
  3450K .......... .......... .......... .......... .......... 27%  441K 31s
  3500K .......... .......... .......... .......... .......... 27%  426K 31s
  3550K .......... .......... .......... .......... .......... 27%  138K 31s
  3600K .......... .......... .......... .......... .......... 28%  145K 32s
  3650K .......... .......... .......... .......... .......... 28%  231K 32s
  3700K .......... .......... .......... .......... .......... 29% 98.8K 32s
  3750K .......... .......... .......... .......... .......... 29%  461K 32s
  3800K .......... .......... .......... .......... .......... 29%  370K 32s
  3850K .......... .......... .......... .......... .......... 30%  408K 31s
  3900K .......... .......... .......... .......... .......... 30%  475K 31s
  3950K .......... .......... .......... .......... .......... 31%  398K 31s
  4000K .......... .......... .......... .......... .......... 31%  426K 30s
  4050K .......... .......... .......... .......... .......... 31%  363K 30s
  4100K .......... .......... .......... .......... .......... 32%  147K 30s
  4150K .......... .......... .......... .......... .......... 32%  314K 30s
  4200K .......... .......... .......... .......... .......... 32%  362K 30s
  4250K .......... .......... .......... .......... .......... 33%  363K 30s
  4300K .......... .......... .......... .......... .......... 33%  438K 29s
  4350K .......... .......... .......... .......... .......... 34%  407K 29s
  4400K .......... .......... .......... .......... .......... 34%  417K 29s
  4450K .......... .......... .......... .......... .......... 34%  368K 29s
  4500K .......... .......... .......... .......... .......... 35% 95.2K 29s
  4550K .......... .......... .......... .......... .......... 35%  642K 29s
  4600K .......... .......... .......... .......... .......... 36%  450K 28s
  4650K .......... .......... .......... .......... .......... 36%  428K 28s
  4700K .......... .......... .......... .......... .......... 36%  149K 28s
  4750K .......... .......... .......... .......... .......... 37%  333K 28s
  4800K .......... .......... .......... .......... .......... 37%  309K 28s
  4850K .......... .......... .......... .......... .......... 38%  355K 28s
  4900K .......... .......... .......... .......... .......... 38%  426K 27s
  4950K .......... .......... .......... .......... .......... 38%  157K 27s
  5000K .......... .......... .......... .......... .......... 39%  354K 27s
  5050K .......... .......... .......... .......... .......... 39%  558K 27s
  5100K .......... .......... .......... .......... .......... 39%  437K 27s
  5150K .......... .......... .......... .......... .......... 40%  417K 26s
  5200K .......... .......... .......... .......... .......... 40%  476K 26s
  5250K .......... .......... .......... .......... .......... 41%  429K 26s
  5300K .......... .......... .......... .......... .......... 41%  150K 26s
  5350K .......... .......... .......... .......... .......... 41%  353K 26s
  5400K .......... .......... .......... .......... .......... 42%  141K 26s
  5450K .......... .......... .......... .......... .......... 42%  146K 26s
  5500K .......... .......... .......... .......... .......... 43%  477K 26s
  5550K .......... .......... .......... .......... .......... 43%  355K 25s
  5600K .......... .......... .......... .......... .......... 43%  448K 25s
  5650K .......... .......... .......... .......... .......... 44%  452K 25s
  5700K .......... .......... .......... .......... .......... 44%  417K 25s
  5750K .......... .......... .......... .......... .......... 45%  377K 24s
  5800K .......... .......... .......... .......... .......... 45%  348K 24s
  5850K .......... .......... .......... .......... .......... 45%  429K 24s
  5900K .......... .......... .......... .......... .......... 46%  407K 24s
  5950K .......... .......... .......... .......... .......... 46%  449K 23s
  6000K .......... .......... .......... .......... .......... 46%  147K 23s
  6050K .......... .......... .......... .......... .......... 47%  409K 23s
  6100K .......... .......... .......... .......... .......... 47%  437K 23s
  6150K .......... .......... .......... .......... .......... 48%  437K 23s
  6200K .......... .......... .......... .......... .......... 48%  440K 23s
  6250K .......... .......... .......... .......... .......... 48%  156K 23s
  6300K .......... .......... .......... .......... .......... 49%  440K 22s
  6350K .......... .......... .......... .......... .......... 49%  438K 22s
  6400K .......... .......... .......... .......... .......... 50%  407K 22s
  6450K .......... .......... .......... .......... .......... 50% 91.1K 22s
  6500K .......... .......... .......... .......... .......... 50%  354K 22s
  6550K .......... .......... .......... .......... .......... 51%  428K 22s
  6600K .......... .......... .......... .......... .......... 51%  148K 22s
  6650K .......... .......... .......... .......... .......... 52% 99.7K 22s
  6700K .......... .......... .......... .......... .......... 52%  408K 22s
  6750K .......... .......... .......... .......... .......... 52%  407K 21s
  6800K .......... .......... .......... .......... .......... 53%  154K 21s
  6850K .......... .......... .......... .......... .......... 53%  144K 21s
  6900K .......... .......... .......... .......... .......... 53%  451K 21s
  6950K .......... .......... .......... .......... .......... 54%  451K 21s
  7000K .......... .......... .......... .......... .......... 54%  146K 21s
  7050K .......... .......... .......... .......... .......... 55%  397K 21s
  7100K .......... .......... .......... .......... .......... 55%  478K 20s
  7150K .......... .......... .......... .......... .......... 55%  439K 20s
  7200K .......... .......... .......... .......... .......... 56%  334K 20s
  7250K .......... .......... .......... .......... .......... 56%  353K 20s
  7300K .......... .......... .......... .......... .......... 57%  490K 19s
  7350K .......... .......... .......... .......... .......... 57%  452K 19s
  7400K .......... .......... .......... .......... .......... 57%  427K 19s
  7450K .......... .......... .......... .......... .......... 58%  363K 19s
  7500K .......... .......... .......... .......... .......... 58%  416K 19s
  7550K .......... .......... .......... .......... .......... 58%  332K 18s
  7600K .......... .......... .......... .......... .......... 59%  146K 18s
  7650K .......... .......... .......... .......... .......... 59%  466K 18s
  7700K .......... .......... .......... .......... .......... 60%  439K 18s
  7750K .......... .......... .......... .......... .......... 60%  371K 18s
  7800K .......... .......... .......... .......... .......... 60%  504K 17s
  7850K .......... .......... .......... .......... .......... 61%  405K 17s
  7900K .......... .......... .......... .......... .......... 61%  399K 17s
  7950K .......... .......... .......... .......... .......... 62%  157K 17s
  8000K .......... .......... .......... .......... .......... 62%  405K 17s
  8050K .......... .......... .......... .......... .......... 62%  479K 17s
  8100K .......... .......... .......... .......... .......... 63%  154K 16s
  8150K .......... .......... .......... .......... .......... 63%  156K 16s
  8200K .......... .......... .......... .......... .......... 64%  463K 16s
  8250K .......... .......... .......... .......... .......... 64%  347K 16s
  8300K .......... .......... .......... .......... .......... 64%  431K 16s
  8350K .......... .......... .......... .......... .......... 65%  404K 16s
  8400K .......... .......... .......... .......... .......... 65%  388K 15s
  8450K .......... .......... .......... .......... .......... 65%  308K 15s
  8500K .......... .......... .......... .......... .......... 66%  348K 15s
  8550K .......... .......... .......... .......... .......... 66%  397K 15s
  8600K .......... .......... .......... .......... .......... 67%  505K 15s
  8650K .......... .......... .......... .......... .......... 67%  396K 14s
  8700K .......... .......... .......... .......... .......... 67%  372K 14s
  8750K .......... .......... .......... .......... .......... 68%  405K 14s
  8800K .......... .......... .......... .......... .......... 68%  407K 14s
  8850K .......... .......... .......... .......... .......... 69%  406K 14s
  8900K .......... .......... .......... .......... .......... 69%  425K 13s
  8950K .......... .......... .......... .......... .......... 69%  454K 13s
  9000K .......... .......... .......... .......... .......... 70%  314K 13s
  9050K .......... .......... .......... .......... .......... 70%  348K 13s
  9100K .......... .......... .......... .......... .......... 71%  160K 13s
  9150K .......... .......... .......... .......... .......... 71%  378K 13s
  9200K .......... .......... .......... .......... .......... 71%  157K 12s
  9250K .......... .......... .......... .......... .......... 72%  396K 12s
  9300K .......... .......... .......... .......... .......... 72%  430K 12s
  9350K .......... .......... .......... .......... .......... 72%  150K 12s
  9400K .......... .......... .......... .......... .......... 73%  405K 12s
  9450K .......... .......... .......... .......... .......... 73%  417K 12s
  9500K .......... .......... .......... .......... .......... 74%  369K 11s
  9550K .......... .......... .......... .......... .......... 74%  539K 11s
  9600K .......... .......... .......... .......... .......... 74%  355K 11s
  9650K .......... .......... .......... .......... .......... 75%  521K 11s
  9700K .......... .......... .......... .......... .......... 75%  427K 11s
  9750K .......... .......... .......... .......... .......... 76%  152K 11s
  9800K .......... .......... .......... .......... .......... 76%  371K 10s
  9850K .......... .......... .......... .......... .......... 76%  436K 10s
  9900K .......... .......... .......... .......... .......... 77%  463K 10s
  9950K .......... .......... .......... .......... .......... 77% 66.1K 10s
 10000K .......... .......... .......... .......... .......... 78%  363K 10s
 10050K .......... .......... .......... .......... .......... 78%  415K 10s
 10100K .......... .......... .......... .......... .......... 78%  148K 9s
 10150K .......... .......... .......... .......... .......... 79%  149K 9s
 10200K .......... .......... .......... .......... .......... 79%  522K 9s
 10250K .......... .......... .......... .......... .......... 79%  379K 9s
 10300K .......... .......... .......... .......... .......... 80%  150K 9s
 10350K .......... .......... .......... .......... .......... 80%  104K 9s
 10400K .......... .......... .......... .......... .......... 81%  206K 9s
 10450K .......... .......... .......... .......... .......... 81%  839K 8s
 10500K .......... .......... .......... .......... .......... 81%  417K 8s
 10550K .......... .......... .......... .......... .......... 82%  427K 8s
 10600K .......... .......... .......... .......... .......... 82% 97.4K 8s
 10650K .......... .......... .......... .......... .......... 83%  669K 8s
 10700K .......... .......... .......... .......... .......... 83%  148K 8s
 10750K .......... .......... .......... .......... .......... 83%  407K 7s
 10800K .......... .......... .......... .......... .......... 84%  387K 7s
 10850K .......... .......... .......... .......... .......... 84%  440K 7s
 10900K .......... .......... .......... .......... .......... 84%  105K 7s
 10950K .......... .......... .......... .......... .......... 85%  407K 7s
 11000K .......... .......... .......... .......... .......... 85%  521K 6s
 11050K .......... .......... .......... .......... .......... 86%  407K 6s
 11100K .......... .......... .......... .......... .......... 86%  489K 6s
 11150K .......... .......... .......... .......... .......... 86%  405K 6s
 11200K .......... .......... .......... .......... .......... 87%  479K 6s
 11250K .......... .......... .......... .......... .......... 87%  147K 6s
 11300K .......... .......... .......... .......... .......... 88%  406K 5s
 11350K .......... .......... .......... .......... .......... 88%  452K 5s
 11400K .......... .......... .......... .......... .......... 88%  388K 5s
 11450K .......... .......... .......... .......... .......... 89%  414K 5s
 11500K .......... .......... .......... .......... .......... 89%  417K 5s
 11550K .......... .......... .......... .......... .......... 90%  463K 4s
 11600K .......... .......... .......... .......... .......... 90%  378K 4s
 11650K .......... .......... .......... .......... .......... 90%  430K 4s
 11700K .......... .......... .......... .......... .......... 91%  369K 4s
 11750K .......... .......... .......... .......... .......... 91%  409K 4s
 11800K .......... .......... .......... .......... .......... 91%  427K 4s
 11850K .......... .......... .......... .......... .......... 92%  417K 3s
 11900K .......... .......... .......... .......... .......... 92%  416K 3s
 11950K .......... .......... .......... .......... .......... 93%  427K 3s
 12000K .......... .......... .......... .......... .......... 93%  417K 3s
 12050K .......... .......... .......... .......... .......... 93%  417K 3s
 12100K .......... .......... .......... .......... .......... 94%  397K 3s
 12150K .......... .......... .......... .......... .......... 94%  370K 2s
 12200K .......... .......... .......... .......... .......... 95%  416K 2s
 12250K .......... .......... .......... .......... .......... 95%  416K 2s
 12300K .......... .......... .......... .......... .......... 95%  491K 2s
 12350K .......... .......... .......... .......... .......... 96%  426K 2s
 12400K .......... .......... .......... .......... .......... 96%  451K 1s
 12450K .......... .......... .......... .......... .......... 97%  355K 1s
 12500K .......... .......... .......... .......... .......... 97%  492K 1s
 12550K .......... .......... .......... .......... .......... 97%  405K 1s
 12600K .......... .......... .......... .......... .......... 98%  430K 1s
 12650K .......... .......... .......... .......... .......... 98%  386K 1s
 12700K .......... .......... .......... .......... .......... 98%  148K 0s
 12750K .......... .......... .......... .......... .......... 99%  361K 0s
 12800K .......... .......... .......... .......... .......... 99%  476K 0s
 12850K .......... .......... .......... ....                 100%  407K=44s

2016-05-25 02:31:21 (293 KB/s) - ‘index.html.12’ saved [13193358/13193358]

