--2016-05-25 04:05:10--  http://10.30.50.93:8000/
Connecting to 10.30.50.93:8000... connected.
HTTP request sent, awaiting response... 200 OK
Length: 13193358 (13M) [text/html]
Saving to: ‘index.html.7’

     0K .......... .......... .......... .......... ..........  0% 5.81M 2s
    50K .......... .......... .......... .......... ..........  0% 3.73M 3s
   100K .......... .......... .......... .......... ..........  1% 3.23M 3s
   150K .......... .......... .......... .......... ..........  1% 3.09M 3s
   200K .......... .......... .......... .......... ..........  1% 1.76M 4s
   250K .......... .......... .......... .......... ..........  2% 1.92M 4s
   300K .......... .......... .......... .......... ..........  2% 1.37M 5s
   350K .......... .......... .......... .......... ..........  3% 1.24M 6s
   400K .......... .......... .......... .......... ..........  3% 2.15M 6s
   450K .......... .......... .......... .......... ..........  3% 2.06M 6s
   500K .......... .......... .......... .......... ..........  4% 1.29M 6s
   550K .......... .......... .......... .......... ..........  4% 1.06M 6s
   600K .......... .......... .......... .......... ..........  5% 1.35M 7s
   650K .......... .......... .......... .......... ..........  5% 1.02M 7s
   700K .......... .......... .......... .......... ..........  5% 1.23M 7s
   750K .......... .......... .......... .......... ..........  6% 1.70M 7s
   800K .......... .......... .......... .......... ..........  6% 1.98M 7s
   850K .......... .......... .......... .......... ..........  6% 2.00M 7s
   900K .......... .......... .......... .......... ..........  7% 1.66M 7s
   950K .......... .......... .......... .......... ..........  7% 1.06M 7s
  1000K .......... .......... .......... .......... ..........  8% 1.61M 7s
  1050K .......... .......... .......... .......... ..........  8% 1.27M 7s
  1100K .......... .......... .......... .......... ..........  8% 1.88M 7s
  1150K .......... .......... .......... .......... ..........  9% 2.11M 7s
  1200K .......... .......... .......... .......... ..........  9% 2.69M 7s
  1250K .......... .......... .......... .......... .......... 10% 2.48M 7s
  1300K .......... .......... .......... .......... .......... 10% 2.19M 7s
  1350K .......... .......... .......... .......... .......... 10% 2.81M 6s
  1400K .......... .......... .......... .......... .......... 11% 2.17M 6s
  1450K .......... .......... .......... .......... .......... 11% 4.04M 6s
  1500K .......... .......... .......... .......... .......... 12% 2.52M 6s
  1550K .......... .......... .......... .......... .......... 12% 1.59M 6s
  1600K .......... .......... .......... .......... .......... 12% 1.43M 6s
  1650K .......... .......... .......... .......... .......... 13%  218K 7s
  1700K .......... .......... .......... .......... .......... 13% 1.68M 7s
  1750K .......... .......... .......... .......... .......... 13% 1.67M 7s
  1800K .......... .......... .......... .......... .......... 14% 1.32M 7s
  1850K .......... .......... .......... .......... .......... 14% 2.34M 7s
  1900K .......... .......... .......... .......... .......... 15% 1.91M 7s
  1950K .......... .......... .......... .......... .......... 15% 1.82M 7s
  2000K .......... .......... .......... .......... .......... 15% 2.04M 7s
  2050K .......... .......... .......... .......... .......... 16% 1.26M 7s
  2100K .......... .......... .......... .......... .......... 16% 1.32M 7s
  2150K .......... .......... .......... .......... .......... 17% 1.17M 7s
  2200K .......... .......... .......... .......... .......... 17% 1.50M 7s
  2250K .......... .......... .......... .......... .......... 17% 1.28M 7s
  2300K .......... .......... .......... .......... .......... 18% 1.21M 7s
  2350K .......... .......... .......... .......... .......... 18% 1.30M 7s
  2400K .......... .......... .......... .......... .......... 19%  215K 8s
  2450K .......... .......... .......... .......... .......... 19% 1.43M 8s
  2500K .......... .......... .......... .......... .......... 19% 1.93M 8s
  2550K .......... .......... .......... .......... .......... 20%  217K 8s
  2600K .......... .......... .......... .......... .......... 20% 1.74M 8s
  2650K .......... .......... .......... .......... .......... 20% 1.17M 8s
  2700K .......... .......... .......... .......... .......... 21% 1.29M 8s
  2750K .......... .......... .......... .......... .......... 21% 1.20M 8s
  2800K .......... .......... .......... .......... .......... 22% 1.29M 8s
  2850K .......... .......... .......... .......... .......... 22% 1.84M 8s
  2900K .......... .......... .......... .......... .......... 22% 2.03M 8s
  2950K .......... .......... .......... .......... .......... 23% 1.41M 8s
  3000K .......... .......... .......... .......... .......... 23% 1.38M 8s
  3050K .......... .......... .......... .......... .......... 24% 1.99M 8s
  3100K .......... .......... .......... .......... .......... 24% 2.21M 8s
  3150K .......... .......... .......... .......... .......... 24% 1.94M 8s
  3200K .......... .......... .......... .......... .......... 25%  979K 8s
  3250K .......... .......... .......... .......... .......... 25% 1.18M 8s
  3300K .......... .......... .......... .......... .......... 26% 2.27M 7s
  3350K .......... .......... .......... .......... .......... 26% 2.48M 7s
  3400K .......... .......... .......... .......... .......... 26% 2.83M 7s
  3450K .......... .......... .......... .......... .......... 27% 3.06M 7s
  3500K .......... .......... .......... .......... .......... 27% 2.35M 7s
  3550K .......... .......... .......... .......... .......... 27% 3.16M 7s
  3600K .......... .......... .......... .......... .......... 28% 3.18M 7s
  3650K .......... .......... .......... .......... .......... 28% 3.01M 7s
  3700K .......... .......... .......... .......... .......... 29% 2.63M 7s
  3750K .......... .......... .......... .......... .......... 29% 1.37M 7s
  3800K .......... .......... .......... .......... .......... 29% 1.37M 7s
  3850K .......... .......... .......... .......... .......... 30% 1.94M 7s
  3900K .......... .......... .......... .......... .......... 30% 1.94M 6s
  3950K .......... .......... .......... .......... .......... 31% 2.21M 6s
  4000K .......... .......... .......... .......... .......... 31% 2.52M 6s
  4050K .......... .......... .......... .......... .......... 31% 2.47M 6s
  4100K .......... .......... .......... .......... .......... 32% 1.09M 6s
  4150K .......... .......... .......... .......... .......... 32% 1.30M 6s
  4200K .......... .......... .......... .......... .......... 32% 1.30M 6s
  4250K .......... .......... .......... .......... .......... 33% 1.41M 6s
  4300K .......... .......... .......... .......... .......... 33% 2.22M 6s
  4350K .......... .......... .......... .......... .......... 34% 1.84M 6s
  4400K .......... .......... .......... .......... .......... 34% 1.54M 6s
  4450K .......... .......... .......... .......... .......... 34% 2.07M 6s
  4500K .......... .......... .......... .......... .......... 35% 1.96M 6s
  4550K .......... .......... .......... .......... .......... 35% 2.55M 6s
  4600K .......... .......... .......... .......... .......... 36% 2.67M 6s
  4650K .......... .......... .......... .......... .......... 36% 2.09M 6s
  4700K .......... .......... .......... .......... .......... 36% 1.71M 6s
  4750K .......... .......... .......... .......... .......... 37% 1.10M 6s
  4800K .......... .......... .......... .......... .......... 37% 1.56M 6s
  4850K .......... .......... .......... .......... .......... 38% 1.21M 6s
  4900K .......... .......... .......... .......... .......... 38% 1.69M 6s
  4950K .......... .......... .......... .......... .......... 38% 1.55M 5s
  5000K .......... .......... .......... .......... .......... 39% 1.99M 5s
  5050K .......... .......... .......... .......... .......... 39% 2.04M 5s
  5100K .......... .......... .......... .......... .......... 39% 1.89M 5s
  5150K .......... .......... .......... .......... .......... 40% 2.32M 5s
  5200K .......... .......... .......... .......... .......... 40% 1.93M 5s
  5250K .......... .......... .......... .......... .......... 41% 2.61M 5s
  5300K .......... .......... .......... .......... .......... 41% 1.57M 5s
  5350K .......... .......... .......... .......... .......... 41% 1.40M 5s
  5400K .......... .......... .......... .......... .......... 42% 1.27M 5s
  5450K .......... .......... .......... .......... .......... 42% 1.23M 5s
  5500K .......... .......... .......... .......... .......... 43% 1.12M 5s
  5550K .......... .......... .......... .......... .......... 43% 1.16M 5s
  5600K .......... .......... .......... .......... .......... 43%  209K 5s
  5650K .......... .......... .......... .......... .......... 44%  206K 5s
  5700K .......... .......... .......... .......... .......... 44% 1.57M 5s
  5750K .......... .......... .......... .......... .......... 45% 1.15M 5s
  5800K .......... .......... .......... .......... .......... 45% 1.36M 5s
  5850K .......... .......... .......... .......... .......... 45% 1.59M 5s
  5900K .......... .......... .......... .......... .......... 46% 2.28M 5s
  5950K .......... .......... .......... .......... .......... 46% 1.87M 5s
  6000K .......... .......... .......... .......... .......... 46% 1.54M 5s
  6050K .......... .......... .......... .......... .......... 47% 3.38M 5s
  6100K .......... .......... .......... .......... .......... 47% 1.86M 5s
  6150K .......... .......... .......... .......... .......... 48% 1.27M 5s
  6200K .......... .......... .......... .......... .......... 48% 1.28M 5s
  6250K .......... .......... .......... .......... .......... 48% 1.43M 5s
  6300K .......... .......... .......... .......... .......... 49% 1.20M 5s
  6350K .......... .......... .......... .......... .......... 49% 1.06M 5s
  6400K .......... .......... .......... .......... .......... 50% 1.50M 5s
  6450K .......... .......... .......... .......... .......... 50%  951K 5s
  6500K .......... .......... .......... .......... .......... 50% 1.06M 5s
  6550K .......... .......... .......... .......... .......... 51% 1.23M 5s
  6600K .......... .......... .......... .......... .......... 51% 1.14M 5s
  6650K .......... .......... .......... .......... .......... 52% 1.24M 5s
  6700K .......... .......... .......... .......... .......... 52% 1.58M 5s
  6750K .......... .......... .......... .......... .......... 52% 1.20M 5s
  6800K .......... .......... .......... .......... .......... 53% 1.41M 5s
  6850K .......... .......... .......... .......... .......... 53% 1.27M 4s
  6900K .......... .......... .......... .......... .......... 53% 1.45M 4s
  6950K .......... .......... .......... .......... .......... 54% 2.54M 4s
  7000K .......... .......... .......... .......... .......... 54% 1.89M 4s
  7050K .......... .......... .......... .......... .......... 55% 1.88M 4s
  7100K .......... .......... .......... .......... .......... 55% 2.15M 4s
  7150K .......... .......... .......... .......... .......... 55% 2.34M 4s
  7200K .......... .......... .......... .......... .......... 56% 2.19M 4s
  7250K .......... .......... .......... .......... .......... 56% 3.82M 4s
  7300K .......... .......... .......... .......... .......... 57% 2.23M 4s
  7350K .......... .......... .......... .......... .......... 57% 1.17M 4s
  7400K .......... .......... .......... .......... .......... 57% 1.51M 4s
  7450K .......... .......... .......... .......... .......... 58% 1.59M 4s
  7500K .......... .......... .......... .......... .......... 58% 2.15M 4s
  7550K .......... .......... .......... .......... .......... 58% 2.93M 4s
  7600K .......... .......... .......... .......... .......... 59% 2.04M 4s
  7650K .......... .......... .......... .......... .......... 59% 2.57M 4s
  7700K .......... .......... .......... .......... .......... 60% 2.30M 4s
  7750K .......... .......... .......... .......... .......... 60% 3.21M 4s
  7800K .......... .......... .......... .......... .......... 60% 1.66M 4s
  7850K .......... .......... .......... .......... .......... 61% 2.29M 4s
  7900K .......... .......... .......... .......... .......... 61% 1.28M 4s
  7950K .......... .......... .......... .......... .......... 62% 1.25M 4s
  8000K .......... .......... .......... .......... .......... 62% 1.42M 3s
  8050K .......... .......... .......... .......... .......... 62% 1.53M 3s
  8100K .......... .......... .......... .......... .......... 63% 1.99M 3s
  8150K .......... .......... .......... .......... .......... 63% 1.93M 3s
  8200K .......... .......... .......... .......... .......... 64% 2.20M 3s
  8250K .......... .......... .......... .......... .......... 64% 1.56M 3s
  8300K .......... .......... .......... .......... .......... 64% 2.22M 3s
  8350K .......... .......... .......... .......... .......... 65% 1.70M 3s
  8400K .......... .......... .......... .......... .......... 65% 1.12M 3s
  8450K .......... .......... .......... .......... .......... 65% 1.34M 3s
  8500K .......... .......... .......... .......... .......... 66%  205K 3s
  8550K .......... .......... .......... .......... .......... 66%  979K 3s
  8600K .......... .......... .......... .......... .......... 67% 1.49M 3s
  8650K .......... .......... .......... .......... .......... 67% 1.40M 3s
  8700K .......... .......... .......... .......... .......... 67% 1.18M 3s
  8750K .......... .......... .......... .......... .......... 68% 1.42M 3s
  8800K .......... .......... .......... .......... .......... 68% 1.19M 3s
  8850K .......... .......... .......... .......... .......... 69% 1.99M 3s
  8900K .......... .......... .......... .......... .......... 69% 2.07M 3s
  8950K .......... .......... .......... .......... .......... 69% 2.03M 3s
  9000K .......... .......... .......... .......... .......... 70% 2.18M 3s
  9050K .......... .......... .......... .......... .......... 70% 1.36M 3s
  9100K .......... .......... .......... .......... .......... 71% 1.51M 3s
  9150K .......... .......... .......... .......... .......... 71% 2.50M 3s
  9200K .......... .......... .......... .......... .......... 71% 2.54M 3s
  9250K .......... .......... .......... .......... .......... 72% 2.79M 3s
  9300K .......... .......... .......... .......... .......... 72% 2.43M 3s
  9350K .......... .......... .......... .......... .......... 72% 2.77M 3s
  9400K .......... .......... .......... .......... .......... 73% 1.97M 2s
  9450K .......... .......... .......... .......... .......... 73% 2.70M 2s
  9500K .......... .......... .......... .......... .......... 74% 2.20M 2s
  9550K .......... .......... .......... .......... .......... 74% 2.88M 2s
  9600K .......... .......... .......... .......... .......... 74% 2.11M 2s
  9650K .......... .......... .......... .......... .......... 75% 2.97M 2s
  9700K .......... .......... .......... .......... .......... 75% 2.00M 2s
  9750K .......... .......... .......... .......... .......... 76% 1.24M 2s
  9800K .......... .......... .......... .......... .......... 76% 1.51M 2s
  9850K .......... .......... .......... .......... .......... 76% 1.10M 2s
  9900K .......... .......... .......... .......... .......... 77% 1.15M 2s
  9950K .......... .......... .......... .......... .......... 77% 1.48M 2s
 10000K .......... .......... .......... .......... .......... 78% 1.16M 2s
 10050K .......... .......... .......... .......... .......... 78% 1.39M 2s
 10100K .......... .......... .......... .......... .......... 78% 1.18M 2s
 10150K .......... .......... .......... .......... .......... 79% 1.25M 2s
 10200K .......... .......... .......... .......... .......... 79% 1.35M 2s
 10250K .......... .......... .......... .......... .......... 79% 1.06M 2s
 10300K .......... .......... .......... .......... .......... 80% 1.23M 2s
 10350K .......... .......... .......... .......... .......... 80% 1.32M 2s
 10400K .......... .......... .......... .......... .......... 81% 1.12M 2s
 10450K .......... .......... .......... .......... .......... 81% 1.40M 2s
 10500K .......... .......... .......... .......... .......... 81% 1.34M 2s
 10550K .......... .......... .......... .......... .......... 82% 1.51M 2s
 10600K .......... .......... .......... .......... .......... 82% 1.29M 2s
 10650K .......... .......... .......... .......... .......... 83% 1.21M 2s
 10700K .......... .......... .......... .......... .......... 83% 1.42M 2s
 10750K .......... .......... .......... .......... .......... 83% 1.86M 1s
 10800K .......... .......... .......... .......... .......... 84% 2.01M 1s
 10850K .......... .......... .......... .......... .......... 84% 1.90M 1s
 10900K .......... .......... .......... .......... .......... 84% 1.63M 1s
 10950K .......... .......... .......... .......... .......... 85% 1.35M 1s
 11000K .......... .......... .......... .......... .......... 85% 1.95M 1s
 11050K .......... .......... .......... .......... .......... 86% 2.33M 1s
 11100K .......... .......... .......... .......... .......... 86% 1.62M 1s
 11150K .......... .......... .......... .......... .......... 86% 1.41M 1s
 11200K .......... .......... .......... .......... .......... 87% 1.58M 1s
 11250K .......... .......... .......... .......... .......... 87% 1.14M 1s
 11300K .......... .......... .......... .......... .......... 88% 1.59M 1s
 11350K .......... .......... .......... .......... .......... 88% 1.99M 1s
 11400K .......... .......... .......... .......... .......... 88% 1.10M 1s
 11450K .......... .......... .......... .......... .......... 89% 1.41M 1s
 11500K .......... .......... .......... .......... .......... 89% 2.25M 1s
 11550K .......... .......... .......... .......... .......... 90% 2.41M 1s
 11600K .......... .......... .......... .......... .......... 90% 2.84M 1s
 11650K .......... .......... .......... .......... .......... 90% 2.63M 1s
 11700K .......... .......... .......... .......... .......... 91% 3.40M 1s
 11750K .......... .......... .......... .......... .......... 91% 2.81M 1s
 11800K .......... .......... .......... .......... .......... 91% 3.89M 1s
 11850K .......... .......... .......... .......... .......... 92% 1.86M 1s
 11900K .......... .......... .......... .......... .......... 92% 2.00M 1s
 11950K .......... .......... .......... .......... .......... 93% 1.98M 1s
 12000K .......... .......... .......... .......... .......... 93% 2.21M 1s
 12050K .......... .......... .......... .......... .......... 93% 2.92M 1s
 12100K .......... .......... .......... .......... .......... 94% 3.28M 1s
 12150K .......... .......... .......... .......... .......... 94% 2.48M 0s
 12200K .......... .......... .......... .......... .......... 95% 1.27M 0s
 12250K .......... .......... .......... .......... .......... 95% 1.49M 0s
 12300K .......... .......... .......... .......... .......... 95% 1.05M 0s
 12350K .......... .......... .......... .......... .......... 96% 1.32M 0s
 12400K .......... .......... .......... .......... .......... 96% 1.40M 0s
 12450K .......... .......... .......... .......... .......... 97% 2.19M 0s
 12500K .......... .......... .......... .......... .......... 97% 2.34M 0s
 12550K .......... .......... .......... .......... .......... 97% 1.21M 0s
 12600K .......... .......... .......... .......... .......... 98% 1.59M 0s
 12650K .......... .......... .......... .......... .......... 98% 1.72M 0s
 12700K .......... .......... .......... .......... .......... 98% 1.66M 0s
 12750K .......... .......... .......... .......... .......... 99% 1.30M 0s
 12800K .......... .......... .......... .......... .......... 99% 1.69M 0s
 12850K .......... .......... .......... ....                 100% 1.15M=8.9s

2016-05-25 04:05:18 (1.42 MB/s) - ‘index.html.7’ saved [13193358/13193358]

