--2016-05-25 03:55:09--  http://10.30.50.93:8000/
Connecting to 10.30.50.93:8000... connected.
HTTP request sent, awaiting response... 200 OK
Length: 13193358 (13M) [text/html]
Saving to: ‘index.html.15’

     0K .......... .......... .......... .......... ..........  0% 3.40M 4s
    50K .......... .......... .......... .......... ..........  0% 1.65M 6s
   100K .......... .......... .......... .......... ..........  1% 1.09M 8s
   150K .......... .......... .......... .......... ..........  1% 1013K 9s
   200K .......... .......... .......... .......... ..........  1%  973K 10s
   250K .......... .......... .......... .......... ..........  2%  209K 18s
   300K .......... .......... .......... .......... ..........  2%  727K 18s
   350K .......... .......... .......... .......... ..........  3%  204K 23s
   400K .......... .......... .......... .......... ..........  3% 1.22M 22s
   450K .......... .......... .......... .......... ..........  3% 1.02M 21s
   500K .......... .......... .......... .......... ..........  4% 58.3K 38s
   550K .......... .......... .......... .......... ..........  4% 75.7K 48s
   600K .......... .......... .......... .......... ..........  5%  714K 46s
   650K .......... .......... .......... .......... ..........  5% 1.15M 43s
   700K .......... .......... .......... .......... ..........  5% 1.02M 41s
   750K .......... .......... .......... .......... ..........  6% 1.21M 39s
   800K .......... .......... .......... .......... ..........  6%  112K 42s
   850K .......... .......... .......... .......... ..........  6% 1.08M 41s
   900K .......... .......... .......... .......... ..........  7% 1.18M 39s
   950K .......... .......... .......... .......... ..........  7%  110K 42s
  1000K .......... .......... .......... .......... ..........  8%  748K 41s
  1050K .......... .......... .......... .......... ..........  8% 1.34M 39s
  1100K .......... .......... .......... .......... ..........  8% 1.34M 38s
  1150K .......... .......... .......... .......... ..........  9% 30.2K 52s
  1200K .......... .......... .......... .......... ..........  9% 6.18M 50s
  1250K .......... .......... .......... .......... .......... 10% 78.6K 53s
  1300K .......... .......... .......... .......... .......... 10%  215K 53s
  1350K .......... .......... .......... .......... .......... 10% 1.08M 51s
  1400K .......... .......... .......... .......... .......... 11%  105K 53s
  1450K .......... .......... .......... .......... .......... 11% 58.6K 58s
  1500K .......... .......... .......... .......... .......... 12% 1.39M 56s
  1550K .......... .......... .......... .......... .......... 12% 1.20M 54s
  1600K .......... .......... .......... .......... .......... 12% 1.44M 52s
  1650K .......... .......... .......... .......... .......... 13% 75.8K 55s
  1700K .......... .......... .......... .......... .......... 13%  210K 55s
  1750K .......... .......... .......... .......... .......... 13%  208K 54s
  1800K .......... .......... .......... .......... .......... 14% 1.16M 53s
  1850K .......... .......... .......... .......... .......... 14%  982K 52s
  1900K .......... .......... .......... .......... .......... 15%  108K 53s
  1950K .......... .......... .......... .......... .......... 15%  207K 52s
  2000K .......... .......... .......... .......... .......... 15% 1.23M 51s
  2050K .......... .......... .......... .......... .......... 16% 59.3K 54s
  2100K .......... .......... .......... .......... .......... 16% 1.28M 53s
  2150K .......... .......... .......... .......... .......... 17% 1.26M 51s
  2200K .......... .......... .......... .......... .......... 17% 74.4K 53s
  2250K .......... .......... .......... .......... .......... 17%  174K 53s
  2300K .......... .......... .......... .......... .......... 18% 1.63M 52s
  2350K .......... .......... .......... .......... .......... 18% 39.7K 56s
  2400K .......... .......... .......... .......... .......... 19% 1.03M 55s
  2450K .......... .......... .......... .......... .......... 19% 1.50M 54s
  2500K .......... .......... .......... .......... .......... 19%  736K 53s
  2550K .......... .......... .......... .......... .......... 20%  213K 52s
  2600K .......... .......... .......... .......... .......... 20%  962K 51s
  2650K .......... .......... .......... .......... .......... 20% 76.3K 53s
  2700K .......... .......... .......... .......... .......... 21% 1.18M 51s
  2750K .......... .......... .......... .......... .......... 21%  191K 51s
  2800K .......... .......... .......... .......... .......... 22% 73.1K 53s
  2850K .......... .......... .......... .......... .......... 22% 1.01M 52s
  2900K .......... .......... .......... .......... .......... 22%  115K 52s
  2950K .......... .......... .......... .......... .......... 23% 1.58M 51s
  3000K .......... .......... .......... .......... .......... 23% 1.39M 50s
  3050K .......... .......... .......... .......... .......... 24% 1.15M 49s
  3100K .......... .......... .......... .......... .......... 24% 59.0K 51s
  3150K .......... .......... .......... .......... .......... 24% 1.71M 50s
  3200K .......... .......... .......... .......... .......... 25% 1.33M 49s
  3250K .......... .......... .......... .......... .......... 25% 1.06M 48s
  3300K .......... .......... .......... .......... .......... 26%  205K 48s
  3350K .......... .......... .......... .......... .......... 26%  993K 47s
  3400K .......... .......... .......... .......... .......... 26%  210K 46s
  3450K .......... .......... .......... .......... .......... 27% 1.02M 46s
  3500K .......... .......... .......... .......... .......... 27%  201K 45s
  3550K .......... .......... .......... .......... .......... 27% 1.56M 45s
  3600K .......... .......... .......... .......... .......... 28% 1.04M 44s
  3650K .......... .......... .......... .......... .......... 28%  203K 44s
  3700K .......... .......... .......... .......... .......... 29%  207K 44s
  3750K .......... .......... .......... .......... .......... 29% 1.22M 43s
  3800K .......... .......... .......... .......... .......... 29% 2.25M 42s
  3850K .......... .......... .......... .......... .......... 30% 1.71M 41s
  3900K .......... .......... .......... .......... .......... 30% 1.05M 41s
  3950K .......... .......... .......... .......... .......... 31% 1.14M 40s
  4000K .......... .......... .......... .......... .......... 31%  202K 40s
  4050K .......... .......... .......... .......... .......... 31% 1.14M 39s
  4100K .......... .......... .......... .......... .......... 32% 1.07M 39s
  4150K .......... .......... .......... .......... .......... 32% 1.13M 38s
  4200K .......... .......... .......... .......... .......... 32% 1.33M 37s
  4250K .......... .......... .......... .......... .......... 33% 1.47M 37s
  4300K .......... .......... .......... .......... .......... 33%  189K 37s
  4350K .......... .......... .......... .......... .......... 34% 1.01M 36s
  4400K .......... .......... .......... .......... .......... 34% 39.7K 38s
  4450K .......... .......... .......... .......... .......... 34% 1.18M 37s
  4500K .......... .......... .......... .......... .......... 35% 1.23M 37s
  4550K .......... .......... .......... .......... .......... 35%  979K 36s
  4600K .......... .......... .......... .......... .......... 36% 1.05M 36s
  4650K .......... .......... .......... .......... .......... 36% 1.21M 35s
  4700K .......... .......... .......... .......... .......... 36% 1.06M 35s
  4750K .......... .......... .......... .......... .......... 37%  207K 35s
  4800K .......... .......... .......... .......... .......... 37% 1.13M 34s
  4850K .......... .......... .......... .......... .......... 38% 1.14M 34s
  4900K .......... .......... .......... .......... .......... 38% 1.12M 33s
  4950K .......... .......... .......... .......... .......... 38% 1.43M 33s
  5000K .......... .......... .......... .......... .......... 39% 2.02M 32s
  5050K .......... .......... .......... .......... .......... 39% 1.93M 32s
  5100K .......... .......... .......... .......... .......... 39% 1.76M 31s
  5150K .......... .......... .......... .......... .......... 40%  213K 31s
  5200K .......... .......... .......... .......... .......... 40% 1.59M 31s
  5250K .......... .......... .......... .......... .......... 41% 1.49M 30s
  5300K .......... .......... .......... .......... .......... 41% 2.07M 30s
  5350K .......... .......... .......... .......... .......... 41% 1.59M 29s
  5400K .......... .......... .......... .......... .......... 42%  200K 29s
  5450K .......... .......... .......... .......... .......... 42%  191K 29s
  5500K .......... .......... .......... .......... .......... 43% 1.30M 29s
  5550K .......... .......... .......... .......... .......... 43%  961K 28s
  5600K .......... .......... .......... .......... .......... 43% 1.05M 28s
  5650K .......... .......... .......... .......... .......... 44%  109K 28s
  5700K .......... .......... .......... .......... .......... 44% 1.66M 28s
  5750K .......... .......... .......... .......... .......... 45% 1.11M 27s
  5800K .......... .......... .......... .......... .......... 45% 78.1K 28s
  5850K .......... .......... .......... .......... .......... 45% 4.53M 27s
  5900K .......... .......... .......... .......... .......... 46%  196K 27s
  5950K .......... .......... .......... .......... .......... 46% 1.09M 27s
  6000K .......... .......... .......... .......... .......... 46%  194K 27s
  6050K .......... .......... .......... .......... .......... 47% 1019K 26s
  6100K .......... .......... .......... .......... .......... 47% 1.06M 26s
  6150K .......... .......... .......... .......... .......... 48%  963K 26s
  6200K .......... .......... .......... .......... .......... 48%  204K 25s
  6250K .......... .......... .......... .......... .......... 48% 57.7K 26s
  6300K .......... .......... .......... .......... .......... 49% 76.6K 26s
  6350K .......... .......... .......... .......... .......... 49%  200K 26s
  6400K .......... .......... .......... .......... .......... 50% 1.76M 26s
  6450K .......... .......... .......... .......... .......... 50%  108K 26s
  6500K .......... .......... .......... .......... .......... 50% 1.13M 25s
  6550K .......... .......... .......... .......... .......... 51%  821K 25s
  6600K .......... .......... .......... .......... .......... 51%  701K 25s
  6650K .......... .......... .......... .......... .......... 52% 1.07M 24s
  6700K .......... .......... .......... .......... .......... 52%  202K 24s
  6750K .......... .......... .......... .......... .......... 52%  207K 24s
  6800K .......... .......... .......... .......... .......... 53% 1.67M 24s
  6850K .......... .......... .......... .......... .......... 53% 1.41M 23s
  6900K .......... .......... .......... .......... .......... 53%  211K 23s
  6950K .......... .......... .......... .......... .......... 54% 1.11M 23s
  7000K .......... .......... .......... .......... .......... 54% 1.56M 23s
  7050K .......... .......... .......... .......... .......... 55%  926K 22s
  7100K .......... .......... .......... .......... .......... 55%  199K 22s
  7150K .......... .......... .......... .......... .......... 55% 1.17M 22s
  7200K .......... .......... .......... .......... .......... 56% 74.4K 22s
  7250K .......... .......... .......... .......... .......... 56%  191K 22s
  7300K .......... .......... .......... .......... .......... 57%  991K 22s
  7350K .......... .......... .......... .......... .......... 57%  190K 21s
  7400K .......... .......... .......... .......... .......... 57% 1.45M 21s
  7450K .......... .......... .......... .......... .......... 58%  202K 21s
  7500K .......... .......... .......... .......... .......... 58%  106K 21s
  7550K .......... .......... .......... .......... .......... 58% 1.40M 21s
  7600K .......... .......... .......... .......... .......... 59%  973K 20s
  7650K .......... .......... .......... .......... .......... 59% 29.8K 21s
  7700K .......... .......... .......... .......... .......... 60% 1.14M 21s
  7750K .......... .......... .......... .......... .......... 60% 1.38M 21s
  7800K .......... .......... .......... .......... .......... 60% 1.14M 20s
  7850K .......... .......... .......... .......... .......... 61%  214K 20s
  7900K .......... .......... .......... .......... .......... 61%  813K 20s
  7950K .......... .......... .......... .......... .......... 62% 1.13M 19s
  8000K .......... .......... .......... .......... .......... 62% 1000K 19s
  8050K .......... .......... .......... .......... .......... 62% 1.29M 19s
  8100K .......... .......... .......... .......... .......... 63% 1.18M 19s
  8150K .......... .......... .......... .......... .......... 63%  858K 18s
  8200K .......... .......... .......... .......... .......... 64% 76.2K 18s
  8250K .......... .......... .......... .......... .......... 64% 1.27M 18s
  8300K .......... .......... .......... .......... .......... 64%  693K 18s
  8350K .......... .......... .......... .......... .......... 65% 1.86M 18s
  8400K .......... .......... .......... .......... .......... 65%  201K 17s
  8450K .......... .......... .......... .......... .......... 65%  206K 17s
  8500K .......... .......... .......... .......... .......... 66%  203K 17s
  8550K .......... .......... .......... .......... .......... 66%  112K 17s
  8600K .......... .......... .......... .......... .......... 67% 76.0K 17s
  8650K .......... .......... .......... .......... .......... 67%  110K 17s
  8700K .......... .......... .......... .......... .......... 67% 1.42M 17s
  8750K .......... .......... .......... .......... .......... 68%  202K 16s
  8800K .......... .......... .......... .......... .......... 68%  205K 16s
  8850K .......... .......... .......... .......... .......... 69% 78.1K 16s
  8900K .......... .......... .......... .......... .......... 69% 1.19M 16s
  8950K .......... .......... .......... .......... .......... 69% 1.29M 16s
  9000K .......... .......... .......... .......... .......... 70%  187K 16s
  9050K .......... .......... .......... .......... .......... 70%  208K 15s
  9100K .......... .......... .......... .......... .......... 71% 1.50M 15s
  9150K .......... .......... .......... .......... .......... 71% 1.43M 15s
  9200K .......... .......... .......... .......... .......... 71%  973K 15s
  9250K .......... .......... .......... .......... .......... 72% 29.9K 15s
  9300K .......... .......... .......... .......... .......... 72%  113K 15s
  9350K .......... .......... .......... .......... .......... 72% 34.0K 15s
  9400K .......... .......... .......... .......... .......... 73% 1.28M 15s
  9450K .......... .......... .......... .......... .......... 73% 1.06M 14s
  9500K .......... .......... .......... .......... .......... 74%  205K 14s
  9550K .......... .......... .......... .......... .......... 74% 1.06M 14s
  9600K .......... .......... .......... .......... .......... 74% 1019K 14s
  9650K .......... .......... .......... .......... .......... 75%  916K 13s
  9700K .......... .......... .......... .......... .......... 75% 1.29M 13s
  9750K .......... .......... .......... .......... .......... 76%  946K 13s
  9800K .......... .......... .......... .......... .......... 76%  827K 13s
  9850K .......... .......... .......... .......... .......... 76% 1.04M 12s
  9900K .......... .......... .......... .......... .......... 77% 1.17M 12s
  9950K .......... .......... .......... .......... .......... 77%  190K 12s
 10000K .......... .......... .......... .......... .......... 78%  202K 12s
 10050K .......... .......... .......... .......... .......... 78% 74.2K 12s
 10100K .......... .......... .......... .......... .......... 78%  207K 12s
 10150K .......... .......... .......... .......... .......... 79%  875K 11s
 10200K .......... .......... .......... .......... .......... 79%  109K 11s
 10250K .......... .......... .......... .......... .......... 79% 24.2K 11s
 10300K .......... .......... .......... .......... .......... 80% 17.6M 11s
 10350K .......... .......... .......... .......... .......... 80% 1.18M 11s
 10400K .......... .......... .......... .......... .......... 81%  210K 11s
 10450K .......... .......... .......... .......... .......... 81% 1.02M 10s
 10500K .......... .......... .......... .......... .......... 81%  991K 10s
 10550K .......... .......... .......... .......... .......... 82%  191K 10s
 10600K .......... .......... .......... .......... .......... 82%  206K 10s
 10650K .......... .......... .......... .......... .......... 83%  110K 10s
 10700K .......... .......... .......... .......... .......... 83%  204K 9s
 10750K .......... .......... .......... .......... .......... 83% 1.17M 9s
 10800K .......... .......... .......... .......... .......... 84% 1.14M 9s
 10850K .......... .......... .......... .......... .......... 84% 1.09M 9s
 10900K .......... .......... .......... .......... .......... 84% 1.31M 8s
 10950K .......... .......... .......... .......... .......... 85%  206K 8s
 11000K .......... .......... .......... .......... .......... 85% 1.27M 8s
 11050K .......... .......... .......... .......... .......... 86%  788K 8s
 11100K .......... .......... .......... .......... .......... 86% 1.00M 7s
 11150K .......... .......... .......... .......... .......... 86% 39.2K 7s
 11200K .......... .......... .......... .......... .......... 87% 1.20M 7s
 11250K .......... .......... .......... .......... .......... 87% 1.15M 7s
 11300K .......... .......... .......... .......... .......... 88%  908K 7s
 11350K .......... .......... .......... .......... .......... 88% 1.18M 6s
 11400K .......... .......... .......... .......... .......... 88% 76.5K 6s
 11450K .......... .......... .......... .......... .......... 89% 1010K 6s
 11500K .......... .......... .......... .......... .......... 89% 1004K 6s
 11550K .......... .......... .......... .......... .......... 90%  921K 6s
 11600K .......... .......... .......... .......... .......... 90%  212K 5s
 11650K .......... .......... .......... .......... .......... 90% 39.8K 5s
 11700K .......... .......... .......... .......... .......... 91%  204K 5s
 11750K .......... .......... .......... .......... .......... 91%  875K 5s
 11800K .......... .......... .......... .......... .......... 91% 1.15M 5s
 11850K .......... .......... .......... .......... .......... 92%  104K 4s
 11900K .......... .......... .......... .......... .......... 92%  108K 4s
 11950K .......... .......... .......... .......... .......... 93% 1.36M 4s
 12000K .......... .......... .......... .......... .......... 93%  954K 4s
 12050K .......... .......... .......... .......... .......... 93% 1.13M 3s
 12100K .......... .......... .......... .......... .......... 94%  206K 3s
 12150K .......... .......... .......... .......... .......... 94% 1.21M 3s
 12200K .......... .......... .......... .......... .......... 95%  199K 3s
 12250K .......... .......... .......... .......... .......... 95% 59.0K 3s
 12300K .......... .......... .......... .......... .......... 95% 1.25M 2s
 12350K .......... .......... .......... .......... .......... 96%  114K 2s
 12400K .......... .......... .......... .......... .......... 96% 1.27M 2s
 12450K .......... .......... .......... .......... .......... 97%  197K 2s
 12500K .......... .......... .......... .......... .......... 97% 1.33M 1s
 12550K .......... .......... .......... .......... .......... 97% 1.20M 1s
 12600K .......... .......... .......... .......... .......... 98%  205K 1s
 12650K .......... .......... .......... .......... .......... 98%  205K 1s
 12700K .......... .......... .......... .......... .......... 98% 76.6K 1s
 12750K .......... .......... .......... .......... .......... 99%  199K 0s
 12800K .......... .......... .......... .......... .......... 99%  207K 0s
 12850K .......... .......... .......... ....                 100% 79.4K=57s

2016-05-25 03:56:06 (226 KB/s) - ‘index.html.15’ saved [13193358/13193358]

