--2016-05-25 02:56:40--  http://10.30.50.93:8000/
Connecting to 10.30.50.93:8000... connected.
HTTP request sent, awaiting response... 200 OK
Length: 13193358 (13M) [text/html]
Saving to: ‘index.html.8’

     0K .......... .......... .......... .......... ..........  0%  532K 24s
    50K .......... .......... .......... .......... ..........  0%  495K 25s
   100K .......... .......... .......... .......... ..........  1%  631K 23s
   150K .......... .......... .......... .......... ..........  1%  484K 24s
   200K .......... .......... .......... .......... ..........  1%  696K 23s
   250K .......... .......... .......... .......... ..........  2%  523K 23s
   300K .......... .......... .......... .......... ..........  2%  579K 23s
   350K .......... .......... .......... .......... ..........  3%  163K 29s
   400K .......... .......... .......... .......... ..........  3%  568K 28s
   450K .......... .......... .......... .......... ..........  3%  576K 28s
   500K .......... .......... .......... .......... ..........  4%  560K 27s
   550K .......... .......... .......... .......... ..........  4%  597K 26s
   600K .......... .......... .......... .......... ..........  5%  566K 26s
   650K .......... .......... .......... .......... ..........  5%  519K 26s
   700K .......... .......... .......... .......... ..........  5%  498K 25s
   750K .......... .......... .......... .......... ..........  6%  669K 25s
   800K .......... .......... .......... .......... ..........  6%  516K 25s
   850K .......... .......... .......... .......... ..........  6%  585K 24s
   900K .......... .......... .......... .......... ..........  7%  593K 24s
   950K .......... .......... .......... .......... ..........  7%  553K 24s
  1000K .......... .......... .......... .......... ..........  8%  560K 24s
  1050K .......... .......... .......... .......... ..........  8%  550K 23s
  1100K .......... .......... .......... .......... ..........  8%  450K 23s
  1150K .......... .......... .......... .......... ..........  9%  655K 23s
  1200K .......... .......... .......... .......... ..........  9%  562K 23s
  1250K .......... .......... .......... .......... .......... 10%  576K 23s
  1300K .......... .......... .......... .......... .......... 10%  539K 23s
  1350K .......... .......... .......... .......... .......... 10%  610K 22s
  1400K .......... .......... .......... .......... .......... 11%  580K 22s
  1450K .......... .......... .......... .......... .......... 11%  561K 22s
  1500K .......... .......... .......... .......... .......... 12%  564K 22s
  1550K .......... .......... .......... .......... .......... 12%  482K 22s
  1600K .......... .......... .......... .......... .......... 12%  640K 22s
  1650K .......... .......... .......... .......... .......... 13%  450K 22s
  1700K .......... .......... .......... .......... .......... 13%  568K 21s
  1750K .......... .......... .......... .......... .......... 13%  478K 21s
  1800K .......... .......... .......... .......... .......... 14%  549K 21s
  1850K .......... .......... .......... .......... .......... 14%  582K 21s
  1900K .......... .......... .......... .......... .......... 15%  522K 21s
  1950K .......... .......... .......... .......... .......... 15%  596K 21s
  2000K .......... .......... .......... .......... .......... 15%  461K 21s
  2050K .......... .......... .......... .......... .......... 16%  652K 21s
  2100K .......... .......... .......... .......... .......... 16%  596K 20s
  2150K .......... .......... .......... .......... .......... 17%  533K 20s
  2200K .......... .......... .......... .......... .......... 17%  484K 20s
  2250K .......... .......... .......... .......... .......... 17%  578K 20s
  2300K .......... .......... .......... .......... .......... 18%  574K 20s
  2350K .......... .......... .......... .......... .......... 18%  521K 20s
  2400K .......... .......... .......... .......... .......... 19%  601K 20s
  2450K .......... .......... .......... .......... .......... 19%  546K 20s
  2500K .......... .......... .......... .......... .......... 19%  585K 20s
  2550K .......... .......... .......... .......... .......... 20%  482K 19s
  2600K .......... .......... .......... .......... .......... 20%  670K 19s
  2650K .......... .......... .......... .......... .......... 20%  519K 19s
  2700K .......... .......... .......... .......... .......... 21%  512K 19s
  2750K .......... .......... .......... .......... .......... 21%  631K 19s
  2800K .......... .......... .......... .......... .......... 22%  597K 19s
  2850K .......... .......... .......... .......... .......... 22%  576K 19s
  2900K .......... .......... .......... .......... .......... 22%  534K 19s
  2950K .......... .......... .......... .......... .......... 23%  446K 19s
  3000K .......... .......... .......... .......... .......... 23%  594K 18s
  3050K .......... .......... .......... .......... .......... 24%  629K 18s
  3100K .......... .......... .......... .......... .......... 24%  462K 18s
  3150K .......... .......... .......... .......... .......... 24%  630K 18s
  3200K .......... .......... .......... .......... .......... 25%  596K 18s
  3250K .......... .......... .......... .......... .......... 25%  538K 18s
  3300K .......... .......... .......... .......... .......... 26%  468K 18s
  3350K .......... .......... .......... .......... .......... 26%  624K 18s
  3400K .......... .......... .......... .......... .......... 26%  161K 18s
  3450K .......... .......... .......... .......... .......... 27%  424K 18s
  3500K .......... .......... .......... .......... .......... 27%  572K 18s
  3550K .......... .......... .......... .......... .......... 27%  503K 18s
  3600K .......... .......... .......... .......... .......... 28%  558K 18s
  3650K .......... .......... .......... .......... .......... 28%  582K 18s
  3700K .......... .......... .......... .......... .......... 29%  555K 18s
  3750K .......... .......... .......... .......... .......... 29%  571K 18s
  3800K .......... .......... .......... .......... .......... 29%  523K 17s
  3850K .......... .......... .......... .......... .......... 30%  564K 17s
  3900K .......... .......... .......... .......... .......... 30%  463K 17s
  3950K .......... .......... .......... .......... .......... 31%  617K 17s
  4000K .......... .......... .......... .......... .......... 31%  578K 17s
  4050K .......... .......... .......... .......... .......... 31%  574K 17s
  4100K .......... .......... .......... .......... .......... 32%  495K 17s
  4150K .......... .......... .......... .......... .......... 32%  484K 17s
  4200K .......... .......... .......... .......... .......... 32%  623K 17s
  4250K .......... .......... .......... .......... .......... 33%  422K 17s
  4300K .......... .......... .......... .......... .......... 33%  841K 16s
  4350K .......... .......... .......... .......... .......... 34%  519K 16s
  4400K .......... .......... .......... .......... .......... 34%  562K 16s
  4450K .......... .......... .......... .......... .......... 34%  538K 16s
  4500K .......... .......... .......... .......... .......... 35%  573K 16s
  4550K .......... .......... .......... .......... .......... 35%  509K 16s
  4600K .......... .......... .......... .......... .......... 36%  576K 16s
  4650K .......... .......... .......... .......... .......... 36%  435K 16s
  4700K .......... .......... .......... .......... .......... 36%  720K 16s
  4750K .......... .......... .......... .......... .......... 37%  474K 15s
  4800K .......... .......... .......... .......... .......... 37%  531K 15s
  4850K .......... .......... .......... .......... .......... 38%  478K 15s
  4900K .......... .......... .......... .......... .......... 38%  648K 15s
  4950K .......... .......... .......... .......... .......... 38%  523K 15s
  5000K .......... .......... .......... .......... .......... 39%  491K 15s
  5050K .......... .......... .......... .......... .......... 39%  596K 15s
  5100K .......... .......... .......... .......... .......... 39%  522K 15s
  5150K .......... .......... .......... .......... .......... 40%  678K 15s
  5200K .......... .......... .......... .......... .......... 40%  518K 15s
  5250K .......... .......... .......... .......... .......... 41%  521K 14s
  5300K .......... .......... .......... .......... .......... 41%  520K 14s
  5350K .......... .......... .......... .......... .......... 41%  494K 14s
  5400K .......... .......... .......... .......... .......... 42%  582K 14s
  5450K .......... .......... .......... .......... .......... 42%  497K 14s
  5500K .......... .......... .......... .......... .......... 43%  663K 14s
  5550K .......... .......... .......... .......... .......... 43%  411K 14s
  5600K .......... .......... .......... .......... .......... 43%  581K 14s
  5650K .......... .......... .......... .......... .......... 44%  472K 14s
  5700K .......... .......... .......... .......... .......... 44%  593K 14s
  5750K .......... .......... .......... .......... .......... 45%  597K 13s
  5800K .......... .......... .......... .......... .......... 45%  520K 13s
  5850K .......... .......... .......... .......... .......... 45%  532K 13s
  5900K .......... .......... .......... .......... .......... 46%  617K 13s
  5950K .......... .......... .......... .......... .......... 46%  466K 13s
  6000K .......... .......... .......... .......... .......... 46%  502K 13s
  6050K .......... .......... .......... .......... .......... 47%  656K 13s
  6100K .......... .......... .......... .......... .......... 47%  474K 13s
  6150K .......... .......... .......... .......... .......... 48%  695K 13s
  6200K .......... .......... .......... .......... .......... 48%  530K 13s
  6250K .......... .......... .......... .......... .......... 48%  585K 12s
  6300K .......... .......... .......... .......... .......... 49%  581K 12s
  6350K .......... .......... .......... .......... .......... 49%  479K 12s
  6400K .......... .......... .......... .......... .......... 50%  435K 12s
  6450K .......... .......... .......... .......... .......... 50%  675K 12s
  6500K .......... .......... .......... .......... .......... 50%  553K 12s
  6550K .......... .......... .......... .......... .......... 51%  531K 12s
  6600K .......... .......... .......... .......... .......... 51%  580K 12s
  6650K .......... .......... .......... .......... .......... 52%  481K 12s
  6700K .......... .......... .......... .......... .......... 52%  585K 12s
  6750K .......... .......... .......... .......... .......... 52%  550K 12s
  6800K .......... .......... .......... .......... .......... 53%  481K 11s
  6850K .......... .......... .......... .......... .......... 53%  694K 11s
  6900K .......... .......... .......... .......... .......... 53%  450K 11s
  6950K .......... .......... .......... .......... .......... 54%  633K 11s
  7000K .......... .......... .......... .......... .......... 54%  567K 11s
  7050K .......... .......... .......... .......... .......... 55%  518K 11s
  7100K .......... .......... .......... .......... .......... 55%  524K 11s
  7150K .......... .......... .......... .......... .......... 55%  546K 11s
  7200K .......... .......... .......... .......... .......... 56%  596K 11s
  7250K .......... .......... .......... .......... .......... 56%  551K 11s
  7300K .......... .......... .......... .......... .......... 57%  165K 11s
  7350K .......... .......... .......... .......... .......... 57%  595K 11s
  7400K .......... .......... .......... .......... .......... 57%  579K 10s
  7450K .......... .......... .......... .......... .......... 58%  525K 10s
  7500K .......... .......... .......... .......... .......... 58%  547K 10s
  7550K .......... .......... .......... .......... .......... 58%  487K 10s
  7600K .......... .......... .......... .......... .......... 59%  493K 10s
  7650K .......... .......... .......... .......... .......... 59%  171K 10s
  7700K .......... .......... .......... .......... .......... 60%  496K 10s
  7750K .......... .......... .......... .......... .......... 60%  632K 10s
  7800K .......... .......... .......... .......... .......... 60%  531K 10s
  7850K .......... .......... .......... .......... .......... 61%  582K 10s
  7900K .......... .......... .......... .......... .......... 61%  552K 10s
  7950K .......... .......... .......... .......... .......... 62%  521K 9s
  8000K .......... .......... .......... .......... .......... 62%  557K 9s
  8050K .......... .......... .......... .......... .......... 62%  454K 9s
  8100K .......... .......... .......... .......... .......... 63%  508K 9s
  8150K .......... .......... .......... .......... .......... 63%  580K 9s
  8200K .......... .......... .......... .......... .......... 64%  531K 9s
  8250K .......... .......... .......... .......... .......... 64%  510K 9s
  8300K .......... .......... .......... .......... .......... 64%  636K 9s
  8350K .......... .......... .......... .......... .......... 65%  540K 9s
  8400K .......... .......... .......... .......... .......... 65%  511K 9s
  8450K .......... .......... .......... .......... .......... 65%  534K 8s
  8500K .......... .......... .......... .......... .......... 66%  484K 8s
  8550K .......... .......... .......... .......... .......... 66%  628K 8s
  8600K .......... .......... .......... .......... .......... 67%  512K 8s
  8650K .......... .......... .......... .......... .......... 67%  614K 8s
  8700K .......... .......... .......... .......... .......... 67%  485K 8s
  8750K .......... .......... .......... .......... .......... 68%  632K 8s
  8800K .......... .......... .......... .......... .......... 68%  572K 8s
  8850K .......... .......... .......... .......... .......... 69%  552K 8s
  8900K .......... .......... .......... .......... .......... 69%  493K 8s
  8950K .......... .......... .......... .......... .......... 69%  618K 7s
  9000K .......... .......... .......... .......... .......... 70%  495K 7s
  9050K .......... .......... .......... .......... .......... 70%  523K 7s
  9100K .......... .......... .......... .......... .......... 71%  595K 7s
  9150K .......... .......... .......... .......... .......... 71%  564K 7s
  9200K .......... .......... .......... .......... .......... 71%  558K 7s
  9250K .......... .......... .......... .......... .......... 72%  593K 7s
  9300K .......... .......... .......... .......... .......... 72%  481K 7s
  9350K .......... .......... .......... .......... .......... 72%  558K 7s
  9400K .......... .......... .......... .......... .......... 73%  574K 7s
  9450K .......... .......... .......... .......... .......... 73%  488K 7s
  9500K .......... .......... .......... .......... .......... 74%  547K 6s
  9550K .......... .......... .......... .......... .......... 74%  652K 6s
  9600K .......... .......... .......... .......... .......... 74%  563K 6s
  9650K .......... .......... .......... .......... .......... 75%  588K 6s
  9700K .......... .......... .......... .......... .......... 75%  490K 6s
  9750K .......... .......... .......... .......... .......... 76%  549K 6s
  9800K .......... .......... .......... .......... .......... 76%  576K 6s
  9850K .......... .......... .......... .......... .......... 76%  480K 6s
  9900K .......... .......... .......... .......... .......... 77%  601K 6s
  9950K .......... .......... .......... .......... .......... 77%  463K 6s
 10000K .......... .......... .......... .......... .......... 78%  507K 5s
 10050K .......... .......... .......... .......... .......... 78%  562K 5s
 10100K .......... .......... .......... .......... .......... 78%  537K 5s
 10150K .......... .......... .......... .......... .......... 79%  520K 5s
 10200K .......... .......... .......... .......... .......... 79%  451K 5s
 10250K .......... .......... .......... .......... .......... 79%  701K 5s
 10300K .......... .......... .......... .......... .......... 80%  580K 5s
 10350K .......... .......... .......... .......... .......... 80%  529K 5s
 10400K .......... .......... .......... .......... .......... 81%  551K 5s
 10450K .......... .......... .......... .......... .......... 81%  560K 5s
 10500K .......... .......... .......... .......... .......... 81%  597K 4s
 10550K .......... .......... .......... .......... .......... 82%  552K 4s
 10600K .......... .......... .......... .......... .......... 82%  561K 4s
 10650K .......... .......... .......... .......... .......... 83%  520K 4s
 10700K .......... .......... .......... .......... .......... 83%  563K 4s
 10750K .......... .......... .......... .......... .......... 83%  500K 4s
 10800K .......... .......... .......... .......... .......... 84%  473K 4s
 10850K .......... .......... .......... .......... .......... 84%  580K 4s
 10900K .......... .......... .......... .......... .......... 84%  570K 4s
 10950K .......... .......... .......... .......... .......... 85%  489K 4s
 11000K .......... .......... .......... .......... .......... 85%  674K 4s
 11050K .......... .......... .......... .......... .......... 86%  424K 3s
 11100K .......... .......... .......... .......... .......... 86%  609K 3s
 11150K .......... .......... .......... .......... .......... 86%  550K 3s
 11200K .......... .......... .......... .......... .......... 87%  560K 3s
 11250K .......... .......... .......... .......... .......... 87%  567K 3s
 11300K .......... .......... .......... .......... .......... 88%  495K 3s
 11350K .......... .......... .......... .......... .......... 88%  638K 3s
 11400K .......... .......... .......... .......... .......... 88%  478K 3s
 11450K .......... .......... .......... .......... .......... 89%  697K 3s
 11500K .......... .......... .......... .......... .......... 89%  462K 3s
 11550K .......... .......... .......... .......... .......... 90%  692K 2s
 11600K .......... .......... .......... .......... .......... 90%  595K 2s
 11650K .......... .......... .......... .......... .......... 90%  520K 2s
 11700K .......... .......... .......... .......... .......... 91%  521K 2s
 11750K .......... .......... .......... .......... .......... 91%  501K 2s
 11800K .......... .......... .......... .......... .......... 91%  545K 2s
 11850K .......... .......... .......... .......... .......... 92%  547K 2s
 11900K .......... .......... .......... .......... .......... 92%  594K 2s
 11950K .......... .......... .......... .......... .......... 93%  479K 2s
 12000K .......... .......... .......... .......... .......... 93%  529K 2s
 12050K .......... .......... .......... .......... .......... 93%  521K 1s
 12100K .......... .......... .......... .......... .......... 94%  582K 1s
 12150K .......... .......... .......... .......... .......... 94%  523K 1s
 12200K .......... .......... .......... .......... .......... 95%  571K 1s
 12250K .......... .......... .......... .......... .......... 95%  538K 1s
 12300K .......... .......... .......... .......... .......... 95%  497K 1s
 12350K .......... .......... .......... .......... .......... 96%  564K 1s
 12400K .......... .......... .......... .......... .......... 96%  484K 1s
 12450K .......... .......... .......... .......... .......... 97%  549K 1s
 12500K .......... .......... .......... .......... .......... 97%  575K 1s
 12550K .......... .......... .......... .......... .......... 97%  579K 1s
 12600K .......... .......... .......... .......... .......... 98%  530K 0s
 12650K .......... .......... .......... .......... .......... 98%  555K 0s
 12700K .......... .......... .......... .......... .......... 98%  632K 0s
 12750K .......... .......... .......... .......... .......... 99%  522K 0s
 12800K .......... .......... .......... .......... .......... 99%  573K 0s
 12850K .......... .......... .......... ....                 100%  546K=24s

2016-05-25 02:57:04 (526 KB/s) - ‘index.html.8’ saved [13193358/13193358]

