--2016-05-25 03:52:02--  http://10.30.50.93:8000/
Connecting to 10.30.50.93:8000... connected.
HTTP request sent, awaiting response... 200 OK
Length: 13193358 (13M) [text/html]
Saving to: ‘index.html.9’

     0K .......... .......... .......... .......... ..........  0% 3.45M 4s
    50K .......... .......... .......... .......... ..........  0% 1.32M 7s
   100K .......... .......... .......... .......... ..........  1% 1.52M 7s
   150K .......... .......... .......... .......... ..........  1% 1.46M 7s
   200K .......... .......... .......... .......... ..........  1% 1.13M 8s
   250K .......... .......... .......... .......... ..........  2%  205K 17s
   300K .......... .......... .......... .......... ..........  2% 1.70M 15s
   350K .......... .......... .......... .......... ..........  3% 1.58M 14s
   400K .......... .......... .......... .......... ..........  3% 1.40M 14s
   450K .......... .......... .......... .......... ..........  3% 1.47M 13s
   500K .......... .......... .......... .......... ..........  4% 1.06M 13s
   550K .......... .......... .......... .......... ..........  4% 2.08M 12s
   600K .......... .......... .......... .......... ..........  5% 2.04M 12s
   650K .......... .......... .......... .......... ..........  5% 1.91M 11s
   700K .......... .......... .......... .......... ..........  5%  205K 14s
   750K .......... .......... .......... .......... ..........  6% 1.22M 14s
   800K .......... .......... .......... .......... ..........  6% 1.07M 14s
   850K .......... .......... .......... .......... ..........  6% 1.51M 13s
   900K .......... .......... .......... .......... ..........  7% 1.02M 13s
   950K .......... .......... .......... .......... ..........  7% 1.37M 13s
  1000K .......... .......... .......... .......... ..........  8% 1.25M 13s
  1050K .......... .......... .......... .......... ..........  8% 1.33M 13s
  1100K .......... .......... .......... .......... ..........  8%  982K 12s
  1150K .......... .......... .......... .......... ..........  9% 1.06M 12s
  1200K .......... .......... .......... .......... ..........  9% 1.31M 12s
  1250K .......... .......... .......... .......... .......... 10%  205K 14s
  1300K .......... .......... .......... .......... .......... 10% 1.52M 14s
  1350K .......... .......... .......... .......... .......... 10% 1.42M 13s
  1400K .......... .......... .......... .......... .......... 11% 1.18M 13s
  1450K .......... .......... .......... .......... .......... 11% 2.25M 13s
  1500K .......... .......... .......... .......... .......... 12% 2.06M 12s
  1550K .......... .......... .......... .......... .......... 12% 1.56M 12s
  1600K .......... .......... .......... .......... .......... 12% 1.49M 12s
  1650K .......... .......... .......... .......... .......... 13% 2.05M 12s
  1700K .......... .......... .......... .......... .......... 13% 3.03M 12s
  1750K .......... .......... .......... .......... .......... 13% 1.81M 11s
  1800K .......... .......... .......... .......... .......... 14% 2.53M 11s
  1850K .......... .......... .......... .......... .......... 14% 2.66M 11s
  1900K .......... .......... .......... .......... .......... 15% 2.60M 11s
  1950K .......... .......... .......... .......... .......... 15% 2.65M 10s
  2000K .......... .......... .......... .......... .......... 15% 2.39M 10s
  2050K .......... .......... .......... .......... .......... 16% 1.82M 10s
  2100K .......... .......... .......... .......... .......... 16% 1.32M 10s
  2150K .......... .......... .......... .......... .......... 17%  209K 11s
  2200K .......... .......... .......... .......... .......... 17% 1.08M 11s
  2250K .......... .......... .......... .......... .......... 17% 1.51M 11s
  2300K .......... .......... .......... .......... .......... 18%  199K 11s
  2350K .......... .......... .......... .......... .......... 18% 1.15M 11s
  2400K .......... .......... .......... .......... .......... 19% 1.29M 11s
  2450K .......... .......... .......... .......... .......... 19% 2.12M 11s
  2500K .......... .......... .......... .......... .......... 19% 2.11M 11s
  2550K .......... .......... .......... .......... .......... 20% 1.35M 11s
  2600K .......... .......... .......... .......... .......... 20% 2.27M 11s
  2650K .......... .......... .......... .......... .......... 20% 1.83M 10s
  2700K .......... .......... .......... .......... .......... 21% 1.36M 10s
  2750K .......... .......... .......... .......... .......... 21% 1.06M 10s
  2800K .......... .......... .......... .......... .......... 22% 1.07M 10s
  2850K .......... .......... .......... .......... .......... 22% 1.10M 10s
  2900K .......... .......... .......... .......... .......... 22%  206K 11s
  2950K .......... .......... .......... .......... .......... 23% 1.21M 11s
  3000K .......... .......... .......... .......... .......... 23% 1.46M 11s
  3050K .......... .......... .......... .......... .......... 24% 1.84M 10s
  3100K .......... .......... .......... .......... .......... 24% 1.34M 10s
  3150K .......... .......... .......... .......... .......... 24% 2.55M 10s
  3200K .......... .......... .......... .......... .......... 25% 2.15M 10s
  3250K .......... .......... .......... .......... .......... 25% 1.42M 10s
  3300K .......... .......... .......... .......... .......... 26% 1.28M 10s
  3350K .......... .......... .......... .......... .......... 26% 1.74M 10s
  3400K .......... .......... .......... .......... .......... 26% 1.41M 10s
  3450K .......... .......... .......... .......... .......... 27% 2.06M 9s
  3500K .......... .......... .......... .......... .......... 27% 2.17M 9s
  3550K .......... .......... .......... .......... .......... 27% 2.31M 9s
  3600K .......... .......... .......... .......... .......... 28% 1.86M 9s
  3650K .......... .......... .......... .......... .......... 28% 1.03M 9s
  3700K .......... .......... .......... .......... .......... 29% 1.16M 9s
  3750K .......... .......... .......... .......... .......... 29% 1.01M 9s
  3800K .......... .......... .......... .......... .......... 29% 1.48M 9s
  3850K .......... .......... .......... .......... .......... 30%  648K 9s
  3900K .......... .......... .......... .......... .......... 30%  206K 9s
  3950K .......... .......... .......... .......... .......... 31% 1.44M 9s
  4000K .......... .......... .......... .......... .......... 31% 1.38M 9s
  4050K .......... .......... .......... .......... .......... 31% 1.26M 9s
  4100K .......... .......... .......... .......... .......... 32% 1.08M 9s
  4150K .......... .......... .......... .......... .......... 32%  992K 9s
  4200K .......... .......... .......... .......... .......... 32%  112K 10s
  4250K .......... .......... .......... .......... .......... 33% 2.02M 10s
  4300K .......... .......... .......... .......... .......... 33% 2.28M 9s
  4350K .......... .......... .......... .......... .......... 34% 1.39M 9s
  4400K .......... .......... .......... .......... .......... 34% 1.45M 9s
  4450K .......... .......... .......... .......... .......... 34% 1.57M 9s
  4500K .......... .......... .......... .......... .......... 35%  204K 9s
  4550K .......... .......... .......... .......... .......... 35% 1.72M 9s
  4600K .......... .......... .......... .......... .......... 36% 1.56M 9s
  4650K .......... .......... .......... .......... .......... 36% 1.42M 9s
  4700K .......... .......... .......... .......... .......... 36% 1.51M 9s
  4750K .......... .......... .......... .......... .......... 37% 1.07M 9s
  4800K .......... .......... .......... .......... .......... 37% 1.16M 9s
  4850K .......... .......... .......... .......... .......... 38% 1.45M 9s
  4900K .......... .......... .......... .......... .......... 38% 1.03M 9s
  4950K .......... .......... .......... .......... .......... 38% 1.74M 9s
  5000K .......... .......... .......... .......... .......... 39% 1.98M 8s
  5050K .......... .......... .......... .......... .......... 39% 2.21M 8s
  5100K .......... .......... .......... .......... .......... 39% 2.06M 8s
  5150K .......... .......... .......... .......... .......... 40% 1.70M 8s
  5200K .......... .......... .......... .......... .......... 40% 2.04M 8s
  5250K .......... .......... .......... .......... .......... 41% 2.25M 8s
  5300K .......... .......... .......... .......... .......... 41% 2.34M 8s
  5350K .......... .......... .......... .......... .......... 41% 1.56M 8s
  5400K .......... .......... .......... .......... .......... 42% 1.25M 8s
  5450K .......... .......... .......... .......... .......... 42% 1.46M 8s
  5500K .......... .......... .......... .......... .......... 43% 1.05M 8s
  5550K .......... .......... .......... .......... .......... 43% 1.27M 8s
  5600K .......... .......... .......... .......... .......... 43% 1.12M 7s
  5650K .......... .......... .......... .......... .......... 44% 1.30M 7s
  5700K .......... .......... .......... .......... .......... 44% 1.36M 7s
  5750K .......... .......... .......... .......... .......... 45% 1.81M 7s
  5800K .......... .......... .......... .......... .......... 45% 1.12M 7s
  5850K .......... .......... .......... .......... .......... 45% 1.20M 7s
  5900K .......... .......... .......... .......... .......... 46% 1.04M 7s
  5950K .......... .......... .......... .......... .......... 46% 1.24M 7s
  6000K .......... .......... .......... .......... .......... 46% 1.07M 7s
  6050K .......... .......... .......... .......... .......... 47% 1.15M 7s
  6100K .......... .......... .......... .......... .......... 47% 1.39M 7s
  6150K .......... .......... .......... .......... .......... 48% 1.25M 7s
  6200K .......... .......... .......... .......... .......... 48% 2.77M 7s
  6250K .......... .......... .......... .......... .......... 48% 1.63M 7s
  6300K .......... .......... .......... .......... .......... 49% 1.49M 7s
  6350K .......... .......... .......... .......... .......... 49% 1.44M 6s
  6400K .......... .......... .......... .......... .......... 50% 2.12M 6s
  6450K .......... .......... .......... .......... .......... 50% 2.70M 6s
  6500K .......... .......... .......... .......... .......... 50% 2.42M 6s
  6550K .......... .......... .......... .......... .......... 51% 2.04M 6s
  6600K .......... .......... .......... .......... .......... 51% 1.31M 6s
  6650K .......... .......... .......... .......... .......... 52%  905K 6s
  6700K .......... .......... .......... .......... .......... 52% 1.47M 6s
  6750K .......... .......... .......... .......... .......... 52% 1.03M 6s
  6800K .......... .......... .......... .......... .......... 53% 1.15M 6s
  6850K .......... .......... .......... .......... .......... 53% 1.20M 6s
  6900K .......... .......... .......... .......... .......... 53%  215K 6s
  6950K .......... .......... .......... .......... .......... 54% 1018K 6s
  7000K .......... .......... .......... .......... .......... 54% 1.44M 6s
  7050K .......... .......... .......... .......... .......... 55% 1.36M 6s
  7100K .......... .......... .......... .......... .......... 55% 1.28M 6s
  7150K .......... .......... .......... .......... .......... 55% 1.17M 6s
  7200K .......... .......... .......... .......... .......... 56% 1008K 6s
  7250K .......... .......... .......... .......... .......... 56% 1.40M 6s
  7300K .......... .......... .......... .......... .......... 57% 76.0K 6s
  7350K .......... .......... .......... .......... .......... 57% 1.16M 6s
  7400K .......... .......... .......... .......... .......... 57% 1.94M 6s
  7450K .......... .......... .......... .......... .......... 58% 1.28M 6s
  7500K .......... .......... .......... .......... .......... 58% 1.17M 6s
  7550K .......... .......... .......... .......... .......... 58% 1.63M 6s
  7600K .......... .......... .......... .......... .......... 59% 1.26M 6s
  7650K .......... .......... .......... .......... .......... 59% 1.03M 6s
  7700K .......... .......... .......... .......... .......... 60% 1.23M 5s
  7750K .......... .......... .......... .......... .......... 60% 1.12M 5s
  7800K .......... .......... .......... .......... .......... 60%  210K 5s
  7850K .......... .......... .......... .......... .......... 61% 1.68M 5s
  7900K .......... .......... .......... .......... .......... 61% 1.29M 5s
  7950K .......... .......... .......... .......... .......... 62% 1.38M 5s
  8000K .......... .......... .......... .......... .......... 62% 1.20M 5s
  8050K .......... .......... .......... .......... .......... 62% 1.93M 5s
  8100K .......... .......... .......... .......... .......... 63% 1.76M 5s
  8150K .......... .......... .......... .......... .......... 63% 1.51M 5s
  8200K .......... .......... .......... .......... .......... 64% 1.15M 5s
  8250K .......... .......... .......... .......... .......... 64% 2.02M 5s
  8300K .......... .......... .......... .......... .......... 64% 2.56M 5s
  8350K .......... .......... .......... .......... .......... 65% 1.72M 5s
  8400K .......... .......... .......... .......... .......... 65% 1.66M 5s
  8450K .......... .......... .......... .......... .......... 65% 1.18M 5s
  8500K .......... .......... .......... .......... .......... 66% 1.06M 5s
  8550K .......... .......... .......... .......... .......... 66% 1.47M 4s
  8600K .......... .......... .......... .......... .......... 67% 1.01M 4s
  8650K .......... .......... .......... .......... .......... 67% 77.2K 5s
  8700K .......... .......... .......... .......... .......... 67% 2.01M 5s
  8750K .......... .......... .......... .......... .......... 68% 1.33M 5s
  8800K .......... .......... .......... .......... .......... 68% 1.04M 4s
  8850K .......... .......... .......... .......... .......... 69%  985K 4s
  8900K .......... .......... .......... .......... .......... 69% 1.14M 4s
  8950K .......... .......... .......... .......... .......... 69% 1.18M 4s
  9000K .......... .......... .......... .......... .......... 70% 1.10M 4s
  9050K .......... .......... .......... .......... .......... 70% 1.11M 4s
  9100K .......... .......... .......... .......... .......... 71% 1.26M 4s
  9150K .......... .......... .......... .......... .......... 71% 1.15M 4s
  9200K .......... .......... .......... .......... .......... 71% 1.07M 4s
  9250K .......... .......... .......... .......... .......... 72%  114K 4s
  9300K .......... .......... .......... .......... .......... 72%  687K 4s
  9350K .......... .......... .......... .......... .......... 72% 1.97M 4s
  9400K .......... .......... .......... .......... .......... 73% 1.84M 4s
  9450K .......... .......... .......... .......... .......... 73% 1.66M 4s
  9500K .......... .......... .......... .......... .......... 74% 1.39M 4s
  9550K .......... .......... .......... .......... .......... 74% 1.41M 4s
  9600K .......... .......... .......... .......... .......... 74% 1.09M 4s
  9650K .......... .......... .......... .......... .......... 75% 1.32M 4s
  9700K .......... .......... .......... .......... .......... 75% 1.29M 4s
  9750K .......... .......... .......... .......... .......... 76%  886K 3s
  9800K .......... .......... .......... .......... .......... 76% 1.11M 3s
  9850K .......... .......... .......... .......... .......... 76% 1.11M 3s
  9900K .......... .......... .......... .......... .......... 77% 1.24M 3s
  9950K .......... .......... .......... .......... .......... 77% 57.7K 3s
 10000K .......... .......... .......... .......... .......... 78% 1.36M 3s
 10050K .......... .......... .......... .......... .......... 78%  208K 3s
 10100K .......... .......... .......... .......... .......... 78% 1.78M 3s
 10150K .......... .......... .......... .......... .......... 79%  203K 3s
 10200K .......... .......... .......... .......... .......... 79% 1.10M 3s
 10250K .......... .......... .......... .......... .......... 79%  995K 3s
 10300K .......... .......... .......... .......... .......... 80% 1.37M 3s
 10350K .......... .......... .......... .......... .......... 80% 1.07M 3s
 10400K .......... .......... .......... .......... .......... 81% 1.30M 3s
 10450K .......... .......... .......... .......... .......... 81% 1.15M 3s
 10500K .......... .......... .......... .......... .......... 81% 1.04M 3s
 10550K .......... .......... .......... .......... .......... 82% 1.43M 3s
 10600K .......... .......... .......... .......... .......... 82% 1.26M 3s
 10650K .......... .......... .......... .......... .......... 83% 1.30M 3s
 10700K .......... .......... .......... .......... .......... 83%  209K 3s
 10750K .......... .......... .......... .......... .......... 83% 1.36M 3s
 10800K .......... .......... .......... .......... .......... 84% 1.04M 2s
 10850K .......... .......... .......... .......... .......... 84% 1.36M 2s
 10900K .......... .......... .......... .......... .......... 84%  197K 2s
 10950K .......... .......... .......... .......... .......... 85% 1.22M 2s
 11000K .......... .......... .......... .......... .......... 85% 1.47M 2s
 11050K .......... .......... .......... .......... .......... 86% 1.58M 2s
 11100K .......... .......... .......... .......... .......... 86% 1.26M 2s
 11150K .......... .......... .......... .......... .......... 86% 1.35M 2s
 11200K .......... .......... .......... .......... .......... 87% 1.02M 2s
 11250K .......... .......... .......... .......... .......... 87% 1.29M 2s
 11300K .......... .......... .......... .......... .......... 88% 1.44M 2s
 11350K .......... .......... .......... .......... .......... 88% 1.11M 2s
 11400K .......... .......... .......... .......... .......... 88% 1.19M 2s
 11450K .......... .......... .......... .......... .......... 89% 1.21M 2s
 11500K .......... .......... .......... .......... .......... 89% 1.31M 2s
 11550K .......... .......... .......... .......... .......... 90% 1.30M 2s
 11600K .......... .......... .......... .......... .......... 90% 1.16M 1s
 11650K .......... .......... .......... .......... .......... 90% 1.26M 1s
 11700K .......... .......... .......... .......... .......... 91% 1.22M 1s
 11750K .......... .......... .......... .......... .......... 91% 1.01M 1s
 11800K .......... .......... .......... .......... .......... 91% 1.08M 1s
 11850K .......... .......... .......... .......... .......... 92% 1022K 1s
 11900K .......... .......... .......... .......... .......... 92% 1.40M 1s
 11950K .......... .......... .......... .......... .......... 93% 1.02M 1s
 12000K .......... .......... .......... .......... .......... 93% 1.17M 1s
 12050K .......... .......... .......... .......... .......... 93% 1.15M 1s
 12100K .......... .......... .......... .......... .......... 94% 1.33M 1s
 12150K .......... .......... .......... .......... .......... 94%  202K 1s
 12200K .......... .......... .......... .......... .......... 95%  208K 1s
 12250K .......... .......... .......... .......... .......... 95% 1.59M 1s
 12300K .......... .......... .......... .......... .......... 95% 2.22M 1s
 12350K .......... .......... .......... .......... .......... 96% 2.13M 1s
 12400K .......... .......... .......... .......... .......... 96% 2.20M 1s
 12450K .......... .......... .......... .......... .......... 97% 1.82M 0s
 12500K .......... .......... .......... .......... .......... 97% 1.40M 0s
 12550K .......... .......... .......... .......... .......... 97% 1.36M 0s
 12600K .......... .......... .......... .......... .......... 98% 1.29M 0s
 12650K .......... .......... .......... .......... .......... 98%  206K 0s
 12700K .......... .......... .......... .......... .......... 98% 1.21M 0s
 12750K .......... .......... .......... .......... .......... 99% 1.06M 0s
 12800K .......... .......... .......... .......... .......... 99% 1.19M 0s
 12850K .......... .......... .......... ....                 100% 1.21M=16s

2016-05-25 03:52:18 (824 KB/s) - ‘index.html.9’ saved [13193358/13193358]

