--2016-05-25 02:39:54--  http://10.30.50.93:8000/
Connecting to 10.30.50.93:8000... connected.
HTTP request sent, awaiting response... 200 OK
Length: 13193358 (13M) [text/html]
Saving to: ‘index.html.19’

     0K .......... .......... .......... .......... ..........  0%  453K 28s
    50K .......... .......... .......... .......... ..........  0% 92.0K 84s
   100K .......... .......... .......... .......... ..........  1%  160K 82s
   150K .......... .......... .......... .......... ..........  1% 96.3K 94s
   200K .......... .......... .......... .......... ..........  1% 84.7K 1m45s
   250K .......... .......... .......... .......... ..........  2%  150K 1m41s
   300K .......... .......... .......... .......... ..........  2%  339K 92s
   350K .......... .......... .......... .......... ..........  3% 66.7K 1m43s
   400K .......... .......... .......... .......... ..........  3% 12.2K 3m25s
   450K .......... .......... .......... .......... ..........  3%  398K 3m7s
   500K .......... .......... .......... .......... ..........  4% 32.3K 3m24s
   550K .......... .......... .......... .......... ..........  4%  179K 3m12s
   600K .......... .......... .......... .......... ..........  5% 30.7K 3m27s
   650K .......... .......... .......... .......... ..........  5% 91.4K 3m21s
   700K .......... .......... .......... .......... ..........  5%  381K 3m9s
   750K .......... .......... .......... .......... ..........  6%  292K 2m59s
   800K .......... .......... .......... .......... ..........  6% 95.8K 2m55s
   850K .......... .......... .......... .......... ..........  6% 29.3K 3m7s
   900K .......... .......... .......... .......... ..........  7%  450K 2m58s
   950K .......... .......... .......... .......... ..........  7%  146K 2m53s
  1000K .......... .......... .......... .......... ..........  8%  320K 2m45s
  1050K .......... .......... .......... .......... ..........  8% 30.8K 2m55s
  1100K .......... .......... .......... .......... ..........  8%  150K 2m50s
  1150K .......... .......... .......... .......... ..........  9% 89.7K 2m47s
  1200K .......... .......... .......... .......... ..........  9% 91.5K 2m45s
  1250K .......... .......... .......... .......... .......... 10%  298K 2m40s
  1300K .......... .......... .......... .......... .......... 10%  427K 2m34s
  1350K .......... .......... .......... .......... .......... 10%  333K 2m29s
  1400K .......... .......... .......... .......... .......... 11% 41.5K 2m33s
  1450K .......... .......... .......... .......... .......... 11% 25.2K 2m42s
  1500K .......... .......... .......... .......... .......... 12%  449K 2m37s
  1550K .......... .......... .......... .......... .......... 12% 87.8K 2m35s
  1600K .......... .......... .......... .......... .......... 12%  144K 2m32s
  1650K .......... .......... .......... .......... .......... 13%  146K 2m30s
  1700K .......... .......... .......... .......... .......... 13%  139K 2m27s
  1750K .......... .......... .......... .......... .......... 13% 55.6K 2m28s
  1800K .......... .......... .......... .......... .......... 14%  145K 2m25s
  1850K .......... .......... .......... .......... .......... 14%  406K 2m21s
  1900K .......... .......... .......... .......... .......... 15%  339K 2m18s
  1950K .......... .......... .......... .......... .......... 15%  144K 2m16s
  2000K .......... .......... .......... .......... .......... 15%  362K 2m13s
  2050K .......... .......... .......... .......... .......... 16%  147K 2m11s
  2100K .......... .......... .......... .......... .......... 16%  141K 2m9s
  2150K .......... .......... .......... .......... .......... 17%  158K 2m7s
  2200K .......... .......... .......... .......... .......... 17% 90.3K 2m6s
  2250K .......... .......... .......... .......... .......... 17% 53.5K 2m7s
  2300K .......... .......... .......... .......... .......... 18% 66.2K 2m7s
  2350K .......... .......... .......... .......... .......... 18% 51.6K 2m8s
  2400K .......... .......... .......... .......... .......... 19%  147K 2m6s
  2450K .......... .......... .......... .......... .......... 19%  277K 2m4s
  2500K .......... .......... .......... .......... .......... 19%  143K 2m2s
  2550K .......... .......... .......... .......... .......... 20% 27.7K 2m7s
  2600K .......... .......... .......... .......... .......... 20% 27.8K 2m11s
  2650K .......... .......... .......... .......... .......... 20%  153K 2m9s
  2700K .......... .......... .......... .......... .......... 21%  406K 2m6s
  2750K .......... .......... .......... .......... .......... 21% 91.6K 2m5s
  2800K .......... .......... .......... .......... .......... 22% 1.16M 2m3s
  2850K .......... .......... .......... .......... .......... 22%  354K 2m0s
  2900K .......... .......... .......... .......... .......... 22%  153K 1m59s
  2950K .......... .......... .......... .......... .......... 23%  409K 1m57s
  3000K .......... .......... .......... .......... .......... 23% 99.8K 1m56s
  3050K .......... .......... .......... .......... .......... 24% 90.0K 1m55s
  3100K .......... .......... .......... .......... .......... 24% 36.6K 1m57s
  3150K .......... .......... .......... .......... .......... 24%  373K 1m55s
  3200K .......... .......... .......... .......... .......... 25%  388K 1m53s
  3250K .......... .......... .......... .......... .......... 25% 34.5K 1m55s
  3300K .......... .......... .......... .......... .......... 26%  308K 1m53s
  3350K .......... .......... .......... .......... .......... 26% 93.1K 1m52s
  3400K .......... .......... .......... .......... .......... 26% 92.0K 1m52s
  3450K .......... .......... .......... .......... .......... 27% 65.9K 1m51s
  3500K .......... .......... .......... .......... .......... 27%  395K 1m50s
  3550K .......... .......... .......... .......... .......... 27% 31.5K 1m52s
  3600K .......... .......... .......... .......... .......... 28% 52.4K 1m52s
  3650K .......... .......... .......... .......... .......... 28% 94.3K 1m51s
  3700K .......... .......... .......... .......... .......... 29% 31.9K 1m53s
  3750K .......... .......... .......... .......... .......... 29% 71.2K 1m52s
  3800K .......... .......... .......... .......... .......... 29% 86.8K 1m52s
  3850K .......... .......... .......... .......... .......... 30% 44.1K 1m52s
  3900K .......... .......... .......... .......... .......... 30%  389K 1m51s
  3950K .......... .......... .......... .......... .......... 31% 85.4K 1m50s
  4000K .......... .......... .......... .......... .......... 31%  154K 1m49s
  4050K .......... .......... .......... .......... .......... 31% 89.5K 1m48s
  4100K .......... .......... .......... .......... .......... 32% 94.3K 1m47s
  4150K .......... .......... .......... .......... .......... 32%  314K 1m45s
  4200K .......... .......... .......... .......... .......... 32%  105K 1m45s
  4250K .......... .......... .......... .......... .......... 33% 66.7K 1m44s
  4300K .......... .......... .......... .......... .......... 33% 51.3K 1m44s
  4350K .......... .......... .......... .......... .......... 34% 51.6K 1m44s
  4400K .......... .......... .......... .......... .......... 34%  320K 1m43s
  4450K .......... .......... .......... .......... .......... 34% 52.3K 1m43s
  4500K .......... .......... .......... .......... .......... 35% 85.8K 1m42s
  4550K .......... .......... .......... .......... .......... 35% 65.1K 1m42s
  4600K .......... .......... .......... .......... .......... 36%  418K 1m41s
  4650K .......... .......... .......... .......... .......... 36%  139K 99s
  4700K .......... .......... .......... .......... .......... 36%  319K 98s
  4750K .......... .......... .......... .......... .......... 37%  372K 97s
  4800K .......... .......... .......... .......... .......... 37%  387K 95s
  4850K .......... .......... .......... .......... .......... 38%  416K 94s
  4900K .......... .......... .......... .......... .......... 38%  363K 93s
  4950K .......... .......... .......... .......... .......... 38% 64.3K 92s
  5000K .......... .......... .......... .......... .......... 39% 31.9K 93s
  5050K .......... .......... .......... .......... .......... 39%  140K 92s
  5100K .......... .......... .......... .......... .......... 39% 91.6K 92s
  5150K .......... .......... .......... .......... .......... 40% 89.6K 91s
  5200K .......... .......... .......... .......... .......... 40%  364K 90s
  5250K .......... .......... .......... .......... .......... 41% 89.1K 89s
  5300K .......... .......... .......... .......... .......... 41% 44.8K 89s
  5350K .......... .......... .......... .......... .......... 41%  203K 88s
  5400K .......... .......... .......... .......... .......... 42%  141K 87s
  5450K .......... .......... .......... .......... .......... 42%  505K 86s
  5500K .......... .......... .......... .......... .......... 43%  354K 85s
  5550K .......... .......... .......... .......... .......... 43% 92.7K 84s
  5600K .......... .......... .......... .......... .......... 43% 91.6K 84s
  5650K .......... .......... .......... .......... .......... 44%  407K 83s
  5700K .......... .......... .......... .......... .......... 44%  354K 81s
  5750K .......... .......... .......... .......... .......... 45% 93.6K 81s
  5800K .......... .......... .......... .......... .......... 45%  426K 80s
  5850K .......... .......... .......... .......... .......... 45% 66.4K 79s
  5900K .......... .......... .......... .......... .......... 46%  152K 78s
  5950K .......... .......... .......... .......... .......... 46% 89.6K 78s
  6000K .......... .......... .......... .......... .......... 46% 53.4K 78s
  6050K .......... .......... .......... .......... .......... 47% 51.5K 78s
  6100K .......... .......... .......... .......... .......... 47%  149K 77s
  6150K .......... .......... .......... .......... .......... 48%  341K 76s
  6200K .......... .......... .......... .......... .......... 48%  327K 75s
  6250K .......... .......... .......... .......... .......... 48%  349K 74s
  6300K .......... .......... .......... .......... .......... 49%  144K 73s
  6350K .......... .......... .......... .......... .......... 49%  355K 72s
  6400K .......... .......... .......... .......... .......... 50%  134K 71s
  6450K .......... .......... .......... .......... .......... 50% 69.2K 71s
  6500K .......... .......... .......... .......... .......... 50% 92.5K 70s
  6550K .......... .......... .......... .......... .......... 51%  355K 69s
  6600K .......... .......... .......... .......... .......... 51%  150K 69s
  6650K .......... .......... .......... .......... .......... 52%  333K 68s
  6700K .......... .......... .......... .......... .......... 52%  439K 67s
  6750K .......... .......... .......... .......... .......... 52%  145K 66s
  6800K .......... .......... .......... .......... .......... 53% 88.2K 66s
  6850K .......... .......... .......... .......... .......... 53%  407K 65s
  6900K .......... .......... .......... .......... .......... 53%  147K 64s
  6950K .......... .......... .......... .......... .......... 54%  149K 63s
  7000K .......... .......... .......... .......... .......... 54% 97.0K 63s
  7050K .......... .......... .......... .......... .......... 55%  302K 62s
  7100K .......... .......... .......... .......... .......... 55% 89.1K 61s
  7150K .......... .......... .......... .......... .......... 55%  363K 60s
  7200K .......... .......... .......... .......... .......... 56% 69.5K 60s
  7250K .......... .......... .......... .......... .......... 56% 63.4K 60s
  7300K .......... .......... .......... .......... .......... 57%  158K 59s
  7350K .......... .......... .......... .......... .......... 57%  370K 58s
  7400K .......... .......... .......... .......... .......... 57%  334K 57s
  7450K .......... .......... .......... .......... .......... 58%  131K 57s
  7500K .......... .......... .......... .......... .......... 58%  355K 56s
  7550K .......... .......... .......... .......... .......... 58% 51.9K 56s
  7600K .......... .......... .......... .......... .......... 59%  369K 55s
  7650K .......... .......... .......... .......... .......... 59%  316K 54s
  7700K .......... .......... .......... .......... .......... 60%  153K 54s
  7750K .......... .......... .......... .......... .......... 60%  130K 53s
  7800K .......... .......... .......... .......... .......... 60% 51.6K 53s
  7850K .......... .......... .......... .......... .......... 61% 95.8K 52s
  7900K .......... .......... .......... .......... .......... 61% 83.7K 52s
  7950K .......... .......... .......... .......... .......... 62%  361K 51s
  8000K .......... .......... .......... .......... .......... 62%  146K 50s
  8050K .......... .......... .......... .......... .......... 62% 93.1K 50s
  8100K .......... .......... .......... .......... .......... 63%  339K 49s
  8150K .......... .......... .......... .......... .......... 63% 64.8K 49s
  8200K .......... .......... .......... .......... .......... 64% 86.8K 48s
  8250K .......... .......... .......... .......... .......... 64% 16.8K 49s
  8300K .......... .......... .......... .......... .......... 64%  341K 48s
  8350K .......... .......... .......... .......... .......... 65% 91.0K 48s
  8400K .......... .......... .......... .......... .......... 65% 51.3K 47s
  8450K .......... .......... .......... .......... .......... 65%  153K 47s
  8500K .......... .......... .......... .......... .......... 66%  154K 46s
  8550K .......... .......... .......... .......... .......... 66% 50.4K 46s
  8600K .......... .......... .......... .......... .......... 67% 68.3K 45s
  8650K .......... .......... .......... .......... .......... 67% 96.9K 45s
  8700K .......... .......... .......... .......... .......... 67%  145K 44s
  8750K .......... .......... .......... .......... .......... 68%  141K 44s
  8800K .......... .......... .......... .......... .......... 68% 50.4K 43s
  8850K .......... .......... .......... .......... .......... 69%  146K 43s
  8900K .......... .......... .......... .......... .......... 69% 90.6K 42s
  8950K .......... .......... .......... .......... .......... 69%  397K 41s
  9000K .......... .......... .......... .......... .......... 70% 68.3K 41s
  9050K .......... .......... .......... .......... .......... 70%  146K 40s
  9100K .......... .......... .......... .......... .......... 71%  102K 40s
  9150K .......... .......... .......... .......... .......... 71% 63.1K 39s
  9200K .......... .......... .......... .......... .......... 71%  387K 39s
  9250K .......... .......... .......... .......... .......... 72% 91.6K 38s
  9300K .......... .......... .......... .......... .......... 72%  309K 37s
  9350K .......... .......... .......... .......... .......... 72%  408K 37s
  9400K .......... .......... .......... .......... .......... 73%  407K 36s
  9450K .......... .......... .......... .......... .......... 73% 24.4K 36s
  9500K .......... .......... .......... .......... .......... 74%  315K 35s
  9550K .......... .......... .......... .......... .......... 74%  105K 35s
  9600K .......... .......... .......... .......... .......... 74%  146K 34s
  9650K .......... .......... .......... .......... .......... 75%  153K 34s
  9700K .......... .......... .......... .......... .......... 75% 69.1K 33s
  9750K .......... .......... .......... .......... .......... 76% 66.2K 33s
  9800K .......... .......... .......... .......... .......... 76%  576K 32s
  9850K .......... .......... .......... .......... .......... 76%  138K 32s
  9900K .......... .......... .......... .......... .......... 77%  144K 31s
  9950K .......... .......... .......... .......... .......... 77%  408K 30s
 10000K .......... .......... .......... .......... .......... 78% 76.4K 30s
 10050K .......... .......... .......... .......... .......... 78% 53.4K 29s
 10100K .......... .......... .......... .......... .......... 78%  136K 29s
 10150K .......... .......... .......... .......... .......... 79%  407K 28s
 10200K .......... .......... .......... .......... .......... 79% 90.5K 28s
 10250K .......... .......... .......... .......... .......... 79%  146K 27s
 10300K .......... .......... .......... .......... .......... 80%  161K 27s
 10350K .......... .......... .......... .......... .......... 80%  341K 26s
 10400K .......... .......... .......... .......... .......... 81% 17.6K 26s
 10450K .......... .......... .......... .......... .......... 81% 68.1K 25s
 10500K .......... .......... .......... .......... .......... 81% 92.5K 25s
 10550K .......... .......... .......... .......... .......... 82%  371K 24s
 10600K .......... .......... .......... .......... .......... 82%  135K 24s
 10650K .......... .......... .......... .......... .......... 83% 70.6K 23s
 10700K .......... .......... .......... .......... .......... 83% 65.6K 23s
 10750K .......... .......... .......... .......... .......... 83%  509K 22s
 10800K .......... .......... .......... .......... .......... 84% 51.9K 22s
 10850K .......... .......... .......... .......... .......... 84% 50.8K 21s
 10900K .......... .......... .......... .......... .......... 84%  143K 21s
 10950K .......... .......... .......... .......... .......... 85% 12.2K 21s
 11000K .......... .......... .......... .......... .......... 85%  100K 20s
 11050K .......... .......... .......... .......... .......... 86%  159K 20s
 11100K .......... .......... .......... .......... .......... 86%  328K 19s
 11150K .......... .......... .......... .......... .......... 86%  141K 18s
 11200K .......... .......... .......... .......... .......... 87%  153K 18s
 11250K .......... .......... .......... .......... .......... 87%  341K 17s
 11300K .......... .......... .......... .......... .......... 88%  346K 17s
 11350K .......... .......... .......... .......... .......... 88%  491K 16s
 11400K .......... .......... .......... .......... .......... 88%  347K 15s
 11450K .......... .......... .......... .......... .......... 89% 43.8K 15s
 11500K .......... .......... .......... .......... .......... 89%  135K 14s
 11550K .......... .......... .......... .......... .......... 90% 65.6K 14s
 11600K .......... .......... .......... .......... .......... 90%  157K 13s
 11650K .......... .......... .......... .......... .......... 90% 65.1K 13s
 11700K .......... .......... .......... .......... .......... 91%  150K 12s
 11750K .......... .......... .......... .......... .......... 91% 95.3K 12s
 11800K .......... .......... .......... .......... .......... 91%  372K 11s
 11850K .......... .......... .......... .......... .......... 92%  152K 11s
 11900K .......... .......... .......... .......... .......... 92%  139K 10s
 11950K .......... .......... .......... .......... .......... 93%  379K 9s
 12000K .......... .......... .......... .......... .......... 93%  137K 9s
 12050K .......... .......... .......... .......... .......... 93% 91.0K 8s
 12100K .......... .......... .......... .......... .......... 94% 88.7K 8s
 12150K .......... .......... .......... .......... .......... 94%  379K 7s
 12200K .......... .......... .......... .......... .......... 95%  297K 7s
 12250K .......... .......... .......... .......... .......... 95%  361K 6s
 12300K .......... .......... .......... .......... .......... 95%  341K 6s
 12350K .......... .......... .......... .......... .......... 96% 94.2K 5s
 12400K .......... .......... .......... .......... .......... 96%  145K 5s
 12450K .......... .......... .......... .......... .......... 97%  362K 4s
 12500K .......... .......... .......... .......... .......... 97%  136K 4s
 12550K .......... .......... .......... .......... .......... 97%  347K 3s
 12600K .......... .......... .......... .......... .......... 98%  451K 2s
 12650K .......... .......... .......... .......... .......... 98% 54.0K 2s
 12700K .......... .......... .......... .......... .......... 98%  177K 1s
 12750K .......... .......... .......... .......... .......... 99%  395K 1s
 12800K .......... .......... .......... .......... .......... 99%  364K 0s
 12850K .......... .......... .......... ....                 100% 46.2K=2m14s

2016-05-25 02:42:09 (95.8 KB/s) - ‘index.html.19’ saved [13193358/13193358]

