--2016-05-25 01:37:14--  http://10.30.50.93:8000/
Connecting to 10.30.50.93:8000... connected.
HTTP request sent, awaiting response... 200 OK
Length: 13193358 (13M) [text/html]
Saving to: ‘index.html.3’

     0K .......... .......... .......... .......... ..........  0%  238K 54s
    50K .......... .......... .......... .......... ..........  0%  232K 54s
   100K .......... .......... .......... .......... ..........  1%  232K 54s
   150K .......... .......... .......... .......... ..........  1%  238K 54s
   200K .......... .......... .......... .......... ..........  1%  239K 54s
   250K .......... .......... .......... .......... ..........  2%  231K 54s
   300K .......... .......... .......... .......... ..........  2%  238K 53s
   350K .......... .......... .......... .......... ..........  3%  238K 53s
   400K .......... .......... .......... .......... ..........  3%  233K 53s
   450K .......... .......... .......... .......... ..........  3%  238K 53s
   500K .......... .......... .......... .......... ..........  4%  230K 52s
   550K .......... .......... .......... .......... ..........  4%  167K 54s
   600K .......... .......... .......... .......... ..........  5%  379K 52s
   650K .......... .......... .......... .......... ..........  5%  231K 52s
   700K .......... .......... .......... .......... ..........  5%  239K 52s
   750K .......... .......... .......... .......... ..........  6%  225K 52s
   800K .......... .......... .......... .......... ..........  6%  225K 52s
   850K .......... .......... .......... .......... ..........  6%  238K 51s
   900K .......... .......... .......... .......... ..........  7%  238K 51s
   950K .......... .......... .......... .......... ..........  7%  232K 51s
  1000K .......... .......... .......... .......... ..........  8%  238K 51s
  1050K .......... .......... .......... .......... ..........  8%  232K 50s
  1100K .......... .......... .......... .......... ..........  8%  237K 50s
  1150K .......... .......... .......... .......... ..........  9%  226K 50s
  1200K .......... .......... .......... .......... ..........  9%  225K 50s
  1250K .......... .......... .......... .......... .......... 10%  219K 50s
  1300K .......... .......... .......... .......... .......... 10%  237K 50s
  1350K .......... .......... .......... .......... .......... 10%  239K 49s
  1400K .......... .......... .......... .......... .......... 11%  238K 49s
  1450K .......... .......... .......... .......... .......... 11%  238K 49s
  1500K .......... .......... .......... .......... .......... 12%  231K 49s
  1550K .......... .......... .......... .......... .......... 12%  239K 48s
  1600K .......... .......... .......... .......... .......... 12%  239K 48s
  1650K .......... .......... .......... .......... .......... 13%  231K 48s
  1700K .......... .......... .......... .......... .......... 13%  213K 48s
  1750K .......... .......... .......... .......... .......... 13%  252K 47s
  1800K .......... .......... .......... .......... .......... 14%  239K 47s
  1850K .......... .......... .......... .......... .......... 14%  232K 47s
  1900K .......... .......... .......... .......... .......... 15%  225K 47s
  1950K .......... .......... .......... .......... .......... 15%  231K 47s
  2000K .......... .......... .......... .......... .......... 15%  237K 46s
  2050K .......... .......... .......... .......... .......... 16%  231K 46s
  2100K .......... .......... .......... .......... .......... 16%  239K 46s
  2150K .......... .......... .......... .......... .......... 17%  237K 46s
  2200K .......... .......... .......... .......... .......... 17%  231K 46s
  2250K .......... .......... .......... .......... .......... 17%  239K 45s
  2300K .......... .......... .......... .......... .......... 18%  231K 45s
  2350K .......... .......... .......... .......... .......... 18%  225K 45s
  2400K .......... .......... .......... .......... .......... 19%  239K 45s
  2450K .......... .......... .......... .......... .......... 19%  231K 44s
  2500K .......... .......... .......... .......... .......... 19%  239K 44s
  2550K .......... .......... .......... .......... .......... 20%  198K 44s
  2600K .......... .......... .......... .......... .......... 20%  279K 44s
  2650K .......... .......... .......... .......... .......... 20%  185K 44s
  2700K .......... .......... .......... .......... .......... 21%  308K 43s
  2750K .......... .......... .......... .......... .......... 21%  232K 43s
  2800K .......... .......... .......... .......... .......... 22%  232K 43s
  2850K .......... .......... .......... .......... .......... 22%  237K 43s
  2900K .......... .......... .......... .......... .......... 22%  231K 43s
  2950K .......... .......... .......... .......... .......... 23%  238K 42s
  3000K .......... .......... .......... .......... .......... 23%  232K 42s
  3050K .......... .......... .......... .......... .......... 24%  237K 42s
  3100K .......... .......... .......... .......... .......... 24%  239K 42s
  3150K .......... .......... .......... .......... .......... 24%  185K 42s
  3200K .......... .......... .......... .......... .......... 25%  298K 41s
  3250K .......... .......... .......... .......... .......... 25%  231K 41s
  3300K .......... .......... .......... .......... .......... 26%  219K 41s
  3350K .......... .......... .......... .......... .......... 26%  239K 41s
  3400K .......... .......... .......... .......... .......... 26%  237K 40s
  3450K .......... .......... .......... .......... .......... 27%  226K 40s
  3500K .......... .......... .......... .......... .......... 27%  232K 40s
  3550K .......... .......... .......... .......... .......... 27%  237K 40s
  3600K .......... .......... .......... .......... .......... 28%  226K 40s
  3650K .......... .......... .......... .......... .......... 28%  231K 39s
  3700K .......... .......... .......... .......... .......... 29%  232K 39s
  3750K .......... .......... .......... .......... .......... 29%  231K 39s
  3800K .......... .......... .......... .......... .......... 29%  232K 39s
  3850K .......... .......... .......... .......... .......... 30%  185K 39s
  3900K .......... .......... .......... .......... .......... 30%  297K 38s
  3950K .......... .......... .......... .......... .......... 31%  238K 38s
  4000K .......... .......... .......... .......... .......... 31%  231K 38s
  4050K .......... .......... .......... .......... .......... 31%  239K 38s
  4100K .......... .......... .......... .......... .......... 32%  237K 37s
  4150K .......... .......... .......... .......... .......... 32%  231K 37s
  4200K .......... .......... .......... .......... .......... 32%  239K 37s
  4250K .......... .......... .......... .......... .......... 33%  231K 37s
  4300K .......... .......... .......... .......... .......... 33%  170K 37s
  4350K .......... .......... .......... .......... .......... 34%  364K 36s
  4400K .......... .......... .......... .......... .......... 34%  230K 36s
  4450K .......... .......... .......... .......... .......... 34%  239K 36s
  4500K .......... .......... .......... .......... .......... 35%  231K 36s
  4550K .......... .......... .......... .......... .......... 35%  232K 36s
  4600K .......... .......... .......... .......... .......... 36%  213K 35s
  4650K .......... .......... .......... .......... .......... 36%  261K 35s
  4700K .......... .......... .......... .......... .......... 36%  231K 35s
  4750K .......... .......... .......... .......... .......... 37%  238K 35s
  4800K .......... .......... .......... .......... .......... 37%  238K 34s
  4850K .......... .......... .......... .......... .......... 38%  232K 34s
  4900K .......... .......... .......... .......... .......... 38%  238K 34s
  4950K .......... .......... .......... .......... .......... 38%  231K 34s
  5000K .......... .......... .......... .......... .......... 39%  238K 34s
  5050K .......... .......... .......... .......... .......... 39%  238K 33s
  5100K .......... .......... .......... .......... .......... 39%  232K 33s
  5150K .......... .......... .......... .......... .......... 40%  238K 33s
  5200K .......... .......... .......... .......... .......... 40%  239K 33s
  5250K .......... .......... .......... .......... .......... 41%  225K 33s
  5300K .......... .......... .......... .......... .......... 41%  237K 32s
  5350K .......... .......... .......... .......... .......... 41%  239K 32s
  5400K .......... .......... .......... .......... .......... 42%  231K 32s
  5450K .......... .......... .......... .......... .......... 42%  238K 32s
  5500K .......... .......... .......... .......... .......... 43%  237K 31s
  5550K .......... .......... .......... .......... .......... 43%  226K 31s
  5600K .......... .......... .......... .......... .......... 43%  237K 31s
  5650K .......... .......... .......... .......... .......... 44%  231K 31s
  5700K .......... .......... .......... .......... .......... 44%  178K 31s
  5750K .......... .......... .......... .......... .......... 45%  345K 30s
  5800K .......... .......... .......... .......... .......... 45%  232K 30s
  5850K .......... .......... .......... .......... .......... 45%  185K 30s
  5900K .......... .......... .......... .......... .......... 46%  322K 30s
  5950K .......... .......... .......... .......... .......... 46%  213K 30s
  6000K .......... .......... .......... .......... .......... 46%  252K 29s
  6050K .......... .......... .......... .......... .......... 47%  238K 29s
  6100K .......... .......... .......... .......... .......... 47%  170K 29s
  6150K .......... .......... .......... .......... .......... 48%  335K 29s
  6200K .......... .......... .......... .......... .......... 48%  225K 28s
  6250K .......... .......... .......... .......... .......... 48%  238K 28s
  6300K .......... .......... .......... .......... .......... 49%  231K 28s
  6350K .......... .......... .......... .......... .......... 49%  232K 28s
  6400K .......... .......... .......... .......... .......... 50%  238K 28s
  6450K .......... .......... .......... .......... .......... 50%  238K 27s
  6500K .......... .......... .......... .......... .......... 50%  224K 27s
  6550K .......... .......... .......... .......... .......... 51%  238K 27s
  6600K .......... .......... .......... .......... .......... 51%  232K 27s
  6650K .......... .......... .......... .......... .......... 52%  225K 27s
  6700K .......... .......... .......... .......... .......... 52%  232K 26s
  6750K .......... .......... .......... .......... .......... 52%  238K 26s
  6800K .......... .......... .......... .......... .......... 53%  232K 26s
  6850K .......... .......... .......... .......... .......... 53%  237K 26s
  6900K .......... .......... .......... .......... .......... 53%  225K 25s
  6950K .......... .......... .......... .......... .......... 54%  214K 25s
  7000K .......... .......... .......... .......... .......... 54%  246K 25s
  7050K .......... .......... .......... .......... .......... 55%  203K 25s
  7100K .......... .......... .......... .......... .......... 55%  238K 25s
  7150K .......... .......... .......... .......... .......... 55%  238K 24s
  7200K .......... .......... .......... .......... .......... 56%  231K 24s
  7250K .......... .......... .......... .......... .......... 56%  238K 24s
  7300K .......... .......... .......... .......... .......... 57%  237K 24s
  7350K .......... .......... .......... .......... .......... 57%  226K 24s
  7400K .......... .......... .......... .......... .......... 57%  238K 23s
  7450K .......... .......... .......... .......... .......... 58%  237K 23s
  7500K .......... .......... .......... .......... .......... 58%  194K 23s
  7550K .......... .......... .......... .......... .......... 58%  277K 23s
  7600K .......... .......... .......... .......... .......... 59%  232K 22s
  7650K .......... .......... .......... .......... .......... 59%  231K 22s
  7700K .......... .......... .......... .......... .......... 60%  232K 22s
  7750K .......... .......... .......... .......... .......... 60%  232K 22s
  7800K .......... .......... .......... .......... .......... 60%  237K 22s
  7850K .......... .......... .......... .......... .......... 61%  238K 21s
  7900K .......... .......... .......... .......... .......... 61%  232K 21s
  7950K .......... .......... .......... .......... .......... 62%  238K 21s
  8000K .......... .......... .......... .......... .......... 62%  238K 21s
  8050K .......... .......... .......... .......... .......... 62%  231K 21s
  8100K .......... .......... .......... .......... .......... 63%  238K 20s
  8150K .......... .......... .......... .......... .......... 63%  231K 20s
  8200K .......... .......... .......... .......... .......... 64%  239K 20s
  8250K .......... .......... .......... .......... .......... 64%  237K 20s
  8300K .......... .......... .......... .......... .......... 64%  220K 19s
  8350K .......... .......... .......... .......... .......... 65%  203K 19s
  8400K .......... .......... .......... .......... .......... 65%  231K 19s
  8450K .......... .......... .......... .......... .......... 65%  261K 19s
  8500K .......... .......... .......... .......... .......... 66%  238K 19s
  8550K .......... .......... .......... .......... .......... 66%  231K 18s
  8600K .......... .......... .......... .......... .......... 67%  226K 18s
  8650K .......... .......... .......... .......... .......... 67%  231K 18s
  8700K .......... .......... .......... .......... .......... 67%  238K 18s
  8750K .......... .......... .......... .......... .......... 68%  232K 18s
  8800K .......... .......... .......... .......... .......... 68%  232K 17s
  8850K .......... .......... .......... .......... .......... 69%  232K 17s
  8900K .......... .......... .......... .......... .......... 69%  238K 17s
  8950K .......... .......... .......... .......... .......... 69%  238K 17s
  9000K .......... .......... .......... .......... .......... 70%  231K 16s
  9050K .......... .......... .......... .......... .......... 70%  185K 16s
  9100K .......... .......... .......... .......... .......... 71%  321K 16s
  9150K .......... .......... .......... .......... .......... 71%  219K 16s
  9200K .......... .......... .......... .......... .......... 71%  194K 16s
  9250K .......... .......... .......... .......... .......... 72%  298K 15s
  9300K .......... .......... .......... .......... .......... 72%  231K 15s
  9350K .......... .......... .......... .......... .......... 72%  190K 15s
  9400K .......... .......... .......... .......... .......... 73%  296K 15s
  9450K .......... .......... .......... .......... .......... 73%  232K 15s
  9500K .......... .......... .......... .......... .......... 74%  208K 14s
  9550K .......... .......... .......... .......... .......... 74%  261K 14s
  9600K .......... .......... .......... .......... .......... 74%  238K 14s
  9650K .......... .......... .......... .......... .......... 75%  238K 14s
  9700K .......... .......... .......... .......... .......... 75%  204K 13s
  9750K .......... .......... .......... .......... .......... 76%  260K 13s
  9800K .......... .......... .......... .......... .......... 76%  238K 13s
  9850K .......... .......... .......... .......... .......... 76%  231K 13s
  9900K .......... .......... .......... .......... .......... 77%  237K 13s
  9950K .......... .......... .......... .......... .......... 77%  239K 12s
 10000K .......... .......... .......... .......... .......... 78%  230K 12s
 10050K .......... .......... .......... .......... .......... 78%  238K 12s
 10100K .......... .......... .......... .......... .......... 78%  231K 12s
 10150K .......... .......... .......... .......... .......... 79%  239K 12s
 10200K .......... .......... .......... .......... .......... 79%  238K 11s
 10250K .......... .......... .......... .......... .......... 79%  231K 11s
 10300K .......... .......... .......... .......... .......... 80%  199K 11s
 10350K .......... .......... .......... .......... .......... 80%  287K 11s
 10400K .......... .......... .......... .......... .......... 81%  232K 10s
 10450K .......... .......... .......... .......... .......... 81%  237K 10s
 10500K .......... .......... .......... .......... .......... 81%  181K 10s
 10550K .......... .......... .......... .......... .......... 82%  232K 10s
 10600K .......... .......... .......... .......... .......... 82%  238K 10s
 10650K .......... .......... .......... .......... .......... 83%  231K 9s
 10700K .......... .......... .......... .......... .......... 83%  277K 9s
 10750K .......... .......... .......... .......... .......... 83%  238K 9s
 10800K .......... .......... .......... .......... .......... 84%  231K 9s
 10850K .......... .......... .......... .......... .......... 84%  239K 9s
 10900K .......... .......... .......... .......... .......... 84%  237K 8s
 10950K .......... .......... .......... .......... .......... 85%  232K 8s
 11000K .......... .......... .......... .......... .......... 85%  231K 8s
 11050K .......... .......... .......... .......... .......... 86%  238K 8s
 11100K .......... .......... .......... .......... .......... 86%  231K 7s
 11150K .......... .......... .......... .......... .......... 86%  233K 7s
 11200K .......... .......... .......... .......... .......... 87%  237K 7s
 11250K .......... .......... .......... .......... .......... 87%  225K 7s
 11300K .......... .......... .......... .......... .......... 88%  238K 7s
 11350K .......... .......... .......... .......... .......... 88%  238K 6s
 11400K .......... .......... .......... .......... .......... 88%  231K 6s
 11450K .......... .......... .......... .......... .......... 89%  238K 6s
 11500K .......... .......... .......... .......... .......... 89%  233K 6s
 11550K .......... .......... .......... .......... .......... 90%  231K 6s
 11600K .......... .......... .......... .......... .......... 90%  237K 5s
 11650K .......... .......... .......... .......... .......... 90%  199K 5s
 11700K .......... .......... .......... .......... .......... 91%  278K 5s
 11750K .......... .......... .......... .......... .......... 91%  238K 5s
 11800K .......... .......... .......... .......... .......... 91%  225K 4s
 11850K .......... .......... .......... .......... .......... 92%  238K 4s
 11900K .......... .......... .......... .......... .......... 92%  238K 4s
 11950K .......... .......... .......... .......... .......... 93%  226K 4s
 12000K .......... .......... .......... .......... .......... 93%  237K 4s
 12050K .......... .......... .......... .......... .......... 93%  231K 3s
 12100K .......... .......... .......... .......... .......... 94%  232K 3s
 12150K .......... .......... .......... .......... .......... 94%  238K 3s
 12200K .......... .......... .......... .......... .......... 95%  231K 3s
 12250K .......... .......... .......... .......... .......... 95%  239K 3s
 12300K .......... .......... .......... .......... .......... 95%  238K 2s
 12350K .......... .......... .......... .......... .......... 96%  231K 2s
 12400K .......... .......... .......... .......... .......... 96%  225K 2s
 12450K .......... .......... .......... .......... .......... 97%  239K 2s
 12500K .......... .......... .......... .......... .......... 97%  224K 1s
 12550K .......... .......... .......... .......... .......... 97%  238K 1s
 12600K .......... .......... .......... .......... .......... 98%  232K 1s
 12650K .......... .......... .......... .......... .......... 98%  231K 1s
 12700K .......... .......... .......... .......... .......... 98%  239K 1s
 12750K .......... .......... .......... .......... .......... 99%  231K 0s
 12800K .......... .......... .......... .......... .......... 99%  238K 0s
 12850K .......... .......... .......... ....                 100%  237K=55s

2016-05-25 01:38:10 (233 KB/s) - ‘index.html.3’ saved [13193358/13193358]

