--2016-05-25 00:44:20--  http://10.30.50.93:8000/
Connecting to 10.30.50.93:8000... connected.
HTTP request sent, awaiting response... 200 OK
Length: 13193358 (13M) [text/html]
Saving to: ‘index.html.18’

     0K .......... .......... .......... .......... ..........  0%  110K 1m57s
    50K .......... .......... .......... .......... ..........  0% 85.1K 2m13s
   100K .......... .......... .......... .......... ..........  1% 52.0K 2m50s
   150K .......... .......... .......... .......... ..........  1% 97.0K 2m40s
   200K .......... .......... .......... .......... ..........  1% 99.2K 2m33s
   250K .......... .......... .......... .......... ..........  2% 24.7K 3m32s
   300K .......... .......... .......... .......... ..........  2% 34.7K 3m52s
   350K .......... .......... .......... .......... ..........  3%  102K 3m38s
   400K .......... .......... .......... .......... ..........  3% 37.2K 3m50s
   450K .......... .......... .......... .......... ..........  3% 52.8K 3m50s
   500K .......... .......... .......... .......... ..........  4% 35.3K 4m0s
   550K .......... .......... .......... .......... ..........  4% 64.1K 3m55s
   600K .......... .......... .......... .......... ..........  5%  102K 3m45s
   650K .......... .......... .......... .......... ..........  5%  112K 3m36s
   700K .......... .......... .......... .......... ..........  5% 34.4K 3m44s
   750K .......... .......... .......... .......... ..........  6%  104K 3m37s
   800K .......... .......... .......... .......... ..........  6% 60.4K 3m35s
   850K .......... .......... .......... .......... ..........  6% 64.1K 3m32s
   900K .......... .......... .......... .......... ..........  7%  102K 3m27s
   950K .......... .......... .......... .......... ..........  7% 99.2K 3m21s
  1000K .......... .......... .......... .......... ..........  8% 65.1K 3m20s
  1050K .......... .......... .......... .......... ..........  8% 32.0K 3m26s
  1100K .......... .......... .......... .......... ..........  8% 68.3K 3m24s
  1150K .......... .......... .......... .......... ..........  9%  104K 3m19s
  1200K .......... .......... .......... .......... ..........  9%  116K 3m15s
  1250K .......... .......... .......... .......... .......... 10%  104K 3m11s
  1300K .......... .......... .......... .......... .......... 10% 57.8K 3m10s
  1350K .......... .......... .......... .......... .......... 10% 52.7K 3m10s
  1400K .......... .......... .......... .......... .......... 11% 49.0K 3m11s
  1450K .......... .......... .......... .......... .......... 11% 75.9K 3m9s
  1500K .......... .......... .......... .......... .......... 12% 90.6K 3m6s
  1550K .......... .......... .......... .......... .......... 12% 86.8K 3m3s
  1600K .......... .......... .......... .......... .......... 12% 54.1K 3m3s
  1650K .......... .......... .......... .......... .......... 13% 88.7K 3m1s
  1700K .......... .......... .......... .......... .......... 13% 24.8K 3m8s
  1750K .......... .......... .......... .......... .......... 13%  101K 3m5s
  1800K .......... .......... .......... .......... .......... 14%  102K 3m2s
  1850K .......... .......... .......... .......... .......... 14%  116K 2m59s
  1900K .......... .......... .......... .......... .......... 15% 61.3K 2m58s
  1950K .......... .......... .......... .......... .......... 15% 74.5K 2m56s
  2000K .......... .......... .......... .......... .......... 15% 88.6K 2m54s
  2050K .......... .......... .......... .......... .......... 16% 43.8K 2m55s
  2100K .......... .......... .......... .......... .......... 16% 46.3K 2m56s
  2150K .......... .......... .......... .......... .......... 17% 24.9K 3m1s
  2200K .......... .......... .......... .......... .......... 17% 55.6K 3m0s
  2250K .......... .......... .......... .......... .......... 17% 35.9K 3m2s
  2300K .......... .......... .......... .......... .......... 18% 62.1K 3m1s
  2350K .......... .......... .......... .......... .......... 18% 56.3K 3m0s
  2400K .......... .......... .......... .......... .......... 19% 96.8K 2m58s
  2450K .......... .......... .......... .......... .......... 19% 68.4K 2m56s
  2500K .......... .......... .......... .......... .......... 19% 33.3K 2m58s
  2550K .......... .......... .......... .......... .......... 20% 46.3K 2m58s
  2600K .......... .......... .......... .......... .......... 20%  107K 2m56s
  2650K .......... .......... .......... .......... .......... 20%  102K 2m53s
  2700K .......... .......... .......... .......... .......... 21%  123K 2m51s
  2750K .......... .......... .......... .......... .......... 21% 57.9K 2m50s
  2800K .......... .......... .......... .......... .......... 22%  119K 2m48s
  2850K .......... .......... .......... .......... .......... 22% 86.7K 2m46s
  2900K .......... .......... .......... .......... .......... 22%  110K 2m44s
  2950K .......... .......... .......... .......... .......... 23% 61.3K 2m43s
  3000K .......... .......... .......... .......... .......... 23% 58.7K 2m42s
  3050K .......... .......... .......... .......... .......... 24% 50.8K 2m42s
  3100K .......... .......... .......... .......... .......... 24% 88.5K 2m40s
  3150K .......... .......... .......... .......... .......... 24% 56.3K 2m40s
  3200K .......... .......... .......... .......... .......... 25% 85.0K 2m38s
  3250K .......... .......... .......... .......... .......... 25% 41.3K 2m39s
  3300K .......... .......... .......... .......... .......... 26% 55.5K 2m38s
  3350K .......... .......... .......... .......... .......... 26%  102K 2m36s
  3400K .......... .......... .......... .......... .......... 26% 47.9K 2m36s
  3450K .......... .......... .......... .......... .......... 27% 36.6K 2m37s
  3500K .......... .......... .......... .......... .......... 27% 58.6K 2m36s
  3550K .......... .......... .......... .......... .......... 27% 73.1K 2m35s
  3600K .......... .......... .......... .......... .......... 28% 32.3K 2m36s
  3650K .......... .......... .......... .......... .......... 28% 49.0K 2m35s
  3700K .......... .......... .......... .......... .......... 29%  112K 2m33s
  3750K .......... .......... .......... .......... .......... 29% 54.1K 2m33s
  3800K .......... .......... .......... .......... .......... 29% 42.5K 2m33s
  3850K .......... .......... .......... .......... .......... 30% 41.7K 2m33s
  3900K .......... .......... .......... .......... .......... 30% 74.3K 2m31s
  3950K .......... .......... .......... .......... .......... 31% 94.9K 2m30s
  4000K .......... .......... .......... .......... .......... 31% 34.7K 2m30s
  4050K .......... .......... .......... .......... .......... 31% 85.1K 2m29s
  4100K .......... .......... .......... .......... .......... 32%  104K 2m27s
  4150K .......... .......... .......... .......... .......... 32% 68.3K 2m26s
  4200K .......... .......... .......... .......... .......... 32% 85.0K 2m25s
  4250K .......... .......... .......... .......... .......... 33% 36.9K 2m25s
  4300K .......... .......... .......... .......... .......... 33%  113K 2m23s
  4350K .......... .......... .......... .......... .......... 34% 46.3K 2m23s
  4400K .......... .......... .......... .......... .......... 34% 77.1K 2m22s
  4450K .......... .......... .......... .......... .......... 34% 99.2K 2m20s
  4500K .......... .......... .......... .......... .......... 35%  102K 2m19s
  4550K .......... .......... .......... .......... .......... 35% 65.1K 2m18s
  4600K .......... .......... .......... .......... .......... 36%  113K 2m16s
  4650K .......... .......... .......... .......... .......... 36% 67.2K 2m15s
  4700K .......... .......... .......... .......... .......... 36% 32.8K 2m16s
  4750K .......... .......... .......... .......... .......... 37% 67.2K 2m15s
  4800K .......... .......... .......... .......... .......... 37% 55.6K 2m14s
  4850K .......... .......... .......... .......... .......... 38%  107K 2m13s
  4900K .......... .......... .......... .......... .......... 38% 88.7K 2m11s
  4950K .......... .......... .......... .......... .......... 38% 52.7K 2m11s
  5000K .......... .......... .......... .......... .......... 39%  110K 2m9s
  5050K .......... .......... .......... .......... .......... 39% 94.6K 2m8s
  5100K .......... .......... .......... .......... .......... 39% 39.3K 2m8s
  5150K .......... .......... .......... .......... .......... 40% 65.2K 2m7s
  5200K .......... .......... .......... .......... .......... 40%  113K 2m6s
  5250K .......... .......... .......... .......... .......... 41% 99.2K 2m4s
  5300K .......... .......... .......... .......... .......... 41% 66.1K 2m3s
  5350K .......... .......... .......... .......... .......... 41% 70.6K 2m2s
  5400K .......... .......... .......... .......... .......... 42%  102K 2m1s
  5450K .......... .......... .......... .......... .......... 42%  113K 2m0s
  5500K .......... .......... .......... .......... .......... 43% 61.3K 1m59s
  5550K .......... .......... .......... .......... .......... 43%  104K 1m58s
  5600K .......... .......... .......... .......... .......... 43% 68.3K 1m57s
  5650K .......... .......... .......... .......... .......... 44% 64.1K 1m56s
  5700K .......... .......... .......... .......... .......... 44% 54.8K 1m55s
  5750K .......... .......... .......... .......... .......... 45%  104K 1m54s
  5800K .......... .......... .......... .......... .......... 45% 99.1K 1m53s
  5850K .......... .......... .......... .......... .......... 45% 28.1K 1m53s
  5900K .......... .......... .......... .......... .......... 46% 90.6K 1m52s
  5950K .......... .......... .......... .......... .......... 46% 36.9K 1m52s
  6000K .......... .......... .......... .......... .......... 46% 33.6K 1m52s
  6050K .......... .......... .......... .......... .......... 47% 78.7K 1m51s
  6100K .......... .......... .......... .......... .......... 47% 60.4K 1m50s
  6150K .......... .......... .......... .......... .......... 48% 62.2K 1m49s
  6200K .......... .......... .......... .......... .......... 48% 28.2K 1m50s
  6250K .......... .......... .......... .......... .......... 48% 62.2K 1m49s
  6300K .......... .......... .......... .......... .......... 49%  102K 1m48s
  6350K .......... .......... .......... .......... .......... 49% 46.3K 1m47s
  6400K .......... .......... .......... .......... .......... 50% 99.3K 1m46s
  6450K .......... .......... .......... .......... .......... 50% 47.9K 1m45s
  6500K .......... .......... .......... .......... .......... 50% 71.8K 1m44s
  6550K .......... .......... .......... .......... .......... 51% 40.1K 1m44s
  6600K .......... .......... .......... .......... .......... 51%  110K 1m43s
  6650K .......... .......... .......... .......... .......... 52% 90.5K 1m42s
  6700K .......... .......... .......... .......... .......... 52%  123K 1m40s
  6750K .......... .......... .......... .......... .......... 52% 64.1K 1m40s
  6800K .......... .......... .......... .......... .......... 53% 55.6K 99s
  6850K .......... .......... .......... .......... .......... 53% 21.5K 99s
  6900K .......... .......... .......... .......... .......... 53% 54.8K 99s
  6950K .......... .......... .......... .......... .......... 54% 65.2K 98s
  7000K .......... .......... .......... .......... .......... 54% 75.7K 97s
  7050K .......... .......... .......... .......... .......... 55% 28.2K 97s
  7100K .......... .......... .......... .......... .......... 55%  110K 95s
  7150K .......... .......... .......... .......... .......... 55% 58.6K 95s
  7200K .......... .......... .......... .......... .......... 56%  113K 94s
  7250K .......... .......... .......... .......... .......... 56% 90.5K 93s
  7300K .......... .......... .......... .......... .......... 57%  113K 91s
  7350K .......... .......... .......... .......... .......... 57%  107K 90s
  7400K .......... .......... .......... .......... .......... 57%  107K 89s
  7450K .......... .......... .......... .......... .......... 58% 47.9K 89s
  7500K .......... .......... .......... .......... .......... 58% 58.7K 88s
  7550K .......... .......... .......... .......... .......... 58% 39.7K 87s
  7600K .......... .......... .......... .......... .......... 59% 52.1K 86s
  7650K .......... .......... .......... .......... .......... 59% 37.5K 86s
  7700K .......... .......... .......... .......... .......... 60% 92.7K 85s
  7750K .......... .......... .......... .......... .......... 60%  104K 84s
  7800K .......... .......... .......... .......... .......... 60% 94.7K 83s
  7850K .......... .......... .......... .......... .......... 61%  116K 82s
  7900K .......... .......... .......... .......... .......... 61% 37.9K 81s
  7950K .......... .......... .......... .......... .......... 62% 88.7K 80s
  8000K .......... .......... .......... .......... .......... 62% 31.6K 80s
  8050K .......... .......... .......... .......... .......... 62% 37.9K 79s
  8100K .......... .......... .......... .......... .......... 63% 81.7K 78s
  8150K .......... .......... .......... .......... .......... 63% 69.4K 78s
  8200K .......... .......... .......... .......... .......... 64% 68.3K 77s
  8250K .......... .......... .......... .......... .......... 64% 86.8K 76s
  8300K .......... .......... .......... .......... .......... 64%  110K 75s
  8350K .......... .......... .......... .......... .......... 65% 86.8K 74s
  8400K .......... .......... .......... .......... .......... 65% 81.7K 73s
  8450K .......... .......... .......... .......... .......... 65% 65.1K 72s
  8500K .......... .......... .......... .......... .......... 66% 99.2K 71s
  8550K .......... .......... .......... .......... .......... 66% 64.1K 70s
  8600K .......... .......... .......... .......... .......... 67% 62.2K 69s
  8650K .......... .......... .......... .......... .......... 67% 66.1K 68s
  8700K .......... .......... .......... .......... .......... 67% 60.4K 68s
  8750K .......... .......... .......... .......... .......... 68% 47.3K 67s
  8800K .......... .......... .......... .......... .......... 68% 88.7K 66s
  8850K .......... .......... .......... .......... .......... 69% 78.6K 65s
  8900K .......... .......... .......... .......... .......... 69% 55.6K 64s
  8950K .......... .......... .......... .......... .......... 69%  110K 63s
  9000K .......... .......... .......... .......... .......... 70% 92.6K 62s
  9050K .......... .......... .......... .......... .......... 70%  116K 61s
  9100K .......... .......... .......... .......... .......... 71% 81.7K 61s
  9150K .......... .......... .......... .......... .......... 71% 86.8K 60s
  9200K .......... .......... .......... .......... .......... 71% 41.7K 59s
  9250K .......... .......... .......... .......... .......... 72% 45.3K 58s
  9300K .......... .......... .......... .......... .......... 72% 54.2K 58s
  9350K .......... .......... .......... .......... .......... 72%  107K 57s
  9400K .......... .......... .......... .......... .......... 73% 71.8K 56s
  9450K .......... .......... .......... .......... .......... 73% 63.1K 55s
  9500K .......... .......... .......... .......... .......... 74% 66.1K 54s
  9550K .......... .......... .......... .......... .......... 74% 70.6K 53s
  9600K .......... .......... .......... .......... .......... 74% 71.8K 52s
  9650K .......... .......... .......... .......... .......... 75% 15.7K 52s
  9700K .......... .......... .......... .......... .......... 75% 81.7K 51s
  9750K .......... .......... .......... .......... .......... 76% 56.3K 51s
  9800K .......... .......... .......... .......... .......... 76% 92.7K 50s
  9850K .......... .......... .......... .......... .......... 76% 96.9K 49s
  9900K .......... .......... .......... .......... .......... 77%  113K 48s
  9950K .......... .......... .......... .......... .......... 77% 99.3K 47s
 10000K .......... .......... .......... .......... .......... 78%  107K 46s
 10050K .......... .......... .......... .......... .......... 78% 62.1K 45s
 10100K .......... .......... .......... .......... .......... 78% 25.6K 45s
 10150K .......... .......... .......... .......... .......... 79% 68.3K 44s
 10200K .......... .......... .......... .......... .......... 79% 92.5K 43s
 10250K .......... .......... .......... .......... .......... 79% 54.1K 42s
 10300K .......... .......... .......... .......... .......... 80% 32.1K 42s
 10350K .......... .......... .......... .......... .......... 80% 99.1K 41s
 10400K .......... .......... .......... .......... .......... 81% 99.4K 40s
 10450K .......... .......... .......... .......... .......... 81%  104K 39s
 10500K .......... .......... .......... .......... .......... 81%  102K 38s
 10550K .......... .......... .......... .......... .......... 82% 92.8K 37s
 10600K .......... .......... .......... .......... .......... 82% 85.0K 36s
 10650K .......... .......... .......... .......... .......... 83% 81.7K 35s
 10700K .......... .......... .......... .......... .......... 83% 49.6K 35s
 10750K .......... .......... .......... .......... .......... 83% 88.7K 34s
 10800K .......... .......... .......... .......... .......... 84% 32.0K 33s
 10850K .......... .......... .......... .......... .......... 84% 88.7K 32s
 10900K .......... .......... .......... .......... .......... 84%  119K 31s
 10950K .......... .......... .......... .......... .......... 85% 59.5K 31s
 11000K .......... .......... .......... .......... .......... 85% 66.1K 30s
 11050K .......... .......... .......... .......... .......... 86% 39.3K 29s
 11100K .......... .......... .......... .......... .......... 86% 69.5K 28s
 11150K .......... .......... .......... .......... .......... 86%  109K 27s
 11200K .......... .......... .......... .......... .......... 87%  107K 26s
 11250K .......... .......... .......... .......... .......... 87% 67.2K 26s
 11300K .......... .......... .......... .......... .......... 88% 35.6K 25s
 11350K .......... .......... .......... .......... .......... 88% 40.1K 24s
 11400K .......... .......... .......... .......... .......... 88% 15.8K 24s
 11450K .......... .......... .......... .......... .......... 89% 81.8K 23s
 11500K .......... .......... .......... .......... .......... 89%  109K 22s
 11550K .......... .......... .......... .......... .......... 90% 47.4K 21s
 11600K .......... .......... .......... .......... .......... 90% 43.9K 20s
 11650K .......... .......... .......... .......... .......... 90% 32.3K 20s
 11700K .......... .......... .......... .......... .......... 91% 57.0K 19s
 11750K .......... .......... .......... .......... .......... 91%  116K 18s
 11800K .......... .......... .......... .......... .......... 91%  107K 17s
 11850K .......... .......... .......... .......... .......... 92% 65.1K 16s
 11900K .......... .......... .......... .......... .......... 92% 83.3K 15s
 11950K .......... .......... .......... .......... .......... 93% 36.2K 15s
 12000K .......... .......... .......... .......... .......... 93% 64.1K 14s
 12050K .......... .......... .......... .......... .......... 93% 47.9K 13s
 12100K .......... .......... .......... .......... .......... 94% 77.2K 12s
 12150K .......... .......... .......... .......... .......... 94% 69.4K 11s
 12200K .......... .......... .......... .......... .......... 95% 63.1K 10s
 12250K .......... .......... .......... .......... .......... 95% 67.3K 10s
 12300K .......... .......... .......... .......... .......... 95% 33.1K 9s
 12350K .......... .......... .......... .......... .......... 96% 54.1K 8s
 12400K .......... .......... .......... .......... .......... 96%  107K 7s
 12450K .......... .......... .......... .......... .......... 97%  110K 6s
 12500K .......... .......... .......... .......... .......... 97% 94.7K 6s
 12550K .......... .......... .......... .......... .......... 97% 62.2K 5s
 12600K .......... .......... .......... .......... .......... 98% 70.6K 4s
 12650K .......... .......... .......... .......... .......... 98% 94.7K 3s
 12700K .......... .......... .......... .......... .......... 98% 77.1K 2s
 12750K .......... .......... .......... .......... .......... 99% 31.1K 1s
 12800K .......... .......... .......... .......... .......... 99%  107K 1s
 12850K .......... .......... .......... ....                 100% 76.8K=3m32s

2016-05-25 00:47:52 (60.7 KB/s) - ‘index.html.18’ saved [13193358/13193358]

