--2016-05-25 02:25:50--  http://10.30.50.93:8000/
Connecting to 10.30.50.93:8000... connected.
HTTP request sent, awaiting response... 200 OK
Length: 13193358 (13M) [text/html]
Saving to: ‘index.html.3’

     0K .......... .......... .......... .......... ..........  0%  371K 35s
    50K .......... .......... .......... .......... ..........  0%  645K 27s
   100K .......... .......... .......... .......... ..........  1%  464K 27s
   150K .......... .......... .......... .......... ..........  1%  473K 27s
   200K .......... .......... .......... .......... ..........  1%  466K 27s
   250K .......... .......... .......... .......... ..........  2%  460K 27s
   300K .......... .......... .......... .......... ..........  2%  476K 27s
   350K .......... .......... .......... .......... ..........  3%  452K 27s
   400K .......... .......... .......... .......... ..........  3%  462K 27s
   450K .......... .......... .......... .......... ..........  3%  477K 27s
   500K .......... .......... .......... .......... ..........  4%  398K 27s
   550K .......... .......... .......... .......... ..........  4%  477K 27s
   600K .......... .......... .......... .......... ..........  5%  520K 26s
   650K .......... .......... .......... .......... ..........  5%  449K 26s
   700K .......... .......... .......... .......... ..........  5%  477K 26s
   750K .......... .......... .......... .......... ..........  6%  475K 26s
   800K .......... .......... .......... .......... ..........  6%  464K 26s
   850K .......... .......... .......... .......... ..........  6%  476K 26s
   900K .......... .......... .......... .......... ..........  7%  475K 26s
   950K .......... .......... .......... .......... ..........  7%  454K 26s
  1000K .......... .......... .......... .......... ..........  8%  474K 25s
  1050K .......... .......... .......... .......... ..........  8%  464K 25s
  1100K .......... .......... .......... .......... ..........  8%  474K 25s
  1150K .......... .......... .......... .......... ..........  9%  466K 25s
  1200K .......... .......... .......... .......... ..........  9%  462K 25s
  1250K .......... .......... .......... .......... .......... 10%  477K 25s
  1300K .......... .......... .......... .......... .......... 10%  476K 25s
  1350K .......... .......... .......... .......... .......... 10%  449K 25s
  1400K .......... .......... .......... .......... .......... 11%  475K 25s
  1450K .......... .......... .......... .......... .......... 11%  452K 24s
  1500K .......... .......... .......... .......... .......... 12%  378K 25s
  1550K .......... .......... .......... .......... .......... 12%  621K 24s
  1600K .......... .......... .......... .......... .......... 12%  473K 24s
  1650K .......... .......... .......... .......... .......... 13%  466K 24s
  1700K .......... .......... .......... .......... .......... 13%  475K 24s
  1750K .......... .......... .......... .......... .......... 13%  438K 24s
  1800K .......... .......... .......... .......... .......... 14%  477K 24s
  1850K .......... .......... .......... .......... .......... 14%  465K 24s
  1900K .......... .......... .......... .......... .......... 15%  448K 23s
  1950K .......... .......... .......... .......... .......... 15%  479K 23s
  2000K .......... .......... .......... .......... .......... 15%  474K 23s
  2050K .......... .......... .......... .......... .......... 16%  462K 23s
  2100K .......... .......... .......... .......... .......... 16%  476K 23s
  2150K .......... .......... .......... .......... .......... 17%  475K 23s
  2200K .......... .......... .......... .......... .......... 17%  464K 23s
  2250K .......... .......... .......... .......... .......... 17%  478K 23s
  2300K .......... .......... .......... .......... .......... 18%  477K 23s
  2350K .......... .......... .......... .......... .......... 18%  461K 22s
  2400K .......... .......... .......... .......... .......... 19%  333K 23s
  2450K .......... .......... .......... .......... .......... 19%  723K 22s
  2500K .......... .......... .......... .......... .......... 19%  478K 22s
  2550K .......... .......... .......... .......... .......... 20%  474K 22s
  2600K .......... .......... .......... .......... .......... 20%  463K 22s
  2650K .......... .......... .......... .......... .......... 20%  477K 22s
  2700K .......... .......... .......... .......... .......... 21%  462K 22s
  2750K .......... .......... .......... .......... .......... 21%  464K 22s
  2800K .......... .......... .......... .......... .......... 22%  379K 22s
  2850K .......... .......... .......... .......... .......... 22%  617K 21s
  2900K .......... .......... .......... .......... .......... 22%  354K 21s
  2950K .......... .......... .......... .......... .......... 23%  667K 21s
  3000K .......... .......... .......... .......... .......... 23%  464K 21s
  3050K .......... .......... .......... .......... .......... 24%  450K 21s
  3100K .......... .......... .......... .......... .......... 24%  489K 21s
  3150K .......... .......... .......... .......... .......... 24%  464K 21s
  3200K .......... .......... .......... .......... .......... 25%  477K 21s
  3250K .......... .......... .......... .......... .......... 25%  478K 21s
  3300K .......... .......... .......... .......... .......... 26%  449K 20s
  3350K .......... .......... .......... .......... .......... 26%  478K 20s
  3400K .......... .......... .......... .......... .......... 26%  475K 20s
  3450K .......... .......... .......... .......... .......... 27%  461K 20s
  3500K .......... .......... .......... .......... .......... 27%  479K 20s
  3550K .......... .......... .......... .......... .......... 27%  461K 20s
  3600K .......... .......... .......... .......... .......... 28%  453K 20s
  3650K .......... .......... .......... .......... .......... 28%  458K 20s
  3700K .......... .......... .......... .......... .......... 29%  467K 20s
  3750K .......... .......... .......... .......... .......... 29%  477K 19s
  3800K .......... .......... .......... .......... .......... 29%  462K 19s
  3850K .......... .......... .......... .......... .......... 30%  463K 19s
  3900K .......... .......... .......... .......... .......... 30%  475K 19s
  3950K .......... .......... .......... .......... .......... 31%  478K 19s
  4000K .......... .......... .......... .......... .......... 31%  462K 19s
  4050K .......... .......... .......... .......... .......... 31%  476K 19s
  4100K .......... .......... .......... .......... .......... 32%  439K 19s
  4150K .......... .......... .......... .......... .......... 32%  418K 19s
  4200K .......... .......... .......... .......... .......... 32%  502K 19s
  4250K .......... .......... .......... .......... .......... 33%  492K 18s
  4300K .......... .......... .......... .......... .......... 33%  370K 18s
  4350K .......... .......... .......... .......... .......... 34%  643K 18s
  4400K .......... .......... .......... .......... .......... 34%  463K 18s
  4450K .......... .......... .......... .......... .......... 34%  476K 18s
  4500K .......... .......... .......... .......... .......... 35%  477K 18s
  4550K .......... .......... .......... .......... .......... 35%  449K 18s
  4600K .......... .......... .......... .......... .......... 36%  397K 18s
  4650K .......... .......... .......... .......... .......... 36%  523K 18s
  4700K .......... .......... .......... .......... .......... 36%  461K 17s
  4750K .......... .......... .......... .......... .......... 37%  378K 17s
  4800K .......... .......... .......... .......... .......... 37%  599K 17s
  4850K .......... .......... .......... .......... .......... 38%  451K 17s
  4900K .......... .......... .......... .......... .......... 38%  475K 17s
  4950K .......... .......... .......... .......... .......... 38%  465K 17s
  5000K .......... .......... .......... .......... .......... 39%  474K 17s
  5050K .......... .......... .......... .......... .......... 39%  370K 17s
  5100K .......... .......... .......... .......... .......... 39%  508K 17s
  5150K .......... .......... .......... .......... .......... 40%  521K 16s
  5200K .......... .......... .......... .......... .......... 40%  397K 16s
  5250K .......... .......... .......... .......... .......... 41%  540K 16s
  5300K .......... .......... .......... .......... .......... 41%  474K 16s
  5350K .......... .......... .......... .......... .......... 41%  478K 16s
  5400K .......... .......... .......... .......... .......... 42%  460K 16s
  5450K .......... .......... .......... .......... .......... 42%  475K 16s
  5500K .......... .......... .......... .......... .......... 43%  479K 16s
  5550K .......... .......... .......... .......... .......... 43%  449K 16s
  5600K .......... .......... .......... .......... .......... 43%  476K 16s
  5650K .......... .......... .......... .......... .......... 44%  465K 15s
  5700K .......... .......... .......... .......... .......... 44%  477K 15s
  5750K .......... .......... .......... .......... .......... 45%  360K 15s
  5800K .......... .......... .......... .......... .......... 45%  639K 15s
  5850K .......... .......... .......... .......... .......... 45%  478K 15s
  5900K .......... .......... .......... .......... .......... 46%  474K 15s
  5950K .......... .......... .......... .......... .......... 46%  381K 15s
  6000K .......... .......... .......... .......... .......... 46%  595K 15s
  6050K .......... .......... .......... .......... .......... 47%  475K 15s
  6100K .......... .......... .......... .......... .......... 47%  463K 14s
  6150K .......... .......... .......... .......... .......... 48%  478K 14s
  6200K .......... .......... .......... .......... .......... 48%  368K 14s
  6250K .......... .......... .......... .......... .......... 48%  580K 14s
  6300K .......... .......... .......... .......... .......... 49%  472K 14s
  6350K .......... .......... .......... .......... .......... 49%  464K 14s
  6400K .......... .......... .......... .......... .......... 50%  477K 14s
  6450K .......... .......... .......... .......... .......... 50%  475K 14s
  6500K .......... .......... .......... .......... .......... 50%  451K 14s
  6550K .......... .......... .......... .......... .......... 51%  476K 13s
  6600K .......... .......... .......... .......... .......... 51%  477K 13s
  6650K .......... .......... .......... .......... .......... 52%  461K 13s
  6700K .......... .......... .......... .......... .......... 52%  407K 13s
  6750K .......... .......... .......... .......... .......... 52%  523K 13s
  6800K .......... .......... .......... .......... .......... 53%  397K 13s
  6850K .......... .......... .......... .......... .......... 53%  575K 13s
  6900K .......... .......... .......... .......... .......... 53%  463K 13s
  6950K .......... .......... .......... .......... .......... 54%  474K 13s
  7000K .......... .......... .......... .......... .......... 54%  477K 13s
  7050K .......... .......... .......... .......... .......... 55%  465K 12s
  7100K .......... .......... .......... .......... .......... 55%  474K 12s
  7150K .......... .......... .......... .......... .......... 55%  479K 12s
  7200K .......... .......... .......... .......... .......... 56%  462K 12s
  7250K .......... .......... .......... .......... .......... 56%  474K 12s
  7300K .......... .......... .......... .......... .......... 57%  478K 12s
  7350K .......... .......... .......... .......... .......... 57%  464K 12s
  7400K .......... .......... .......... .......... .......... 57%  475K 12s
  7450K .......... .......... .......... .......... .......... 58%  476K 12s
  7500K .......... .......... .......... .......... .......... 58%  464K 11s
  7550K .......... .......... .......... .......... .......... 58%  476K 11s
  7600K .......... .......... .......... .......... .......... 59%  461K 11s
  7650K .......... .......... .......... .......... .......... 59%  476K 11s
  7700K .......... .......... .......... .......... .......... 60%  478K 11s
  7750K .......... .......... .......... .......... .......... 60%  463K 11s
  7800K .......... .......... .......... .......... .......... 60%  478K 11s
  7850K .......... .......... .......... .......... .......... 61%  473K 11s
  7900K .......... .......... .......... .......... .......... 61%  464K 11s
  7950K .......... .......... .......... .......... .......... 62%  478K 10s
  8000K .......... .......... .......... .......... .......... 62%  319K 10s
  8050K .......... .......... .......... .......... .......... 62%  808K 10s
  8100K .......... .......... .......... .......... .......... 63%  473K 10s
  8150K .......... .......... .......... .......... .......... 63%  452K 10s
  8200K .......... .......... .......... .......... .......... 64%  463K 10s
  8250K .......... .......... .......... .......... .......... 64%  394K 10s
  8300K .......... .......... .......... .......... .......... 64%  540K 10s
  8350K .......... .......... .......... .......... .......... 65%  465K 10s
  8400K .......... .......... .......... .......... .......... 65%  475K 10s
  8450K .......... .......... .......... .......... .......... 65%  426K 9s
  8500K .......... .......... .......... .......... .......... 66%  506K 9s
  8550K .......... .......... .......... .......... .......... 66%  478K 9s
  8600K .......... .......... .......... .......... .......... 67%  461K 9s
  8650K .......... .......... .......... .......... .......... 67%  476K 9s
  8700K .......... .......... .......... .......... .......... 67%  476K 9s
  8750K .......... .......... .......... .......... .......... 68%  460K 9s
  8800K .......... .......... .......... .......... .......... 68%  480K 9s
  8850K .......... .......... .......... .......... .......... 69%  461K 9s
  8900K .......... .......... .......... .......... .......... 69%  477K 8s
  8950K .......... .......... .......... .......... .......... 69%  476K 8s
  9000K .......... .......... .......... .......... .......... 70%  465K 8s
  9050K .......... .......... .......... .......... .......... 70%  426K 8s
  9100K .......... .......... .......... .......... .......... 71%  508K 8s
  9150K .......... .......... .......... .......... .......... 71%  370K 8s
  9200K .......... .......... .......... .......... .......... 71%  618K 8s
  9250K .......... .......... .......... .......... .......... 72%  472K 8s
  9300K .......... .......... .......... .......... .......... 72%  463K 8s
  9350K .......... .......... .......... .......... .......... 72%  478K 7s
  9400K .......... .......... .......... .......... .......... 73%  477K 7s
  9450K .......... .......... .......... .......... .......... 73%  396K 7s
  9500K .......... .......... .......... .......... .......... 74%  448K 7s
  9550K .......... .......... .......... .......... .......... 74%  556K 7s
  9600K .......... .......... .......... .......... .......... 74%  356K 7s
  9650K .......... .......... .......... .......... .......... 75%  693K 7s
  9700K .......... .......... .......... .......... .......... 75%  463K 7s
  9750K .......... .......... .......... .......... .......... 76%  363K 7s
  9800K .......... .......... .......... .......... .......... 76%  477K 7s
  9850K .......... .......... .......... .......... .......... 76%  616K 6s
  9900K .......... .......... .......... .......... .......... 77%  478K 6s
  9950K .......... .......... .......... .......... .......... 77%  461K 6s
 10000K .......... .......... .......... .......... .......... 78%  371K 6s
 10050K .......... .......... .......... .......... .......... 78%  594K 6s
 10100K .......... .......... .......... .......... .......... 78%  463K 6s
 10150K .......... .......... .......... .......... .......... 79%  450K 6s
 10200K .......... .......... .......... .......... .......... 79%  476K 6s
 10250K .......... .......... .......... .......... .......... 79%  464K 6s
 10300K .......... .......... .......... .......... .......... 80%  476K 5s
 10350K .......... .......... .......... .......... .......... 80%  477K 5s
 10400K .......... .......... .......... .......... .......... 81%  463K 5s
 10450K .......... .......... .......... .......... .......... 81%  475K 5s
 10500K .......... .......... .......... .......... .......... 81%  474K 5s
 10550K .......... .......... .......... .......... .......... 82%  467K 5s
 10600K .......... .......... .......... .......... .......... 82%  475K 5s
 10650K .......... .......... .......... .......... .......... 83%  473K 5s
 10700K .......... .......... .......... .......... .......... 83%  397K 5s
 10750K .......... .......... .......... .......... .......... 83%  524K 4s
 10800K .......... .......... .......... .......... .......... 84%  462K 4s
 10850K .......... .......... .......... .......... .......... 84%  477K 4s
 10900K .......... .......... .......... .......... .......... 84%  476K 4s
 10950K .......... .......... .......... .......... .......... 85%  450K 4s
 11000K .......... .......... .......... .......... .......... 85%  476K 4s
 11050K .......... .......... .......... .......... .......... 86%  362K 4s
 11100K .......... .......... .......... .......... .......... 86%  642K 4s
 11150K .......... .......... .......... .......... .......... 86%  462K 4s
 11200K .......... .......... .......... .......... .......... 87%  474K 4s
 11250K .......... .......... .......... .......... .......... 87%  466K 3s
 11300K .......... .......... .......... .......... .......... 88%  476K 3s
 11350K .......... .......... .......... .......... .......... 88%  476K 3s
 11400K .......... .......... .......... .......... .......... 88%  451K 3s
 11450K .......... .......... .......... .......... .......... 89%  476K 3s
 11500K .......... .......... .......... .......... .......... 89%  463K 3s
 11550K .......... .......... .......... .......... .......... 90%  477K 3s
 11600K .......... .......... .......... .......... .......... 90%  473K 3s
 11650K .......... .......... .......... .......... .......... 90%  454K 3s
 11700K .......... .......... .......... .......... .......... 91%  476K 2s
 11750K .......... .......... .......... .......... .......... 91%  473K 2s
 11800K .......... .......... .......... .......... .......... 91%  465K 2s
 11850K .......... .......... .......... .......... .......... 92%  462K 2s
 11900K .......... .......... .......... .......... .......... 92%  474K 2s
 11950K .......... .......... .......... .......... .......... 93%  464K 2s
 12000K .......... .......... .......... .......... .......... 93%  339K 2s
 12050K .......... .......... .......... .......... .......... 93%  730K 2s
 12100K .......... .......... .......... .......... .......... 94%  475K 2s
 12150K .......... .......... .......... .......... .......... 94%  477K 1s
 12200K .......... .......... .......... .......... .......... 95%  464K 1s
 12250K .......... .......... .......... .......... .......... 95%  449K 1s
 12300K .......... .......... .......... .......... .......... 95%  476K 1s
 12350K .......... .......... .......... .......... .......... 96%  463K 1s
 12400K .......... .......... .......... .......... .......... 96%  478K 1s
 12450K .......... .......... .......... .......... .......... 97%  461K 1s
 12500K .......... .......... .......... .......... .......... 97%  451K 1s
 12550K .......... .......... .......... .......... .......... 97%  476K 1s
 12600K .......... .......... .......... .......... .......... 98%  477K 1s
 12650K .......... .......... .......... .......... .......... 98%  387K 0s
 12700K .......... .......... .......... .......... .......... 98%  576K 0s
 12750K .......... .......... .......... .......... .......... 99%  461K 0s
 12800K .......... .......... .......... .......... .......... 99%  475K 0s
 12850K .......... .......... .......... ....                 100%  475K=28s

2016-05-25 02:26:18 (467 KB/s) - ‘index.html.3’ saved [13193358/13193358]

