--2016-05-25 02:35:01--  http://10.30.50.93:8000/
Connecting to 10.30.50.93:8000... connected.
HTTP request sent, awaiting response... 200 OK
Length: 13193358 (13M) [text/html]
Saving to: ‘index.html.16’

     0K .......... .......... .......... .......... ..........  0%  380K 34s
    50K .......... .......... .......... .......... ..........  0%  397K 33s
   100K .......... .......... .......... .......... ..........  1% 97.4K 65s
   150K .......... .......... .......... .......... ..........  1%  145K 71s
   200K .......... .......... .......... .......... ..........  1%  282K 65s
   250K .......... .......... .......... .......... ..........  2%  419K 59s
   300K .......... .......... .......... .......... ..........  2%  377K 55s
   350K .......... .......... .......... .......... ..........  3% 67.5K 71s
   400K .......... .......... .......... .......... ..........  3% 96.2K 78s
   450K .......... .......... .......... .......... ..........  3%  493K 72s
   500K .......... .......... .......... .......... ..........  4%  346K 68s
   550K .......... .......... .......... .......... ..........  4% 71.2K 77s
   600K .......... .......... .......... .......... ..........  5% 53.4K 88s
   650K .......... .......... .......... .......... ..........  5% 66.7K 95s
   700K .......... .......... .......... .......... ..........  5%  378K 90s
   750K .......... .......... .......... .......... ..........  6%  408K 86s
   800K .......... .......... .......... .......... ..........  6%  451K 82s
   850K .......... .......... .......... .......... ..........  6%  334K 79s
   900K .......... .......... .......... .......... ..........  7%  518K 76s
   950K .......... .......... .......... .......... ..........  7%  450K 73s
  1000K .......... .......... .......... .......... ..........  8%  452K 71s
  1050K .......... .......... .......... .......... ..........  8%  414K 68s
  1100K .......... .......... .......... .......... ..........  8%  348K 67s
  1150K .......... .......... .......... .......... ..........  9%  440K 65s
  1200K .......... .......... .......... .......... ..........  9%  396K 63s
  1250K .......... .......... .......... .......... .......... 10%  315K 62s
  1300K .......... .......... .......... .......... .......... 10%  147K 62s
  1350K .......... .......... .......... .......... .......... 10%  429K 61s
  1400K .......... .......... .......... .......... .......... 11%  319K 60s
  1450K .......... .......... .......... .......... .......... 11%  150K 60s
  1500K .......... .......... .......... .......... .......... 12%  427K 58s
  1550K .......... .......... .......... .......... .......... 12%  146K 59s
  1600K .......... .......... .......... .......... .......... 12% 92.6K 60s
  1650K .......... .......... .......... .......... .......... 13%  371K 59s
  1700K .......... .......... .......... .......... .......... 13%  398K 58s
  1750K .......... .......... .......... .......... .......... 13%  379K 57s
  1800K .......... .......... .......... .......... .......... 14%  450K 56s
  1850K .......... .......... .......... .......... .......... 14%  140K 56s
  1900K .......... .......... .......... .......... .......... 15%  371K 55s
  1950K .......... .......... .......... .......... .......... 15%  152K 56s
  2000K .......... .......... .......... .......... .......... 15%  147K 56s
  2050K .......... .......... .......... .......... .......... 16%  125K 56s
  2100K .......... .......... .......... .......... .......... 16%  408K 55s
  2150K .......... .......... .......... .......... .......... 17%  490K 54s
  2200K .......... .......... .......... .......... .......... 17%  346K 53s
  2250K .......... .......... .......... .......... .......... 17%  416K 53s
  2300K .......... .......... .......... .......... .......... 18% 52.9K 55s
  2350K .......... .......... .......... .......... .......... 18%  427K 55s
  2400K .......... .......... .......... .......... .......... 19%  379K 54s
  2450K .......... .......... .......... .......... .......... 19%  288K 53s
  2500K .......... .......... .......... .......... .......... 19%  326K 52s
  2550K .......... .......... .......... .......... .......... 20%  159K 52s
  2600K .......... .......... .......... .......... .......... 20%  326K 52s
  2650K .......... .......... .......... .......... .......... 20%  145K 52s
  2700K .......... .......... .......... .......... .......... 21%  452K 51s
  2750K .......... .......... .......... .......... .......... 21%  376K 50s
  2800K .......... .......... .......... .......... .......... 22%  407K 50s
  2850K .......... .......... .......... .......... .......... 22% 68.0K 51s
  2900K .......... .......... .......... .......... .......... 22%  369K 51s
  2950K .......... .......... .......... .......... .......... 23%  524K 50s
  3000K .......... .......... .......... .......... .......... 23% 66.1K 51s
  3050K .......... .......... .......... .......... .......... 24%  105K 52s
  3100K .......... .......... .......... .......... .......... 24%  200K 51s
  3150K .......... .......... .......... .......... .......... 24%  140K 51s
  3200K .......... .......... .......... .......... .......... 25%  397K 51s
  3250K .......... .......... .......... .......... .......... 25%  339K 50s
  3300K .......... .......... .......... .......... .......... 26% 28.2K 54s
  3350K .......... .......... .......... .......... .......... 26%  492K 53s
  3400K .......... .......... .......... .......... .......... 26%  320K 53s
  3450K .......... .......... .......... .......... .......... 27%  154K 52s
  3500K .......... .......... .......... .......... .......... 27% 19.8K 58s
  3550K .......... .......... .......... .......... .......... 27% 2.81M 57s
  3600K .......... .......... .......... .......... .......... 28% 66.9K 58s
  3650K .......... .......... .......... .......... .......... 28% 90.7K 58s
  3700K .......... .......... .......... .......... .......... 29%  491K 57s
  3750K .......... .......... .......... .......... .......... 29%  139K 57s
  3800K .......... .......... .......... .......... .......... 29% 98.6K 57s
  3850K .......... .......... .......... .......... .......... 30% 91.6K 57s
  3900K .......... .......... .......... .......... .......... 30% 62.6K 58s
  3950K .......... .......... .......... .......... .......... 31%  137K 58s
  4000K .......... .......... .......... .......... .......... 31%  379K 57s
  4050K .......... .......... .......... .......... .......... 31% 67.2K 58s
  4100K .......... .......... .......... .......... .......... 32%  398K 57s
  4150K .......... .......... .......... .......... .......... 32%  142K 57s
  4200K .......... .......... .......... .......... .......... 32% 69.5K 57s
  4250K .......... .......... .......... .......... .......... 33%  145K 57s
  4300K .......... .......... .......... .......... .......... 33%  150K 57s
  4350K .......... .......... .......... .......... .......... 34%  346K 56s
  4400K .......... .......... .......... .......... .......... 34% 71.6K 56s
  4450K .......... .......... .......... .......... .......... 34% 94.7K 56s
  4500K .......... .......... .......... .......... .......... 35%  145K 56s
  4550K .......... .......... .......... .......... .......... 35%  506K 55s
  4600K .......... .......... .......... .......... .......... 36%  151K 55s
  4650K .......... .......... .......... .......... .......... 36%  146K 55s
  4700K .......... .......... .......... .......... .......... 36% 43.2K 56s
  4750K .......... .......... .......... .......... .......... 37%  478K 55s
  4800K .......... .......... .......... .......... .......... 37%  488K 54s
  4850K .......... .......... .......... .......... .......... 38%  364K 53s
  4900K .......... .......... .......... .......... .......... 38%  142K 53s
  4950K .......... .......... .......... .......... .......... 38% 88.7K 53s
  5000K .......... .......... .......... .......... .......... 39%  450K 53s
  5050K .......... .......... .......... .......... .......... 39%  380K 52s
  5100K .......... .......... .......... .......... .......... 39% 92.4K 52s
  5150K .......... .......... .......... .......... .......... 40%  373K 51s
  5200K .......... .......... .......... .......... .......... 40%  437K 51s
  5250K .......... .......... .......... .......... .......... 41%  145K 50s
  5300K .......... .......... .......... .......... .......... 41%  140K 50s
  5350K .......... .......... .......... .......... .......... 41%  417K 49s
  5400K .......... .......... .......... .......... .......... 42%  152K 49s
  5450K .......... .......... .......... .......... .......... 42%  378K 48s
  5500K .......... .......... .......... .......... .......... 43%  405K 48s
  5550K .......... .......... .......... .......... .......... 43%  430K 47s
  5600K .......... .......... .......... .......... .......... 43%  416K 47s
  5650K .......... .......... .......... .......... .......... 44% 92.2K 47s
  5700K .......... .......... .......... .......... .......... 44%  133K 46s
  5750K .......... .......... .......... .......... .......... 45%  463K 46s
  5800K .......... .......... .......... .......... .......... 45%  453K 45s
  5850K .......... .......... .......... .......... .......... 45% 52.2K 46s
  5900K .......... .......... .......... .......... .......... 46%  154K 45s
  5950K .......... .......... .......... .......... .......... 46%  417K 45s
  6000K .......... .......... .......... .......... .......... 46% 44.3K 45s
  6050K .......... .......... .......... .......... .......... 47% 73.2K 45s
  6100K .......... .......... .......... .......... .......... 47% 64.6K 45s
  6150K .......... .......... .......... .......... .......... 48% 91.0K 45s
  6200K .......... .......... .......... .......... .......... 48%  355K 45s
  6250K .......... .......... .......... .......... .......... 48%  141K 45s
  6300K .......... .......... .......... .......... .......... 49%  397K 44s
  6350K .......... .......... .......... .......... .......... 49%  387K 43s
  6400K .......... .......... .......... .......... .......... 50%  137K 43s
  6450K .......... .......... .......... .......... .......... 50%  474K 43s
  6500K .......... .......... .......... .......... .......... 50%  363K 42s
  6550K .......... .......... .......... .......... .......... 51%  304K 42s
  6600K .......... .......... .......... .......... .......... 51%  146K 41s
  6650K .......... .......... .......... .......... .......... 52%  370K 41s
  6700K .......... .......... .......... .......... .......... 52% 65.9K 41s
  6750K .......... .......... .......... .......... .......... 52%  755K 40s
  6800K .......... .......... .......... .......... .......... 53%  355K 40s
  6850K .......... .......... .......... .......... .......... 53%  380K 39s
  6900K .......... .......... .......... .......... .......... 53% 93.1K 39s
  6950K .......... .......... .......... .......... .......... 54%  361K 39s
  7000K .......... .......... .......... .......... .......... 54%  506K 38s
  7050K .......... .......... .......... .......... .......... 55% 91.0K 38s
  7100K .......... .......... .......... .......... .......... 55% 52.4K 38s
  7150K .......... .......... .......... .......... .......... 55%  596K 38s
  7200K .......... .......... .......... .......... .......... 56%  417K 37s
  7250K .......... .......... .......... .......... .......... 56%  154K 37s
  7300K .......... .......... .......... .......... .......... 57%  416K 36s
  7350K .......... .......... .......... .......... .......... 57%  134K 36s
  7400K .......... .......... .......... .......... .......... 57%  397K 35s
  7450K .......... .......... .......... .......... .......... 58% 64.4K 35s
  7500K .......... .......... .......... .......... .......... 58% 98.0K 35s
  7550K .......... .......... .......... .......... .......... 58%  427K 35s
  7600K .......... .......... .......... .......... .......... 59%  386K 34s
  7650K .......... .......... .......... .......... .......... 59%  145K 34s
  7700K .......... .......... .......... .......... .......... 60%  157K 34s
  7750K .......... .......... .......... .......... .......... 60%  152K 33s
  7800K .......... .......... .......... .......... .......... 60%  417K 33s
  7850K .......... .......... .......... .......... .......... 61%  416K 32s
  7900K .......... .......... .......... .......... .......... 61%  380K 32s
  7950K .......... .......... .......... .......... .......... 62%  507K 32s
  8000K .......... .......... .......... .......... .......... 62% 67.4K 31s
  8050K .......... .......... .......... .......... .......... 62% 32.8K 32s
  8100K .......... .......... .......... .......... .......... 63% 65.3K 32s
  8150K .......... .......... .......... .......... .......... 63% 1.82M 31s
  8200K .......... .......... .......... .......... .......... 64%  426K 31s
  8250K .......... .......... .......... .......... .......... 64%  419K 30s
  8300K .......... .......... .......... .......... .......... 64%  150K 30s
  8350K .......... .......... .......... .......... .......... 65%  353K 30s
  8400K .......... .......... .......... .......... .......... 65% 95.9K 29s
  8450K .......... .......... .......... .......... .......... 65%  975K 29s
  8500K .......... .......... .......... .......... .......... 66%  149K 29s
  8550K .......... .......... .......... .......... .......... 66%  138K 28s
  8600K .......... .......... .......... .......... .......... 67% 67.0K 28s
  8650K .......... .......... .......... .......... .......... 67%  320K 28s
  8700K .......... .......... .......... .......... .......... 67%  162K 27s
  8750K .......... .......... .......... .......... .......... 68%  149K 27s
  8800K .......... .......... .......... .......... .......... 68%  363K 27s
  8850K .......... .......... .......... .......... .......... 69%  145K 26s
  8900K .......... .......... .......... .......... .......... 69%  408K 26s
  8950K .......... .......... .......... .......... .......... 69%  395K 25s
  9000K .......... .......... .......... .......... .......... 70% 70.3K 25s
  9050K .......... .......... .......... .......... .......... 70%  542K 25s
  9100K .......... .......... .......... .......... .......... 71%  387K 24s
  9150K .......... .......... .......... .......... .......... 71% 89.1K 24s
  9200K .......... .......... .......... .......... .......... 71%  406K 24s
  9250K .......... .......... .......... .......... .......... 72%  145K 23s
  9300K .......... .......... .......... .......... .......... 72% 63.9K 23s
  9350K .......... .......... .......... .......... .......... 72% 42.5K 23s
  9400K .......... .......... .......... .......... .......... 73%  150K 23s
  9450K .......... .......... .......... .......... .......... 73%  453K 23s
  9500K .......... .......... .......... .......... .......... 74%  143K 22s
  9550K .......... .......... .......... .......... .......... 74%  143K 22s
  9600K .......... .......... .......... .......... .......... 74%  153K 22s
  9650K .......... .......... .......... .......... .......... 75%  476K 21s
  9700K .......... .......... .......... .......... .......... 75%  147K 21s
  9750K .......... .......... .......... .......... .......... 76%  155K 20s
  9800K .......... .......... .......... .......... .......... 76%  397K 20s
  9850K .......... .......... .......... .......... .......... 76%  386K 20s
  9900K .......... .......... .......... .......... .......... 77%  362K 19s
  9950K .......... .......... .......... .......... .......... 77%  397K 19s
 10000K .......... .......... .......... .......... .......... 78% 28.1K 19s
 10050K .......... .......... .......... .......... .......... 78%  144K 19s
 10100K .......... .......... .......... .......... .......... 78%  157K 18s
 10150K .......... .......... .......... .......... .......... 79%  407K 18s
 10200K .......... .......... .......... .......... .......... 79% 95.7K 18s
 10250K .......... .......... .......... .......... .......... 79% 66.4K 17s
 10300K .......... .......... .......... .......... .......... 80%  176K 17s
 10350K .......... .......... .......... .......... .......... 80%  369K 17s
 10400K .......... .......... .......... .......... .......... 81%  136K 16s
 10450K .......... .......... .......... .......... .......... 81% 93.5K 16s
 10500K .......... .......... .......... .......... .......... 81%  355K 16s
 10550K .......... .......... .......... .......... .......... 82% 65.1K 15s
 10600K .......... .......... .......... .......... .......... 82%  439K 15s
 10650K .......... .......... .......... .......... .......... 83%  334K 15s
 10700K .......... .......... .......... .......... .......... 83%  386K 14s
 10750K .......... .......... .......... .......... .......... 83%  335K 14s
 10800K .......... .......... .......... .......... .......... 84%  313K 14s
 10850K .......... .......... .......... .......... .......... 84%  141K 13s
 10900K .......... .......... .......... .......... .......... 84%  439K 13s
 10950K .......... .......... .......... .......... .......... 85%  137K 13s
 11000K .......... .......... .......... .......... .......... 85%  397K 12s
 11050K .......... .......... .......... .......... .......... 86%  395K 12s
 11100K .......... .......... .......... .......... .......... 86%  417K 11s
 11150K .......... .......... .......... .......... .......... 86%  372K 11s
 11200K .......... .......... .......... .......... .......... 87%  147K 11s
 11250K .......... .......... .......... .......... .......... 87%  322K 10s
 11300K .......... .......... .......... .......... .......... 88% 67.4K 10s
 11350K .......... .......... .......... .......... .......... 88%  615K 10s
 11400K .......... .......... .......... .......... .......... 88%  145K 9s
 11450K .......... .......... .......... .......... .......... 89%  139K 9s
 11500K .......... .......... .......... .......... .......... 89%  388K 9s
 11550K .......... .......... .......... .......... .......... 90%  147K 8s
 11600K .......... .......... .......... .......... .......... 90%  149K 8s
 11650K .......... .......... .......... .......... .......... 90%  450K 8s
 11700K .......... .......... .......... .......... .......... 91%  282K 7s
 11750K .......... .......... .......... .......... .......... 91%  451K 7s
 11800K .......... .......... .......... .......... .......... 91%  408K 7s
 11850K .......... .......... .......... .......... .......... 92% 91.0K 6s
 11900K .......... .......... .......... .......... .......... 92%  370K 6s
 11950K .......... .......... .......... .......... .......... 93%  440K 6s
 12000K .......... .......... .......... .......... .......... 93%  346K 5s
 12050K .......... .......... .......... .......... .......... 93%  490K 5s
 12100K .......... .......... .......... .......... .......... 94%  396K 5s
 12150K .......... .......... .......... .......... .......... 94%  493K 4s
 12200K .......... .......... .......... .......... .......... 95%  406K 4s
 12250K .......... .......... .......... .......... .......... 95%  464K 4s
 12300K .......... .......... .......... .......... .......... 95% 65.9K 3s
 12350K .......... .......... .......... .......... .......... 96%  156K 3s
 12400K .......... .......... .......... .......... .......... 96% 53.1K 3s
 12450K .......... .......... .......... .......... .......... 97% 53.9K 3s
 12500K .......... .......... .......... .......... .......... 97%  407K 2s
 12550K .......... .......... .......... .......... .......... 97%  153K 2s
 12600K .......... .......... .......... .......... .......... 98%  100K 2s
 12650K .......... .......... .......... .......... .......... 98% 1.84M 1s
 12700K .......... .......... .......... .......... .......... 98%  145K 1s
 12750K .......... .......... .......... .......... .......... 99% 65.6K 1s
 12800K .......... .......... .......... .......... .......... 99%  397K 0s
 12850K .......... .......... .......... ....                 100%  571K=84s

2016-05-25 02:36:25 (154 KB/s) - ‘index.html.16’ saved [13193358/13193358]

