--2016-05-25 04:08:36--  http://10.30.50.93:8000/
Connecting to 10.30.50.93:8000... connected.
HTTP request sent, awaiting response... 200 OK
Length: 13193358 (13M) [text/html]
Saving to: ‘index.html.15’

     0K .......... .......... .......... .......... ..........  0% 3.00M 4s
    50K .......... .......... .......... .......... ..........  0%  217K 32s
   100K .......... .......... .......... .......... ..........  1%  112K 59s
   150K .......... .......... .......... .......... ..........  1%  810K 48s
   200K .......... .......... .......... .......... ..........  1%  964K 41s
   250K .......... .......... .......... .......... ..........  2%  726K 37s
   300K .......... .......... .......... .......... ..........  2% 76.5K 55s
   350K .......... .......... .......... .......... ..........  3%  110K 62s
   400K .......... .......... .......... .......... ..........  3% 1.60M 56s
   450K .......... .......... .......... .......... ..........  3% 72.6K 67s
   500K .......... .......... .......... .......... ..........  4% 7.96M 61s
   550K .......... .......... .......... .......... ..........  4% 1.04M 56s
   600K .......... .......... .......... .......... ..........  5% 76.6K 64s
   650K .......... .......... .......... .......... ..........  5%  203K 64s
   700K .......... .......... .......... .......... ..........  5%  904K 60s
   750K .......... .......... .......... .......... ..........  6% 1.14M 57s
   800K .......... .......... .......... .......... ..........  6%  949K 54s
   850K .......... .......... .......... .......... ..........  6% 1.22M 51s
   900K .......... .......... .......... .......... ..........  7% 1.01M 49s
   950K .......... .......... .......... .......... ..........  7%  110K 52s
  1000K .......... .......... .......... .......... ..........  8%  963K 50s
  1050K .......... .......... .......... .......... ..........  8%  191K 50s
  1100K .......... .......... .......... .......... ..........  8%  110K 52s
  1150K .......... .......... .......... .......... ..........  9% 1.07M 50s
  1200K .......... .......... .......... .......... ..........  9% 58.7K 56s
  1250K .......... .......... .......... .......... .......... 10% 1.34M 54s
  1300K .......... .......... .......... .......... .......... 10%  984K 52s
  1350K .......... .......... .......... .......... .......... 10%  205K 52s
  1400K .......... .......... .......... .......... .......... 11%  808K 51s
  1450K .......... .......... .......... .......... .......... 11%  983K 49s
  1500K .......... .......... .......... .......... .......... 12% 1.19M 48s
  1550K .......... .......... .......... .......... .......... 12% 1.19M 46s
  1600K .......... .......... .......... .......... .......... 12%  210K 46s
  1650K .......... .......... .......... .......... .......... 13%  978K 45s
  1700K .......... .......... .......... .......... .......... 13%  204K 45s
  1750K .......... .......... .......... .......... .......... 13%  211K 45s
  1800K .......... .......... .......... .......... .......... 14% 1.37M 44s
  1850K .......... .......... .......... .......... .......... 14% 1.24M 43s
  1900K .......... .......... .......... .......... .......... 15% 1.13M 42s
  1950K .......... .......... .......... .......... .......... 15% 77.3K 44s
  2000K .......... .......... .......... .......... .......... 15% 1.03M 43s
  2050K .......... .......... .......... .......... .......... 16%  803K 42s
  2100K .......... .......... .......... .......... .......... 16%  894K 41s
  2150K .......... .......... .......... .......... .......... 17%  198K 41s
  2200K .......... .......... .......... .......... .......... 17%  208K 41s
  2250K .......... .......... .......... .......... .......... 17% 1.42M 40s
  2300K .......... .......... .......... .......... .......... 18% 1.14M 40s
  2350K .......... .......... .......... .......... .......... 18%  206K 40s
  2400K .......... .......... .......... .......... .......... 19% 1019K 39s
  2450K .......... .......... .......... .......... .......... 19% 57.3K 41s
  2500K .......... .......... .......... .......... .......... 19%  880K 41s
  2550K .......... .......... .......... .......... .......... 20% 58.7K 43s
  2600K .......... .......... .......... .......... .......... 20%  960K 42s
  2650K .......... .......... .......... .......... .......... 20% 1.09M 41s
  2700K .......... .......... .......... .......... .......... 21% 1.08M 41s
  2750K .......... .......... .......... .......... .......... 21%  200K 41s
  2800K .......... .......... .......... .......... .......... 22%  207K 41s
  2850K .......... .......... .......... .......... .......... 22% 1.33M 40s
  2900K .......... .......... .......... .......... .......... 22% 1.03M 39s
  2950K .......... .......... .......... .......... .......... 23% 1.16M 38s
  3000K .......... .......... .......... .......... .......... 23% 57.9K 40s
  3050K .......... .......... .......... .......... .......... 24% 1.47M 40s
  3100K .......... .......... .......... .......... .......... 24%  980K 39s
  3150K .......... .......... .......... .......... .......... 24% 1.36M 38s
  3200K .......... .......... .......... .......... .......... 25%  193K 38s
  3250K .......... .......... .......... .......... .......... 25% 1.21M 38s
  3300K .......... .......... .......... .......... .......... 26% 1.04M 37s
  3350K .......... .......... .......... .......... .......... 26% 1.21M 36s
  3400K .......... .......... .......... .......... .......... 26%  199K 36s
  3450K .......... .......... .......... .......... .......... 27% 1.53M 36s
  3500K .......... .......... .......... .......... .......... 27% 1.11M 35s
  3550K .......... .......... .......... .......... .......... 27% 1.45M 35s
  3600K .......... .......... .......... .......... .......... 28%  112K 35s
  3650K .......... .......... .......... .......... .......... 28%  224K 35s
  3700K .......... .......... .......... .......... .......... 29%  206K 35s
  3750K .......... .......... .......... .......... .......... 29% 1.01M 34s
  3800K .......... .......... .......... .......... .......... 29% 1005K 34s
  3850K .......... .......... .......... .......... .......... 30% 1.14M 33s
  3900K .......... .......... .......... .......... .......... 30% 1.20M 33s
  3950K .......... .......... .......... .......... .......... 31% 1.42M 32s
  4000K .......... .......... .......... .......... .......... 31%  113K 33s
  4050K .......... .......... .......... .......... .......... 31%  203K 33s
  4100K .......... .......... .......... .......... .......... 32% 1.08M 32s
  4150K .......... .......... .......... .......... .......... 32% 1.10M 32s
  4200K .......... .......... .......... .......... .......... 32% 1.54M 31s
  4250K .......... .......... .......... .......... .......... 33%  194K 31s
  4300K .......... .......... .......... .......... .......... 33% 1.35M 31s
  4350K .......... .......... .......... .......... .......... 34%  112K 31s
  4400K .......... .......... .......... .......... .......... 34%  202K 31s
  4450K .......... .......... .......... .......... .......... 34% 77.6K 32s
  4500K .......... .......... .......... .......... .......... 35% 1.26M 31s
  4550K .......... .......... .......... .......... .......... 35%  205K 31s
  4600K .......... .......... .......... .......... .......... 36% 58.9K 32s
  4650K .......... .......... .......... .......... .......... 36% 16.9M 31s
  4700K .......... .......... .......... .......... .......... 36% 76.7K 32s
  4750K .......... .......... .......... .......... .......... 37% 1.45M 32s
  4800K .......... .......... .......... .......... .......... 37% 1.27M 31s
  4850K .......... .......... .......... .......... .......... 38%  207K 31s
  4900K .......... .......... .......... .......... .......... 38%  198K 31s
  4950K .......... .......... .......... .......... .......... 38% 1.23M 30s
  5000K .......... .......... .......... .......... .......... 39% 1.31M 30s
  5050K .......... .......... .......... .......... .......... 39% 1.22M 30s
  5100K .......... .......... .......... .......... .......... 39%  839K 29s
  5150K .......... .......... .......... .......... .......... 40% 1.49M 29s
  5200K .......... .......... .......... .......... .......... 40%  912K 28s
  5250K .......... .......... .......... .......... .......... 41%  111K 29s
  5300K .......... .......... .......... .......... .......... 41%  197K 29s
  5350K .......... .......... .......... .......... .......... 41% 1.05M 28s
  5400K .......... .......... .......... .......... .......... 42%  114K 28s
  5450K .......... .......... .......... .......... .......... 42% 2.02M 28s
  5500K .......... .......... .......... .......... .......... 43%  202K 28s
  5550K .......... .......... .......... .......... .......... 43% 1.19M 27s
  5600K .......... .......... .......... .......... .......... 43%  191K 27s
  5650K .......... .......... .......... .......... .......... 44%  216K 27s
  5700K .......... .......... .......... .......... .......... 44%  111K 27s
  5750K .......... .......... .......... .......... .......... 45%  200K 27s
  5800K .......... .......... .......... .......... .......... 45% 1.16M 27s
  5850K .......... .......... .......... .......... .......... 45%  192K 27s
  5900K .......... .......... .......... .......... .......... 46%  199K 27s
  5950K .......... .......... .......... .......... .......... 46% 1.21M 26s
  6000K .......... .......... .......... .......... .......... 46% 1.07M 26s
  6050K .......... .......... .......... .......... .......... 47%  827K 26s
  6100K .......... .......... .......... .......... .......... 47%  208K 25s
  6150K .......... .......... .......... .......... .......... 48%  964K 25s
  6200K .......... .......... .......... .......... .......... 48% 1.53M 25s
  6250K .......... .......... .......... .......... .......... 48%  934K 24s
  6300K .......... .......... .......... .......... .......... 49% 59.3K 25s
  6350K .......... .......... .......... .......... .......... 49% 1.28M 25s
  6400K .......... .......... .......... .......... .......... 50%  203K 24s
  6450K .......... .......... .......... .......... .......... 50%  202K 24s
  6500K .......... .......... .......... .......... .......... 50% 1.33M 24s
  6550K .......... .......... .......... .......... .......... 51% 2.29M 24s
  6600K .......... .......... .......... .......... .......... 51%  200K 23s
  6650K .......... .......... .......... .......... .......... 52% 1.18M 23s
  6700K .......... .......... .......... .......... .......... 52% 1.14M 23s
  6750K .......... .......... .......... .......... .......... 52%  957K 23s
  6800K .......... .......... .......... .......... .......... 53%  914K 22s
  6850K .......... .......... .......... .......... .......... 53%  210K 22s
  6900K .......... .......... .......... .......... .......... 53% 1.24M 22s
  6950K .......... .......... .......... .......... .......... 54% 1.36M 21s
  7000K .......... .......... .......... .......... .......... 54%  213K 21s
  7050K .......... .......... .......... .......... .......... 55% 76.9K 22s
  7100K .......... .......... .......... .......... .......... 55%  830K 21s
  7150K .......... .......... .......... .......... .......... 55% 1.17M 21s
  7200K .......... .......... .......... .......... .......... 56%  103K 21s
  7250K .......... .......... .......... .......... .......... 56% 75.4K 21s
  7300K .......... .......... .......... .......... .......... 57%  838K 21s
  7350K .......... .......... .......... .......... .......... 57% 1.06M 21s
  7400K .......... .......... .......... .......... .......... 57%  205K 20s
  7450K .......... .......... .......... .......... .......... 58% 77.0K 21s
  7500K .......... .......... .......... .......... .......... 58%  218K 20s
  7550K .......... .......... .......... .......... .......... 58% 1.15M 20s
  7600K .......... .......... .......... .......... .......... 59%  211K 20s
  7650K .......... .......... .......... .......... .......... 59%  208K 20s
  7700K .......... .......... .......... .......... .......... 60% 1.19M 20s
  7750K .......... .......... .......... .......... .......... 60% 1.05M 19s
  7800K .......... .......... .......... .......... .......... 60% 1.10M 19s
  7850K .......... .......... .......... .......... .......... 61% 1.06M 19s
  7900K .......... .......... .......... .......... .......... 61%  203K 19s
  7950K .......... .......... .......... .......... .......... 62%  186K 18s
  8000K .......... .......... .......... .......... .......... 62%  919K 18s
  8050K .......... .......... .......... .......... .......... 62% 33.8K 19s
  8100K .......... .......... .......... .......... .......... 63% 1.34M 18s
  8150K .......... .......... .......... .......... .......... 63% 1.53M 18s
  8200K .......... .......... .......... .......... .......... 64%  193K 18s
  8250K .......... .......... .......... .......... .......... 64%  203K 18s
  8300K .......... .......... .......... .......... .......... 64%  203K 18s
  8350K .......... .......... .......... .......... .......... 65%  200K 17s
  8400K .......... .......... .......... .......... .......... 65% 70.1K 18s
  8450K .......... .......... .......... .......... .......... 65%  798K 17s
  8500K .......... .......... .......... .......... .......... 66%  942K 17s
  8550K .......... .......... .......... .......... .......... 66% 1.17M 17s
  8600K .......... .......... .......... .......... .......... 67%  200K 17s
  8650K .......... .......... .......... .......... .......... 67% 1.14M 16s
  8700K .......... .......... .......... .......... .......... 67% 1.00M 16s
  8750K .......... .......... .......... .......... .......... 68% 1.19M 16s
  8800K .......... .......... .......... .......... .......... 68%  198K 16s
  8850K .......... .......... .......... .......... .......... 69% 1.01M 15s
  8900K .......... .......... .......... .......... .......... 69%  952K 15s
  8950K .......... .......... .......... .......... .......... 69% 1.09M 15s
  9000K .......... .......... .......... .......... .......... 70%  717K 15s
  9050K .......... .......... .......... .......... .......... 70% 1.09M 14s
  9100K .......... .......... .......... .......... .......... 71% 1.10M 14s
  9150K .......... .......... .......... .......... .......... 71% 57.3K 14s
  9200K .......... .......... .......... .......... .......... 71% 1.23M 14s
  9250K .......... .......... .......... .......... .......... 72% 57.7K 14s
  9300K .......... .......... .......... .......... .......... 72%  202K 14s
  9350K .......... .......... .......... .......... .......... 72% 34.1K 14s
  9400K .......... .......... .......... .......... .......... 73% 1.08M 14s
  9450K .......... .......... .......... .......... .......... 73%  203K 14s
  9500K .......... .......... .......... .......... .......... 74%  197K 13s
  9550K .......... .......... .......... .......... .......... 74%  910K 13s
  9600K .......... .......... .......... .......... .......... 74% 1.08M 13s
  9650K .......... .......... .......... .......... .......... 75% 1.11M 13s
  9700K .......... .......... .......... .......... .......... 75% 1.01M 12s
  9750K .......... .......... .......... .......... .......... 76%  934K 12s
  9800K .......... .......... .......... .......... .......... 76% 1.48M 12s
  9850K .......... .......... .......... .......... .......... 76% 1.12M 12s
  9900K .......... .......... .......... .......... .......... 77%  196K 12s
  9950K .......... .......... .......... .......... .......... 77% 75.7K 11s
 10000K .......... .......... .......... .......... .......... 78% 1.51M 11s
 10050K .......... .......... .......... .......... .......... 78%  202K 11s
 10100K .......... .......... .......... .......... .......... 78% 1.02M 11s
 10150K .......... .......... .......... .......... .......... 79%  204K 11s
 10200K .......... .......... .......... .......... .......... 79%  192K 10s
 10250K .......... .......... .......... .......... .......... 79% 1.48M 10s
 10300K .......... .......... .......... .......... .......... 80%  106K 10s
 10350K .......... .......... .......... .......... .......... 80% 1.07M 10s
 10400K .......... .......... .......... .......... .......... 81%  196K 10s
 10450K .......... .......... .......... .......... .......... 81%  204K 9s
 10500K .......... .......... .......... .......... .......... 81%  799K 9s
 10550K .......... .......... .......... .......... .......... 82% 1.00M 9s
 10600K .......... .......... .......... .......... .......... 82% 1.31M 9s
 10650K .......... .......... .......... .......... .......... 83% 1.01M 9s
 10700K .......... .......... .......... .......... .......... 83% 1.18M 8s
 10750K .......... .......... .......... .......... .......... 83%  110K 8s
 10800K .......... .......... .......... .......... .......... 84% 78.0K 8s
 10850K .......... .......... .......... .......... .......... 84% 34.0K 8s
 10900K .......... .......... .......... .......... .......... 84% 1.13M 8s
 10950K .......... .......... .......... .......... .......... 85% 1.12M 8s
 11000K .......... .......... .......... .......... .......... 85%  188K 7s
 11050K .......... .......... .......... .......... .......... 86% 1.31M 7s
 11100K .......... .......... .......... .......... .......... 86% 1.18M 7s
 11150K .......... .......... .......... .......... .......... 86%  203K 7s
 11200K .......... .......... .......... .......... .......... 87% 56.7K 7s
 11250K .......... .......... .......... .......... .......... 87% 1.09M 6s
 11300K .......... .......... .......... .......... .......... 88% 1013K 6s
 11350K .......... .......... .......... .......... .......... 88% 1.70M 6s
 11400K .......... .......... .......... .......... .......... 88% 1.59M 6s
 11450K .......... .......... .......... .......... .......... 89% 76.4K 6s
 11500K .......... .......... .......... .......... .......... 89%  214K 5s
 11550K .......... .......... .......... .......... .......... 90% 1.00M 5s
 11600K .......... .......... .......... .......... .......... 90% 1.13M 5s
 11650K .......... .......... .......... .......... .......... 90% 1.44M 5s
 11700K .......... .......... .......... .......... .......... 91% 1.21M 5s
 11750K .......... .......... .......... .......... .......... 91% 1.24M 4s
 11800K .......... .......... .......... .......... .......... 91% 1.30M 4s
 11850K .......... .......... .......... .......... .......... 92% 1.02M 4s
 11900K .......... .......... .......... .......... .......... 92% 77.6K 4s
 11950K .......... .......... .......... .......... .......... 93% 1.47M 4s
 12000K .......... .......... .......... .......... .......... 93% 78.4K 3s
 12050K .......... .......... .......... .......... .......... 93% 2.89M 3s
 12100K .......... .......... .......... .......... .......... 94% 1.40M 3s
 12150K .......... .......... .......... .......... .......... 94% 1.20M 3s
 12200K .......... .......... .......... .......... .......... 95%  201K 3s
 12250K .......... .......... .......... .......... .......... 95%  202K 2s
 12300K .......... .......... .......... .......... .......... 95% 1.96M 2s
 12350K .......... .......... .......... .......... .......... 96% 75.8K 2s
 12400K .......... .......... .......... .......... .......... 96%  910K 2s
 12450K .......... .......... .......... .......... .......... 97% 1.38M 2s
 12500K .......... .......... .......... .......... .......... 97%  203K 1s
 12550K .......... .......... .......... .......... .......... 97% 1.58M 1s
 12600K .......... .......... .......... .......... .......... 98% 1.07M 1s
 12650K .......... .......... .......... .......... .......... 98%  205K 1s
 12700K .......... .......... .......... .......... .......... 98%  197K 1s
 12750K .......... .......... .......... .......... .......... 99% 1.30M 0s
 12800K .......... .......... .......... .......... .......... 99%  110K 0s
 12850K .......... .......... .......... ....                 100%  147K=52s

2016-05-25 04:09:28 (250 KB/s) - ‘index.html.15’ saved [13193358/13193358]

