--2016-05-25 00:20:23--  http://10.30.50.93:8000/
Connecting to 10.30.50.93:8000... connected.
HTTP request sent, awaiting response... 200 OK
Length: 13193358 (13M) [text/html]
Saving to: ‘index.html.9’

     0K .......... .......... .......... .......... ..........  0%  113K 1m54s
    50K .......... .......... .......... .......... ..........  0%  113K 1m53s
   100K .......... .......... .......... .......... ..........  1%  110K 1m54s
   150K .......... .......... .......... .......... ..........  1%  110K 1m54s
   200K .......... .......... .......... .......... ..........  1%  107K 1m55s
   250K .......... .......... .......... .......... ..........  2%  123K 1m52s
   300K .......... .......... .......... .......... ..........  2%  119K 1m51s
   350K .......... .......... .......... .......... ..........  3%  113K 1m50s
   400K .......... .......... .......... .......... ..........  3%  107K 1m51s
   450K .......... .......... .......... .......... ..........  3%  116K 1m50s
   500K .......... .......... .......... .......... ..........  4%  104K 1m50s
   550K .......... .......... .......... .......... ..........  4% 96.9K 1m51s
   600K .......... .......... .......... .......... ..........  5%  113K 1m51s
   650K .......... .......... .......... .......... ..........  5%  107K 1m50s
   700K .......... .......... .......... .......... ..........  5%  107K 1m50s
   750K .......... .......... .......... .......... ..........  6%  123K 1m49s
   800K .......... .......... .......... .......... ..........  6% 94.7K 1m50s
   850K .......... .......... .......... .......... ..........  6%  113K 1m49s
   900K .......... .......... .......... .......... ..........  7%  116K 1m48s
   950K .......... .......... .......... .......... ..........  7%  102K 1m48s
  1000K .......... .......... .......... .......... ..........  8%  113K 1m48s
  1050K .......... .......... .......... .......... ..........  8% 94.8K 1m48s
  1100K .......... .......... .......... .......... ..........  8%  119K 1m47s
  1150K .......... .......... .......... .......... ..........  9% 88.5K 1m48s
  1200K .......... .......... .......... .......... ..........  9%  113K 1m47s
  1250K .......... .......... .......... .......... .......... 10% 56.3K 1m51s
  1300K .......... .......... .......... .......... .......... 10% 80.2K 1m51s
  1350K .......... .......... .......... .......... .......... 10%  113K 1m51s
  1400K .......... .......... .......... .......... .......... 11%  113K 1m50s
  1450K .......... .......... .......... .......... .......... 11%  102K 1m49s
  1500K .......... .......... .......... .......... .......... 12%  116K 1m49s
  1550K .......... .......... .......... .......... .......... 12%  116K 1m48s
  1600K .......... .......... .......... .......... .......... 12%  110K 1m47s
  1650K .......... .......... .......... .......... .......... 13%  116K 1m46s
  1700K .......... .......... .......... .......... .......... 13%  116K 1m46s
  1750K .......... .......... .......... .......... .......... 13%  107K 1m45s
  1800K .......... .......... .......... .......... .......... 14%  110K 1m44s
  1850K .......... .......... .......... .......... .......... 14%  104K 1m44s
  1900K .......... .......... .......... .......... .......... 15%  107K 1m44s
  1950K .......... .......... .......... .......... .......... 15%  116K 1m43s
  2000K .......... .......... .......... .......... .......... 15%  113K 1m42s
  2050K .......... .......... .......... .......... .......... 16% 78.6K 1m43s
  2100K .......... .......... .......... .......... .......... 16%  173K 1m41s
  2150K .......... .......... .......... .......... .......... 17%  102K 1m41s
  2200K .......... .......... .......... .......... .......... 17%  107K 1m40s
  2250K .......... .......... .......... .......... .......... 17%  119K 1m40s
  2300K .......... .......... .......... .......... .......... 18% 90.6K 1m40s
  2350K .......... .......... .......... .......... .......... 18%  130K 99s
  2400K .......... .......... .......... .......... .......... 19%  107K 98s
  2450K .......... .......... .......... .......... .......... 19% 90.6K 98s
  2500K .......... .......... .......... .......... .......... 19%  130K 97s
  2550K .......... .......... .......... .......... .......... 20% 92.6K 97s
  2600K .......... .......... .......... .......... .......... 20%  107K 97s
  2650K .......... .......... .......... .......... .......... 20%  102K 96s
  2700K .......... .......... .......... .......... .......... 21% 94.6K 96s
  2750K .......... .......... .......... .......... .......... 21%  126K 95s
  2800K .......... .......... .......... .......... .......... 22%  113K 95s
  2850K .......... .......... .......... .......... .......... 22%  104K 94s
  2900K .......... .......... .......... .......... .......... 22%  119K 93s
  2950K .......... .......... .......... .......... .......... 23% 99.3K 93s
  3000K .......... .......... .......... .......... .......... 23%  134K 92s
  3050K .......... .......... .......... .......... .......... 24% 99.1K 92s
  3100K .......... .......... .......... .......... .......... 24%  116K 91s
  3150K .......... .......... .......... .......... .......... 24%  113K 91s
  3200K .......... .......... .......... .......... .......... 25%  104K 90s
  3250K .......... .......... .......... .......... .......... 25%  104K 90s
  3300K .......... .......... .......... .......... .......... 26%  116K 89s
  3350K .......... .......... .......... .......... .......... 26%  119K 89s
  3400K .......... .......... .......... .......... .......... 26%  107K 88s
  3450K .......... .......... .......... .......... .......... 27%  116K 88s
  3500K .......... .......... .......... .......... .......... 27% 88.6K 88s
  3550K .......... .......... .......... .......... .......... 27%  130K 87s
  3600K .......... .......... .......... .......... .......... 28%  110K 86s
  3650K .......... .......... .......... .......... .......... 28%  107K 86s
  3700K .......... .......... .......... .......... .......... 29%  102K 85s
  3750K .......... .......... .......... .......... .......... 29%  102K 85s
  3800K .......... .......... .......... .......... .......... 29%  126K 84s
  3850K .......... .......... .......... .......... .......... 30%  116K 84s
  3900K .......... .......... .......... .......... .......... 30%  119K 83s
  3950K .......... .......... .......... .......... .......... 31%  102K 83s
  4000K .......... .......... .......... .......... .......... 31%  113K 82s
  4050K .......... .......... .......... .......... .......... 31%  116K 82s
  4100K .......... .......... .......... .......... .......... 32%  110K 81s
  4150K .......... .......... .......... .......... .......... 32%  110K 81s
  4200K .......... .......... .......... .......... .......... 32%  107K 80s
  4250K .......... .......... .......... .......... .......... 33%  113K 80s
  4300K .......... .......... .......... .......... .......... 33%  116K 79s
  4350K .......... .......... .......... .......... .......... 34%  113K 79s
  4400K .......... .......... .......... .......... .......... 34%  116K 78s
  4450K .......... .......... .......... .......... .......... 34% 96.9K 78s
  4500K .......... .......... .......... .......... .......... 35%  134K 77s
  4550K .......... .......... .......... .......... .......... 35%  110K 77s
  4600K .......... .......... .......... .......... .......... 36% 99.2K 76s
  4650K .......... .......... .......... .......... .......... 36%  110K 76s
  4700K .......... .......... .......... .......... .......... 36%  104K 76s
  4750K .......... .......... .......... .......... .......... 37%  119K 75s
  4800K .......... .......... .......... .......... .......... 37%  113K 75s
  4850K .......... .......... .......... .......... .......... 38%  113K 74s
  4900K .......... .......... .......... .......... .......... 38%  101K 74s
  4950K .......... .......... .......... .......... .......... 38%  116K 73s
  5000K .......... .......... .......... .......... .......... 39% 99.2K 73s
  5050K .......... .......... .......... .......... .......... 39%  119K 72s
  5100K .......... .......... .......... .......... .......... 39% 66.2K 72s
  5150K .......... .......... .......... .......... .......... 40%  116K 72s
  5200K .......... .......... .......... .......... .......... 40%  110K 71s
  5250K .......... .......... .......... .......... .......... 41%  104K 71s
  5300K .......... .......... .......... .......... .......... 41%  119K 70s
  5350K .......... .......... .......... .......... .......... 41% 99.2K 70s
  5400K .......... .......... .......... .......... .......... 42% 67.2K 70s
  5450K .......... .......... .......... .......... .......... 42%  119K 69s
  5500K .......... .......... .......... .......... .......... 43%  113K 69s
  5550K .......... .......... .......... .......... .......... 43% 86.8K 68s
  5600K .......... .......... .......... .......... .......... 43%  123K 68s
  5650K .......... .......... .......... .......... .......... 44%  122K 67s
  5700K .......... .......... .......... .......... .......... 44%  113K 67s
  5750K .......... .......... .......... .......... .......... 45%  107K 66s
  5800K .......... .......... .......... .......... .......... 45%  107K 66s
  5850K .......... .......... .......... .......... .......... 45%  113K 65s
  5900K .......... .......... .......... .......... .......... 46%  126K 65s
  5950K .......... .......... .......... .......... .......... 46%  102K 64s
  6000K .......... .......... .......... .......... .......... 46%  119K 64s
  6050K .......... .......... .......... .......... .......... 47%  107K 63s
  6100K .......... .......... .......... .......... .......... 47%  113K 63s
  6150K .......... .......... .......... .......... .......... 48% 96.9K 62s
  6200K .......... .......... .......... .......... .......... 48%  104K 62s
  6250K .......... .......... .......... .......... .......... 48%  110K 61s
  6300K .......... .......... .......... .......... .......... 49%  116K 61s
  6350K .......... .......... .......... .......... .......... 49%  110K 60s
  6400K .......... .......... .......... .......... .......... 50% 90.7K 60s
  6450K .......... .......... .......... .......... .......... 50%  116K 60s
  6500K .......... .......... .......... .......... .......... 50%  116K 59s
  6550K .......... .......... .......... .......... .......... 51%  104K 59s
  6600K .......... .......... .......... .......... .......... 51%  104K 58s
  6650K .......... .......... .......... .......... .......... 52%  113K 58s
  6700K .......... .......... .......... .......... .......... 52%  110K 57s
  6750K .......... .......... .......... .......... .......... 52% 96.9K 57s
  6800K .......... .......... .......... .......... .......... 53%  119K 56s
  6850K .......... .......... .......... .......... .......... 53%  116K 56s
  6900K .......... .......... .......... .......... .......... 53%  107K 55s
  6950K .......... .......... .......... .......... .......... 54%  110K 55s
  7000K .......... .......... .......... .......... .......... 54% 45.3K 55s
  7050K .......... .......... .......... .......... .......... 55%  113K 54s
  7100K .......... .......... .......... .......... .......... 55% 86.7K 54s
  7150K .......... .......... .......... .......... .......... 55%  154K 53s
  7200K .......... .......... .......... .......... .......... 56%  102K 53s
  7250K .......... .......... .......... .......... .......... 56%  119K 52s
  7300K .......... .......... .......... .......... .......... 57% 88.6K 52s
  7350K .......... .......... .......... .......... .......... 57%  135K 52s
  7400K .......... .......... .......... .......... .......... 57%  116K 51s
  7450K .......... .......... .......... .......... .......... 58%  119K 51s
  7500K .......... .......... .......... .......... .......... 58%  107K 50s
  7550K .......... .......... .......... .......... .......... 58%  107K 50s
  7600K .......... .......... .......... .......... .......... 59% 65.1K 49s
  7650K .......... .......... .......... .......... .......... 59% 92.6K 49s
  7700K .......... .......... .......... .......... .......... 60%  107K 48s
  7750K .......... .......... .......... .......... .......... 60%  112K 48s
  7800K .......... .......... .......... .......... .......... 60%  107K 47s
  7850K .......... .......... .......... .......... .......... 61%  110K 47s
  7900K .......... .......... .......... .......... .......... 61% 99.2K 47s
  7950K .......... .......... .......... .......... .......... 62% 97.0K 46s
  8000K .......... .......... .......... .......... .......... 62%  104K 46s
  8050K .......... .......... .......... .......... .......... 62%  110K 45s
  8100K .......... .......... .......... .......... .......... 63%  116K 45s
  8150K .......... .......... .......... .......... .......... 63%  107K 44s
  8200K .......... .......... .......... .......... .......... 64%  113K 44s
  8250K .......... .......... .......... .......... .......... 64% 62.2K 43s
  8300K .......... .......... .......... .......... .......... 64%  113K 43s
  8350K .......... .......... .......... .......... .......... 65%  113K 42s
  8400K .......... .......... .......... .......... .......... 65%  116K 42s
  8450K .......... .......... .......... .......... .......... 65%  110K 41s
  8500K .......... .......... .......... .......... .......... 66% 99.1K 41s
  8550K .......... .......... .......... .......... .......... 66%  107K 41s
  8600K .......... .......... .......... .......... .......... 67% 94.8K 40s
  8650K .......... .......... .......... .......... .......... 67%  130K 40s
  8700K .......... .......... .......... .......... .......... 67%  113K 39s
  8750K .......... .......... .......... .......... .......... 68%  107K 39s
  8800K .......... .......... .......... .......... .......... 68%  102K 38s
  8850K .......... .......... .......... .......... .......... 69% 99.2K 38s
  8900K .......... .......... .......... .......... .......... 69%  130K 37s
  8950K .......... .......... .......... .......... .......... 69%  113K 37s
  9000K .......... .......... .......... .......... .......... 70%  113K 36s
  9050K .......... .......... .......... .......... .......... 70%  110K 36s
  9100K .......... .......... .......... .......... .......... 71% 90.7K 35s
  9150K .......... .......... .......... .......... .......... 71%  134K 35s
  9200K .......... .......... .......... .......... .......... 71%  104K 34s
  9250K .......... .......... .......... .......... .......... 72% 90.6K 34s
  9300K .......... .......... .......... .......... .......... 72%  110K 33s
  9350K .......... .......... .......... .......... .......... 72% 94.8K 33s
  9400K .......... .......... .......... .......... .......... 73% 60.4K 33s
  9450K .......... .......... .......... .......... .......... 73% 99.2K 32s
  9500K .......... .......... .......... .......... .......... 74%  116K 32s
  9550K .......... .......... .......... .......... .......... 74%  116K 31s
  9600K .......... .......... .......... .......... .......... 74%  113K 31s
  9650K .......... .......... .......... .......... .......... 75% 97.0K 30s
  9700K .......... .......... .......... .......... .......... 75%  110K 30s
  9750K .......... .......... .......... .......... .......... 76%  107K 29s
  9800K .......... .......... .......... .......... .......... 76%  113K 29s
  9850K .......... .......... .......... .......... .......... 76% 97.0K 28s
  9900K .......... .......... .......... .......... .......... 77% 88.6K 28s
  9950K .......... .......... .......... .......... .......... 77%  130K 27s
 10000K .......... .......... .......... .......... .......... 78%  113K 27s
 10050K .......... .......... .......... .......... .......... 78%  116K 26s
 10100K .......... .......... .......... .......... .......... 78% 96.9K 26s
 10150K .......... .......... .......... .......... .......... 79%  110K 25s
 10200K .......... .......... .......... .......... .......... 79%  116K 25s
 10250K .......... .......... .......... .......... .......... 79%  110K 24s
 10300K .......... .......... .......... .......... .......... 80%  119K 24s
 10350K .......... .......... .......... .......... .......... 80% 64.1K 24s
 10400K .......... .......... .......... .......... .......... 81% 57.1K 23s
 10450K .......... .......... .......... .......... .......... 81%  122K 23s
 10500K .......... .......... .......... .......... .......... 81% 81.8K 22s
 10550K .......... .......... .......... .......... .......... 82% 99.1K 22s
 10600K .......... .......... .......... .......... .......... 82%  104K 21s
 10650K .......... .......... .......... .......... .......... 83%  113K 21s
 10700K .......... .......... .......... .......... .......... 83%  110K 20s
 10750K .......... .......... .......... .......... .......... 83%  109K 20s
 10800K .......... .......... .......... .......... .......... 84% 90.7K 19s
 10850K .......... .......... .......... .......... .......... 84%  116K 19s
 10900K .......... .......... .......... .......... .......... 84% 78.7K 18s
 10950K .......... .......... .......... .......... .......... 85%  130K 18s
 11000K .......... .......... .......... .......... .......... 85% 40.1K 18s
 11050K .......... .......... .......... .......... .......... 86%  104K 17s
 11100K .......... .......... .......... .......... .......... 86%  110K 17s
 11150K .......... .......... .......... .......... .......... 86%  113K 16s
 11200K .......... .......... .......... .......... .......... 87%  102K 16s
 11250K .......... .......... .......... .......... .......... 87%  110K 15s
 11300K .......... .......... .......... .......... .......... 88%  126K 15s
 11350K .......... .......... .......... .......... .......... 88%  104K 14s
 11400K .......... .......... .......... .......... .......... 88%  123K 14s
 11450K .......... .......... .......... .......... .......... 89%  116K 13s
 11500K .......... .......... .......... .......... .......... 89%  104K 13s
 11550K .......... .......... .......... .......... .......... 90%  119K 12s
 11600K .......... .......... .......... .......... .......... 90% 94.7K 12s
 11650K .......... .......... .......... .......... .......... 90%  102K 11s
 11700K .......... .......... .......... .......... .......... 91% 99.3K 11s
 11750K .......... .......... .......... .......... .......... 91%  119K 10s
 11800K .......... .......... .......... .......... .......... 91% 96.9K 10s
 11850K .......... .......... .......... .......... .......... 92%  102K 9s
 11900K .......... .......... .......... .......... .......... 92%  119K 9s
 11950K .......... .......... .......... .......... .......... 93%  102K 8s
 12000K .......... .......... .......... .......... .......... 93%  104K 8s
 12050K .......... .......... .......... .......... .......... 93%  113K 8s
 12100K .......... .......... .......... .......... .......... 94%  102K 7s
 12150K .......... .......... .......... .......... .......... 94%  107K 7s
 12200K .......... .......... .......... .......... .......... 95%  116K 6s
 12250K .......... .......... .......... .......... .......... 95%  113K 6s
 12300K .......... .......... .......... .......... .......... 95%  104K 5s
 12350K .......... .......... .......... .......... .......... 96%  104K 5s
 12400K .......... .......... .......... .......... .......... 96%  110K 4s
 12450K .......... .......... .......... .......... .......... 97%  110K 4s
 12500K .......... .......... .......... .......... .......... 97%  113K 3s
 12550K .......... .......... .......... .......... .......... 97% 90.6K 3s
 12600K .......... .......... .......... .......... .......... 98%  139K 2s
 12650K .......... .......... .......... .......... .......... 98%  116K 2s
 12700K .......... .......... .......... .......... .......... 98%  102K 1s
 12750K .......... .......... .......... .......... .......... 99% 94.7K 1s
 12800K .......... .......... .......... .......... .......... 99% 60.4K 0s
 12850K .......... .......... .......... ....                 100%  129K=2m4s

2016-05-25 00:22:26 (104 KB/s) - ‘index.html.9’ saved [13193358/13193358]

