--2016-05-25 00:47:52--  http://10.30.50.93:8000/
Connecting to 10.30.50.93:8000... connected.
HTTP request sent, awaiting response... 200 OK
Length: 13193358 (13M) [text/html]
Saving to: ‘index.html.19’

     0K .......... .......... .......... .......... ..........  0% 92.6K 2m19s
    50K .......... .......... .......... .......... ..........  0% 32.1K 4m28s
   100K .......... .......... .......... .......... ..........  1% 67.2K 4m1s
   150K .......... .......... .......... .......... ..........  1% 62.2K 3m51s
   200K .......... .......... .......... .......... ..........  1%  104K 3m29s
   250K .......... .......... .......... .......... ..........  2% 60.3K 3m28s
   300K .......... .......... .......... .......... ..........  2% 61.3K 3m27s
   350K .......... .......... .......... .......... ..........  3% 99.3K 3m16s
   400K .......... .......... .......... .......... ..........  3% 45.3K 3m24s
   450K .......... .......... .......... .......... ..........  3% 90.7K 3m16s
   500K .......... .......... .......... .......... ..........  4% 99.1K 3m9s
   550K .......... .......... .......... .......... ..........  4% 59.6K 3m10s
   600K .......... .......... .......... .......... ..........  5% 24.9K 3m32s
   650K .......... .......... .......... .......... ..........  5% 34.2K 3m42s
   700K .......... .......... .......... .......... ..........  5%  113K 3m33s
   750K .......... .......... .......... .......... ..........  6% 68.3K 3m30s
   800K .......... .......... .......... .......... ..........  6% 47.3K 3m32s
   850K .......... .......... .......... .......... ..........  6% 67.2K 3m29s
   900K .......... .......... .......... .......... ..........  7%  102K 3m24s
   950K .......... .......... .......... .......... ..........  7% 50.8K 3m24s
  1000K .......... .......... .......... .......... ..........  8% 41.2K 3m27s
  1050K .......... .......... .......... .......... ..........  8% 66.2K 3m25s
  1100K .......... .......... .......... .......... ..........  8%  112K 3m20s
  1150K .......... .......... .......... .......... ..........  9% 51.4K 3m20s
  1200K .......... .......... .......... .......... ..........  9%  107K 3m16s
  1250K .......... .......... .......... .......... .......... 10% 65.1K 3m14s
  1300K .......... .......... .......... .......... .......... 10% 15.4K 3m34s
  1350K .......... .......... .......... .......... .......... 10% 75.7K 3m31s
  1400K .......... .......... .......... .......... .......... 11% 47.9K 3m31s
  1450K .......... .......... .......... .......... .......... 11% 71.8K 3m28s
  1500K .......... .......... .......... .......... .......... 12% 97.0K 3m25s
  1550K .......... .......... .......... .......... .......... 12% 49.0K 3m25s
  1600K .......... .......... .......... .......... .......... 12% 94.8K 3m21s
  1650K .......... .......... .......... .......... .......... 13% 65.1K 3m19s
  1700K .......... .......... .......... .......... .......... 13%  104K 3m16s
  1750K .......... .......... .......... .......... .......... 13% 99.1K 3m13s
  1800K .......... .......... .......... .......... .......... 14% 49.6K 3m13s
  1850K .......... .......... .......... .......... .......... 14%  119K 3m9s
  1900K .......... .......... .......... .......... .......... 15% 32.1K 3m12s
  1950K .......... .......... .......... .......... .......... 15%  113K 3m9s
  2000K .......... .......... .......... .......... .......... 15% 61.2K 3m8s
  2050K .......... .......... .......... .......... .......... 16% 34.2K 3m10s
  2100K .......... .......... .......... .......... .......... 16%  104K 3m7s
  2150K .......... .......... .......... .......... .......... 17% 29.3K 3m10s
  2200K .......... .......... .......... .......... .......... 17% 43.4K 3m11s
  2250K .......... .......... .......... .......... .......... 17% 40.1K 3m11s
  2300K .......... .......... .......... .......... .......... 18% 71.9K 3m10s
  2350K .......... .......... .......... .......... .......... 18% 26.0K 3m13s
  2400K .......... .......... .......... .......... .......... 19% 50.2K 3m12s
  2450K .......... .......... .......... .......... .......... 19% 96.9K 3m10s
  2500K .......... .......... .......... .......... .......... 19% 24.5K 3m14s
  2550K .......... .......... .......... .......... .......... 20%  182K 3m10s
  2600K .......... .......... .......... .......... .......... 20% 64.1K 3m8s
  2650K .......... .......... .......... .......... .......... 20% 28.9K 3m11s
  2700K .......... .......... .......... .......... .......... 21% 20.4K 3m15s
  2750K .......... .......... .......... .......... .......... 21%  161K 3m12s
  2800K .......... .......... .......... .......... .......... 22% 56.2K 3m11s
  2850K .......... .......... .......... .......... .......... 22% 57.1K 3m10s
  2900K .......... .......... .......... .......... .......... 22% 65.1K 3m8s
  2950K .......... .......... .......... .......... .......... 23% 90.5K 3m6s
  3000K .......... .......... .......... .......... .......... 23% 71.9K 3m4s
  3050K .......... .......... .......... .......... .......... 24% 67.2K 3m2s
  3100K .......... .......... .......... .......... .......... 24% 92.6K 3m0s
  3150K .......... .......... .......... .......... .......... 24% 38.6K 3m1s
  3200K .......... .......... .......... .......... .......... 25% 92.6K 2m58s
  3250K .......... .......... .......... .......... .......... 25%  116K 2m56s
  3300K .......... .......... .......... .......... .......... 26% 69.4K 2m55s
  3350K .......... .......... .......... .......... .......... 26% 94.8K 2m53s
  3400K .......... .......... .......... .......... .......... 26% 51.5K 2m52s
  3450K .......... .......... .......... .......... .......... 27% 33.9K 2m52s
  3500K .......... .......... .......... .......... .......... 27%  104K 2m50s
  3550K .......... .......... .......... .......... .......... 27% 50.8K 2m50s
  3600K .......... .......... .......... .......... .......... 28% 34.1K 2m50s
  3650K .......... .......... .......... .......... .......... 28% 40.1K 2m50s
  3700K .......... .......... .......... .......... .......... 29% 40.5K 2m50s
  3750K .......... .......... .......... .......... .......... 29% 70.6K 2m48s
  3800K .......... .......... .......... .......... .......... 29% 51.5K 2m48s
  3850K .......... .......... .......... .......... .......... 30% 69.4K 2m46s
  3900K .......... .......... .......... .......... .......... 30% 53.4K 2m45s
  3950K .......... .......... .......... .......... .......... 31% 47.9K 2m45s
  4000K .......... .......... .......... .......... .......... 31% 42.1K 2m44s
  4050K .......... .......... .......... .......... .......... 31% 92.6K 2m42s
  4100K .......... .......... .......... .......... .......... 32%  119K 2m40s
  4150K .......... .......... .......... .......... .......... 32% 59.5K 2m39s
  4200K .......... .......... .......... .......... .......... 32%  107K 2m38s
  4250K .......... .......... .......... .......... .......... 33% 50.2K 2m37s
  4300K .......... .......... .......... .......... .......... 33% 22.4K 2m39s
  4350K .......... .......... .......... .......... .......... 34% 78.7K 2m37s
  4400K .......... .......... .......... .......... .......... 34%  107K 2m35s
  4450K .......... .......... .......... .......... .......... 34%  104K 2m33s
  4500K .......... .......... .......... .......... .......... 35%  110K 2m32s
  4550K .......... .......... .......... .......... .......... 35% 66.2K 2m31s
  4600K .......... .......... .......... .......... .......... 36%  110K 2m29s
  4650K .......... .......... .......... .......... .......... 36% 37.9K 2m29s
  4700K .......... .......... .......... .......... .......... 36% 99.3K 2m27s
  4750K .......... .......... .......... .......... .......... 37% 47.3K 2m26s
  4800K .......... .......... .......... .......... .......... 37% 67.2K 2m25s
  4850K .......... .......... .......... .......... .......... 38%  102K 2m24s
  4900K .......... .......... .......... .......... .......... 38% 99.3K 2m22s
  4950K .......... .......... .......... .......... .......... 38% 66.1K 2m21s
  5000K .......... .......... .......... .......... .......... 39% 31.6K 2m21s
  5050K .......... .......... .......... .......... .......... 39% 42.5K 2m21s
  5100K .......... .......... .......... .......... .......... 39% 23.4K 2m22s
  5150K .......... .......... .......... .......... .......... 40% 69.5K 2m20s
  5200K .......... .......... .......... .......... .......... 40% 35.9K 2m20s
  5250K .......... .......... .......... .......... .......... 41% 59.5K 2m19s
  5300K .......... .......... .......... .......... .......... 41% 68.3K 2m18s
  5350K .......... .......... .......... .......... .......... 41% 92.6K 2m17s
  5400K .......... .......... .......... .......... .......... 42% 23.0K 2m17s
  5450K .......... .......... .......... .......... .......... 42% 43.4K 2m17s
  5500K .......... .......... .......... .......... .......... 43% 65.1K 2m16s
  5550K .......... .......... .......... .......... .......... 43% 66.2K 2m14s
  5600K .......... .......... .......... .......... .......... 43% 49.6K 2m14s
  5650K .......... .......... .......... .......... .......... 44% 41.7K 2m13s
  5700K .......... .......... .......... .......... .......... 44% 71.8K 2m12s
  5750K .......... .......... .......... .......... .......... 45%  110K 2m10s
  5800K .......... .......... .......... .......... .......... 45% 90.6K 2m9s
  5850K .......... .......... .......... .......... .......... 45% 65.0K 2m8s
  5900K .......... .......... .......... .......... .......... 46% 34.2K 2m8s
  5950K .......... .......... .......... .......... .......... 46% 41.3K 2m7s
  6000K .......... .......... .......... .......... .......... 46% 83.3K 2m6s
  6050K .......... .......... .......... .......... .......... 47%  126K 2m4s
  6100K .......... .......... .......... .......... .......... 47% 66.1K 2m3s
  6150K .......... .......... .......... .......... .......... 48%  107K 2m2s
  6200K .......... .......... .......... .......... .......... 48% 59.5K 2m1s
  6250K .......... .......... .......... .......... .......... 48% 54.1K 2m0s
  6300K .......... .......... .......... .......... .......... 49%  119K 1m58s
  6350K .......... .......... .......... .......... .......... 49% 92.6K 1m57s
  6400K .......... .......... .......... .......... .......... 50% 57.1K 1m56s
  6450K .......... .......... .......... .......... .......... 50%  107K 1m55s
  6500K .......... .......... .......... .......... .......... 50% 94.8K 1m54s
  6550K .......... .......... .......... .......... .......... 51% 67.2K 1m53s
  6600K .......... .......... .......... .......... .......... 51% 54.8K 1m52s
  6650K .......... .......... .......... .......... .......... 52% 52.7K 1m51s
  6700K .......... .......... .......... .......... .......... 52% 90.5K 1m50s
  6750K .......... .......... .......... .......... .......... 52% 11.5K 1m52s
  6800K .......... .......... .......... .......... .......... 53% 43.8K 1m51s
  6850K .......... .......... .......... .......... .......... 53% 61.3K 1m50s
  6900K .......... .......... .......... .......... .......... 53%  104K 1m49s
  6950K .......... .......... .......... .......... .......... 54% 66.1K 1m48s
  7000K .......... .......... .......... .......... .......... 54% 66.2K 1m47s
  7050K .......... .......... .......... .......... .......... 55%  110K 1m45s
  7100K .......... .......... .......... .......... .......... 55% 69.4K 1m44s
  7150K .......... .......... .......... .......... .......... 55%  107K 1m43s
  7200K .......... .......... .......... .......... .......... 56% 59.5K 1m42s
  7250K .......... .......... .......... .......... .......... 56% 99.2K 1m41s
  7300K .......... .......... .......... .......... .......... 57% 31.1K 1m41s
  7350K .......... .......... .......... .......... .......... 57% 62.2K 1m40s
  7400K .......... .......... .......... .......... .......... 57% 50.8K 99s
  7450K .......... .......... .......... .......... .......... 58%  107K 98s
  7500K .......... .......... .......... .......... .......... 58% 32.0K 97s
  7550K .......... .......... .......... .......... .......... 58% 42.5K 96s
  7600K .......... .......... .......... .......... .......... 59% 34.4K 96s
  7650K .......... .......... .......... .......... .......... 59% 68.3K 95s
  7700K .......... .......... .......... .......... .......... 60% 43.9K 94s
  7750K .......... .......... .......... .......... .......... 60%  113K 93s
  7800K .......... .......... .......... .......... .......... 60% 58.7K 92s
  7850K .......... .......... .......... .......... .......... 61% 69.5K 91s
  7900K .......... .......... .......... .......... .......... 61% 49.0K 90s
  7950K .......... .......... .......... .......... .......... 62% 37.9K 89s
  8000K .......... .......... .......... .......... .......... 62%  116K 88s
  8050K .......... .......... .......... .......... .......... 62%  107K 87s
  8100K .......... .......... .......... .......... .......... 63% 64.1K 86s
  8150K .......... .......... .......... .......... .......... 63% 65.1K 85s
  8200K .......... .......... .......... .......... .......... 64% 21.8K 85s
  8250K .......... .......... .......... .......... .......... 64% 20.3K 85s
  8300K .......... .......... .......... .......... .......... 64% 38.9K 84s
  8350K .......... .......... .......... .......... .......... 65%  102K 83s
  8400K .......... .......... .......... .......... .......... 65%  110K 82s
  8450K .......... .......... .......... .......... .......... 65% 96.9K 81s
  8500K .......... .......... .......... .......... .......... 66% 35.6K 80s
  8550K .......... .......... .......... .......... .......... 66% 60.3K 79s
  8600K .......... .......... .......... .......... .......... 67%  110K 78s
  8650K .......... .......... .......... .......... .......... 67% 69.4K 77s
  8700K .......... .......... .......... .......... .......... 67% 74.5K 76s
  8750K .......... .......... .......... .......... .......... 68% 42.9K 75s
  8800K .......... .......... .......... .......... .......... 68% 67.2K 74s
  8850K .......... .......... .......... .......... .......... 69% 23.0K 74s
  8900K .......... .......... .......... .......... .......... 69% 66.2K 73s
  8950K .......... .......... .......... .......... .......... 69% 67.3K 72s
  9000K .......... .......... .......... .......... .......... 70% 74.4K 71s
  9050K .......... .......... .......... .......... .......... 70% 67.1K 70s
  9100K .......... .......... .......... .......... .......... 71% 66.2K 69s
  9150K .......... .......... .......... .......... .......... 71% 64.1K 68s
  9200K .......... .......... .......... .......... .......... 71% 61.3K 67s
  9250K .......... .......... .......... .......... .......... 72%  116K 66s
  9300K .......... .......... .......... .......... .......... 72% 64.1K 65s
  9350K .......... .......... .......... .......... .......... 72% 30.6K 64s
  9400K .......... .......... .......... .......... .......... 73% 99.4K 63s
  9450K .......... .......... .......... .......... .......... 73% 96.7K 62s
  9500K .......... .......... .......... .......... .......... 74% 80.1K 61s
  9550K .......... .......... .......... .......... .......... 74% 44.8K 60s
  9600K .......... .......... .......... .......... .......... 74% 55.6K 59s
  9650K .......... .......... .......... .......... .......... 75%  104K 58s
  9700K .......... .......... .......... .......... .......... 75% 23.0K 57s
  9750K .......... .......... .......... .......... .......... 76% 41.2K 57s
  9800K .......... .......... .......... .......... .......... 76% 28.7K 56s
  9850K .......... .......... .......... .......... .......... 76% 96.9K 55s
  9900K .......... .......... .......... .......... .......... 77% 23.5K 54s
  9950K .......... .......... .......... .......... .......... 77% 83.5K 53s
 10000K .......... .......... .......... .......... .......... 78% 50.2K 52s
 10050K .......... .......... .......... .......... .......... 78% 37.5K 52s
 10100K .......... .......... .......... .......... .......... 78% 65.1K 51s
 10150K .......... .......... .......... .......... .......... 79% 21.6K 50s
 10200K .......... .......... .......... .......... .......... 79% 28.7K 49s
 10250K .......... .......... .......... .......... .......... 79% 81.8K 48s
 10300K .......... .......... .......... .......... .......... 80% 38.6K 48s
 10350K .......... .......... .......... .......... .......... 80% 90.7K 46s
 10400K .......... .......... .......... .......... .......... 81% 62.1K 46s
 10450K .......... .......... .......... .......... .......... 81% 28.9K 45s
 10500K .......... .......... .......... .......... .......... 81% 49.6K 44s
 10550K .......... .......... .......... .......... .......... 82% 61.3K 43s
 10600K .......... .......... .......... .......... .......... 82%  123K 42s
 10650K .......... .......... .......... .......... .......... 83%  102K 41s
 10700K .......... .......... .......... .......... .......... 83% 96.9K 40s
 10750K .......... .......... .......... .......... .......... 83% 52.8K 39s
 10800K .......... .......... .......... .......... .......... 84%  113K 38s
 10850K .......... .......... .......... .......... .......... 84% 47.9K 37s
 10900K .......... .......... .......... .......... .......... 84% 49.6K 36s
 10950K .......... .......... .......... .......... .......... 85% 52.1K 35s
 11000K .......... .......... .......... .......... .......... 85% 61.3K 34s
 11050K .......... .......... .......... .......... .......... 86% 65.1K 33s
 11100K .......... .......... .......... .......... .......... 86% 90.7K 32s
 11150K .......... .......... .......... .......... .......... 86% 49.6K 31s
 11200K .......... .......... .......... .......... .......... 87% 71.8K 30s
 11250K .......... .......... .......... .......... .......... 87% 30.0K 29s
 11300K .......... .......... .......... .......... .......... 88% 46.3K 29s
 11350K .......... .......... .......... .......... .......... 88%  126K 28s
 11400K .......... .......... .......... .......... .......... 88% 94.7K 27s
 11450K .......... .......... .......... .......... .......... 89% 96.9K 26s
 11500K .......... .......... .......... .......... .......... 89% 62.2K 25s
 11550K .......... .......... .......... .......... .......... 90% 39.3K 24s
 11600K .......... .......... .......... .......... .......... 90% 74.4K 23s
 11650K .......... .......... .......... .......... .......... 90% 34.7K 22s
 11700K .......... .......... .......... .......... .......... 91% 50.8K 21s
 11750K .......... .......... .......... .......... .......... 91%  189K 20s
 11800K .......... .......... .......... .......... .......... 91% 94.8K 19s
 11850K .......... .......... .......... .......... .......... 92% 27.2K 18s
 11900K .......... .......... .......... .......... .......... 92% 51.5K 17s
 11950K .......... .......... .......... .......... .......... 93% 32.5K 16s
 12000K .......... .......... .......... .......... .......... 93%  126K 15s
 12050K .......... .......... .......... .......... .......... 93% 86.7K 15s
 12100K .......... .......... .......... .......... .......... 94% 74.5K 14s
 12150K .......... .......... .......... .......... .......... 94%  102K 13s
 12200K .......... .......... .......... .......... .......... 95%  107K 12s
 12250K .......... .......... .......... .......... .......... 95% 47.9K 11s
 12300K .......... .......... .......... .......... .......... 95% 34.4K 10s
 12350K .......... .......... .......... .......... .......... 96% 90.6K 9s
 12400K .......... .......... .......... .......... .......... 96% 83.4K 8s
 12450K .......... .......... .......... .......... .......... 97% 57.8K 7s
 12500K .......... .......... .......... .......... .......... 97% 61.3K 6s
 12550K .......... .......... .......... .......... .......... 97% 40.1K 5s
 12600K .......... .......... .......... .......... .......... 98% 52.1K 4s
 12650K .......... .......... .......... .......... .......... 98%  102K 3s
 12700K .......... .......... .......... .......... .......... 98% 75.7K 2s
 12750K .......... .......... .......... .......... .......... 99% 50.2K 2s
 12800K .......... .......... .......... .......... .......... 99% 77.1K 1s
 12850K .......... .......... .......... ....                 100% 52.7K=3m57s

2016-05-25 00:51:49 (54.4 KB/s) - ‘index.html.19’ saved [13193358/13193358]

