--2016-05-25 02:32:18--  http://10.30.50.93:8000/
Connecting to 10.30.50.93:8000... connected.
HTTP request sent, awaiting response... 200 OK
Length: 13193358 (13M) [text/html]
Saving to: ‘index.html.14’

     0K .......... .......... .......... .......... ..........  0%  349K 37s
    50K .......... .......... .......... .......... ..........  0%  156K 59s
   100K .......... .......... .......... .......... ..........  1%  371K 51s
   150K .......... .......... .......... .......... ..........  1%  150K 59s
   200K .......... .......... .......... .......... ..........  1%  508K 52s
   250K .......... .......... .......... .......... ..........  2%  395K 49s
   300K .......... .......... .......... .......... ..........  2%  507K 45s
   350K .......... .......... .......... .......... ..........  3%  340K 44s
   400K .......... .......... .......... .......... ..........  3%  141K 49s
   450K .......... .......... .......... .......... ..........  3%  150K 52s
   500K .......... .......... .......... .......... ..........  4%  364K 50s
   550K .......... .......... .......... .......... ..........  4%  105K 55s
   600K .......... .......... .......... .......... ..........  5% 69.5K 64s
   650K .......... .......... .......... .......... ..........  5%  417K 62s
   700K .......... .......... .......... .......... ..........  5%  133K 63s
   750K .......... .......... .......... .......... ..........  6%  452K 61s
   800K .......... .......... .......... .......... ..........  6%  346K 59s
   850K .......... .......... .......... .......... ..........  6%  490K 57s
   900K .......... .......... .......... .......... ..........  7%  429K 55s
   950K .......... .......... .......... .......... ..........  7%  346K 54s
  1000K .......... .......... .......... .......... ..........  8%  398K 53s
  1050K .......... .......... .......... .......... ..........  8% 91.0K 56s
  1100K .......... .......... .......... .......... ..........  8%  380K 55s
  1150K .......... .......... .......... .......... ..........  9%  461K 53s
  1200K .......... .......... .......... .......... ..........  9%  388K 52s
  1250K .......... .......... .......... .......... .......... 10%  449K 51s
  1300K .......... .......... .......... .......... .......... 10% 63.1K 55s
  1350K .......... .......... .......... .......... .......... 10%  169K 56s
  1400K .......... .......... .......... .......... .......... 11%  378K 55s
  1450K .......... .......... .......... .......... .......... 11%  490K 53s
  1500K .......... .......... .......... .......... .......... 12%  380K 52s
  1550K .......... .......... .......... .......... .......... 12% 65.3K 56s
  1600K .......... .......... .......... .......... .......... 12%  397K 55s
  1650K .......... .......... .......... .......... .......... 13%  371K 54s
  1700K .......... .......... .......... .......... .......... 13%  361K 53s
  1750K .......... .......... .......... .......... .......... 13% 67.8K 56s
  1800K .......... .......... .......... .......... .......... 14%  396K 55s
  1850K .......... .......... .......... .......... .......... 14%  417K 54s
  1900K .......... .......... .......... .......... .......... 15%  149K 54s
  1950K .......... .......... .......... .......... .......... 15%  342K 53s
  2000K .......... .......... .......... .......... .......... 15% 72.4K 55s
  2050K .......... .......... .......... .......... .......... 16%  372K 54s
  2100K .......... .......... .......... .......... .......... 16%  370K 54s
  2150K .......... .......... .......... .......... .......... 17%  418K 53s
  2200K .......... .......... .......... .......... .......... 17%  157K 53s
  2250K .......... .......... .......... .......... .......... 17%  398K 52s
  2300K .......... .......... .......... .......... .......... 18%  461K 51s
  2350K .......... .......... .......... .......... .......... 18%  386K 50s
  2400K .......... .......... .......... .......... .......... 19%  441K 50s
  2450K .......... .......... .......... .......... .......... 19%  136K 50s
  2500K .......... .......... .......... .......... .......... 19% 99.4K 51s
  2550K .......... .......... .......... .......... .......... 20%  103K 51s
  2600K .......... .......... .......... .......... .......... 20%  152K 52s
  2650K .......... .......... .......... .......... .......... 20%  438K 51s
  2700K .......... .......... .......... .......... .......... 21% 94.2K 52s
  2750K .......... .......... .......... .......... .......... 21%  729K 51s
  2800K .......... .......... .......... .......... .......... 22% 1.87K 2m24s
  2850K .......... .......... .......... .......... .......... 22%  338K 2m21s
  2900K .......... .......... .......... .......... .......... 22%  494K 2m18s
  2950K .......... .......... .......... .......... .......... 23%  438K 2m16s
  3000K .......... .......... .......... .......... .......... 23%  427K 2m13s
  3050K .......... .......... .......... .......... .......... 24%  355K 2m11s
  3100K .......... .......... .......... .......... .......... 24%  355K 2m9s
  3150K .......... .......... .......... .......... .......... 24%  354K 2m6s
  3200K .......... .......... .......... .......... .......... 25%  378K 2m4s
  3250K .......... .......... .......... .......... .......... 25%  341K 2m2s
  3300K .......... .......... .......... .......... .......... 26% 88.2K 2m1s
  3350K .......... .......... .......... .......... .......... 26%  150K 2m0s
  3400K .......... .......... .......... .......... .......... 26%  438K 1m58s
  3450K .......... .......... .......... .......... .......... 27%  453K 1m56s
  3500K .......... .......... .......... .......... .......... 27%  147K 1m54s
  3550K .......... .......... .......... .......... .......... 27%  362K 1m52s
  3600K .......... .......... .......... .......... .......... 28%  490K 1m51s
  3650K .......... .......... .......... .......... .......... 28%  439K 1m49s
  3700K .......... .......... .......... .......... .......... 29%  354K 1m47s
  3750K .......... .......... .......... .......... .......... 29% 65.9K 1m47s
  3800K .......... .......... .......... .......... .......... 29%  152K 1m46s
  3850K .......... .......... .......... .......... .......... 30%  136K 1m45s
  3900K .......... .......... .......... .......... .......... 30% 65.6K 1m44s
  3950K .......... .......... .......... .......... .......... 31%  414K 1m43s
  4000K .......... .......... .......... .......... .......... 31%  450K 1m41s
  4050K .......... .......... .......... .......... .......... 31%  379K 1m40s
  4100K .......... .......... .......... .......... .......... 32%  146K 99s
  4150K .......... .......... .......... .......... .......... 32%  429K 97s
  4200K .......... .......... .......... .......... .......... 32%  450K 96s
  4250K .......... .......... .......... .......... .......... 33%  377K 94s
  4300K .......... .......... .......... .......... .......... 33%  160K 93s
  4350K .......... .......... .......... .......... .......... 34%  390K 92s
  4400K .......... .......... .......... .......... .......... 34%  415K 91s
  4450K .......... .......... .......... .......... .......... 34%  379K 89s
  4500K .......... .......... .......... .......... .......... 35%  361K 88s
  4550K .......... .......... .......... .......... .......... 35%  153K 87s
  4600K .......... .......... .......... .......... .......... 36%  157K 86s
  4650K .......... .......... .......... .......... .......... 36%  387K 85s
  4700K .......... .......... .......... .......... .......... 36%  414K 84s
  4750K .......... .......... .......... .......... .......... 37%  399K 83s
  4800K .......... .......... .......... .......... .......... 37%  150K 82s
  4850K .......... .......... .......... .......... .......... 38%  428K 81s
  4900K .......... .......... .......... .......... .......... 38%  394K 80s
  4950K .......... .......... .......... .......... .......... 38%  363K 79s
  5000K .......... .......... .......... .......... .......... 39%  465K 77s
  5050K .......... .......... .......... .......... .......... 39%  363K 76s
  5100K .......... .......... .......... .......... .......... 39%  387K 75s
  5150K .......... .......... .......... .......... .......... 40%  537K 74s
  5200K .......... .......... .......... .......... .......... 40%  145K 74s
  5250K .......... .......... .......... .......... .......... 41%  153K 73s
  5300K .......... .......... .......... .......... .......... 41%  387K 72s
  5350K .......... .......... .......... .......... .......... 41% 95.2K 72s
  5400K .......... .......... .......... .......... .......... 42%  206K 71s
  5450K .......... .......... .......... .......... .......... 42%  465K 70s
  5500K .......... .......... .......... .......... .......... 43% 66.9K 70s
  5550K .......... .......... .......... .......... .......... 43%  361K 69s
  5600K .......... .......... .......... .......... .......... 43%  406K 68s
  5650K .......... .......... .......... .......... .......... 44%  389K 67s
  5700K .......... .......... .......... .......... .......... 44%  135K 66s
  5750K .......... .......... .......... .......... .......... 45%  491K 65s
  5800K .......... .......... .......... .......... .......... 45%  428K 65s
  5850K .......... .......... .......... .......... .......... 45%  368K 64s
  5900K .......... .......... .......... .......... .......... 46%  439K 63s
  5950K .......... .......... .......... .......... .......... 46%  439K 62s
  6000K .......... .......... .......... .......... .......... 46% 56.5K 62s
  6050K .......... .......... .......... .......... .......... 47% 52.4K 62s
  6100K .......... .......... .......... .......... .......... 47%  479K 61s
  6150K .......... .......... .......... .......... .......... 48%  435K 60s
  6200K .......... .......... .......... .......... .......... 48%  454K 60s
  6250K .......... .......... .......... .......... .......... 48%  145K 59s
  6300K .......... .......... .......... .......... .......... 49%  465K 58s
  6350K .......... .......... .......... .......... .......... 49%  138K 58s
  6400K .......... .......... .......... .......... .......... 50%  155K 57s
  6450K .......... .......... .......... .......... .......... 50%  408K 56s
  6500K .......... .......... .......... .......... .......... 50%  448K 56s
  6550K .......... .......... .......... .......... .......... 51%  389K 55s
  6600K .......... .......... .......... .......... .......... 51%  138K 54s
  6650K .......... .......... .......... .......... .......... 52%  332K 54s
  6700K .......... .......... .......... .......... .......... 52%  146K 53s
  6750K .......... .......... .......... .......... .......... 52%  493K 52s
  6800K .......... .......... .......... .......... .......... 53%  363K 52s
  6850K .......... .......... .......... .......... .......... 53%  377K 51s
  6900K .......... .......... .......... .......... .......... 53% 97.5K 51s
  6950K .......... .......... .......... .......... .......... 54%  396K 50s
  7000K .......... .......... .......... .......... .......... 54%  362K 49s
  7050K .......... .......... .......... .......... .......... 55% 90.6K 49s
  7100K .......... .......... .......... .......... .......... 55%  388K 48s
  7150K .......... .......... .......... .......... .......... 55%  416K 48s
  7200K .......... .......... .......... .......... .......... 56%  354K 47s
  7250K .......... .......... .......... .......... .......... 56%  480K 46s
  7300K .......... .......... .......... .......... .......... 57%  154K 46s
  7350K .......... .......... .......... .......... .......... 57%  179K 45s
  7400K .......... .......... .......... .......... .......... 57% 89.1K 45s
  7450K .......... .......... .......... .......... .......... 58%  279K 45s
  7500K .......... .......... .......... .......... .......... 58%  140K 44s
  7550K .......... .......... .......... .......... .......... 58%  149K 44s
  7600K .......... .......... .......... .......... .......... 59%  148K 43s
  7650K .......... .......... .......... .......... .......... 59%  478K 43s
  7700K .......... .......... .......... .......... .......... 60%  463K 42s
  7750K .......... .......... .......... .......... .......... 60%  151K 42s
  7800K .......... .......... .......... .......... .......... 60%  406K 41s
  7850K .......... .......... .......... .......... .......... 61%  419K 40s
  7900K .......... .......... .......... .......... .......... 61%  153K 40s
  7950K .......... .......... .......... .......... .......... 62%  387K 39s
  8000K .......... .......... .......... .......... .......... 62%  428K 39s
  8050K .......... .......... .......... .......... .......... 62%  450K 38s
  8100K .......... .......... .......... .......... .......... 63%  340K 38s
  8150K .......... .......... .......... .......... .......... 63% 88.7K 37s
  8200K .......... .......... .......... .......... .......... 64%  449K 37s
  8250K .......... .......... .......... .......... .......... 64%  378K 36s
  8300K .......... .......... .......... .......... .......... 64%  356K 36s
  8350K .......... .......... .......... .......... .......... 65%  361K 35s
  8400K .......... .......... .......... .......... .......... 65%  388K 35s
  8450K .......... .......... .......... .......... .......... 65% 88.7K 34s
  8500K .......... .......... .......... .......... .......... 66%  448K 34s
  8550K .......... .......... .......... .......... .......... 66%  440K 33s
  8600K .......... .......... .......... .......... .......... 67% 88.2K 33s
  8650K .......... .......... .......... .......... .......... 67%  142K 33s
  8700K .......... .......... .......... .......... .......... 67%  494K 32s
  8750K .......... .......... .......... .......... .......... 68%  426K 32s
  8800K .......... .......... .......... .......... .......... 68%  149K 31s
  8850K .......... .......... .......... .......... .......... 69%  425K 31s
  8900K .......... .......... .......... .......... .......... 69% 65.9K 30s
  8950K .......... .......... .......... .......... .......... 69%  140K 30s
  9000K .......... .......... .......... .......... .......... 70%  162K 30s
  9050K .......... .......... .......... .......... .......... 70%  169K 29s
  9100K .......... .......... .......... .......... .......... 71%  387K 29s
  9150K .......... .......... .......... .......... .......... 71%  388K 28s
  9200K .......... .......... .......... .......... .......... 71%  151K 28s
  9250K .......... .......... .......... .......... .......... 72%  155K 27s
  9300K .......... .......... .......... .......... .......... 72%  145K 27s
  9350K .......... .......... .......... .......... .......... 72%  333K 26s
  9400K .......... .......... .......... .......... .......... 73%  141K 26s
  9450K .......... .......... .......... .......... .......... 73% 53.6K 26s
  9500K .......... .......... .......... .......... .......... 74%  150K 26s
  9550K .......... .......... .......... .......... .......... 74%  143K 25s
  9600K .......... .......... .......... .......... .......... 74%  476K 25s
  9650K .......... .......... .......... .......... .......... 75% 94.7K 24s
  9700K .......... .......... .......... .......... .......... 75%  438K 24s
  9750K .......... .......... .......... .......... .......... 76%  461K 23s
  9800K .......... .......... .......... .......... .......... 76%  389K 23s
  9850K .......... .......... .......... .......... .......... 76% 88.6K 23s
  9900K .......... .......... .......... .......... .......... 77%  460K 22s
  9950K .......... .......... .......... .......... .......... 77%  388K 22s
 10000K .......... .......... .......... .......... .......... 78%  370K 21s
 10050K .......... .......... .......... .......... .......... 78%  440K 21s
 10100K .......... .......... .......... .......... .......... 78%  386K 20s
 10150K .......... .......... .......... .......... .......... 79%  159K 20s
 10200K .......... .......... .......... .......... .......... 79%  452K 20s
 10250K .......... .......... .......... .......... .......... 79%  406K 19s
 10300K .......... .......... .......... .......... .......... 80%  460K 19s
 10350K .......... .......... .......... .......... .......... 80%  418K 18s
 10400K .......... .......... .......... .......... .......... 81%  439K 18s
 10450K .......... .......... .......... .......... .......... 81%  389K 17s
 10500K .......... .......... .......... .......... .......... 81% 55.0K 17s
 10550K .......... .......... .......... .......... .......... 82%  540K 17s
 10600K .......... .......... .......... .......... .......... 82%  287K 16s
 10650K .......... .......... .......... .......... .......... 83% 74.1K 16s
 10700K .......... .......... .......... .......... .......... 83%  110K 16s
 10750K .......... .......... .......... .......... .......... 83%  107K 15s
 10800K .......... .......... .......... .......... .......... 84%  427K 15s
 10850K .......... .......... .......... .......... .......... 84%  440K 14s
 10900K .......... .......... .......... .......... .......... 84%  346K 14s
 10950K .......... .......... .......... .......... .......... 85% 94.7K 14s
 11000K .......... .......... .......... .......... .......... 85%  450K 13s
 11050K .......... .......... .......... .......... .......... 86%  294K 13s
 11100K .......... .......... .......... .......... .......... 86%  435K 13s
 11150K .......... .......... .......... .......... .......... 86%  418K 12s
 11200K .......... .......... .......... .......... .......... 87%  448K 12s
 11250K .......... .......... .......... .......... .......... 87% 66.7K 11s
 11300K .......... .......... .......... .......... .......... 88%  428K 11s
 11350K .......... .......... .......... .......... .......... 88%  228K 11s
 11400K .......... .......... .......... .......... .......... 88%  536K 10s
 11450K .......... .......... .......... .......... .......... 89%  397K 10s
 11500K .......... .......... .......... .......... .......... 89%  417K 10s
 11550K .......... .......... .......... .......... .......... 90%  427K 9s
 11600K .......... .......... .......... .......... .......... 90%  506K 9s
 11650K .......... .......... .......... .......... .......... 90%  440K 8s
 11700K .......... .......... .......... .......... .......... 91%  325K 8s
 11750K .......... .......... .......... .......... .......... 91% 67.5K 8s
 11800K .......... .......... .......... .......... .......... 91%  368K 7s
 11850K .......... .......... .......... .......... .......... 92%  452K 7s
 11900K .......... .......... .......... .......... .......... 92%  463K 7s
 11950K .......... .......... .......... .......... .......... 93%  417K 6s
 12000K .......... .......... .......... .......... .......... 93%  389K 6s
 12050K .......... .......... .......... .......... .......... 93%  440K 5s
 12100K .......... .......... .......... .......... .......... 94%  437K 5s
 12150K .......... .......... .......... .......... .......... 94%  451K 5s
 12200K .......... .......... .......... .......... .......... 95%  436K 4s
 12250K .......... .......... .......... .......... .......... 95%  390K 4s
 12300K .......... .......... .......... .......... .......... 95%  396K 4s
 12350K .......... .......... .......... .......... .......... 96%  450K 3s
 12400K .......... .......... .......... .......... .......... 96%  340K 3s
 12450K .......... .......... .......... .......... .......... 97%  149K 3s
 12500K .......... .......... .......... .......... .......... 97%  396K 2s
 12550K .......... .......... .......... .......... .......... 97% 64.6K 2s
 12600K .......... .......... .......... .......... .......... 98%  438K 2s
 12650K .......... .......... .......... .......... .......... 98%  362K 1s
 12700K .......... .......... .......... .......... .......... 98%  405K 1s
 12750K .......... .......... .......... .......... .......... 99%  408K 1s
 12800K .......... .......... .......... .......... .......... 99%  160K 0s
 12850K .......... .......... .......... ....                 100%  441K=87s

2016-05-25 02:33:48 (148 KB/s) - ‘index.html.14’ saved [13193358/13193358]

