--2016-05-25 02:58:09--  http://10.30.50.93:8000/
Connecting to 10.30.50.93:8000... connected.
HTTP request sent, awaiting response... 200 OK
Length: 13193358 (13M) [text/html]
Saving to: ‘index.html.11’

     0K .......... .......... .......... .......... ..........  0%  544K 24s
    50K .......... .......... .......... .......... ..........  0%  534K 24s
   100K .......... .......... .......... .......... ..........  1%  533K 24s
   150K .......... .......... .......... .......... ..........  1%  582K 23s
   200K .......... .......... .......... .......... ..........  1%  599K 23s
   250K .......... .......... .......... .......... ..........  2%  531K 23s
   300K .......... .......... .......... .......... ..........  2%  495K 23s
   350K .......... .......... .......... .......... ..........  3%  160K 30s
   400K .......... .......... .......... .......... ..........  3%  569K 29s
   450K .......... .......... .......... .......... ..........  3%  530K 28s
   500K .......... .......... .......... .......... ..........  4%  498K 28s
   550K .......... .......... .......... .......... ..........  4%  550K 27s
   600K .......... .......... .......... .......... ..........  5%  103K 34s
   650K .......... .......... .......... .......... ..........  5%  189K 36s
   700K .......... .......... .......... .......... ..........  5%  498K 35s
   750K .......... .......... .......... .......... ..........  6%  646K 34s
   800K .......... .......... .......... .......... ..........  6%  453K 34s
   850K .......... .......... .......... .......... ..........  6%  473K 33s
   900K .......... .......... .......... .......... ..........  7%  465K 32s
   950K .......... .......... .......... .......... ..........  7%  559K 32s
  1000K .......... .......... .......... .......... ..........  8%  475K 31s
  1050K .......... .......... .......... .......... ..........  8%  158K 33s
  1100K .......... .......... .......... .......... ..........  8%  529K 33s
  1150K .......... .......... .......... .......... ..........  9%  541K 32s
  1200K .......... .......... .......... .......... ..........  9%  593K 31s
  1250K .......... .......... .......... .......... .......... 10%  550K 31s
  1300K .......... .......... .......... .......... .......... 10%  450K 30s
  1350K .......... .......... .......... .......... .......... 10%  594K 30s
  1400K .......... .......... .......... .......... .......... 11%  427K 30s
  1450K .......... .......... .......... .......... .......... 11%  655K 29s
  1500K .......... .......... .......... .......... .......... 12%  423K 29s
  1550K .......... .......... .......... .......... .......... 12% 68.9K 33s
  1600K .......... .......... .......... .......... .......... 12%  571K 33s
  1650K .......... .......... .......... .......... .......... 13%  559K 32s
  1700K .......... .......... .......... .......... .......... 13%  495K 32s
  1750K .......... .......... .......... .......... .......... 13%  168K 32s
  1800K .......... .......... .......... .......... .......... 14%  523K 32s
  1850K .......... .......... .......... .......... .......... 14%  474K 32s
  1900K .......... .......... .......... .......... .......... 15%  466K 31s
  1950K .......... .......... .......... .......... .......... 15%  546K 31s
  2000K .......... .......... .......... .......... .......... 15%  407K 31s
  2050K .......... .......... .......... .......... .......... 16%  477K 30s
  2100K .......... .......... .......... .......... .......... 16%  542K 30s
  2150K .......... .......... .......... .......... .......... 17%  579K 29s
  2200K .......... .......... .......... .......... .......... 17%  374K 29s
  2250K .......... .......... .......... .......... .......... 17%  463K 29s
  2300K .......... .......... .......... .......... .......... 18%  471K 29s
  2350K .......... .......... .......... .......... .......... 18%  166K 29s
  2400K .......... .......... .......... .......... .......... 19%  634K 29s
  2450K .......... .......... .......... .......... .......... 19%  465K 29s
  2500K .......... .......... .......... .......... .......... 19%  559K 28s
  2550K .......... .......... .......... .......... .......... 20%  485K 28s
  2600K .......... .......... .......... .......... .......... 20%  149K 29s
  2650K .......... .......... .......... .......... .......... 20%  463K 28s
  2700K .......... .......... .......... .......... .......... 21%  425K 28s
  2750K .......... .......... .......... .......... .......... 21%  580K 28s
  2800K .......... .......... .......... .......... .......... 22%  563K 28s
  2850K .......... .......... .......... .......... .......... 22%  158K 28s
  2900K .......... .......... .......... .......... .......... 22%  577K 28s
  2950K .......... .......... .......... .......... .......... 23%  508K 27s
  3000K .......... .......... .......... .......... .......... 23%  660K 27s
  3050K .......... .......... .......... .......... .......... 24%  543K 27s
  3100K .......... .......... .......... .......... .......... 24%  548K 27s
  3150K .......... .......... .......... .......... .......... 24%  485K 26s
  3200K .......... .......... .......... .......... .......... 25%  583K 26s
  3250K .......... .......... .......... .......... .......... 25%  159K 26s
  3300K .......... .......... .......... .......... .......... 26%  483K 26s
  3350K .......... .......... .......... .......... .......... 26%  158K 27s
  3400K .......... .......... .......... .......... .......... 26%  163K 27s
  3450K .......... .......... .......... .......... .......... 27%  454K 27s
  3500K .......... .......... .......... .......... .......... 27%  651K 26s
  3550K .......... .......... .......... .......... .......... 27%  505K 26s
  3600K .......... .......... .......... .......... .......... 28%  402K 26s
  3650K .......... .......... .......... .......... .......... 28% 97.4K 27s
  3700K .......... .......... .......... .......... .......... 29%  496K 26s
  3750K .......... .......... .......... .......... .......... 29%  481K 26s
  3800K .......... .......... .......... .......... .......... 29%  550K 26s
  3850K .......... .......... .......... .......... .......... 30%  174K 26s
  3900K .......... .......... .......... .......... .......... 30%  529K 26s
  3950K .......... .......... .......... .......... .......... 31%  585K 26s
  4000K .......... .......... .......... .......... .......... 31%  451K 25s
  4050K .......... .......... .......... .......... .......... 31%  164K 26s
  4100K .......... .......... .......... .......... .......... 32%  430K 25s
  4150K .......... .......... .......... .......... .......... 32%  502K 25s
  4200K .......... .......... .......... .......... .......... 32%  506K 25s
  4250K .......... .......... .......... .......... .......... 33%  163K 25s
  4300K .......... .......... .......... .......... .......... 33%  559K 25s
  4350K .......... .......... .......... .......... .......... 34%  586K 25s
  4400K .......... .......... .......... .......... .......... 34%  517K 24s
  4450K .......... .......... .......... .......... .......... 34%  508K 24s
  4500K .......... .......... .......... .......... .......... 35%  596K 24s
  4550K .......... .......... .......... .......... .......... 35%  476K 24s
  4600K .......... .......... .......... .......... .......... 36%  644K 23s
  4650K .......... .......... .......... .......... .......... 36%  564K 23s
  4700K .......... .......... .......... .......... .......... 36% 54.1K 24s
  4750K .......... .......... .......... .......... .......... 37%  157K 24s
  4800K .......... .......... .......... .......... .......... 37%  517K 24s
  4850K .......... .......... .......... .......... .......... 38%  154K 24s
  4900K .......... .......... .......... .......... .......... 38% 96.8K 25s
  4950K .......... .......... .......... .......... .......... 38%  520K 25s
  5000K .......... .......... .......... .......... .......... 39%  542K 24s
  5050K .......... .......... .......... .......... .......... 39%  570K 24s
  5100K .......... .......... .......... .......... .......... 39%  546K 24s
  5150K .......... .......... .......... .......... .......... 40%  518K 24s
  5200K .......... .......... .......... .......... .......... 40%  505K 23s
  5250K .......... .......... .......... .......... .......... 41%  461K 23s
  5300K .......... .......... .......... .......... .......... 41%  591K 23s
  5350K .......... .......... .......... .......... .......... 41%  564K 23s
  5400K .......... .......... .......... .......... .......... 42%  562K 22s
  5450K .......... .......... .......... .......... .......... 42%  585K 22s
  5500K .......... .......... .......... .......... .......... 43%  561K 22s
  5550K .......... .......... .......... .......... .......... 43%  529K 22s
  5600K .......... .......... .......... .......... .......... 43% 65.8K 22s
  5650K .......... .......... .......... .......... .......... 44%  617K 22s
  5700K .......... .......... .......... .......... .......... 44%  485K 22s
  5750K .......... .......... .......... .......... .......... 45%  571K 22s
  5800K .......... .......... .......... .......... .......... 45%  566K 21s
  5850K .......... .......... .......... .......... .......... 45%  549K 21s
  5900K .......... .......... .......... .......... .......... 46%  436K 21s
  5950K .......... .......... .......... .......... .......... 46%  469K 21s
  6000K .......... .......... .......... .......... .......... 46%  580K 21s
  6050K .......... .......... .......... .......... .......... 47%  437K 20s
  6100K .......... .......... .......... .......... .......... 47%  166K 20s
  6150K .......... .......... .......... .......... .......... 48%  633K 20s
  6200K .......... .......... .......... .......... .......... 48%  432K 20s
  6250K .......... .......... .......... .......... .......... 48%  485K 20s
  6300K .......... .......... .......... .......... .......... 49%  511K 20s
  6350K .......... .......... .......... .......... .......... 49%  169K 20s
  6400K .......... .......... .......... .......... .......... 50%  498K 19s
  6450K .......... .......... .......... .......... .......... 50%  530K 19s
  6500K .......... .......... .......... .......... .......... 50%  594K 19s
  6550K .......... .......... .......... .......... .......... 51%  519K 19s
  6600K .......... .......... .......... .......... .......... 51%  562K 19s
  6650K .......... .......... .......... .......... .......... 52%  550K 18s
  6700K .......... .......... .......... .......... .......... 52%  564K 18s
  6750K .......... .......... .......... .......... .......... 52%  584K 18s
  6800K .......... .......... .......... .......... .......... 53%  559K 18s
  6850K .......... .......... .......... .......... .......... 53%  547K 18s
  6900K .......... .......... .......... .......... .......... 53%  552K 17s
  6950K .......... .......... .......... .......... .......... 54%  165K 17s
  7000K .......... .......... .......... .......... .......... 54%  579K 17s
  7050K .......... .......... .......... .......... .......... 55%  160K 17s
  7100K .......... .......... .......... .......... .......... 55%  579K 17s
  7150K .......... .......... .......... .......... .......... 55%  505K 17s
  7200K .......... .......... .......... .......... .......... 56% 67.5K 17s
  7250K .......... .......... .......... .......... .......... 56%  424K 17s
  7300K .......... .......... .......... .......... .......... 57%  602K 17s
  7350K .......... .......... .......... .......... .......... 57%  453K 16s
  7400K .......... .......... .......... .......... .......... 57%  544K 16s
  7450K .......... .......... .......... .......... .......... 58%  475K 16s
  7500K .......... .......... .......... .......... .......... 58%  507K 16s
  7550K .......... .......... .......... .......... .......... 58%  551K 16s
  7600K .......... .......... .......... .......... .......... 59%  520K 16s
  7650K .......... .......... .......... .......... .......... 59%  519K 15s
  7700K .......... .......... .......... .......... .......... 60%  521K 15s
  7750K .......... .......... .......... .......... .......... 60%  539K 15s
  7800K .......... .......... .......... .......... .......... 60%  146K 15s
  7850K .......... .......... .......... .......... .......... 61%  508K 15s
  7900K .......... .......... .......... .......... .......... 61%  584K 15s
  7950K .......... .......... .......... .......... .......... 62%  460K 14s
  8000K .......... .......... .......... .......... .......... 62%  173K 14s
  8050K .......... .......... .......... .......... .......... 62%  399K 14s
  8100K .......... .......... .......... .......... .......... 63%  653K 14s
  8150K .......... .......... .......... .......... .......... 63%  494K 14s
  8200K .......... .......... .......... .......... .......... 64%  171K 14s
  8250K .......... .......... .......... .......... .......... 64%  579K 14s
  8300K .......... .......... .......... .......... .......... 64%  549K 13s
  8350K .......... .......... .......... .......... .......... 65%  573K 13s
  8400K .......... .......... .......... .......... .......... 65%  170K 13s
  8450K .......... .......... .......... .......... .......... 65%  451K 13s
  8500K .......... .......... .......... .......... .......... 66%  552K 13s
  8550K .......... .......... .......... .......... .......... 66%  503K 13s
  8600K .......... .......... .......... .......... .......... 67%  163K 13s
  8650K .......... .......... .......... .......... .......... 67%  582K 12s
  8700K .......... .......... .......... .......... .......... 67%  541K 12s
  8750K .......... .......... .......... .......... .......... 68%  539K 12s
  8800K .......... .......... .......... .......... .......... 68%  533K 12s
  8850K .......... .......... .......... .......... .......... 69%  538K 12s
  8900K .......... .......... .......... .......... .......... 69%  162K 12s
  8950K .......... .......... .......... .......... .......... 69%  454K 11s
  9000K .......... .......... .......... .......... .......... 70%  521K 11s
  9050K .......... .......... .......... .......... .......... 70%  445K 11s
  9100K .......... .......... .......... .......... .......... 71%  103K 11s
  9150K .......... .......... .......... .......... .......... 71%  380K 11s
  9200K .......... .......... .......... .......... .......... 71%  457K 11s
  9250K .......... .......... .......... .......... .......... 72%  539K 11s
  9300K .......... .......... .......... .......... .......... 72%  502K 10s
  9350K .......... .......... .......... .......... .......... 72%  491K 10s
  9400K .......... .......... .......... .......... .......... 73%  420K 10s
  9450K .......... .......... .......... .......... .......... 73%  559K 10s
  9500K .......... .......... .......... .......... .......... 74%  495K 10s
  9550K .......... .......... .......... .......... .......... 74%  649K 10s
  9600K .......... .......... .......... .......... .......... 74%  501K 9s
  9650K .......... .......... .......... .......... .......... 75%  565K 9s
  9700K .......... .......... .......... .......... .......... 75%  603K 9s
  9750K .......... .......... .......... .......... .......... 76%  586K 9s
  9800K .......... .......... .......... .......... .......... 76%  502K 9s
  9850K .......... .......... .......... .......... .......... 76%  501K 9s
  9900K .......... .......... .......... .......... .......... 77%  611K 8s
  9950K .......... .......... .......... .......... .......... 77%  548K 8s
 10000K .......... .......... .......... .......... .......... 78%  576K 8s
 10050K .......... .......... .......... .......... .......... 78%  568K 8s
 10100K .......... .......... .......... .......... .......... 78%  545K 8s
 10150K .......... .......... .......... .......... .......... 79%  485K 8s
 10200K .......... .......... .......... .......... .......... 79%  615K 8s
 10250K .......... .......... .......... .......... .......... 79%  444K 7s
 10300K .......... .......... .......... .......... .......... 80%  518K 7s
 10350K .......... .......... .......... .......... .......... 80%  552K 7s
 10400K .......... .......... .......... .......... .......... 81%  542K 7s
 10450K .......... .......... .......... .......... .......... 81%  520K 7s
 10500K .......... .......... .......... .......... .......... 81%  568K 7s
 10550K .......... .......... .......... .......... .......... 82%  562K 6s
 10600K .......... .......... .......... .......... .......... 82%  561K 6s
 10650K .......... .......... .......... .......... .......... 83%  554K 6s
 10700K .......... .......... .......... .......... .......... 83%  562K 6s
 10750K .......... .......... .......... .......... .......... 83%  518K 6s
 10800K .......... .......... .......... .......... .......... 84%  549K 6s
 10850K .......... .......... .......... .......... .......... 84%  548K 6s
 10900K .......... .......... .......... .......... .......... 84%  577K 5s
 10950K .......... .......... .......... .......... .......... 85%  497K 5s
 11000K .......... .......... .......... .......... .......... 85%  163K 5s
 11050K .......... .......... .......... .......... .......... 86%  557K 5s
 11100K .......... .......... .......... .......... .......... 86%  570K 5s
 11150K .......... .......... .......... .......... .......... 86%  542K 5s
 11200K .......... .......... .......... .......... .......... 87%  583K 5s
 11250K .......... .......... .......... .......... .......... 87%  456K 4s
 11300K .......... .......... .......... .......... .......... 88%  494K 4s
 11350K .......... .......... .......... .......... .......... 88%  379K 4s
 11400K .......... .......... .......... .......... .......... 88%  535K 4s
 11450K .......... .......... .......... .......... .......... 89%  534K 4s
 11500K .......... .......... .......... .......... .......... 89%  506K 4s
 11550K .......... .......... .......... .......... .......... 90%  633K 4s
 11600K .......... .......... .......... .......... .......... 90%  463K 3s
 11650K .......... .......... .......... .......... .......... 90%  531K 3s
 11700K .......... .......... .......... .......... .......... 91%  586K 3s
 11750K .......... .......... .......... .......... .......... 91%  510K 3s
 11800K .......... .......... .......... .......... .......... 91%  520K 3s
 11850K .......... .......... .......... .......... .......... 92%  472K 3s
 11900K .......... .......... .......... .......... .......... 92%  634K 3s
 11950K .......... .......... .......... .......... .......... 93%  471K 2s
 12000K .......... .......... .......... .......... .......... 93%  167K 2s
 12050K .......... .......... .......... .......... .......... 93%  455K 2s
 12100K .......... .......... .......... .......... .......... 94%  716K 2s
 12150K .......... .......... .......... .......... .......... 94%  545K 2s
 12200K .......... .......... .......... .......... .......... 95%  474K 2s
 12250K .......... .......... .......... .......... .......... 95%  354K 2s
 12300K .......... .......... .......... .......... .......... 95%  576K 1s
 12350K .......... .......... .......... .......... .......... 96%  100K 1s
 12400K .......... .......... .......... .......... .......... 96%  410K 1s
 12450K .......... .......... .......... .......... .......... 97%  488K 1s
 12500K .......... .......... .......... .......... .......... 97%  591K 1s
 12550K .......... .......... .......... .......... .......... 97%  520K 1s
 12600K .......... .......... .......... .......... .......... 98%  559K 1s
 12650K .......... .......... .......... .......... .......... 98%  507K 1s
 12700K .......... .......... .......... .......... .......... 98%  389K 0s
 12750K .......... .......... .......... .......... .......... 99%  546K 0s
 12800K .......... .......... .......... .......... .......... 99%  546K 0s
 12850K .......... .......... .......... ....                 100%  507K=35s

2016-05-25 02:58:45 (365 KB/s) - ‘index.html.11’ saved [13193358/13193358]

