--2016-05-25 03:21:45--  http://10.30.50.93:8000/
Connecting to 10.30.50.93:8000... connected.
HTTP request sent, awaiting response... 200 OK
Length: 13193358 (13M) [text/html]
Saving to: ‘index.html.11’

     0K .......... .......... .......... .......... ..........  0% 1.12M 11s
    50K .......... .......... .......... .......... ..........  0% 1.13M 11s
   100K .......... .......... .......... .......... ..........  1%  197K 29s
   150K .......... .......... .......... .......... ..........  1%  916K 25s
   200K .......... .......... .......... .......... ..........  1% 1.13M 22s
   250K .......... .......... .......... .......... ..........  2% 75.5K 46s
   300K .......... .......... .......... .......... ..........  2%  845K 42s
   350K .......... .......... .......... .......... ..........  3%  989K 38s
   400K .......... .......... .......... .......... ..........  3%  202K 40s
   450K .......... .......... .......... .......... ..........  3%  824K 38s
   500K .......... .......... .......... .......... ..........  4%  965K 35s
   550K .......... .......... .......... .......... ..........  4% 1000K 33s
   600K .......... .......... .......... .......... ..........  5% 1014K 31s
   650K .......... .......... .......... .......... ..........  5%  186K 34s
   700K .......... .......... .......... .......... ..........  5%  954K 32s
   750K .......... .......... .......... .......... ..........  6%  817K 31s
   800K .......... .......... .......... .......... ..........  6%  762K 30s
   850K .......... .......... .......... .......... ..........  6%  194K 32s
   900K .......... .......... .......... .......... ..........  7%  900K 31s
   950K .......... .......... .......... .......... ..........  7%  796K 30s
  1000K .......... .......... .......... .......... ..........  8%  920K 29s
  1050K .......... .......... .......... .......... ..........  8% 75.2K 34s
  1100K .......... .......... .......... .......... ..........  8% 1.06M 33s
  1150K .......... .......... .......... .......... ..........  9%  792K 32s
  1200K .......... .......... .......... .......... ..........  9%  701K 32s
  1250K .......... .......... .......... .......... .......... 10%  807K 31s
  1300K .......... .......... .......... .......... .......... 10%  904K 30s
  1350K .......... .......... .......... .......... .......... 10%  887K 29s
  1400K .......... .......... .......... .......... .......... 11%  192K 30s
  1450K .......... .......... .......... .......... .......... 11%  192K 31s
  1500K .......... .......... .......... .......... .......... 12%  856K 30s
  1550K .......... .......... .......... .......... .......... 12% 1.01M 30s
  1600K .......... .......... .......... .......... .......... 12% 46.1K 36s
  1650K .......... .......... .......... .......... .......... 13% 74.9K 39s
  1700K .......... .......... .......... .......... .......... 13% 1.05M 38s
  1750K .......... .......... .......... .......... .......... 13%  940K 37s
  1800K .......... .......... .......... .......... .......... 14% 1.11M 36s
  1850K .......... .......... .......... .......... .......... 14%  872K 36s
  1900K .......... .......... .......... .......... .......... 15%  928K 35s
  1950K .......... .......... .......... .......... .......... 15% 1.08M 34s
  2000K .......... .......... .......... .......... .......... 15% 1.17M 33s
  2050K .......... .......... .......... .......... .......... 16%  949K 33s
  2100K .......... .......... .......... .......... .......... 16% 1.36M 32s
  2150K .......... .......... .......... .......... .......... 17% 1.03M 31s
  2200K .......... .......... .......... .......... .......... 17%  190K 32s
  2250K .......... .......... .......... .......... .......... 17%  991K 31s
  2300K .......... .......... .......... .......... .......... 18%  203K 31s
  2350K .......... .......... .......... .......... .......... 18%  906K 31s
  2400K .......... .......... .......... .......... .......... 19% 1.36M 30s
  2450K .......... .......... .......... .......... .......... 19% 1004K 30s
  2500K .......... .......... .......... .......... .......... 19% 1.01M 29s
  2550K .......... .......... .......... .......... .......... 20% 1.14M 29s
  2600K .......... .......... .......... .......... .......... 20% 1.16M 28s
  2650K .......... .......... .......... .......... .......... 20% 1.20M 28s
  2700K .......... .......... .......... .......... .......... 21% 1.13M 27s
  2750K .......... .......... .......... .......... .......... 21% 1.13M 27s
  2800K .......... .......... .......... .......... .......... 22% 1000K 26s
  2850K .......... .......... .......... .......... .......... 22%  112K 27s
  2900K .......... .......... .......... .......... .......... 22% 1.24M 27s
  2950K .......... .......... .......... .......... .......... 23%  777K 26s
  3000K .......... .......... .......... .......... .......... 23%  749K 26s
  3050K .......... .......... .......... .......... .......... 24%  933K 26s
  3100K .......... .......... .......... .......... .......... 24%  952K 25s
  3150K .......... .......... .......... .......... .......... 24%  728K 25s
  3200K .......... .......... .......... .......... .......... 25%  865K 25s
  3250K .......... .......... .......... .......... .......... 25%  834K 24s
  3300K .......... .......... .......... .......... .......... 26% 1000K 24s
  3350K .......... .......... .......... .......... .......... 26%  801K 24s
  3400K .......... .......... .......... .......... .......... 26%  919K 23s
  3450K .......... .......... .......... .......... .......... 27%  632K 23s
  3500K .......... .......... .......... .......... .......... 27% 1020K 23s
  3550K .......... .......... .......... .......... .......... 27%  109K 23s
  3600K .......... .......... .......... .......... .......... 28% 1.35M 23s
  3650K .......... .......... .......... .......... .......... 28%  790K 23s
  3700K .......... .......... .......... .......... .......... 29%  925K 23s
  3750K .......... .......... .......... .......... .......... 29% 1.03M 22s
  3800K .......... .......... .......... .......... .......... 29%  912K 22s
  3850K .......... .......... .......... .......... .......... 30% 1.01M 22s
  3900K .......... .......... .......... .......... .......... 30%  194K 22s
  3950K .......... .......... .......... .......... .......... 31%  197K 22s
  4000K .......... .......... .......... .......... .......... 31%  700K 22s
  4050K .......... .......... .......... .......... .......... 31% 1021K 21s
  4100K .......... .......... .......... .......... .......... 32%  824K 21s
  4150K .......... .......... .......... .......... .......... 32% 1.03M 21s
  4200K .......... .......... .......... .......... .......... 32%  109K 22s
  4250K .......... .......... .......... .......... .......... 33%  198K 22s
  4300K .......... .......... .......... .......... .......... 33% 1.02M 21s
  4350K .......... .......... .......... .......... .......... 34%  847K 21s
  4400K .......... .......... .......... .......... .......... 34% 1.24M 21s
  4450K .......... .......... .......... .......... .......... 34%  922K 21s
  4500K .......... .......... .......... .......... .......... 35%  953K 20s
  4550K .......... .......... .......... .......... .......... 35%  191K 20s
  4600K .......... .......... .......... .......... .......... 36%  197K 21s
  4650K .......... .......... .......... .......... .......... 36% 1.02M 20s
  4700K .......... .......... .......... .......... .......... 36% 1.07M 20s
  4750K .......... .......... .......... .......... .......... 37%  959K 20s
  4800K .......... .......... .......... .......... .......... 37% 1.06M 20s
  4850K .......... .......... .......... .......... .......... 38%  976K 19s
  4900K .......... .......... .......... .......... .......... 38% 1.09M 19s
  4950K .......... .......... .......... .......... .......... 38% 1.15M 19s
  5000K .......... .......... .......... .......... .......... 39%  927K 19s
  5050K .......... .......... .......... .......... .......... 39% 1.12M 18s
  5100K .......... .......... .......... .......... .......... 39%  881K 18s
  5150K .......... .......... .......... .......... .......... 40% 1.05M 18s
  5200K .......... .......... .......... .......... .......... 40%  180K 18s
  5250K .......... .......... .......... .......... .......... 41%  196K 18s
  5300K .......... .......... .......... .......... .......... 41%  808K 18s
  5350K .......... .......... .......... .......... .......... 41%  972K 18s
  5400K .......... .......... .......... .......... .......... 42%  187K 18s
  5450K .......... .......... .......... .......... .......... 42%  905K 18s
  5500K .......... .......... .......... .......... .......... 43% 1.04M 17s
  5550K .......... .......... .......... .......... .......... 43%  930K 17s
  5600K .......... .......... .......... .......... .......... 43%  682K 17s
  5650K .......... .......... .......... .......... .......... 44%  789K 17s
  5700K .......... .......... .......... .......... .......... 44%  963K 17s
  5750K .......... .......... .......... .......... .......... 45%  940K 16s
  5800K .......... .......... .......... .......... .......... 45% 1.09M 16s
  5850K .......... .......... .......... .......... .......... 45% 1.01M 16s
  5900K .......... .......... .......... .......... .......... 46%  931K 16s
  5950K .......... .......... .......... .......... .......... 46%  196K 16s
  6000K .......... .......... .......... .......... .......... 46%  875K 16s
  6050K .......... .......... .......... .......... .......... 47%  184K 16s
  6100K .......... .......... .......... .......... .......... 47%  113K 16s
  6150K .......... .......... .......... .......... .......... 48%  200K 16s
  6200K .......... .......... .......... .......... .......... 48% 1.14M 16s
  6250K .......... .......... .......... .......... .......... 48%  991K 16s
  6300K .......... .......... .......... .......... .......... 49% 1.04M 15s
  6350K .......... .......... .......... .......... .......... 49%  824K 15s
  6400K .......... .......... .......... .......... .......... 50%  198K 15s
  6450K .......... .......... .......... .......... .......... 50% 1.08M 15s
  6500K .......... .......... .......... .......... .......... 50%  197K 15s
  6550K .......... .......... .......... .......... .......... 51%  815K 15s
  6600K .......... .......... .......... .......... .......... 51%  994K 15s
  6650K .......... .......... .......... .......... .......... 52%  793K 15s
  6700K .......... .......... .......... .......... .......... 52%  930K 14s
  6750K .......... .......... .......... .......... .......... 52% 1.01M 14s
  6800K .......... .......... .......... .......... .......... 53%  922K 14s
  6850K .......... .......... .......... .......... .......... 53%  954K 14s
  6900K .......... .......... .......... .......... .......... 53% 1.12M 14s
  6950K .......... .......... .......... .......... .......... 54%  924K 14s
  7000K .......... .......... .......... .......... .......... 54% 1.09M 13s
  7050K .......... .......... .......... .......... .......... 55%  990K 13s
  7100K .......... .......... .......... .......... .......... 55%  865K 13s
  7150K .......... .......... .......... .......... .......... 55%  948K 13s
  7200K .......... .......... .......... .......... .......... 56% 1010K 13s
  7250K .......... .......... .......... .......... .......... 56% 1.01M 13s
  7300K .......... .......... .......... .......... .......... 57%  879K 12s
  7350K .......... .......... .......... .......... .......... 57%  978K 12s
  7400K .......... .......... .......... .......... .......... 57%  917K 12s
  7450K .......... .......... .......... .......... .......... 58% 1.04M 12s
  7500K .......... .......... .......... .......... .......... 58%  936K 12s
  7550K .......... .......... .......... .......... .......... 58%  814K 12s
  7600K .......... .......... .......... .......... .......... 59%  203K 12s
  7650K .......... .......... .......... .......... .......... 59%  937K 11s
  7700K .......... .......... .......... .......... .......... 60% 1.02M 11s
  7750K .......... .......... .......... .......... .......... 60%  903K 11s
  7800K .......... .......... .......... .......... .......... 60%  958K 11s
  7850K .......... .......... .......... .......... .......... 61%  905K 11s
  7900K .......... .......... .......... .......... .......... 61% 1.02M 11s
  7950K .......... .......... .......... .......... .......... 62%  901K 11s
  8000K .......... .......... .......... .......... .......... 62%  829K 10s
  8050K .......... .......... .......... .......... .......... 62% 1.07M 10s
  8100K .......... .......... .......... .......... .......... 63%  939K 10s
  8150K .......... .......... .......... .......... .......... 63%  677K 10s
  8200K .......... .......... .......... .......... .......... 64%  822K 10s
  8250K .......... .......... .......... .......... .......... 64%  866K 10s
  8300K .......... .......... .......... .......... .......... 64%  911K 10s
  8350K .......... .......... .......... .......... .......... 65% 1.03M 10s
  8400K .......... .......... .......... .......... .......... 65% 1.01M 9s
  8450K .......... .......... .......... .......... .......... 65%  998K 9s
  8500K .......... .......... .......... .......... .......... 66%  984K 9s
  8550K .......... .......... .......... .......... .......... 66%  857K 9s
  8600K .......... .......... .......... .......... .......... 67%  805K 9s
  8650K .......... .......... .......... .......... .......... 67%  891K 9s
  8700K .......... .......... .......... .......... .......... 67% 1.31M 9s
  8750K .......... .......... .......... .......... .......... 68% 1.10M 8s
  8800K .......... .......... .......... .......... .......... 68% 1.09M 8s
  8850K .......... .......... .......... .......... .......... 69%  978K 8s
  8900K .......... .......... .......... .......... .......... 69% 1.14M 8s
  8950K .......... .......... .......... .......... .......... 69% 1.01M 8s
  9000K .......... .......... .......... .......... .......... 70% 1003K 8s
  9050K .......... .......... .......... .......... .......... 70% 1.18M 8s
  9100K .......... .......... .......... .......... .......... 71%  937K 8s
  9150K .......... .......... .......... .......... .......... 71%  867K 7s
  9200K .......... .......... .......... .......... .......... 71%  189K 7s
  9250K .......... .......... .......... .......... .......... 72%  200K 7s
  9300K .......... .......... .......... .......... .......... 72%  965K 7s
  9350K .......... .......... .......... .......... .......... 72%  974K 7s
  9400K .......... .......... .......... .......... .......... 73%  857K 7s
  9450K .......... .......... .......... .......... .......... 73%  980K 7s
  9500K .......... .......... .......... .......... .......... 74% 1.03M 7s
  9550K .......... .......... .......... .......... .......... 74%  716K 7s
  9600K .......... .......... .......... .......... .......... 74%  791K 7s
  9650K .......... .......... .......... .......... .......... 75% 1022K 6s
  9700K .......... .......... .......... .......... .......... 75%  771K 6s
  9750K .......... .......... .......... .......... .......... 76%  919K 6s
  9800K .......... .......... .......... .......... .......... 76%  930K 6s
  9850K .......... .......... .......... .......... .......... 76%  197K 6s
  9900K .......... .......... .......... .......... .......... 77%  845K 6s
  9950K .......... .......... .......... .......... .......... 77% 1.03M 6s
 10000K .......... .......... .......... .......... .......... 78% 1.04M 6s
 10050K .......... .......... .......... .......... .......... 78% 1.12M 6s
 10100K .......... .......... .......... .......... .......... 78% 1.01M 5s
 10150K .......... .......... .......... .......... .......... 79% 1016K 5s
 10200K .......... .......... .......... .......... .......... 79%  951K 5s
 10250K .......... .......... .......... .......... .......... 79%  818K 5s
 10300K .......... .......... .......... .......... .......... 80% 1.04M 5s
 10350K .......... .......... .......... .......... .......... 80% 1.12M 5s
 10400K .......... .......... .......... .......... .......... 81% 1004K 5s
 10450K .......... .......... .......... .......... .......... 81%  923K 5s
 10500K .......... .......... .......... .......... .......... 81%  572K 5s
 10550K .......... .......... .......... .......... .......... 82% 1.02M 4s
 10600K .......... .......... .......... .......... .......... 82% 1.09M 4s
 10650K .......... .......... .......... .......... .......... 83%  982K 4s
 10700K .......... .......... .......... .......... .......... 83% 1.24M 4s
 10750K .......... .......... .......... .......... .......... 83% 1.14M 4s
 10800K .......... .......... .......... .......... .......... 84%  893K 4s
 10850K .......... .......... .......... .......... .......... 84%  988K 4s
 10900K .......... .......... .......... .......... .......... 84%  189K 4s
 10950K .......... .......... .......... .......... .......... 85%  884K 4s
 11000K .......... .......... .......... .......... .......... 85% 1.02M 4s
 11050K .......... .......... .......... .......... .......... 86%  950K 3s
 11100K .......... .......... .......... .......... .......... 86%  857K 3s
 11150K .......... .......... .......... .......... .......... 86%  997K 3s
 11200K .......... .......... .......... .......... .......... 87%  840K 3s
 11250K .......... .......... .......... .......... .......... 87%  970K 3s
 11300K .......... .......... .......... .......... .......... 88% 1.06M 3s
 11350K .......... .......... .......... .......... .......... 88%  666K 3s
 11400K .......... .......... .......... .......... .......... 88%  878K 3s
 11450K .......... .......... .......... .......... .......... 89%  182K 3s
 11500K .......... .......... .......... .......... .......... 89%  958K 3s
 11550K .......... .......... .......... .......... .......... 90%  193K 2s
 11600K .......... .......... .......... .......... .......... 90%  988K 2s
 11650K .......... .......... .......... .......... .......... 90%  868K 2s
 11700K .......... .......... .......... .......... .......... 91%  775K 2s
 11750K .......... .......... .......... .......... .......... 91%  201K 2s
 11800K .......... .......... .......... .......... .......... 91%  194K 2s
 11850K .......... .......... .......... .......... .......... 92% 59.5K 2s
 11900K .......... .......... .......... .......... .......... 92% 1.06M 2s
 11950K .......... .......... .......... .......... .......... 93%  874K 2s
 12000K .......... .......... .......... .......... .......... 93%  838K 2s
 12050K .......... .......... .......... .......... .......... 93% 1.33M 2s
 12100K .......... .......... .......... .......... .......... 94% 1.07M 1s
 12150K .......... .......... .......... .......... .......... 94%  803K 1s
 12200K .......... .......... .......... .......... .......... 95%  691K 1s
 12250K .......... .......... .......... .......... .......... 95%  162K 1s
 12300K .......... .......... .......... .......... .......... 95%  200K 1s
 12350K .......... .......... .......... .......... .......... 96%  675K 1s
 12400K .......... .......... .......... .......... .......... 96% 1.08M 1s
 12450K .......... .......... .......... .......... .......... 97%  966K 1s
 12500K .......... .......... .......... .......... .......... 97%  878K 1s
 12550K .......... .......... .......... .......... .......... 97% 1.23M 1s
 12600K .......... .......... .......... .......... .......... 98% 1.03M 0s
 12650K .......... .......... .......... .......... .......... 98% 1.16M 0s
 12700K .......... .......... .......... .......... .......... 98%  686K 0s
 12750K .......... .......... .......... .......... .......... 99% 1.12M 0s
 12800K .......... .......... .......... .......... .......... 99%  982K 0s
 12850K .......... .......... .......... ....                 100%  146K=26s

2016-05-25 03:22:11 (502 KB/s) - ‘index.html.11’ saved [13193358/13193358]

