--2016-05-25 02:57:35--  http://10.30.50.93:8000/
Connecting to 10.30.50.93:8000... connected.
HTTP request sent, awaiting response... 200 OK
Length: 13193358 (13M) [text/html]
Saving to: ‘index.html.10’

     0K .......... .......... .......... .......... ..........  0%  585K 22s
    50K .......... .......... .......... .......... ..........  0%  508K 24s
   100K .......... .......... .......... .......... ..........  1%  602K 23s
   150K .......... .......... .......... .......... ..........  1%  500K 23s
   200K .......... .......... .......... .......... ..........  1% 97.0K 45s
   250K .......... .......... .......... .......... ..........  2% 2.04M 38s
   300K .......... .......... .......... .......... ..........  2%  400K 37s
   350K .......... .......... .......... .......... ..........  3%  522K 35s
   400K .......... .......... .......... .......... ..........  3%  549K 34s
   450K .......... .......... .......... .......... ..........  3%  580K 32s
   500K .......... .......... .......... .......... ..........  4%  534K 31s
   550K .......... .......... .......... .......... ..........  4%  594K 30s
   600K .......... .......... .......... .......... ..........  5%  495K 30s
   650K .......... .......... .......... .......... ..........  5%  512K 29s
   700K .......... .......... .......... .......... ..........  5%  459K 29s
   750K .......... .......... .......... .......... ..........  6%  160K 32s
   800K .......... .......... .......... .......... ..........  6%  518K 31s
   850K .......... .......... .......... .......... ..........  6%  579K 30s
   900K .......... .......... .......... .......... ..........  7%  160K 33s
   950K .......... .......... .......... .......... ..........  7%  111K 36s
  1000K .......... .......... .......... .......... ..........  8%  426K 36s
  1050K .......... .......... .......... .......... ..........  8%  512K 35s
  1100K .......... .......... .......... .......... ..........  8%  596K 34s
  1150K .......... .......... .......... .......... ..........  9%  546K 33s
  1200K .......... .......... .......... .......... ..........  9%  423K 33s
  1250K .......... .......... .......... .......... .......... 10%  498K 33s
  1300K .......... .......... .......... .......... .......... 10%  164K 34s
  1350K .......... .......... .......... .......... .......... 10%  423K 33s
  1400K .......... .......... .......... .......... .......... 11%  595K 33s
  1450K .......... .......... .......... .......... .......... 11%  485K 32s
  1500K .......... .......... .......... .......... .......... 12%  474K 32s
  1550K .......... .......... .......... .......... .......... 12%  494K 32s
  1600K .......... .......... .......... .......... .......... 12%  170K 32s
  1650K .......... .......... .......... .......... .......... 13%  520K 32s
  1700K .......... .......... .......... .......... .......... 13%  453K 32s
  1750K .......... .......... .......... .......... .......... 13%  449K 31s
  1800K .......... .......... .......... .......... .......... 14%  568K 31s
  1850K .......... .......... .......... .......... .......... 14%  497K 31s
  1900K .......... .......... .......... .......... .......... 15%  172K 31s
  1950K .......... .......... .......... .......... .......... 15%  477K 31s
  2000K .......... .......... .......... .......... .......... 15%  417K 31s
  2050K .......... .......... .......... .......... .......... 16%  530K 30s
  2100K .......... .......... .......... .......... .......... 16%  497K 30s
  2150K .......... .......... .......... .......... .......... 17%  579K 29s
  2200K .......... .......... .......... .......... .......... 17%  552K 29s
  2250K .......... .......... .......... .......... .......... 17%  492K 29s
  2300K .......... .......... .......... .......... .......... 18%  494K 29s
  2350K .......... .......... .......... .......... .......... 18%  512K 28s
  2400K .......... .......... .......... .......... .......... 19%  594K 28s
  2450K .......... .......... .......... .......... .......... 19%  536K 28s
  2500K .......... .......... .......... .......... .......... 19%  580K 27s
  2550K .......... .......... .......... .......... .......... 20%  576K 27s
  2600K .......... .......... .......... .......... .......... 20%  507K 27s
  2650K .......... .......... .......... .......... .......... 20%  534K 26s
  2700K .......... .......... .......... .......... .......... 21%  582K 26s
  2750K .......... .......... .......... .......... .......... 21%  519K 26s
  2800K .......... .......... .......... .......... .......... 22%  533K 26s
  2850K .......... .......... .......... .......... .......... 22%  566K 25s
  2900K .......... .......... .......... .......... .......... 22% 96.0K 27s
  2950K .......... .......... .......... .......... .......... 23%  565K 26s
  3000K .......... .......... .......... .......... .......... 23%  530K 26s
  3050K .......... .......... .......... .......... .......... 24%  540K 26s
  3100K .......... .......... .......... .......... .......... 24%  530K 26s
  3150K .......... .......... .......... .......... .......... 24%  539K 25s
  3200K .......... .......... .......... .......... .......... 25%  469K 25s
  3250K .......... .......... .......... .......... .......... 25%  514K 25s
  3300K .......... .......... .......... .......... .......... 26%  450K 25s
  3350K .......... .......... .......... .......... .......... 26%  578K 24s
  3400K .......... .......... .......... .......... .......... 26%  473K 24s
  3450K .......... .......... .......... .......... .......... 27%  152K 25s
  3500K .......... .......... .......... .......... .......... 27%  580K 24s
  3550K .......... .......... .......... .......... .......... 27%  497K 24s
  3600K .......... .......... .......... .......... .......... 28%  482K 24s
  3650K .......... .......... .......... .......... .......... 28%  496K 24s
  3700K .......... .......... .......... .......... .......... 29%  496K 24s
  3750K .......... .......... .......... .......... .......... 29%  538K 23s
  3800K .......... .......... .......... .......... .......... 29%  575K 23s
  3850K .......... .......... .......... .......... .......... 30%  510K 23s
  3900K .......... .......... .......... .......... .......... 30%  530K 23s
  3950K .......... .......... .......... .......... .......... 31%  513K 23s
  4000K .......... .......... .......... .......... .......... 31%  546K 22s
  4050K .......... .......... .......... .......... .......... 31%  533K 22s
  4100K .......... .......... .......... .......... .......... 32%  428K 22s
  4150K .......... .......... .......... .......... .......... 32%  153K 22s
  4200K .......... .......... .......... .......... .......... 32%  560K 22s
  4250K .......... .......... .......... .......... .......... 33%  167K 22s
  4300K .......... .......... .......... .......... .......... 33%  519K 22s
  4350K .......... .......... .......... .......... .......... 34%  573K 22s
  4400K .......... .......... .......... .......... .......... 34%  562K 22s
  4450K .......... .......... .......... .......... .......... 34%  562K 21s
  4500K .......... .......... .......... .......... .......... 35%  495K 21s
  4550K .......... .......... .......... .......... .......... 35%  168K 21s
  4600K .......... .......... .......... .......... .......... 36%  573K 21s
  4650K .......... .......... .......... .......... .......... 36%  163K 21s
  4700K .......... .......... .......... .......... .......... 36%  531K 21s
  4750K .......... .......... .......... .......... .......... 37%  104K 22s
  4800K .......... .......... .......... .......... .......... 37%  918K 21s
  4850K .......... .......... .......... .......... .......... 38%  172K 22s
  4900K .......... .......... .......... .......... .......... 38%  566K 21s
  4950K .......... .......... .......... .......... .......... 38%  480K 21s
  5000K .......... .......... .......... .......... .......... 39%  678K 21s
  5050K .......... .......... .......... .......... .......... 39%  524K 21s
  5100K .......... .......... .......... .......... .......... 39%  507K 21s
  5150K .......... .......... .......... .......... .......... 40%  164K 21s
  5200K .......... .......... .......... .......... .......... 40%  563K 21s
  5250K .......... .......... .......... .......... .......... 41%  512K 20s
  5300K .......... .......... .......... .......... .......... 41%  444K 20s
  5350K .......... .......... .......... .......... .......... 41%  160K 20s
  5400K .......... .......... .......... .......... .......... 42%  164K 20s
  5450K .......... .......... .......... .......... .......... 42%  550K 20s
  5500K .......... .......... .......... .......... .......... 43%  487K 20s
  5550K .......... .......... .......... .......... .......... 43% 95.9K 20s
  5600K .......... .......... .......... .......... .......... 43%  496K 20s
  5650K .......... .......... .......... .......... .......... 44%  470K 20s
  5700K .......... .......... .......... .......... .......... 44%  435K 20s
  5750K .......... .......... .......... .......... .......... 45%  595K 20s
  5800K .......... .......... .......... .......... .......... 45%  565K 19s
  5850K .......... .......... .......... .......... .......... 45%  579K 19s
  5900K .......... .......... .......... .......... .......... 46%  511K 19s
  5950K .......... .......... .......... .......... .......... 46%  628K 19s
  6000K .......... .......... .......... .......... .......... 46%  461K 19s
  6050K .......... .......... .......... .......... .......... 47%  748K 18s
  6100K .......... .......... .......... .......... .......... 47%  454K 18s
  6150K .......... .......... .......... .......... .......... 48%  495K 18s
  6200K .......... .......... .......... .......... .......... 48%  647K 18s
  6250K .......... .......... .......... .......... .......... 48%  564K 18s
  6300K .......... .......... .......... .......... .......... 49%  465K 18s
  6350K .......... .......... .......... .......... .......... 49% 68.1K 18s
  6400K .......... .......... .......... .......... .......... 50%  522K 18s
  6450K .......... .......... .......... .......... .......... 50%  488K 18s
  6500K .......... .......... .......... .......... .......... 50%  562K 17s
  6550K .......... .......... .......... .......... .......... 51%  575K 17s
  6600K .......... .......... .......... .......... .......... 51%  522K 17s
  6650K .......... .......... .......... .......... .......... 52%  562K 17s
  6700K .......... .......... .......... .......... .......... 52%  578K 17s
  6750K .......... .......... .......... .......... .......... 52%  484K 17s
  6800K .......... .......... .......... .......... .......... 53%  409K 16s
  6850K .......... .......... .......... .......... .......... 53%  451K 16s
  6900K .......... .......... .......... .......... .......... 53%  102K 16s
  6950K .......... .......... .......... .......... .......... 54%  835K 16s
  7000K .......... .......... .......... .......... .......... 54%  533K 16s
  7050K .......... .......... .......... .......... .......... 55%  560K 16s
  7100K .......... .......... .......... .......... .......... 55%  536K 16s
  7150K .......... .......... .......... .......... .......... 55%  165K 16s
  7200K .......... .......... .......... .......... .......... 56%  549K 16s
  7250K .......... .......... .......... .......... .......... 56%  483K 15s
  7300K .......... .......... .......... .......... .......... 57%  563K 15s
  7350K .......... .......... .......... .......... .......... 57%  443K 15s
  7400K .......... .......... .......... .......... .......... 57%  538K 15s
  7450K .......... .......... .......... .......... .......... 58%  574K 15s
  7500K .......... .......... .......... .......... .......... 58%  569K 15s
  7550K .......... .......... .......... .......... .......... 58%  493K 14s
  7600K .......... .......... .......... .......... .......... 59%  578K 14s
  7650K .......... .......... .......... .......... .......... 59%  463K 14s
  7700K .......... .......... .......... .......... .......... 60%  536K 14s
  7750K .......... .......... .......... .......... .......... 60%  519K 14s
  7800K .......... .......... .......... .......... .......... 60%  574K 14s
  7850K .......... .......... .......... .......... .......... 61%  489K 13s
  7900K .......... .......... .......... .......... .......... 61%  538K 13s
  7950K .......... .......... .......... .......... .......... 62%  518K 13s
  8000K .......... .......... .......... .......... .......... 62%  595K 13s
  8050K .......... .......... .......... .......... .......... 62%  544K 13s
  8100K .......... .......... .......... .......... .......... 63%  552K 13s
  8150K .......... .......... .......... .......... .......... 63%  595K 12s
  8200K .......... .......... .......... .......... .......... 64%  463K 12s
  8250K .......... .......... .......... .......... .......... 64%  691K 12s
  8300K .......... .......... .......... .......... .......... 64%  539K 12s
  8350K .......... .......... .......... .......... .......... 65%  611K 12s
  8400K .......... .......... .......... .......... .......... 65%  495K 12s
  8450K .......... .......... .......... .......... .......... 65%  165K 12s
  8500K .......... .......... .......... .......... .......... 66%  444K 11s
  8550K .......... .......... .......... .......... .......... 66%  646K 11s
  8600K .......... .......... .......... .......... .......... 67%  542K 11s
  8650K .......... .......... .......... .......... .......... 67%  556K 11s
  8700K .......... .......... .......... .......... .......... 67%  524K 11s
  8750K .......... .......... .......... .......... .......... 68%  498K 11s
  8800K .......... .......... .......... .......... .......... 68%  547K 11s
  8850K .......... .......... .......... .......... .......... 69% 68.0K 11s
  8900K .......... .......... .......... .......... .......... 69%  542K 11s
  8950K .......... .......... .......... .......... .......... 69%  167K 11s
  9000K .......... .......... .......... .......... .......... 70% 55.3K 11s
  9050K .......... .......... .......... .......... .......... 70%  511K 11s
  9100K .......... .......... .......... .......... .......... 71%  636K 10s
  9150K .......... .......... .......... .......... .......... 71%  590K 10s
  9200K .......... .......... .......... .......... .......... 71%  549K 10s
  9250K .......... .......... .......... .......... .......... 72%  505K 10s
  9300K .......... .......... .......... .......... .......... 72%  540K 10s
  9350K .......... .......... .......... .......... .......... 72%  574K 10s
  9400K .......... .......... .......... .......... .......... 73%  564K 9s
  9450K .......... .......... .......... .......... .......... 73%  168K 9s
  9500K .......... .......... .......... .......... .......... 74%  507K 9s
  9550K .......... .......... .......... .......... .......... 74%  503K 9s
  9600K .......... .......... .......... .......... .......... 74%  528K 9s
  9650K .......... .......... .......... .......... .......... 75%  511K 9s
  9700K .......... .......... .......... .......... .......... 75%  158K 9s
  9750K .......... .......... .......... .......... .......... 76%  469K 9s
  9800K .......... .......... .......... .......... .......... 76%  485K 8s
  9850K .......... .......... .......... .......... .......... 76%  563K 8s
  9900K .......... .......... .......... .......... .......... 77%  600K 8s
  9950K .......... .......... .......... .......... .......... 77%  578K 8s
 10000K .......... .......... .......... .......... .......... 78%  507K 8s
 10050K .......... .......... .......... .......... .......... 78%  509K 8s
 10100K .......... .......... .......... .......... .......... 78%  486K 7s
 10150K .......... .......... .......... .......... .......... 79%  633K 7s
 10200K .......... .......... .......... .......... .......... 79%  531K 7s
 10250K .......... .......... .......... .......... .......... 79%  677K 7s
 10300K .......... .......... .......... .......... .......... 80%  541K 7s
 10350K .......... .......... .......... .......... .......... 80%  510K 7s
 10400K .......... .......... .......... .......... .......... 81%  563K 7s
 10450K .......... .......... .......... .......... .......... 81%  484K 6s
 10500K .......... .......... .......... .......... .......... 81%  554K 6s
 10550K .......... .......... .......... .......... .......... 82%  502K 6s
 10600K .......... .......... .......... .......... .......... 82%  489K 6s
 10650K .......... .......... .......... .......... .......... 83%  181K 6s
 10700K .......... .......... .......... .......... .......... 83%  536K 6s
 10750K .......... .......... .......... .......... .......... 83%  506K 6s
 10800K .......... .......... .......... .......... .......... 84%  595K 5s
 10850K .......... .......... .......... .......... .......... 84%  563K 5s
 10900K .......... .......... .......... .......... .......... 84%  535K 5s
 10950K .......... .......... .......... .......... .......... 85%  561K 5s
 11000K .......... .......... .......... .......... .......... 85%  456K 5s
 11050K .......... .......... .......... .......... .......... 86%  665K 5s
 11100K .......... .......... .......... .......... .......... 86%  552K 5s
 11150K .......... .......... .......... .......... .......... 86%  469K 4s
 11200K .......... .......... .......... .......... .......... 87%  680K 4s
 11250K .......... .......... .......... .......... .......... 87%  529K 4s
 11300K .......... .......... .......... .......... .......... 88%  457K 4s
 11350K .......... .......... .......... .......... .......... 88%  610K 4s
 11400K .......... .......... .......... .......... .......... 88%  547K 4s
 11450K .......... .......... .......... .......... .......... 89%  551K 4s
 11500K .......... .......... .......... .......... .......... 89%  442K 4s
 11550K .......... .......... .......... .......... .......... 90%  636K 3s
 11600K .......... .......... .......... .......... .......... 90%  494K 3s
 11650K .......... .......... .......... .......... .......... 90%  562K 3s
 11700K .......... .......... .......... .......... .......... 91%  475K 3s
 11750K .......... .......... .......... .......... .......... 91%  651K 3s
 11800K .......... .......... .......... .......... .......... 91%  158K 3s
 11850K .......... .......... .......... .......... .......... 92%  495K 3s
 11900K .......... .......... .......... .......... .......... 92%  618K 2s
 11950K .......... .......... .......... .......... .......... 93%  165K 2s
 12000K .......... .......... .......... .......... .......... 93%  571K 2s
 12050K .......... .......... .......... .......... .......... 93%  504K 2s
 12100K .......... .......... .......... .......... .......... 94%  520K 2s
 12150K .......... .......... .......... .......... .......... 94%  160K 2s
 12200K .......... .......... .......... .......... .......... 95%  495K 2s
 12250K .......... .......... .......... .......... .......... 95%  166K 2s
 12300K .......... .......... .......... .......... .......... 95%  173K 1s
 12350K .......... .......... .......... .......... .......... 96%  593K 1s
 12400K .......... .......... .......... .......... .......... 96%  545K 1s
 12450K .......... .......... .......... .......... .......... 97%  582K 1s
 12500K .......... .......... .......... .......... .......... 97%  483K 1s
 12550K .......... .......... .......... .......... .......... 97%  576K 1s
 12600K .......... .......... .......... .......... .......... 98%  571K 1s
 12650K .......... .......... .......... .......... .......... 98%  165K 0s
 12700K .......... .......... .......... .......... .......... 98%  494K 0s
 12750K .......... .......... .......... .......... .......... 99%  591K 0s
 12800K .......... .......... .......... .......... .......... 99%  165K 0s
 12850K .......... .......... .......... ....                 100%  502K=34s

2016-05-25 02:58:09 (374 KB/s) - ‘index.html.10’ saved [13193358/13193358]

