--2016-05-25 04:04:49--  http://10.30.50.93:8000/
Connecting to 10.30.50.93:8000... connected.
HTTP request sent, awaiting response... 200 OK
Length: 13193358 (13M) [text/html]
Saving to: ‘index.html.4’

     0K .......... .......... .......... .......... ..........  0% 6.10M 2s
    50K .......... .......... .......... .......... ..........  0% 5.17M 2s
   100K .......... .......... .......... .......... ..........  1% 6.94M 2s
   150K .......... .......... .......... .......... ..........  1% 7.16M 2s
   200K .......... .......... .......... .......... ..........  1% 9.07M 2s
   250K .......... .......... .......... .......... ..........  2% 4.95M 2s
   300K .......... .......... .......... .......... ..........  2% 28.3M 2s
   350K .......... .......... .......... .......... ..........  3% 7.59M 2s
   400K .......... .......... .......... .......... ..........  3% 6.72M 2s
   450K .......... .......... .......... .......... ..........  3% 8.05M 2s
   500K .......... .......... .......... .......... ..........  4% 7.08M 2s
   550K .......... .......... .......... .......... ..........  4% 4.02M 2s
   600K .......... .......... .......... .......... ..........  5% 10.5M 2s
   650K .......... .......... .......... .......... ..........  5% 4.20M 2s
   700K .......... .......... .......... .......... ..........  5% 3.45M 2s
   750K .......... .......... .......... .......... ..........  6% 2.28M 2s
   800K .......... .......... .......... .......... ..........  6% 2.89M 2s
   850K .......... .......... .......... .......... ..........  6% 2.91M 2s
   900K .......... .......... .......... .......... ..........  7% 2.16M 2s
   950K .......... .......... .......... .......... ..........  7% 2.11M 3s
  1000K .......... .......... .......... .......... ..........  8% 3.14M 3s
  1050K .......... .......... .......... .......... ..........  8% 3.10M 3s
  1100K .......... .......... .......... .......... ..........  8% 2.01M 3s
  1150K .......... .......... .......... .......... ..........  9% 1.52M 3s
  1200K .......... .......... .......... .......... ..........  9% 1.24M 3s
  1250K .......... .......... .......... .......... .......... 10% 1.20M 3s
  1300K .......... .......... .......... .......... .......... 10% 1.16M 4s
  1350K .......... .......... .......... .......... .......... 10% 1.79M 4s
  1400K .......... .......... .......... .......... .......... 11% 2.13M 4s
  1450K .......... .......... .......... .......... .......... 11% 2.24M 4s
  1500K .......... .......... .......... .......... .......... 12% 1.84M 4s
  1550K .......... .......... .......... .......... .......... 12% 2.14M 4s
  1600K .......... .......... .......... .......... .......... 12% 2.19M 4s
  1650K .......... .......... .......... .......... .......... 13% 2.23M 4s
  1700K .......... .......... .......... .......... .......... 13% 2.32M 4s
  1750K .......... .......... .......... .......... .......... 13% 3.15M 4s
  1800K .......... .......... .......... .......... .......... 14% 3.33M 4s
  1850K .......... .......... .......... .......... .......... 14% 3.58M 4s
  1900K .......... .......... .......... .......... .......... 15% 2.34M 4s
  1950K .......... .......... .......... .......... .......... 15% 2.28M 4s
  2000K .......... .......... .......... .......... .......... 15% 3.62M 4s
  2050K .......... .......... .......... .......... .......... 16% 4.37M 4s
  2100K .......... .......... .......... .......... .......... 16% 4.56M 4s
  2150K .......... .......... .......... .......... .......... 17% 5.28M 4s
  2200K .......... .......... .......... .......... .......... 17% 5.01M 4s
  2250K .......... .......... .......... .......... .......... 17% 5.12M 4s
  2300K .......... .......... .......... .......... .......... 18% 5.09M 3s
  2350K .......... .......... .......... .......... .......... 18% 4.97M 3s
  2400K .......... .......... .......... .......... .......... 19% 6.17M 3s
  2450K .......... .......... .......... .......... .......... 19% 5.21M 3s
  2500K .......... .......... .......... .......... .......... 19% 6.31M 3s
  2550K .......... .......... .......... .......... .......... 20% 4.34M 3s
  2600K .......... .......... .......... .......... .......... 20% 6.06M 3s
  2650K .......... .......... .......... .......... .......... 20% 3.96M 3s
  2700K .......... .......... .......... .......... .......... 21% 4.18M 3s
  2750K .......... .......... .......... .......... .......... 21% 4.23M 3s
  2800K .......... .......... .......... .......... .......... 22% 3.66M 3s
  2850K .......... .......... .......... .......... .......... 22% 2.57M 3s
  2900K .......... .......... .......... .......... .......... 22% 2.61M 3s
  2950K .......... .......... .......... .......... .......... 23% 4.45M 3s
  3000K .......... .......... .......... .......... .......... 23% 4.88M 3s
  3050K .......... .......... .......... .......... .......... 24% 3.95M 3s
  3100K .......... .......... .......... .......... .......... 24% 3.92M 3s
  3150K .......... .......... .......... .......... .......... 24% 2.18M 3s
  3200K .......... .......... .......... .......... .......... 25%  754K 3s
  3250K .......... .......... .......... .......... .......... 25% 2.25M 3s
  3300K .......... .......... .......... .......... .......... 26% 3.09M 3s
  3350K .......... .......... .......... .......... .......... 26% 2.52M 3s
  3400K .......... .......... .......... .......... .......... 26% 2.19M 3s
  3450K .......... .......... .......... .......... .......... 27% 3.17M 3s
  3500K .......... .......... .......... .......... .......... 27% 3.36M 3s
  3550K .......... .......... .......... .......... .......... 27% 3.06M 3s
  3600K .......... .......... .......... .......... .......... 28% 2.22M 3s
  3650K .......... .......... .......... .......... .......... 28% 2.68M 3s
  3700K .......... .......... .......... .......... .......... 29% 2.61M 3s
  3750K .......... .......... .......... .......... .......... 29% 2.14M 3s
  3800K .......... .......... .......... .......... .......... 29% 1.95M 3s
  3850K .......... .......... .......... .......... .......... 30% 2.43M 3s
  3900K .......... .......... .......... .......... .......... 30% 3.46M 3s
  3950K .......... .......... .......... .......... .......... 31% 3.46M 3s
  4000K .......... .......... .......... .......... .......... 31% 5.12M 3s
  4050K .......... .......... .......... .......... .......... 31% 4.10M 3s
  4100K .......... .......... .......... .......... .......... 32% 3.48M 3s
  4150K .......... .......... .......... .......... .......... 32% 2.52M 3s
  4200K .......... .......... .......... .......... .......... 32% 2.32M 3s
  4250K .......... .......... .......... .......... .......... 33% 3.36M 3s
  4300K .......... .......... .......... .......... .......... 33% 3.43M 3s
  4350K .......... .......... .......... .......... .......... 34% 3.42M 3s
  4400K .......... .......... .......... .......... .......... 34% 2.55M 3s
  4450K .......... .......... .......... .......... .......... 34% 2.55M 3s
  4500K .......... .......... .......... .......... .......... 35% 3.11M 3s
  4550K .......... .......... .......... .......... .......... 35% 2.20M 3s
  4600K .......... .......... .......... .......... .......... 36% 2.21M 3s
  4650K .......... .......... .......... .......... .......... 36% 2.18M 3s
  4700K .......... .......... .......... .......... .......... 36% 1.56M 3s
  4750K .......... .......... .......... .......... .......... 37% 1.61M 3s
  4800K .......... .......... .......... .......... .......... 37% 1.96M 3s
  4850K .......... .......... .......... .......... .......... 38% 3.73M 3s
  4900K .......... .......... .......... .......... .......... 38% 5.63M 3s
  4950K .......... .......... .......... .......... .......... 38% 2.80M 3s
  5000K .......... .......... .......... .......... .......... 39% 2.88M 3s
  5050K .......... .......... .......... .......... .......... 39% 2.27M 3s
  5100K .......... .......... .......... .......... .......... 39% 2.10M 3s
  5150K .......... .......... .......... .......... .......... 40% 2.08M 3s
  5200K .......... .......... .......... .......... .......... 40% 2.58M 3s
  5250K .......... .......... .......... .......... .......... 41% 2.99M 3s
  5300K .......... .......... .......... .......... .......... 41% 3.04M 3s
  5350K .......... .......... .......... .......... .......... 41% 3.34M 3s
  5400K .......... .......... .......... .......... .......... 42% 2.90M 3s
  5450K .......... .......... .......... .......... .......... 42% 2.21M 3s
  5500K .......... .......... .......... .......... .......... 43% 2.06M 3s
  5550K .......... .......... .......... .......... .......... 43% 2.20M 3s
  5600K .......... .......... .......... .......... .......... 43% 3.13M 2s
  5650K .......... .......... .......... .......... .......... 44% 2.97M 2s
  5700K .......... .......... .......... .......... .......... 44% 2.72M 2s
  5750K .......... .......... .......... .......... .......... 45% 2.27M 2s
  5800K .......... .......... .......... .......... .......... 45% 2.88M 2s
  5850K .......... .......... .......... .......... .......... 45% 3.88M 2s
  5900K .......... .......... .......... .......... .......... 46% 3.32M 2s
  5950K .......... .......... .......... .......... .......... 46% 2.93M 2s
  6000K .......... .......... .......... .......... .......... 46% 5.10M 2s
  6050K .......... .......... .......... .......... .......... 47% 3.70M 2s
  6100K .......... .......... .......... .......... .......... 47% 4.29M 2s
  6150K .......... .......... .......... .......... .......... 48% 6.08M 2s
  6200K .......... .......... .......... .......... .......... 48% 4.47M 2s
  6250K .......... .......... .......... .......... .......... 48% 3.66M 2s
  6300K .......... .......... .......... .......... .......... 49% 2.19M 2s
  6350K .......... .......... .......... .......... .......... 49% 2.87M 2s
  6400K .......... .......... .......... .......... .......... 50% 3.27M 2s
  6450K .......... .......... .......... .......... .......... 50% 2.69M 2s
  6500K .......... .......... .......... .......... .......... 50% 2.10M 2s
  6550K .......... .......... .......... .......... .......... 51% 1.93M 2s
  6600K .......... .......... .......... .......... .......... 51% 2.78M 2s
  6650K .......... .......... .......... .......... .......... 52% 1.77M 2s
  6700K .......... .......... .......... .......... .......... 52% 2.19M 2s
  6750K .......... .......... .......... .......... .......... 52% 1.35M 2s
  6800K .......... .......... .......... .......... .......... 53% 1.14M 2s
  6850K .......... .......... .......... .......... .......... 53% 1.34M 2s
  6900K .......... .......... .......... .......... .......... 53% 2.31M 2s
  6950K .......... .......... .......... .......... .......... 54% 2.47M 2s
  7000K .......... .......... .......... .......... .......... 54% 2.82M 2s
  7050K .......... .......... .......... .......... .......... 55% 3.01M 2s
  7100K .......... .......... .......... .......... .......... 55% 3.47M 2s
  7150K .......... .......... .......... .......... .......... 55% 4.67M 2s
  7200K .......... .......... .......... .......... .......... 56% 5.19M 2s
  7250K .......... .......... .......... .......... .......... 56% 5.21M 2s
  7300K .......... .......... .......... .......... .......... 57% 4.65M 2s
  7350K .......... .......... .......... .......... .......... 57% 6.85M 2s
  7400K .......... .......... .......... .......... .......... 57% 5.23M 2s
  7450K .......... .......... .......... .......... .......... 58% 3.42M 2s
  7500K .......... .......... .......... .......... .......... 58% 2.42M 2s
  7550K .......... .......... .......... .......... .......... 58% 2.81M 2s
  7600K .......... .......... .......... .......... .......... 59% 3.52M 2s
  7650K .......... .......... .......... .......... .......... 59% 3.15M 2s
  7700K .......... .......... .......... .......... .......... 60% 2.66M 2s
  7750K .......... .......... .......... .......... .......... 60% 1.94M 2s
  7800K .......... .......... .......... .......... .......... 60% 2.14M 2s
  7850K .......... .......... .......... .......... .......... 61% 2.80M 2s
  7900K .......... .......... .......... .......... .......... 61% 2.13M 2s
  7950K .......... .......... .......... .......... .......... 62% 2.17M 2s
  8000K .......... .......... .......... .......... .......... 62% 3.32M 2s
  8050K .......... .......... .......... .......... .......... 62% 3.15M 2s
  8100K .......... .......... .......... .......... .......... 63% 3.28M 2s
  8150K .......... .......... .......... .......... .......... 63% 4.04M 2s
  8200K .......... .......... .......... .......... .......... 64% 3.34M 2s
  8250K .......... .......... .......... .......... .......... 64% 1.88M 2s
  8300K .......... .......... .......... .......... .......... 64% 1.33M 2s
  8350K .......... .......... .......... .......... .......... 65% 1.81M 2s
  8400K .......... .......... .......... .......... .......... 65% 2.57M 2s
  8450K .......... .......... .......... .......... .......... 65% 2.43M 2s
  8500K .......... .......... .......... .......... .......... 66% 2.45M 2s
  8550K .......... .......... .......... .......... .......... 66% 2.94M 2s
  8600K .......... .......... .......... .......... .......... 67% 3.21M 1s
  8650K .......... .......... .......... .......... .......... 67% 2.24M 1s
  8700K .......... .......... .......... .......... .......... 67% 2.54M 1s
  8750K .......... .......... .......... .......... .......... 68% 3.41M 1s
  8800K .......... .......... .......... .......... .......... 68% 4.25M 1s
  8850K .......... .......... .......... .......... .......... 69% 3.44M 1s
  8900K .......... .......... .......... .......... .......... 69% 4.17M 1s
  8950K .......... .......... .......... .......... .......... 69% 2.97M 1s
  9000K .......... .......... .......... .......... .......... 70% 2.28M 1s
  9050K .......... .......... .......... .......... .......... 70% 2.56M 1s
  9100K .......... .......... .......... .......... .......... 71% 3.50M 1s
  9150K .......... .......... .......... .......... .......... 71% 2.41M 1s
  9200K .......... .......... .......... .......... .......... 71% 1.95M 1s
  9250K .......... .......... .......... .......... .......... 72% 2.03M 1s
  9300K .......... .......... .......... .......... .......... 72% 1.99M 1s
  9350K .......... .......... .......... .......... .......... 72% 3.28M 1s
  9400K .......... .......... .......... .......... .......... 73% 3.12M 1s
  9450K .......... .......... .......... .......... .......... 73% 3.10M 1s
  9500K .......... .......... .......... .......... .......... 74% 2.65M 1s
  9550K .......... .......... .......... .......... .......... 74% 1.20M 1s
  9600K .......... .......... .......... .......... .......... 74% 1.30M 1s
  9650K .......... .......... .......... .......... .......... 75% 1.20M 1s
  9700K .......... .......... .......... .......... .......... 75% 1.21M 1s
  9750K .......... .......... .......... .......... .......... 76% 1.36M 1s
  9800K .......... .......... .......... .......... .......... 76% 1.49M 1s
  9850K .......... .......... .......... .......... .......... 76% 3.01M 1s
  9900K .......... .......... .......... .......... .......... 77% 2.68M 1s
  9950K .......... .......... .......... .......... .......... 77% 2.76M 1s
 10000K .......... .......... .......... .......... .......... 78% 1.91M 1s
 10050K .......... .......... .......... .......... .......... 78% 5.09M 1s
 10100K .......... .......... .......... .......... .......... 78% 2.28M 1s
 10150K .......... .......... .......... .......... .......... 79% 2.11M 1s
 10200K .......... .......... .......... .......... .......... 79% 1.97M 1s
 10250K .......... .......... .......... .......... .......... 79% 2.15M 1s
 10300K .......... .......... .......... .......... .......... 80% 2.08M 1s
 10350K .......... .......... .......... .......... .......... 80% 3.08M 1s
 10400K .......... .......... .......... .......... .......... 81% 2.31M 1s
 10450K .......... .......... .......... .......... .......... 81% 2.04M 1s
 10500K .......... .......... .......... .......... .......... 81% 2.97M 1s
 10550K .......... .......... .......... .......... .......... 82% 2.92M 1s
 10600K .......... .......... .......... .......... .......... 82% 1.78M 1s
 10650K .......... .......... .......... .......... .......... 83% 2.13M 1s
 10700K .......... .......... .......... .......... .......... 83% 2.08M 1s
 10750K .......... .......... .......... .......... .......... 83% 2.11M 1s
 10800K .......... .......... .......... .......... .......... 84% 2.49M 1s
 10850K .......... .......... .......... .......... .......... 84% 3.71M 1s
 10900K .......... .......... .......... .......... .......... 84% 3.33M 1s
 10950K .......... .......... .......... .......... .......... 85% 3.39M 1s
 11000K .......... .......... .......... .......... .......... 85% 3.60M 1s
 11050K .......... .......... .......... .......... .......... 86% 3.40M 1s
 11100K .......... .......... .......... .......... .......... 86% 3.98M 1s
 11150K .......... .......... .......... .......... .......... 86% 4.44M 1s
 11200K .......... .......... .......... .......... .......... 87% 4.63M 1s
 11250K .......... .......... .......... .......... .......... 87% 4.51M 1s
 11300K .......... .......... .......... .......... .......... 88% 5.82M 1s
 11350K .......... .......... .......... .......... .......... 88% 5.95M 1s
 11400K .......... .......... .......... .......... .......... 88% 4.49M 1s
 11450K .......... .......... .......... .......... .......... 89% 3.73M 1s
 11500K .......... .......... .......... .......... .......... 89% 3.11M 0s
 11550K .......... .......... .......... .......... .......... 90% 3.30M 0s
 11600K .......... .......... .......... .......... .......... 90% 3.35M 0s
 11650K .......... .......... .......... .......... .......... 90% 2.57M 0s
 11700K .......... .......... .......... .......... .......... 91% 2.05M 0s
 11750K .......... .......... .......... .......... .......... 91% 2.41M 0s
 11800K .......... .......... .......... .......... .......... 91% 2.24M 0s
 11850K .......... .......... .......... .......... .......... 92% 2.63M 0s
 11900K .......... .......... .......... .......... .......... 92% 2.78M 0s
 11950K .......... .......... .......... .......... .......... 93% 2.05M 0s
 12000K .......... .......... .......... .......... .......... 93% 1.94M 0s
 12050K .......... .......... .......... .......... .......... 93% 2.11M 0s
 12100K .......... .......... .......... .......... .......... 94% 1.80M 0s
 12150K .......... .......... .......... .......... .......... 94% 1.13M 0s
 12200K .......... .......... .......... .......... .......... 95% 1.23M 0s
 12250K .......... .......... .......... .......... .......... 95% 2.36M 0s
 12300K .......... .......... .......... .......... .......... 95% 2.17M 0s
 12350K .......... .......... .......... .......... .......... 96% 1.93M 0s
 12400K .......... .......... .......... .......... .......... 96% 1.40M 0s
 12450K .......... .......... .......... .......... .......... 97% 3.20M 0s
 12500K .......... .......... .......... .......... .......... 97% 2.32M 0s
 12550K .......... .......... .......... .......... .......... 97% 2.87M 0s
 12600K .......... .......... .......... .......... .......... 98% 3.13M 0s
 12650K .......... .......... .......... .......... .......... 98% 2.01M 0s
 12700K .......... .......... .......... .......... .......... 98% 1.41M 0s
 12750K .......... .......... .......... .......... .......... 99% 2.80M 0s
 12800K .......... .......... .......... .......... .......... 99% 3.70M 0s
 12850K .......... .......... .......... ....                 100% 3.97M=4.8s

2016-05-25 04:04:54 (2.63 MB/s) - ‘index.html.4’ saved [13193358/13193358]

