--2016-05-25 00:18:24--  http://10.30.50.93:8000/
Connecting to 10.30.50.93:8000... connected.
HTTP request sent, awaiting response... 200 OK
Length: 13193358 (13M) [text/html]
Saving to: ‘index.html.8’

     0K .......... .......... .......... .......... ..........  0% 90.6K 2m22s
    50K .......... .......... .......... .......... ..........  0%  139K 1m57s
   100K .......... .......... .......... .......... ..........  1%  113K 1m55s
   150K .......... .......... .......... .......... ..........  1%  113K 1m54s
   200K .......... .......... .......... .......... ..........  1%  113K 1m53s
   250K .......... .......... .......... .......... ..........  2%  112K 1m53s
   300K .......... .......... .......... .......... ..........  2%  107K 1m53s
   350K .......... .......... .......... .......... ..........  3%  104K 1m53s
   400K .......... .......... .......... .......... ..........  3%  123K 1m52s
   450K .......... .......... .......... .......... ..........  3%  102K 1m52s
   500K .......... .......... .......... .......... ..........  4%  113K 1m52s
   550K .......... .......... .......... .......... ..........  4% 99.3K 1m52s
   600K .......... .......... .......... .......... ..........  5%  134K 1m50s
   650K .......... .......... .......... .......... ..........  5%  107K 1m50s
   700K .......... .......... .......... .......... ..........  5% 99.3K 1m50s
   750K .......... .......... .......... .......... ..........  6%  123K 1m49s
   800K .......... .......... .......... .......... ..........  6%  110K 1m49s
   850K .......... .......... .......... .......... ..........  6% 99.2K 1m49s
   900K .......... .......... .......... .......... ..........  7%  116K 1m48s
   950K .......... .......... .......... .......... ..........  7%  113K 1m48s
  1000K .......... .......... .......... .......... ..........  8%  116K 1m47s
  1050K .......... .......... .......... .......... ..........  8%  110K 1m47s
  1100K .......... .......... .......... .......... ..........  8%  104K 1m47s
  1150K .......... .......... .......... .......... ..........  9%  116K 1m46s
  1200K .......... .......... .......... .......... ..........  9%  113K 1m45s
  1250K .......... .......... .......... .......... .......... 10%  113K 1m45s
  1300K .......... .......... .......... .......... .......... 10%  116K 1m44s
  1350K .......... .......... .......... .......... .......... 10%  110K 1m44s
  1400K .......... .......... .......... .......... .......... 11% 99.2K 1m44s
  1450K .......... .......... .......... .......... .......... 11%  123K 1m43s
  1500K .......... .......... .......... .......... .......... 12%  113K 1m42s
  1550K .......... .......... .......... .......... .......... 12%  110K 1m42s
  1600K .......... .......... .......... .......... .......... 12%  107K 1m42s
  1650K .......... .......... .......... .......... .......... 13%  113K 1m41s
  1700K .......... .......... .......... .......... .......... 13%  113K 1m41s
  1750K .......... .......... .......... .......... .......... 13%  104K 1m40s
  1800K .......... .......... .......... .......... .......... 14%  107K 1m40s
  1850K .......... .......... .......... .......... .......... 14%  119K 99s
  1900K .......... .......... .......... .......... .......... 15%  107K 99s
  1950K .......... .......... .......... .......... .......... 15%  102K 99s
  2000K .......... .......... .......... .......... .......... 15%  107K 98s
  2050K .......... .......... .......... .......... .......... 16%  110K 98s
  2100K .......... .......... .......... .......... .......... 16% 96.8K 98s
  2150K .......... .......... .......... .......... .......... 17%  139K 97s
  2200K .......... .......... .......... .......... .......... 17% 96.9K 97s
  2250K .......... .......... .......... .......... .......... 17%  116K 96s
  2300K .......... .......... .......... .......... .......... 18%  119K 96s
  2350K .......... .......... .......... .......... .......... 18%  116K 95s
  2400K .......... .......... .......... .......... .......... 19%  116K 94s
  2450K .......... .......... .......... .......... .......... 19% 92.6K 94s
  2500K .......... .......... .......... .......... .......... 19% 99.1K 94s
  2550K .......... .......... .......... .......... .......... 20%  134K 93s
  2600K .......... .......... .......... .......... .......... 20% 90.6K 93s
  2650K .......... .......... .......... .......... .......... 20%  160K 92s
  2700K .......... .......... .......... .......... .......... 21%  107K 92s
  2750K .......... .......... .......... .......... .......... 21%  104K 91s
  2800K .......... .......... .......... .......... .......... 22%  123K 91s
  2850K .......... .......... .......... .......... .......... 22% 96.8K 91s
  2900K .......... .......... .......... .......... .......... 22%  107K 90s
  2950K .......... .......... .......... .......... .......... 23%  113K 90s
  3000K .......... .......... .......... .......... .......... 23%  104K 89s
  3050K .......... .......... .......... .......... .......... 24%  119K 89s
  3100K .......... .......... .......... .......... .......... 24%  113K 88s
  3150K .......... .......... .......... .......... .......... 24%  110K 88s
  3200K .......... .......... .......... .......... .......... 25% 99.1K 88s
  3250K .......... .......... .......... .......... .......... 25%  113K 87s
  3300K .......... .......... .......... .......... .......... 26% 88.6K 87s
  3350K .......... .......... .......... .......... .......... 26%  119K 86s
  3400K .......... .......... .......... .......... .......... 26%  104K 86s
  3450K .......... .......... .......... .......... .......... 27%  116K 85s
  3500K .......... .......... .......... .......... .......... 27% 65.1K 86s
  3550K .......... .......... .......... .......... .......... 27%  113K 85s
  3600K .......... .......... .......... .......... .......... 28% 94.6K 85s
  3650K .......... .......... .......... .......... .......... 28%  110K 85s
  3700K .......... .......... .......... .......... .......... 29% 94.7K 84s
  3750K .......... .......... .......... .......... .......... 29%  149K 84s
  3800K .......... .......... .......... .......... .......... 29%  107K 83s
  3850K .......... .......... .......... .......... .......... 30%  110K 83s
  3900K .......... .......... .......... .......... .......... 30%  110K 82s
  3950K .......... .......... .......... .......... .......... 31%  116K 82s
  4000K .......... .......... .......... .......... .......... 31% 96.9K 81s
  4050K .......... .......... .......... .......... .......... 31%  116K 81s
  4100K .......... .......... .......... .......... .......... 32%  104K 80s
  4150K .......... .......... .......... .......... .......... 32%  116K 80s
  4200K .......... .......... .......... .......... .......... 32%  110K 79s
  4250K .......... .......... .......... .......... .......... 33%  116K 79s
  4300K .......... .......... .......... .......... .......... 33% 96.8K 79s
  4350K .......... .......... .......... .......... .......... 34%  139K 78s
  4400K .......... .......... .......... .......... .......... 34%  116K 77s
  4450K .......... .......... .......... .......... .......... 34%  119K 77s
  4500K .......... .......... .......... .......... .......... 35%  107K 76s
  4550K .......... .......... .......... .......... .......... 35%  102K 76s
  4600K .......... .......... .......... .......... .......... 36%  122K 75s
  4650K .......... .......... .......... .......... .......... 36%  113K 75s
  4700K .......... .......... .......... .......... .......... 36%  104K 75s
  4750K .......... .......... .......... .......... .......... 37%  126K 74s
  4800K .......... .......... .......... .......... .......... 37%  113K 73s
  4850K .......... .......... .......... .......... .......... 38%  107K 73s
  4900K .......... .......... .......... .......... .......... 38%  119K 73s
  4950K .......... .......... .......... .......... .......... 38% 99.2K 72s
  5000K .......... .......... .......... .......... .......... 39%  123K 72s
  5050K .......... .......... .......... .......... .......... 39%  116K 71s
  5100K .......... .......... .......... .......... .......... 39% 99.2K 71s
  5150K .......... .......... .......... .......... .......... 40%  126K 70s
  5200K .......... .......... .......... .......... .......... 40%  116K 70s
  5250K .......... .......... .......... .......... .......... 41%  110K 69s
  5300K .......... .......... .......... .......... .......... 41%  110K 69s
  5350K .......... .......... .......... .......... .......... 41%  104K 68s
  5400K .......... .......... .......... .......... .......... 42% 99.1K 68s
  5450K .......... .......... .......... .......... .......... 42%  119K 67s
  5500K .......... .......... .......... .......... .......... 43%  109K 67s
  5550K .......... .......... .......... .......... .......... 43%  116K 67s
  5600K .......... .......... .......... .......... .......... 43%  104K 66s
  5650K .......... .......... .......... .......... .......... 44%  119K 66s
  5700K .......... .......... .......... .......... .......... 44%  110K 65s
  5750K .......... .......... .......... .......... .......... 45%  104K 65s
  5800K .......... .......... .......... .......... .......... 45%  122K 64s
  5850K .......... .......... .......... .......... .......... 45% 94.7K 64s
  5900K .......... .......... .......... .......... .......... 46%  102K 63s
  5950K .......... .......... .......... .......... .......... 46%  113K 63s
  6000K .......... .......... .......... .......... .......... 46%  116K 62s
  6050K .......... .......... .......... .......... .......... 47%  112K 62s
  6100K .......... .......... .......... .......... .......... 47%  107K 62s
  6150K .......... .......... .......... .......... .......... 48%  119K 61s
  6200K .......... .......... .......... .......... .......... 48%  102K 61s
  6250K .......... .......... .......... .......... .......... 48% 94.7K 60s
  6300K .......... .......... .......... .......... .......... 49%  109K 60s
  6350K .......... .......... .......... .......... .......... 49%  110K 59s
  6400K .......... .......... .......... .......... .......... 50%  110K 59s
  6450K .......... .......... .......... .......... .......... 50%  113K 58s
  6500K .......... .......... .......... .......... .......... 50%  113K 58s
  6550K .......... .......... .......... .......... .......... 51% 97.0K 58s
  6600K .......... .......... .......... .......... .......... 51%  112K 57s
  6650K .......... .......... .......... .......... .......... 52%  104K 57s
  6700K .......... .......... .......... .......... .......... 52%  116K 56s
  6750K .......... .......... .......... .......... .......... 52%  110K 56s
  6800K .......... .......... .......... .......... .......... 53% 99.1K 55s
  6850K .......... .......... .......... .......... .......... 53%  102K 55s
  6900K .......... .......... .......... .......... .......... 53%  116K 54s
  6950K .......... .......... .......... .......... .......... 54%  123K 54s
  7000K .......... .......... .......... .......... .......... 54% 99.3K 53s
  7050K .......... .......... .......... .......... .......... 55%  130K 53s
  7100K .......... .......... .......... .......... .......... 55%  113K 52s
  7150K .......... .......... .......... .......... .......... 55% 92.5K 52s
  7200K .......... .......... .......... .......... .......... 56% 90.7K 52s
  7250K .......... .......... .......... .......... .......... 56%  130K 51s
  7300K .......... .......... .......... .......... .......... 57% 86.8K 51s
  7350K .......... .......... .......... .......... .......... 57%  123K 50s
  7400K .......... .......... .......... .......... .......... 57%  107K 50s
  7450K .......... .......... .......... .......... .......... 58% 99.3K 49s
  7500K .......... .......... .......... .......... .......... 58%  104K 49s
  7550K .......... .......... .......... .......... .......... 58%  102K 49s
  7600K .......... .......... .......... .......... .......... 59%  107K 48s
  7650K .......... .......... .......... .......... .......... 59%  126K 48s
  7700K .......... .......... .......... .......... .......... 60%  116K 47s
  7750K .......... .......... .......... .......... .......... 60% 96.9K 47s
  7800K .......... .......... .......... .......... .......... 60%  135K 46s
  7850K .......... .......... .......... .......... .......... 61%  119K 46s
  7900K .......... .......... .......... .......... .......... 61%  113K 45s
  7950K .......... .......... .......... .......... .......... 62%  113K 45s
  8000K .......... .......... .......... .......... .......... 62%  107K 44s
  8050K .......... .......... .......... .......... .......... 62%  113K 44s
  8100K .......... .......... .......... .......... .......... 63%  110K 43s
  8150K .......... .......... .......... .......... .......... 63% 99.3K 43s
  8200K .......... .......... .......... .......... .......... 64%  126K 42s
  8250K .......... .......... .......... .......... .......... 64%  116K 42s
  8300K .......... .......... .......... .......... .......... 64% 99.2K 42s
  8350K .......... .......... .......... .......... .......... 65%  130K 41s
  8400K .......... .......... .......... .......... .......... 65%  113K 41s
  8450K .......... .......... .......... .......... .......... 65% 92.7K 40s
  8500K .......... .......... .......... .......... .......... 66%  126K 40s
  8550K .......... .......... .......... .......... .......... 66%  126K 39s
  8600K .......... .......... .......... .......... .......... 67%  104K 39s
  8650K .......... .......... .......... .......... .......... 67%  116K 38s
  8700K .......... .......... .......... .......... .......... 67%  113K 38s
  8750K .......... .......... .......... .......... .......... 68% 96.8K 37s
  8800K .......... .......... .......... .......... .......... 68%  135K 37s
  8850K .......... .......... .......... .......... .......... 69%  116K 36s
  8900K .......... .......... .......... .......... .......... 69%  107K 36s
  8950K .......... .......... .......... .......... .......... 69%  119K 35s
  9000K .......... .......... .......... .......... .......... 70%  113K 35s
  9050K .......... .......... .......... .......... .......... 70%  113K 35s
  9100K .......... .......... .......... .......... .......... 71%  113K 34s
  9150K .......... .......... .......... .......... .......... 71%  113K 34s
  9200K .......... .......... .......... .......... .......... 71% 92.6K 33s
  9250K .......... .......... .......... .......... .......... 72%  127K 33s
  9300K .......... .......... .......... .......... .......... 72%  122K 32s
  9350K .......... .......... .......... .......... .......... 72%  113K 32s
  9400K .......... .......... .......... .......... .......... 73%  102K 31s
  9450K .......... .......... .......... .......... .......... 73% 68.3K 31s
  9500K .......... .......... .......... .......... .......... 74%  116K 31s
  9550K .......... .......... .......... .......... .......... 74%  104K 30s
  9600K .......... .......... .......... .......... .......... 74%  116K 30s
  9650K .......... .......... .......... .......... .......... 75%  119K 29s
  9700K .......... .......... .......... .......... .......... 75%  110K 29s
  9750K .......... .......... .......... .......... .......... 76%  116K 28s
  9800K .......... .......... .......... .......... .......... 76%  119K 28s
  9850K .......... .......... .......... .......... .......... 76%  110K 27s
  9900K .......... .......... .......... .......... .......... 77%  113K 27s
  9950K .......... .......... .......... .......... .......... 77%  113K 26s
 10000K .......... .......... .......... .......... .......... 78%  102K 26s
 10050K .......... .......... .......... .......... .......... 78%  119K 25s
 10100K .......... .......... .......... .......... .......... 78%  113K 25s
 10150K .......... .......... .......... .......... .......... 79%  110K 25s
 10200K .......... .......... .......... .......... .......... 79% 96.9K 24s
 10250K .......... .......... .......... .......... .......... 79%  123K 24s
 10300K .......... .......... .......... .......... .......... 80%  104K 23s
 10350K .......... .......... .......... .......... .......... 80%  116K 23s
 10400K .......... .......... .......... .......... .......... 81%  104K 22s
 10450K .......... .......... .......... .......... .......... 81%  113K 22s
 10500K .......... .......... .......... .......... .......... 81%  110K 21s
 10550K .......... .......... .......... .......... .......... 82%  113K 21s
 10600K .......... .......... .......... .......... .......... 82% 96.8K 20s
 10650K .......... .......... .......... .......... .......... 83%  149K 20s
 10700K .......... .......... .......... .......... .......... 83%  116K 19s
 10750K .......... .......... .......... .......... .......... 83%  113K 19s
 10800K .......... .......... .......... .......... .......... 84%  113K 19s
 10850K .......... .......... .......... .......... .......... 84%  116K 18s
 10900K .......... .......... .......... .......... .......... 84%  119K 18s
 10950K .......... .......... .......... .......... .......... 85% 96.9K 17s
 11000K .......... .......... .......... .......... .......... 85%  123K 17s
 11050K .......... .......... .......... .......... .......... 86%  116K 16s
 11100K .......... .......... .......... .......... .......... 86%  110K 16s
 11150K .......... .......... .......... .......... .......... 86%  113K 15s
 11200K .......... .......... .......... .......... .......... 87% 94.7K 15s
 11250K .......... .......... .......... .......... .......... 87%  122K 14s
 11300K .......... .......... .......... .......... .......... 88%  123K 14s
 11350K .......... .......... .......... .......... .......... 88%  113K 14s
 11400K .......... .......... .......... .......... .......... 88%  112K 13s
 11450K .......... .......... .......... .......... .......... 89%  116K 13s
 11500K .......... .......... .......... .......... .......... 89%  107K 12s
 11550K .......... .......... .......... .......... .......... 90% 63.1K 12s
 11600K .......... .......... .......... .......... .......... 90%  112K 11s
 11650K .......... .......... .......... .......... .......... 90%  102K 11s
 11700K .......... .......... .......... .......... .......... 91%  110K 10s
 11750K .......... .......... .......... .......... .......... 91% 90.6K 10s
 11800K .......... .......... .......... .......... .......... 91%  104K 9s
 11850K .......... .......... .......... .......... .......... 92% 96.8K 9s
 11900K .......... .......... .......... .......... .......... 92%  130K 9s
 11950K .......... .......... .......... .......... .......... 93%  116K 8s
 12000K .......... .......... .......... .......... .......... 93% 99.3K 8s
 12050K .......... .......... .......... .......... .......... 93% 94.6K 7s
 12100K .......... .......... .......... .......... .......... 94%  113K 7s
 12150K .......... .......... .......... .......... .......... 94%  116K 6s
 12200K .......... .......... .......... .......... .......... 95% 94.5K 6s
 12250K .......... .......... .......... .......... .......... 95%  135K 5s
 12300K .......... .......... .......... .......... .......... 95%  113K 5s
 12350K .......... .......... .......... .......... .......... 96% 99.3K 4s
 12400K .......... .......... .......... .......... .......... 96%  123K 4s
 12450K .......... .......... .......... .......... .......... 97%  112K 4s
 12500K .......... .......... .......... .......... .......... 97% 94.6K 3s
 12550K .......... .......... .......... .......... .......... 97%  130K 3s
 12600K .......... .......... .......... .......... .......... 98%  116K 2s
 12650K .......... .......... .......... .......... .......... 98%  113K 2s
 12700K .......... .......... .......... .......... .......... 98%  112K 1s
 12750K .......... .......... .......... .......... .......... 99%  104K 1s
 12800K .......... .......... .......... .......... .......... 99%  107K 0s
 12850K .......... .......... .......... ....                 100%  114K=1m58s

2016-05-25 00:20:22 (109 KB/s) - ‘index.html.8’ saved [13193358/13193358]

