--2016-05-25 01:43:01--  http://10.30.50.93:8000/
Connecting to 10.30.50.93:8000... connected.
HTTP request sent, awaiting response... 200 OK
Length: 13193358 (13M) [text/html]
Saving to: ‘index.html.9’

     0K .......... .......... .......... .......... ..........  0%  214K 60s
    50K .......... .......... .......... .......... ..........  0%  193K 63s
   100K .......... .......... .......... .......... ..........  1%  214K 62s
   150K .......... .......... .......... .......... ..........  1%  198K 62s
   200K .......... .......... .......... .......... ..........  1%  199K 62s
   250K .......... .......... .......... .......... ..........  2%  245K 60s
   300K .......... .......... .......... .......... ..........  2%  219K 59s
   350K .......... .......... .......... .......... ..........  3%  193K 60s
   400K .......... .......... .......... .......... ..........  3%  220K 59s
   450K .......... .......... .......... .......... ..........  3%  213K 59s
   500K .......... .......... .......... .......... ..........  4%  232K 58s
   550K .......... .......... .......... .......... ..........  4%  226K 58s
   600K .......... .......... .......... .......... ..........  5%  203K 58s
   650K .......... .......... .......... .......... ..........  5%  220K 57s
   700K .......... .......... .......... .......... ..........  5%  225K 57s
   750K .......... .......... .......... .......... ..........  6%  203K 57s
   800K .......... .......... .......... .......... ..........  6%  203K 57s
   850K .......... .......... .......... .......... ..........  6%  208K 57s
   900K .......... .......... .......... .......... ..........  7%  239K 56s
   950K .......... .......... .......... .......... ..........  7%  189K 56s
  1000K .......... .......... .......... .......... ..........  8%  225K 56s
  1050K .......... .......... .......... .......... ..........  8%  220K 55s
  1100K .......... .......... .......... .......... ..........  8%  231K 55s
  1150K .......... .......... .......... .......... ..........  9%  231K 55s
  1200K .......... .......... .......... .......... ..........  9% 45.5K 62s
  1250K .......... .......... .......... .......... .......... 10%  232K 62s
  1300K .......... .......... .......... .......... .......... 10%  225K 61s
  1350K .......... .......... .......... .......... .......... 10%  232K 60s
  1400K .......... .......... .......... .......... .......... 11%  198K 60s
  1450K .......... .......... .......... .......... .......... 11%  245K 59s
  1500K .......... .......... .......... .......... .......... 12%  194K 59s
  1550K .......... .......... .......... .......... .......... 12%  238K 58s
  1600K .......... .......... .......... .......... .......... 12%  203K 58s
  1650K .......... .......... .......... .......... .......... 13%  189K 58s
  1700K .......... .......... .......... .......... .......... 13%  116K 59s
  1750K .......... .......... .......... .......... .......... 13%  182K 58s
  1800K .......... .......... .......... .......... .......... 14%  208K 58s
  1850K .......... .......... .......... .......... .......... 14%  202K 58s
  1900K .......... .......... .......... .......... .......... 15%  199K 57s
  1950K .......... .......... .......... .......... .......... 15%  185K 57s
  2000K .......... .......... .......... .......... .......... 15%  278K 56s
  2050K .......... .......... .......... .......... .......... 16%  231K 56s
  2100K .......... .......... .......... .......... .......... 16%  209K 56s
  2150K .......... .......... .......... .......... .......... 17%  245K 55s
  2200K .......... .......... .......... .......... .......... 17%  185K 55s
  2250K .......... .......... .......... .......... .......... 17%  181K 55s
  2300K .......... .......... .......... .......... .......... 18%  185K 55s
  2350K .......... .......... .......... .......... .......... 18%  194K 54s
  2400K .......... .......... .......... .......... .......... 19%  253K 54s
  2450K .......... .......... .......... .......... .......... 19%  219K 53s
  2500K .......... .......... .......... .......... .......... 19%  231K 53s
  2550K .......... .......... .......... .......... .......... 20%  238K 52s
  2600K .......... .......... .......... .......... .......... 20%  199K 52s
  2650K .......... .......... .......... .......... .......... 20%  260K 52s
  2700K .......... .......... .......... .......... .......... 21%  198K 51s
  2750K .......... .......... .......... .......... .......... 21%  204K 51s
  2800K .......... .......... .......... .......... .......... 22%  246K 51s
  2850K .......... .......... .......... .......... .......... 22%  213K 50s
  2900K .......... .......... .......... .......... .......... 22%  214K 50s
  2950K .......... .......... .......... .......... .......... 23%  225K 50s
  3000K .......... .......... .......... .......... .......... 23%  213K 49s
  3050K .......... .......... .......... .......... .......... 24%  209K 49s
  3100K .......... .......... .......... .......... .......... 24%  252K 49s
  3150K .......... .......... .......... .......... .......... 24%  224K 48s
  3200K .......... .......... .......... .......... .......... 25%  194K 48s
  3250K .......... .......... .......... .......... .......... 25%  279K 48s
  3300K .......... .......... .......... .......... .......... 26%  225K 47s
  3350K .......... .......... .......... .......... .......... 26%  190K 47s
  3400K .......... .......... .......... .......... .......... 26%  268K 47s
  3450K .......... .......... .......... .......... .......... 27%  198K 47s
  3500K .......... .......... .......... .......... .......... 27%  238K 46s
  3550K .......... .......... .......... .......... .......... 27%  203K 46s
  3600K .......... .......... .......... .......... .......... 28% 55.2K 47s
  3650K .......... .......... .......... .......... .......... 28%  213K 47s
  3700K .......... .......... .......... .......... .......... 29%  178K 47s
  3750K .......... .......... .......... .......... .......... 29%  219K 47s
  3800K .......... .......... .......... .......... .......... 29%  204K 46s
  3850K .......... .......... .......... .......... .......... 30%  189K 46s
  3900K .......... .......... .......... .......... .......... 30%  288K 46s
  3950K .......... .......... .......... .......... .......... 31%  198K 45s
  4000K .......... .......... .......... .......... .......... 31%  260K 45s
  4050K .......... .......... .......... .......... .......... 31%  203K 45s
  4100K .......... .......... .......... .......... .......... 32%  181K 44s
  4150K .......... .......... .......... .......... .......... 32%  252K 44s
  4200K .......... .......... .......... .......... .......... 32%  194K 44s
  4250K .......... .......... .......... .......... .......... 33%  245K 43s
  4300K .......... .......... .......... .......... .......... 33%  214K 43s
  4350K .......... .......... .......... .......... .......... 34%  245K 43s
  4400K .......... .......... .......... .......... .......... 34%  214K 43s
  4450K .......... .......... .......... .......... .......... 34%  225K 42s
  4500K .......... .......... .......... .......... .......... 35%  232K 42s
  4550K .......... .......... .......... .......... .......... 35%  194K 42s
  4600K .......... .......... .......... .......... .......... 36%  269K 41s
  4650K .......... .......... .......... .......... .......... 36%  225K 41s
  4700K .......... .......... .......... .......... .......... 36%  208K 41s
  4750K .......... .......... .......... .......... .......... 37%  194K 41s
  4800K .......... .......... .......... .......... .......... 37%  298K 40s
  4850K .......... .......... .......... .......... .......... 38%  213K 40s
  4900K .......... .......... .......... .......... .......... 38%  214K 40s
  4950K .......... .......... .......... .......... .......... 38%  238K 39s
  5000K .......... .......... .......... .......... .......... 39%  219K 39s
  5050K .......... .......... .......... .......... .......... 39%  214K 39s
  5100K .......... .......... .......... .......... .......... 39%  185K 38s
  5150K .......... .......... .......... .......... .......... 40%  231K 38s
  5200K .......... .......... .......... .......... .......... 40%  232K 38s
  5250K .......... .......... .......... .......... .......... 41%  167K 38s
  5300K .......... .......... .......... .......... .......... 41%  108K 38s
  5350K .......... .......... .......... .......... .......... 41%  238K 37s
  5400K .......... .......... .......... .......... .......... 42%  220K 37s
  5450K .......... .......... .......... .......... .......... 42%  214K 37s
  5500K .......... .......... .......... .......... .......... 43%  173K 37s
  5550K .......... .......... .......... .......... .......... 43%  253K 36s
  5600K .......... .......... .......... .......... .......... 43%  226K 36s
  5650K .......... .......... .......... .......... .......... 44%  113K 36s
  5700K .......... .......... .......... .......... .......... 44%  194K 36s
  5750K .......... .......... .......... .......... .......... 45%  244K 36s
  5800K .......... .......... .......... .......... .......... 45%  185K 35s
  5850K .......... .......... .......... .......... .......... 45%  220K 35s
  5900K .......... .......... .......... .......... .......... 46%  213K 35s
  5950K .......... .......... .......... .......... .......... 46%  232K 34s
  6000K .......... .......... .......... .......... .......... 46%  152K 34s
  6050K .......... .......... .......... .......... .......... 47%  194K 34s
  6100K .......... .......... .......... .......... .......... 47%  225K 34s
  6150K .......... .......... .......... .......... .......... 48%  231K 34s
  6200K .......... .......... .......... .......... .......... 48%  220K 33s
  6250K .......... .......... .......... .......... .......... 48%  213K 33s
  6300K .......... .......... .......... .......... .......... 49%  204K 33s
  6350K .......... .......... .......... .......... .......... 49%  269K 32s
  6400K .......... .......... .......... .......... .......... 50%  225K 32s
  6450K .......... .......... .......... .......... .......... 50%  181K 32s
  6500K .......... .......... .......... .......... .......... 50%  253K 32s
  6550K .......... .......... .......... .......... .......... 51%  166K 31s
  6600K .......... .......... .......... .......... .......... 51%  232K 31s
  6650K .......... .......... .......... .......... .......... 52%  199K 31s
  6700K .......... .......... .......... .......... .......... 52%  208K 31s
  6750K .......... .......... .......... .......... .......... 52%  232K 30s
  6800K .......... .......... .......... .......... .......... 53%  198K 30s
  6850K .......... .......... .......... .......... .......... 53%  220K 30s
  6900K .......... .......... .......... .......... .......... 53%  219K 30s
  6950K .......... .......... .......... .......... .......... 54%  203K 29s
  7000K .......... .......... .......... .......... .......... 54%  178K 29s
  7050K .......... .......... .......... .......... .......... 55%  208K 29s
  7100K .......... .......... .......... .......... .......... 55%  209K 29s
  7150K .......... .......... .......... .......... .......... 55%  189K 28s
  7200K .......... .......... .......... .......... .......... 56%  213K 28s
  7250K .......... .......... .......... .......... .......... 56%  209K 28s
  7300K .......... .......... .......... .......... .......... 57%  239K 28s
  7350K .......... .......... .......... .......... .......... 57%  218K 27s
  7400K .......... .......... .......... .......... .......... 57%  194K 27s
  7450K .......... .......... .......... .......... .......... 58%  246K 27s
  7500K .......... .......... .......... .......... .......... 58%  177K 27s
  7550K .......... .......... .......... .......... .......... 58%  231K 26s
  7600K .......... .......... .......... .......... .......... 59%  219K 26s
  7650K .......... .......... .......... .......... .......... 59%  232K 26s
  7700K .......... .......... .......... .......... .......... 60%  170K 25s
  7750K .......... .......... .......... .......... .......... 60%  203K 25s
  7800K .......... .......... .......... .......... .......... 60%  225K 25s
  7850K .......... .......... .......... .......... .......... 61%  220K 25s
  7900K .......... .......... .......... .......... .......... 61%  220K 24s
  7950K .......... .......... .......... .......... .......... 62%  225K 24s
  8000K .......... .......... .......... .......... .......... 62%  225K 24s
  8050K .......... .......... .......... .......... .......... 62%  220K 24s
  8100K .......... .......... .......... .......... .......... 63%  103K 24s
  8150K .......... .......... .......... .......... .......... 63%  185K 23s
  8200K .......... .......... .......... .......... .......... 64%  239K 23s
  8250K .......... .......... .......... .......... .......... 64%  225K 23s
  8300K .......... .......... .......... .......... .......... 64%  177K 23s
  8350K .......... .......... .......... .......... .......... 65%  231K 22s
  8400K .......... .......... .......... .......... .......... 65%  208K 22s
  8450K .......... .......... .......... .......... .......... 65%  231K 22s
  8500K .......... .......... .......... .......... .......... 66%  214K 22s
  8550K .......... .......... .......... .......... .......... 66%  203K 21s
  8600K .......... .......... .......... .......... .......... 67%  232K 21s
  8650K .......... .......... .......... .......... .......... 67%  239K 21s
  8700K .......... .......... .......... .......... .......... 67%  231K 20s
  8750K .......... .......... .......... .......... .......... 68%  220K 20s
  8800K .......... .......... .......... .......... .......... 68%  214K 20s
  8850K .......... .......... .......... .......... .......... 69%  231K 20s
  8900K .......... .......... .......... .......... .......... 69%  185K 19s
  8950K .......... .......... .......... .......... .......... 69%  252K 19s
  9000K .......... .......... .......... .......... .......... 70%  208K 19s
  9050K .......... .......... .......... .......... .......... 70%  208K 19s
  9100K .......... .......... .......... .......... .......... 71%  209K 18s
  9150K .......... .......... .......... .......... .......... 71%  219K 18s
  9200K .......... .......... .......... .......... .......... 71% 98.0K 18s
  9250K .......... .......... .......... .......... .......... 72%  194K 18s
  9300K .......... .......... .......... .......... .......... 72%  189K 18s
  9350K .......... .......... .......... .......... .......... 72%  231K 17s
  9400K .......... .......... .......... .......... .......... 73%  225K 17s
  9450K .......... .......... .......... .......... .......... 73%  219K 17s
  9500K .......... .......... .......... .......... .......... 74%  239K 17s
  9550K .......... .......... .......... .......... .......... 74%  214K 16s
  9600K .......... .......... .......... .......... .......... 74%  103K 16s
  9650K .......... .......... .......... .......... .......... 75%  225K 16s
  9700K .......... .......... .......... .......... .......... 75%  209K 16s
  9750K .......... .......... .......... .......... .......... 76%  181K 15s
  9800K .......... .......... .......... .......... .......... 76%  245K 15s
  9850K .......... .......... .......... .......... .......... 76%  219K 15s
  9900K .......... .......... .......... .......... .......... 77%  225K 15s
  9950K .......... .......... .......... .......... .......... 77%  226K 14s
 10000K .......... .......... .......... .......... .......... 78%  219K 14s
 10050K .......... .......... .......... .......... .......... 78%  219K 14s
 10100K .......... .......... .......... .......... .......... 78%  204K 14s
 10150K .......... .......... .......... .......... .......... 79%  203K 13s
 10200K .......... .......... .......... .......... .......... 79%  245K 13s
 10250K .......... .......... .......... .......... .......... 79%  202K 13s
 10300K .......... .......... .......... .......... .......... 80%  239K 13s
 10350K .......... .......... .......... .......... .......... 80%  219K 12s
 10400K .......... .......... .......... .......... .......... 81%  194K 12s
 10450K .......... .......... .......... .......... .......... 81%  225K 12s
 10500K .......... .......... .......... .......... .......... 81%  253K 12s
 10550K .......... .......... .......... .......... .......... 82%  208K 11s
 10600K .......... .......... .......... .......... .......... 82%  208K 11s
 10650K .......... .......... .......... .......... .......... 83%  203K 11s
 10700K .......... .......... .......... .......... .......... 83%  194K 11s
 10750K .......... .......... .......... .......... .......... 83%  214K 10s
 10800K .......... .......... .......... .......... .......... 84%  189K 10s
 10850K .......... .......... .......... .......... .......... 84% 28.8K 10s
 10900K .......... .......... .......... .......... .......... 84%  174K 10s
 10950K .......... .......... .......... .......... .......... 85%  181K 10s
 11000K .......... .......... .......... .......... .......... 85%  226K 9s
 11050K .......... .......... .......... .......... .......... 86%  208K 9s
 11100K .......... .......... .......... .......... .......... 86%  199K 9s
 11150K .......... .......... .......... .......... .......... 86%  214K 9s
 11200K .......... .......... .......... .......... .......... 87%  238K 8s
 11250K .......... .......... .......... .......... .......... 87%  219K 8s
 11300K .......... .......... .......... .......... .......... 88%  214K 8s
 11350K .......... .......... .......... .......... .......... 88%  204K 8s
 11400K .......... .......... .......... .......... .......... 88%  101K 7s
 11450K .......... .......... .......... .......... .......... 89%  232K 7s
 11500K .......... .......... .......... .......... .......... 89%  226K 7s
 11550K .......... .......... .......... .......... .......... 90%  231K 7s
 11600K .......... .......... .......... .......... .......... 90%  219K 6s
 11650K .......... .......... .......... .......... .......... 90%  225K 6s
 11700K .......... .......... .......... .......... .......... 91%  209K 6s
 11750K .......... .......... .......... .......... .......... 91%  110K 6s
 11800K .......... .......... .......... .......... .......... 91%  203K 5s
 11850K .......... .......... .......... .......... .......... 92%  167K 5s
 11900K .......... .......... .......... .......... .......... 92% 98.0K 5s
 11950K .......... .......... .......... .......... .......... 93%  214K 5s
 12000K .......... .......... .......... .......... .......... 93%  198K 4s
 12050K .......... .......... .......... .......... .......... 93%  219K 4s
 12100K .......... .......... .......... .......... .......... 94%  226K 4s
 12150K .......... .......... .......... .......... .......... 94%  208K 3s
 12200K .......... .......... .......... .......... .......... 95%  246K 3s
 12250K .......... .......... .......... .......... .......... 95%  185K 3s
 12300K .......... .......... .......... .......... .......... 95%  107K 3s
 12350K .......... .......... .......... .......... .......... 96%  231K 2s
 12400K .......... .......... .......... .......... .......... 96%  231K 2s
 12450K .......... .......... .......... .......... .......... 97%  102K 2s
 12500K .......... .......... .......... .......... .......... 97%  163K 2s
 12550K .......... .......... .......... .......... .......... 97%  225K 1s
 12600K .......... .......... .......... .......... .......... 98%  225K 1s
 12650K .......... .......... .......... .......... .......... 98%  214K 1s
 12700K .......... .......... .......... .......... .......... 98%  208K 1s
 12750K .......... .......... .......... .......... .......... 99%  214K 0s
 12800K .......... .......... .......... .......... .......... 99%  203K 0s
 12850K .......... .......... .......... ....                 100%  219K=66s

2016-05-25 01:44:07 (195 KB/s) - ‘index.html.9’ saved [13193358/13193358]

