--2016-05-25 02:54:20--  http://10.30.50.93:8000/
Connecting to 10.30.50.93:8000... connected.
HTTP request sent, awaiting response... 200 OK
Length: 13193358 (13M) [text/html]
Saving to: ‘index.html.2’

     0K .......... .......... .......... .......... ..........  0%  593K 22s
    50K .......... .......... .......... .......... ..........  0%  328K 30s
   100K .......... .......... .......... .......... ..........  1% 2.50M 22s
   150K .......... .......... .......... .......... ..........  1%  597K 22s
   200K .......... .......... .......... .......... ..........  1%  594K 21s
   250K .......... .......... .......... .......... ..........  2%  576K 21s
   300K .......... .......... .......... .......... ..........  2%  593K 21s
   350K .......... .......... .......... .......... ..........  3%  600K 21s
   400K .......... .......... .......... .......... ..........  3%  579K 21s
   450K .......... .......... .......... .......... ..........  3%  591K 21s
   500K .......... .......... .......... .......... ..........  4%  579K 21s
   550K .......... .......... .......... .......... ..........  4%  594K 21s
   600K .......... .......... .......... .......... ..........  5%  596K 21s
   650K .......... .......... .......... .......... ..........  5%  519K 21s
   700K .......... .......... .......... .......... ..........  5%  637K 21s
   750K .......... .......... .......... .......... ..........  6%  595K 21s
   800K .......... .......... .......... .......... ..........  6%  580K 21s
   850K .......... .......... .......... .......... ..........  6%  598K 20s
   900K .......... .......... .......... .......... ..........  7%  594K 20s
   950K .......... .......... .......... .......... ..........  7%  575K 20s
  1000K .......... .......... .......... .......... ..........  8%  597K 20s
  1050K .......... .......... .......... .......... ..........  8%  582K 20s
  1100K .......... .......... .......... .......... ..........  8%  594K 20s
  1150K .......... .......... .......... .......... ..........  9%  593K 20s
  1200K .......... .......... .......... .......... ..........  9%  435K 20s
  1250K .......... .......... .......... .......... .......... 10%  867K 20s
  1300K .......... .......... .......... .......... .......... 10%  595K 20s
  1350K .......... .......... .......... .......... .......... 10%  581K 20s
  1400K .......... .......... .......... .......... .......... 11%  594K 19s
  1450K .......... .......... .......... .......... .......... 11%  597K 19s
  1500K .......... .......... .......... .......... .......... 12%  572K 19s
  1550K .......... .......... .......... .......... .......... 12%  596K 19s
  1600K .......... .......... .......... .......... .......... 12%  581K 19s
  1650K .......... .......... .......... .......... .......... 13%  586K 19s
  1700K .......... .......... .......... .......... .......... 13%  572K 19s
  1750K .......... .......... .......... .......... .......... 13%  562K 19s
  1800K .......... .......... .......... .......... .......... 14%  592K 19s
  1850K .......... .......... .......... .......... .......... 14%  600K 19s
  1900K .......... .......... .......... .......... .......... 15%  579K 19s
  1950K .......... .......... .......... .......... .......... 15%  594K 19s
  2000K .......... .......... .......... .......... .......... 15%  598K 18s
  2050K .......... .......... .......... .......... .......... 16%  578K 18s
  2100K .......... .......... .......... .......... .......... 16%  600K 18s
  2150K .......... .......... .......... .......... .......... 17%  595K 18s
  2200K .......... .......... .......... .......... .......... 17%  575K 18s
  2250K .......... .......... .......... .......... .......... 17%  590K 18s
  2300K .......... .......... .......... .......... .......... 18%  598K 18s
  2350K .......... .......... .......... .......... .......... 18%  579K 18s
  2400K .......... .......... .......... .......... .......... 19%  425K 18s
  2450K .......... .......... .......... .......... .......... 19%  914K 18s
  2500K .......... .......... .......... .......... .......... 19%  493K 18s
  2550K .......... .......... .......... .......... .......... 20%  730K 18s
  2600K .......... .......... .......... .......... .......... 20%  574K 17s
  2650K .......... .......... .......... .......... .......... 20%  595K 17s
  2700K .......... .......... .......... .......... .......... 21%  595K 17s
  2750K .......... .......... .......... .......... .......... 21%  584K 17s
  2800K .......... .......... .......... .......... .......... 22%  596K 17s
  2850K .......... .......... .......... .......... .......... 22%  570K 17s
  2900K .......... .......... .......... .......... .......... 22%  551K 17s
  2950K .......... .......... .......... .......... .......... 23%  599K 17s
  3000K .......... .......... .......... .......... .......... 23%  580K 17s
  3050K .......... .......... .......... .......... .......... 24%  597K 17s
  3100K .......... .......... .......... .......... .......... 24%  589K 17s
  3150K .......... .......... .......... .......... .......... 24%  581K 17s
  3200K .......... .......... .......... .......... .......... 25%  580K 16s
  3250K .......... .......... .......... .......... .......... 25%  590K 16s
  3300K .......... .......... .......... .......... .......... 26%  584K 16s
  3350K .......... .......... .......... .......... .......... 26%  597K 16s
  3400K .......... .......... .......... .......... .......... 26%  593K 16s
  3450K .......... .......... .......... .......... .......... 27%  570K 16s
  3500K .......... .......... .......... .......... .......... 27%  600K 16s
  3550K .......... .......... .......... .......... .......... 27%  593K 16s
  3600K .......... .......... .......... .......... .......... 28%  582K 16s
  3650K .......... .......... .......... .......... .......... 28%  594K 16s
  3700K .......... .......... .......... .......... .......... 29%  577K 16s
  3750K .......... .......... .......... .......... .......... 29%  591K 15s
  3800K .......... .......... .......... .......... .......... 29%  599K 15s
  3850K .......... .......... .......... .......... .......... 30%  580K 15s
  3900K .......... .......... .......... .......... .......... 30%  594K 15s
  3950K .......... .......... .......... .......... .......... 31%  580K 15s
  4000K .......... .......... .......... .......... .......... 31%  577K 15s
  4050K .......... .......... .......... .......... .......... 31%  595K 15s
  4100K .......... .......... .......... .......... .......... 32%  595K 15s
  4150K .......... .......... .......... .......... .......... 32%  585K 15s
  4200K .......... .......... .......... .......... .......... 32%  596K 15s
  4250K .......... .......... .......... .......... .......... 33%  574K 15s
  4300K .......... .......... .......... .......... .......... 33%  595K 15s
  4350K .......... .......... .......... .......... .......... 34%  589K 14s
  4400K .......... .......... .......... .......... .......... 34%  587K 14s
  4450K .......... .......... .......... .......... .......... 34%  596K 14s
  4500K .......... .......... .......... .......... .......... 35%  591K 14s
  4550K .......... .......... .......... .......... .......... 35%  581K 14s
  4600K .......... .......... .......... .......... .......... 36%  596K 14s
  4650K .......... .......... .......... .......... .......... 36%  593K 14s
  4700K .......... .......... .......... .......... .......... 36%  579K 14s
  4750K .......... .......... .......... .......... .......... 37%  594K 14s
  4800K .......... .......... .......... .......... .......... 37%  591K 14s
  4850K .......... .......... .......... .......... .......... 38%  361K 14s
  4900K .......... .......... .......... .......... .......... 38% 1.06M 14s
  4950K .......... .......... .......... .......... .......... 38%  659K 13s
  5000K .......... .......... .......... .......... .......... 39%  450K 13s
  5050K .......... .......... .......... .......... .......... 39%  802K 13s
  5100K .......... .......... .......... .......... .......... 39%  575K 13s
  5150K .......... .......... .......... .......... .......... 40%  599K 13s
  5200K .......... .......... .......... .......... .......... 40%  594K 13s
  5250K .......... .......... .......... .......... .......... 41%  565K 13s
  5300K .......... .......... .......... .......... .......... 41%  597K 13s
  5350K .......... .......... .......... .......... .......... 41%  595K 13s
  5400K .......... .......... .......... .......... .......... 42%  577K 13s
  5450K .......... .......... .......... .......... .......... 42%  596K 13s
  5500K .......... .......... .......... .......... .......... 43%  593K 13s
  5550K .......... .......... .......... .......... .......... 43%  583K 12s
  5600K .......... .......... .......... .......... .......... 43%  597K 12s
  5650K .......... .......... .......... .......... .......... 44%  572K 12s
  5700K .......... .......... .......... .......... .......... 44%  581K 12s
  5750K .......... .......... .......... .......... .......... 45%  548K 12s
  5800K .......... .......... .......... .......... .......... 45%  610K 12s
  5850K .......... .......... .......... .......... .......... 45%  597K 12s
  5900K .......... .......... .......... .......... .......... 46%  581K 12s
  5950K .......... .......... .......... .......... .......... 46%  573K 12s
  6000K .......... .......... .......... .......... .......... 46%  602K 12s
  6050K .......... .......... .......... .......... .......... 47%  562K 12s
  6100K .......... .......... .......... .......... .......... 47%  601K 11s
  6150K .......... .......... .......... .......... .......... 48%  595K 11s
  6200K .......... .......... .......... .......... .......... 48%  574K 11s
  6250K .......... .......... .......... .......... .......... 48%  593K 11s
  6300K .......... .......... .......... .......... .......... 49%  580K 11s
  6350K .......... .......... .......... .......... .......... 49%  575K 11s
  6400K .......... .......... .......... .......... .......... 50%  599K 11s
  6450K .......... .......... .......... .......... .......... 50%  596K 11s
  6500K .......... .......... .......... .......... .......... 50%  577K 11s
  6550K .......... .......... .......... .......... .......... 51%  598K 11s
  6600K .......... .......... .......... .......... .......... 51%  592K 11s
  6650K .......... .......... .......... .......... .......... 52%  583K 11s
  6700K .......... .......... .......... .......... .......... 52%  596K 10s
  6750K .......... .......... .......... .......... .......... 52%  479K 10s
  6800K .......... .......... .......... .......... .......... 53%  731K 10s
  6850K .......... .......... .......... .......... .......... 53%  591K 10s
  6900K .......... .......... .......... .......... .......... 53%  573K 10s
  6950K .......... .......... .......... .......... .......... 54%  599K 10s
  7000K .......... .......... .......... .......... .......... 54%  599K 10s
  7050K .......... .......... .......... .......... .......... 55%  574K 10s
  7100K .......... .......... .......... .......... .......... 55%  601K 10s
  7150K .......... .......... .......... .......... .......... 55%  595K 10s
  7200K .......... .......... .......... .......... .......... 56%  584K 10s
  7250K .......... .......... .......... .......... .......... 56%  593K 10s
  7300K .......... .......... .......... .......... .......... 57%  592K 9s
  7350K .......... .......... .......... .......... .......... 57%  572K 9s
  7400K .......... .......... .......... .......... .......... 57%  602K 9s
  7450K .......... .......... .......... .......... .......... 58%  590K 9s
  7500K .......... .......... .......... .......... .......... 58%  582K 9s
  7550K .......... .......... .......... .......... .......... 58%  598K 9s
  7600K .......... .......... .......... .......... .......... 59%  577K 9s
  7650K .......... .......... .......... .......... .......... 59%  591K 9s
  7700K .......... .......... .......... .......... .......... 60%  596K 9s
  7750K .......... .......... .......... .......... .......... 60%  582K 9s
  7800K .......... .......... .......... .......... .......... 60%  595K 9s
  7850K .......... .......... .......... .......... .......... 61%  596K 8s
  7900K .......... .......... .......... .......... .......... 61%  422K 8s
  7950K .......... .......... .......... .......... .......... 62%  919K 8s
  8000K .......... .......... .......... .......... .......... 62%  597K 8s
  8050K .......... .......... .......... .......... .......... 62%  580K 8s
  8100K .......... .......... .......... .......... .......... 63%  593K 8s
  8150K .......... .......... .......... .......... .......... 63%  577K 8s
  8200K .......... .......... .......... .......... .......... 64%  596K 8s
  8250K .......... .......... .......... .......... .......... 64%  594K 8s
  8300K .......... .......... .......... .......... .......... 64%  583K 8s
  8350K .......... .......... .......... .......... .......... 65%  592K 8s
  8400K .......... .......... .......... .......... .......... 65%  597K 8s
  8450K .......... .......... .......... .......... .......... 65%  581K 7s
  8500K .......... .......... .......... .......... .......... 66%  597K 7s
  8550K .......... .......... .......... .......... .......... 66%  590K 7s
  8600K .......... .......... .......... .......... .......... 67%  505K 7s
  8650K .......... .......... .......... .......... .......... 67%  653K 7s
  8700K .......... .......... .......... .......... .......... 67%  596K 7s
  8750K .......... .......... .......... .......... .......... 68%  580K 7s
  8800K .......... .......... .......... .......... .......... 68%  597K 7s
  8850K .......... .......... .......... .......... .......... 69%  581K 7s
  8900K .......... .......... .......... .......... .......... 69%  597K 7s
  8950K .......... .......... .......... .......... .......... 69%  595K 7s
  9000K .......... .......... .......... .......... .......... 70%  559K 7s
  9050K .......... .......... .......... .......... .......... 70%  593K 6s
  9100K .......... .......... .......... .......... .......... 71%  600K 6s
  9150K .......... .......... .......... .......... .......... 71%  571K 6s
  9200K .......... .......... .......... .......... .......... 71%  584K 6s
  9250K .......... .......... .......... .......... .......... 72%  579K 6s
  9300K .......... .......... .......... .......... .......... 72%  575K 6s
  9350K .......... .......... .......... .......... .......... 72%  598K 6s
  9400K .......... .......... .......... .......... .......... 73%  591K 6s
  9450K .......... .......... .......... .......... .......... 73%  586K 6s
  9500K .......... .......... .......... .......... .......... 74%  574K 6s
  9550K .......... .......... .......... .......... .......... 74%  581K 6s
  9600K .......... .......... .......... .......... .......... 74%  592K 6s
  9650K .......... .......... .......... .......... .......... 75%  597K 5s
  9700K .......... .......... .......... .......... .......... 75%  472K 5s
  9750K .......... .......... .......... .......... .......... 76%  572K 5s
  9800K .......... .......... .......... .......... .......... 76%  763K 5s
  9850K .......... .......... .......... .......... .......... 76%  574K 5s
  9900K .......... .......... .......... .......... .......... 77%  597K 5s
  9950K .......... .......... .......... .......... .......... 77%  594K 5s
 10000K .......... .......... .......... .......... .......... 78%  579K 5s
 10050K .......... .......... .......... .......... .......... 78%  594K 5s
 10100K .......... .......... .......... .......... .......... 78%  583K 5s
 10150K .......... .......... .......... .......... .......... 79%  600K 5s
 10200K .......... .......... .......... .......... .......... 79%  591K 4s
 10250K .......... .......... .......... .......... .......... 79%  574K 4s
 10300K .......... .......... .......... .......... .......... 80%  599K 4s
 10350K .......... .......... .......... .......... .......... 80%  595K 4s
 10400K .......... .......... .......... .......... .......... 81%  585K 4s
 10450K .......... .......... .......... .......... .......... 81%  594K 4s
 10500K .......... .......... .......... .......... .......... 81%  592K 4s
 10550K .......... .......... .......... .......... .......... 82%  578K 4s
 10600K .......... .......... .......... .......... .......... 82%  593K 4s
 10650K .......... .......... .......... .......... .......... 83%  597K 4s
 10700K .......... .......... .......... .......... .......... 83%  584K 4s
 10750K .......... .......... .......... .......... .......... 83%  593K 4s
 10800K .......... .......... .......... .......... .......... 84%  365K 3s
 10850K .......... .......... .......... .......... .......... 84% 1.08M 3s
 10900K .......... .......... .......... .......... .......... 84%  651K 3s
 10950K .......... .......... .......... .......... .......... 85%  571K 3s
 11000K .......... .......... .......... .......... .......... 85%  596K 3s
 11050K .......... .......... .......... .......... .......... 86%  595K 3s
 11100K .......... .......... .......... .......... .......... 86%  586K 3s
 11150K .......... .......... .......... .......... .......... 86%  578K 3s
 11200K .......... .......... .......... .......... .......... 87%  596K 3s
 11250K .......... .......... .......... .......... .......... 87%  574K 3s
 11300K .......... .......... .......... .......... .......... 88%  594K 3s
 11350K .......... .......... .......... .......... .......... 88%  562K 3s
 11400K .......... .......... .......... .......... .......... 88%  510K 2s
 11450K .......... .......... .......... .......... .......... 89%  673K 2s
 11500K .......... .......... .......... .......... .......... 89%  577K 2s
 11550K .......... .......... .......... .......... .......... 90%  596K 2s
 11600K .......... .......... .......... .......... .......... 90%  509K 2s
 11650K .......... .......... .......... .......... .......... 90%  670K 2s
 11700K .......... .......... .......... .......... .......... 91%  596K 2s
 11750K .......... .......... .......... .......... .......... 91%  593K 2s
 11800K .......... .......... .......... .......... .......... 91%  583K 2s
 11850K .......... .......... .......... .......... .......... 92%  463K 2s
 11900K .......... .......... .......... .......... .......... 92%  810K 2s
 11950K .......... .......... .......... .......... .......... 93%  440K 2s
 12000K .......... .......... .......... .......... .......... 93%  833K 1s
 12050K .......... .......... .......... .......... .......... 93%  563K 1s
 12100K .......... .......... .......... .......... .......... 94%  597K 1s
 12150K .......... .......... .......... .......... .......... 94%  577K 1s
 12200K .......... .......... .......... .......... .......... 95%  548K 1s
 12250K .......... .......... .......... .......... .......... 95%  592K 1s
 12300K .......... .......... .......... .......... .......... 95%  598K 1s
 12350K .......... .......... .......... .......... .......... 96%  567K 1s
 12400K .......... .......... .......... .......... .......... 96%  597K 1s
 12450K .......... .......... .......... .......... .......... 97%  592K 1s
 12500K .......... .......... .......... .......... .......... 97%  577K 1s
 12550K .......... .......... .......... .......... .......... 97%  595K 0s
 12600K .......... .......... .......... .......... .......... 98%  455K 0s
 12650K .......... .......... .......... .......... .......... 98%  785K 0s
 12700K .......... .......... .......... .......... .......... 98%  599K 0s
 12750K .......... .......... .......... .......... .......... 99%  583K 0s
 12800K .......... .......... .......... .......... .......... 99%  490K 0s
 12850K .......... .......... .......... ....                 100%  850K=22s

2016-05-25 02:54:42 (586 KB/s) - ‘index.html.2’ saved [13193358/13193358]

