--2016-05-25 02:27:15--  http://10.30.50.93:8000/
Connecting to 10.30.50.93:8000... connected.
HTTP request sent, awaiting response... 200 OK
Length: 13193358 (13M) [text/html]
Saving to: ‘index.html.6’

     0K .......... .......... .......... .......... ..........  0%  462K 28s
    50K .......... .......... .......... .......... ..........  0%  416K 29s
   100K .......... .......... .......... .......... ..........  1%  491K 28s
   150K .......... .......... .......... .......... ..........  1%  461K 28s
   200K .......... .......... .......... .......... ..........  1%  464K 28s
   250K .......... .......... .......... .......... ..........  2%  450K 28s
   300K .......... .......... .......... .......... ..........  2%  429K 28s
   350K .......... .......... .......... .......... ..........  3%  448K 28s
   400K .......... .......... .......... .......... ..........  3%  466K 27s
   450K .......... .......... .......... .......... ..........  3%  472K 27s
   500K .......... .......... .......... .......... ..........  4%  371K 28s
   550K .......... .......... .......... .......... ..........  4%  577K 27s
   600K .......... .......... .......... .......... ..........  5%  451K 27s
   650K .......... .......... .......... .......... ..........  5%  417K 27s
   700K .......... .......... .......... .......... ..........  5%  476K 27s
   750K .......... .......... .......... .......... ..........  6%  439K 27s
   800K .......... .......... .......... .......... ..........  6%  427K 27s
   850K .......... .......... .......... .......... ..........  6%  464K 27s
   900K .......... .......... .......... .......... ..........  7%  463K 26s
   950K .......... .......... .......... .......... ..........  7%  462K 26s
  1000K .......... .......... .......... .......... ..........  8%  450K 26s
  1050K .......... .......... .......... .......... ..........  8%  386K 26s
  1100K .......... .......... .......... .......... ..........  8%  507K 26s
  1150K .......... .......... .......... .......... ..........  9%  450K 26s
  1200K .......... .......... .......... .......... ..........  9%  450K 26s
  1250K .......... .......... .......... .......... .......... 10%  451K 26s
  1300K .......... .......... .......... .......... .......... 10%  450K 26s
  1350K .......... .......... .......... .......... .......... 10%  450K 25s
  1400K .......... .......... .......... .......... .......... 11%  478K 25s
  1450K .......... .......... .......... .......... .......... 11%  414K 25s
  1500K .......... .......... .......... .......... .......... 12%  494K 25s
  1550K .......... .......... .......... .......... .......... 12%  462K 25s
  1600K .......... .......... .......... .......... .......... 12%  406K 25s
  1650K .......... .......... .......... .......... .......... 13%  490K 25s
  1700K .......... .......... .......... .......... .......... 13%  494K 25s
  1750K .......... .......... .......... .......... .......... 13%  452K 24s
  1800K .......... .......... .......... .......... .......... 14%  397K 24s
  1850K .......... .......... .......... .......... .......... 14%  551K 24s
  1900K .......... .......... .......... .......... .......... 15%  417K 24s
  1950K .......... .......... .......... .......... .......... 15%  506K 24s
  2000K .......... .......... .......... .......... .......... 15%  478K 24s
  2050K .......... .......... .......... .......... .......... 16%  450K 24s
  2100K .......... .......... .......... .......... .......... 16%  426K 24s
  2150K .......... .......... .......... .......... .......... 17%  508K 24s
  2200K .......... .......... .......... .......... .......... 17%  461K 23s
  2250K .......... .......... .......... .......... .......... 17%  389K 23s
  2300K .......... .......... .......... .......... .......... 18%  474K 23s
  2350K .......... .......... .......... .......... .......... 18%  464K 23s
  2400K .......... .......... .......... .......... .......... 19%  478K 23s
  2450K .......... .......... .......... .......... .......... 19%  461K 23s
  2500K .......... .......... .......... .......... .......... 19%  380K 23s
  2550K .......... .......... .......... .......... .......... 20%  534K 23s
  2600K .......... .......... .......... .......... .......... 20%  441K 23s
  2650K .......... .......... .......... .......... .......... 20%  463K 22s
  2700K .......... .......... .......... .......... .......... 21%  451K 22s
  2750K .......... .......... .......... .......... .......... 21%  395K 22s
  2800K .......... .......... .......... .......... .......... 22%  478K 22s
  2850K .......... .......... .......... .......... .......... 22%  405K 22s
  2900K .......... .......... .......... .......... .......... 22%  450K 22s
  2950K .......... .......... .......... .......... .......... 23%  478K 22s
  3000K .......... .......... .......... .......... .......... 23%  378K 22s
  3050K .......... .......... .......... .......... .......... 24%  534K 22s
  3100K .......... .......... .......... .......... .......... 24%  452K 22s
  3150K .......... .......... .......... .......... .......... 24%  451K 21s
  3200K .......... .......... .......... .......... .......... 25%  474K 21s
  3250K .......... .......... .......... .......... .......... 25%  452K 21s
  3300K .......... .......... .......... .......... .......... 26%  396K 21s
  3350K .......... .......... .......... .......... .......... 26%  519K 21s
  3400K .......... .......... .......... .......... .......... 26%  478K 21s
  3450K .......... .......... .......... .......... .......... 27%  463K 21s
  3500K .......... .......... .......... .......... .......... 27%  474K 21s
  3550K .......... .......... .......... .......... .......... 27%  398K 21s
  3600K .......... .......... .......... .......... .......... 28%  554K 20s
  3650K .......... .......... .......... .......... .......... 28%  453K 20s
  3700K .......... .......... .......... .......... .......... 29%  417K 20s
  3750K .......... .......... .......... .......... .......... 29%  474K 20s
  3800K .......... .......... .......... .......... .......... 29%  397K 20s
  3850K .......... .......... .......... .......... .......... 30%  466K 20s
  3900K .......... .......... .......... .......... .......... 30%  416K 20s
  3950K .......... .......... .......... .......... .......... 31%  426K 20s
  4000K .......... .......... .......... .......... .......... 31%  478K 20s
  4050K .......... .......... .......... .......... .......... 31%  478K 19s
  4100K .......... .......... .......... .......... .......... 32%  436K 19s
  4150K .......... .......... .......... .......... .......... 32%  463K 19s
  4200K .......... .......... .......... .......... .......... 32%  452K 19s
  4250K .......... .......... .......... .......... .......... 33%  463K 19s
  4300K .......... .......... .......... .......... .......... 33%  461K 19s
  4350K .......... .......... .......... .......... .......... 34%  465K 19s
  4400K .......... .......... .......... .......... .......... 34%  438K 19s
  4450K .......... .......... .......... .......... .......... 34%  464K 19s
  4500K .......... .......... .......... .......... .......... 35%  397K 18s
  4550K .......... .......... .......... .......... .......... 35%  537K 18s
  4600K .......... .......... .......... .......... .......... 36%  475K 18s
  4650K .......... .......... .......... .......... .......... 36%  397K 18s
  4700K .......... .......... .......... .......... .......... 36%  521K 18s
  4750K .......... .......... .......... .......... .......... 37%  476K 18s
  4800K .......... .......... .......... .......... .......... 37%  463K 18s
  4850K .......... .......... .......... .......... .......... 38%  452K 18s
  4900K .......... .......... .......... .......... .......... 38%  463K 18s
  4950K .......... .......... .......... .......... .......... 38%  459K 17s
  5000K .......... .......... .......... .......... .......... 39%  451K 17s
  5050K .......... .......... .......... .......... .......... 39%  466K 17s
  5100K .......... .......... .......... .......... .......... 39%  452K 17s
  5150K .......... .......... .......... .......... .......... 40%  405K 17s
  5200K .......... .......... .......... .......... .......... 40%  502K 17s
  5250K .......... .......... .......... .......... .......... 41%  408K 17s
  5300K .......... .......... .......... .......... .......... 41%  491K 17s
  5350K .......... .......... .......... .......... .......... 41%  386K 17s
  5400K .......... .......... .......... .......... .......... 42%  575K 16s
  5450K .......... .......... .......... .......... .......... 42%  463K 16s
  5500K .......... .......... .......... .......... .......... 43%  419K 16s
  5550K .......... .......... .......... .......... .......... 43%  416K 16s
  5600K .......... .......... .......... .......... .......... 43%  476K 16s
  5650K .......... .......... .......... .......... .......... 44%  451K 16s
  5700K .......... .......... .......... .......... .......... 44%  449K 16s
  5750K .......... .......... .......... .......... .......... 45%  475K 16s
  5800K .......... .......... .......... .......... .......... 45%  453K 16s
  5850K .......... .......... .......... .......... .......... 45%  476K 15s
  5900K .......... .......... .......... .......... .......... 46%  460K 15s
  5950K .......... .......... .......... .......... .......... 46%  453K 15s
  6000K .......... .......... .......... .......... .......... 46%  475K 15s
  6050K .......... .......... .......... .......... .......... 47%  398K 15s
  6100K .......... .......... .......... .......... .......... 47%  519K 15s
  6150K .......... .......... .......... .......... .......... 48%  477K 15s
  6200K .......... .......... .......... .......... .......... 48%  460K 15s
  6250K .......... .......... .......... .......... .......... 48%  397K 15s
  6300K .......... .......... .......... .......... .......... 49%  541K 14s
  6350K .......... .......... .......... .......... .......... 49%  449K 14s
  6400K .......... .......... .......... .......... .......... 50%  441K 14s
  6450K .......... .......... .......... .......... .......... 50%  463K 14s
  6500K .......... .......... .......... .......... .......... 50%  448K 14s
  6550K .......... .......... .......... .......... .......... 51%  478K 14s
  6600K .......... .......... .......... .......... .......... 51%  477K 14s
  6650K .......... .......... .......... .......... .......... 52%  459K 14s
  6700K .......... .......... .......... .......... .......... 52%  466K 14s
  6750K .......... .......... .......... .......... .......... 52%  425K 13s
  6800K .......... .......... .......... .......... .......... 53%  479K 13s
  6850K .......... .......... .......... .......... .......... 53%  477K 13s
  6900K .......... .......... .......... .......... .......... 53%  436K 13s
  6950K .......... .......... .......... .......... .......... 54%  478K 13s
  7000K .......... .......... .......... .......... .......... 54%  476K 13s
  7050K .......... .......... .......... .......... .......... 55%  380K 13s
  7100K .......... .......... .......... .......... .......... 55%  501K 13s
  7150K .......... .......... .......... .......... .......... 55%  464K 13s
  7200K .......... .......... .......... .......... .......... 56%  450K 12s
  7250K .......... .......... .......... .......... .......... 56%  452K 12s
  7300K .......... .......... .......... .......... .......... 57%  452K 12s
  7350K .......... .......... .......... .......... .......... 57%  425K 12s
  7400K .......... .......... .......... .......... .......... 57%  476K 12s
  7450K .......... .......... .......... .......... .......... 58%  451K 12s
  7500K .......... .......... .......... .......... .......... 58%  475K 12s
  7550K .......... .......... .......... .......... .......... 58%  378K 12s
  7600K .......... .......... .......... .......... .......... 59%  429K 12s
  7650K .......... .......... .......... .......... .......... 59%  554K 11s
  7700K .......... .......... .......... .......... .......... 60%  464K 11s
  7750K .......... .......... .......... .......... .......... 60%  464K 11s
  7800K .......... .......... .......... .......... .......... 60%  424K 11s
  7850K .......... .......... .......... .......... .......... 61%  464K 11s
  7900K .......... .......... .......... .......... .......... 61%  451K 11s
  7950K .......... .......... .......... .......... .......... 62%  477K 11s
  8000K .......... .......... .......... .......... .......... 62%  474K 11s
  8050K .......... .......... .......... .......... .......... 62%  463K 11s
  8100K .......... .......... .......... .......... .......... 63%  465K 10s
  8150K .......... .......... .......... .......... .......... 63%  406K 10s
  8200K .......... .......... .......... .......... .......... 64%  541K 10s
  8250K .......... .......... .......... .......... .......... 64%  378K 10s
  8300K .......... .......... .......... .......... .......... 64%  575K 10s
  8350K .......... .......... .......... .......... .......... 65%  476K 10s
  8400K .......... .......... .......... .......... .......... 65%  408K 10s
  8450K .......... .......... .......... .......... .......... 65%  414K 10s
  8500K .......... .......... .......... .......... .......... 66%  463K 10s
  8550K .......... .......... .......... .......... .......... 66%  441K 9s
  8600K .......... .......... .......... .......... .......... 67%  461K 9s
  8650K .......... .......... .......... .......... .......... 67%  476K 9s
  8700K .......... .......... .......... .......... .......... 67%  477K 9s
  8750K .......... .......... .......... .......... .......... 68%  449K 9s
  8800K .......... .......... .......... .......... .......... 68%  467K 9s
  8850K .......... .......... .......... .......... .......... 69%  435K 9s
  8900K .......... .......... .......... .......... .......... 69%  463K 9s
  8950K .......... .......... .......... .......... .......... 69%  478K 9s
  9000K .......... .......... .......... .......... .......... 70%  407K 8s
  9050K .......... .......... .......... .......... .......... 70%  458K 8s
  9100K .......... .......... .......... .......... .......... 71%  456K 8s
  9150K .......... .......... .......... .......... .......... 71%  503K 8s
  9200K .......... .......... .......... .......... .......... 71%  407K 8s
  9250K .......... .......... .......... .......... .......... 72%  552K 8s
  9300K .......... .......... .......... .......... .......... 72%  146K 8s
  9350K .......... .......... .......... .......... .......... 72%  461K 8s
  9400K .......... .......... .......... .......... .......... 73%  451K 8s
  9450K .......... .......... .......... .......... .......... 73%  464K 8s
  9500K .......... .......... .......... .......... .......... 74%  371K 7s
  9550K .......... .......... .......... .......... .......... 74%  575K 7s
  9600K .......... .......... .......... .......... .......... 74%  461K 7s
  9650K .......... .......... .......... .......... .......... 75%  379K 7s
  9700K .......... .......... .......... .......... .......... 75%  503K 7s
  9750K .......... .......... .......... .......... .......... 76%  440K 7s
  9800K .......... .......... .......... .......... .......... 76%  463K 7s
  9850K .......... .......... .......... .......... .......... 76%  463K 7s
  9900K .......... .......... .......... .......... .......... 77%  478K 7s
  9950K .......... .......... .......... .......... .......... 77%  450K 6s
 10000K .......... .......... .......... .......... .......... 78%  462K 6s
 10050K .......... .......... .......... .......... .......... 78%  464K 6s
 10100K .......... .......... .......... .......... .......... 78%  449K 6s
 10150K .......... .......... .......... .......... .......... 79%  466K 6s
 10200K .......... .......... .......... .......... .......... 79%  449K 6s
 10250K .......... .......... .......... .......... .......... 79%  451K 6s
 10300K .......... .......... .......... .......... .......... 80%  463K 6s
 10350K .......... .......... .......... .......... .......... 80%  476K 6s
 10400K .......... .......... .......... .......... .......... 81%  378K 5s
 10450K .......... .......... .......... .......... .......... 81%  508K 5s
 10500K .......... .......... .......... .......... .......... 81%  474K 5s
 10550K .......... .......... .......... .......... .......... 82%  440K 5s
 10600K .......... .......... .......... .......... .......... 82%  448K 5s
 10650K .......... .......... .......... .......... .......... 83%  465K 5s
 10700K .......... .......... .......... .......... .......... 83%  463K 5s
 10750K .......... .......... .......... .......... .......... 83%  461K 5s
 10800K .......... .......... .......... .......... .......... 84%  464K 5s
 10850K .......... .......... .......... .......... .......... 84%  396K 4s
 10900K .......... .......... .......... .......... .......... 84%  539K 4s
 10950K .......... .......... .......... .......... .......... 85%  449K 4s
 11000K .......... .......... .......... .......... .......... 85%  453K 4s
 11050K .......... .......... .......... .......... .......... 86%  464K 4s
 11100K .......... .......... .......... .......... .......... 86%  461K 4s
 11150K .......... .......... .......... .......... .......... 86%  439K 4s
 11200K .......... .......... .......... .......... .......... 87%  463K 4s
 11250K .......... .......... .......... .......... .......... 87%  415K 4s
 11300K .......... .......... .......... .......... .......... 88%  479K 3s
 11350K .......... .......... .......... .......... .......... 88%  473K 3s
 11400K .......... .......... .......... .......... .......... 88%  462K 3s
 11450K .......... .......... .......... .......... .......... 89%  465K 3s
 11500K .......... .......... .......... .......... .......... 89%  354K 3s
 11550K .......... .......... .......... .......... .......... 90%  557K 3s
 11600K .......... .......... .......... .......... .......... 90%  463K 3s
 11650K .......... .......... .......... .......... .......... 90%  462K 3s
 11700K .......... .......... .......... .......... .......... 91%  461K 3s
 11750K .......... .......... .......... .......... .......... 91%  466K 2s
 11800K .......... .......... .......... .......... .......... 91%  439K 2s
 11850K .......... .......... .......... .......... .......... 92%  439K 2s
 11900K .......... .......... .......... .......... .......... 92%  407K 2s
 11950K .......... .......... .......... .......... .......... 93%  406K 2s
 12000K .......... .......... .......... .......... .......... 93%  519K 2s
 12050K .......... .......... .......... .......... .......... 93%  452K 2s
 12100K .......... .......... .......... .......... .......... 94%  427K 2s
 12150K .......... .......... .......... .......... .......... 94%  461K 2s
 12200K .......... .......... .......... .......... .......... 95%  450K 1s
 12250K .......... .......... .......... .......... .......... 95%  451K 1s
 12300K .......... .......... .......... .......... .......... 95%  478K 1s
 12350K .......... .......... .......... .......... .......... 96%  450K 1s
 12400K .......... .......... .......... .......... .......... 96%  463K 1s
 12450K .......... .......... .......... .......... .......... 97%  416K 1s
 12500K .......... .......... .......... .......... .......... 97%  371K 1s
 12550K .......... .......... .......... .......... .......... 97%  619K 1s
 12600K .......... .......... .......... .......... .......... 98%  462K 1s
 12650K .......... .......... .......... .......... .......... 98%  148K 0s
 12700K .......... .......... .......... .......... .......... 98%  474K 0s
 12750K .......... .......... .......... .......... .......... 99%  439K 0s
 12800K .......... .......... .......... .......... .......... 99%  478K 0s
 12850K .......... .......... .......... ....                 100%  473K=29s

2016-05-25 02:27:44 (447 KB/s) - ‘index.html.6’ saved [13193358/13193358]

