--2016-05-25 00:37:40--  http://10.30.50.93:8000/
Connecting to 10.30.50.93:8000... connected.
HTTP request sent, awaiting response... 200 OK
Length: 13193358 (13M) [text/html]
Saving to: ‘index.html.16’

     0K .......... .......... .......... .......... ..........  0% 88.7K 2m25s
    50K .......... .......... .......... .......... ..........  0%  119K 2m6s
   100K .......... .......... .......... .......... ..........  1% 86.8K 2m12s
   150K .......... .......... .......... .......... ..........  1% 99.2K 2m11s
   200K .......... .......... .......... .......... ..........  1% 71.9K 2m19s
   250K .......... .......... .......... .......... ..........  2% 67.1K 2m27s
   300K .......... .......... .......... .......... ..........  2% 68.3K 2m32s
   350K .......... .......... .......... .......... ..........  3%  116K 2m26s
   400K .......... .......... .......... .......... ..........  3% 65.1K 2m30s
   450K .......... .......... .......... .......... ..........  3% 69.5K 2m32s
   500K .......... .......... .......... .......... ..........  4% 68.3K 2m34s
   550K .......... .......... .......... .......... ..........  4% 35.0K 2m50s
   600K .......... .......... .......... .......... ..........  5% 50.8K 2m55s
   650K .......... .......... .......... .......... ..........  5%  161K 2m47s
   700K .......... .......... .......... .......... ..........  5% 50.2K 2m52s
   750K .......... .......... .......... .......... ..........  6% 68.3K 2m51s
   800K .......... .......... .......... .......... ..........  6% 94.6K 2m48s
   850K .......... .......... .......... .......... ..........  6% 61.3K 2m49s
   900K .......... .......... .......... .......... ..........  7% 33.4K 2m58s
   950K .......... .......... .......... .......... ..........  7% 74.4K 2m57s
  1000K .......... .......... .......... .......... ..........  8% 81.6K 2m54s
  1050K .......... .......... .......... .......... ..........  8%  119K 2m50s
  1100K .......... .......... .......... .......... ..........  8%  102K 2m47s
  1150K .......... .......... .......... .......... ..........  9%  104K 2m44s
  1200K .......... .......... .......... .......... ..........  9% 75.8K 2m43s
  1250K .......... .......... .......... .......... .......... 10% 49.6K 2m45s
  1300K .......... .......... .......... .......... .......... 10% 46.3K 2m48s
  1350K .......... .......... .......... .......... .......... 10% 58.7K 2m48s
  1400K .......... .......... .......... .......... .......... 11%  112K 2m45s
  1450K .......... .......... .......... .......... .......... 11% 59.5K 2m45s
  1500K .......... .......... .......... .......... .......... 12% 80.1K 2m44s
  1550K .......... .......... .......... .......... .......... 12%  116K 2m41s
  1600K .......... .......... .......... .......... .......... 12% 88.7K 2m39s
  1650K .......... .......... .......... .......... .......... 13% 94.7K 2m37s
  1700K .......... .......... .......... .......... .......... 13% 48.5K 2m39s
  1750K .......... .......... .......... .......... .......... 13% 88.6K 2m37s
  1800K .......... .......... .......... .......... .......... 14%  110K 2m35s
  1850K .......... .......... .......... .......... .......... 14% 64.1K 2m34s
  1900K .......... .......... .......... .......... .......... 15% 61.3K 2m34s
  1950K .......... .......... .......... .......... .......... 15%  107K 2m32s
  2000K .......... .......... .......... .......... .......... 15% 65.1K 2m32s
  2050K .......... .......... .......... .......... .......... 16% 22.9K 2m39s
  2100K .......... .......... .......... .......... .......... 16% 94.7K 2m37s
  2150K .......... .......... .......... .......... .......... 17% 38.6K 2m39s
  2200K .......... .......... .......... .......... .......... 17%  104K 2m37s
  2250K .......... .......... .......... .......... .......... 17% 99.1K 2m35s
  2300K .......... .......... .......... .......... .......... 18% 54.1K 2m36s
  2350K .......... .......... .......... .......... .......... 18% 49.0K 2m36s
  2400K .......... .......... .......... .......... .......... 19% 90.6K 2m34s
  2450K .......... .......... .......... .......... .......... 19% 88.7K 2m33s
  2500K .......... .......... .......... .......... .......... 19% 50.8K 2m33s
  2550K .......... .......... .......... .......... .......... 20% 61.3K 2m33s
  2600K .......... .......... .......... .......... .......... 20%  113K 2m31s
  2650K .......... .......... .......... .......... .......... 20% 86.8K 2m30s
  2700K .......... .......... .......... .......... .......... 21% 99.3K 2m28s
  2750K .......... .......... .......... .......... .......... 21% 88.7K 2m27s
  2800K .......... .......... .......... .......... .......... 22% 63.1K 2m26s
  2850K .......... .......... .......... .......... .......... 22% 71.9K 2m25s
  2900K .......... .......... .......... .......... .......... 22% 63.1K 2m25s
  2950K .......... .......... .......... .......... .......... 23% 99.3K 2m23s
  3000K .......... .......... .......... .......... .......... 23% 65.1K 2m23s
  3050K .......... .......... .......... .......... .......... 24%  109K 2m21s
  3100K .......... .......... .......... .......... .......... 24% 62.2K 2m21s
  3150K .......... .......... .......... .......... .......... 24% 66.2K 2m20s
  3200K .......... .......... .......... .......... .......... 25% 54.8K 2m20s
  3250K .......... .......... .......... .......... .......... 25% 97.0K 2m19s
  3300K .......... .......... .......... .......... .......... 26% 78.6K 2m18s
  3350K .......... .......... .......... .......... .......... 26% 68.2K 2m17s
  3400K .......... .......... .......... .......... .......... 26%  126K 2m15s
  3450K .......... .......... .......... .......... .......... 27% 99.2K 2m14s
  3500K .......... .......... .......... .......... .......... 27%  102K 2m13s
  3550K .......... .......... .......... .......... .......... 27%  110K 2m11s
  3600K .......... .......... .......... .......... .......... 28% 49.6K 2m11s
  3650K .......... .......... .......... .......... .......... 28% 99.3K 2m10s
  3700K .......... .......... .......... .......... .......... 29% 42.9K 2m11s
  3750K .......... .......... .......... .......... .......... 29% 48.5K 2m11s
  3800K .......... .......... .......... .......... .......... 29% 24.2K 2m13s
  3850K .......... .......... .......... .......... .......... 30% 33.9K 2m14s
  3900K .......... .......... .......... .......... .......... 30% 80.1K 2m13s
  3950K .......... .......... .......... .......... .......... 31% 50.8K 2m13s
  4000K .......... .......... .......... .......... .......... 31% 40.0K 2m13s
  4050K .......... .......... .......... .......... .......... 31% 90.6K 2m12s
  4100K .......... .......... .......... .......... .......... 32% 99.2K 2m11s
  4150K .......... .......... .......... .......... .......... 32% 92.5K 2m9s
  4200K .......... .......... .......... .......... .......... 32% 90.7K 2m8s
  4250K .......... .......... .......... .......... .......... 33%  116K 2m7s
  4300K .......... .......... .......... .......... .......... 33%  130K 2m6s
  4350K .......... .......... .......... .......... .......... 34% 62.1K 2m5s
  4400K .......... .......... .......... .......... .......... 34% 90.6K 2m4s
  4450K .......... .......... .......... .......... .......... 34% 94.7K 2m3s
  4500K .......... .......... .......... .......... .......... 35% 58.7K 2m2s
  4550K .......... .......... .......... .......... .......... 35% 88.6K 2m1s
  4600K .......... .......... .......... .......... .......... 36% 83.3K 2m0s
  4650K .......... .......... .......... .......... .......... 36% 35.0K 2m1s
  4700K .......... .......... .......... .......... .......... 36%  144K 1m59s
  4750K .......... .......... .......... .......... .......... 37% 49.0K 1m59s
  4800K .......... .......... .......... .......... .......... 37%  116K 1m58s
  4850K .......... .......... .......... .......... .......... 38% 92.6K 1m57s
  4900K .......... .......... .......... .......... .......... 38%  116K 1m56s
  4950K .......... .......... .......... .......... .......... 38% 94.8K 1m55s
  5000K .......... .......... .......... .......... .......... 39% 99.1K 1m53s
  5050K .......... .......... .......... .......... .......... 39% 55.5K 1m53s
  5100K .......... .......... .......... .......... .......... 39%  130K 1m52s
  5150K .......... .......... .......... .......... .......... 40% 92.7K 1m51s
  5200K .......... .......... .......... .......... .......... 40% 54.1K 1m50s
  5250K .......... .......... .......... .......... .......... 41% 42.5K 1m50s
  5300K .......... .......... .......... .......... .......... 41% 99.2K 1m49s
  5350K .......... .......... .......... .......... .......... 41%  116K 1m48s
  5400K .......... .......... .......... .......... .......... 42% 96.8K 1m47s
  5450K .......... .......... .......... .......... .......... 42% 64.1K 1m46s
  5500K .......... .......... .......... .......... .......... 43%  116K 1m45s
  5550K .......... .......... .......... .......... .......... 43%  104K 1m44s
  5600K .......... .......... .......... .......... .......... 43% 99.3K 1m43s
  5650K .......... .......... .......... .......... .......... 44%  116K 1m42s
  5700K .......... .......... .......... .......... .......... 44% 97.0K 1m41s
  5750K .......... .......... .......... .......... .......... 45%  116K 1m40s
  5800K .......... .......... .......... .......... .......... 45%  102K 99s
  5850K .......... .......... .......... .......... .......... 45% 88.7K 98s
  5900K .......... .......... .......... .......... .......... 46% 59.5K 98s
  5950K .......... .......... .......... .......... .......... 46% 33.1K 98s
  6000K .......... .......... .......... .......... .......... 46%  110K 97s
  6050K .......... .......... .......... .......... .......... 47%  119K 96s
  6100K .......... .......... .......... .......... .......... 47% 59.5K 95s
  6150K .......... .......... .......... .......... .......... 48% 94.8K 95s
  6200K .......... .......... .......... .......... .......... 48%  102K 94s
  6250K .......... .......... .......... .......... .......... 48% 83.4K 93s
  6300K .......... .......... .......... .......... .......... 49%  102K 92s
  6350K .......... .......... .......... .......... .......... 49% 99.3K 91s
  6400K .......... .......... .......... .......... .......... 50% 99.1K 90s
  6450K .......... .......... .......... .......... .......... 50% 86.8K 89s
  6500K .......... .......... .......... .......... .......... 50% 59.5K 89s
  6550K .......... .......... .......... .......... .......... 51% 90.6K 88s
  6600K .......... .......... .......... .......... .......... 51%  110K 87s
  6650K .......... .......... .......... .......... .......... 52%  102K 86s
  6700K .......... .......... .......... .......... .......... 52% 92.7K 85s
  6750K .......... .......... .......... .......... .......... 52% 75.7K 84s
  6800K .......... .......... .......... .......... .......... 53% 66.2K 84s
  6850K .......... .......... .......... .......... .......... 53% 25.4K 84s
  6900K .......... .......... .......... .......... .......... 53%  112K 83s
  6950K .......... .......... .......... .......... .......... 54% 37.9K 83s
  7000K .......... .......... .......... .......... .......... 54% 43.4K 83s
  7050K .......... .......... .......... .......... .......... 55% 80.1K 82s
  7100K .......... .......... .......... .......... .......... 55% 94.7K 81s
  7150K .......... .......... .......... .......... .......... 55% 68.3K 80s
  7200K .......... .......... .......... .......... .......... 56%  110K 80s
  7250K .......... .......... .......... .......... .......... 56%  110K 79s
  7300K .......... .......... .......... .......... .......... 57% 92.6K 78s
  7350K .......... .......... .......... .......... .......... 57% 88.6K 77s
  7400K .......... .......... .......... .......... .......... 57%  110K 76s
  7450K .......... .......... .......... .......... .......... 58%  104K 75s
  7500K .......... .......... .......... .......... .......... 58% 92.6K 75s
  7550K .......... .......... .......... .......... .......... 58% 49.6K 74s
  7600K .......... .......... .......... .......... .......... 59% 59.5K 73s
  7650K .......... .......... .......... .......... .......... 59% 20.2K 74s
  7700K .......... .......... .......... .......... .......... 60% 50.2K 73s
  7750K .......... .......... .......... .......... .......... 60% 68.3K 73s
  7800K .......... .......... .......... .......... .......... 60%  104K 72s
  7850K .......... .......... .......... .......... .......... 61% 92.6K 71s
  7900K .......... .......... .......... .......... .......... 61% 32.6K 71s
  7950K .......... .......... .......... .......... .......... 62%  104K 70s
  8000K .......... .......... .......... .......... .......... 62% 58.7K 69s
  8050K .......... .......... .......... .......... .......... 62% 63.2K 69s
  8100K .......... .......... .......... .......... .......... 63% 40.9K 68s
  8150K .......... .......... .......... .......... .......... 63%  107K 67s
  8200K .......... .......... .......... .......... .......... 64% 83.3K 67s
  8250K .......... .......... .......... .......... .......... 64%  113K 66s
  8300K .......... .......... .......... .......... .......... 64% 99.2K 65s
  8350K .......... .......... .......... .......... .......... 65% 58.7K 64s
  8400K .......... .......... .......... .......... .......... 65% 68.3K 63s
  8450K .......... .......... .......... .......... .......... 65% 90.7K 63s
  8500K .......... .......... .......... .......... .......... 66% 86.8K 62s
  8550K .......... .......... .......... .......... .......... 66% 47.9K 61s
  8600K .......... .......... .......... .......... .......... 67% 40.5K 61s
  8650K .......... .......... .......... .......... .......... 67% 66.1K 60s
  8700K .......... .......... .......... .......... .......... 67% 44.3K 60s
  8750K .......... .......... .......... .......... .......... 68% 69.5K 59s
  8800K .......... .......... .......... .......... .......... 68% 52.7K 58s
  8850K .......... .......... .......... .......... .......... 69% 44.8K 58s
  8900K .......... .......... .......... .......... .......... 69% 90.6K 57s
  8950K .......... .......... .......... .......... .......... 69% 70.7K 56s
  9000K .......... .......... .......... .......... .......... 70%  104K 55s
  9050K .......... .......... .......... .......... .......... 70% 99.3K 55s
  9100K .......... .......... .......... .......... .......... 71% 34.7K 54s
  9150K .......... .......... .......... .......... .......... 71% 36.6K 54s
  9200K .......... .......... .......... .......... .......... 71% 99.3K 53s
  9250K .......... .......... .......... .......... .......... 72% 86.7K 52s
  9300K .......... .......... .......... .......... .......... 72% 35.0K 52s
  9350K .......... .......... .......... .......... .......... 72% 88.6K 51s
  9400K .......... .......... .......... .......... .......... 73%  107K 50s
  9450K .......... .......... .......... .......... .......... 73% 19.8K 50s
  9500K .......... .......... .......... .......... .......... 74% 74.4K 49s
  9550K .......... .......... .......... .......... .......... 74% 24.2K 49s
  9600K .......... .......... .......... .......... .......... 74%  102K 48s
  9650K .......... .......... .......... .......... .......... 75%  116K 47s
  9700K .......... .......... .......... .......... .......... 75% 90.7K 46s
  9750K .......... .......... .......... .......... .......... 76% 75.7K 46s
  9800K .......... .......... .......... .......... .......... 76% 94.6K 45s
  9850K .......... .......... .......... .......... .......... 76%  107K 44s
  9900K .......... .......... .......... .......... .......... 77% 92.5K 43s
  9950K .......... .......... .......... .......... .......... 77% 40.9K 43s
 10000K .......... .......... .......... .......... .......... 78%  102K 42s
 10050K .......... .......... .......... .......... .......... 78% 99.3K 41s
 10100K .......... .......... .......... .......... .......... 78%  107K 40s
 10150K .......... .......... .......... .......... .......... 79% 47.4K 40s
 10200K .......... .......... .......... .......... .......... 79% 65.1K 39s
 10250K .......... .......... .......... .......... .......... 79%  102K 38s
 10300K .......... .......... .......... .......... .......... 80%  126K 37s
 10350K .......... .......... .......... .......... .......... 80% 86.8K 36s
 10400K .......... .......... .......... .......... .......... 81%  107K 36s
 10450K .......... .......... .......... .......... .......... 81% 65.1K 35s
 10500K .......... .......... .......... .......... .......... 81%  119K 34s
 10550K .......... .......... .......... .......... .......... 82% 83.2K 33s
 10600K .......... .......... .......... .......... .......... 82% 65.1K 33s
 10650K .......... .......... .......... .......... .......... 83% 41.7K 32s
 10700K .......... .......... .......... .......... .......... 83%  104K 31s
 10750K .......... .......... .......... .......... .......... 83% 94.6K 30s
 10800K .......... .......... .......... .......... .......... 84% 88.8K 30s
 10850K .......... .......... .......... .......... .......... 84%  134K 29s
 10900K .......... .......... .......... .......... .......... 84%  113K 28s
 10950K .......... .......... .......... .......... .......... 85% 92.6K 27s
 11000K .......... .......... .......... .......... .......... 85%  110K 27s
 11050K .......... .......... .......... .......... .......... 86%  107K 26s
 11100K .......... .......... .......... .......... .......... 86% 67.2K 25s
 11150K .......... .......... .......... .......... .......... 86%  102K 24s
 11200K .......... .......... .......... .......... .......... 87% 59.5K 24s
 11250K .......... .......... .......... .......... .......... 87% 99.0K 23s
 11300K .......... .......... .......... .......... .......... 88% 77.3K 22s
 11350K .......... .......... .......... .......... .......... 88%  113K 21s
 11400K .......... .......... .......... .......... .......... 88% 99.2K 21s
 11450K .......... .......... .......... .......... .......... 89% 96.8K 20s
 11500K .......... .......... .......... .......... .......... 89%  110K 19s
 11550K .......... .......... .......... .......... .......... 90% 86.8K 18s
 11600K .......... .......... .......... .......... .......... 90% 90.6K 18s
 11650K .......... .......... .......... .......... .......... 90% 66.1K 17s
 11700K .......... .......... .......... .......... .......... 91% 57.9K 16s
 11750K .......... .......... .......... .......... .......... 91% 50.2K 16s
 11800K .......... .......... .......... .......... .......... 91% 49.6K 15s
 11850K .......... .......... .......... .......... .......... 92%  104K 14s
 11900K .......... .......... .......... .......... .......... 92% 92.6K 13s
 11950K .......... .......... .......... .......... .......... 93% 61.2K 13s
 12000K .......... .......... .......... .......... .......... 93% 59.5K 12s
 12050K .......... .......... .......... .......... .......... 93% 33.6K 11s
 12100K .......... .......... .......... .......... .......... 94% 92.6K 11s
 12150K .......... .......... .......... .......... .......... 94% 58.7K 10s
 12200K .......... .......... .......... .......... .......... 95% 43.0K 9s
 12250K .......... .......... .......... .......... .......... 95%  104K 8s
 12300K .......... .......... .......... .......... .......... 95% 63.1K 8s
 12350K .......... .......... .......... .......... .......... 96%  102K 7s
 12400K .......... .......... .......... .......... .......... 96% 33.1K 6s
 12450K .......... .......... .......... .......... .......... 97%  107K 6s
 12500K .......... .......... .......... .......... .......... 97% 39.7K 5s
 12550K .......... .......... .......... .......... .......... 97% 38.9K 4s
 12600K .......... .......... .......... .......... .......... 98% 66.2K 3s
 12650K .......... .......... .......... .......... .......... 98% 57.1K 3s
 12700K .......... .......... .......... .......... .......... 98%  104K 2s
 12750K .......... .......... .......... .......... .......... 99% 30.0K 1s
 12800K .......... .......... .......... .......... .......... 99%  134K 0s
 12850K .......... .......... .......... ....                 100% 94.7K=3m8s

2016-05-25 00:40:48 (68.5 KB/s) - ‘index.html.16’ saved [13193358/13193358]

