--2016-05-25 04:07:47--  http://10.30.50.93:8000/
Connecting to 10.30.50.93:8000... connected.
HTTP request sent, awaiting response... 200 OK
Length: 13193358 (13M) [text/html]
Saving to: ‘index.html.14’

     0K .......... .......... .......... .......... ..........  0% 2.67M 5s
    50K .......... .......... .......... .......... ..........  0% 1.09M 8s
   100K .......... .......... .......... .......... ..........  1% 1.15M 9s
   150K .......... .......... .......... .......... ..........  1% 1.57M 9s
   200K .......... .......... .......... .......... ..........  1% 1.06M 9s
   250K .......... .......... .......... .......... ..........  2%  932K 10s
   300K .......... .......... .......... .......... ..........  2% 1.05M 10s
   350K .......... .......... .......... .......... ..........  3%  112K 23s
   400K .......... .......... .......... .......... ..........  3% 1.35M 21s
   450K .......... .......... .......... .......... ..........  3% 1.32M 20s
   500K .......... .......... .......... .......... ..........  4% 79.8K 32s
   550K .......... .......... .......... .......... ..........  4% 8.83M 29s
   600K .......... .......... .......... .......... ..........  5%  211K 31s
   650K .......... .......... .......... .......... ..........  5%  194K 34s
   700K .......... .......... .......... .......... ..........  5%  114K 38s
   750K .......... .......... .......... .......... ..........  6% 1024K 37s
   800K .......... .......... .......... .......... ..........  6%  201K 38s
   850K .......... .......... .......... .......... ..........  6% 57.7K 47s
   900K .......... .......... .......... .......... ..........  7% 1.42M 45s
   950K .......... .......... .......... .......... ..........  7% 1.22M 43s
  1000K .......... .......... .......... .......... ..........  8% 1.39M 41s
  1050K .......... .......... .......... .......... ..........  8%  955K 40s
  1100K .......... .......... .......... .......... ..........  8%  211K 40s
  1150K .......... .......... .......... .......... ..........  9% 1.43M 39s
  1200K .......... .......... .......... .......... ..........  9% 59.4K 45s
  1250K .......... .......... .......... .......... .......... 10% 1.16M 43s
  1300K .......... .......... .......... .......... .......... 10% 1.18M 42s
  1350K .......... .......... .......... .......... .......... 10% 1.30M 40s
  1400K .......... .......... .......... .......... .......... 11% 1017K 39s
  1450K .......... .......... .......... .......... .......... 11%  760K 38s
  1500K .......... .......... .......... .......... .......... 12%  113K 40s
  1550K .......... .......... .......... .......... .......... 12%  227K 40s
  1600K .......... .......... .......... .......... .......... 12% 1.01M 39s
  1650K .......... .......... .......... .......... .......... 13%  921K 38s
  1700K .......... .......... .......... .......... .......... 13%  111K 40s
  1750K .......... .......... .......... .......... .......... 13%  201K 40s
  1800K .......... .......... .......... .......... .......... 14% 1.06M 39s
  1850K .......... .......... .......... .......... .......... 14%  200K 39s
  1900K .......... .......... .......... .......... .......... 15% 1.52M 38s
  1950K .......... .......... .......... .......... .......... 15%  200K 39s
  2000K .......... .......... .......... .......... .......... 15% 1.03M 38s
  2050K .......... .......... .......... .......... .......... 16% 1.14M 37s
  2100K .......... .......... .......... .......... .......... 16%  203K 37s
  2150K .......... .......... .......... .......... .......... 17%  866K 36s
  2200K .......... .......... .......... .......... .......... 17% 1.13M 36s
  2250K .......... .......... .......... .......... .......... 17%  209K 36s
  2300K .......... .......... .......... .......... .......... 18%  964K 35s
  2350K .......... .......... .......... .......... .......... 18% 1.10M 34s
  2400K .......... .......... .......... .......... .......... 19%  198K 35s
  2450K .......... .......... .......... .......... .......... 19%  192K 35s
  2500K .......... .......... .......... .......... .......... 19% 1.49M 34s
  2550K .......... .......... .......... .......... .......... 20%  196K 34s
  2600K .......... .......... .......... .......... .......... 20% 1.13M 34s
  2650K .......... .......... .......... .......... .......... 20%  109K 35s
  2700K .......... .......... .......... .......... .......... 21% 1.35M 34s
  2750K .......... .......... .......... .......... .......... 21% 1.67M 33s
  2800K .......... .......... .......... .......... .......... 22% 1.20M 33s
  2850K .......... .......... .......... .......... .......... 22%  194K 33s
  2900K .......... .......... .......... .......... .......... 22% 1.27M 32s
  2950K .......... .......... .......... .......... .......... 23%  196K 32s
  3000K .......... .......... .......... .......... .......... 23%  195K 32s
  3050K .......... .......... .......... .......... .......... 24% 1.06M 32s
  3100K .......... .......... .......... .......... .......... 24% 1.12M 31s
  3150K .......... .......... .......... .......... .......... 24%  200K 32s
  3200K .......... .......... .......... .......... .......... 25% 58.5K 33s
  3250K .......... .......... .......... .......... .......... 25% 1.39M 33s
  3300K .......... .......... .......... .......... .......... 26% 2.02M 32s
  3350K .......... .......... .......... .......... .......... 26%  204K 32s
  3400K .......... .......... .......... .......... .......... 26% 74.0K 34s
  3450K .......... .......... .......... .......... .......... 27%  899K 33s
  3500K .......... .......... .......... .......... .......... 27%  205K 33s
  3550K .......... .......... .......... .......... .......... 27%  203K 33s
  3600K .......... .......... .......... .......... .......... 28%  110K 34s
  3650K .......... .......... .......... .......... .......... 28% 1.12M 33s
  3700K .......... .......... .......... .......... .......... 29%  202K 33s
  3750K .......... .......... .......... .......... .......... 29%  199K 33s
  3800K .......... .......... .......... .......... .......... 29% 77.2K 34s
  3850K .......... .......... .......... .......... .......... 30%  195K 34s
  3900K .......... .......... .......... .......... .......... 30% 1.42M 33s
  3950K .......... .......... .......... .......... .......... 31%  866K 33s
  4000K .......... .......... .......... .......... .......... 31% 1.31M 32s
  4050K .......... .......... .......... .......... .......... 31% 72.5K 33s
  4100K .......... .......... .......... .......... .......... 32% 1.33M 33s
  4150K .......... .......... .......... .......... .......... 32%  181K 33s
  4200K .......... .......... .......... .......... .......... 32% 1.30M 32s
  4250K .......... .......... .......... .......... .......... 33%  206K 32s
  4300K .......... .......... .......... .......... .......... 33% 74.6K 33s
  4350K .......... .......... .......... .......... .......... 34% 1.38M 32s
  4400K .......... .......... .......... .......... .......... 34%  188K 32s
  4450K .......... .......... .......... .......... .......... 34% 1.08M 32s
  4500K .......... .......... .......... .......... .......... 35% 1.31M 31s
  4550K .......... .......... .......... .......... .......... 35%  199K 31s
  4600K .......... .......... .......... .......... .......... 36% 1.42M 31s
  4650K .......... .......... .......... .......... .......... 36%  205K 31s
  4700K .......... .......... .......... .......... .......... 36% 39.6K 32s
  4750K .......... .......... .......... .......... .......... 37% 1.19M 32s
  4800K .......... .......... .......... .......... .......... 37% 1.30M 32s
  4850K .......... .......... .......... .......... .......... 38% 76.1K 32s
  4900K .......... .......... .......... .......... .......... 38% 1003K 32s
  4950K .......... .......... .......... .......... .......... 38% 1.62M 31s
  5000K .......... .......... .......... .......... .......... 39% 1.18M 31s
  5050K .......... .......... .......... .......... .......... 39%  188K 31s
  5100K .......... .......... .......... .......... .......... 39% 1.11M 30s
  5150K .......... .......... .......... .......... .......... 40%  207K 30s
  5200K .......... .......... .......... .......... .......... 40%  858K 30s
  5250K .......... .......... .......... .......... .......... 41%  202K 30s
  5300K .......... .......... .......... .......... .......... 41%  199K 29s
  5350K .......... .......... .......... .......... .......... 41%  108K 30s
  5400K .......... .......... .......... .......... .......... 42%  200K 30s
  5450K .......... .......... .......... .......... .......... 42%  653K 29s
  5500K .......... .......... .......... .......... .......... 43%  184K 29s
  5550K .......... .......... .......... .......... .......... 43% 1.14M 29s
  5600K .......... .......... .......... .......... .......... 43%  114K 29s
  5650K .......... .......... .......... .......... .......... 44% 1.53M 28s
  5700K .......... .......... .......... .......... .......... 44%  198K 28s
  5750K .......... .......... .......... .......... .......... 45%  924K 28s
  5800K .......... .......... .......... .......... .......... 45%  204K 28s
  5850K .......... .......... .......... .......... .......... 45% 58.7K 28s
  5900K .......... .......... .......... .......... .......... 46%  213K 28s
  5950K .......... .......... .......... .......... .......... 46%  203K 28s
  6000K .......... .......... .......... .......... .......... 46% 1.10M 28s
  6050K .......... .......... .......... .......... .......... 47%  209K 27s
  6100K .......... .......... .......... .......... .......... 47% 1.10M 27s
  6150K .......... .......... .......... .......... .......... 48%  184K 27s
  6200K .......... .......... .......... .......... .......... 48% 1.24M 27s
  6250K .......... .......... .......... .......... .......... 48% 1.28M 26s
  6300K .......... .......... .......... .......... .......... 49% 1.40M 26s
  6350K .......... .......... .......... .......... .......... 49% 58.7K 26s
  6400K .......... .......... .......... .......... .......... 50%  114K 26s
  6450K .......... .......... .......... .......... .......... 50% 78.3K 27s
  6500K .......... .......... .......... .......... .......... 50% 1.44M 26s
  6550K .......... .......... .......... .......... .......... 51%  953K 26s
  6600K .......... .......... .......... .......... .......... 51% 1.12M 25s
  6650K .......... .......... .......... .......... .......... 52% 74.2K 26s
  6700K .......... .......... .......... .......... .......... 52% 1.39M 25s
  6750K .......... .......... .......... .......... .......... 52% 1.32M 25s
  6800K .......... .......... .......... .......... .......... 53%  210K 25s
  6850K .......... .......... .......... .......... .......... 53%  196K 25s
  6900K .......... .......... .......... .......... .......... 53% 1010K 24s
  6950K .......... .......... .......... .......... .......... 54%  194K 24s
  7000K .......... .......... .......... .......... .......... 54% 1.10M 24s
  7050K .......... .......... .......... .......... .......... 55%  917K 23s
  7100K .......... .......... .......... .......... .......... 55% 1.70M 23s
  7150K .......... .......... .......... .......... .......... 55%  946K 23s
  7200K .......... .......... .......... .......... .......... 56% 1.10M 22s
  7250K .......... .......... .......... .......... .......... 56%  207K 22s
  7300K .......... .......... .......... .......... .......... 57%  947K 22s
  7350K .......... .......... .......... .......... .......... 57% 1.12M 22s
  7400K .......... .......... .......... .......... .......... 57%  980K 21s
  7450K .......... .......... .......... .......... .......... 58% 1.34M 21s
  7500K .......... .......... .......... .......... .......... 58%  986K 21s
  7550K .......... .......... .......... .......... .......... 58% 1.22M 20s
  7600K .......... .......... .......... .......... .......... 59%  111K 20s
  7650K .......... .......... .......... .......... .......... 59%  109K 20s
  7700K .......... .......... .......... .......... .......... 60%  207K 20s
  7750K .......... .......... .......... .......... .......... 60% 75.2K 20s
  7800K .......... .......... .......... .......... .......... 60% 1.28M 20s
  7850K .......... .......... .......... .......... .......... 61%  992K 20s
  7900K .......... .......... .......... .......... .......... 61%  116K 20s
  7950K .......... .......... .......... .......... .......... 62% 1.51M 19s
  8000K .......... .......... .......... .......... .......... 62%  115K 19s
  8050K .......... .......... .......... .......... .......... 62% 1.21M 19s
  8100K .......... .......... .......... .......... .......... 63% 1.47M 19s
  8150K .......... .......... .......... .......... .......... 63%  983K 18s
  8200K .......... .......... .......... .......... .......... 64%  894K 18s
  8250K .......... .......... .......... .......... .......... 64% 1.32M 18s
  8300K .......... .......... .......... .......... .......... 64% 1.21M 18s
  8350K .......... .......... .......... .......... .......... 65% 1.23M 17s
  8400K .......... .......... .......... .......... .......... 65%  764K 17s
  8450K .......... .......... .......... .......... .......... 65% 57.8K 17s
  8500K .......... .......... .......... .......... .......... 66% 1.38M 17s
  8550K .......... .......... .......... .......... .......... 66% 76.9K 17s
  8600K .......... .......... .......... .......... .......... 67%  113K 17s
  8650K .......... .......... .......... .......... .......... 67% 59.0K 17s
  8700K .......... .......... .......... .......... .......... 67% 1.15M 17s
  8750K .......... .......... .......... .......... .......... 68%  855K 16s
  8800K .......... .......... .......... .......... .......... 68% 1.31M 16s
  8850K .......... .......... .......... .......... .......... 69%  189K 16s
  8900K .......... .......... .......... .......... .......... 69% 58.2K 16s
  8950K .......... .......... .......... .......... .......... 69% 1.05M 16s
  9000K .......... .......... .......... .......... .......... 70% 1.43M 16s
  9050K .......... .......... .......... .......... .......... 70% 1.05M 15s
  9100K .......... .......... .......... .......... .......... 71% 1.13M 15s
  9150K .......... .......... .......... .......... .......... 71%  192K 15s
  9200K .......... .......... .......... .......... .......... 71%  196K 15s
  9250K .......... .......... .......... .......... .......... 72% 76.0K 15s
  9300K .......... .......... .......... .......... .......... 72%  841K 14s
  9350K .......... .......... .......... .......... .......... 72% 1.20M 14s
  9400K .......... .......... .......... .......... .......... 73% 1.09M 14s
  9450K .......... .......... .......... .......... .......... 73% 74.2K 14s
  9500K .......... .......... .......... .......... .......... 74%  203K 14s
  9550K .......... .......... .......... .......... .......... 74%  885K 13s
  9600K .......... .......... .......... .......... .......... 74%  184K 13s
  9650K .......... .......... .......... .......... .......... 75%  908K 13s
  9700K .......... .......... .......... .......... .......... 75%  910K 13s
  9750K .......... .......... .......... .......... .......... 76% 1.38M 12s
  9800K .......... .......... .......... .......... .......... 76%  983K 12s
  9850K .......... .......... .......... .......... .......... 76% 1.02M 12s
  9900K .......... .......... .......... .......... .......... 77% 1.11M 12s
  9950K .......... .......... .......... .......... .......... 77%  108K 12s
 10000K .......... .......... .......... .......... .......... 78% 1.06M 11s
 10050K .......... .......... .......... .......... .......... 78% 1.45M 11s
 10100K .......... .......... .......... .......... .......... 78% 1.10M 11s
 10150K .......... .......... .......... .......... .......... 79%  205K 11s
 10200K .......... .......... .......... .......... .......... 79%  199K 10s
 10250K .......... .......... .......... .......... .......... 79%  204K 10s
 10300K .......... .......... .......... .......... .......... 80% 1015K 10s
 10350K .......... .......... .......... .......... .......... 80% 1.36M 10s
 10400K .......... .......... .......... .......... .......... 81%  722K 10s
 10450K .......... .......... .......... .......... .......... 81% 1.18M 9s
 10500K .......... .......... .......... .......... .......... 81% 1.05M 9s
 10550K .......... .......... .......... .......... .......... 82% 2.09M 9s
 10600K .......... .......... .......... .......... .......... 82% 2.22M 9s
 10650K .......... .......... .......... .......... .......... 83% 1.82M 8s
 10700K .......... .......... .......... .......... .......... 83% 1.30M 8s
 10750K .......... .......... .......... .......... .......... 83% 1.16M 8s
 10800K .......... .......... .......... .......... .......... 84% 1.21M 8s
 10850K .......... .......... .......... .......... .......... 84% 1.10M 8s
 10900K .......... .......... .......... .......... .......... 84% 1.17M 7s
 10950K .......... .......... .......... .......... .......... 85% 1.24M 7s
 11000K .......... .......... .......... .......... .......... 85% 1.08M 7s
 11050K .......... .......... .......... .......... .......... 86%  107K 7s
 11100K .......... .......... .......... .......... .......... 86%  217K 7s
 11150K .......... .......... .......... .......... .......... 86%  209K 6s
 11200K .......... .......... .......... .......... .......... 87%  884K 6s
 11250K .......... .......... .......... .......... .......... 87% 1.29M 6s
 11300K .......... .......... .......... .......... .......... 88%  999K 6s
 11350K .......... .......... .......... .......... .......... 88% 75.8K 6s
 11400K .......... .......... .......... .......... .......... 88% 1.09M 5s
 11450K .......... .......... .......... .......... .......... 89%  199K 5s
 11500K .......... .......... .......... .......... .......... 89% 1.20M 5s
 11550K .......... .......... .......... .......... .......... 90%  974K 5s
 11600K .......... .......... .......... .......... .......... 90% 1.41M 5s
 11650K .......... .......... .......... .......... .......... 90% 1.39M 4s
 11700K .......... .......... .......... .......... .......... 91% 1.09M 4s
 11750K .......... .......... .......... .......... .......... 91% 56.8K 4s
 11800K .......... .......... .......... .......... .......... 91% 1.21M 4s
 11850K .......... .......... .......... .......... .......... 92%  200K 4s
 11900K .......... .......... .......... .......... .......... 92% 1.13M 4s
 11950K .......... .......... .......... .......... .......... 93% 1.26M 3s
 12000K .......... .......... .......... .......... .......... 93%  954K 3s
 12050K .......... .......... .......... .......... .......... 93%  209K 3s
 12100K .......... .......... .......... .......... .......... 94% 1.26M 3s
 12150K .......... .......... .......... .......... .......... 94%  887K 3s
 12200K .......... .......... .......... .......... .......... 95% 76.2K 2s
 12250K .......... .......... .......... .......... .......... 95%  523K 2s
 12300K .......... .......... .......... .......... .......... 95%  189K 2s
 12350K .......... .......... .......... .......... .......... 96% 1.12M 2s
 12400K .......... .......... .......... .......... .......... 96% 1.28M 2s
 12450K .......... .......... .......... .......... .......... 97% 1.58M 1s
 12500K .......... .......... .......... .......... .......... 97% 2.69M 1s
 12550K .......... .......... .......... .......... .......... 97% 1.20M 1s
 12600K .......... .......... .......... .......... .......... 98% 1.12M 1s
 12650K .......... .......... .......... .......... .......... 98%  203K 1s
 12700K .......... .......... .......... .......... .......... 98%  209K 0s
 12750K .......... .......... .......... .......... .......... 99% 57.0K 0s
 12800K .......... .......... .......... .......... .......... 99% 1.47M 0s
 12850K .......... .......... .......... ....                 100%  145K=48s

2016-05-25 04:08:36 (266 KB/s) - ‘index.html.14’ saved [13193358/13193358]

