--2016-05-25 02:37:52--  http://10.30.50.93:8000/
Connecting to 10.30.50.93:8000... connected.
HTTP request sent, awaiting response... 200 OK
Length: 13193358 (13M) [text/html]
Saving to: ‘index.html.18’

     0K .......... .......... .......... .......... ..........  0%  426K 30s
    50K .......... .......... .......... .......... ..........  0% 64.6K 1m54s
   100K .......... .......... .......... .......... ..........  1% 84.7K 2m6s
   150K .......... .......... .......... .......... ..........  1% 92.0K 2m8s
   200K .......... .......... .......... .......... ..........  1% 91.0K 2m10s
   250K .......... .......... .......... .......... ..........  2%  126K 2m5s
   300K .......... .......... .......... .......... ..........  2%  308K 1m52s
   350K .......... .......... .......... .......... ..........  3% 92.1K 1m55s
   400K .......... .......... .......... .......... ..........  3%  145K 1m51s
   450K .......... .......... .......... .......... ..........  3%  363K 1m43s
   500K .......... .......... .......... .......... ..........  4%  146K 1m41s
   550K .......... .......... .......... .......... ..........  4% 42.8K 1m56s
   600K .......... .......... .......... .......... ..........  5%  535K 1m48s
   650K .......... .......... .......... .......... ..........  5% 25.0K 2m15s
   700K .......... .......... .......... .......... ..........  5%  140K 2m11s
   750K .......... .......... .......... .......... ..........  6% 96.9K 2m10s
   800K .......... .......... .......... .......... ..........  6%  346K 2m4s
   850K .......... .......... .......... .......... ..........  6%  153K 2m1s
   900K .......... .......... .......... .......... ..........  7% 92.0K 2m1s
   950K .......... .......... .......... .......... ..........  7%  362K 1m56s
  1000K .......... .......... .......... .......... ..........  8%  396K 1m52s
  1050K .......... .......... .......... .......... ..........  8% 49.9K 1m57s
  1100K .......... .......... .......... .......... ..........  8% 28.8K 2m9s
  1150K .......... .......... .......... .......... ..........  9%  160K 2m6s
  1200K .......... .......... .......... .......... ..........  9% 95.1K 2m6s
  1250K .......... .......... .......... .......... .......... 10%  139K 2m3s
  1300K .......... .......... .......... .......... .......... 10%  160K 2m1s
  1350K .......... .......... .......... .......... .......... 10%  152K 1m59s
  1400K .......... .......... .......... .......... .......... 11%  319K 1m55s
  1450K .......... .......... .......... .......... .......... 11%  132K 1m54s
  1500K .......... .......... .......... .......... .......... 12% 91.7K 1m54s
  1550K .......... .......... .......... .......... .......... 12%  146K 1m52s
  1600K .......... .......... .......... .......... .......... 12%  146K 1m51s
  1650K .......... .......... .......... .......... .......... 13%  151K 1m49s
  1700K .......... .......... .......... .......... .......... 13% 94.2K 1m49s
  1750K .......... .......... .......... .......... .......... 13% 93.1K 1m49s
  1800K .......... .......... .......... .......... .......... 14%  115K 1m48s
  1850K .......... .......... .......... .......... .......... 14% 94.3K 1m48s
  1900K .......... .......... .......... .......... .......... 15%  135K 1m46s
  1950K .......... .......... .......... .......... .......... 15%  505K 1m44s
  2000K .......... .......... .......... .......... .......... 15%  145K 1m43s
  2050K .......... .......... .......... .......... .......... 16%  371K 1m40s
  2100K .......... .......... .......... .......... .......... 16%  303K 98s
  2150K .......... .......... .......... .......... .......... 17% 66.9K 99s
  2200K .......... .......... .......... .......... .......... 17%  491K 97s
  2250K .......... .......... .......... .......... .......... 17%  260K 96s
  2300K .......... .......... .......... .......... .......... 18%  406K 94s
  2350K .......... .......... .......... .......... .......... 18% 97.0K 94s
  2400K .......... .......... .......... .......... .......... 19% 50.6K 95s
  2450K .......... .......... .......... .......... .......... 19%  143K 94s
  2500K .......... .......... .......... .......... .......... 19% 61.5K 95s
  2550K .......... .......... .......... .......... .......... 20%  507K 94s
  2600K .......... .......... .......... .......... .......... 20%  363K 92s
  2650K .......... .......... .......... .......... .......... 20% 89.6K 92s
  2700K .......... .......... .......... .......... .......... 21% 92.0K 92s
  2750K .......... .......... .......... .......... .......... 21%  370K 90s
  2800K .......... .......... .......... .......... .......... 22%  418K 89s
  2850K .......... .......... .......... .......... .......... 22%  141K 88s
  2900K .......... .......... .......... .......... .......... 22%  150K 87s
  2950K .......... .......... .......... .......... .......... 23%  462K 85s
  3000K .......... .......... .......... .......... .......... 23%  137K 85s
  3050K .......... .......... .......... .......... .......... 24% 43.9K 87s
  3100K .......... .......... .......... .......... .......... 24%  189K 86s
  3150K .......... .......... .......... .......... .......... 24% 91.6K 86s
  3200K .......... .......... .......... .......... .......... 25% 92.5K 85s
  3250K .......... .......... .......... .......... .......... 25%  159K 85s
  3300K .......... .......... .......... .......... .......... 26% 27.7K 88s
  3350K .......... .......... .......... .......... .......... 26% 64.6K 88s
  3400K .......... .......... .......... .......... .......... 26% 50.5K 89s
  3450K .......... .......... .......... .......... .......... 27%  144K 89s
  3500K .......... .......... .......... .......... .......... 27% 52.1K 89s
  3550K .......... .......... .......... .......... .......... 27%  156K 88s
  3600K .......... .......... .......... .......... .......... 28%  150K 88s
  3650K .......... .......... .......... .......... .......... 28% 67.0K 88s
  3700K .......... .......... .......... .......... .......... 29%  145K 87s
  3750K .......... .......... .......... .......... .......... 29%  427K 86s
  3800K .......... .......... .......... .......... .......... 29%  406K 84s
  3850K .......... .......... .......... .......... .......... 30%  341K 83s
  3900K .......... .......... .......... .......... .......... 30%  461K 82s
  3950K .......... .......... .......... .......... .......... 31%  132K 81s
  4000K .......... .......... .......... .......... .......... 31%  362K 80s
  4050K .......... .......... .......... .......... .......... 31%  147K 79s
  4100K .......... .......... .......... .......... .......... 32%  408K 78s
  4150K .......... .......... .......... .......... .......... 32% 89.5K 78s
  4200K .......... .......... .......... .......... .......... 32% 90.1K 78s
  4250K .......... .......... .......... .......... .......... 33%  339K 77s
  4300K .......... .......... .......... .......... .......... 33%  148K 76s
  4350K .......... .......... .......... .......... .......... 34% 55.2K 77s
  4400K .......... .......... .......... .......... .......... 34% 53.1K 77s
  4450K .......... .......... .......... .......... .......... 34%  128K 76s
  4500K .......... .......... .......... .......... .......... 35%  145K 76s
  4550K .......... .......... .......... .......... .......... 35% 93.7K 76s
  4600K .......... .......... .......... .......... .......... 36% 85.5K 75s
  4650K .......... .......... .......... .......... .......... 36% 71.8K 75s
  4700K .......... .......... .......... .......... .......... 36%  179K 74s
  4750K .......... .......... .......... .......... .......... 37%  140K 74s
  4800K .......... .......... .......... .......... .......... 37%  145K 73s
  4850K .......... .......... .......... .......... .......... 38%  332K 72s
  4900K .......... .......... .......... .......... .......... 38% 42.5K 73s
  4950K .......... .......... .......... .......... .......... 38%  348K 72s
  5000K .......... .......... .......... .......... .......... 39% 93.0K 72s
  5050K .......... .......... .......... .......... .......... 39%  364K 71s
  5100K .......... .......... .......... .......... .......... 39% 51.1K 71s
  5150K .......... .......... .......... .......... .......... 40% 32.2K 72s
  5200K .......... .......... .......... .......... .......... 40%  283K 71s
  5250K .......... .......... .......... .......... .......... 41%  437K 70s
  5300K .......... .......... .......... .......... .......... 41% 67.8K 70s
  5350K .......... .......... .......... .......... .......... 41%  369K 69s
  5400K .......... .......... .......... .......... .......... 42%  152K 69s
  5450K .......... .......... .......... .......... .......... 42% 49.5K 69s
  5500K .......... .......... .......... .......... .......... 43% 70.0K 69s
  5550K .......... .......... .......... .......... .......... 43% 56.9K 69s
  5600K .......... .......... .......... .......... .......... 43% 37.7K 70s
  5650K .......... .......... .......... .......... .......... 44% 69.5K 69s
  5700K .......... .......... .......... .......... .......... 44%  103K 69s
  5750K .......... .......... .......... .......... .......... 45%  397K 68s
  5800K .......... .......... .......... .......... .......... 45%  414K 67s
  5850K .......... .......... .......... .......... .......... 45% 36.2K 68s
  5900K .......... .......... .......... .......... .......... 46% 74.2K 67s
  5950K .......... .......... .......... .......... .......... 46%  175K 67s
  6000K .......... .......... .......... .......... .......... 46% 90.1K 66s
  6050K .......... .......... .......... .......... .......... 47%  394K 65s
  6100K .......... .......... .......... .......... .......... 47% 92.1K 65s
  6150K .......... .......... .......... .......... .......... 48%  144K 64s
  6200K .......... .......... .......... .......... .......... 48% 91.0K 64s
  6250K .......... .......... .......... .......... .......... 48%  341K 63s
  6300K .......... .......... .......... .......... .......... 49%  415K 62s
  6350K .......... .......... .......... .......... .......... 49%  156K 62s
  6400K .......... .......... .......... .......... .......... 50%  347K 61s
  6450K .......... .......... .......... .......... .......... 50%  149K 60s
  6500K .......... .......... .......... .......... .......... 50% 95.2K 60s
  6550K .......... .......... .......... .......... .......... 51%  159K 59s
  6600K .......... .......... .......... .......... .......... 51% 65.7K 59s
  6650K .......... .......... .......... .......... .......... 52%  450K 58s
  6700K .......... .......... .......... .......... .......... 52% 84.6K 58s
  6750K .......... .......... .......... .......... .......... 52% 66.7K 58s
  6800K .......... .......... .......... .......... .......... 53%  154K 57s
  6850K .......... .......... .......... .......... .......... 53%  137K 56s
  6900K .......... .......... .......... .......... .......... 53% 52.5K 56s
  6950K .......... .......... .......... .......... .......... 54%  146K 56s
  7000K .......... .......... .......... .......... .......... 54%  149K 55s
  7050K .......... .......... .......... .......... .......... 55%  354K 54s
  7100K .......... .......... .......... .......... .......... 55%  149K 54s
  7150K .......... .......... .......... .......... .......... 55%  157K 53s
  7200K .......... .......... .......... .......... .......... 56% 42.5K 53s
  7250K .......... .......... .......... .......... .......... 56%  332K 53s
  7300K .......... .......... .......... .......... .......... 57%  148K 52s
  7350K .......... .......... .......... .......... .......... 57%  148K 51s
  7400K .......... .......... .......... .......... .......... 57%  145K 51s
  7450K .......... .......... .......... .......... .......... 58%  146K 50s
  7500K .......... .......... .......... .......... .......... 58%  139K 50s
  7550K .......... .......... .......... .......... .......... 58%  134K 49s
  7600K .......... .......... .......... .......... .......... 59%  363K 49s
  7650K .......... .......... .......... .......... .......... 59% 95.2K 48s
  7700K .......... .......... .......... .......... .......... 60%  333K 47s
  7750K .......... .......... .......... .......... .......... 60%  308K 47s
  7800K .......... .......... .......... .......... .......... 60% 91.1K 46s
  7850K .......... .......... .......... .......... .......... 61%  140K 46s
  7900K .......... .......... .......... .......... .......... 61% 24.7K 46s
  7950K .......... .......... .......... .......... .......... 62% 91.6K 46s
  8000K .......... .......... .......... .......... .......... 62%  154K 45s
  8050K .......... .......... .......... .......... .......... 62%  156K 45s
  8100K .......... .......... .......... .......... .......... 63% 94.2K 44s
  8150K .......... .......... .......... .......... .......... 63%  426K 44s
  8200K .......... .......... .......... .......... .......... 64% 94.2K 43s
  8250K .......... .......... .......... .......... .......... 64%  159K 43s
  8300K .......... .......... .......... .......... .......... 64% 27.9K 43s
  8350K .......... .......... .......... .......... .......... 65%  537K 42s
  8400K .......... .......... .......... .......... .......... 65% 31.7K 42s
  8450K .......... .......... .......... .......... .......... 65% 52.3K 42s
  8500K .......... .......... .......... .......... .......... 66%  439K 42s
  8550K .......... .......... .......... .......... .......... 66% 63.6K 41s
  8600K .......... .......... .......... .......... .......... 67% 98.5K 41s
  8650K .......... .......... .......... .......... .......... 67%  347K 40s
  8700K .......... .......... .......... .......... .......... 67%  409K 39s
  8750K .......... .......... .......... .......... .......... 68% 88.1K 39s
  8800K .......... .......... .......... .......... .......... 68% 91.0K 39s
  8850K .......... .......... .......... .......... .......... 69%  178K 38s
  8900K .......... .......... .......... .......... .......... 69% 53.2K 38s
  8950K .......... .......... .......... .......... .......... 69% 72.8K 37s
  9000K .......... .......... .......... .......... .......... 70%  153K 37s
  9050K .......... .......... .......... .......... .......... 70% 42.8K 37s
  9100K .......... .......... .......... .......... .......... 71%  143K 36s
  9150K .......... .......... .......... .......... .......... 71% 95.7K 36s
  9200K .......... .......... .......... .......... .......... 71% 28.1K 36s
  9250K .......... .......... .......... .......... .......... 72%  341K 35s
  9300K .......... .......... .......... .......... .......... 72% 42.5K 35s
  9350K .......... .......... .......... .......... .......... 72%  187K 34s
  9400K .......... .......... .......... .......... .......... 73% 53.6K 34s
  9450K .......... .......... .......... .......... .......... 73%  141K 33s
  9500K .......... .......... .......... .......... .......... 74%  146K 33s
  9550K .......... .......... .......... .......... .......... 74% 88.2K 32s
  9600K .......... .......... .......... .......... .......... 74%  362K 32s
  9650K .......... .......... .......... .......... .......... 75%  137K 31s
  9700K .......... .......... .......... .......... .......... 75%  153K 31s
  9750K .......... .......... .......... .......... .......... 76% 97.4K 30s
  9800K .......... .......... .......... .......... .......... 76% 65.1K 30s
  9850K .......... .......... .......... .......... .......... 76% 92.6K 29s
  9900K .......... .......... .......... .......... .......... 77% 51.1K 29s
  9950K .......... .......... .......... .......... .......... 77%  326K 28s
 10000K .......... .......... .......... .......... .......... 78%  363K 28s
 10050K .......... .......... .......... .......... .......... 78% 51.6K 27s
 10100K .......... .......... .......... .......... .......... 78%  461K 27s
 10150K .......... .......... .......... .......... .......... 79%  156K 26s
 10200K .......... .......... .......... .......... .......... 79%  353K 26s
 10250K .......... .......... .......... .......... .......... 79%  340K 25s
 10300K .......... .......... .......... .......... .......... 80%  147K 25s
 10350K .......... .......... .......... .......... .......... 80% 66.7K 24s
 10400K .......... .......... .......... .......... .......... 81%  424K 24s
 10450K .......... .......... .......... .......... .......... 81%  380K 23s
 10500K .......... .......... .......... .......... .......... 81%  139K 23s
 10550K .......... .......... .......... .......... .......... 82% 94.8K 22s
 10600K .......... .......... .......... .......... .......... 82%  479K 21s
 10650K .......... .......... .......... .......... .......... 83% 42.0K 21s
 10700K .......... .......... .......... .......... .......... 83%  440K 21s
 10750K .......... .......... .......... .......... .......... 83% 93.6K 20s
 10800K .......... .......... .......... .......... .......... 84%  150K 20s
 10850K .......... .......... .......... .......... .......... 84%  154K 19s
 10900K .......... .......... .......... .......... .......... 84% 97.5K 19s
 10950K .......... .......... .......... .......... .......... 85%  362K 18s
 11000K .......... .......... .......... .......... .......... 85%  269K 18s
 11050K .......... .......... .......... .......... .......... 86%  334K 17s
 11100K .......... .......... .......... .......... .......... 86%  145K 17s
 11150K .......... .......... .......... .......... .......... 86%  141K 16s
 11200K .......... .......... .......... .......... .......... 87%  153K 16s
 11250K .......... .......... .......... .......... .......... 87%  151K 15s
 11300K .......... .......... .......... .......... .......... 88% 87.8K 15s
 11350K .......... .......... .......... .......... .......... 88%  978K 14s
 11400K .......... .......... .......... .......... .......... 88%  145K 14s
 11450K .......... .......... .......... .......... .......... 89% 72.2K 13s
 11500K .......... .......... .......... .......... .......... 89%  321K 13s
 11550K .......... .......... .......... .......... .......... 90%  162K 12s
 11600K .......... .......... .......... .......... .......... 90%  430K 12s
 11650K .......... .......... .......... .......... .......... 90% 21.0K 11s
 11700K .......... .......... .......... .......... .......... 91%  405K 11s
 11750K .......... .......... .......... .......... .......... 91% 66.7K 10s
 11800K .......... .......... .......... .......... .......... 91% 57.9K 10s
 11850K .......... .......... .......... .......... .......... 92%  147K 9s
 11900K .......... .......... .......... .......... .......... 92% 92.0K 9s
 11950K .......... .......... .......... .......... .......... 93%  321K 8s
 12000K .......... .......... .......... .......... .......... 93% 45.1K 8s
 12050K .......... .......... .......... .......... .......... 93% 74.4K 8s
 12100K .......... .......... .......... .......... .......... 94% 94.2K 7s
 12150K .......... .......... .......... .......... .......... 94%  141K 7s
 12200K .......... .......... .......... .......... .......... 95%  151K 6s
 12250K .......... .......... .......... .......... .......... 95%  478K 6s
 12300K .......... .......... .......... .......... .......... 95%  147K 5s
 12350K .......... .......... .......... .......... .......... 96%  139K 5s
 12400K .......... .......... .......... .......... .......... 96%  140K 4s
 12450K .......... .......... .......... .......... .......... 97%  326K 4s
 12500K .......... .......... .......... .......... .......... 97% 92.5K 3s
 12550K .......... .......... .......... .......... .......... 97%  382K 3s
 12600K .......... .......... .......... .......... .......... 98% 52.2K 2s
 12650K .......... .......... .......... .......... .......... 98%  153K 2s
 12700K .......... .......... .......... .......... .......... 98%  415K 1s
 12750K .......... .......... .......... .......... .......... 99% 90.1K 1s
 12800K .......... .......... .......... .......... .......... 99%  427K 0s
 12850K .......... .......... .......... ....                 100%  440K=2m2s

2016-05-25 02:39:54 (106 KB/s) - ‘index.html.18’ saved [13193358/13193358]

