--2016-05-25 03:21:03--  http://10.30.50.93:8000/
Connecting to 10.30.50.93:8000... connected.
HTTP request sent, awaiting response... 200 OK
Length: 13193358 (13M) [text/html]
Saving to: ‘index.html.9’

     0K .......... .......... .......... .......... ..........  0% 1.13M 11s
    50K .......... .......... .......... .......... ..........  0%  927K 12s
   100K .......... .......... .......... .......... ..........  1% 1.18M 12s
   150K .......... .......... .......... .......... ..........  1%  195K 25s
   200K .......... .......... .......... .......... ..........  1% 1.05M 22s
   250K .......... .......... .......... .......... ..........  2%  991K 21s
   300K .......... .......... .......... .......... ..........  2% 1021K 19s
   350K .......... .......... .......... .......... ..........  3% 1.19M 18s
   400K .......... .......... .......... .......... ..........  3% 1.09M 17s
   450K .......... .......... .......... .......... ..........  3% 1.08M 17s
   500K .......... .......... .......... .......... ..........  4% 1.09M 16s
   550K .......... .......... .......... .......... ..........  4%  971K 16s
   600K .......... .......... .......... .......... ..........  5% 1.17M 15s
   650K .......... .......... .......... .......... ..........  5% 1.02M 15s
   700K .......... .......... .......... .......... ..........  5% 1.04M 15s
   750K .......... .......... .......... .......... ..........  6% 1.09M 14s
   800K .......... .......... .......... .......... ..........  6%  847K 14s
   850K .......... .......... .......... .......... ..........  6%  934K 14s
   900K .......... .......... .......... .......... ..........  7% 1.09M 14s
   950K .......... .......... .......... .......... ..........  7%  661K 14s
  1000K .......... .......... .......... .......... ..........  8%  950K 14s
  1050K .......... .......... .......... .......... ..........  8%  197K 16s
  1100K .......... .......... .......... .......... ..........  8% 1.14M 16s
  1150K .......... .......... .......... .......... ..........  9% 1.04M 15s
  1200K .......... .......... .......... .......... ..........  9%  977K 15s
  1250K .......... .......... .......... .......... .......... 10% 1.09M 15s
  1300K .......... .......... .......... .......... .......... 10% 1.00M 15s
  1350K .......... .......... .......... .......... .......... 10%  957K 15s
  1400K .......... .......... .......... .......... .......... 11% 1.19M 14s
  1450K .......... .......... .......... .......... .......... 11%  899K 14s
  1500K .......... .......... .......... .......... .......... 12% 1.16M 14s
  1550K .......... .......... .......... .......... .......... 12% 1.07M 14s
  1600K .......... .......... .......... .......... .......... 12% 1.06M 14s
  1650K .......... .......... .......... .......... .......... 13% 1.03M 14s
  1700K .......... .......... .......... .......... .......... 13%  964K 13s
  1750K .......... .......... .......... .......... .......... 13%  190K 15s
  1800K .......... .......... .......... .......... .......... 14% 1.01M 14s
  1850K .......... .......... .......... .......... .......... 14% 1.14M 14s
  1900K .......... .......... .......... .......... .......... 15%  906K 14s
  1950K .......... .......... .......... .......... .......... 15%  968K 14s
  2000K .......... .......... .......... .......... .......... 15%  768K 14s
  2050K .......... .......... .......... .......... .......... 16% 1.13M 14s
  2100K .......... .......... .......... .......... .......... 16%  188K 15s
  2150K .......... .......... .......... .......... .......... 17% 1.03M 15s
  2200K .......... .......... .......... .......... .......... 17%  738K 14s
  2250K .......... .......... .......... .......... .......... 17% 1.07M 14s
  2300K .......... .......... .......... .......... .......... 18% 1.04M 14s
  2350K .......... .......... .......... .......... .......... 18% 1.11M 14s
  2400K .......... .......... .......... .......... .......... 19% 1.01M 14s
  2450K .......... .......... .......... .......... .......... 19%  899K 14s
  2500K .......... .......... .......... .......... .......... 19%  856K 14s
  2550K .......... .......... .......... .......... .......... 20%  842K 14s
  2600K .......... .......... .......... .......... .......... 20%  935K 13s
  2650K .......... .......... .......... .......... .......... 20%  804K 13s
  2700K .......... .......... .......... .......... .......... 21% 1.03M 13s
  2750K .......... .......... .......... .......... .......... 21%  777K 13s
  2800K .......... .......... .......... .......... .......... 22% 1.02M 13s
  2850K .......... .......... .......... .......... .......... 22%  743K 13s
  2900K .......... .......... .......... .......... .......... 22%  194K 14s
  2950K .......... .......... .......... .......... .......... 23% 1.05M 13s
  3000K .......... .......... .......... .......... .......... 23% 1.05M 13s
  3050K .......... .......... .......... .......... .......... 24% 1.12M 13s
  3100K .......... .......... .......... .......... .......... 24%  883K 13s
  3150K .......... .......... .......... .......... .......... 24%  191K 14s
  3200K .......... .......... .......... .......... .......... 25% 1.01M 13s
  3250K .......... .......... .......... .......... .......... 25%  883K 13s
  3300K .......... .......... .......... .......... .......... 26%  743K 13s
  3350K .......... .......... .......... .......... .......... 26% 1.02M 13s
  3400K .......... .......... .......... .......... .......... 26%  913K 13s
  3450K .......... .......... .......... .......... .......... 27%  807K 13s
  3500K .......... .......... .......... .......... .......... 27% 1.13M 13s
  3550K .......... .......... .......... .......... .......... 27%  951K 13s
  3600K .......... .......... .......... .......... .......... 28% 1.17M 13s
  3650K .......... .......... .......... .......... .......... 28%  917K 12s
  3700K .......... .......... .......... .......... .......... 29% 1.03M 12s
  3750K .......... .......... .......... .......... .......... 29% 1.16M 12s
  3800K .......... .......... .......... .......... .......... 29% 1.13M 12s
  3850K .......... .......... .......... .......... .......... 30% 1.07M 12s
  3900K .......... .......... .......... .......... .......... 30% 1.11M 12s
  3950K .......... .......... .......... .......... .......... 31% 1015K 12s
  4000K .......... .......... .......... .......... .......... 31% 1.19M 12s
  4050K .......... .......... .......... .......... .......... 31% 1.18M 11s
  4100K .......... .......... .......... .......... .......... 32% 1.08M 11s
  4150K .......... .......... .......... .......... .......... 32% 1.07M 11s
  4200K .......... .......... .......... .......... .......... 32%  905K 11s
  4250K .......... .......... .......... .......... .......... 33% 1.09M 11s
  4300K .......... .......... .......... .......... .......... 33% 1.09M 11s
  4350K .......... .......... .......... .......... .......... 34% 1.06M 11s
  4400K .......... .......... .......... .......... .......... 34%  117K 11s
  4450K .......... .......... .......... .......... .......... 34%  241K 12s
  4500K .......... .......... .......... .......... .......... 35% 1001K 12s
  4550K .......... .......... .......... .......... .......... 35% 1.07M 11s
  4600K .......... .......... .......... .......... .......... 36%  826K 11s
  4650K .......... .......... .......... .......... .......... 36% 1.17M 11s
  4700K .......... .......... .......... .......... .......... 36%  763K 11s
  4750K .......... .......... .......... .......... .......... 37% 1.07M 11s
  4800K .......... .......... .......... .......... .......... 37% 1.08M 11s
  4850K .......... .......... .......... .......... .......... 38%  993K 11s
  4900K .......... .......... .......... .......... .......... 38% 1.17M 11s
  4950K .......... .......... .......... .......... .......... 38% 1.04M 11s
  5000K .......... .......... .......... .......... .......... 39% 1.14M 11s
  5050K .......... .......... .......... .......... .......... 39% 1.05M 10s
  5100K .......... .......... .......... .......... .......... 39%  949K 10s
  5150K .......... .......... .......... .......... .......... 40% 1.08M 10s
  5200K .......... .......... .......... .......... .......... 40% 1.05M 10s
  5250K .......... .......... .......... .......... .......... 41% 1.01M 10s
  5300K .......... .......... .......... .......... .......... 41% 1.31M 10s
  5350K .......... .......... .......... .......... .......... 41% 1.05M 10s
  5400K .......... .......... .......... .......... .......... 42% 1.01M 10s
  5450K .......... .......... .......... .......... .......... 42% 1.14M 10s
  5500K .......... .......... .......... .......... .......... 43%  972K 10s
  5550K .......... .......... .......... .......... .......... 43%  972K 10s
  5600K .......... .......... .......... .......... .......... 43%  871K 9s
  5650K .......... .......... .......... .......... .......... 44% 1.01M 9s
  5700K .......... .......... .......... .......... .......... 44%  766K 9s
  5750K .......... .......... .......... .......... .......... 45%  966K 9s
  5800K .......... .......... .......... .......... .......... 45%  983K 9s
  5850K .......... .......... .......... .......... .......... 45% 1.10M 9s
  5900K .......... .......... .......... .......... .......... 46%  941K 9s
  5950K .......... .......... .......... .......... .......... 46%  947K 9s
  6000K .......... .......... .......... .......... .......... 46% 1.06M 9s
  6050K .......... .......... .......... .......... .......... 47% 1.16M 9s
  6100K .......... .......... .......... .......... .......... 47% 1.13M 9s
  6150K .......... .......... .......... .......... .......... 48% 1.04M 9s
  6200K .......... .......... .......... .......... .......... 48% 1.19M 8s
  6250K .......... .......... .......... .......... .......... 48% 1.11M 8s
  6300K .......... .......... .......... .......... .......... 49%  926K 8s
  6350K .......... .......... .......... .......... .......... 49% 1.02M 8s
  6400K .......... .......... .......... .......... .......... 50%  181K 8s
  6450K .......... .......... .......... .......... .......... 50% 1.10M 8s
  6500K .......... .......... .......... .......... .......... 50% 1.09M 8s
  6550K .......... .......... .......... .......... .......... 51% 1.08M 8s
  6600K .......... .......... .......... .......... .......... 51%  964K 8s
  6650K .......... .......... .......... .......... .......... 52% 1.23M 8s
  6700K .......... .......... .......... .......... .......... 52%  896K 8s
  6750K .......... .......... .......... .......... .......... 52%  891K 8s
  6800K .......... .......... .......... .......... .......... 53% 1.01M 8s
  6850K .......... .......... .......... .......... .......... 53% 1.02M 8s
  6900K .......... .......... .......... .......... .......... 53% 1.11M 8s
  6950K .......... .......... .......... .......... .......... 54% 1.11M 7s
  7000K .......... .......... .......... .......... .......... 54%  999K 7s
  7050K .......... .......... .......... .......... .......... 55%  181K 8s
  7100K .......... .......... .......... .......... .......... 55% 1.07M 7s
  7150K .......... .......... .......... .......... .......... 55%  192K 8s
  7200K .......... .......... .......... .......... .......... 56%  195K 8s
  7250K .......... .......... .......... .......... .......... 56% 1.11M 8s
  7300K .......... .......... .......... .......... .......... 57%  885K 7s
  7350K .......... .......... .......... .......... .......... 57%  926K 7s
  7400K .......... .......... .......... .......... .......... 57%  202K 7s
  7450K .......... .......... .......... .......... .......... 58% 1.17M 7s
  7500K .......... .......... .......... .......... .......... 58% 1.00M 7s
  7550K .......... .......... .......... .......... .......... 58% 1.02M 7s
  7600K .......... .......... .......... .......... .......... 59%  960K 7s
  7650K .......... .......... .......... .......... .......... 59%  936K 7s
  7700K .......... .......... .......... .......... .......... 60%  203K 7s
  7750K .......... .......... .......... .......... .......... 60%  943K 7s
  7800K .......... .......... .......... .......... .......... 60% 1.05M 7s
  7850K .......... .......... .......... .......... .......... 61% 1.06M 7s
  7900K .......... .......... .......... .......... .......... 61% 1.05M 7s
  7950K .......... .......... .......... .......... .......... 62% 1.17M 7s
  8000K .......... .......... .......... .......... .......... 62%  871K 7s
  8050K .......... .......... .......... .......... .......... 62%  790K 7s
  8100K .......... .......... .......... .......... .......... 63%  835K 6s
  8150K .......... .......... .......... .......... .......... 63%  735K 6s
  8200K .......... .......... .......... .......... .......... 64%  963K 6s
  8250K .......... .......... .......... .......... .......... 64% 1.11M 6s
  8300K .......... .......... .......... .......... .......... 64% 1.06M 6s
  8350K .......... .......... .......... .......... .......... 65%  899K 6s
  8400K .......... .......... .......... .......... .......... 65% 1.27M 6s
  8450K .......... .......... .......... .......... .......... 65%  881K 6s
  8500K .......... .......... .......... .......... .......... 66% 1.04M 6s
  8550K .......... .......... .......... .......... .......... 66%  946K 6s
  8600K .......... .......... .......... .......... .......... 67% 1.01M 6s
  8650K .......... .......... .......... .......... .......... 67%  932K 6s
  8700K .......... .......... .......... .......... .......... 67%  200K 6s
  8750K .......... .......... .......... .......... .......... 68% 1.03M 6s
  8800K .......... .......... .......... .......... .......... 68% 1.02M 5s
  8850K .......... .......... .......... .......... .......... 69%  937K 5s
  8900K .......... .......... .......... .......... .......... 69% 1.05M 5s
  8950K .......... .......... .......... .......... .......... 69% 1.05M 5s
  9000K .......... .......... .......... .......... .......... 70%  875K 5s
  9050K .......... .......... .......... .......... .......... 70% 1.01M 5s
  9100K .......... .......... .......... .......... .......... 71% 1.09M 5s
  9150K .......... .......... .......... .......... .......... 71% 1.01M 5s
  9200K .......... .......... .......... .......... .......... 71%  197K 5s
  9250K .......... .......... .......... .......... .......... 72% 1013K 5s
  9300K .......... .......... .......... .......... .......... 72%  883K 5s
  9350K .......... .......... .......... .......... .......... 72%  982K 5s
  9400K .......... .......... .......... .......... .......... 73%  943K 5s
  9450K .......... .......... .......... .......... .......... 73% 1.04M 5s
  9500K .......... .......... .......... .......... .......... 74% 76.5K 5s
  9550K .......... .......... .......... .......... .......... 74%  906K 5s
  9600K .......... .......... .......... .......... .......... 74%  956K 5s
  9650K .......... .......... .......... .......... .......... 75%  195K 5s
  9700K .......... .......... .......... .......... .......... 75% 1.07M 4s
  9750K .......... .......... .......... .......... .......... 76%  194K 4s
  9800K .......... .......... .......... .......... .......... 76%  885K 4s
  9850K .......... .......... .......... .......... .......... 76%  999K 4s
  9900K .......... .......... .......... .......... .......... 77% 1.06M 4s
  9950K .......... .......... .......... .......... .......... 77%  993K 4s
 10000K .......... .......... .......... .......... .......... 78%  922K 4s
 10050K .......... .......... .......... .......... .......... 78%  921K 4s
 10100K .......... .......... .......... .......... .......... 78%  822K 4s
 10150K .......... .......... .......... .......... .......... 79%  900K 4s
 10200K .......... .......... .......... .......... .......... 79% 1.06M 4s
 10250K .......... .......... .......... .......... .......... 79% 1.06M 4s
 10300K .......... .......... .......... .......... .......... 80% 1.15M 4s
 10350K .......... .......... .......... .......... .......... 80% 1.04M 4s
 10400K .......... .......... .......... .......... .......... 81%  908K 3s
 10450K .......... .......... .......... .......... .......... 81% 1.13M 3s
 10500K .......... .......... .......... .......... .......... 81%  190K 3s
 10550K .......... .......... .......... .......... .......... 82% 1002K 3s
 10600K .......... .......... .......... .......... .......... 82% 1000K 3s
 10650K .......... .......... .......... .......... .......... 83% 1.07M 3s
 10700K .......... .......... .......... .......... .......... 83% 1.01M 3s
 10750K .......... .......... .......... .......... .......... 83%  851K 3s
 10800K .......... .......... .......... .......... .......... 84% 1.07M 3s
 10850K .......... .......... .......... .......... .......... 84%  193K 3s
 10900K .......... .......... .......... .......... .......... 84% 1.03M 3s
 10950K .......... .......... .......... .......... .......... 85%  181K 3s
 11000K .......... .......... .......... .......... .......... 85% 1.03M 3s
 11050K .......... .......... .......... .......... .......... 86%  983K 3s
 11100K .......... .......... .......... .......... .......... 86% 1.14M 3s
 11150K .......... .......... .......... .......... .......... 86% 1.12M 2s
 11200K .......... .......... .......... .......... .......... 87% 1.12M 2s
 11250K .......... .......... .......... .......... .......... 87% 1.15M 2s
 11300K .......... .......... .......... .......... .......... 88% 1.06M 2s
 11350K .......... .......... .......... .......... .......... 88% 1.13M 2s
 11400K .......... .......... .......... .......... .......... 88% 1.01M 2s
 11450K .......... .......... .......... .......... .......... 89%  986K 2s
 11500K .......... .......... .......... .......... .......... 89%  202K 2s
 11550K .......... .......... .......... .......... .......... 90% 1.15M 2s
 11600K .......... .......... .......... .......... .......... 90%  968K 2s
 11650K .......... .......... .......... .......... .......... 90% 1.15M 2s
 11700K .......... .......... .......... .......... .......... 91%  187K 2s
 11750K .......... .......... .......... .......... .......... 91% 1.01M 2s
 11800K .......... .......... .......... .......... .......... 91% 1012K 2s
 11850K .......... .......... .......... .......... .......... 92%  894K 1s
 11900K .......... .......... .......... .......... .......... 92%  202K 1s
 11950K .......... .......... .......... .......... .......... 93%  817K 1s
 12000K .......... .......... .......... .......... .......... 93%  952K 1s
 12050K .......... .......... .......... .......... .......... 93% 1019K 1s
 12100K .......... .......... .......... .......... .......... 94%  950K 1s
 12150K .......... .......... .......... .......... .......... 94% 1010K 1s
 12200K .......... .......... .......... .......... .......... 95%  737K 1s
 12250K .......... .......... .......... .......... .......... 95%  953K 1s
 12300K .......... .......... .......... .......... .......... 95%  914K 1s
 12350K .......... .......... .......... .......... .......... 96%  941K 1s
 12400K .......... .......... .......... .......... .......... 96%  903K 1s
 12450K .......... .......... .......... .......... .......... 97% 1.11M 1s
 12500K .......... .......... .......... .......... .......... 97% 1.08M 0s
 12550K .......... .......... .......... .......... .......... 97% 1.08M 0s
 12600K .......... .......... .......... .......... .......... 98% 1.17M 0s
 12650K .......... .......... .......... .......... .......... 98% 1.08M 0s
 12700K .......... .......... .......... .......... .......... 98% 1.06M 0s
 12750K .......... .......... .......... .......... .......... 99% 1.01M 0s
 12800K .......... .......... .......... .......... .......... 99%  876K 0s
 12850K .......... .......... .......... ....                 100%  984K=19s

2016-05-25 03:21:21 (696 KB/s) - ‘index.html.9’ saved [13193358/13193358]

