--2016-05-25 03:56:06--  http://10.30.50.93:8000/
Connecting to 10.30.50.93:8000... connected.
HTTP request sent, awaiting response... 200 OK
Length: 13193358 (13M) [text/html]
Saving to: ‘index.html.16’

     0K .......... .......... .......... .......... ..........  0% 2.68M 5s
    50K .......... .......... .......... .......... ..........  0% 2.17M 5s
   100K .......... .......... .......... .......... ..........  1% 1.72M 6s
   150K .......... .......... .......... .......... ..........  1%  192K 21s
   200K .......... .......... .......... .......... ..........  1%  213K 29s
   250K .......... .......... .......... .......... ..........  2%  201K 34s
   300K .......... .......... .......... .......... ..........  2%  194K 38s
   350K .......... .......... .......... .......... ..........  3%  116K 47s
   400K .......... .......... .......... .......... ..........  3%  211K 48s
   450K .......... .......... .......... .......... ..........  3% 1.60M 44s
   500K .......... .......... .......... .......... ..........  4%  202K 45s
   550K .......... .......... .......... .......... ..........  4%  206K 46s
   600K .......... .......... .......... .......... ..........  5%  200K 47s
   650K .......... .......... .......... .......... ..........  5%  924K 45s
   700K .......... .......... .......... .......... ..........  5%  110K 49s
   750K .......... .......... .......... .......... ..........  6% 1.61M 46s
   800K .......... .......... .......... .......... ..........  6%  205K 47s
   850K .......... .......... .......... .......... ..........  6%  187K 47s
   900K .......... .......... .......... .......... ..........  7%  211K 48s
   950K .......... .......... .......... .......... ..........  7%  202K 48s
  1000K .......... .......... .......... .......... ..........  8%  583K 47s
  1050K .......... .......... .......... .......... ..........  8%  108K 49s
  1100K .......... .......... .......... .......... ..........  8% 34.1K 62s
  1150K .......... .......... .......... .......... ..........  9% 1.26M 59s
  1200K .......... .......... .......... .......... ..........  9%  210K 59s
  1250K .......... .......... .......... .......... .......... 10% 56.9K 64s
  1300K .......... .......... .......... .......... .......... 10% 1.04M 62s
  1350K .......... .......... .......... .......... .......... 10%  946K 60s
  1400K .......... .......... .......... .......... .......... 11%  205K 60s
  1450K .......... .......... .......... .......... .......... 11%  205K 59s
  1500K .......... .......... .......... .......... .......... 12% 1.13M 57s
  1550K .......... .......... .......... .......... .......... 12%  193K 57s
  1600K .......... .......... .......... .......... .......... 12%  208K 57s
  1650K .......... .......... .......... .......... .......... 13%  205K 56s
  1700K .......... .......... .......... .......... .......... 13%  200K 56s
  1750K .......... .......... .......... .......... .......... 13%  196K 56s
  1800K .......... .......... .......... .......... .......... 14%  763K 55s
  1850K .......... .......... .......... .......... .......... 14%  971K 53s
  1900K .......... .......... .......... .......... .......... 15%  203K 53s
  1950K .......... .......... .......... .......... .......... 15% 1023K 52s
  2000K .......... .......... .......... .......... .......... 15%  820K 51s
  2050K .......... .......... .......... .......... .......... 16% 1.12M 49s
  2100K .......... .......... .......... .......... .......... 16% 16.1K 63s
  2150K .......... .......... .......... .......... .......... 17%  181K 63s
  2200K .......... .......... .......... .......... .......... 17%  207K 63s
  2250K .......... .......... .......... .......... .......... 17% 1.53M 61s
  2300K .......... .......... .......... .......... .......... 18% 1.39M 60s
  2350K .......... .......... .......... .......... .......... 18% 1016K 58s
  2400K .......... .......... .......... .......... .......... 19% 1.07M 57s
  2450K .......... .......... .......... .......... .......... 19%  110K 58s
  2500K .......... .......... .......... .......... .......... 19% 34.0K 62s
  2550K .......... .......... .......... .......... .......... 20% 1.30M 61s
  2600K .......... .......... .......... .......... .......... 20% 1.80M 59s
  2650K .......... .......... .......... .......... .......... 20%  198K 59s
  2700K .......... .......... .......... .......... .......... 21%  197K 59s
  2750K .......... .......... .......... .......... .......... 21%  199K 58s
  2800K .......... .......... .......... .......... .......... 22%  208K 58s
  2850K .......... .......... .......... .......... .......... 22% 34.3K 61s
  2900K .......... .......... .......... .......... .......... 22%  113K 62s
  2950K .......... .......... .......... .......... .......... 23%  187K 61s
  3000K .......... .......... .......... .......... .......... 23% 1.44M 60s
  3050K .......... .......... .......... .......... .......... 24%  212K 59s
  3100K .......... .......... .......... .......... .......... 24%  194K 59s
  3150K .......... .......... .......... .......... .......... 24%  203K 58s
  3200K .......... .......... .......... .......... .......... 25% 1.22M 57s
  3250K .......... .......... .......... .......... .......... 25%  213K 57s
  3300K .......... .......... .......... .......... .......... 26%  110K 57s
  3350K .......... .......... .......... .......... .......... 26%  203K 57s
  3400K .......... .......... .......... .......... .......... 26% 1.36M 56s
  3450K .......... .......... .......... .......... .......... 27% 1.06M 55s
  3500K .......... .......... .......... .......... .......... 27% 1.18M 54s
  3550K .......... .......... .......... .......... .......... 27%  200K 53s
  3600K .......... .......... .......... .......... .......... 28% 78.2K 54s
  3650K .......... .......... .......... .......... .......... 28% 1.02M 53s
  3700K .......... .......... .......... .......... .......... 29% 75.3K 54s
  3750K .......... .......... .......... .......... .......... 29% 1.13M 53s
  3800K .......... .......... .......... .......... .......... 29%  196K 52s
  3850K .......... .......... .......... .......... .......... 30% 1.10M 52s
  3900K .......... .......... .......... .......... .......... 30% 1.25M 51s
  3950K .......... .......... .......... .......... .......... 31%  198K 50s
  4000K .......... .......... .......... .......... .......... 31% 57.5K 51s
  4050K .......... .......... .......... .......... .......... 31% 1.69M 50s
  4100K .......... .......... .......... .......... .......... 32% 1.06M 50s
  4150K .......... .......... .......... .......... .......... 32%  206K 49s
  4200K .......... .......... .......... .......... .......... 32% 1.23M 49s
  4250K .......... .......... .......... .......... .......... 33% 1.11M 48s
  4300K .......... .......... .......... .......... .......... 33%  887K 47s
  4350K .......... .......... .......... .......... .......... 34% 1.33M 46s
  4400K .......... .......... .......... .......... .......... 34% 1.13M 46s
  4450K .......... .......... .......... .......... .......... 34%  113K 46s
  4500K .......... .......... .......... .......... .......... 35% 2.47M 45s
  4550K .......... .......... .......... .......... .......... 35% 1013K 44s
  4600K .......... .......... .......... .......... .......... 36%  109K 44s
  4650K .......... .......... .......... .......... .......... 36% 1.14M 44s
  4700K .......... .......... .......... .......... .......... 36% 1.06M 43s
  4750K .......... .......... .......... .......... .......... 37%  112K 43s
  4800K .......... .......... .......... .......... .......... 37% 1.09M 42s
  4850K .......... .......... .......... .......... .......... 38%  110K 42s
  4900K .......... .......... .......... .......... .......... 38% 1.01M 42s
  4950K .......... .......... .......... .......... .......... 38% 1.17M 41s
  5000K .......... .......... .......... .......... .......... 39% 1.31M 41s
  5050K .......... .......... .......... .......... .......... 39% 57.4K 41s
  5100K .......... .......... .......... .......... .......... 39%  204K 41s
  5150K .......... .......... .......... .......... .......... 40%  190K 41s
  5200K .......... .......... .......... .......... .......... 40% 1.08M 40s
  5250K .......... .......... .......... .......... .......... 41% 1.17M 40s
  5300K .......... .......... .......... .......... .......... 41%  209K 39s
  5350K .......... .......... .......... .......... .......... 41% 77.4K 40s
  5400K .......... .......... .......... .......... .......... 42% 78.6K 40s
  5450K .......... .......... .......... .......... .......... 42%  210K 40s
  5500K .......... .......... .......... .......... .......... 43%  110K 39s
  5550K .......... .......... .......... .......... .......... 43% 1.39M 39s
  5600K .......... .......... .......... .......... .......... 43%  780K 38s
  5650K .......... .......... .......... .......... .......... 44%  956K 38s
  5700K .......... .......... .......... .......... .......... 44%  864K 37s
  5750K .......... .......... .......... .......... .......... 45%  894K 37s
  5800K .......... .......... .......... .......... .......... 45%  110K 37s
  5850K .......... .......... .......... .......... .......... 45%  193K 37s
  5900K .......... .......... .......... .......... .......... 46%  198K 36s
  5950K .......... .......... .......... .......... .......... 46% 1.48M 36s
  6000K .......... .......... .......... .......... .......... 46% 1.12M 35s
  6050K .......... .......... .......... .......... .......... 47% 1.18M 35s
  6100K .......... .......... .......... .......... .......... 47% 48.0K 35s
  6150K .......... .......... .......... .......... .......... 48%  209K 35s
  6200K .......... .......... .......... .......... .......... 48% 1.33M 35s
  6250K .......... .......... .......... .......... .......... 48%  209K 34s
  6300K .......... .......... .......... .......... .......... 49% 1011K 34s
  6350K .......... .......... .......... .......... .......... 49%  201K 34s
  6400K .......... .......... .......... .......... .......... 50% 1.07M 33s
  6450K .......... .......... .......... .......... .......... 50%  867K 33s
  6500K .......... .......... .......... .......... .......... 50% 1.09M 32s
  6550K .......... .......... .......... .......... .......... 51%  192K 32s
  6600K .......... .......... .......... .......... .......... 51%  179K 32s
  6650K .......... .......... .......... .......... .......... 52%  212K 31s
  6700K .......... .......... .......... .......... .......... 52%  204K 31s
  6750K .......... .......... .......... .......... .......... 52% 1.30M 31s
  6800K .......... .......... .......... .......... .......... 53% 1.31M 30s
  6850K .......... .......... .......... .......... .......... 53% 1020K 30s
  6900K .......... .......... .......... .......... .......... 53%  203K 30s
  6950K .......... .......... .......... .......... .......... 54%  787K 29s
  7000K .......... .......... .......... .......... .......... 54%  201K 29s
  7050K .......... .......... .......... .......... .......... 55%  207K 29s
  7100K .......... .......... .......... .......... .......... 55% 1.37M 28s
  7150K .......... .......... .......... .......... .......... 55% 76.0K 28s
  7200K .......... .......... .......... .......... .......... 56%  109K 28s
  7250K .......... .......... .......... .......... .......... 56%  201K 28s
  7300K .......... .......... .......... .......... .......... 57% 1.13M 28s
  7350K .......... .......... .......... .......... .......... 57%  210K 27s
  7400K .......... .......... .......... .......... .......... 57% 1.21M 27s
  7450K .......... .......... .......... .......... .......... 58% 1.14M 27s
  7500K .......... .......... .......... .......... .......... 58% 57.6K 27s
  7550K .......... .......... .......... .......... .......... 58% 1.21M 26s
  7600K .......... .......... .......... .......... .......... 59% 1.49M 26s
  7650K .......... .......... .......... .......... .......... 59%  194K 26s
  7700K .......... .......... .......... .......... .......... 60% 1.15M 25s
  7750K .......... .......... .......... .......... .......... 60% 1.14M 25s
  7800K .......... .......... .......... .......... .......... 60%  204K 25s
  7850K .......... .......... .......... .......... .......... 61% 1.19M 24s
  7900K .......... .......... .......... .......... .......... 61% 1.25M 24s
  7950K .......... .......... .......... .......... .......... 62%  204K 24s
  8000K .......... .......... .......... .......... .......... 62% 1.14M 23s
  8050K .......... .......... .......... .......... .......... 62% 58.5K 23s
  8100K .......... .......... .......... .......... .......... 63% 1.18M 23s
  8150K .......... .......... .......... .......... .......... 63%  790K 23s
  8200K .......... .......... .......... .......... .......... 64%  957K 22s
  8250K .......... .......... .......... .......... .......... 64% 1.11M 22s
  8300K .......... .......... .......... .......... .......... 64% 1.17M 22s
  8350K .......... .......... .......... .......... .......... 65%  195K 21s
  8400K .......... .......... .......... .......... .......... 65% 1021K 21s
  8450K .......... .......... .......... .......... .......... 65%  210K 21s
  8500K .......... .......... .......... .......... .......... 66%  951K 21s
  8550K .......... .......... .......... .......... .......... 66%  111K 20s
  8600K .......... .......... .......... .......... .......... 67%  195K 20s
  8650K .......... .......... .......... .......... .......... 67% 1.02M 20s
  8700K .......... .......... .......... .......... .......... 67% 1.39M 20s
  8750K .......... .......... .......... .......... .......... 68% 58.7K 20s
  8800K .......... .......... .......... .......... .......... 68%  114K 19s
  8850K .......... .......... .......... .......... .......... 69% 1.26M 19s
  8900K .......... .......... .......... .......... .......... 69% 1.10M 19s
  8950K .......... .......... .......... .......... .......... 69%  206K 19s
  9000K .......... .......... .......... .......... .......... 70% 1.17M 18s
  9050K .......... .......... .......... .......... .......... 70%  197K 18s
  9100K .......... .......... .......... .......... .......... 71% 1.59M 18s
  9150K .......... .......... .......... .......... .......... 71% 1.15M 17s
  9200K .......... .......... .......... .......... .......... 71%  111K 17s
  9250K .......... .......... .......... .......... .......... 72% 16.1K 18s
  9300K .......... .......... .......... .......... .......... 72% 1.20M 18s
  9350K .......... .......... .......... .......... .......... 72% 1019K 17s
  9400K .......... .......... .......... .......... .......... 73% 1.08M 17s
  9450K .......... .......... .......... .......... .......... 73%  207K 17s
  9500K .......... .......... .......... .......... .......... 74%  918K 17s
  9550K .......... .......... .......... .......... .......... 74% 1.04M 16s
  9600K .......... .......... .......... .......... .......... 74%  110K 16s
  9650K .......... .......... .......... .......... .......... 75% 1.06M 16s
  9700K .......... .......... .......... .......... .......... 75%  112K 16s
  9750K .......... .......... .......... .......... .......... 76%  901K 15s
  9800K .......... .......... .......... .......... .......... 76% 78.6K 15s
  9850K .......... .......... .......... .......... .......... 76% 47.3K 15s
  9900K .......... .......... .......... .......... .......... 77% 1.38M 15s
  9950K .......... .......... .......... .......... .......... 77%  203K 15s
 10000K .......... .......... .......... .......... .......... 78%  204K 14s
 10050K .......... .......... .......... .......... .......... 78% 1.10M 14s
 10100K .......... .......... .......... .......... .......... 78%  198K 14s
 10150K .......... .......... .......... .......... .......... 79% 76.9K 14s
 10200K .......... .......... .......... .......... .......... 79%  193K 13s
 10250K .......... .......... .......... .......... .......... 79%  189K 13s
 10300K .......... .......... .......... .......... .......... 80%  211K 13s
 10350K .......... .......... .......... .......... .......... 80% 58.5K 13s
 10400K .......... .......... .......... .......... .......... 81% 1.72M 12s
 10450K .......... .......... .......... .......... .......... 81%  739K 12s
 10500K .......... .......... .......... .......... .......... 81%  110K 12s
 10550K .......... .......... .......... .......... .......... 82% 1017K 12s
 10600K .......... .......... .......... .......... .......... 82%  191K 11s
 10650K .......... .......... .......... .......... .......... 83% 59.0K 11s
 10700K .......... .......... .......... .......... .......... 83%  206K 11s
 10750K .......... .......... .......... .......... .......... 83%  113K 11s
 10800K .......... .......... .......... .......... .......... 84% 1.40M 10s
 10850K .......... .......... .......... .......... .......... 84% 73.2K 10s
 10900K .......... .......... .......... .......... .......... 84% 29.8K 10s
 10950K .......... .......... .......... .......... .......... 85%  112K 10s
 11000K .......... .......... .......... .......... .......... 85% 1.44M 10s
 11050K .......... .......... .......... .......... .......... 86% 1.25M 9s
 11100K .......... .......... .......... .......... .......... 86%  203K 9s
 11150K .......... .......... .......... .......... .......... 86% 57.4K 9s
 11200K .......... .......... .......... .......... .......... 87% 1.12M 9s
 11250K .......... .......... .......... .......... .......... 87%  190K 8s
 11300K .......... .......... .......... .......... .......... 88% 1.13M 8s
 11350K .......... .......... .......... .......... .......... 88%  209K 8s
 11400K .......... .......... .......... .......... .......... 88%  188K 8s
 11450K .......... .......... .......... .......... .......... 89%  196K 7s
 11500K .......... .......... .......... .......... .......... 89%  111K 7s
 11550K .......... .......... .......... .......... .......... 90%  198K 7s
 11600K .......... .......... .......... .......... .......... 90%  719K 7s
 11650K .......... .......... .......... .......... .......... 90%  114K 6s
 11700K .......... .......... .......... .......... .......... 91%  207K 6s
 11750K .......... .......... .......... .......... .......... 91% 1.21M 6s
 11800K .......... .......... .......... .......... .......... 91%  205K 5s
 11850K .......... .......... .......... .......... .......... 92% 1.15M 5s
 11900K .......... .......... .......... .......... .......... 92% 1.12M 5s
 11950K .......... .......... .......... .......... .......... 93% 1.39M 5s
 12000K .......... .......... .......... .......... .......... 93% 1.25M 4s
 12050K .......... .......... .......... .......... .......... 93%  199K 4s
 12100K .......... .......... .......... .......... .......... 94%  208K 4s
 12150K .......... .......... .......... .......... .......... 94% 1.17M 4s
 12200K .......... .......... .......... .......... .......... 95% 1.34M 3s
 12250K .......... .......... .......... .......... .......... 95%  205K 3s
 12300K .......... .......... .......... .......... .......... 95%  112K 3s
 12350K .......... .......... .......... .......... .......... 96% 1.31M 2s
 12400K .......... .......... .......... .......... .......... 96% 1.25M 2s
 12450K .......... .......... .......... .......... .......... 97% 1.10M 2s
 12500K .......... .......... .......... .......... .......... 97% 58.0K 2s
 12550K .......... .......... .......... .......... .......... 97%  832K 1s
 12600K .......... .......... .......... .......... .......... 98%  206K 1s
 12650K .......... .......... .......... .......... .......... 98%  197K 1s
 12700K .......... .......... .......... .......... .......... 98% 1.66M 1s
 12750K .......... .......... .......... .......... .......... 99%  212K 0s
 12800K .......... .......... .......... .......... .......... 99%  213K 0s
 12850K .......... .......... .......... ....                 100% 1.01M=66s

2016-05-25 03:57:12 (195 KB/s) - ‘index.html.16’ saved [13193358/13193358]

