--2016-05-25 00:29:24--  http://10.30.50.93:8000/
Connecting to 10.30.50.93:8000... connected.
HTTP request sent, awaiting response... 200 OK
Length: 13193358 (13M) [text/html]
Saving to: ‘index.html.13’

     0K .......... .......... .......... .......... ..........  0%  135K 95s
    50K .......... .......... .......... .......... ..........  0% 83.4K 2m4s
   100K .......... .......... .......... .......... ..........  1% 94.7K 2m7s
   150K .......... .......... .......... .......... ..........  1% 41.2K 2m52s
   200K .......... .......... .......... .......... ..........  1% 92.5K 2m44s
   250K .......... .......... .......... .......... ..........  2% 65.1K 2m49s
   300K .......... .......... .......... .......... ..........  2%  112K 2m40s
   350K .......... .......... .......... .......... ..........  3%  113K 2m33s
   400K .......... .......... .......... .......... ..........  3%  107K 2m29s
   450K .......... .......... .......... .......... ..........  3% 66.1K 2m32s
   500K .......... .......... .......... .......... ..........  4% 60.4K 2m36s
   550K .......... .......... .......... .......... ..........  4%  112K 2m32s
   600K .......... .......... .......... .......... ..........  5% 88.7K 2m30s
   650K .......... .......... .......... .......... ..........  5% 99.3K 2m27s
   700K .......... .......... .......... .......... ..........  5%  107K 2m25s
   750K .......... .......... .......... .......... ..........  6% 68.3K 2m26s
   800K .......... .......... .......... .......... ..........  6% 94.8K 2m24s
   850K .......... .......... .......... .......... ..........  6%  110K 2m22s
   900K .......... .......... .......... .......... ..........  7%  113K 2m19s
   950K .......... .......... .......... .......... ..........  7% 60.4K 2m22s
  1000K .......... .......... .......... .......... ..........  8%  102K 2m20s
  1050K .......... .......... .......... .......... ..........  8% 81.7K 2m20s
  1100K .......... .......... .......... .......... ..........  8%  102K 2m18s
  1150K .......... .......... .......... .......... ..........  9%  102K 2m16s
  1200K .......... .......... .......... .......... ..........  9% 47.9K 2m20s
  1250K .......... .......... .......... .......... .......... 10%  134K 2m18s
  1300K .......... .......... .......... .......... .......... 10% 56.3K 2m19s
  1350K .......... .......... .......... .......... .......... 10%  119K 2m17s
  1400K .......... .......... .......... .......... .......... 11%  113K 2m16s
  1450K .......... .......... .......... .......... .......... 11% 97.0K 2m14s
  1500K .......... .......... .......... .......... .......... 12% 73.1K 2m14s
  1550K .......... .......... .......... .......... .......... 12%  113K 2m13s
  1600K .......... .......... .......... .......... .......... 12% 94.7K 2m12s
  1650K .......... .......... .......... .......... .......... 13% 94.6K 2m11s
  1700K .......... .......... .......... .......... .......... 13%  113K 2m9s
  1750K .......... .......... .......... .......... .......... 13%  107K 2m8s
  1800K .......... .......... .......... .......... .......... 14% 67.2K 2m8s
  1850K .......... .......... .......... .......... .......... 14%  119K 2m7s
  1900K .......... .......... .......... .......... .......... 15%  104K 2m6s
  1950K .......... .......... .......... .......... .......... 15%  113K 2m5s
  2000K .......... .......... .......... .......... .......... 15%  116K 2m3s
  2050K .......... .......... .......... .......... .......... 16%  113K 2m2s
  2100K .......... .......... .......... .......... .......... 16%  110K 2m1s
  2150K .......... .......... .......... .......... .......... 17% 48.5K 2m3s
  2200K .......... .......... .......... .......... .......... 17% 81.6K 2m2s
  2250K .......... .......... .......... .......... .......... 17% 94.7K 2m1s
  2300K .......... .......... .......... .......... .......... 18%  113K 2m0s
  2350K .......... .......... .......... .......... .......... 18% 59.5K 2m1s
  2400K .......... .......... .......... .......... .......... 19%  102K 2m0s
  2450K .......... .......... .......... .......... .......... 19% 65.1K 2m0s
  2500K .......... .......... .......... .......... .......... 19% 67.2K 2m0s
  2550K .......... .......... .......... .......... .......... 20%  113K 1m59s
  2600K .......... .......... .......... .......... .......... 20% 59.5K 2m0s
  2650K .......... .......... .......... .......... .......... 20% 94.7K 1m59s
  2700K .......... .......... .......... .......... .......... 21% 62.2K 1m59s
  2750K .......... .......... .......... .......... .......... 21% 68.4K 1m59s
  2800K .......... .......... .......... .......... .......... 22%  113K 1m58s
  2850K .......... .......... .......... .......... .......... 22%  104K 1m57s
  2900K .......... .......... .......... .......... .......... 22%  104K 1m56s
  2950K .......... .......... .......... .......... .......... 23%  110K 1m55s
  3000K .......... .......... .......... .......... .......... 23% 65.1K 1m55s
  3050K .......... .......... .......... .......... .......... 24%  110K 1m54s
  3100K .......... .......... .......... .......... .......... 24% 96.9K 1m53s
  3150K .......... .......... .......... .......... .......... 24%  130K 1m52s
  3200K .......... .......... .......... .......... .......... 25% 65.1K 1m52s
  3250K .......... .......... .......... .......... .......... 25%  102K 1m51s
  3300K .......... .......... .......... .......... .......... 26% 64.0K 1m51s
  3350K .......... .......... .......... .......... .......... 26% 99.3K 1m50s
  3400K .......... .......... .......... .......... .......... 26%  130K 1m49s
  3450K .......... .......... .......... .......... .......... 27% 86.8K 1m49s
  3500K .......... .......... .......... .......... .......... 27% 58.7K 1m49s
  3550K .......... .......... .......... .......... .......... 27%  126K 1m48s
  3600K .......... .......... .......... .......... .......... 28% 36.3K 1m49s
  3650K .......... .......... .......... .......... .......... 28% 67.2K 1m49s
  3700K .......... .......... .......... .......... .......... 29%  110K 1m48s
  3750K .......... .......... .......... .......... .......... 29% 66.1K 1m48s
  3800K .......... .......... .......... .......... .......... 29%  130K 1m47s
  3850K .......... .......... .......... .......... .......... 30%  107K 1m46s
  3900K .......... .......... .......... .......... .......... 30%  113K 1m45s
  3950K .......... .......... .......... .......... .......... 31%  116K 1m44s
  4000K .......... .......... .......... .......... .......... 31% 61.3K 1m44s
  4050K .......... .......... .......... .......... .......... 31% 83.3K 1m43s
  4100K .......... .......... .......... .......... .......... 32%  123K 1m42s
  4150K .......... .......... .......... .......... .......... 32% 57.9K 1m42s
  4200K .......... .......... .......... .......... .......... 32%  104K 1m42s
  4250K .......... .......... .......... .......... .......... 33% 51.5K 1m42s
  4300K .......... .......... .......... .......... .......... 33%  102K 1m41s
  4350K .......... .......... .......... .......... .......... 34% 78.6K 1m40s
  4400K .......... .......... .......... .......... .......... 34%  139K 99s
  4450K .......... .......... .......... .......... .......... 34% 92.6K 99s
  4500K .......... .......... .......... .......... .......... 35% 77.2K 98s
  4550K .......... .......... .......... .......... .......... 35%  130K 97s
  4600K .......... .......... .......... .......... .......... 36%  116K 96s
  4650K .......... .......... .......... .......... .......... 36%  102K 96s
  4700K .......... .......... .......... .......... .......... 36%  107K 95s
  4750K .......... .......... .......... .......... .......... 37%  104K 94s
  4800K .......... .......... .......... .......... .......... 37% 90.6K 94s
  4850K .......... .......... .......... .......... .......... 38%  113K 93s
  4900K .......... .......... .......... .......... .......... 38%  110K 92s
  4950K .......... .......... .......... .......... .......... 38%  116K 91s
  5000K .......... .......... .......... .......... .......... 39%  112K 90s
  5050K .......... .......... .......... .......... .......... 39% 81.7K 90s
  5100K .......... .......... .......... .......... .......... 39% 94.7K 89s
  5150K .......... .......... .......... .......... .......... 40%  107K 88s
  5200K .......... .......... .......... .......... .......... 40%  104K 88s
  5250K .......... .......... .......... .......... .......... 41% 94.8K 87s
  5300K .......... .......... .......... .......... .......... 41% 67.2K 87s
  5350K .......... .......... .......... .......... .......... 41% 92.7K 86s
  5400K .......... .......... .......... .......... .......... 42%  107K 85s
  5450K .......... .......... .......... .......... .......... 42% 67.2K 85s
  5500K .......... .......... .......... .......... .......... 43%  102K 84s
  5550K .......... .......... .......... .......... .......... 43% 94.8K 84s
  5600K .......... .......... .......... .......... .......... 43% 78.5K 83s
  5650K .......... .......... .......... .......... .......... 44% 99.3K 83s
  5700K .......... .......... .......... .......... .......... 44% 65.1K 82s
  5750K .......... .......... .......... .......... .......... 45% 90.6K 82s
  5800K .......... .......... .......... .......... .......... 45% 63.1K 81s
  5850K .......... .......... .......... .......... .......... 45%  116K 81s
  5900K .......... .......... .......... .......... .......... 46% 86.8K 80s
  5950K .......... .......... .......... .......... .......... 46% 96.9K 79s
  6000K .......... .......... .......... .......... .......... 46%  104K 79s
  6050K .......... .......... .......... .......... .......... 47% 70.6K 78s
  6100K .......... .......... .......... .......... .......... 47% 94.8K 78s
  6150K .......... .......... .......... .......... .......... 48% 94.7K 77s
  6200K .......... .......... .......... .......... .......... 48% 59.5K 77s
  6250K .......... .......... .......... .......... .......... 48%  126K 76s
  6300K .......... .......... .......... .......... .......... 49% 31.3K 76s
  6350K .......... .......... .......... .......... .......... 49%  110K 76s
  6400K .......... .......... .......... .......... .......... 50%  126K 75s
  6450K .......... .......... .......... .......... .......... 50% 61.3K 75s
  6500K .......... .......... .......... .......... .......... 50% 96.8K 74s
  6550K .......... .......... .......... .......... .......... 51%  104K 73s
  6600K .......... .......... .......... .......... .......... 51% 52.8K 73s
  6650K .......... .......... .......... .......... .......... 52% 65.1K 73s
  6700K .......... .......... .......... .......... .......... 52% 70.6K 72s
  6750K .......... .......... .......... .......... .......... 52%  107K 71s
  6800K .......... .......... .......... .......... .......... 53% 92.5K 71s
  6850K .......... .......... .......... .......... .......... 53% 96.9K 70s
  6900K .......... .......... .......... .......... .......... 53% 88.6K 69s
  6950K .......... .......... .......... .......... .......... 54%  110K 69s
  7000K .......... .......... .......... .......... .......... 54%  116K 68s
  7050K .......... .......... .......... .......... .......... 55% 86.7K 67s
  7100K .......... .......... .......... .......... .......... 55%  116K 67s
  7150K .......... .......... .......... .......... .......... 55%  107K 66s
  7200K .......... .......... .......... .......... .......... 56%  107K 65s
  7250K .......... .......... .......... .......... .......... 56% 61.3K 65s
  7300K .......... .......... .......... .......... .......... 57% 92.6K 64s
  7350K .......... .......... .......... .......... .......... 57%  119K 64s
  7400K .......... .......... .......... .......... .......... 57%  113K 63s
  7450K .......... .......... .......... .......... .......... 58% 33.9K 63s
  7500K .......... .......... .......... .......... .......... 58% 96.9K 62s
  7550K .......... .......... .......... .......... .......... 58%  107K 62s
  7600K .......... .......... .......... .......... .......... 59% 99.2K 61s
  7650K .......... .......... .......... .......... .......... 59% 92.6K 61s
  7700K .......... .......... .......... .......... .......... 60% 92.5K 60s
  7750K .......... .......... .......... .......... .......... 60% 64.1K 59s
  7800K .......... .......... .......... .......... .......... 60%  113K 59s
  7850K .......... .......... .......... .......... .......... 61% 41.7K 59s
  7900K .......... .......... .......... .......... .......... 61% 78.6K 58s
  7950K .......... .......... .......... .......... .......... 62% 40.5K 58s
  8000K .......... .......... .......... .......... .......... 62%  116K 57s
  8050K .......... .......... .......... .......... .......... 62% 94.7K 57s
  8100K .......... .......... .......... .......... .......... 63%  113K 56s
  8150K .......... .......... .......... .......... .......... 63% 96.8K 55s
  8200K .......... .......... .......... .......... .......... 64%  126K 55s
  8250K .......... .......... .......... .......... .......... 64% 62.2K 54s
  8300K .......... .......... .......... .......... .......... 64%  104K 53s
  8350K .......... .......... .......... .......... .......... 65%  110K 53s
  8400K .......... .......... .......... .......... .......... 65% 69.4K 52s
  8450K .......... .......... .......... .......... .......... 65% 64.1K 52s
  8500K .......... .......... .......... .......... .......... 66% 53.4K 51s
  8550K .......... .......... .......... .......... .......... 66%  104K 51s
  8600K .......... .......... .......... .......... .......... 67% 64.1K 50s
  8650K .......... .......... .......... .......... .......... 67%  107K 50s
  8700K .......... .......... .......... .......... .......... 67% 64.1K 49s
  8750K .......... .......... .......... .......... .......... 68% 39.7K 49s
  8800K .......... .......... .......... .......... .......... 68%  116K 48s
  8850K .......... .......... .......... .......... .......... 69%  110K 47s
  8900K .......... .......... .......... .......... .......... 69% 80.0K 47s
  8950K .......... .......... .......... .......... .......... 69%  144K 46s
  9000K .......... .......... .......... .......... .......... 70%  113K 45s
  9050K .......... .......... .......... .......... .......... 70%  102K 45s
  9100K .......... .......... .......... .......... .......... 71%  130K 44s
  9150K .......... .......... .......... .......... .......... 71% 64.1K 44s
  9200K .......... .......... .......... .......... .......... 71%  119K 43s
  9250K .......... .......... .......... .......... .......... 72% 65.1K 42s
  9300K .......... .......... .......... .......... .......... 72%  104K 42s
  9350K .......... .......... .......... .......... .......... 72%  107K 41s
  9400K .......... .......... .......... .......... .......... 73%  113K 41s
  9450K .......... .......... .......... .......... .......... 73%  110K 40s
  9500K .......... .......... .......... .......... .......... 74% 47.9K 39s
  9550K .......... .......... .......... .......... .......... 74%  126K 39s
  9600K .......... .......... .......... .......... .......... 74% 62.2K 38s
  9650K .......... .......... .......... .......... .......... 75% 77.2K 38s
  9700K .......... .......... .......... .......... .......... 75% 69.4K 37s
  9750K .......... .......... .......... .......... .......... 76% 68.3K 37s
  9800K .......... .......... .......... .......... .......... 76% 86.7K 36s
  9850K .......... .......... .......... .......... .......... 76% 78.7K 35s
  9900K .......... .......... .......... .......... .......... 77%  104K 35s
  9950K .......... .......... .......... .......... .......... 77%  107K 34s
 10000K .......... .......... .......... .......... .......... 78% 99.2K 34s
 10050K .......... .......... .......... .......... .......... 78%  104K 33s
 10100K .......... .......... .......... .......... .......... 78% 94.7K 32s
 10150K .......... .......... .......... .......... .......... 79%  119K 32s
 10200K .......... .......... .......... .......... .......... 79%  107K 31s
 10250K .......... .......... .......... .......... .......... 79% 86.8K 30s
 10300K .......... .......... .......... .......... .......... 80% 62.2K 30s
 10350K .......... .......... .......... .......... .......... 80% 85.0K 29s
 10400K .......... .......... .......... .......... .......... 81% 65.1K 29s
 10450K .......... .......... .......... .......... .......... 81% 51.5K 28s
 10500K .......... .......... .......... .......... .......... 81%  139K 28s
 10550K .......... .......... .......... .......... .......... 82% 62.2K 27s
 10600K .......... .......... .......... .......... .......... 82%  113K 26s
 10650K .......... .......... .......... .......... .......... 83% 96.9K 26s
 10700K .......... .......... .......... .......... .......... 83% 18.1K 26s
 10750K .......... .......... .......... .......... .......... 83% 57.1K 25s
 10800K .......... .......... .......... .......... .......... 84%  104K 25s
 10850K .......... .......... .......... .......... .......... 84% 94.7K 24s
 10900K .......... .......... .......... .......... .......... 84%  116K 23s
 10950K .......... .......... .......... .......... .......... 85%  107K 23s
 11000K .......... .......... .......... .......... .......... 85% 65.1K 22s
 11050K .......... .......... .......... .......... .......... 86%  102K 21s
 11100K .......... .......... .......... .......... .......... 86% 69.4K 21s
 11150K .......... .......... .......... .......... .......... 86% 52.7K 20s
 11200K .......... .......... .......... .......... .......... 87%  119K 20s
 11250K .......... .......... .......... .......... .......... 87%  112K 19s
 11300K .......... .......... .......... .......... .......... 88%  102K 18s
 11350K .......... .......... .......... .......... .......... 88% 38.9K 18s
 11400K .......... .......... .......... .......... .......... 88%  110K 17s
 11450K .......... .......... .......... .......... .......... 89%  104K 17s
 11500K .......... .......... .......... .......... .......... 89%  107K 16s
 11550K .......... .......... .......... .......... .......... 90%  116K 15s
 11600K .......... .......... .......... .......... .......... 90% 64.2K 15s
 11650K .......... .......... .......... .......... .......... 90% 94.5K 14s
 11700K .......... .......... .......... .......... .......... 91% 92.7K 14s
 11750K .......... .......... .......... .......... .......... 91%  102K 13s
 11800K .......... .......... .......... .......... .......... 91% 50.2K 12s
 11850K .......... .......... .......... .......... .......... 92%  113K 12s
 11900K .......... .......... .......... .......... .......... 92% 96.9K 11s
 11950K .......... .......... .......... .......... .......... 93%  110K 11s
 12000K .......... .......... .......... .......... .......... 93% 92.6K 10s
 12050K .......... .......... .......... .......... .......... 93% 32.8K 9s
 12100K .......... .......... .......... .......... .......... 94%  104K 9s
 12150K .......... .......... .......... .......... .......... 94% 96.9K 8s
 12200K .......... .......... .......... .......... .......... 95%  122K 8s
 12250K .......... .......... .......... .......... .......... 95% 63.2K 7s
 12300K .......... .......... .......... .......... .......... 95% 96.8K 6s
 12350K .......... .......... .......... .......... .......... 96%  110K 6s
 12400K .......... .......... .......... .......... .......... 96%  119K 5s
 12450K .......... .......... .......... .......... .......... 97% 94.7K 5s
 12500K .......... .......... .......... .......... .......... 97%  110K 4s
 12550K .......... .......... .......... .......... .......... 97%  123K 3s
 12600K .......... .......... .......... .......... .......... 98% 65.1K 3s
 12650K .......... .......... .......... .......... .......... 98% 73.1K 2s
 12700K .......... .......... .......... .......... .......... 98%  107K 2s
 12750K .......... .......... .......... .......... .......... 99% 94.7K 1s
 12800K .......... .......... .......... .......... .......... 99%  113K 0s
 12850K .......... .......... .......... ....                 100%  124K=2m35s

2016-05-25 00:31:59 (83.3 KB/s) - ‘index.html.13’ saved [13193358/13193358]

