--2016-05-25 03:22:48--  http://10.30.50.93:8000/
Connecting to 10.30.50.93:8000... connected.
HTTP request sent, awaiting response... 200 OK
Length: 13193358 (13M) [text/html]
Saving to: ‘index.html.13’

     0K .......... .......... .......... .......... ..........  0% 1.50M 8s
    50K .......... .......... .......... .......... ..........  0% 1.07M 10s
   100K .......... .......... .......... .......... ..........  1%  196K 28s
   150K .......... .......... .......... .......... ..........  1%  654K 26s
   200K .......... .......... .......... .......... ..........  1%  773K 24s
   250K .......... .......... .......... .......... ..........  2%  187K 31s
   300K .......... .......... .......... .......... ..........  2%  188K 36s
   350K .......... .......... .......... .......... ..........  3%  865K 33s
   400K .......... .......... .......... .......... ..........  3% 56.0K 54s
   450K .......... .......... .......... .......... ..........  3%  200K 55s
   500K .......... .......... .......... .......... ..........  4%  189K 55s
   550K .......... .......... .......... .......... ..........  4% 1.09M 52s
   600K .......... .......... .......... .......... ..........  5%  195K 52s
   650K .......... .......... .......... .......... ..........  5% 1.03M 49s
   700K .......... .......... .......... .......... ..........  5%  198K 50s
   750K .......... .......... .......... .......... ..........  6%  777K 47s
   800K .......... .......... .......... .......... ..........  6%  560K 46s
   850K .......... .......... .......... .......... ..........  6%  921K 44s
   900K .......... .......... .......... .......... ..........  7%  190K 45s
   950K .......... .......... .......... .......... ..........  7%  202K 45s
  1000K .......... .......... .......... .......... ..........  8% 1001K 43s
  1050K .......... .......... .......... .......... ..........  8% 57.3K 51s
  1100K .......... .......... .......... .......... ..........  8%  827K 49s
  1150K .......... .......... .......... .......... ..........  9% 1004K 47s
  1200K .......... .......... .......... .......... ..........  9%  987K 45s
  1250K .......... .......... .......... .......... .......... 10%  985K 44s
  1300K .......... .......... .......... .......... .......... 10%  192K 44s
  1350K .......... .......... .......... .......... .......... 10%  716K 43s
  1400K .......... .......... .......... .......... .......... 11%  204K 43s
  1450K .......... .......... .......... .......... .......... 11%  992K 42s
  1500K .......... .......... .......... .......... .......... 12%  196K 42s
  1550K .......... .......... .......... .......... .......... 12%  509K 42s
  1600K .......... .......... .......... .......... .......... 12% 57.6K 46s
  1650K .......... .......... .......... .......... .......... 13% 1.16M 45s
  1700K .......... .......... .......... .......... .......... 13%  995K 44s
  1750K .......... .......... .......... .......... .......... 13%  825K 43s
  1800K .......... .......... .......... .......... .......... 14%  775K 42s
  1850K .......... .......... .......... .......... .......... 14%  912K 41s
  1900K .......... .......... .......... .......... .......... 15%  845K 40s
  1950K .......... .......... .......... .......... .......... 15% 1005K 39s
  2000K .......... .......... .......... .......... .......... 15%  764K 38s
  2050K .......... .......... .......... .......... .......... 16%  866K 37s
  2100K .......... .......... .......... .......... .......... 16%  824K 37s
  2150K .......... .......... .......... .......... .......... 17% 73.6K 39s
  2200K .......... .......... .......... .......... .......... 17%  777K 38s
  2250K .......... .......... .......... .......... .......... 17% 1.19M 37s
  2300K .......... .......... .......... .......... .......... 18%  950K 37s
  2350K .......... .......... .......... .......... .......... 18%  183K 37s
  2400K .......... .......... .......... .......... .......... 19%  726K 36s
  2450K .......... .......... .......... .......... .......... 19%  871K 36s
  2500K .......... .......... .......... .......... .......... 19%  185K 36s
  2550K .......... .......... .......... .......... .......... 20% 1004K 35s
  2600K .......... .......... .......... .......... .......... 20%  830K 35s
  2650K .......... .......... .......... .......... .......... 20%  869K 34s
  2700K .......... .......... .......... .......... .......... 21%  948K 33s
  2750K .......... .......... .......... .......... .......... 21% 56.9K 36s
  2800K .......... .......... .......... .......... .......... 22%  193K 36s
  2850K .......... .......... .......... .......... .......... 22%  580K 35s
  2900K .......... .......... .......... .......... .......... 22% 1008K 35s
  2950K .......... .......... .......... .......... .......... 23%  191K 35s
  3000K .......... .......... .......... .......... .......... 23% 74.4K 36s
  3050K .......... .......... .......... .......... .......... 24% 1.07M 36s
  3100K .......... .......... .......... .......... .......... 24% 1.17M 35s
  3150K .......... .......... .......... .......... .......... 24%  916K 35s
  3200K .......... .......... .......... .......... .......... 25%  713K 34s
  3250K .......... .......... .......... .......... .......... 25%  905K 34s
  3300K .......... .......... .......... .......... .......... 26%  768K 33s
  3350K .......... .......... .......... .......... .......... 26%  195K 33s
  3400K .......... .......... .......... .......... .......... 26%  923K 33s
  3450K .......... .......... .......... .......... .......... 27%  181K 33s
  3500K .......... .......... .......... .......... .......... 27% 1.10M 32s
  3550K .......... .......... .......... .......... .......... 27%  941K 32s
  3600K .......... .......... .......... .......... .......... 28%  699K 31s
  3650K .......... .......... .......... .......... .......... 28%  106K 32s
  3700K .......... .......... .......... .......... .......... 29%  172K 32s
  3750K .......... .......... .......... .......... .......... 29%  811K 32s
  3800K .......... .......... .......... .......... .......... 29% 56.4K 33s
  3850K .......... .......... .......... .......... .......... 30%  743K 33s
  3900K .......... .......... .......... .......... .......... 30%  922K 32s
  3950K .......... .......... .......... .......... .......... 31%  197K 32s
  4000K .......... .......... .......... .......... .......... 31%  994K 32s
  4050K .......... .......... .......... .......... .......... 31%  188K 32s
  4100K .......... .......... .......... .......... .......... 32%  752K 31s
  4150K .......... .......... .......... .......... .......... 32%  109K 32s
  4200K .......... .......... .......... .......... .......... 32% 2.23M 31s
  4250K .......... .......... .......... .......... .......... 33% 1006K 31s
  4300K .......... .......... .......... .......... .......... 33%  106K 31s
  4350K .......... .......... .......... .......... .......... 34%  868K 31s
  4400K .......... .......... .......... .......... .......... 34% 1.00M 30s
  4450K .......... .......... .......... .......... .......... 34% 75.4K 31s
  4500K .......... .......... .......... .......... .......... 35% 1.30M 30s
  4550K .......... .......... .......... .......... .......... 35%  874K 30s
  4600K .......... .......... .......... .......... .......... 36%  189K 30s
  4650K .......... .......... .......... .......... .......... 36%  973K 30s
  4700K .......... .......... .......... .......... .......... 36% 1003K 29s
  4750K .......... .......... .......... .......... .......... 37%  899K 29s
  4800K .......... .......... .......... .......... .......... 37%  778K 28s
  4850K .......... .......... .......... .......... .......... 38%  882K 28s
  4900K .......... .......... .......... .......... .......... 38%  181K 28s
  4950K .......... .......... .......... .......... .......... 38%  196K 28s
  5000K .......... .......... .......... .......... .......... 39% 1.00M 28s
  5050K .......... .......... .......... .......... .......... 39% 1.07M 27s
  5100K .......... .......... .......... .......... .......... 39%  993K 27s
  5150K .......... .......... .......... .......... .......... 40%  930K 27s
  5200K .......... .......... .......... .......... .......... 40% 1.02M 26s
  5250K .......... .......... .......... .......... .......... 41%  786K 26s
  5300K .......... .......... .......... .......... .......... 41%  204K 26s
  5350K .......... .......... .......... .......... .......... 41%  827K 25s
  5400K .......... .......... .......... .......... .......... 42% 1.09M 25s
  5450K .......... .......... .......... .......... .......... 42%  952K 25s
  5500K .......... .......... .......... .......... .......... 43%  183K 25s
  5550K .......... .......... .......... .......... .......... 43%  798K 24s
  5600K .......... .......... .......... .......... .......... 43%  768K 24s
  5650K .......... .......... .......... .......... .......... 44% 1.03M 24s
  5700K .......... .......... .......... .......... .......... 44% 1.00M 24s
  5750K .......... .......... .......... .......... .......... 45%  973K 23s
  5800K .......... .......... .......... .......... .......... 45%  193K 23s
  5850K .......... .......... .......... .......... .......... 45% 57.6K 24s
  5900K .......... .......... .......... .......... .......... 46%  100M 23s
  5950K .......... .......... .......... .......... .......... 46%  742K 23s
  6000K .......... .......... .......... .......... .......... 46%  836K 23s
  6050K .......... .......... .......... .......... .......... 47%  928K 23s
  6100K .......... .......... .......... .......... .......... 47%  188K 23s
  6150K .......... .......... .......... .......... .......... 48%  106K 23s
  6200K .......... .......... .......... .......... .......... 48%  838K 22s
  6250K .......... .......... .......... .......... .......... 48%  992K 22s
  6300K .......... .......... .......... .......... .......... 49%  600K 22s
  6350K .......... .......... .......... .......... .......... 49% 1022K 22s
  6400K .......... .......... .......... .......... .......... 50% 1.01M 21s
  6450K .......... .......... .......... .......... .......... 50%  934K 21s
  6500K .......... .......... .......... .......... .......... 50% 1.09M 21s
  6550K .......... .......... .......... .......... .......... 51%  950K 20s
  6600K .......... .......... .......... .......... .......... 51%  963K 20s
  6650K .......... .......... .......... .......... .......... 52%  899K 20s
  6700K .......... .......... .......... .......... .......... 52%  199K 20s
  6750K .......... .......... .......... .......... .......... 52%  910K 20s
  6800K .......... .......... .......... .......... .......... 53%  828K 19s
  6850K .......... .......... .......... .......... .......... 53%  898K 19s
  6900K .......... .......... .......... .......... .......... 53%  196K 19s
  6950K .......... .......... .......... .......... .......... 54%  971K 19s
  7000K .......... .......... .......... .......... .......... 54% 1.01M 19s
  7050K .......... .......... .......... .......... .......... 55%  803K 18s
  7100K .......... .......... .......... .......... .......... 55%  783K 18s
  7150K .......... .......... .......... .......... .......... 55% 1.04M 18s
  7200K .......... .......... .......... .......... .......... 56%  743K 18s
  7250K .......... .......... .......... .......... .......... 56%  188K 18s
  7300K .......... .......... .......... .......... .......... 57%  187K 17s
  7350K .......... .......... .......... .......... .......... 57%  195K 17s
  7400K .......... .......... .......... .......... .......... 57% 75.3K 18s
  7450K .......... .......... .......... .......... .......... 58% 1.14M 17s
  7500K .......... .......... .......... .......... .......... 58%  767K 17s
  7550K .......... .......... .......... .......... .......... 58%  950K 17s
  7600K .......... .......... .......... .......... .......... 59%  880K 17s
  7650K .......... .......... .......... .......... .......... 59%  791K 16s
  7700K .......... .......... .......... .......... .......... 60%  924K 16s
  7750K .......... .......... .......... .......... .......... 60% 1.02M 16s
  7800K .......... .......... .......... .......... .......... 60%  903K 16s
  7850K .......... .......... .......... .......... .......... 61%  857K 16s
  7900K .......... .......... .......... .......... .......... 61%  197K 15s
  7950K .......... .......... .......... .......... .......... 62%  748K 15s
  8000K .......... .......... .......... .......... .......... 62%  958K 15s
  8050K .......... .......... .......... .......... .......... 62%  192K 15s
  8100K .......... .......... .......... .......... .......... 63%  195K 15s
  8150K .......... .......... .......... .......... .......... 63%  751K 15s
  8200K .......... .......... .......... .......... .......... 64%  768K 14s
  8250K .......... .......... .......... .......... .......... 64%  190K 14s
  8300K .......... .......... .......... .......... .......... 64%  836K 14s
  8350K .......... .......... .......... .......... .......... 65%  848K 14s
  8400K .......... .......... .......... .......... .......... 65%  919K 14s
  8450K .......... .......... .......... .......... .......... 65%  763K 13s
  8500K .......... .......... .......... .......... .......... 66%  198K 13s
  8550K .......... .......... .......... .......... .......... 66%  900K 13s
  8600K .......... .......... .......... .......... .......... 67%  566K 13s
  8650K .......... .......... .......... .......... .......... 67%  918K 13s
  8700K .......... .......... .......... .......... .......... 67%  818K 13s
  8750K .......... .......... .......... .......... .......... 68% 46.9K 13s
  8800K .......... .......... .......... .......... .......... 68% 47.9K 13s
  8850K .......... .......... .......... .......... .......... 69% 16.2K 14s
  8900K .......... .......... .......... .......... .......... 69% 75.7K 14s
  8950K .......... .......... .......... .......... .......... 69%  594K 14s
  9000K .......... .......... .......... .......... .......... 70%  197K 14s
  9050K .......... .......... .......... .......... .......... 70%  925K 14s
  9100K .......... .......... .......... .......... .......... 71% 1.00M 13s
  9150K .......... .......... .......... .......... .......... 71% 1.03M 13s
  9200K .......... .......... .......... .......... .......... 71%  908K 13s
  9250K .......... .......... .......... .......... .......... 72%  191K 13s
  9300K .......... .......... .......... .......... .......... 72%  885K 13s
  9350K .......... .......... .......... .......... .......... 72% 1.06M 12s
  9400K .......... .......... .......... .......... .......... 73%  179K 12s
  9450K .......... .......... .......... .......... .......... 73%  921K 12s
  9500K .......... .......... .......... .......... .......... 74%  974K 12s
  9550K .......... .......... .......... .......... .......... 74%  943K 12s
  9600K .......... .......... .......... .......... .......... 74%  973K 11s
  9650K .......... .......... .......... .......... .......... 75%  192K 11s
  9700K .......... .......... .......... .......... .......... 75%  191K 11s
  9750K .......... .......... .......... .......... .......... 76%  903K 11s
  9800K .......... .......... .......... .......... .......... 76% 1.02M 11s
  9850K .......... .......... .......... .......... .......... 76% 1.12M 10s
  9900K .......... .......... .......... .......... .......... 77% 75.2K 10s
  9950K .......... .......... .......... .......... .......... 77% 1.12M 10s
 10000K .......... .......... .......... .......... .......... 78%  844K 10s
 10050K .......... .......... .......... .......... .......... 78% 75.7K 10s
 10100K .......... .......... .......... .......... .......... 78%  971K 10s
 10150K .......... .......... .......... .......... .......... 79%  934K 9s
 10200K .......... .......... .......... .......... .......... 79%  978K 9s
 10250K .......... .......... .......... .......... .......... 79%  171K 9s
 10300K .......... .......... .......... .......... .......... 80%  190K 9s
 10350K .......... .......... .......... .......... .......... 80% 1.15M 9s
 10400K .......... .......... .......... .......... .......... 81% 1013K 9s
 10450K .......... .......... .......... .......... .......... 81% 1.13M 8s
 10500K .......... .......... .......... .......... .......... 81% 1.08M 8s
 10550K .......... .......... .......... .......... .......... 82%  849K 8s
 10600K .......... .......... .......... .......... .......... 82%  793K 8s
 10650K .......... .......... .......... .......... .......... 83%  695K 8s
 10700K .......... .......... .......... .......... .......... 83%  965K 7s
 10750K .......... .......... .......... .......... .......... 83%  185K 7s
 10800K .......... .......... .......... .......... .......... 84%  198K 7s
 10850K .......... .......... .......... .......... .......... 84% 98.8K 7s
 10900K .......... .......... .......... .......... .......... 84%  905K 7s
 10950K .......... .......... .......... .......... .......... 85%  990K 7s
 11000K .......... .......... .......... .......... .......... 85% 1.03M 6s
 11050K .......... .......... .......... .......... .......... 86%  913K 6s
 11100K .......... .......... .......... .......... .......... 86%  115K 6s
 11150K .......... .......... .......... .......... .......... 86%  180K 6s
 11200K .......... .......... .......... .......... .......... 87% 1.01M 6s
 11250K .......... .......... .......... .......... .......... 87%  719K 5s
 11300K .......... .......... .......... .......... .......... 88%  102K 5s
 11350K .......... .......... .......... .......... .......... 88%  198K 5s
 11400K .......... .......... .......... .......... .......... 88%  996K 5s
 11450K .......... .......... .......... .......... .......... 89%  824K 5s
 11500K .......... .......... .......... .......... .......... 89%  639K 5s
 11550K .......... .......... .......... .......... .......... 90%  865K 4s
 11600K .......... .......... .......... .......... .......... 90%  934K 4s
 11650K .......... .......... .......... .......... .......... 90%  193K 4s
 11700K .......... .......... .......... .......... .......... 91%  807K 4s
 11750K .......... .......... .......... .......... .......... 91%  105K 4s
 11800K .......... .......... .......... .......... .......... 91%  666K 4s
 11850K .......... .......... .......... .......... .......... 92%  194K 3s
 11900K .......... .......... .......... .......... .......... 92% 1.03M 3s
 11950K .......... .......... .......... .......... .......... 93% 57.6K 3s
 12000K .......... .......... .......... .......... .......... 93%  760K 3s
 12050K .......... .......... .......... .......... .......... 93%  944K 3s
 12100K .......... .......... .......... .......... .......... 94%  643K 3s
 12150K .......... .......... .......... .......... .......... 94%  188K 2s
 12200K .......... .......... .......... .......... .......... 95%  977K 2s
 12250K .......... .......... .......... .......... .......... 95%  901K 2s
 12300K .......... .......... .......... .......... .......... 95%  830K 2s
 12350K .......... .......... .......... .......... .......... 96%  891K 2s
 12400K .......... .......... .......... .......... .......... 96%  195K 2s
 12450K .......... .......... .......... .......... .......... 97%  929K 1s
 12500K .......... .......... .......... .......... .......... 97%  923K 1s
 12550K .......... .......... .......... .......... .......... 97% 1.15M 1s
 12600K .......... .......... .......... .......... .......... 98%  994K 1s
 12650K .......... .......... .......... .......... .......... 98%  191K 1s
 12700K .......... .......... .......... .......... .......... 98%  198K 0s
 12750K .......... .......... .......... .......... .......... 99%  193K 0s
 12800K .......... .......... .......... .......... .......... 99% 1.02M 0s
 12850K .......... .......... .......... ....                 100%  646K=44s

2016-05-25 03:23:32 (291 KB/s) - ‘index.html.13’ saved [13193358/13193358]

