--2016-05-25 04:05:19--  http://10.30.50.93:8000/
Connecting to 10.30.50.93:8000... connected.
HTTP request sent, awaiting response... 200 OK
Length: 13193358 (13M) [text/html]
Saving to: ‘index.html.8’

     0K .......... .......... .......... .......... ..........  0% 4.66M 3s
    50K .......... .......... .......... .......... ..........  0% 2.76M 4s
   100K .......... .......... .......... .......... ..........  1% 3.03M 4s
   150K .......... .......... .......... .......... ..........  1% 2.04M 4s
   200K .......... .......... .......... .......... ..........  1% 2.20M 5s
   250K .......... .......... .......... .......... ..........  2% 2.08M 5s
   300K .......... .......... .......... .......... ..........  2% 2.12M 5s
   350K .......... .......... .......... .......... ..........  3% 1.71M 5s
   400K .......... .......... .......... .......... ..........  3% 1.42M 6s
   450K .......... .......... .......... .......... ..........  3% 2.30M 5s
   500K .......... .......... .......... .......... ..........  4% 1.66M 6s
   550K .......... .......... .......... .......... ..........  4% 1.06M 6s
   600K .......... .......... .......... .......... ..........  5% 1.65M 6s
   650K .......... .......... .......... .......... ..........  5% 2.24M 6s
   700K .......... .......... .......... .......... ..........  5% 1.54M 6s
   750K .......... .......... .......... .......... ..........  6%  203K 9s
   800K .......... .......... .......... .......... ..........  6% 1.33M 9s
   850K .......... .......... .......... .......... ..........  6% 1.17M 9s
   900K .......... .......... .......... .......... ..........  7% 1.36M 9s
   950K .......... .......... .......... .......... ..........  7% 1.34M 9s
  1000K .......... .......... .......... .......... ..........  8% 1.09M 9s
  1050K .......... .......... .......... .......... ..........  8% 1.24M 9s
  1100K .......... .......... .......... .......... ..........  8% 1.19M 9s
  1150K .......... .......... .......... .......... ..........  9% 1.81M 9s
  1200K .......... .......... .......... .......... ..........  9% 1.35M 9s
  1250K .......... .......... .......... .......... .......... 10% 1.38M 9s
  1300K .......... .......... .......... .......... .......... 10% 1.70M 9s
  1350K .......... .......... .......... .......... .......... 10% 1.37M 9s
  1400K .......... .......... .......... .......... .......... 11% 1.06M 9s
  1450K .......... .......... .......... .......... .......... 11% 1.37M 9s
  1500K .......... .......... .......... .......... .......... 12% 1.07M 9s
  1550K .......... .......... .......... .......... .......... 12% 1.81M 9s
  1600K .......... .......... .......... .......... .......... 12% 1.70M 8s
  1650K .......... .......... .......... .......... .......... 13% 2.52M 8s
  1700K .......... .......... .......... .......... .......... 13% 2.22M 8s
  1750K .......... .......... .......... .......... .......... 13% 2.50M 8s
  1800K .......... .......... .......... .......... .......... 14% 2.90M 8s
  1850K .......... .......... .......... .......... .......... 14% 1.45M 8s
  1900K .......... .......... .......... .......... .......... 15% 1.68M 8s
  1950K .......... .......... .......... .......... .......... 15% 1.38M 8s
  2000K .......... .......... .......... .......... .......... 15% 1.32M 8s
  2050K .......... .......... .......... .......... .......... 16% 1.07M 8s
  2100K .......... .......... .......... .......... .......... 16% 1.43M 8s
  2150K .......... .......... .......... .......... .......... 17% 1.31M 8s
  2200K .......... .......... .......... .......... .......... 17% 1.45M 8s
  2250K .......... .......... .......... .......... .......... 17% 77.0K 10s
  2300K .......... .......... .......... .......... .......... 18% 1.09M 10s
  2350K .......... .......... .......... .......... .......... 18% 1.30M 10s
  2400K .......... .......... .......... .......... .......... 19% 1.44M 10s
  2450K .......... .......... .......... .......... .......... 19% 1.31M 10s
  2500K .......... .......... .......... .......... .......... 19% 58.1K 13s
  2550K .......... .......... .......... .......... .......... 20% 1.58M 13s
  2600K .......... .......... .......... .......... .......... 20% 1.23M 13s
  2650K .......... .......... .......... .......... .......... 20% 1.60M 13s
  2700K .......... .......... .......... .......... .......... 21% 1.61M 13s
  2750K .......... .......... .......... .......... .......... 21% 1.97M 12s
  2800K .......... .......... .......... .......... .......... 22% 2.03M 12s
  2850K .......... .......... .......... .......... .......... 22% 2.58M 12s
  2900K .......... .......... .......... .......... .......... 22% 2.39M 12s
  2950K .......... .......... .......... .......... .......... 23% 1.74M 12s
  3000K .......... .......... .......... .......... .......... 23% 1.40M 11s
  3050K .......... .......... .......... .......... .......... 24% 1.42M 11s
  3100K .......... .......... .......... .......... .......... 24%  988K 11s
  3150K .......... .......... .......... .......... .......... 24% 1.33M 11s
  3200K .......... .......... .......... .......... .......... 25% 1.10M 11s
  3250K .......... .......... .......... .......... .......... 25% 1.10M 11s
  3300K .......... .......... .......... .......... .......... 26% 1.12M 11s
  3350K .......... .......... .......... .......... .......... 26% 1017K 11s
  3400K .......... .......... .......... .......... .......... 26% 1.61M 11s
  3450K .......... .......... .......... .......... .......... 27% 1.04M 11s
  3500K .......... .......... .......... .......... .......... 27% 1.15M 10s
  3550K .......... .......... .......... .......... .......... 27% 1.26M 10s
  3600K .......... .......... .......... .......... .......... 28%  962K 10s
  3650K .......... .......... .......... .......... .......... 28% 1.31M 10s
  3700K .......... .......... .......... .......... .......... 29% 1.07M 10s
  3750K .......... .......... .......... .......... .......... 29% 1.10M 10s
  3800K .......... .......... .......... .......... .......... 29% 1.89M 10s
  3850K .......... .......... .......... .......... .......... 30% 2.52M 10s
  3900K .......... .......... .......... .......... .......... 30% 1.83M 10s
  3950K .......... .......... .......... .......... .......... 31% 1.77M 10s
  4000K .......... .......... .......... .......... .......... 31% 2.04M 9s
  4050K .......... .......... .......... .......... .......... 31% 2.63M 9s
  4100K .......... .......... .......... .......... .......... 32% 2.14M 9s
  4150K .......... .......... .......... .......... .......... 32% 1.41M 9s
  4200K .......... .......... .......... .......... .......... 32% 1.01M 9s
  4250K .......... .......... .......... .......... .......... 33% 1.53M 9s
  4300K .......... .......... .......... .......... .......... 33% 1.29M 9s
  4350K .......... .......... .......... .......... .......... 34% 1.88M 9s
  4400K .......... .......... .......... .......... .......... 34% 1.84M 9s
  4450K .......... .......... .......... .......... .......... 34% 2.06M 9s
  4500K .......... .......... .......... .......... .......... 35% 1.79M 8s
  4550K .......... .......... .......... .......... .......... 35% 1.44M 8s
  4600K .......... .......... .......... .......... .......... 36% 1.34M 8s
  4650K .......... .......... .......... .......... .......... 36% 1.42M 8s
  4700K .......... .......... .......... .......... .......... 36% 1.27M 8s
  4750K .......... .......... .......... .......... .......... 37% 1.05M 8s
  4800K .......... .......... .......... .......... .......... 37% 1.31M 8s
  4850K .......... .......... .......... .......... .......... 38% 1.22M 8s
  4900K .......... .......... .......... .......... .......... 38% 1.07M 8s
  4950K .......... .......... .......... .......... .......... 38%  976K 8s
  5000K .......... .......... .......... .......... .......... 39% 1.35M 8s
  5050K .......... .......... .......... .......... .......... 39% 1.67M 8s
  5100K .......... .......... .......... .......... .......... 39% 1.72M 8s
  5150K .......... .......... .......... .......... .......... 40% 1.51M 8s
  5200K .......... .......... .......... .......... .......... 40% 1.16M 7s
  5250K .......... .......... .......... .......... .......... 41% 1.48M 7s
  5300K .......... .......... .......... .......... .......... 41% 1.31M 7s
  5350K .......... .......... .......... .......... .......... 41% 1.31M 7s
  5400K .......... .......... .......... .......... .......... 42%  215K 7s
  5450K .......... .......... .......... .......... .......... 42% 1.30M 7s
  5500K .......... .......... .......... .......... .......... 43% 1.43M 7s
  5550K .......... .......... .......... .......... .......... 43% 1.30M 7s
  5600K .......... .......... .......... .......... .......... 43% 1.42M 7s
  5650K .......... .......... .......... .......... .......... 44% 2.40M 7s
  5700K .......... .......... .......... .......... .......... 44% 1.57M 7s
  5750K .......... .......... .......... .......... .......... 45% 1.33M 7s
  5800K .......... .......... .......... .......... .......... 45%  213K 7s
  5850K .......... .......... .......... .......... .......... 45% 1.70M 7s
  5900K .......... .......... .......... .......... .......... 46% 1.27M 7s
  5950K .......... .......... .......... .......... .......... 46%  120K 7s
  6000K .......... .......... .......... .......... .......... 46% 2.19M 7s
  6050K .......... .......... .......... .......... .......... 47%  207K 7s
  6100K .......... .......... .......... .......... .......... 47% 1.30M 7s
  6150K .......... .......... .......... .......... .......... 48%  930K 7s
  6200K .......... .......... .......... .......... .......... 48% 1.12M 7s
  6250K .......... .......... .......... .......... .......... 48% 1.04M 7s
  6300K .......... .......... .......... .......... .......... 49% 1019K 7s
  6350K .......... .......... .......... .......... .......... 49% 1.32M 7s
  6400K .......... .......... .......... .......... .......... 50% 2.34M 7s
  6450K .......... .......... .......... .......... .......... 50%  208K 7s
  6500K .......... .......... .......... .......... .......... 50% 2.00M 7s
  6550K .......... .......... .......... .......... .......... 51% 2.94M 7s
  6600K .......... .......... .......... .......... .......... 51% 3.17M 7s
  6650K .......... .......... .......... .......... .......... 52% 1.94M 7s
  6700K .......... .......... .......... .......... .......... 52% 2.59M 7s
  6750K .......... .......... .......... .......... .......... 52% 1.46M 7s
  6800K .......... .......... .......... .......... .......... 53% 1.26M 7s
  6850K .......... .......... .......... .......... .......... 53% 1.72M 6s
  6900K .......... .......... .......... .......... .......... 53% 1.69M 6s
  6950K .......... .......... .......... .......... .......... 54% 2.59M 6s
  7000K .......... .......... .......... .......... .......... 54% 1.95M 6s
  7050K .......... .......... .......... .......... .......... 55% 2.59M 6s
  7100K .......... .......... .......... .......... .......... 55% 2.30M 6s
  7150K .......... .......... .......... .......... .......... 55% 2.26M 6s
  7200K .......... .......... .......... .......... .......... 56% 2.27M 6s
  7250K .......... .......... .......... .......... .......... 56% 1.94M 6s
  7300K .......... .......... .......... .......... .......... 57% 1.93M 6s
  7350K .......... .......... .......... .......... .......... 57%  980K 6s
  7400K .......... .......... .......... .......... .......... 57% 1.63M 6s
  7450K .......... .......... .......... .......... .......... 58% 1.31M 6s
  7500K .......... .......... .......... .......... .......... 58%  896K 6s
  7550K .......... .......... .......... .......... .......... 58% 1.16M 5s
  7600K .......... .......... .......... .......... .......... 59% 1.08M 5s
  7650K .......... .......... .......... .......... .......... 59% 1.90M 5s
  7700K .......... .......... .......... .......... .......... 60% 1.63M 5s
  7750K .......... .......... .......... .......... .......... 60%  207K 5s
  7800K .......... .......... .......... .......... .......... 60% 1.91M 5s
  7850K .......... .......... .......... .......... .......... 61% 2.17M 5s
  7900K .......... .......... .......... .......... .......... 61% 2.19M 5s
  7950K .......... .......... .......... .......... .......... 62% 1.86M 5s
  8000K .......... .......... .......... .......... .......... 62% 1.97M 5s
  8050K .......... .......... .......... .......... .......... 62% 1.78M 5s
  8100K .......... .......... .......... .......... .......... 63% 1.62M 5s
  8150K .......... .......... .......... .......... .......... 63% 75.8K 5s
  8200K .......... .......... .......... .......... .......... 64% 1.21M 5s
  8250K .......... .......... .......... .......... .......... 64% 1.34M 5s
  8300K .......... .......... .......... .......... .......... 64% 1.20M 5s
  8350K .......... .......... .......... .......... .......... 65% 1.16M 5s
  8400K .......... .......... .......... .......... .......... 65% 1.34M 5s
  8450K .......... .......... .......... .......... .......... 65% 1.22M 5s
  8500K .......... .......... .......... .......... .......... 66% 1.28M 5s
  8550K .......... .......... .......... .......... .......... 66%  862K 5s
  8600K .......... .......... .......... .......... .......... 67% 1.03M 5s
  8650K .......... .......... .......... .......... .......... 67% 1.34M 5s
  8700K .......... .......... .......... .......... .......... 67% 1.45M 4s
  8750K .......... .......... .......... .......... .......... 68% 1.85M 4s
  8800K .......... .......... .......... .......... .......... 68% 1.28M 4s
  8850K .......... .......... .......... .......... .......... 69% 1.21M 4s
  8900K .......... .......... .......... .......... .......... 69% 1.57M 4s
  8950K .......... .......... .......... .......... .......... 69%  108K 4s
  9000K .......... .......... .......... .......... .......... 70% 1.82M 4s
  9050K .......... .......... .......... .......... .......... 70% 2.48M 4s
  9100K .......... .......... .......... .......... .......... 71% 1.85M 4s
  9150K .......... .......... .......... .......... .......... 71% 1.25M 4s
  9200K .......... .......... .......... .......... .......... 71% 1014K 4s
  9250K .......... .......... .......... .......... .......... 72% 1.49M 4s
  9300K .......... .......... .......... .......... .......... 72% 1.03M 4s
  9350K .......... .......... .......... .......... .......... 72% 1.23M 4s
  9400K .......... .......... .......... .......... .......... 73% 1.20M 4s
  9450K .......... .......... .......... .......... .......... 73% 1.65M 4s
  9500K .......... .......... .......... .......... .......... 74% 2.54M 4s
  9550K .......... .......... .......... .......... .......... 74% 2.47M 4s
  9600K .......... .......... .......... .......... .......... 74%  205K 4s
  9650K .......... .......... .......... .......... .......... 75% 1.17M 4s
  9700K .......... .......... .......... .......... .......... 75% 1.33M 3s
  9750K .......... .......... .......... .......... .......... 76% 57.6K 4s
  9800K .......... .......... .......... .......... .......... 76% 3.31M 4s
  9850K .......... .......... .......... .......... .......... 76% 1.45M 4s
  9900K .......... .......... .......... .......... .......... 77% 1.34M 3s
  9950K .......... .......... .......... .......... .......... 77% 1005K 3s
 10000K .......... .......... .......... .......... .......... 78% 1.31M 3s
 10050K .......... .......... .......... .......... .......... 78% 1.18M 3s
 10100K .......... .......... .......... .......... .......... 78% 1.24M 3s
 10150K .......... .......... .......... .......... .......... 79% 1.24M 3s
 10200K .......... .......... .......... .......... .......... 79%  201K 3s
 10250K .......... .......... .......... .......... .......... 79% 1.69M 3s
 10300K .......... .......... .......... .......... .......... 80% 1.62M 3s
 10350K .......... .......... .......... .......... .......... 80% 1.38M 3s
 10400K .......... .......... .......... .......... .......... 81% 1.37M 3s
 10450K .......... .......... .......... .......... .......... 81% 1.81M 3s
 10500K .......... .......... .......... .......... .......... 81% 1.62M 3s
 10550K .......... .......... .......... .......... .......... 82% 1.05M 3s
 10600K .......... .......... .......... .......... .......... 82% 1.73M 3s
 10650K .......... .......... .......... .......... .......... 83% 1.37M 3s
 10700K .......... .......... .......... .......... .......... 83% 4.00M 2s
 10750K .......... .......... .......... .......... .......... 83% 2.91M 2s
 10800K .......... .......... .......... .......... .......... 84% 3.40M 2s
 10850K .......... .......... .......... .......... .......... 84% 2.50M 2s
 10900K .......... .......... .......... .......... .......... 84% 2.05M 2s
 10950K .......... .......... .......... .......... .......... 85% 1.31M 2s
 11000K .......... .......... .......... .......... .......... 85% 1.28M 2s
 11050K .......... .......... .......... .......... .......... 86% 1.48M 2s
 11100K .......... .......... .......... .......... .......... 86% 1.53M 2s
 11150K .......... .......... .......... .......... .......... 86% 1.84M 2s
 11200K .......... .......... .......... .......... .......... 87% 1.56M 2s
 11250K .......... .......... .......... .......... .......... 87% 1.33M 2s
 11300K .......... .......... .......... .......... .......... 88% 1.30M 2s
 11350K .......... .......... .......... .......... .......... 88% 1.22M 2s
 11400K .......... .......... .......... .......... .......... 88%  871K 2s
 11450K .......... .......... .......... .......... .......... 89% 1.32M 2s
 11500K .......... .......... .......... .......... .......... 89% 1.65M 2s
 11550K .......... .......... .......... .......... .......... 90% 2.00M 1s
 11600K .......... .......... .......... .......... .......... 90% 2.10M 1s
 11650K .......... .......... .......... .......... .......... 90% 2.28M 1s
 11700K .......... .......... .......... .......... .......... 91% 1.60M 1s
 11750K .......... .......... .......... .......... .......... 91% 1.26M 1s
 11800K .......... .......... .......... .......... .......... 91% 1.22M 1s
 11850K .......... .......... .......... .......... .......... 92% 1.57M 1s
 11900K .......... .......... .......... .......... .......... 92% 1.12M 1s
 11950K .......... .......... .......... .......... .......... 93% 1.06M 1s
 12000K .......... .......... .......... .......... .......... 93% 1.53M 1s
 12050K .......... .......... .......... .......... .......... 93% 1.07M 1s
 12100K .......... .......... .......... .......... .......... 94% 1.18M 1s
 12150K .......... .......... .......... .......... .......... 94% 1.22M 1s
 12200K .......... .......... .......... .......... .......... 95% 1.41M 1s
 12250K .......... .......... .......... .......... .......... 95% 2.89M 1s
 12300K .......... .......... .......... .......... .......... 95% 3.37M 1s
 12350K .......... .......... .......... .......... .......... 96% 2.27M 1s
 12400K .......... .......... .......... .......... .......... 96% 1.63M 0s
 12450K .......... .......... .......... .......... .......... 97% 1.01M 0s
 12500K .......... .......... .......... .......... .......... 97% 1.21M 0s
 12550K .......... .......... .......... .......... .......... 97% 1.42M 0s
 12600K .......... .......... .......... .......... .......... 98% 1007K 0s
 12650K .......... .......... .......... .......... .......... 98% 1.41M 0s
 12700K .......... .......... .......... .......... .......... 98% 1.71M 0s
 12750K .......... .......... .......... .......... .......... 99% 2.82M 0s
 12800K .......... .......... .......... .......... .......... 99% 2.83M 0s
 12850K .......... .......... .......... ....                 100% 3.98M=14s

2016-05-25 04:05:33 (928 KB/s) - ‘index.html.8’ saved [13193358/13193358]

