--2016-05-25 02:26:46--  http://10.30.50.93:8000/
Connecting to 10.30.50.93:8000... connected.
HTTP request sent, awaiting response... 200 OK
Length: 13193358 (13M) [text/html]
Saving to: ‘index.html.5’

     0K .......... .......... .......... .......... ..........  0%  615K 21s
    50K .......... .......... .......... .......... ..........  0%  464K 24s
   100K .......... .......... .......... .......... ..........  1%  463K 25s
   150K .......... .......... .......... .......... ..........  1%  476K 26s
   200K .......... .......... .......... .......... ..........  1%  462K 26s
   250K .......... .......... .......... .......... ..........  2%  451K 26s
   300K .......... .......... .......... .......... ..........  2%  463K 26s
   350K .......... .......... .......... .......... ..........  3%  450K 26s
   400K .......... .......... .......... .......... ..........  3%  462K 26s
   450K .......... .......... .......... .......... ..........  3%  479K 26s
   500K .......... .......... .......... .......... ..........  4%  427K 26s
   550K .......... .......... .......... .......... ..........  4%  478K 26s
   600K .......... .......... .......... .......... ..........  5%  460K 26s
   650K .......... .......... .......... .......... ..........  5%  370K 26s
   700K .......... .......... .......... .......... ..........  5%  464K 26s
   750K .......... .......... .......... .......... ..........  6%  599K 26s
   800K .......... .......... .......... .......... ..........  6%  447K 26s
   850K .......... .......... .......... .......... ..........  6%  477K 26s
   900K .......... .......... .......... .......... ..........  7%  477K 26s
   950K .......... .......... .......... .......... ..........  7%  451K 25s
  1000K .......... .......... .......... .......... ..........  8%  398K 26s
  1050K .......... .......... .......... .......... ..........  8%  501K 25s
  1100K .......... .......... .......... .......... ..........  8%  396K 25s
  1150K .......... .......... .......... .......... ..........  9%  540K 25s
  1200K .......... .......... .......... .......... ..........  9%  438K 25s
  1250K .......... .......... .......... .......... .......... 10%  478K 25s
  1300K .......... .......... .......... .......... .......... 10%  387K 25s
  1350K .......... .......... .......... .......... .......... 10%  476K 25s
  1400K .......... .......... .......... .......... .......... 11%  463K 25s
  1450K .......... .......... .......... .......... .......... 11%  399K 25s
  1500K .......... .......... .......... .......... .......... 12%  555K 25s
  1550K .......... .......... .......... .......... .......... 12%  474K 24s
  1600K .......... .......... .......... .......... .......... 12%  440K 24s
  1650K .......... .......... .......... .......... .......... 13%  450K 24s
  1700K .......... .......... .......... .......... .......... 13%  475K 24s
  1750K .......... .......... .......... .......... .......... 13%  464K 24s
  1800K .......... .......... .......... .......... .......... 14%  475K 24s
  1850K .......... .......... .......... .......... .......... 14%  476K 24s
  1900K .......... .......... .......... .......... .......... 15%  427K 24s
  1950K .......... .......... .......... .......... .......... 15%  467K 24s
  2000K .......... .......... .......... .......... .......... 15%  449K 24s
  2050K .......... .......... .......... .......... .......... 16%  462K 23s
  2100K .......... .......... .......... .......... .......... 16%  398K 23s
  2150K .......... .......... .......... .......... .......... 17%  535K 23s
  2200K .......... .......... .......... .......... .......... 17%  462K 23s
  2250K .......... .......... .......... .......... .......... 17%  480K 23s
  2300K .......... .......... .......... .......... .......... 18%  476K 23s
  2350K .......... .......... .......... .......... .......... 18%  448K 23s
  2400K .......... .......... .......... .......... .......... 19%  462K 23s
  2450K .......... .......... .......... .......... .......... 19%  439K 23s
  2500K .......... .......... .......... .......... .......... 19%  467K 22s
  2550K .......... .......... .......... .......... .......... 20%  417K 22s
  2600K .......... .......... .......... .......... .......... 20%  517K 22s
  2650K .......... .......... .......... .......... .......... 20%  452K 22s
  2700K .......... .......... .......... .......... .......... 21%  438K 22s
  2750K .......... .......... .......... .......... .......... 21%  462K 22s
  2800K .......... .......... .......... .......... .......... 22%  451K 22s
  2850K .......... .......... .......... .......... .......... 22%  465K 22s
  2900K .......... .......... .......... .......... .......... 22%  449K 22s
  2950K .......... .......... .......... .......... .......... 23%  427K 22s
  3000K .......... .......... .......... .......... .......... 23%  492K 21s
  3050K .......... .......... .......... .......... .......... 24%  462K 21s
  3100K .......... .......... .......... .......... .......... 24%  474K 21s
  3150K .......... .......... .......... .......... .......... 24%  463K 21s
  3200K .......... .......... .......... .......... .......... 25%  463K 21s
  3250K .......... .......... .......... .......... .......... 25%  479K 21s
  3300K .......... .......... .......... .......... .......... 26%  378K 21s
  3350K .......... .......... .......... .......... .......... 26%  521K 21s
  3400K .......... .......... .......... .......... .......... 26%  461K 21s
  3450K .......... .......... .......... .......... .......... 27%  462K 20s
  3500K .......... .......... .......... .......... .......... 27%  398K 20s
  3550K .......... .......... .......... .......... .......... 27%  554K 20s
  3600K .......... .......... .......... .......... .......... 28%  451K 20s
  3650K .......... .......... .......... .......... .......... 28%  477K 20s
  3700K .......... .......... .......... .......... .......... 29%  440K 20s
  3750K .......... .......... .......... .......... .......... 29%  475K 20s
  3800K .......... .......... .......... .......... .......... 29%  463K 20s
  3850K .......... .......... .......... .......... .......... 30%  437K 20s
  3900K .......... .......... .......... .......... .......... 30%  442K 19s
  3950K .......... .......... .......... .......... .......... 31%  459K 19s
  4000K .......... .......... .......... .......... .......... 31%  398K 19s
  4050K .......... .......... .......... .......... .......... 31%  475K 19s
  4100K .......... .......... .......... .......... .......... 32%  492K 19s
  4150K .......... .......... .......... .......... .......... 32%  389K 19s
  4200K .......... .......... .......... .......... .......... 32%  535K 19s
  4250K .......... .......... .......... .......... .......... 33%  441K 19s
  4300K .......... .......... .......... .......... .......... 33%  462K 19s
  4350K .......... .......... .......... .......... .......... 34%  451K 19s
  4400K .......... .......... .......... .......... .......... 34%  448K 18s
  4450K .......... .......... .......... .......... .......... 34%  464K 18s
  4500K .......... .......... .......... .......... .......... 35%  478K 18s
  4550K .......... .......... .......... .......... .......... 35%  449K 18s
  4600K .......... .......... .......... .......... .......... 36%  463K 18s
  4650K .......... .......... .......... .......... .......... 36%  474K 18s
  4700K .......... .......... .......... .......... .......... 36%  440K 18s
  4750K .......... .......... .......... .......... .......... 37%  452K 18s
  4800K .......... .......... .......... .......... .......... 37%  473K 18s
  4850K .......... .......... .......... .......... .......... 38%  451K 17s
  4900K .......... .......... .......... .......... .......... 38%  452K 17s
  4950K .......... .......... .......... .......... .......... 38%  438K 17s
  5000K .......... .......... .......... .......... .......... 39%  478K 17s
  5050K .......... .......... .......... .......... .......... 39%  463K 17s
  5100K .......... .......... .......... .......... .......... 39%  462K 17s
  5150K .......... .......... .......... .......... .......... 40%  451K 17s
  5200K .......... .......... .......... .......... .......... 40%  396K 17s
  5250K .......... .......... .......... .......... .......... 41%  540K 17s
  5300K .......... .......... .......... .......... .......... 41%  426K 16s
  5350K .......... .......... .......... .......... .......... 41%  464K 16s
  5400K .......... .......... .......... .......... .......... 42%  438K 16s
  5450K .......... .......... .......... .......... .......... 42%  463K 16s
  5500K .......... .......... .......... .......... .......... 43%  478K 16s
  5550K .......... .......... .......... .......... .......... 43%  461K 16s
  5600K .......... .......... .......... .......... .......... 43%  463K 16s
  5650K .......... .......... .......... .......... .......... 44%  388K 16s
  5700K .......... .......... .......... .......... .......... 44%  521K 16s
  5750K .......... .......... .......... .......... .......... 45%  406K 15s
  5800K .......... .......... .......... .......... .......... 45%  502K 15s
  5850K .......... .......... .......... .......... .......... 45%  441K 15s
  5900K .......... .......... .......... .......... .......... 46%  478K 15s
  5950K .......... .......... .......... .......... .......... 46%  386K 15s
  6000K .......... .......... .......... .......... .......... 46%  535K 15s
  6050K .......... .......... .......... .......... .......... 47%  450K 15s
  6100K .......... .......... .......... .......... .......... 47%  453K 15s
  6150K .......... .......... .......... .......... .......... 48%  448K 15s
  6200K .......... .......... .......... .......... .......... 48%  463K 14s
  6250K .......... .......... .......... .......... .......... 48%  476K 14s
  6300K .......... .......... .......... .......... .......... 49%  465K 14s
  6350K .......... .......... .......... .......... .......... 49%  416K 14s
  6400K .......... .......... .......... .......... .......... 50%  462K 14s
  6450K .......... .......... .......... .......... .......... 50%  450K 14s
  6500K .......... .......... .......... .......... .......... 50%  146K 14s
  6550K .......... .......... .......... .......... .......... 51%  506K 14s
  6600K .......... .......... .......... .......... .......... 51%  426K 14s
  6650K .......... .......... .......... .......... .......... 52%  451K 14s
  6700K .......... .......... .......... .......... .......... 52%  477K 14s
  6750K .......... .......... .......... .......... .......... 52%  427K 14s
  6800K .......... .......... .......... .......... .......... 53%  465K 13s
  6850K .......... .......... .......... .......... .......... 53%  439K 13s
  6900K .......... .......... .......... .......... .......... 53%  449K 13s
  6950K .......... .......... .......... .......... .......... 54%  425K 13s
  7000K .......... .......... .......... .......... .......... 54%  521K 13s
  7050K .......... .......... .......... .......... .......... 55%  451K 13s
  7100K .......... .......... .......... .......... .......... 55%  464K 13s
  7150K .......... .......... .......... .......... .......... 55%  461K 13s
  7200K .......... .......... .......... .......... .......... 56%  454K 13s
  7250K .......... .......... .......... .......... .......... 56%  475K 12s
  7300K .......... .......... .......... .......... .......... 57%  451K 12s
  7350K .......... .......... .......... .......... .......... 57%  450K 12s
  7400K .......... .......... .......... .......... .......... 57%  417K 12s
  7450K .......... .......... .......... .......... .......... 58%  450K 12s
  7500K .......... .......... .......... .......... .......... 58%  491K 12s
  7550K .......... .......... .......... .......... .......... 58%  427K 12s
  7600K .......... .......... .......... .......... .......... 59%  438K 12s
  7650K .......... .......... .......... .......... .......... 59%  451K 12s
  7700K .......... .......... .......... .......... .......... 60%  464K 11s
  7750K .......... .......... .......... .......... .......... 60%  438K 11s
  7800K .......... .......... .......... .......... .......... 60%  463K 11s
  7850K .......... .......... .......... .......... .......... 61%  464K 11s
  7900K .......... .......... .......... .......... .......... 61%  449K 11s
  7950K .......... .......... .......... .......... .......... 62%  427K 11s
  8000K .......... .......... .......... .......... .......... 62%  490K 11s
  8050K .......... .......... .......... .......... .......... 62%  465K 11s
  8100K .......... .......... .......... .......... .......... 63%  461K 10s
  8150K .......... .......... .......... .......... .......... 63%  371K 10s
  8200K .......... .......... .......... .......... .......... 64%  487K 10s
  8250K .......... .......... .......... .......... .......... 64%  541K 10s
  8300K .......... .......... .......... .......... .......... 64%  439K 10s
  8350K .......... .......... .......... .......... .......... 65%  463K 10s
  8400K .......... .......... .......... .......... .......... 65%  477K 10s
  8450K .......... .......... .......... .......... .......... 65%  462K 10s
  8500K .......... .......... .......... .......... .......... 66%  476K 10s
  8550K .......... .......... .......... .......... .......... 66%  461K 9s
  8600K .......... .......... .......... .......... .......... 67%  449K 9s
  8650K .......... .......... .......... .......... .......... 67%  463K 9s
  8700K .......... .......... .......... .......... .......... 67%  478K 9s
  8750K .......... .......... .......... .......... .......... 68%  452K 9s
  8800K .......... .......... .......... .......... .......... 68%  386K 9s
  8850K .......... .......... .......... .......... .......... 69%  490K 9s
  8900K .......... .......... .......... .......... .......... 69%  526K 9s
  8950K .......... .......... .......... .......... .......... 69%  476K 9s
  9000K .......... .......... .......... .......... .......... 70%  406K 8s
  9050K .......... .......... .......... .......... .......... 70%  439K 8s
  9100K .......... .......... .......... .......... .......... 71%  464K 8s
  9150K .......... .......... .......... .......... .......... 71%  490K 8s
  9200K .......... .......... .......... .......... .......... 71%  461K 8s
  9250K .......... .......... .......... .......... .......... 72%  478K 8s
  9300K .......... .......... .......... .......... .......... 72%  463K 8s
  9350K .......... .......... .......... .......... .......... 72%  369K 8s
  9400K .......... .......... .......... .......... .......... 73%  641K 8s
  9450K .......... .......... .......... .......... .......... 73%  440K 7s
  9500K .......... .......... .......... .......... .......... 74%  427K 7s
  9550K .......... .......... .......... .......... .......... 74%  476K 7s
  9600K .......... .......... .......... .......... .......... 74%  464K 7s
  9650K .......... .......... .......... .......... .......... 75%  439K 7s
  9700K .......... .......... .......... .......... .......... 75%  463K 7s
  9750K .......... .......... .......... .......... .......... 76%  417K 7s
  9800K .......... .......... .......... .......... .......... 76%  489K 7s
  9850K .......... .......... .......... .......... .......... 76%  415K 7s
  9900K .......... .......... .......... .......... .......... 77%  428K 6s
  9950K .......... .......... .......... .......... .......... 77%  541K 6s
 10000K .......... .......... .......... .......... .......... 78%  449K 6s
 10050K .......... .......... .......... .......... .......... 78%  452K 6s
 10100K .......... .......... .......... .......... .......... 78%  450K 6s
 10150K .......... .......... .......... .......... .......... 79%  414K 6s
 10200K .......... .......... .......... .......... .......... 79%  491K 6s
 10250K .......... .......... .......... .......... .......... 79%  466K 6s
 10300K .......... .......... .......... .......... .......... 80%  407K 6s
 10350K .......... .......... .......... .......... .......... 80%  463K 5s
 10400K .......... .......... .......... .......... .......... 81%  416K 5s
 10450K .......... .......... .......... .......... .......... 81%  488K 5s
 10500K .......... .......... .......... .......... .......... 81%  478K 5s
 10550K .......... .......... .......... .......... .......... 82%  427K 5s
 10600K .......... .......... .......... .......... .......... 82%  476K 5s
 10650K .......... .......... .......... .......... .......... 83%  378K 5s
 10700K .......... .......... .......... .......... .......... 83%  576K 5s
 10750K .......... .......... .......... .......... .......... 83%  474K 5s
 10800K .......... .......... .......... .......... .......... 84%  466K 4s
 10850K .......... .......... .......... .......... .......... 84%  449K 4s
 10900K .......... .......... .......... .......... .......... 84%  452K 4s
 10950K .......... .......... .......... .......... .......... 85%  461K 4s
 11000K .......... .......... .......... .......... .......... 85%  476K 4s
 11050K .......... .......... .......... .......... .......... 86%  463K 4s
 11100K .......... .......... .......... .......... .......... 86%  407K 4s
 11150K .......... .......... .......... .......... .......... 86%  487K 4s
 11200K .......... .......... .......... .......... .......... 87%  466K 4s
 11250K .......... .......... .......... .......... .......... 87%  449K 4s
 11300K .......... .......... .......... .......... .......... 88%  461K 3s
 11350K .......... .......... .......... .......... .......... 88%  466K 3s
 11400K .......... .......... .......... .......... .......... 88%  370K 3s
 11450K .......... .......... .......... .......... .......... 89%  591K 3s
 11500K .......... .......... .......... .......... .......... 89%  450K 3s
 11550K .......... .......... .......... .......... .......... 90%  452K 3s
 11600K .......... .......... .......... .......... .......... 90%  379K 3s
 11650K .......... .......... .......... .......... .......... 90%  387K 3s
 11700K .......... .......... .......... .......... .......... 91%  521K 3s
 11750K .......... .......... .......... .......... .......... 91%  388K 2s
 11800K .......... .......... .......... .......... .......... 91%  522K 2s
 11850K .......... .......... .......... .......... .......... 92%  395K 2s
 11900K .......... .......... .......... .......... .......... 92%  503K 2s
 11950K .......... .......... .......... .......... .......... 93%  463K 2s
 12000K .......... .......... .......... .......... .......... 93%  479K 2s
 12050K .......... .......... .......... .......... .......... 93%  354K 2s
 12100K .......... .......... .......... .......... .......... 94%  537K 2s
 12150K .......... .......... .......... .......... .......... 94%  477K 2s
 12200K .......... .......... .......... .......... .......... 95%  388K 1s
 12250K .......... .......... .......... .......... .......... 95%  555K 1s
 12300K .......... .......... .......... .......... .......... 95%  474K 1s
 12350K .......... .......... .......... .......... .......... 96%  452K 1s
 12400K .......... .......... .......... .......... .......... 96%  474K 1s
 12450K .......... .......... .......... .......... .......... 97%  465K 1s
 12500K .......... .......... .......... .......... .......... 97%  463K 1s
 12550K .......... .......... .......... .......... .......... 97%  464K 1s
 12600K .......... .......... .......... .......... .......... 98%  451K 1s
 12650K .......... .......... .......... .......... .......... 98%  460K 0s
 12700K .......... .......... .......... .......... .......... 98%  451K 0s
 12750K .......... .......... .......... .......... .......... 99%  477K 0s
 12800K .......... .......... .......... .......... .......... 99%  476K 0s
 12850K .......... .......... .......... ....                 100%  474K=28s

2016-05-25 02:27:15 (453 KB/s) - ‘index.html.5’ saved [13193358/13193358]

