--2016-05-25 03:52:19--  http://10.30.50.93:8000/
Connecting to 10.30.50.93:8000... connected.
HTTP request sent, awaiting response... 200 OK
Length: 13193358 (13M) [text/html]
Saving to: ‘index.html.10’

     0K .......... .......... .......... .......... ..........  0% 3.25M 4s
    50K .......... .......... .......... .......... ..........  0% 2.92M 4s
   100K .......... .......... .......... .......... ..........  1% 1.84M 5s
   150K .......... .......... .......... .......... ..........  1% 1.14M 6s
   200K .......... .......... .......... .......... ..........  1%  766K 8s
   250K .......... .......... .......... .......... ..........  2%  204K 17s
   300K .......... .......... .......... .......... ..........  2% 1.20M 16s
   350K .......... .......... .......... .......... ..........  3% 1.20M 15s
   400K .......... .......... .......... .......... ..........  3% 1.20M 15s
   450K .......... .......... .......... .......... ..........  3% 1.24M 14s
   500K .......... .......... .......... .......... ..........  4%  965K 14s
   550K .......... .......... .......... .......... ..........  4% 1.22M 14s
   600K .......... .......... .......... .......... ..........  5%  195K 17s
   650K .......... .......... .......... .......... ..........  5% 1.33M 17s
   700K .......... .......... .......... .......... ..........  5% 1.03M 16s
   750K .......... .......... .......... .......... ..........  6% 1.18M 16s
   800K .......... .......... .......... .......... ..........  6%  205K 18s
   850K .......... .......... .......... .......... ..........  6% 2.08M 18s
   900K .......... .......... .......... .......... ..........  7% 1.98M 17s
   950K .......... .......... .......... .......... ..........  7% 1.92M 16s
  1000K .......... .......... .......... .......... ..........  8% 1.57M 16s
  1050K .......... .......... .......... .......... ..........  8%  214K 17s
  1100K .......... .......... .......... .......... ..........  8% 1.75M 17s
  1150K .......... .......... .......... .......... ..........  9% 2.44M 16s
  1200K .......... .......... .......... .......... ..........  9% 1.42M 16s
  1250K .......... .......... .......... .......... .......... 10%  193K 18s
  1300K .......... .......... .......... .......... .......... 10% 1.16M 17s
  1350K .......... .......... .......... .......... .......... 10% 1.10M 17s
  1400K .......... .......... .......... .......... .......... 11% 1.14M 17s
  1450K .......... .......... .......... .......... .......... 11% 1.30M 16s
  1500K .......... .......... .......... .......... .......... 12% 1.82M 16s
  1550K .......... .......... .......... .......... .......... 12% 2.06M 15s
  1600K .......... .......... .......... .......... .......... 12% 1.91M 15s
  1650K .......... .......... .......... .......... .......... 13% 1.31M 15s
  1700K .......... .......... .......... .......... .......... 13% 1.41M 15s
  1750K .......... .......... .......... .......... .......... 13% 1.13M 14s
  1800K .......... .......... .......... .......... .......... 14% 1.45M 14s
  1850K .......... .......... .......... .......... .......... 14% 1.63M 14s
  1900K .......... .......... .......... .......... .......... 15% 1.28M 14s
  1950K .......... .......... .......... .......... .......... 15% 2.36M 13s
  2000K .......... .......... .......... .......... .......... 15% 1.99M 13s
  2050K .......... .......... .......... .......... .......... 16% 1.43M 13s
  2100K .......... .......... .......... .......... .......... 16% 1.12M 13s
  2150K .......... .......... .......... .......... .......... 17% 1.39M 13s
  2200K .......... .......... .......... .......... .......... 17% 2.06M 12s
  2250K .......... .......... .......... .......... .......... 17% 1.50M 12s
  2300K .......... .......... .......... .......... .......... 18%  969K 12s
  2350K .......... .......... .......... .......... .......... 18% 1.01M 12s
  2400K .......... .......... .......... .......... .......... 19% 1.30M 12s
  2450K .......... .......... .......... .......... .......... 19% 1.20M 12s
  2500K .......... .......... .......... .......... .......... 19% 1.13M 12s
  2550K .......... .......... .......... .......... .......... 20% 1.47M 11s
  2600K .......... .......... .......... .......... .......... 20% 1.04M 11s
  2650K .......... .......... .......... .......... .......... 20%  906K 11s
  2700K .......... .......... .......... .......... .......... 21% 1.23M 11s
  2750K .......... .......... .......... .......... .......... 21% 1.10M 11s
  2800K .......... .......... .......... .......... .......... 22% 1.13M 11s
  2850K .......... .......... .......... .......... .......... 22%  999K 11s
  2900K .......... .......... .......... .......... .......... 22%  200K 12s
  2950K .......... .......... .......... .......... .......... 23% 1.24M 11s
  3000K .......... .......... .......... .......... .......... 23% 1.04M 11s
  3050K .......... .......... .......... .......... .......... 24% 1.24M 11s
  3100K .......... .......... .......... .......... .......... 24% 1.61M 11s
  3150K .......... .......... .......... .......... .......... 24% 1.38M 11s
  3200K .......... .......... .......... .......... .......... 25% 2.18M 11s
  3250K .......... .......... .......... .......... .......... 25% 1.31M 11s
  3300K .......... .......... .......... .......... .......... 26%  881K 11s
  3350K .......... .......... .......... .......... .......... 26% 1.36M 11s
  3400K .......... .......... .......... .......... .......... 26%  204K 11s
  3450K .......... .......... .......... .......... .......... 27%  939K 11s
  3500K .......... .......... .......... .......... .......... 27%  111K 12s
  3550K .......... .......... .......... .......... .......... 27%  111K 13s
  3600K .......... .......... .......... .......... .......... 28%  207K 13s
  3650K .......... .......... .......... .......... .......... 28% 1.39M 13s
  3700K .......... .......... .......... .......... .......... 29%  193K 13s
  3750K .......... .......... .......... .......... .......... 29%  207K 14s
  3800K .......... .......... .......... .......... .......... 29% 1.32M 14s
  3850K .......... .......... .......... .......... .......... 30% 1.09M 13s
  3900K .......... .......... .......... .......... .......... 30% 1.46M 13s
  3950K .......... .......... .......... .......... .......... 31%  937K 13s
  4000K .......... .......... .......... .......... .......... 31% 1.18M 13s
  4050K .......... .......... .......... .......... .......... 31%  205K 13s
  4100K .......... .......... .......... .......... .......... 32% 1.49M 13s
  4150K .......... .......... .......... .......... .......... 32% 1.19M 13s
  4200K .......... .......... .......... .......... .......... 32% 1.06M 13s
  4250K .......... .......... .......... .......... .......... 33% 1.05M 13s
  4300K .......... .......... .......... .......... .......... 33% 1.24M 13s
  4350K .......... .......... .......... .......... .......... 34% 1.14M 12s
  4400K .......... .......... .......... .......... .......... 34% 1.18M 12s
  4450K .......... .......... .......... .......... .......... 34% 1.37M 12s
  4500K .......... .......... .......... .......... .......... 35% 77.4K 13s
  4550K .......... .......... .......... .......... .......... 35% 1.86M 13s
  4600K .......... .......... .......... .......... .......... 36% 2.57M 13s
  4650K .......... .......... .......... .......... .......... 36% 1.41M 13s
  4700K .......... .......... .......... .......... .......... 36%  190K 13s
  4750K .......... .......... .......... .......... .......... 37%  200K 13s
  4800K .......... .......... .......... .......... .......... 37%  210K 13s
  4850K .......... .......... .......... .......... .......... 38%  112K 14s
  4900K .......... .......... .......... .......... .......... 38% 2.18M 14s
  4950K .......... .......... .......... .......... .......... 38% 1.24M 13s
  5000K .......... .......... .......... .......... .......... 39%  205K 14s
  5050K .......... .......... .......... .......... .......... 39% 1.19M 13s
  5100K .......... .......... .......... .......... .......... 39% 1.44M 13s
  5150K .......... .......... .......... .......... .......... 40% 1.48M 13s
  5200K .......... .......... .......... .......... .......... 40% 1.25M 13s
  5250K .......... .......... .......... .......... .......... 41% 1.12M 13s
  5300K .......... .......... .......... .......... .......... 41% 76.8K 14s
  5350K .......... .......... .......... .......... .......... 41% 1.87M 13s
  5400K .......... .......... .......... .......... .......... 42% 1.56M 13s
  5450K .......... .......... .......... .......... .......... 42% 1.26M 13s
  5500K .......... .......... .......... .......... .......... 43% 1.35M 13s
  5550K .......... .......... .......... .......... .......... 43% 1.49M 13s
  5600K .......... .......... .......... .......... .......... 43% 1.81M 13s
  5650K .......... .......... .......... .......... .......... 44% 1.24M 12s
  5700K .......... .......... .......... .......... .......... 44%  192K 13s
  5750K .......... .......... .......... .......... .......... 45%  110K 13s
  5800K .......... .......... .......... .......... .......... 45% 1.29M 13s
  5850K .......... .......... .......... .......... .......... 45% 76.9K 13s
  5900K .......... .......... .......... .......... .......... 46% 1.06M 13s
  5950K .......... .......... .......... .......... .......... 46% 1.05M 13s
  6000K .......... .......... .......... .......... .......... 46%  878K 13s
  6050K .......... .......... .......... .......... .......... 47% 1.30M 13s
  6100K .......... .......... .......... .......... .......... 47% 1.42M 13s
  6150K .......... .......... .......... .......... .......... 48% 2.04M 12s
  6200K .......... .......... .......... .......... .......... 48% 1.37M 12s
  6250K .......... .......... .......... .......... .......... 48% 1.38M 12s
  6300K .......... .......... .......... .......... .......... 49% 1.13M 12s
  6350K .......... .......... .......... .......... .......... 49% 1.23M 12s
  6400K .......... .......... .......... .......... .......... 50% 1.06M 12s
  6450K .......... .......... .......... .......... .......... 50% 1.01M 12s
  6500K .......... .......... .......... .......... .......... 50% 1.06M 11s
  6550K .......... .......... .......... .......... .......... 51% 1.25M 11s
  6600K .......... .......... .......... .......... .......... 51% 1.01M 11s
  6650K .......... .......... .......... .......... .......... 52% 1.20M 11s
  6700K .......... .......... .......... .......... .......... 52% 74.5K 11s
  6750K .......... .......... .......... .......... .......... 52% 1.29M 11s
  6800K .......... .......... .......... .......... .......... 53% 1.62M 11s
  6850K .......... .......... .......... .......... .......... 53% 1.38M 11s
  6900K .......... .......... .......... .......... .......... 53% 1.13M 11s
  6950K .......... .......... .......... .......... .......... 54%  205K 11s
  7000K .......... .......... .......... .......... .......... 54% 1.15M 11s
  7050K .......... .......... .......... .......... .......... 55%  205K 11s
  7100K .......... .......... .......... .......... .......... 55%  207K 11s
  7150K .......... .......... .......... .......... .......... 55% 1.04M 11s
  7200K .......... .......... .......... .......... .......... 56% 1.03M 11s
  7250K .......... .......... .......... .......... .......... 56%  208K 11s
  7300K .......... .......... .......... .......... .......... 57% 1.07M 10s
  7350K .......... .......... .......... .......... .......... 57%  917K 10s
  7400K .......... .......... .......... .......... .......... 57% 1.21M 10s
  7450K .......... .......... .......... .......... .......... 58%  994K 10s
  7500K .......... .......... .......... .......... .......... 58%  895K 10s
  7550K .......... .......... .......... .......... .......... 58% 1.36M 10s
  7600K .......... .......... .......... .......... .......... 59% 1.11M 10s
  7650K .......... .......... .......... .......... .......... 59% 1.23M 10s
  7700K .......... .......... .......... .......... .......... 60% 77.2K 10s
  7750K .......... .......... .......... .......... .......... 60% 1.04M 10s
  7800K .......... .......... .......... .......... .......... 60% 1.19M 10s
  7850K .......... .......... .......... .......... .......... 61% 1.05M 9s
  7900K .......... .......... .......... .......... .......... 61% 1.01M 9s
  7950K .......... .......... .......... .......... .......... 62% 1.10M 9s
  8000K .......... .......... .......... .......... .......... 62% 1.48M 9s
  8050K .......... .......... .......... .......... .......... 62% 1.23M 9s
  8100K .......... .......... .......... .......... .......... 63%  113K 9s
  8150K .......... .......... .......... .......... .......... 63% 1.18M 9s
  8200K .......... .......... .......... .......... .......... 64% 1.07M 9s
  8250K .......... .......... .......... .......... .......... 64%  202K 9s
  8300K .......... .......... .......... .......... .......... 64% 1.11M 9s
  8350K .......... .......... .......... .......... .......... 65% 79.5K 9s
  8400K .......... .......... .......... .......... .......... 65%  103M 9s
  8450K .......... .......... .......... .......... .......... 65%  948K 9s
  8500K .......... .......... .......... .......... .......... 66% 1.25M 8s
  8550K .......... .......... .......... .......... .......... 66% 1.22M 8s
  8600K .......... .......... .......... .......... .......... 67% 1.12M 8s
  8650K .......... .......... .......... .......... .......... 67% 1.10M 8s
  8700K .......... .......... .......... .......... .......... 67% 1.46M 8s
  8750K .......... .......... .......... .......... .......... 68% 1002K 8s
  8800K .......... .......... .......... .......... .......... 68%  910K 8s
  8850K .......... .......... .......... .......... .......... 69%  212K 8s
  8900K .......... .......... .......... .......... .......... 69% 1.00M 8s
  8950K .......... .......... .......... .......... .......... 69% 1.48M 7s
  9000K .......... .......... .......... .......... .......... 70% 1.05M 7s
  9050K .......... .......... .......... .......... .......... 70% 1.17M 7s
  9100K .......... .......... .......... .......... .......... 71% 1.22M 7s
  9150K .......... .......... .......... .......... .......... 71% 2.03M 7s
  9200K .......... .......... .......... .......... .......... 71% 2.05M 7s
  9250K .......... .......... .......... .......... .......... 72% 1.12M 7s
  9300K .......... .......... .......... .......... .......... 72% 1.45M 7s
  9350K .......... .......... .......... .......... .......... 72% 1.16M 7s
  9400K .......... .......... .......... .......... .......... 73% 1.12M 6s
  9450K .......... .......... .......... .......... .......... 73% 1.03M 6s
  9500K .......... .......... .......... .......... .......... 74% 1.35M 6s
  9550K .......... .......... .......... .......... .......... 74%  967K 6s
  9600K .......... .......... .......... .......... .......... 74% 1.01M 6s
  9650K .......... .......... .......... .......... .......... 75% 1.46M 6s
  9700K .......... .......... .......... .......... .......... 75% 38.9K 6s
  9750K .......... .......... .......... .......... .......... 76%  207K 6s
  9800K .......... .......... .......... .......... .......... 76% 1.06M 6s
  9850K .......... .......... .......... .......... .......... 76% 1.18M 6s
  9900K .......... .......... .......... .......... .......... 77%  867K 6s
  9950K .......... .......... .......... .......... .......... 77% 1.29M 6s
 10000K .......... .......... .......... .......... .......... 78% 1.13M 6s
 10050K .......... .......... .......... .......... .......... 78%  212K 5s
 10100K .......... .......... .......... .......... .......... 78%  114K 5s
 10150K .......... .......... .......... .......... .......... 79%  244K 5s
 10200K .......... .......... .......... .......... .......... 79% 1.85M 5s
 10250K .......... .......... .......... .......... .......... 79% 1.49M 5s
 10300K .......... .......... .......... .......... .......... 80% 1.17M 5s
 10350K .......... .......... .......... .......... .......... 80% 2.07M 5s
 10400K .......... .......... .......... .......... .......... 81% 1.54M 5s
 10450K .......... .......... .......... .......... .......... 81% 1.05M 5s
 10500K .......... .......... .......... .......... .......... 81% 1.46M 5s
 10550K .......... .......... .......... .......... .......... 82% 1.20M 4s
 10600K .......... .......... .......... .......... .......... 82% 1.27M 4s
 10650K .......... .......... .......... .......... .......... 83% 1.06M 4s
 10700K .......... .......... .......... .......... .......... 83% 1.01M 4s
 10750K .......... .......... .......... .......... .......... 83%  112K 4s
 10800K .......... .......... .......... .......... .......... 84% 1.09M 4s
 10850K .......... .......... .......... .......... .......... 84% 1.15M 4s
 10900K .......... .......... .......... .......... .......... 84% 1010K 4s
 10950K .......... .......... .......... .......... .......... 85% 1.10M 4s
 11000K .......... .......... .......... .......... .......... 85% 1.19M 4s
 11050K .......... .......... .......... .......... .......... 86% 1.57M 3s
 11100K .......... .......... .......... .......... .......... 86% 1.29M 3s
 11150K .......... .......... .......... .......... .......... 86% 1.08M 3s
 11200K .......... .......... .......... .......... .......... 87% 76.5K 3s
 11250K .......... .......... .......... .......... .......... 87% 1.31M 3s
 11300K .......... .......... .......... .......... .......... 88% 1.06M 3s
 11350K .......... .......... .......... .......... .......... 88% 1.33M 3s
 11400K .......... .......... .......... .......... .......... 88% 1.35M 3s
 11450K .......... .......... .......... .......... .......... 89% 1.97M 3s
 11500K .......... .......... .......... .......... .......... 89% 1.31M 3s
 11550K .......... .......... .......... .......... .......... 90% 1.00M 2s
 11600K .......... .......... .......... .......... .......... 90% 1.25M 2s
 11650K .......... .......... .......... .......... .......... 90%  203K 2s
 11700K .......... .......... .......... .......... .......... 91%  211K 2s
 11750K .......... .......... .......... .......... .......... 91% 1.38M 2s
 11800K .......... .......... .......... .......... .......... 91% 1.34M 2s
 11850K .......... .......... .......... .......... .......... 92% 1.43M 2s
 11900K .......... .......... .......... .......... .......... 92% 1.49M 2s
 11950K .......... .......... .......... .......... .......... 93% 1.08M 2s
 12000K .......... .......... .......... .......... .......... 93%  212K 2s
 12050K .......... .......... .......... .......... .......... 93% 1.27M 2s
 12100K .......... .......... .......... .......... .......... 94% 1.19M 1s
 12150K .......... .......... .......... .......... .......... 94% 1.26M 1s
 12200K .......... .......... .......... .......... .......... 95% 1.35M 1s
 12250K .......... .......... .......... .......... .......... 95% 1.09M 1s
 12300K .......... .......... .......... .......... .......... 95% 1.37M 1s
 12350K .......... .......... .......... .......... .......... 96% 1.16M 1s
 12400K .......... .......... .......... .......... .......... 96% 2.86M 1s
 12450K .......... .......... .......... .......... .......... 97% 1.30M 1s
 12500K .......... .......... .......... .......... .......... 97% 1.78M 1s
 12550K .......... .......... .......... .......... .......... 97% 1.53M 1s
 12600K .......... .......... .......... .......... .......... 98%  209K 0s
 12650K .......... .......... .......... .......... .......... 98% 1.25M 0s
 12700K .......... .......... .......... .......... .......... 98% 1.06M 0s
 12750K .......... .......... .......... .......... .......... 99% 1.37M 0s
 12800K .......... .......... .......... .......... .......... 99% 1.23M 0s
 12850K .......... .......... .......... ....                 100% 1.43M=24s

2016-05-25 03:52:43 (530 KB/s) - ‘index.html.10’ saved [13193358/13193358]

