--2016-05-25 00:14:31--  http://10.30.50.93:8000/
Connecting to 10.30.50.93:8000... connected.
HTTP request sent, awaiting response... 200 OK
Length: 13193358 (13M) [text/html]
Saving to: ‘index.html.6’

     0K .......... .......... .......... .......... ..........  0%  110K 1m57s
    50K .......... .......... .......... .......... ..........  0%  113K 1m55s
   100K .......... .......... .......... .......... ..........  1%  116K 1m53s
   150K .......... .......... .......... .......... ..........  1% 96.9K 1m57s
   200K .......... .......... .......... .......... ..........  1%  144K 1m51s
   250K .......... .......... .......... .......... ..........  2%  110K 1m51s
   300K .......... .......... .......... .......... ..........  2%  119K 1m50s
   350K .......... .......... .......... .......... ..........  3%  113K 1m50s
   400K .......... .......... .......... .......... ..........  3%  107K 1m50s
   450K .......... .......... .......... .......... ..........  3%  119K 1m49s
   500K .......... .......... .......... .......... ..........  4%  113K 1m49s
   550K .......... .......... .......... .......... ..........  4%  110K 1m49s
   600K .......... .......... .......... .......... ..........  5%  123K 1m48s
   650K .......... .......... .......... .......... ..........  5%  101K 1m48s
   700K .......... .......... .......... .......... ..........  5%  113K 1m48s
   750K .......... .......... .......... .......... ..........  6%  119K 1m47s
   800K .......... .......... .......... .......... ..........  6%  116K 1m46s
   850K .......... .......... .......... .......... ..........  6%  116K 1m46s
   900K .......... .......... .......... .......... ..........  7%  119K 1m45s
   950K .......... .......... .......... .......... ..........  7%  113K 1m45s
  1000K .......... .......... .......... .......... ..........  8%  110K 1m44s
  1050K .......... .......... .......... .......... ..........  8%  107K 1m44s
  1100K .......... .......... .......... .......... ..........  8%  122K 1m43s
  1150K .......... .......... .......... .......... ..........  9%  113K 1m43s
  1200K .......... .......... .......... .......... ..........  9% 99.3K 1m43s
  1250K .......... .......... .......... .......... .......... 10%  126K 1m42s
  1300K .......... .......... .......... .......... .......... 10%  119K 1m42s
  1350K .......... .......... .......... .......... .......... 10% 99.1K 1m42s
  1400K .......... .......... .......... .......... .......... 11%  126K 1m41s
  1450K .......... .......... .......... .......... .......... 11%  107K 1m41s
  1500K .......... .......... .......... .......... .......... 12%  110K 1m40s
  1550K .......... .......... .......... .......... .......... 12%  116K 1m40s
  1600K .......... .......... .......... .......... .......... 12%  112K 99s
  1650K .......... .......... .......... .......... .......... 13%  110K 99s
  1700K .......... .......... .......... .......... .......... 13%  119K 98s
  1750K .......... .......... .......... .......... .......... 13%  110K 98s
  1800K .......... .......... .......... .......... .......... 14%  116K 98s
  1850K .......... .......... .......... .......... .......... 14% 96.8K 98s
  1900K .......... .......... .......... .......... .......... 15%  116K 97s
  1950K .......... .......... .......... .......... .......... 15%  130K 96s
  2000K .......... .......... .......... .......... .......... 15%  119K 96s
  2050K .......... .......... .......... .......... .......... 16%  110K 95s
  2100K .......... .......... .......... .......... .......... 16%  119K 95s
  2150K .......... .......... .......... .......... .......... 17%  116K 94s
  2200K .......... .......... .......... .......... .......... 17% 96.9K 94s
  2250K .......... .......... .......... .......... .......... 17%  113K 94s
  2300K .......... .......... .......... .......... .......... 18% 88.7K 94s
  2350K .......... .......... .......... .......... .......... 18%  116K 93s
  2400K .......... .......... .......... .......... .......... 19%  113K 93s
  2450K .......... .......... .......... .......... .......... 19%  113K 92s
  2500K .......... .......... .......... .......... .......... 19%  113K 92s
  2550K .......... .......... .......... .......... .......... 20%  110K 92s
  2600K .......... .......... .......... .......... .......... 20%  113K 91s
  2650K .......... .......... .......... .......... .......... 20%  104K 91s
  2700K .......... .......... .......... .......... .......... 21%  130K 90s
  2750K .......... .......... .......... .......... .......... 21%  107K 90s
  2800K .......... .......... .......... .......... .......... 22%  116K 89s
  2850K .......... .......... .......... .......... .......... 22%  102K 89s
  2900K .......... .......... .......... .......... .......... 22%  130K 88s
  2950K .......... .......... .......... .......... .......... 23%  113K 88s
  3000K .......... .......... .......... .......... .......... 23%  113K 87s
  3050K .......... .......... .......... .......... .......... 24%  104K 87s
  3100K .......... .......... .......... .......... .......... 24%  116K 87s
  3150K .......... .......... .......... .......... .......... 24% 99.1K 86s
  3200K .......... .......... .......... .......... .......... 25%  130K 86s
  3250K .......... .......... .......... .......... .......... 25%  107K 85s
  3300K .......... .......... .......... .......... .......... 26%  119K 85s
  3350K .......... .......... .......... .......... .......... 26%  102K 85s
  3400K .......... .......... .......... .......... .......... 26%  130K 84s
  3450K .......... .......... .......... .......... .......... 27%  110K 84s
  3500K .......... .......... .......... .......... .......... 27%  107K 83s
  3550K .......... .......... .......... .......... .......... 27%  107K 83s
  3600K .......... .......... .......... .......... .......... 28%  126K 82s
  3650K .......... .......... .......... .......... .......... 28%  107K 82s
  3700K .......... .......... .......... .......... .......... 29%  116K 81s
  3750K .......... .......... .......... .......... .......... 29%  116K 81s
  3800K .......... .......... .......... .......... .......... 29%  110K 80s
  3850K .......... .......... .......... .......... .......... 30%  107K 80s
  3900K .......... .......... .......... .......... .......... 30%  116K 80s
  3950K .......... .......... .......... .......... .......... 31%  113K 79s
  4000K .......... .......... .......... .......... .......... 31%  116K 79s
  4050K .......... .......... .......... .......... .......... 31%  116K 78s
  4100K .......... .......... .......... .......... .......... 32%  110K 78s
  4150K .......... .......... .......... .......... .......... 32%  113K 77s
  4200K .......... .......... .......... .......... .......... 32%  110K 77s
  4250K .......... .......... .......... .......... .......... 33%  116K 76s
  4300K .......... .......... .......... .......... .......... 33%  116K 76s
  4350K .......... .......... .......... .......... .......... 34%  119K 75s
  4400K .......... .......... .......... .......... .......... 34%  109K 75s
  4450K .......... .......... .......... .......... .......... 34%  116K 75s
  4500K .......... .......... .......... .......... .......... 35%  119K 74s
  4550K .......... .......... .......... .......... .......... 35%  110K 74s
  4600K .......... .......... .......... .......... .......... 36%  110K 73s
  4650K .......... .......... .......... .......... .......... 36%  116K 73s
  4700K .......... .......... .......... .......... .......... 36%  110K 72s
  4750K .......... .......... .......... .......... .......... 37%  107K 72s
  4800K .......... .......... .......... .......... .......... 37%  123K 71s
  4850K .......... .......... .......... .......... .......... 38% 94.6K 71s
  4900K .......... .......... .......... .......... .......... 38%  144K 70s
  4950K .......... .......... .......... .......... .......... 38%  113K 70s
  5000K .......... .......... .......... .......... .......... 39%  119K 70s
  5050K .......... .......... .......... .......... .......... 39%  119K 69s
  5100K .......... .......... .......... .......... .......... 39%  116K 69s
  5150K .......... .......... .......... .......... .......... 40% 97.0K 68s
  5200K .......... .......... .......... .......... .......... 40%  149K 68s
  5250K .......... .......... .......... .......... .......... 41%  113K 67s
  5300K .......... .......... .......... .......... .......... 41%  104K 67s
  5350K .......... .......... .......... .......... .......... 41%  126K 66s
  5400K .......... .......... .......... .......... .......... 42%  107K 66s
  5450K .......... .......... .......... .......... .......... 42%  113K 65s
  5500K .......... .......... .......... .......... .......... 43%  102K 65s
  5550K .......... .......... .......... .......... .......... 43%  130K 65s
  5600K .......... .......... .......... .......... .......... 43%  107K 64s
  5650K .......... .......... .......... .......... .......... 44% 88.7K 64s
  5700K .......... .......... .......... .......... .......... 44%  119K 63s
  5750K .......... .......... .......... .......... .......... 45%  116K 63s
  5800K .......... .......... .......... .......... .......... 45%  107K 63s
  5850K .......... .......... .......... .......... .......... 45% 97.0K 62s
  5900K .......... .......... .......... .......... .......... 46%  130K 62s
  5950K .......... .......... .......... .......... .......... 46%  113K 61s
  6000K .......... .......... .......... .......... .......... 46% 99.2K 61s
  6050K .......... .......... .......... .......... .......... 47%  126K 60s
  6100K .......... .......... .......... .......... .......... 47%  107K 60s
  6150K .......... .......... .......... .......... .......... 48%  104K 60s
  6200K .......... .......... .......... .......... .......... 48%  104K 59s
  6250K .......... .......... .......... .......... .......... 48%  116K 59s
  6300K .......... .......... .......... .......... .......... 49%  104K 58s
  6350K .......... .......... .......... .......... .......... 49%  102K 58s
  6400K .......... .......... .......... .......... .......... 50%  116K 57s
  6450K .......... .......... .......... .......... .......... 50%  126K 57s
  6500K .......... .......... .......... .......... .......... 50% 99.2K 56s
  6550K .......... .......... .......... .......... .......... 51%  130K 56s
  6600K .......... .......... .......... .......... .......... 51%  119K 56s
  6650K .......... .......... .......... .......... .......... 52% 90.5K 55s
  6700K .......... .......... .......... .......... .......... 52%  144K 55s
  6750K .......... .......... .......... .......... .......... 52%  113K 54s
  6800K .......... .......... .......... .......... .......... 53%  116K 54s
  6850K .......... .......... .......... .......... .......... 53% 96.8K 53s
  6900K .......... .......... .......... .......... .......... 53%  135K 53s
  6950K .......... .......... .......... .......... .......... 54%  113K 52s
  7000K .......... .......... .......... .......... .......... 54%  107K 52s
  7050K .......... .......... .......... .......... .......... 55% 92.7K 52s
  7100K .......... .......... .......... .......... .......... 55%  110K 51s
  7150K .......... .......... .......... .......... .......... 55%  116K 51s
  7200K .......... .......... .......... .......... .......... 56%  113K 50s
  7250K .......... .......... .......... .......... .......... 56%  119K 50s
  7300K .......... .......... .......... .......... .......... 57%  119K 49s
  7350K .......... .......... .......... .......... .......... 57%  113K 49s
  7400K .......... .......... .......... .......... .......... 57%  119K 48s
  7450K .......... .......... .......... .......... .......... 58%  119K 48s
  7500K .......... .......... .......... .......... .......... 58%  116K 47s
  7550K .......... .......... .......... .......... .......... 58%  119K 47s
  7600K .......... .......... .......... .......... .......... 59%  113K 47s
  7650K .......... .......... .......... .......... .......... 59% 86.8K 46s
  7700K .......... .......... .......... .......... .......... 60%  149K 46s
  7750K .......... .......... .......... .......... .......... 60%  107K 45s
  7800K .......... .......... .......... .......... .......... 60%  135K 45s
  7850K .......... .......... .......... .......... .......... 61%  119K 44s
  7900K .......... .......... .......... .......... .......... 61%  107K 44s
  7950K .......... .......... .......... .......... .......... 62%  116K 43s
  8000K .......... .......... .......... .......... .......... 62%  115K 43s
  8050K .......... .......... .......... .......... .......... 62% 99.4K 43s
  8100K .......... .......... .......... .......... .......... 63%  130K 42s
  8150K .......... .......... .......... .......... .......... 63% 99.4K 42s
  8200K .......... .......... .......... .......... .......... 64%  134K 41s
  8250K .......... .......... .......... .......... .......... 64%  119K 41s
  8300K .......... .......... .......... .......... .......... 64%  116K 40s
  8350K .......... .......... .......... .......... .......... 65% 99.2K 40s
  8400K .......... .......... .......... .......... .......... 65%  126K 39s
  8450K .......... .......... .......... .......... .......... 65%  116K 39s
  8500K .......... .......... .......... .......... .......... 66%  119K 39s
  8550K .......... .......... .......... .......... .......... 66%  116K 38s
  8600K .......... .......... .......... .......... .......... 67%  104K 38s
  8650K .......... .......... .......... .......... .......... 67%  122K 37s
  8700K .......... .......... .......... .......... .......... 67% 94.8K 37s
  8750K .......... .......... .......... .......... .......... 68%  126K 36s
  8800K .......... .......... .......... .......... .......... 68%  110K 36s
  8850K .......... .......... .......... .......... .......... 69%  110K 35s
  8900K .......... .......... .......... .......... .......... 69%  116K 35s
  8950K .......... .......... .......... .......... .......... 69% 94.8K 35s
  9000K .......... .......... .......... .......... .......... 70%  144K 34s
  9050K .......... .......... .......... .......... .......... 70%  119K 34s
  9100K .......... .......... .......... .......... .......... 71%  104K 33s
  9150K .......... .......... .......... .......... .......... 71%  102K 33s
  9200K .......... .......... .......... .......... .......... 71%  123K 32s
  9250K .......... .......... .......... .......... .......... 72%  112K 32s
  9300K .......... .......... .......... .......... .......... 72% 99.3K 31s
  9350K .......... .......... .......... .......... .......... 72%  104K 31s
  9400K .......... .......... .......... .......... .......... 73%  143K 31s
  9450K .......... .......... .......... .......... .......... 73%  107K 30s
  9500K .......... .......... .......... .......... .......... 74%  110K 30s
  9550K .......... .......... .......... .......... .......... 74%  113K 29s
  9600K .......... .......... .......... .......... .......... 74%  116K 29s
  9650K .......... .......... .......... .......... .......... 75%  119K 28s
  9700K .......... .......... .......... .......... .......... 75%  110K 28s
  9750K .......... .......... .......... .......... .......... 76%  116K 27s
  9800K .......... .......... .......... .......... .......... 76%  110K 27s
  9850K .......... .......... .......... .......... .......... 76%  116K 27s
  9900K .......... .......... .......... .......... .......... 77% 96.9K 26s
  9950K .......... .......... .......... .......... .......... 77%  126K 26s
 10000K .......... .......... .......... .......... .......... 78% 86.8K 25s
 10050K .......... .......... .......... .......... .......... 78% 77.1K 25s
 10100K .......... .......... .......... .......... .......... 78% 92.6K 24s
 10150K .......... .......... .......... .......... .......... 79%  110K 24s
 10200K .......... .......... .......... .......... .......... 79%  104K 24s
 10250K .......... .......... .......... .......... .......... 79%  126K 23s
 10300K .......... .......... .......... .......... .......... 80%  110K 23s
 10350K .......... .......... .......... .......... .......... 80% 92.5K 22s
 10400K .......... .......... .......... .......... .......... 81%  135K 22s
 10450K .......... .......... .......... .......... .......... 81%  119K 21s
 10500K .......... .......... .......... .......... .......... 81%  113K 21s
 10550K .......... .......... .......... .......... .......... 82%  116K 20s
 10600K .......... .......... .......... .......... .......... 82%  116K 20s
 10650K .......... .......... .......... .......... .......... 83% 94.8K 20s
 10700K .......... .......... .......... .......... .......... 83%  149K 19s
 10750K .......... .......... .......... .......... .......... 83% 99.3K 19s
 10800K .......... .......... .......... .......... .......... 84% 96.9K 18s
 10850K .......... .......... .......... .......... .......... 84%  110K 18s
 10900K .......... .......... .......... .......... .......... 84% 99.1K 17s
 10950K .......... .......... .......... .......... .......... 85%  130K 17s
 11000K .......... .......... .......... .......... .......... 85%  116K 16s
 11050K .......... .......... .......... .......... .......... 86%  116K 16s
 11100K .......... .......... .......... .......... .......... 86%  116K 15s
 11150K .......... .......... .......... .......... .......... 86%  119K 15s
 11200K .......... .......... .......... .......... .......... 87% 92.6K 15s
 11250K .......... .......... .......... .......... .......... 87%  144K 14s
 11300K .......... .......... .......... .......... .......... 88% 96.9K 14s
 11350K .......... .......... .......... .......... .......... 88%  144K 13s
 11400K .......... .......... .......... .......... .......... 88%  102K 13s
 11450K .......... .......... .......... .......... .......... 89%  119K 12s
 11500K .......... .......... .......... .......... .......... 89%  113K 12s
 11550K .......... .......... .......... .......... .......... 90%  116K 11s
 11600K .......... .......... .......... .......... .......... 90%  116K 11s
 11650K .......... .......... .......... .......... .......... 90%  110K 11s
 11700K .......... .......... .......... .......... .......... 91%  123K 10s
 11750K .......... .......... .......... .......... .......... 91%  116K 10s
 11800K .......... .......... .......... .......... .......... 91%  113K 9s
 11850K .......... .......... .......... .......... .......... 92%  119K 9s
 11900K .......... .......... .......... .......... .......... 92% 99.3K 8s
 11950K .......... .......... .......... .......... .......... 93%  130K 8s
 12000K .......... .......... .......... .......... .......... 93%  113K 7s
 12050K .......... .......... .......... .......... .......... 93% 99.3K 7s
 12100K .......... .......... .......... .......... .......... 94%  110K 7s
 12150K .......... .......... .......... .......... .......... 94%  102K 6s
 12200K .......... .......... .......... .......... .......... 95%  110K 6s
 12250K .......... .......... .......... .......... .......... 95% 96.8K 5s
 12300K .......... .......... .......... .......... .......... 95%  144K 5s
 12350K .......... .......... .......... .......... .......... 96%  104K 4s
 12400K .......... .......... .......... .......... .......... 96%  116K 4s
 12450K .......... .......... .......... .......... .......... 97%  116K 3s
 12500K .......... .......... .......... .......... .......... 97%  113K 3s
 12550K .......... .......... .......... .......... .......... 97%  113K 3s
 12600K .......... .......... .......... .......... .......... 98%  110K 2s
 12650K .......... .......... .......... .......... .......... 98% 96.8K 2s
 12700K .......... .......... .......... .......... .......... 98%  119K 1s
 12750K .......... .......... .......... .......... .......... 99%  116K 1s
 12800K .......... .......... .......... .......... .......... 99%  110K 0s
 12850K .......... .......... .......... ....                 100%  129K=1m55s

2016-05-25 00:16:26 (112 KB/s) - ‘index.html.6’ saved [13193358/13193358]

