--2016-05-25 00:31:59--  http://10.30.50.93:8000/
Connecting to 10.30.50.93:8000... connected.
HTTP request sent, awaiting response... 200 OK
Length: 13193358 (13M) [text/html]
Saving to: ‘index.html.14’

     0K .......... .......... .......... .......... ..........  0%  113K 1m54s
    50K .......... .......... .......... .......... ..........  0% 32.8K 4m11s
   100K .......... .......... .......... .......... ..........  1% 99.1K 3m30s
   150K .......... .......... .......... .......... ..........  1% 90.5K 3m12s
   200K .......... .......... .......... .......... ..........  1% 99.3K 2m58s
   250K .......... .......... .......... .......... ..........  2% 47.3K 3m12s
   300K .......... .......... .......... .......... ..........  2% 51.5K 3m19s
   350K .......... .......... .......... .......... ..........  3% 99.2K 3m9s
   400K .......... .......... .......... .......... ..........  3% 54.1K 3m13s
   450K .......... .......... .......... .......... ..........  3% 99.4K 3m5s
   500K .......... .......... .......... .......... ..........  4% 64.0K 3m5s
   550K .......... .......... .......... .......... ..........  4%  135K 2m57s
   600K .......... .......... .......... .......... ..........  5% 74.4K 2m55s
   650K .......... .......... .......... .......... ..........  5% 71.9K 2m54s
   700K .......... .......... .......... .......... ..........  5% 53.4K 2m57s
   750K .......... .......... .......... .......... ..........  6% 63.1K 2m57s
   800K .......... .......... .......... .......... ..........  6% 88.6K 2m54s
   850K .......... .......... .......... .......... ..........  6%  116K 2m50s
   900K .......... .......... .......... .......... ..........  7% 88.6K 2m47s
   950K .......... .......... .......... .......... ..........  7%  104K 2m44s
  1000K .......... .......... .......... .......... ..........  8% 96.7K 2m41s
  1050K .......... .......... .......... .......... ..........  8%  126K 2m37s
  1100K .......... .......... .......... .......... ..........  8% 83.3K 2m36s
  1150K .......... .......... .......... .......... ..........  9% 97.0K 2m34s
  1200K .......... .......... .......... .......... ..........  9%  104K 2m32s
  1250K .......... .......... .......... .......... .......... 10% 96.9K 2m30s
  1300K .......... .......... .......... .......... .......... 10%  110K 2m27s
  1350K .......... .......... .......... .......... .......... 10% 70.7K 2m27s
  1400K .......... .......... .......... .......... .......... 11% 94.6K 2m26s
  1450K .......... .......... .......... .......... .......... 11%  110K 2m24s
  1500K .......... .......... .......... .......... .......... 12% 50.2K 2m26s
  1550K .......... .......... .......... .......... .......... 12%  232K 2m22s
  1600K .......... .......... .......... .......... .......... 12%  109K 2m20s
  1650K .......... .......... .......... .......... .......... 13% 66.2K 2m21s
  1700K .......... .......... .......... .......... .......... 13%  104K 2m19s
  1750K .......... .......... .......... .......... .......... 13% 94.6K 2m18s
  1800K .......... .......... .......... .......... .......... 14% 52.8K 2m19s
  1850K .......... .......... .......... .......... .......... 14%  101K 2m18s
  1900K .......... .......... .......... .......... .......... 15% 86.9K 2m17s
  1950K .......... .......... .......... .......... .......... 15% 46.8K 2m19s
  2000K .......... .......... .......... .......... .......... 15% 99.3K 2m17s
  2050K .......... .......... .......... .......... .......... 16% 88.6K 2m16s
  2100K .......... .......... .......... .......... .......... 16% 88.7K 2m15s
  2150K .......... .......... .......... .......... .......... 17%  104K 2m14s
  2200K .......... .......... .......... .......... .......... 17% 46.8K 2m15s
  2250K .......... .......... .......... .......... .......... 17% 52.7K 2m16s
  2300K .......... .......... .......... .......... .......... 18%  123K 2m14s
  2350K .......... .......... .......... .......... .......... 18% 99.2K 2m13s
  2400K .......... .......... .......... .......... .......... 19% 94.7K 2m12s
  2450K .......... .......... .......... .......... .......... 19% 50.2K 2m13s
  2500K .......... .......... .......... .......... .......... 19%  155K 2m11s
  2550K .......... .......... .......... .......... .......... 20% 30.9K 2m14s
  2600K .......... .......... .......... .......... .......... 20%  107K 2m13s
  2650K .......... .......... .......... .......... .......... 20% 96.9K 2m12s
  2700K .......... .......... .......... .......... .......... 21%  104K 2m11s
  2750K .......... .......... .......... .......... .......... 21% 96.9K 2m9s
  2800K .......... .......... .......... .......... .......... 22% 73.1K 2m9s
  2850K .......... .......... .......... .......... .......... 22% 92.6K 2m8s
  2900K .......... .......... .......... .......... .......... 22% 68.2K 2m8s
  2950K .......... .......... .......... .......... .......... 23% 71.9K 2m7s
  3000K .......... .......... .......... .......... .......... 23%  109K 2m6s
  3050K .......... .......... .......... .......... .......... 24% 50.9K 2m6s
  3100K .......... .......... .......... .......... .......... 24% 96.9K 2m5s
  3150K .......... .......... .......... .......... .......... 24%  122K 2m4s
  3200K .......... .......... .......... .......... .......... 25% 86.7K 2m3s
  3250K .......... .......... .......... .......... .......... 25%  104K 2m2s
  3300K .......... .......... .......... .......... .......... 26%  102K 2m1s
  3350K .......... .......... .......... .......... .......... 26%  119K 2m0s
  3400K .......... .......... .......... .......... .......... 26% 50.2K 2m0s
  3450K .......... .......... .......... .......... .......... 27%  130K 1m59s
  3500K .......... .......... .......... .......... .......... 27% 96.9K 1m58s
  3550K .......... .......... .......... .......... .......... 27% 57.1K 1m58s
  3600K .......... .......... .......... .......... .......... 28%  119K 1m57s
  3650K .......... .......... .......... .......... .......... 28% 97.1K 1m56s
  3700K .......... .......... .......... .......... .......... 29% 74.4K 1m55s
  3750K .......... .......... .......... .......... .......... 29% 96.9K 1m54s
  3800K .......... .......... .......... .......... .......... 29%  113K 1m53s
  3850K .......... .......... .......... .......... .......... 30%  102K 1m52s
  3900K .......... .......... .......... .......... .......... 30% 90.6K 1m52s
  3950K .......... .......... .......... .......... .......... 31%  139K 1m50s
  4000K .......... .......... .......... .......... .......... 31% 90.6K 1m50s
  4050K .......... .......... .......... .......... .......... 31%  122K 1m48s
  4100K .......... .......... .......... .......... .......... 32% 57.1K 1m48s
  4150K .......... .......... .......... .......... .......... 32%  107K 1m47s
  4200K .......... .......... .......... .......... .......... 32% 41.7K 1m48s
  4250K .......... .......... .......... .......... .......... 33%  173K 1m47s
  4300K .......... .......... .......... .......... .......... 33% 40.9K 1m47s
  4350K .......... .......... .......... .......... .......... 34% 52.1K 1m47s
  4400K .......... .......... .......... .......... .......... 34% 37.2K 1m48s
  4450K .......... .......... .......... .......... .......... 34% 63.1K 1m48s
  4500K .......... .......... .......... .......... .......... 35% 88.6K 1m47s
  4550K .......... .......... .......... .......... .......... 35% 74.4K 1m46s
  4600K .......... .......... .......... .......... .......... 36%  104K 1m45s
  4650K .......... .......... .......... .......... .......... 36% 66.1K 1m45s
  4700K .......... .......... .......... .......... .......... 36% 39.7K 1m45s
  4750K .......... .......... .......... .......... .......... 37% 52.8K 1m45s
  4800K .......... .......... .......... .......... .......... 37%  102K 1m44s
  4850K .......... .......... .......... .......... .......... 38% 62.1K 1m44s
  4900K .......... .......... .......... .......... .......... 38% 58.7K 1m44s
  4950K .......... .......... .......... .......... .......... 38%  113K 1m43s
  5000K .......... .......... .......... .......... .......... 39% 96.9K 1m42s
  5050K .......... .......... .......... .......... .......... 39% 69.5K 1m41s
  5100K .......... .......... .......... .......... .......... 39% 42.5K 1m41s
  5150K .......... .......... .......... .......... .......... 40%  139K 1m40s
  5200K .......... .......... .......... .......... .......... 40% 29.1K 1m41s
  5250K .......... .......... .......... .......... .......... 41%  113K 1m40s
  5300K .......... .......... .......... .......... .......... 41% 94.6K 99s
  5350K .......... .......... .......... .......... .......... 41% 68.3K 99s
  5400K .......... .......... .......... .......... .......... 42%  119K 98s
  5450K .......... .......... .......... .......... .......... 42% 88.7K 97s
  5500K .......... .......... .......... .......... .......... 43% 90.7K 96s
  5550K .......... .......... .......... .......... .......... 43% 96.8K 95s
  5600K .......... .......... .......... .......... .......... 43% 64.1K 95s
  5650K .......... .......... .......... .......... .......... 44%  102K 94s
  5700K .......... .......... .......... .......... .......... 44%  107K 93s
  5750K .......... .......... .......... .......... .......... 45%  107K 92s
  5800K .......... .......... .......... .......... .......... 45% 96.8K 91s
  5850K .......... .......... .......... .......... .......... 45% 85.1K 91s
  5900K .......... .......... .......... .......... .......... 46% 94.7K 90s
  5950K .......... .......... .......... .......... .......... 46% 92.5K 89s
  6000K .......... .......... .......... .......... .......... 46% 94.7K 88s
  6050K .......... .......... .......... .......... .......... 47%  110K 87s
  6100K .......... .......... .......... .......... .......... 47% 38.9K 88s
  6150K .......... .......... .......... .......... .......... 48% 68.3K 87s
  6200K .......... .......... .......... .......... .......... 48%  107K 86s
  6250K .......... .......... .......... .......... .......... 48% 80.1K 85s
  6300K .......... .......... .......... .......... .......... 49% 90.5K 85s
  6350K .......... .......... .......... .......... .......... 49% 58.7K 84s
  6400K .......... .......... .......... .......... .......... 50% 99.3K 83s
  6450K .......... .......... .......... .......... .......... 50%  113K 83s
  6500K .......... .......... .......... .......... .......... 50% 83.3K 82s
  6550K .......... .......... .......... .......... .......... 51% 85.0K 81s
  6600K .......... .......... .......... .......... .......... 51% 66.1K 81s
  6650K .......... .......... .......... .......... .......... 52% 38.9K 81s
  6700K .......... .......... .......... .......... .......... 52% 70.6K 80s
  6750K .......... .......... .......... .......... .......... 52%  104K 79s
  6800K .......... .......... .......... .......... .......... 53% 99.2K 78s
  6850K .......... .......... .......... .......... .......... 53% 94.7K 78s
  6900K .......... .......... .......... .......... .......... 53% 47.3K 77s
  6950K .......... .......... .......... .......... .......... 54% 85.1K 77s
  7000K .......... .......... .......... .......... .......... 54% 90.5K 76s
  7050K .......... .......... .......... .......... .......... 55% 63.2K 75s
  7100K .......... .......... .......... .......... .......... 55%  109K 75s
  7150K .......... .......... .......... .......... .......... 55% 99.2K 74s
  7200K .......... .......... .......... .......... .......... 56% 94.7K 73s
  7250K .......... .......... .......... .......... .......... 56% 62.3K 73s
  7300K .......... .......... .......... .......... .......... 57% 78.5K 72s
  7350K .......... .......... .......... .......... .......... 57% 57.9K 71s
  7400K .......... .......... .......... .......... .......... 57%  130K 71s
  7450K .......... .......... .......... .......... .......... 58%  102K 70s
  7500K .......... .......... .......... .......... .......... 58%  119K 69s
  7550K .......... .......... .......... .......... .......... 58%  107K 68s
  7600K .......... .......... .......... .......... .......... 59% 86.7K 68s
  7650K .......... .......... .......... .......... .......... 59%  123K 67s
  7700K .......... .......... .......... .......... .......... 60%  104K 66s
  7750K .......... .......... .......... .......... .......... 60% 63.1K 65s
  7800K .......... .......... .......... .......... .......... 60% 42.9K 65s
  7850K .......... .......... .......... .......... .......... 61% 88.8K 64s
  7900K .......... .......... .......... .......... .......... 61% 96.9K 64s
  7950K .......... .......... .......... .......... .......... 62%  110K 63s
  8000K .......... .......... .......... .......... .......... 62%  113K 62s
  8050K .......... .......... .......... .......... .......... 62% 65.1K 62s
  8100K .......... .......... .......... .......... .......... 63%  107K 61s
  8150K .......... .......... .......... .......... .......... 63% 56.4K 60s
  8200K .......... .......... .......... .......... .......... 64% 48.4K 60s
  8250K .......... .......... .......... .......... .......... 64% 94.7K 59s
  8300K .......... .......... .......... .......... .......... 64%  126K 58s
  8350K .......... .......... .......... .......... .......... 65% 36.9K 58s
  8400K .......... .......... .......... .......... .......... 65%  116K 57s
  8450K .......... .......... .......... .......... .......... 65% 90.6K 57s
  8500K .......... .......... .......... .......... .......... 66% 96.9K 56s
  8550K .......... .......... .......... .......... .......... 66%  102K 55s
  8600K .......... .......... .......... .......... .......... 67% 54.1K 55s
  8650K .......... .......... .......... .......... .......... 67%  110K 54s
  8700K .......... .......... .......... .......... .......... 67% 94.7K 53s
  8750K .......... .......... .......... .......... .......... 68% 86.8K 53s
  8800K .......... .......... .......... .......... .......... 68%  116K 52s
  8850K .......... .......... .......... .......... .......... 69% 94.7K 51s
  8900K .......... .......... .......... .......... .......... 69%  119K 50s
  8950K .......... .......... .......... .......... .......... 69% 69.4K 50s
  9000K .......... .......... .......... .......... .......... 70%  102K 49s
  9050K .......... .......... .......... .......... .......... 70% 69.4K 49s
  9100K .......... .......... .......... .......... .......... 71% 44.8K 48s
  9150K .......... .......... .......... .......... .......... 71% 99.3K 47s
  9200K .......... .......... .......... .......... .......... 71% 96.9K 47s
  9250K .......... .......... .......... .......... .......... 72%  134K 46s
  9300K .......... .......... .......... .......... .......... 72% 94.8K 45s
  9350K .......... .......... .......... .......... .......... 72% 39.7K 45s
  9400K .......... .......... .......... .......... .......... 73%  104K 44s
  9450K .......... .......... .......... .......... .......... 73% 99.2K 43s
  9500K .......... .......... .......... .......... .......... 74%  130K 43s
  9550K .......... .......... .......... .......... .......... 74% 90.6K 42s
  9600K .......... .......... .......... .......... .......... 74% 92.5K 41s
  9650K .......... .......... .......... .......... .......... 75% 74.5K 41s
  9700K .......... .......... .......... .......... .......... 75% 85.0K 40s
  9750K .......... .......... .......... .......... .......... 76%  139K 39s
  9800K .......... .......... .......... .......... .......... 76% 88.7K 39s
  9850K .......... .......... .......... .......... .......... 76% 52.0K 38s
  9900K .......... .......... .......... .......... .......... 77% 99.2K 37s
  9950K .......... .......... .......... .......... .......... 77%  104K 37s
 10000K .......... .......... .......... .......... .......... 78% 45.8K 36s
 10050K .......... .......... .......... .......... .......... 78%  107K 36s
 10100K .......... .......... .......... .......... .......... 78% 61.3K 35s
 10150K .......... .......... .......... .......... .......... 79%  119K 34s
 10200K .......... .......... .......... .......... .......... 79%  113K 34s
 10250K .......... .......... .......... .......... .......... 79% 63.1K 33s
 10300K .......... .......... .......... .......... .......... 80%  104K 32s
 10350K .......... .......... .......... .......... .......... 80% 99.2K 32s
 10400K .......... .......... .......... .......... .......... 81%  116K 31s
 10450K .......... .......... .......... .......... .......... 81% 71.8K 30s
 10500K .......... .......... .......... .......... .......... 81% 94.7K 30s
 10550K .......... .......... .......... .......... .......... 82% 90.7K 29s
 10600K .......... .......... .......... .......... .......... 82% 90.5K 28s
 10650K .......... .......... .......... .......... .......... 83% 94.6K 28s
 10700K .......... .......... .......... .......... .......... 83%  104K 27s
 10750K .......... .......... .......... .......... .......... 83% 96.8K 26s
 10800K .......... .......... .......... .......... .......... 84%  107K 26s
 10850K .......... .......... .......... .......... .......... 84% 92.6K 25s
 10900K .......... .......... .......... .......... .......... 84%  116K 24s
 10950K .......... .......... .......... .......... .......... 85% 90.4K 24s
 11000K .......... .......... .......... .......... .......... 85% 99.2K 23s
 11050K .......... .......... .......... .......... .......... 86% 94.7K 22s
 11100K .......... .......... .......... .......... .......... 86% 67.2K 22s
 11150K .......... .......... .......... .......... .......... 86%  102K 21s
 11200K .......... .......... .......... .......... .......... 87% 88.7K 21s
 11250K .......... .......... .......... .......... .......... 87% 70.7K 20s
 11300K .......... .......... .......... .......... .......... 88%  109K 19s
 11350K .......... .......... .......... .......... .......... 88% 52.1K 19s
 11400K .......... .......... .......... .......... .......... 88%  154K 18s
 11450K .......... .......... .......... .......... .......... 89%  113K 17s
 11500K .......... .......... .......... .......... .......... 89% 96.8K 17s
 11550K .......... .......... .......... .......... .......... 90% 48.4K 16s
 11600K .......... .......... .......... .......... .......... 90% 39.0K 16s
 11650K .......... .......... .......... .......... .......... 90%  102K 15s
 11700K .......... .......... .......... .......... .......... 91%  102K 14s
 11750K .......... .......... .......... .......... .......... 91% 65.1K 14s
 11800K .......... .......... .......... .......... .......... 91%  102K 13s
 11850K .......... .......... .......... .......... .......... 92% 85.0K 12s
 11900K .......... .......... .......... .......... .......... 92% 71.8K 12s
 11950K .......... .......... .......... .......... .......... 93% 94.8K 11s
 12000K .......... .......... .......... .......... .......... 93% 99.2K 11s
 12050K .......... .......... .......... .......... .......... 93%  104K 10s
 12100K .......... .......... .......... .......... .......... 94% 65.1K 9s
 12150K .......... .......... .......... .......... .......... 94% 96.8K 9s
 12200K .......... .......... .......... .......... .......... 95% 58.7K 8s
 12250K .......... .......... .......... .......... .......... 95%  119K 7s
 12300K .......... .......... .......... .......... .......... 95% 92.5K 7s
 12350K .......... .......... .......... .......... .......... 96%  123K 6s
 12400K .......... .......... .......... .......... .......... 96%  110K 5s
 12450K .......... .......... .......... .......... .......... 97% 78.5K 5s
 12500K .......... .......... .......... .......... .......... 97%  144K 4s
 12550K .......... .......... .......... .......... .......... 97%  107K 4s
 12600K .......... .......... .......... .......... .......... 98%  102K 3s
 12650K .......... .......... .......... .......... .......... 98% 92.5K 2s
 12700K .......... .......... .......... .......... .......... 98% 97.0K 2s
 12750K .......... .......... .......... .......... .......... 99% 75.7K 1s
 12800K .......... .......... .......... .......... .......... 99% 94.8K 0s
 12850K .......... .......... .......... ....                 100%  129K=2m41s

2016-05-25 00:34:40 (80.1 KB/s) - ‘index.html.14’ saved [13193358/13193358]

