--2016-05-25 04:05:33--  http://10.30.50.93:8000/
Connecting to 10.30.50.93:8000... connected.
HTTP request sent, awaiting response... 200 OK
Length: 13193358 (13M) [text/html]
Saving to: ‘index.html.9’

     0K .......... .......... .......... .......... ..........  0% 5.21M 2s
    50K .......... .......... .......... .......... ..........  0% 3.54M 3s
   100K .......... .......... .......... .......... ..........  1% 2.11M 4s
   150K .......... .......... .......... .......... ..........  1% 59.6K 56s
   200K .......... .......... .......... .......... ..........  1% 1.63M 46s
   250K .......... .......... .......... .......... ..........  2% 1.25M 40s
   300K .......... .......... .......... .......... ..........  2% 1.36M 35s
   350K .......... .......... .......... .......... ..........  3% 1.62M 32s
   400K .......... .......... .......... .......... ..........  3% 1.58M 29s
   450K .......... .......... .......... .......... ..........  3%  210K 32s
   500K .......... .......... .......... .......... ..........  4% 1.55M 30s
   550K .......... .......... .......... .......... ..........  4% 1.17M 28s
   600K .......... .......... .......... .......... ..........  5% 1.25M 26s
   650K .......... .......... .......... .......... ..........  5% 1.13M 25s
   700K .......... .......... .......... .......... ..........  5% 1.53M 24s
   750K .......... .......... .......... .......... ..........  6% 1.35M 23s
   800K .......... .......... .......... .......... ..........  6% 1.25M 22s
   850K .......... .......... .......... .......... ..........  6% 1.40M 21s
   900K .......... .......... .......... .......... ..........  7%  205K 23s
   950K .......... .......... .......... .......... ..........  7% 1.31M 22s
  1000K .......... .......... .......... .......... ..........  8% 1.40M 21s
  1050K .......... .......... .......... .......... ..........  8% 1.27M 21s
  1100K .......... .......... .......... .......... ..........  8% 1.19M 20s
  1150K .......... .......... .......... .......... ..........  9% 1.27M 20s
  1200K .......... .......... .......... .......... ..........  9% 1.42M 19s
  1250K .......... .......... .......... .......... .......... 10%  204K 21s
  1300K .......... .......... .......... .......... .......... 10% 1.20M 20s
  1350K .......... .......... .......... .......... .......... 10% 1.31M 20s
  1400K .......... .......... .......... .......... .......... 11% 1.04M 19s
  1450K .......... .......... .......... .......... .......... 11% 1.38M 19s
  1500K .......... .......... .......... .......... .......... 12%  986K 18s
  1550K .......... .......... .......... .......... .......... 12% 1.20M 18s
  1600K .......... .......... .......... .......... .......... 12% 1.05M 18s
  1650K .......... .......... .......... .......... .......... 13% 1.01M 17s
  1700K .......... .......... .......... .......... .......... 13% 1.26M 17s
  1750K .......... .......... .......... .......... .......... 13% 1.18M 17s
  1800K .......... .......... .......... .......... .......... 14% 1.07M 17s
  1850K .......... .......... .......... .......... .......... 14% 1.52M 16s
  1900K .......... .......... .......... .......... .......... 15%  947K 16s
  1950K .......... .......... .......... .......... .......... 15% 1.17M 16s
  2000K .......... .......... .......... .......... .......... 15%  203K 17s
  2050K .......... .......... .......... .......... .......... 16% 1.76M 16s
  2100K .......... .......... .......... .......... .......... 16% 2.47M 16s
  2150K .......... .......... .......... .......... .......... 17% 2.36M 16s
  2200K .......... .......... .......... .......... .......... 17% 1.42M 15s
  2250K .......... .......... .......... .......... .......... 17% 1.31M 15s
  2300K .......... .......... .......... .......... .......... 18% 1.26M 15s
  2350K .......... .......... .......... .......... .......... 18% 2.83M 15s
  2400K .......... .......... .......... .......... .......... 19% 1.60M 14s
  2450K .......... .......... .......... .......... .......... 19% 1.48M 14s
  2500K .......... .......... .......... .......... .......... 19% 1.18M 14s
  2550K .......... .......... .......... .......... .......... 20% 1.46M 14s
  2600K .......... .......... .......... .......... .......... 20% 1.37M 14s
  2650K .......... .......... .......... .......... .......... 20%  213K 14s
  2700K .......... .......... .......... .......... .......... 21% 1.83M 14s
  2750K .......... .......... .......... .......... .......... 21%  214K 14s
  2800K .......... .......... .......... .......... .......... 22%  200K 15s
  2850K .......... .......... .......... .......... .......... 22% 1.54M 15s
  2900K .......... .......... .......... .......... .......... 22%  865K 15s
  2950K .......... .......... .......... .......... .......... 23% 1.01M 14s
  3000K .......... .......... .......... .......... .......... 23% 1.08M 14s
  3050K .......... .......... .......... .......... .......... 24% 1.24M 14s
  3100K .......... .......... .......... .......... .......... 24% 1.08M 14s
  3150K .......... .......... .......... .......... .......... 24% 1.10M 14s
  3200K .......... .......... .......... .......... .......... 25% 1.29M 14s
  3250K .......... .......... .......... .......... .......... 25% 1.11M 14s
  3300K .......... .......... .......... .......... .......... 26% 1.34M 13s
  3350K .......... .......... .......... .......... .......... 26% 1.13M 13s
  3400K .......... .......... .......... .......... .......... 26% 1.80M 13s
  3450K .......... .......... .......... .......... .......... 27% 1.40M 13s
  3500K .......... .......... .......... .......... .......... 27%  986K 13s
  3550K .......... .......... .......... .......... .......... 27% 1.25M 13s
  3600K .......... .......... .......... .......... .......... 28% 1.37M 12s
  3650K .......... .......... .......... .......... .......... 28%  995K 12s
  3700K .......... .......... .......... .......... .......... 29% 1.11M 12s
  3750K .......... .......... .......... .......... .......... 29%  207K 13s
  3800K .......... .......... .......... .......... .......... 29% 1.21M 12s
  3850K .......... .......... .......... .......... .......... 30% 1.13M 12s
  3900K .......... .......... .......... .......... .......... 30% 1.00M 12s
  3950K .......... .......... .......... .......... .......... 31% 1.14M 12s
  4000K .......... .......... .......... .......... .......... 31%  590K 12s
  4050K .......... .......... .......... .......... .......... 31% 1.06M 12s
  4100K .......... .......... .......... .......... .......... 32% 1.00M 12s
  4150K .......... .......... .......... .......... .......... 32% 1.38M 12s
  4200K .......... .......... .......... .......... .......... 32%  190K 12s
  4250K .......... .......... .......... .......... .......... 33% 1.33M 12s
  4300K .......... .......... .......... .......... .......... 33% 1.23M 12s
  4350K .......... .......... .......... .......... .......... 34% 1.31M 12s
  4400K .......... .......... .......... .......... .......... 34% 1.20M 11s
  4450K .......... .......... .......... .......... .......... 34% 2.00M 11s
  4500K .......... .......... .......... .......... .......... 35% 1.84M 11s
  4550K .......... .......... .......... .......... .......... 35% 1.17M 11s
  4600K .......... .......... .......... .......... .......... 36% 1.27M 11s
  4650K .......... .......... .......... .......... .......... 36% 1.86M 11s
  4700K .......... .......... .......... .......... .......... 36% 2.56M 11s
  4750K .......... .......... .......... .......... .......... 37% 1.19M 11s
  4800K .......... .......... .......... .......... .......... 37% 1.72M 10s
  4850K .......... .......... .......... .......... .......... 38%  208K 11s
  4900K .......... .......... .......... .......... .......... 38% 1.31M 11s
  4950K .......... .......... .......... .......... .......... 38% 1.35M 10s
  5000K .......... .......... .......... .......... .......... 39% 1.28M 10s
  5050K .......... .......... .......... .......... .......... 39% 1.07M 10s
  5100K .......... .......... .......... .......... .......... 39% 1.20M 10s
  5150K .......... .......... .......... .......... .......... 40% 1.15M 10s
  5200K .......... .......... .......... .......... .......... 40% 1.40M 10s
  5250K .......... .......... .......... .......... .......... 41% 2.13M 10s
  5300K .......... .......... .......... .......... .......... 41% 2.59M 10s
  5350K .......... .......... .......... .......... .......... 41% 1.65M 10s
  5400K .......... .......... .......... .......... .......... 42% 1.04M 9s
  5450K .......... .......... .......... .......... .......... 42% 1.04M 9s
  5500K .......... .......... .......... .......... .......... 43% 1.10M 9s
  5550K .......... .......... .......... .......... .......... 43% 1.41M 9s
  5600K .......... .......... .......... .......... .......... 43% 1.18M 9s
  5650K .......... .......... .......... .......... .......... 44% 1.25M 9s
  5700K .......... .......... .......... .......... .......... 44% 1.35M 9s
  5750K .......... .......... .......... .......... .......... 45% 1.85M 9s
  5800K .......... .......... .......... .......... .......... 45% 2.03M 9s
  5850K .......... .......... .......... .......... .......... 45% 1.80M 9s
  5900K .......... .......... .......... .......... .......... 46%  978K 9s
  5950K .......... .......... .......... .......... .......... 46% 1.41M 8s
  6000K .......... .......... .......... .......... .......... 46% 1.25M 8s
  6050K .......... .......... .......... .......... .......... 47%  208K 8s
  6100K .......... .......... .......... .......... .......... 47% 1.19M 8s
  6150K .......... .......... .......... .......... .......... 48% 1.56M 8s
  6200K .......... .......... .......... .......... .......... 48% 1.69M 8s
  6250K .......... .......... .......... .......... .......... 48% 2.08M 8s
  6300K .......... .......... .......... .......... .......... 49% 1.33M 8s
  6350K .......... .......... .......... .......... .......... 49%  213K 8s
  6400K .......... .......... .......... .......... .......... 50% 2.14M 8s
  6450K .......... .......... .......... .......... .......... 50% 1.94M 8s
  6500K .......... .......... .......... .......... .......... 50% 1.48M 8s
  6550K .......... .......... .......... .......... .......... 51% 1.27M 8s
  6600K .......... .......... .......... .......... .......... 51% 1.73M 8s
  6650K .......... .......... .......... .......... .......... 52% 1.89M 8s
  6700K .......... .......... .......... .......... .......... 52% 2.64M 7s
  6750K .......... .......... .......... .......... .......... 52% 1.66M 7s
  6800K .......... .......... .......... .......... .......... 53% 1.27M 7s
  6850K .......... .......... .......... .......... .......... 53% 1.31M 7s
  6900K .......... .......... .......... .......... .......... 53% 1.46M 7s
  6950K .......... .......... .......... .......... .......... 54% 1.45M 7s
  7000K .......... .......... .......... .......... .......... 54% 1.14M 7s
  7050K .......... .......... .......... .......... .......... 55%  192K 7s
  7100K .......... .......... .......... .......... .......... 55% 1.64M 7s
  7150K .......... .......... .......... .......... .......... 55% 1.29M 7s
  7200K .......... .......... .......... .......... .......... 56% 1.23M 7s
  7250K .......... .......... .......... .......... .......... 56%  912K 7s
  7300K .......... .......... .......... .......... .......... 57% 1.22M 7s
  7350K .......... .......... .......... .......... .......... 57% 1.12M 7s
  7400K .......... .......... .......... .......... .......... 57% 1.17M 7s
  7450K .......... .......... .......... .......... .......... 58% 1.30M 6s
  7500K .......... .......... .......... .......... .......... 58% 1.29M 6s
  7550K .......... .......... .......... .......... .......... 58%  200K 6s
  7600K .......... .......... .......... .......... .......... 59% 1.10M 6s
  7650K .......... .......... .......... .......... .......... 59% 1.25M 6s
  7700K .......... .......... .......... .......... .......... 60%  919K 6s
  7750K .......... .......... .......... .......... .......... 60%  204K 6s
  7800K .......... .......... .......... .......... .......... 60% 77.9K 7s
  7850K .......... .......... .......... .......... .......... 61% 2.06M 7s
  7900K .......... .......... .......... .......... .......... 61% 1.39M 6s
  7950K .......... .......... .......... .......... .......... 62% 1.41M 6s
  8000K .......... .......... .......... .......... .......... 62% 1.62M 6s
  8050K .......... .......... .......... .......... .......... 62% 1.26M 6s
  8100K .......... .......... .......... .......... .......... 63% 1.31M 6s
  8150K .......... .......... .......... .......... .......... 63%  208K 6s
  8200K .......... .......... .......... .......... .......... 64% 1.62M 6s
  8250K .......... .......... .......... .......... .......... 64% 1.90M 6s
  8300K .......... .......... .......... .......... .......... 64% 2.22M 6s
  8350K .......... .......... .......... .......... .......... 65% 1.62M 6s
  8400K .......... .......... .......... .......... .......... 65% 1.66M 6s
  8450K .......... .......... .......... .......... .......... 65% 1.69M 6s
  8500K .......... .......... .......... .......... .......... 66% 2.12M 6s
  8550K .......... .......... .......... .......... .......... 66% 2.11M 5s
  8600K .......... .......... .......... .......... .......... 67% 1.68M 5s
  8650K .......... .......... .......... .......... .......... 67% 1.02M 5s
  8700K .......... .......... .......... .......... .......... 67% 1.15M 5s
  8750K .......... .......... .......... .......... .......... 68% 1.10M 5s
  8800K .......... .......... .......... .......... .......... 68% 1.45M 5s
  8850K .......... .......... .......... .......... .......... 69% 1.31M 5s
  8900K .......... .......... .......... .......... .......... 69%  196K 5s
  8950K .......... .......... .......... .......... .......... 69%  204K 5s
  9000K .......... .......... .......... .......... .......... 70% 1.31M 5s
  9050K .......... .......... .......... .......... .......... 70% 1.34M 5s
  9100K .......... .......... .......... .......... .......... 71% 1.77M 5s
  9150K .......... .......... .......... .......... .......... 71% 1.91M 5s
  9200K .......... .......... .......... .......... .......... 71% 1.33M 5s
  9250K .......... .......... .......... .......... .......... 72% 1.20M 5s
  9300K .......... .......... .......... .......... .......... 72% 1.52M 5s
  9350K .......... .......... .......... .......... .......... 72% 1.34M 4s
  9400K .......... .......... .......... .......... .......... 73% 1.26M 4s
  9450K .......... .......... .......... .......... .......... 73% 1.39M 4s
  9500K .......... .......... .......... .......... .......... 74% 1.25M 4s
  9550K .......... .......... .......... .......... .......... 74% 1.16M 4s
  9600K .......... .......... .......... .......... .......... 74%  188K 4s
  9650K .......... .......... .......... .......... .......... 75% 1.11M 4s
  9700K .......... .......... .......... .......... .......... 75%  114K 4s
  9750K .......... .......... .......... .......... .......... 76% 5.20M 4s
  9800K .......... .......... .......... .......... .......... 76% 2.34M 4s
  9850K .......... .......... .......... .......... .......... 76% 2.95M 4s
  9900K .......... .......... .......... .......... .......... 77% 2.83M 4s
  9950K .......... .......... .......... .......... .......... 77% 3.32M 4s
 10000K .......... .......... .......... .......... .......... 78% 1.45M 4s
 10050K .......... .......... .......... .......... .......... 78% 1.29M 4s
 10100K .......... .......... .......... .......... .......... 78% 1.56M 4s
 10150K .......... .......... .......... .......... .......... 79% 1.46M 3s
 10200K .......... .......... .......... .......... .......... 79%  906K 3s
 10250K .......... .......... .......... .......... .......... 79% 1.13M 3s
 10300K .......... .......... .......... .......... .......... 80% 1.60M 3s
 10350K .......... .......... .......... .......... .......... 80% 1.29M 3s
 10400K .......... .......... .......... .......... .......... 81% 1.37M 3s
 10450K .......... .......... .......... .......... .......... 81% 1.11M 3s
 10500K .......... .......... .......... .......... .......... 81% 1.40M 3s
 10550K .......... .......... .......... .......... .......... 82% 1.02M 3s
 10600K .......... .......... .......... .......... .......... 82% 1.40M 3s
 10650K .......... .......... .......... .......... .......... 83% 1.15M 3s
 10700K .......... .......... .......... .......... .......... 83% 1018K 3s
 10750K .......... .......... .......... .......... .......... 83% 1.03M 3s
 10800K .......... .......... .......... .......... .......... 84%  214K 3s
 10850K .......... .......... .......... .......... .......... 84% 1.37M 3s
 10900K .......... .......... .......... .......... .......... 84%  928K 2s
 10950K .......... .......... .......... .......... .......... 85% 1.17M 2s
 11000K .......... .......... .......... .......... .......... 85% 1.62M 2s
 11050K .......... .......... .......... .......... .......... 86% 2.34M 2s
 11100K .......... .......... .......... .......... .......... 86% 1.32M 2s
 11150K .......... .......... .......... .......... .......... 86% 1.27M 2s
 11200K .......... .......... .......... .......... .......... 87% 1.39M 2s
 11250K .......... .......... .......... .......... .......... 87%  109K 2s
 11300K .......... .......... .......... .......... .......... 88% 1.17M 2s
 11350K .......... .......... .......... .......... .......... 88% 1.09M 2s
 11400K .......... .......... .......... .......... .......... 88%  210K 2s
 11450K .......... .......... .......... .......... .......... 89% 2.02M 2s
 11500K .......... .......... .......... .......... .......... 89% 1.65M 2s
 11550K .......... .......... .......... .......... .......... 90% 1.91M 2s
 11600K .......... .......... .......... .......... .......... 90% 1.41M 2s
 11650K .......... .......... .......... .......... .......... 90% 1.33M 2s
 11700K .......... .......... .......... .......... .......... 91% 2.59M 1s
 11750K .......... .......... .......... .......... .......... 91% 2.22M 1s
 11800K .......... .......... .......... .......... .......... 91% 2.41M 1s
 11850K .......... .......... .......... .......... .......... 92% 2.00M 1s
 11900K .......... .......... .......... .......... .......... 92% 1.28M 1s
 11950K .......... .......... .......... .......... .......... 93% 1.25M 1s
 12000K .......... .......... .......... .......... .......... 93% 1.08M 1s
 12050K .......... .......... .......... .......... .......... 93% 1.24M 1s
 12100K .......... .......... .......... .......... .......... 94% 1.15M 1s
 12150K .......... .......... .......... .......... .......... 94%  208K 1s
 12200K .......... .......... .......... .......... .......... 95% 1.10M 1s
 12250K .......... .......... .......... .......... .......... 95% 1.22M 1s
 12300K .......... .......... .......... .......... .......... 95% 1.46M 1s
 12350K .......... .......... .......... .......... .......... 96%  204K 1s
 12400K .......... .......... .......... .......... .......... 96% 1.22M 1s
 12450K .......... .......... .......... .......... .......... 97% 1.21M 0s
 12500K .......... .......... .......... .......... .......... 97%  832K 0s
 12550K .......... .......... .......... .......... .......... 97% 1.20M 0s
 12600K .......... .......... .......... .......... .......... 98% 1.35M 0s
 12650K .......... .......... .......... .......... .......... 98% 1.38M 0s
 12700K .......... .......... .......... .......... .......... 98%  215K 0s
 12750K .......... .......... .......... .......... .......... 99% 1.33M 0s
 12800K .......... .......... .......... .......... .......... 99% 1.15M 0s
 12850K .......... .......... .......... ....                 100% 1.73M=17s

2016-05-25 04:05:50 (779 KB/s) - ‘index.html.9’ saved [13193358/13193358]

