--2016-05-25 04:07:08--  http://10.30.50.93:8000/
Connecting to 10.30.50.93:8000... connected.
HTTP request sent, awaiting response... 200 OK
Length: 13193358 (13M) [text/html]
Saving to: ‘index.html.13’

     0K .......... .......... .......... .......... ..........  0% 4.45M 3s
    50K .......... .......... .......... .......... ..........  0% 1.15M 7s
   100K .......... .......... .......... .......... ..........  1% 1.04M 9s
   150K .......... .......... .......... .......... ..........  1% 1.12M 9s
   200K .......... .......... .......... .......... ..........  1%  206K 20s
   250K .......... .......... .......... .......... ..........  2%  200K 27s
   300K .......... .......... .......... .......... ..........  2% 1.24M 24s
   350K .......... .......... .......... .......... ..........  3% 76.1K 42s
   400K .......... .......... .......... .......... ..........  3%  111K 49s
   450K .......... .......... .......... .......... ..........  3%  954K 45s
   500K .......... .......... .......... .......... ..........  4%  958K 42s
   550K .......... .......... .......... .......... ..........  4% 1.25M 39s
   600K .......... .......... .......... .......... ..........  5%  962K 37s
   650K .......... .......... .......... .......... ..........  5% 1.38M 35s
   700K .......... .......... .......... .......... ..........  5% 1.10M 33s
   750K .......... .......... .......... .......... ..........  6% 1.48M 32s
   800K .......... .......... .......... .......... ..........  6%  203K 33s
   850K .......... .......... .......... .......... ..........  6% 1013K 32s
   900K .......... .......... .......... .......... ..........  7%  889K 31s
   950K .......... .......... .......... .......... ..........  7%  196K 32s
  1000K .......... .......... .......... .......... ..........  8% 1.06M 31s
  1050K .......... .......... .......... .......... ..........  8% 1.11M 30s
  1100K .......... .......... .......... .......... ..........  8% 58.2K 37s
  1150K .......... .......... .......... .......... ..........  9% 74.5K 42s
  1200K .......... .......... .......... .......... ..........  9% 1.22M 41s
  1250K .......... .......... .......... .......... .......... 10% 1.48M 39s
  1300K .......... .......... .......... .......... .......... 10%  898K 38s
  1350K .......... .......... .......... .......... .......... 10% 77.3K 42s
  1400K .......... .......... .......... .......... .......... 11%  113K 44s
  1450K .......... .......... .......... .......... .......... 11%  118K 45s
  1500K .......... .......... .......... .......... .......... 12% 3.64M 44s
  1550K .......... .......... .......... .......... .......... 12% 1.46M 42s
  1600K .......... .......... .......... .......... .......... 12%  196K 43s
  1650K .......... .......... .......... .......... .......... 13% 1.30M 41s
  1700K .......... .......... .......... .......... .......... 13%  111K 43s
  1750K .......... .......... .......... .......... .......... 13% 1.24M 42s
  1800K .......... .......... .......... .......... .......... 14% 1.37M 41s
  1850K .......... .......... .......... .......... .......... 14% 1.38M 40s
  1900K .......... .......... .......... .......... .......... 15%  820K 39s
  1950K .......... .......... .......... .......... .......... 15% 1.45M 38s
  2000K .......... .......... .......... .......... .......... 15% 1.14M 37s
  2050K .......... .......... .......... .......... .......... 16% 1.44M 36s
  2100K .......... .......... .......... .......... .......... 16% 1.09M 35s
  2150K .......... .......... .......... .......... .......... 17%  193K 36s
  2200K .......... .......... .......... .......... .......... 17% 1.28M 35s
  2250K .......... .......... .......... .......... .......... 17% 1.24M 34s
  2300K .......... .......... .......... .......... .......... 18%  110K 35s
  2350K .......... .......... .......... .......... .......... 18%  197K 35s
  2400K .......... .......... .......... .......... .......... 19%  115K 36s
  2450K .......... .......... .......... .......... .......... 19% 4.02M 36s
  2500K .......... .......... .......... .......... .......... 19% 1.23M 35s
  2550K .......... .......... .......... .......... .......... 20% 1.23M 34s
  2600K .......... .......... .......... .......... .......... 20%  948K 34s
  2650K .......... .......... .......... .......... .......... 20% 1.28M 33s
  2700K .......... .......... .......... .......... .......... 21% 1.19M 32s
  2750K .......... .......... .......... .......... .......... 21% 1.73M 32s
  2800K .......... .......... .......... .......... .......... 22%  204K 32s
  2850K .......... .......... .......... .......... .......... 22%  204K 32s
  2900K .......... .......... .......... .......... .......... 22%  206K 32s
  2950K .......... .......... .......... .......... .......... 23% 1004K 32s
  3000K .......... .......... .......... .......... .......... 23% 1.17M 31s
  3050K .......... .......... .......... .......... .......... 24%  209K 31s
  3100K .......... .......... .......... .......... .......... 24% 1.17M 31s
  3150K .......... .......... .......... .......... .......... 24%  936K 30s
  3200K .......... .......... .......... .......... .......... 25%  200K 30s
  3250K .......... .......... .......... .......... .......... 25%  111K 31s
  3300K .......... .......... .......... .......... .......... 26% 1.08M 30s
  3350K .......... .......... .......... .......... .......... 26%  834K 30s
  3400K .......... .......... .......... .......... .......... 26% 1.12M 30s
  3450K .......... .......... .......... .......... .......... 27%  191K 30s
  3500K .......... .......... .......... .......... .......... 27% 1.21M 29s
  3550K .......... .......... .......... .......... .......... 27% 1019K 29s
  3600K .......... .......... .......... .......... .......... 28%  203K 29s
  3650K .......... .......... .......... .......... .......... 28%  209K 29s
  3700K .......... .......... .......... .......... .......... 29%  205K 29s
  3750K .......... .......... .......... .......... .......... 29% 1.83M 29s
  3800K .......... .......... .......... .......... .......... 29%  206K 29s
  3850K .......... .......... .......... .......... .......... 30% 1.19M 28s
  3900K .......... .......... .......... .......... .......... 30%  190K 28s
  3950K .......... .......... .......... .......... .......... 31% 1.05M 28s
  4000K .......... .......... .......... .......... .......... 31%  906K 27s
  4050K .......... .......... .......... .......... .......... 31% 1.11M 27s
  4100K .......... .......... .......... .......... .......... 32% 1.12M 27s
  4150K .......... .......... .......... .......... .......... 32%  199K 27s
  4200K .......... .......... .......... .......... .......... 32%  217K 27s
  4250K .......... .......... .......... .......... .......... 33%  210K 27s
  4300K .......... .......... .......... .......... .......... 33% 1.24M 26s
  4350K .......... .......... .......... .......... .......... 34% 1.06M 26s
  4400K .......... .......... .......... .......... .......... 34% 1.18M 26s
  4450K .......... .......... .......... .......... .......... 34%  986K 25s
  4500K .......... .......... .......... .......... .......... 35% 1.28M 25s
  4550K .......... .......... .......... .......... .......... 35%  205K 25s
  4600K .......... .......... .......... .......... .......... 36%  206K 25s
  4650K .......... .......... .......... .......... .......... 36%  203K 25s
  4700K .......... .......... .......... .......... .......... 36% 1.34M 25s
  4750K .......... .......... .......... .......... .......... 37% 1.80M 24s
  4800K .......... .......... .......... .......... .......... 37% 1.79M 24s
  4850K .......... .......... .......... .......... .......... 38% 1.28M 24s
  4900K .......... .......... .......... .......... .......... 38%  201K 24s
  4950K .......... .......... .......... .......... .......... 38% 1.30M 23s
  5000K .......... .......... .......... .......... .......... 39% 1.65M 23s
  5050K .......... .......... .......... .......... .......... 39%  209K 23s
  5100K .......... .......... .......... .......... .......... 39% 1.15M 23s
  5150K .......... .......... .......... .......... .......... 40%  214K 23s
  5200K .......... .......... .......... .......... .......... 40% 1.45M 22s
  5250K .......... .......... .......... .......... .......... 41% 1.25M 22s
  5300K .......... .......... .......... .......... .......... 41% 1012K 22s
  5350K .......... .......... .......... .......... .......... 41% 1.39M 21s
  5400K .......... .......... .......... .......... .......... 42% 1.21M 21s
  5450K .......... .......... .......... .......... .......... 42%  188K 21s
  5500K .......... .......... .......... .......... .......... 43% 1.30M 21s
  5550K .......... .......... .......... .......... .......... 43%  205K 21s
  5600K .......... .......... .......... .......... .......... 43%  200K 21s
  5650K .......... .......... .......... .......... .......... 44%  984K 21s
  5700K .......... .......... .......... .......... .......... 44% 1.23M 20s
  5750K .......... .......... .......... .......... .......... 45%  707K 20s
  5800K .......... .......... .......... .......... .......... 45%  104K 20s
  5850K .......... .......... .......... .......... .......... 45% 1.90M 20s
  5900K .......... .......... .......... .......... .......... 46% 1.20M 20s
  5950K .......... .......... .......... .......... .......... 46% 1.21M 20s
  6000K .......... .......... .......... .......... .......... 46% 1.11M 19s
  6050K .......... .......... .......... .......... .......... 47% 1.26M 19s
  6100K .......... .......... .......... .......... .......... 47% 1.13M 19s
  6150K .......... .......... .......... .......... .......... 48% 1.25M 19s
  6200K .......... .......... .......... .......... .......... 48% 1.47M 18s
  6250K .......... .......... .......... .......... .......... 48% 1.26M 18s
  6300K .......... .......... .......... .......... .......... 49% 1.07M 18s
  6350K .......... .......... .......... .......... .......... 49% 1.14M 18s
  6400K .......... .......... .......... .......... .......... 50%  207K 18s
  6450K .......... .......... .......... .......... .......... 50% 1.53M 17s
  6500K .......... .......... .......... .......... .......... 50%  198K 17s
  6550K .......... .......... .......... .......... .......... 51% 1.03M 17s
  6600K .......... .......... .......... .......... .......... 51%  198K 17s
  6650K .......... .......... .......... .......... .......... 52% 75.8K 17s
  6700K .......... .......... .......... .......... .......... 52% 1.54M 17s
  6750K .......... .......... .......... .......... .......... 52%  953K 17s
  6800K .......... .......... .......... .......... .......... 53% 1.22M 17s
  6850K .......... .......... .......... .......... .......... 53%  200K 17s
  6900K .......... .......... .......... .......... .......... 53%  206K 17s
  6950K .......... .......... .......... .......... .......... 54%  828K 16s
  7000K .......... .......... .......... .......... .......... 54% 1.01M 16s
  7050K .......... .......... .......... .......... .......... 55%  203K 16s
  7100K .......... .......... .......... .......... .......... 55% 1.62M 16s
  7150K .......... .......... .......... .......... .......... 55% 1.40M 16s
  7200K .......... .......... .......... .......... .......... 56% 1.50M 15s
  7250K .......... .......... .......... .......... .......... 56%  208K 15s
  7300K .......... .......... .......... .......... .......... 57%  194K 15s
  7350K .......... .......... .......... .......... .......... 57% 1.01M 15s
  7400K .......... .......... .......... .......... .......... 57% 1.45M 15s
  7450K .......... .......... .......... .......... .......... 58%  107K 15s
  7500K .......... .......... .......... .......... .......... 58% 34.1K 16s
  7550K .......... .......... .......... .......... .......... 58% 75.4K 16s
  7600K .......... .......... .......... .......... .......... 59% 1.49M 16s
  7650K .......... .......... .......... .......... .......... 59% 1.24M 16s
  7700K .......... .......... .......... .......... .......... 60%  109K 16s
  7750K .......... .......... .......... .......... .......... 60% 1.02M 15s
  7800K .......... .......... .......... .......... .......... 60%  945K 15s
  7850K .......... .......... .......... .......... .......... 61%  197K 15s
  7900K .......... .......... .......... .......... .......... 61%  201K 15s
  7950K .......... .......... .......... .......... .......... 62%  185K 15s
  8000K .......... .......... .......... .......... .......... 62% 1.20M 15s
  8050K .......... .......... .......... .......... .......... 62% 1.06M 15s
  8100K .......... .......... .......... .......... .......... 63% 1.25M 14s
  8150K .......... .......... .......... .......... .......... 63%  842K 14s
  8200K .......... .......... .......... .......... .......... 64%  112K 14s
  8250K .......... .......... .......... .......... .......... 64% 1.01M 14s
  8300K .......... .......... .......... .......... .......... 64% 1.22M 14s
  8350K .......... .......... .......... .......... .......... 65% 1.18M 13s
  8400K .......... .......... .......... .......... .......... 65% 1.07M 13s
  8450K .......... .......... .......... .......... .......... 65% 1.55M 13s
  8500K .......... .......... .......... .......... .......... 66% 1.10M 13s
  8550K .......... .......... .......... .......... .......... 66%  823K 13s
  8600K .......... .......... .......... .......... .......... 67% 1.03M 12s
  8650K .......... .......... .......... .......... .......... 67% 1007K 12s
  8700K .......... .......... .......... .......... .......... 67%  200K 12s
  8750K .......... .......... .......... .......... .......... 68% 1.03M 12s
  8800K .......... .......... .......... .......... .......... 68% 1.37M 12s
  8850K .......... .......... .......... .......... .......... 69%  866K 12s
  8900K .......... .......... .......... .......... .......... 69%  109K 12s
  8950K .......... .......... .......... .......... .......... 69%  208K 11s
  9000K .......... .......... .......... .......... .......... 70% 76.2K 12s
  9050K .......... .......... .......... .......... .......... 70% 1.27M 11s
  9100K .......... .......... .......... .......... .......... 71%  992K 11s
  9150K .......... .......... .......... .......... .......... 71%  857K 11s
  9200K .......... .......... .......... .......... .......... 71%  186K 11s
  9250K .......... .......... .......... .......... .......... 72% 1.20M 11s
  9300K .......... .......... .......... .......... .......... 72%  865K 11s
  9350K .......... .......... .......... .......... .......... 72% 1.09M 10s
  9400K .......... .......... .......... .......... .......... 73% 1.05M 10s
  9450K .......... .......... .......... .......... .......... 73%  109K 10s
  9500K .......... .......... .......... .......... .......... 74% 1.26M 10s
  9550K .......... .......... .......... .......... .......... 74% 1.19M 10s
  9600K .......... .......... .......... .......... .......... 74% 1.22M 10s
  9650K .......... .......... .......... .......... .......... 75% 1.30M 9s
  9700K .......... .......... .......... .......... .......... 75%  212K 9s
  9750K .......... .......... .......... .......... .......... 76% 1.25M 9s
  9800K .......... .......... .......... .......... .......... 76%  108K 9s
  9850K .......... .......... .......... .......... .......... 76% 1.26M 9s
  9900K .......... .......... .......... .......... .......... 77% 1.18M 9s
  9950K .......... .......... .......... .......... .......... 77% 1002K 8s
 10000K .......... .......... .......... .......... .......... 78%  780K 8s
 10050K .......... .......... .......... .......... .......... 78% 29.8K 9s
 10100K .......... .......... .......... .......... .......... 78% 1.40M 8s
 10150K .......... .......... .......... .......... .......... 79% 1.10M 8s
 10200K .......... .......... .......... .......... .......... 79% 1.24M 8s
 10250K .......... .......... .......... .......... .......... 79% 1.28M 8s
 10300K .......... .......... .......... .......... .......... 80%  795K 8s
 10350K .......... .......... .......... .......... .......... 80% 1.27M 7s
 10400K .......... .......... .......... .......... .......... 81% 1.23M 7s
 10450K .......... .......... .......... .......... .......... 81%  108K 7s
 10500K .......... .......... .......... .......... .......... 81% 1.18M 7s
 10550K .......... .......... .......... .......... .......... 82% 1.24M 7s
 10600K .......... .......... .......... .......... .......... 82% 1.36M 7s
 10650K .......... .......... .......... .......... .......... 83% 1.07M 7s
 10700K .......... .......... .......... .......... .......... 83% 1.23M 6s
 10750K .......... .......... .......... .......... .......... 83% 1.51M 6s
 10800K .......... .......... .......... .......... .......... 84% 1013K 6s
 10850K .......... .......... .......... .......... .......... 84% 1012K 6s
 10900K .......... .......... .......... .......... .......... 84%  111K 6s
 10950K .......... .......... .......... .......... .......... 85%  771K 6s
 11000K .......... .......... .......... .......... .......... 85% 1.03M 5s
 11050K .......... .......... .......... .......... .......... 86% 1.11M 5s
 11100K .......... .......... .......... .......... .......... 86%  698K 5s
 11150K .......... .......... .......... .......... .......... 86% 1.11M 5s
 11200K .......... .......... .......... .......... .......... 87% 1.24M 5s
 11250K .......... .......... .......... .......... .......... 87% 1.06M 5s
 11300K .......... .......... .......... .......... .......... 88%  203K 4s
 11350K .......... .......... .......... .......... .......... 88% 1.80M 4s
 11400K .......... .......... .......... .......... .......... 88% 1.82M 4s
 11450K .......... .......... .......... .......... .......... 89% 1.75M 4s
 11500K .......... .......... .......... .......... .......... 89% 1.24M 4s
 11550K .......... .......... .......... .......... .......... 90% 1.51M 4s
 11600K .......... .......... .......... .......... .......... 90% 29.9K 4s
 11650K .......... .......... .......... .......... .......... 90% 1.11M 4s
 11700K .......... .......... .......... .......... .......... 91%  968K 3s
 11750K .......... .......... .......... .......... .......... 91% 1.12M 3s
 11800K .......... .......... .......... .......... .......... 91% 1.01M 3s
 11850K .......... .......... .......... .......... .......... 92% 1.13M 3s
 11900K .......... .......... .......... .......... .......... 92% 1.27M 3s
 11950K .......... .......... .......... .......... .......... 93%  210K 3s
 12000K .......... .......... .......... .......... .......... 93% 76.9K 3s
 12050K .......... .......... .......... .......... .......... 93% 1.15M 2s
 12100K .......... .......... .......... .......... .......... 94%  178K 2s
 12150K .......... .......... .......... .......... .......... 94% 1.09M 2s
 12200K .......... .......... .......... .......... .......... 95% 1.01M 2s
 12250K .......... .......... .......... .......... .......... 95%  201K 2s
 12300K .......... .......... .......... .......... .......... 95% 1.05M 2s
 12350K .......... .......... .......... .......... .......... 96% 1.14M 1s
 12400K .......... .......... .......... .......... .......... 96% 1.12M 1s
 12450K .......... .......... .......... .......... .......... 97%  204K 1s
 12500K .......... .......... .......... .......... .......... 97%  835K 1s
 12550K .......... .......... .......... .......... .......... 97%  780K 1s
 12600K .......... .......... .......... .......... .......... 98% 1.11M 1s
 12650K .......... .......... .......... .......... .......... 98% 1.01M 1s
 12700K .......... .......... .......... .......... .......... 98%  209K 0s
 12750K .......... .......... .......... .......... .......... 99% 1.19M 0s
 12800K .......... .......... .......... .......... .......... 99%  114K 0s
 12850K .......... .......... .......... ....                 100% 41.7K=39s

2016-05-25 04:07:47 (330 KB/s) - ‘index.html.13’ saved [13193358/13193358]

