--2016-05-25 03:53:47--  http://10.30.50.93:8000/
Connecting to 10.30.50.93:8000... connected.
HTTP request sent, awaiting response... 200 OK
Length: 13193358 (13M) [text/html]
Saving to: ‘index.html.13’

     0K .......... .......... .......... .......... ..........  0% 2.57M 5s
    50K .......... .......... .......... .......... ..........  0% 1.81M 6s
   100K .......... .......... .......... .......... ..........  1%  212K 24s
   150K .......... .......... .......... .......... ..........  1% 1.10M 21s
   200K .......... .......... .......... .......... ..........  1% 1.21M 19s
   250K .......... .......... .......... .......... ..........  2%  198K 26s
   300K .......... .......... .......... .......... ..........  2% 1.02M 24s
   350K .......... .......... .......... .......... ..........  3%  965K 22s
   400K .......... .......... .......... .......... ..........  3%  196K 27s
   450K .......... .......... .......... .......... ..........  3% 1.34M 25s
   500K .......... .......... .......... .......... ..........  4% 75.2K 38s
   550K .......... .......... .......... .......... ..........  4% 1.13M 35s
   600K .......... .......... .......... .......... ..........  5% 57.8K 49s
   650K .......... .......... .......... .......... ..........  5% 1007K 46s
   700K .......... .......... .......... .......... ..........  5% 1.18M 43s
   750K .......... .......... .......... .......... ..........  6% 1.18M 41s
   800K .......... .......... .......... .......... ..........  6% 1.18M 39s
   850K .......... .......... .......... .......... ..........  6% 1.13M 37s
   900K .......... .......... .......... .......... ..........  7%  109K 41s
   950K .......... .......... .......... .......... ..........  7% 1.20M 39s
  1000K .......... .......... .......... .......... ..........  8% 1.07M 38s
  1050K .......... .......... .......... .......... ..........  8% 1009K 36s
  1100K .......... .......... .......... .......... ..........  8% 1.31M 35s
  1150K .......... .......... .......... .......... ..........  9% 1.27M 34s
  1200K .......... .......... .......... .......... ..........  9% 76.3K 38s
  1250K .......... .......... .......... .......... .......... 10% 1.27M 37s
  1300K .......... .......... .......... .......... .......... 10% 1.57M 36s
  1350K .......... .......... .......... .......... .......... 10% 1.57M 35s
  1400K .......... .......... .......... .......... .......... 11%  198K 35s
  1450K .......... .......... .......... .......... .......... 11% 1.24M 34s
  1500K .......... .......... .......... .......... .......... 12%  210K 35s
  1550K .......... .......... .......... .......... .......... 12%  116K 37s
  1600K .......... .......... .......... .......... .......... 12%  954K 36s
  1650K .......... .......... .......... .......... .......... 13% 1.54M 35s
  1700K .......... .......... .......... .......... .......... 13%  912K 34s
  1750K .......... .......... .......... .......... .......... 13%  884K 33s
  1800K .......... .......... .......... .......... .......... 14%  826K 32s
  1850K .......... .......... .......... .......... .......... 14%  989K 32s
  1900K .......... .......... .......... .......... .......... 15% 1.47M 31s
  1950K .......... .......... .......... .......... .......... 15% 1.22M 30s
  2000K .......... .......... .......... .......... .......... 15% 1.02M 30s
  2050K .......... .......... .......... .......... .......... 16%  911K 29s
  2100K .......... .......... .......... .......... .......... 16% 1001K 29s
  2150K .......... .......... .......... .......... .......... 17% 1.11M 28s
  2200K .......... .......... .......... .......... .......... 17% 1.04M 27s
  2250K .......... .......... .......... .......... .......... 17% 1.14M 27s
  2300K .......... .......... .......... .......... .......... 18%  976K 26s
  2350K .......... .......... .......... .......... .......... 18% 1.18M 26s
  2400K .......... .......... .......... .......... .......... 19%  114K 27s
  2450K .......... .......... .......... .......... .......... 19%  205K 28s
  2500K .......... .......... .......... .......... .......... 19% 1.44M 27s
  2550K .......... .......... .......... .......... .......... 20% 1.30M 27s
  2600K .......... .......... .......... .......... .......... 20% 2.10M 26s
  2650K .......... .......... .......... .......... .......... 20% 1.82M 25s
  2700K .......... .......... .......... .......... .......... 21% 1.22M 25s
  2750K .......... .......... .......... .......... .......... 21%  112K 26s
  2800K .......... .......... .......... .......... .......... 22%  111K 27s
  2850K .......... .......... .......... .......... .......... 22% 1.35M 27s
  2900K .......... .......... .......... .......... .......... 22% 1.26M 26s
  2950K .......... .......... .......... .......... .......... 23% 1.26M 26s
  3000K .......... .......... .......... .......... .......... 23%  200K 26s
  3050K .......... .......... .......... .......... .......... 24%  205K 26s
  3100K .......... .......... .......... .......... .......... 24% 1.22M 26s
  3150K .......... .......... .......... .......... .......... 24% 1.09M 25s
  3200K .......... .......... .......... .......... .......... 25%  856K 25s
  3250K .......... .......... .......... .......... .......... 25%  982K 25s
  3300K .......... .......... .......... .......... .......... 26%  980K 24s
  3350K .......... .......... .......... .......... .......... 26%  964K 24s
  3400K .......... .......... .......... .......... .......... 26% 1.11M 24s
  3450K .......... .......... .......... .......... .......... 27% 1.15M 23s
  3500K .......... .......... .......... .......... .......... 27% 1.14M 23s
  3550K .......... .......... .......... .......... .......... 27%  195K 23s
  3600K .......... .......... .......... .......... .......... 28%  195K 23s
  3650K .......... .......... .......... .......... .......... 28%  861K 23s
  3700K .......... .......... .......... .......... .......... 29% 1.23M 23s
  3750K .......... .......... .......... .......... .......... 29% 1.42M 22s
  3800K .......... .......... .......... .......... .......... 29% 1.13M 22s
  3850K .......... .......... .......... .......... .......... 30% 1.03M 22s
  3900K .......... .......... .......... .......... .......... 30% 1.00M 21s
  3950K .......... .......... .......... .......... .......... 31%  198K 22s
  4000K .......... .......... .......... .......... .......... 31%  944K 21s
  4050K .......... .......... .......... .......... .......... 31% 1.32M 21s
  4100K .......... .......... .......... .......... .......... 32%  195K 21s
  4150K .......... .......... .......... .......... .......... 32%  187K 21s
  4200K .......... .......... .......... .......... .......... 32%  205K 22s
  4250K .......... .......... .......... .......... .......... 33%  111K 22s
  4300K .......... .......... .......... .......... .......... 33% 1.26M 22s
  4350K .......... .......... .......... .......... .......... 34%  927K 22s
  4400K .......... .......... .......... .......... .......... 34%  203K 22s
  4450K .......... .......... .......... .......... .......... 34%  949K 21s
  4500K .......... .......... .......... .......... .......... 35% 1.30M 21s
  4550K .......... .......... .......... .......... .......... 35%  199K 21s
  4600K .......... .......... .......... .......... .......... 36% 1.10M 21s
  4650K .......... .......... .......... .......... .......... 36% 1.36M 21s
  4700K .......... .......... .......... .......... .......... 36%  204K 21s
  4750K .......... .......... .......... .......... .......... 37% 1.14M 20s
  4800K .......... .......... .......... .......... .......... 37%  896K 20s
  4850K .......... .......... .......... .......... .......... 38% 1.30M 20s
  4900K .......... .......... .......... .......... .......... 38%  988K 20s
  4950K .......... .......... .......... .......... .......... 38% 1010K 19s
  5000K .......... .......... .......... .......... .......... 39%  192K 19s
  5050K .......... .......... .......... .......... .......... 39% 77.5K 20s
  5100K .......... .......... .......... .......... .......... 39%  945K 20s
  5150K .......... .......... .......... .......... .......... 40% 1.51M 20s
  5200K .......... .......... .......... .......... .......... 40%  192K 20s
  5250K .......... .......... .......... .......... .......... 41% 75.2K 20s
  5300K .......... .......... .......... .......... .......... 41% 1.80M 20s
  5350K .......... .......... .......... .......... .......... 41% 60.0K 21s
  5400K .......... .......... .......... .......... .......... 42%  196K 21s
  5450K .......... .......... .......... .......... .......... 42% 1.26M 21s
  5500K .......... .......... .......... .......... .......... 43% 1.63M 20s
  5550K .......... .......... .......... .......... .......... 43% 1.41M 20s
  5600K .......... .......... .......... .......... .......... 43% 1.64M 20s
  5650K .......... .......... .......... .......... .......... 44% 1.27M 20s
  5700K .......... .......... .......... .......... .......... 44% 1.46M 19s
  5750K .......... .......... .......... .......... .......... 45%  198K 19s
  5800K .......... .......... .......... .......... .......... 45% 75.7K 20s
  5850K .......... .......... .......... .......... .......... 45% 75.7K 20s
  5900K .......... .......... .......... .......... .......... 46% 1.20M 20s
  5950K .......... .......... .......... .......... .......... 46% 1.51M 20s
  6000K .......... .......... .......... .......... .......... 46%  887K 19s
  6050K .......... .......... .......... .......... .......... 47%  207K 19s
  6100K .......... .......... .......... .......... .......... 47% 1.18M 19s
  6150K .......... .......... .......... .......... .......... 48% 1.14M 19s
  6200K .......... .......... .......... .......... .......... 48% 1.11M 19s
  6250K .......... .......... .......... .......... .......... 48% 1.01M 18s
  6300K .......... .......... .......... .......... .......... 49%  955K 18s
  6350K .......... .......... .......... .......... .......... 49% 1.10M 18s
  6400K .......... .......... .......... .......... .......... 50%  203K 18s
  6450K .......... .......... .......... .......... .......... 50% 1.00M 18s
  6500K .......... .......... .......... .......... .......... 50% 1.10M 18s
  6550K .......... .......... .......... .......... .......... 51%  192K 17s
  6600K .......... .......... .......... .......... .......... 51% 1.74M 17s
  6650K .......... .......... .......... .......... .......... 52% 1.73M 17s
  6700K .......... .......... .......... .......... .......... 52%  931K 17s
  6750K .......... .......... .......... .......... .......... 52% 1.28M 17s
  6800K .......... .......... .......... .......... .......... 53%  212K 17s
  6850K .......... .......... .......... .......... .......... 53% 1.22M 16s
  6900K .......... .......... .......... .......... .......... 53% 76.3K 17s
  6950K .......... .......... .......... .......... .......... 54% 1.08M 16s
  7000K .......... .......... .......... .......... .......... 54%  196K 16s
  7050K .......... .......... .......... .......... .......... 55%  193K 16s
  7100K .......... .......... .......... .......... .......... 55% 1.48M 16s
  7150K .......... .......... .......... .......... .......... 55% 1014K 16s
  7200K .......... .......... .......... .......... .......... 56% 1.20M 16s
  7250K .......... .......... .......... .......... .......... 56%  992K 15s
  7300K .......... .......... .......... .......... .......... 57%  939K 15s
  7350K .......... .......... .......... .......... .......... 57% 1.27M 15s
  7400K .......... .......... .......... .......... .......... 57% 1.45M 15s
  7450K .......... .......... .......... .......... .......... 58% 1.30M 15s
  7500K .......... .......... .......... .......... .......... 58%  197K 15s
  7550K .......... .......... .......... .......... .......... 58% 1.19M 14s
  7600K .......... .......... .......... .......... .......... 59% 1.38M 14s
  7650K .......... .......... .......... .......... .......... 59% 1.24M 14s
  7700K .......... .......... .......... .......... .......... 60% 1.31M 14s
  7750K .......... .......... .......... .......... .......... 60%  657K 14s
  7800K .......... .......... .......... .......... .......... 60%  211K 14s
  7850K .......... .......... .......... .......... .......... 61% 1.16M 13s
  7900K .......... .......... .......... .......... .......... 61% 1.15M 13s
  7950K .......... .......... .......... .......... .......... 62% 1.13M 13s
  8000K .......... .......... .......... .......... .......... 62% 1.25M 13s
  8050K .......... .......... .......... .......... .......... 62% 75.6K 13s
  8100K .......... .......... .......... .......... .......... 63%  209K 13s
  8150K .......... .......... .......... .......... .......... 63% 47.2K 13s
  8200K .......... .......... .......... .......... .......... 64%  205K 13s
  8250K .......... .......... .......... .......... .......... 64% 1.76M 13s
  8300K .......... .......... .......... .......... .......... 64%  201K 13s
  8350K .......... .......... .......... .......... .......... 65%  190K 13s
  8400K .......... .......... .......... .......... .......... 65%  200K 13s
  8450K .......... .......... .......... .......... .......... 65%  209K 13s
  8500K .......... .......... .......... .......... .......... 66%  208K 13s
  8550K .......... .......... .......... .......... .......... 66%  989K 12s
  8600K .......... .......... .......... .......... .......... 67% 1.41M 12s
  8650K .......... .......... .......... .......... .......... 67%  192K 12s
  8700K .......... .......... .......... .......... .......... 67% 1.31M 12s
  8750K .......... .......... .......... .......... .......... 68% 1014K 12s
  8800K .......... .......... .......... .......... .......... 68% 1.22M 11s
  8850K .......... .......... .......... .......... .......... 69% 1.09M 11s
  8900K .......... .......... .......... .......... .......... 69%  205K 11s
  8950K .......... .......... .......... .......... .......... 69%  193K 11s
  9000K .......... .......... .......... .......... .......... 70%  195K 11s
  9050K .......... .......... .......... .......... .......... 70% 1.12M 11s
  9100K .......... .......... .......... .......... .......... 71%  952K 11s
  9150K .......... .......... .......... .......... .......... 71% 1.08M 10s
  9200K .......... .......... .......... .......... .......... 71% 1.28M 10s
  9250K .......... .......... .......... .......... .......... 72% 1.72M 10s
  9300K .......... .......... .......... .......... .......... 72%  743K 10s
  9350K .......... .......... .......... .......... .......... 72% 1020K 10s
  9400K .......... .......... .......... .......... .......... 73%  924K 10s
  9450K .......... .......... .......... .......... .......... 73% 1.31M 9s
  9500K .......... .......... .......... .......... .......... 74%  111K 9s
  9550K .......... .......... .......... .......... .......... 74%  210K 9s
  9600K .......... .......... .......... .......... .......... 74% 1.44M 9s
  9650K .......... .......... .......... .......... .......... 75%  205K 9s
  9700K .......... .......... .......... .......... .......... 75%  115K 9s
  9750K .......... .......... .......... .......... .......... 76%  212K 9s
  9800K .......... .......... .......... .......... .......... 76%  936K 9s
  9850K .......... .......... .......... .......... .......... 76% 1.35M 8s
  9900K .......... .......... .......... .......... .......... 77% 1022K 8s
  9950K .......... .......... .......... .......... .......... 77%  190K 8s
 10000K .......... .......... .......... .......... .......... 78% 1.00M 8s
 10050K .......... .......... .......... .......... .......... 78% 1.07M 8s
 10100K .......... .......... .......... .......... .......... 78% 1.25M 8s
 10150K .......... .......... .......... .......... .......... 79% 1.10M 8s
 10200K .......... .......... .......... .......... .......... 79% 1.01M 7s
 10250K .......... .......... .......... .......... .......... 79% 1.01M 7s
 10300K .......... .......... .......... .......... .......... 80% 1.45M 7s
 10350K .......... .......... .......... .......... .......... 80%  200K 7s
 10400K .......... .......... .......... .......... .......... 81% 1.63M 7s
 10450K .......... .......... .......... .......... .......... 81% 1002K 7s
 10500K .......... .......... .......... .......... .......... 81% 75.8K 7s
 10550K .......... .......... .......... .......... .......... 82%  117K 6s
 10600K .......... .......... .......... .......... .......... 82% 1.01M 6s
 10650K .......... .......... .......... .......... .......... 83% 1.31M 6s
 10700K .......... .......... .......... .......... .......... 83%  202K 6s
 10750K .......... .......... .......... .......... .......... 83% 1.01M 6s
 10800K .......... .......... .......... .......... .......... 84% 1.09M 6s
 10850K .......... .......... .......... .......... .......... 84% 1.20M 6s
 10900K .......... .......... .......... .......... .......... 84%  790K 5s
 10950K .......... .......... .......... .......... .......... 85%  209K 5s
 11000K .......... .......... .......... .......... .......... 85% 1.02M 5s
 11050K .......... .......... .......... .......... .......... 86% 1.15M 5s
 11100K .......... .......... .......... .......... .......... 86% 1.26M 5s
 11150K .......... .......... .......... .......... .......... 86%  723K 5s
 11200K .......... .......... .......... .......... .......... 87%  851K 5s
 11250K .......... .......... .......... .......... .......... 87% 1.15M 4s
 11300K .......... .......... .......... .......... .......... 88%  188K 4s
 11350K .......... .......... .......... .......... .......... 88% 1.16M 4s
 11400K .......... .......... .......... .......... .......... 88% 1.18M 4s
 11450K .......... .......... .......... .......... .......... 89% 1.10M 4s
 11500K .......... .......... .......... .......... .......... 89% 1.22M 4s
 11550K .......... .......... .......... .......... .......... 90%  201K 4s
 11600K .......... .......... .......... .......... .......... 90% 2.01M 3s
 11650K .......... .......... .......... .......... .......... 90%  208K 3s
 11700K .......... .......... .......... .......... .......... 91%  915K 3s
 11750K .......... .......... .......... .......... .......... 91% 76.2K 3s
 11800K .......... .......... .......... .......... .......... 91% 1.59M 3s
 11850K .......... .......... .......... .......... .......... 92% 1.12M 3s
 11900K .......... .......... .......... .......... .......... 92% 1.03M 3s
 11950K .......... .......... .......... .......... .......... 93%  199K 2s
 12000K .......... .......... .......... .......... .......... 93%  206K 2s
 12050K .......... .......... .......... .......... .......... 93% 58.8K 2s
 12100K .......... .......... .......... .......... .......... 94%  207K 2s
 12150K .......... .......... .......... .......... .......... 94% 1.32M 2s
 12200K .......... .......... .......... .......... .......... 95%  211K 2s
 12250K .......... .......... .......... .......... .......... 95% 1.06M 2s
 12300K .......... .......... .......... .......... .......... 95% 1.39M 2s
 12350K .......... .......... .......... .......... .......... 96% 1.30M 1s
 12400K .......... .......... .......... .......... .......... 96%  200K 1s
 12450K .......... .......... .......... .......... .......... 97% 1.20M 1s
 12500K .......... .......... .......... .......... .......... 97%  208K 1s
 12550K .......... .......... .......... .......... .......... 97% 1.42M 1s
 12600K .......... .......... .......... .......... .......... 98% 1.13M 1s
 12650K .......... .......... .......... .......... .......... 98% 1.18M 1s
 12700K .......... .......... .......... .......... .......... 98%  209K 0s
 12750K .......... .......... .......... .......... .......... 99%  110K 0s
 12800K .......... .......... .......... .......... .......... 99%  111K 0s
 12850K .......... .......... .......... ....                 100% 1.04M=37s

2016-05-25 03:54:23 (350 KB/s) - ‘index.html.13’ saved [13193358/13193358]

