--2016-05-25 03:02:22--  http://10.30.50.93:8000/
Connecting to 10.30.50.93:8000... connected.
HTTP request sent, awaiting response... 200 OK
Length: 13193358 (13M) [text/html]
Saving to: ‘index.html.16’

     0K .......... .......... .......... .......... ..........  0%  433K 30s
    50K .......... .......... .......... .......... ..........  0%  632K 25s
   100K .......... .......... .......... .......... ..........  1%  168K 42s
   150K .......... .......... .......... .......... ..........  1% 92.1K 66s
   200K .......... .......... .......... .......... ..........  1%  410K 58s
   250K .......... .......... .......... .......... ..........  2%  165K 61s
   300K .......... .......... .......... .......... ..........  2%  101K 70s
   350K .......... .......... .......... .......... ..........  3%  156K 71s
   400K .......... .......... .......... .......... ..........  3%  107K 76s
   450K .......... .......... .......... .......... ..........  3%  534K 70s
   500K .......... .......... .......... .......... ..........  4%  583K 66s
   550K .......... .......... .......... .......... ..........  4%  155K 66s
   600K .......... .......... .......... .......... ..........  5%  592K 63s
   650K .......... .......... .......... .......... ..........  5%  166K 63s
   700K .......... .......... .......... .......... ..........  5%  153K 64s
   750K .......... .......... .......... .......... ..........  6%  406K 62s
   800K .......... .......... .......... .......... ..........  6% 96.6K 65s
   850K .......... .......... .......... .......... ..........  6%  163K 65s
   900K .......... .......... .......... .......... ..........  7%  531K 63s
   950K .......... .......... .......... .......... ..........  7%  158K 63s
  1000K .......... .......... .......... .......... ..........  8%  538K 61s
  1050K .......... .......... .......... .......... ..........  8%  498K 59s
  1100K .......... .......... .......... .......... ..........  8%  550K 57s
  1150K .......... .......... .......... .......... ..........  9%  406K 56s
  1200K .......... .......... .......... .......... ..........  9%  562K 54s
  1250K .......... .......... .......... .......... .......... 10%  148K 55s
  1300K .......... .......... .......... .......... .......... 10%  168K 55s
  1350K .......... .......... .......... .......... .......... 10% 94.1K 57s
  1400K .......... .......... .......... .......... .......... 11%  503K 56s
  1450K .......... .......... .......... .......... .......... 11%  170K 56s
  1500K .......... .......... .......... .......... .......... 12%  164K 56s
  1550K .......... .......... .......... .......... .......... 12%  164K 56s
  1600K .......... .......... .......... .......... .......... 12%  464K 55s
  1650K .......... .......... .......... .......... .......... 13%  151K 55s
  1700K .......... .......... .......... .......... .......... 13%  462K 54s
  1750K .......... .......... .......... .......... .......... 13%  176K 54s
  1800K .......... .......... .......... .......... .......... 14%  475K 53s
  1850K .......... .......... .......... .......... .......... 14%  445K 52s
  1900K .......... .......... .......... .......... .......... 15%  394K 51s
  1950K .......... .......... .......... .......... .......... 15%  608K 50s
  2000K .......... .......... .......... .......... .......... 15%  426K 49s
  2050K .......... .......... .......... .......... .......... 16%  165K 50s
  2100K .......... .......... .......... .......... .......... 16%  511K 49s
  2150K .......... .......... .......... .......... .......... 17%  155K 49s
  2200K .......... .......... .......... .......... .......... 17%  462K 48s
  2250K .......... .......... .......... .......... .......... 17% 43.4K 52s
  2300K .......... .......... .......... .......... .......... 18%  443K 51s
  2350K .......... .......... .......... .......... .......... 18%  535K 50s
  2400K .......... .......... .......... .......... .......... 19%  487K 50s
  2450K .......... .......... .......... .......... .......... 19%  495K 49s
  2500K .......... .......... .......... .......... .......... 19%  170K 49s
  2550K .......... .......... .......... .......... .......... 20%  524K 48s
  2600K .......... .......... .......... .......... .......... 20%  531K 47s
  2650K .......... .......... .......... .......... .......... 20% 71.1K 49s
  2700K .......... .......... .......... .......... .......... 21%  464K 48s
  2750K .......... .......... .......... .......... .......... 21% 68.9K 50s
  2800K .......... .......... .......... .......... .......... 22% 43.8K 53s
  2850K .......... .......... .......... .......... .......... 22%  216K 52s
  2900K .......... .......... .......... .......... .......... 22% 1.19M 51s
  2950K .......... .......... .......... .......... .......... 23%  167K 51s
  3000K .......... .......... .......... .......... .......... 23% 28.7K 56s
  3050K .......... .......... .......... .......... .......... 24%  488K 55s
  3100K .......... .......... .......... .......... .......... 24%  171K 54s
  3150K .......... .......... .......... .......... .......... 24%  397K 54s
  3200K .......... .......... .......... .......... .......... 25%  495K 53s
  3250K .......... .......... .......... .......... .......... 25%  493K 52s
  3300K .......... .......... .......... .......... .......... 26%  154K 52s
  3350K .......... .......... .......... .......... .......... 26% 67.5K 53s
  3400K .......... .......... .......... .......... .......... 26% 53.1K 55s
  3450K .......... .......... .......... .......... .......... 27%  458K 54s
  3500K .......... .......... .......... .......... .......... 27%  159K 54s
  3550K .......... .......... .......... .......... .......... 27%  163K 53s
  3600K .......... .......... .......... .......... .......... 28%  509K 53s
  3650K .......... .......... .......... .......... .......... 28%  521K 52s
  3700K .......... .......... .......... .......... .......... 29%  444K 51s
  3750K .......... .......... .......... .......... .......... 29%  533K 50s
  3800K .......... .......... .......... .......... .......... 29%  561K 50s
  3850K .......... .......... .......... .......... .......... 30%  100K 50s
  3900K .......... .......... .......... .......... .......... 30% 95.5K 50s
  3950K .......... .......... .......... .......... .......... 31%  166K 50s
  4000K .......... .......... .......... .......... .......... 31%  162K 50s
  4050K .......... .......... .......... .......... .......... 31%  154K 50s
  4100K .......... .......... .......... .......... .......... 32%  165K 49s
  4150K .......... .......... .......... .......... .......... 32% 52.6K 50s
  4200K .......... .......... .......... .......... .......... 32%  411K 50s
  4250K .......... .......... .......... .......... .......... 33% 97.7K 50s
  4300K .......... .......... .......... .......... .......... 33% 67.9K 51s
  4350K .......... .......... .......... .......... .......... 34%  178K 50s
  4400K .......... .......... .......... .......... .......... 34%  160K 50s
  4450K .......... .......... .......... .......... .......... 34%  480K 49s
  4500K .......... .......... .......... .......... .......... 35%  455K 49s
  4550K .......... .......... .......... .......... .......... 35%  110K 49s
  4600K .......... .......... .......... .......... .......... 36%  165K 48s
  4650K .......... .......... .......... .......... .......... 36% 95.4K 48s
  4700K .......... .......... .......... .......... .......... 36% 96.5K 49s
  4750K .......... .......... .......... .......... .......... 37%  158K 48s
  4800K .......... .......... .......... .......... .......... 37%  175K 48s
  4850K .......... .......... .......... .......... .......... 38%  443K 47s
  4900K .......... .......... .......... .......... .......... 38%  419K 47s
  4950K .......... .......... .......... .......... .......... 38% 44.1K 48s
  5000K .......... .......... .......... .......... .......... 39%  486K 47s
  5050K .......... .......... .......... .......... .......... 39%  442K 47s
  5100K .......... .......... .......... .......... .......... 39%  463K 46s
  5150K .......... .......... .......... .......... .......... 40%  511K 45s
  5200K .......... .......... .......... .......... .......... 40%  152K 45s
  5250K .......... .......... .......... .......... .......... 41%  168K 45s
  5300K .......... .......... .......... .......... .......... 41%  162K 45s
  5350K .......... .......... .......... .......... .......... 41%  167K 44s
  5400K .......... .......... .......... .......... .......... 42% 98.7K 44s
  5450K .......... .......... .......... .......... .......... 42%  581K 44s
  5500K .......... .......... .......... .......... .......... 43%  522K 43s
  5550K .......... .......... .......... .......... .......... 43%  504K 43s
  5600K .......... .......... .......... .......... .......... 43%  540K 42s
  5650K .......... .......... .......... .......... .......... 44%  168K 42s
  5700K .......... .......... .......... .......... .......... 44% 68.8K 42s
  5750K .......... .......... .......... .......... .......... 45%  471K 42s
  5800K .......... .......... .......... .......... .......... 45%  171K 41s
  5850K .......... .......... .......... .......... .......... 45%  493K 41s
  5900K .......... .......... .......... .......... .......... 46%  548K 40s
  5950K .......... .......... .......... .......... .......... 46%  149K 40s
  6000K .......... .......... .......... .......... .......... 46%  386K 39s
  6050K .......... .......... .......... .......... .......... 47% 70.6K 40s
  6100K .......... .......... .......... .......... .......... 47%  383K 39s
  6150K .......... .......... .......... .......... .......... 48%  568K 39s
  6200K .......... .......... .......... .......... .......... 48%  160K 38s
  6250K .......... .......... .......... .......... .......... 48%  498K 38s
  6300K .......... .......... .......... .......... .......... 49%  176K 38s
  6350K .......... .......... .......... .......... .......... 49%  482K 37s
  6400K .......... .......... .......... .......... .......... 50%  584K 37s
  6450K .......... .......... .......... .......... .......... 50%  399K 36s
  6500K .......... .......... .......... .......... .......... 50% 69.8K 36s
  6550K .......... .......... .......... .......... .......... 51% 15.4K 39s
  6600K .......... .......... .......... .......... .......... 51%  164K 39s
  6650K .......... .......... .......... .......... .......... 52%  536K 38s
  6700K .......... .......... .......... .......... .......... 52%  175K 38s
  6750K .......... .......... .......... .......... .......... 52%  520K 37s
  6800K .......... .......... .......... .......... .......... 53%  371K 37s
  6850K .......... .......... .......... .......... .......... 53%  525K 36s
  6900K .......... .......... .......... .......... .......... 53%  495K 36s
  6950K .......... .......... .......... .......... .......... 54%  550K 35s
  7000K .......... .......... .......... .......... .......... 54%  148K 35s
  7050K .......... .......... .......... .......... .......... 55%  155K 35s
  7100K .......... .......... .......... .......... .......... 55%  530K 34s
  7150K .......... .......... .......... .......... .......... 55% 99.2K 34s
  7200K .......... .......... .......... .......... .......... 56%  452K 34s
  7250K .......... .......... .......... .......... .......... 56%  444K 33s
  7300K .......... .......... .......... .......... .......... 57%  495K 33s
  7350K .......... .......... .......... .......... .......... 57%  417K 32s
  7400K .......... .......... .......... .......... .......... 57%  441K 32s
  7450K .......... .......... .......... .......... .......... 58%  166K 32s
  7500K .......... .......... .......... .......... .......... 58% 94.2K 32s
  7550K .......... .......... .......... .......... .......... 58%  443K 31s
  7600K .......... .......... .......... .......... .......... 59%  483K 31s
  7650K .......... .......... .......... .......... .......... 59%  445K 30s
  7700K .......... .......... .......... .......... .......... 60%  614K 30s
  7750K .......... .......... .......... .......... .......... 60%  519K 29s
  7800K .......... .......... .......... .......... .......... 60%  167K 29s
  7850K .......... .......... .......... .......... .......... 61% 68.1K 29s
  7900K .......... .......... .......... .......... .......... 61%  530K 29s
  7950K .......... .......... .......... .......... .......... 62%  167K 28s
  8000K .......... .......... .......... .......... .......... 62%  149K 28s
  8050K .......... .......... .......... .......... .......... 62% 92.3K 28s
  8100K .......... .......... .......... .......... .......... 63%  162K 28s
  8150K .......... .......... .......... .......... .......... 63%  151K 28s
  8200K .......... .......... .......... .......... .......... 64% 28.7K 28s
  8250K .......... .......... .......... .......... .......... 64% 68.8K 28s
  8300K .......... .......... .......... .......... .......... 64%  387K 28s
  8350K .......... .......... .......... .......... .......... 65%  506K 27s
  8400K .......... .......... .......... .......... .......... 65%  442K 27s
  8450K .......... .......... .......... .......... .......... 65%  550K 26s
  8500K .......... .......... .......... .......... .......... 66%  426K 26s
  8550K .......... .......... .......... .......... .......... 66%  495K 26s
  8600K .......... .......... .......... .......... .......... 67%  165K 25s
  8650K .......... .......... .......... .......... .......... 67%  568K 25s
  8700K .......... .......... .......... .......... .......... 67%  160K 25s
  8750K .......... .......... .......... .......... .......... 68%  161K 24s
  8800K .......... .......... .......... .......... .......... 68%  158K 24s
  8850K .......... .......... .......... .......... .......... 69%  158K 24s
  8900K .......... .......... .......... .......... .......... 69%  166K 23s
  8950K .......... .......... .......... .......... .......... 69%  463K 23s
  9000K .......... .......... .......... .......... .......... 70%  523K 23s
  9050K .......... .......... .......... .......... .......... 70%  153K 22s
  9100K .......... .......... .......... .......... .......... 71% 69.6K 22s
  9150K .......... .......... .......... .......... .......... 71%  413K 22s
  9200K .......... .......... .......... .......... .......... 71%  160K 22s
  9250K .......... .......... .......... .......... .......... 72% 23.6K 22s
  9300K .......... .......... .......... .......... .......... 72%  508K 22s
  9350K .......... .......... .......... .......... .......... 72%  155K 21s
  9400K .......... .......... .......... .......... .......... 73%  162K 21s
  9450K .......... .......... .......... .......... .......... 73%  165K 21s
  9500K .......... .......... .......... .......... .......... 74%  493K 20s
  9550K .......... .......... .......... .......... .......... 74%  488K 20s
  9600K .......... .......... .......... .......... .......... 74%  175K 20s
  9650K .......... .......... .......... .......... .......... 75%  416K 19s
  9700K .......... .......... .......... .......... .......... 75%  532K 19s
  9750K .......... .......... .......... .......... .......... 76%  483K 19s
  9800K .......... .......... .......... .......... .......... 76%  167K 18s
  9850K .......... .......... .......... .......... .......... 76% 72.8K 18s
  9900K .......... .......... .......... .......... .......... 77%  498K 18s
  9950K .......... .......... .......... .......... .......... 77%  496K 17s
 10000K .......... .......... .......... .......... .......... 78%  464K 17s
 10050K .......... .......... .......... .......... .......... 78%  535K 17s
 10100K .......... .......... .......... .......... .......... 78%  461K 16s
 10150K .......... .......... .......... .......... .......... 79%  172K 16s
 10200K .......... .......... .......... .......... .......... 79%  474K 16s
 10250K .......... .......... .......... .......... .......... 79%  152K 15s
 10300K .......... .......... .......... .......... .......... 80%  162K 15s
 10350K .......... .......... .......... .......... .......... 80%  489K 15s
 10400K .......... .......... .......... .......... .......... 81%  433K 14s
 10450K .......... .......... .......... .......... .......... 81%  534K 14s
 10500K .......... .......... .......... .......... .......... 81% 69.9K 14s
 10550K .......... .......... .......... .......... .......... 82%  586K 13s
 10600K .......... .......... .......... .......... .......... 82%  518K 13s
 10650K .......... .......... .......... .......... .......... 83%  577K 13s
 10700K .......... .......... .......... .......... .......... 83%  535K 12s
 10750K .......... .......... .......... .......... .......... 83%  482K 12s
 10800K .......... .......... .......... .......... .......... 84%  380K 12s
 10850K .......... .......... .......... .......... .......... 84%  521K 11s
 10900K .......... .......... .......... .......... .......... 84% 32.1K 11s
 10950K .......... .......... .......... .......... .......... 85%  629K 11s
 11000K .......... .......... .......... .......... .......... 85%  385K 11s
 11050K .......... .......... .......... .......... .......... 86%  563K 10s
 11100K .......... .......... .......... .......... .......... 86%  454K 10s
 11150K .......... .......... .......... .......... .......... 86% 94.7K 10s
 11200K .......... .......... .......... .......... .......... 87% 69.5K 10s
 11250K .......... .......... .......... .......... .......... 87%  443K 9s
 11300K .......... .......... .......... .......... .......... 88%  424K 9s
 11350K .......... .......... .......... .......... .......... 88%  151K 9s
 11400K .......... .......... .......... .......... .......... 88%  375K 8s
 11450K .......... .......... .......... .......... .......... 89%  165K 8s
 11500K .......... .......... .......... .......... .......... 89% 32.0K 8s
 11550K .......... .......... .......... .......... .......... 90%  518K 8s
 11600K .......... .......... .......... .......... .......... 90%  465K 7s
 11650K .......... .......... .......... .......... .......... 90%  164K 7s
 11700K .......... .......... .......... .......... .......... 91%  473K 7s
 11750K .......... .......... .......... .......... .......... 91%  159K 6s
 11800K .......... .......... .......... .......... .......... 91% 38.1K 6s
 11850K .......... .......... .......... .......... .......... 92%  464K 6s
 11900K .......... .......... .......... .......... .......... 92%  446K 6s
 11950K .......... .......... .......... .......... .......... 93% 68.3K 5s
 12000K .......... .......... .......... .......... .......... 93% 29.3K 5s
 12050K .......... .......... .......... .......... .......... 93%  521K 5s
 12100K .......... .......... .......... .......... .......... 94%  597K 4s
 12150K .......... .......... .......... .......... .......... 94%  462K 4s
 12200K .......... .......... .......... .......... .......... 95% 95.6K 4s
 12250K .......... .......... .......... .......... .......... 95% 74.1K 4s
 12300K .......... .......... .......... .......... .......... 95%  179K 3s
 12350K .......... .......... .......... .......... .......... 96% 94.7K 3s
 12400K .......... .......... .......... .......... .......... 96%  487K 3s
 12450K .......... .......... .......... .......... .......... 97%  492K 2s
 12500K .......... .......... .......... .......... .......... 97%  485K 2s
 12550K .......... .......... .......... .......... .......... 97% 37.5K 2s
 12600K .......... .......... .......... .......... .......... 98% 44.6K 1s
 12650K .......... .......... .......... .......... .......... 98%  154K 1s
 12700K .......... .......... .......... .......... .......... 98%  172K 1s
 12750K .......... .......... .......... .......... .......... 99%  523K 1s
 12800K .......... .......... .......... .......... .......... 99%  159K 0s
 12850K .......... .......... .......... ....                 100% 71.9K=80s

2016-05-25 03:03:42 (160 KB/s) - ‘index.html.16’ saved [13193358/13193358]

