--2016-05-25 01:59:34--  http://10.30.50.93:8000/
Connecting to 10.30.50.93:8000... connected.
HTTP request sent, awaiting response... 200 OK
Length: 13193358 (13M) [text/html]
Saving to: ‘index.html.19’

     0K .......... .......... .......... .......... ..........  0%  194K 66s
    50K .......... .......... .......... .......... ..........  0%  111K 91s
   100K .......... .......... .......... .......... ..........  1% 99.2K 1m43s
   150K .......... .......... .......... .......... ..........  1% 73.2K 2m0s
   200K .......... .......... .......... .......... ..........  1%  203K 1m48s
   250K .......... .......... .......... .......... ..........  2%  166K 1m42s
   300K .......... .......... .......... .......... ..........  2% 28.5K 2m30s
   350K .......... .......... .......... .......... ..........  3% 46.8K 2m44s
   400K .......... .......... .......... .......... ..........  3% 60.4K 2m48s
   450K .......... .......... .......... .......... ..........  3% 56.7K 2m53s
   500K .......... .......... .......... .......... ..........  4%  220K 2m41s
   550K .......... .......... .......... .......... ..........  4%  194K 2m33s
   600K .......... .......... .......... .......... ..........  5%  181K 2m26s
   650K .......... .......... .......... .......... ..........  5%  203K 2m19s
   700K .......... .......... .......... .......... ..........  5% 78.5K 2m19s
   750K .......... .......... .......... .......... ..........  6% 72.5K 2m21s
   800K .......... .......... .......... .......... ..........  6% 36.9K 2m31s
   850K .......... .......... .......... .......... ..........  6% 78.7K 2m30s
   900K .......... .......... .......... .......... ..........  7% 33.7K 2m41s
   950K .......... .......... .......... .......... ..........  7%  103K 2m38s
  1000K .......... .......... .......... .......... ..........  8% 55.2K 2m40s
  1050K .......... .......... .......... .......... ..........  8%  108K 2m37s
  1100K .......... .......... .......... .......... ..........  8% 97.8K 2m35s
  1150K .......... .......... .......... .......... ..........  9% 29.7K 2m44s
  1200K .......... .......... .......... .......... ..........  9%  190K 2m39s
  1250K .......... .......... .......... .......... .......... 10%  214K 2m34s
  1300K .......... .......... .......... .......... .......... 10%  117K 2m32s
  1350K .......... .......... .......... .......... .......... 10%  170K 2m28s
  1400K .......... .......... .......... .......... .......... 11%  214K 2m24s
  1450K .......... .......... .......... .......... .......... 11%  104K 2m22s
  1500K .......... .......... .......... .......... .......... 12% 9.36K 2m56s
  1550K .......... .......... .......... .......... .......... 12%  225K 2m52s
  1600K .......... .......... .......... .......... .......... 12%  213K 2m47s
  1650K .......... .......... .......... .......... .......... 13% 79.4K 2m46s
  1700K .......... .......... .......... .......... .......... 13% 61.3K 2m45s
  1750K .......... .......... .......... .......... .......... 13%  415K 2m41s
  1800K .......... .......... .......... .......... .......... 14%  208K 2m37s
  1850K .......... .......... .......... .......... .......... 14% 12.8K 2m55s
  1900K .......... .......... .......... .......... .......... 15%  128K 2m52s
  1950K .......... .......... .......... .......... .......... 15% 43.2K 2m53s
  2000K .......... .......... .......... .......... .......... 15%  199K 2m49s
  2050K .......... .......... .......... .......... .......... 16%  107K 2m47s
  2100K .......... .......... .......... .......... .......... 16% 73.7K 2m46s
  2150K .......... .......... .......... .......... .......... 17% 37.9K 2m48s
  2200K .......... .......... .......... .......... .......... 17%  185K 2m44s
  2250K .......... .......... .......... .......... .......... 17%  111K 2m42s
  2300K .......... .......... .......... .......... .......... 18%  198K 2m39s
  2350K .......... .......... .......... .......... .......... 18% 68.8K 2m38s
  2400K .......... .......... .......... .......... .......... 19%  198K 2m35s
  2450K .......... .......... .......... .......... .......... 19%  219K 2m32s
  2500K .......... .......... .......... .......... .......... 19% 56.0K 2m32s
  2550K .......... .......... .......... .......... .......... 20%  152K 2m30s
  2600K .......... .......... .......... .......... .......... 20% 87.6K 2m29s
  2650K .......... .......... .......... .......... .......... 20% 43.9K 2m30s
  2700K .......... .......... .......... .......... .......... 21%  100K 2m28s
  2750K .......... .......... .......... .......... .......... 21% 79.4K 2m27s
  2800K .......... .......... .......... .......... .......... 22% 91.6K 2m25s
  2850K .......... .......... .......... .......... .......... 22% 77.1K 2m24s
  2900K .......... .......... .......... .......... .......... 22% 70.0K 2m24s
  2950K .......... .......... .......... .......... .......... 23% 95.8K 2m22s
  3000K .......... .......... .......... .......... .......... 23% 55.9K 2m22s
  3050K .......... .......... .......... .......... .......... 24% 57.1K 2m22s
  3100K .......... .......... .......... .......... .......... 24% 84.2K 2m21s
  3150K .......... .......... .......... .......... .......... 24% 49.6K 2m21s
  3200K .......... .......... .......... .......... .......... 25%  213K 2m19s
  3250K .......... .......... .......... .......... .......... 25%  245K 2m17s
  3300K .......... .......... .......... .......... .......... 26%  108K 2m15s
  3350K .......... .......... .......... .......... .......... 26%  226K 2m13s
  3400K .......... .......... .......... .......... .......... 26% 99.1K 2m12s
  3450K .......... .......... .......... .......... .......... 27%  104K 2m10s
  3500K .......... .......... .......... .......... .......... 27% 57.0K 2m10s
  3550K .......... .......... .......... .......... .......... 27%  116K 2m9s
  3600K .......... .......... .......... .......... .......... 28% 45.5K 2m9s
  3650K .......... .......... .......... .......... .......... 28% 40.5K 2m10s
  3700K .......... .......... .......... .......... .......... 29% 26.6K 2m12s
  3750K .......... .......... .......... .......... .......... 29%  105K 2m11s
  3800K .......... .......... .......... .......... .......... 29%  119K 2m9s
  3850K .......... .......... .......... .......... .......... 30% 31.9K 2m11s
  3900K .......... .......... .......... .......... .......... 30%  252K 2m9s
  3950K .......... .......... .......... .......... .......... 31%  199K 2m7s
  4000K .......... .......... .......... .......... .......... 31% 88.6K 2m6s
  4050K .......... .......... .......... .......... .......... 31% 80.8K 2m5s
  4100K .......... .......... .......... .......... .......... 32%  127K 2m3s
  4150K .......... .......... .......... .......... .......... 32%  111K 2m2s
  4200K .......... .......... .......... .......... .......... 32%  113K 2m1s
  4250K .......... .......... .......... .......... .......... 33% 57.8K 2m1s
  4300K .......... .......... .......... .......... .......... 33%  214K 1m59s
  4350K .......... .......... .......... .......... .......... 34%  160K 1m58s
  4400K .......... .......... .......... .......... .......... 34%  113K 1m56s
  4450K .......... .......... .......... .......... .......... 34%  203K 1m55s
  4500K .......... .......... .......... .......... .......... 35% 23.1K 1m57s
  4550K .......... .......... .......... .......... .......... 35% 75.0K 1m56s
  4600K .......... .......... .......... .......... .......... 36%  194K 1m55s
  4650K .......... .......... .......... .......... .......... 36%  214K 1m53s
  4700K .......... .......... .......... .......... .......... 36%  107K 1m52s
  4750K .......... .......... .......... .......... .......... 37% 46.1K 1m52s
  4800K .......... .......... .......... .......... .......... 37%  252K 1m51s
  4850K .......... .......... .......... .......... .......... 38% 52.7K 1m50s
  4900K .......... .......... .......... .......... .......... 38%  104K 1m49s
  4950K .......... .......... .......... .......... .......... 38%  105K 1m48s
  5000K .......... .......... .......... .......... .......... 39% 45.0K 1m48s
  5050K .......... .......... .......... .......... .......... 39%  177K 1m47s
  5100K .......... .......... .......... .......... .......... 39%  114K 1m46s
  5150K .......... .......... .......... .......... .......... 40%  208K 1m45s
  5200K .......... .......... .......... .......... .......... 40% 36.9K 1m45s
  5250K .......... .......... .......... .......... .......... 41%  214K 1m43s
  5300K .......... .......... .......... .......... .......... 41% 99.3K 1m43s
  5350K .......... .......... .......... .......... .......... 41% 56.7K 1m42s
  5400K .......... .......... .......... .......... .......... 42% 73.1K 1m41s
  5450K .......... .......... .......... .......... .......... 42%  199K 1m40s
  5500K .......... .......... .......... .......... .......... 43%  105K 99s
  5550K .......... .......... .......... .......... .......... 43%  108K 98s
  5600K .......... .......... .......... .......... .......... 43%  194K 97s
  5650K .......... .......... .......... .......... .......... 44%  177K 96s
  5700K .......... .......... .......... .......... .......... 44%  220K 95s
  5750K .......... .......... .......... .......... .......... 45% 69.4K 94s
  5800K .......... .......... .......... .......... .......... 45%  190K 93s
  5850K .......... .......... .......... .......... .......... 45%  110K 92s
  5900K .......... .......... .......... .......... .......... 46%  231K 91s
  5950K .......... .......... .......... .......... .......... 46% 38.1K 91s
  6000K .......... .......... .......... .......... .......... 46% 20.6K 92s
  6050K .......... .......... .......... .......... .......... 47% 45.8K 92s
  6100K .......... .......... .......... .......... .......... 47% 68.9K 91s
  6150K .......... .......... .......... .......... .......... 48% 37.4K 92s
  6200K .......... .......... .......... .......... .......... 48% 47.1K 91s
  6250K .......... .......... .......... .......... .......... 48% 49.3K 91s
  6300K .......... .......... .......... .......... .......... 49%  126K 90s
  6350K .......... .......... .......... .......... .......... 49%  107K 89s
  6400K .......... .......... .......... .......... .......... 50% 74.4K 88s
  6450K .......... .......... .......... .......... .......... 50% 78.6K 88s
  6500K .......... .......... .......... .......... .......... 50%  107K 87s
  6550K .......... .......... .......... .......... .......... 51% 98.1K 86s
  6600K .......... .......... .......... .......... .......... 51% 61.3K 85s
  6650K .......... .......... .......... .......... .......... 52%  414K 84s
  6700K .......... .......... .......... .......... .......... 52%  106K 83s
  6750K .......... .......... .......... .......... .......... 52% 50.8K 83s
  6800K .......... .......... .......... .......... .......... 53% 51.1K 82s
  6850K .......... .......... .......... .......... .......... 53% 54.5K 82s
  6900K .......... .......... .......... .......... .......... 53%  181K 81s
  6950K .......... .......... .......... .......... .......... 54%  111K 80s
  7000K .......... .......... .......... .......... .......... 54% 41.0K 80s
  7050K .......... .......... .......... .......... .......... 55%  194K 79s
  7100K .......... .......... .......... .......... .......... 55% 75.8K 78s
  7150K .......... .......... .......... .......... .......... 55%  113K 77s
  7200K .......... .......... .......... .......... .......... 56% 46.1K 77s
  7250K .......... .......... .......... .......... .......... 56%  108K 76s
  7300K .......... .......... .......... .......... .......... 57%  218K 75s
  7350K .......... .......... .......... .......... .......... 57%  232K 74s
  7400K .......... .......... .......... .......... .......... 57%  181K 73s
  7450K .......... .......... .......... .......... .......... 58%  114K 72s
  7500K .......... .......... .......... .......... .......... 58% 53.4K 72s
  7550K .......... .......... .......... .......... .......... 58%  220K 71s
  7600K .......... .......... .......... .......... .......... 59%  103K 70s
  7650K .......... .......... .......... .......... .......... 59%  108K 69s
  7700K .......... .......... .......... .......... .......... 60% 43.8K 69s
  7750K .......... .......... .......... .......... .......... 60%  208K 68s
  7800K .......... .......... .......... .......... .......... 60% 45.3K 67s
  7850K .......... .......... .......... .......... .......... 61%  198K 66s
  7900K .......... .......... .......... .......... .......... 61%  225K 65s
  7950K .......... .......... .......... .......... .......... 62%  219K 65s
  8000K .......... .......... .......... .......... .......... 62%  225K 64s
  8050K .......... .......... .......... .......... .......... 62% 70.0K 63s
  8100K .......... .......... .......... .......... .......... 63% 57.9K 62s
  8150K .......... .......... .......... .......... .......... 63% 55.6K 62s
  8200K .......... .......... .......... .......... .......... 64% 54.8K 61s
  8250K .......... .......... .......... .......... .......... 64% 21.3K 62s
  8300K .......... .......... .......... .......... .......... 64% 69.5K 61s
  8350K .......... .......... .......... .......... .......... 65% 78.5K 60s
  8400K .......... .......... .......... .......... .......... 65% 74.4K 60s
  8450K .......... .......... .......... .......... .......... 65%  177K 59s
  8500K .......... .......... .......... .......... .......... 66%  110K 58s
  8550K .......... .......... .......... .......... .......... 66% 21.9K 58s
  8600K .......... .......... .......... .......... .......... 67%  214K 57s
  8650K .......... .......... .......... .......... .......... 67%  198K 56s
  8700K .......... .......... .......... .......... .......... 67% 75.7K 56s
  8750K .......... .......... .......... .......... .......... 68%  199K 55s
  8800K .......... .......... .......... .......... .......... 68% 46.3K 54s
  8850K .......... .......... .......... .......... .......... 69%  167K 53s
  8900K .......... .......... .......... .......... .......... 69%  209K 53s
  8950K .......... .......... .......... .......... .......... 69%  117K 52s
  9000K .......... .......... .......... .......... .......... 70%  203K 51s
  9050K .......... .......... .......... .......... .......... 70%  194K 50s
  9100K .......... .......... .......... .......... .......... 71% 28.4K 50s
  9150K .......... .......... .......... .......... .......... 71% 59.1K 49s
  9200K .......... .......... .......... .......... .......... 71%  110K 49s
  9250K .......... .......... .......... .......... .......... 72%  199K 48s
  9300K .......... .......... .......... .......... .......... 72%  114K 47s
  9350K .......... .......... .......... .......... .......... 72% 70.7K 46s
  9400K .......... .......... .......... .......... .......... 73% 78.6K 46s
  9450K .......... .......... .......... .......... .......... 73%  100K 45s
  9500K .......... .......... .......... .......... .......... 74%  232K 44s
  9550K .......... .......... .......... .......... .......... 74%  185K 43s
  9600K .......... .......... .......... .......... .......... 74%  110K 43s
  9650K .......... .......... .......... .......... .......... 75% 55.9K 42s
  9700K .......... .......... .......... .......... .......... 75% 57.8K 41s
  9750K .......... .......... .......... .......... .......... 76%  245K 41s
  9800K .......... .......... .......... .......... .......... 76% 73.8K 40s
  9850K .......... .......... .......... .......... .......... 76% 98.0K 39s
  9900K .......... .......... .......... .......... .......... 77% 64.2K 39s
  9950K .......... .......... .......... .......... .......... 77%  107K 38s
 10000K .......... .......... .......... .......... .......... 78% 80.9K 37s
 10050K .......... .......... .......... .......... .......... 78%  108K 37s
 10100K .......... .......... .......... .......... .......... 78% 71.8K 36s
 10150K .......... .......... .......... .......... .......... 79%  102K 35s
 10200K .......... .......... .......... .......... .......... 79%  116K 35s
 10250K .......... .......... .......... .......... .......... 79% 37.9K 34s
 10300K .......... .......... .......... .......... .......... 80%  203K 33s
 10350K .......... .......... .......... .......... .......... 80% 41.1K 33s
 10400K .......... .......... .......... .......... .......... 81%  380K 32s
 10450K .......... .......... .......... .......... .......... 81%  107K 31s
 10500K .......... .......... .......... .......... .......... 81%  194K 31s
 10550K .......... .......... .......... .......... .......... 82%  116K 30s
 10600K .......... .......... .......... .......... .......... 82%  198K 29s
 10650K .......... .......... .......... .......... .......... 83%  107K 28s
 10700K .......... .......... .......... .......... .......... 83%  199K 28s
 10750K .......... .......... .......... .......... .......... 83%  114K 27s
 10800K .......... .......... .......... .......... .......... 84% 33.5K 26s
 10850K .......... .......... .......... .......... .......... 84%  213K 26s
 10900K .......... .......... .......... .......... .......... 84%  209K 25s
 10950K .......... .......... .......... .......... .......... 85%  203K 24s
 11000K .......... .......... .......... .......... .......... 85%  219K 24s
 11050K .......... .......... .......... .......... .......... 86%  106K 23s
 11100K .......... .......... .......... .......... .......... 86%  202K 22s
 11150K .......... .......... .......... .......... .......... 86%  174K 22s
 11200K .......... .......... .......... .......... .......... 87%  203K 21s
 11250K .......... .......... .......... .......... .......... 87% 72.5K 20s
 11300K .......... .......... .......... .......... .......... 88% 73.1K 20s
 11350K .......... .......... .......... .......... .......... 88%  107K 19s
 11400K .......... .......... .......... .......... .......... 88% 46.3K 18s
 11450K .......... .......... .......... .......... .......... 89%  134K 18s
 11500K .......... .......... .......... .......... .......... 89% 63.6K 17s
 11550K .......... .......... .......... .......... .......... 90%  119K 16s
 11600K .......... .......... .......... .......... .......... 90% 23.5K 16s
 11650K .......... .......... .......... .......... .......... 90% 50.5K 15s
 11700K .......... .......... .......... .......... .......... 91%  108K 15s
 11750K .......... .......... .......... .......... .......... 91%  166K 14s
 11800K .......... .......... .......... .......... .......... 91% 45.1K 13s
 11850K .......... .......... .......... .......... .......... 92% 54.8K 13s
 11900K .......... .......... .......... .......... .......... 92%  113K 12s
 11950K .......... .......... .......... .......... .......... 93% 29.0K 11s
 12000K .......... .......... .......... .......... .......... 93%  127K 11s
 12050K .......... .......... .......... .......... .......... 93% 62.6K 10s
 12100K .......... .......... .......... .......... .......... 94% 72.5K 10s
 12150K .......... .......... .......... .......... .......... 94%  116K 9s
 12200K .......... .......... .......... .......... .......... 95% 18.8K 8s
 12250K .......... .......... .......... .......... .......... 95%  111K 8s
 12300K .......... .......... .......... .......... .......... 95%  106K 7s
 12350K .......... .......... .......... .......... .......... 96% 99.1K 6s
 12400K .......... .......... .......... .......... .......... 96% 70.1K 6s
 12450K .......... .......... .......... .......... .......... 97%  111K 5s
 12500K .......... .......... .......... .......... .......... 97% 71.8K 4s
 12550K .......... .......... .......... .......... .......... 97%  110K 4s
 12600K .......... .......... .......... .......... .......... 98% 75.8K 3s
 12650K .......... .......... .......... .......... .......... 98% 34.3K 2s
 12700K .......... .......... .......... .......... .......... 98% 57.5K 2s
 12750K .......... .......... .......... .......... .......... 99%  100K 1s
 12800K .......... .......... .......... .......... .......... 99%  110K 0s
 12850K .......... .......... .......... ....                 100% 87.6K=2m49s

2016-05-25 02:02:24 (76.2 KB/s) - ‘index.html.19’ saved [13193358/13193358]

