--2016-05-25 01:40:03--  http://10.30.50.93:8000/
Connecting to 10.30.50.93:8000... connected.
HTTP request sent, awaiting response... 200 OK
Length: 13193358 (13M) [text/html]
Saving to: ‘index.html.6’

     0K .......... .......... .......... .......... ..........  0%  232K 55s
    50K .......... .......... .......... .......... ..........  0%  208K 58s
   100K .......... .......... .......... .......... ..........  1%  167K 64s
   150K .......... .......... .......... .......... ..........  1%  348K 57s
   200K .......... .......... .......... .......... ..........  1%  194K 59s
   250K .......... .......... .......... .......... ..........  2%  279K 56s
   300K .......... .......... .......... .......... ..........  2%  230K 56s
   350K .......... .......... .......... .......... ..........  3%  232K 55s
   400K .......... .......... .......... .......... ..........  3%  198K 56s
   450K .......... .......... .......... .......... ..........  3%  279K 55s
   500K .......... .......... .......... .......... ..........  4%  213K 55s
   550K .......... .......... .......... .......... ..........  4%  226K 54s
   600K .......... .......... .......... .......... ..........  5%  185K 55s
   650K .......... .......... .......... .......... ..........  5%  278K 54s
   700K .......... .......... .......... .......... ..........  5%  226K 54s
   750K .......... .......... .......... .......... ..........  6%  231K 54s
   800K .......... .......... .......... .......... ..........  6%  231K 53s
   850K .......... .......... .......... .......... ..........  6%  231K 53s
   900K .......... .......... .......... .......... ..........  7%  239K 53s
   950K .......... .......... .......... .......... ..........  7%  219K 52s
  1000K .......... .......... .......... .......... ..........  8%  232K 52s
  1050K .......... .......... .......... .......... ..........  8%  219K 52s
  1100K .......... .......... .......... .......... ..........  8%  239K 52s
  1150K .......... .......... .......... .......... ..........  9%  237K 51s
  1200K .......... .......... .......... .......... ..........  9%  208K 51s
  1250K .......... .......... .......... .......... .......... 10%  253K 51s
  1300K .......... .......... .......... .......... .......... 10%  232K 51s
  1350K .......... .......... .......... .......... .......... 10%  208K 51s
  1400K .......... .......... .......... .......... .......... 11%  259K 50s
  1450K .......... .......... .......... .......... .......... 11%  190K 50s
  1500K .......... .......... .......... .......... .......... 12%  237K 50s
  1550K .......... .......... .......... .......... .......... 12%  261K 50s
  1600K .......... .......... .......... .......... .......... 12%  226K 49s
  1650K .......... .......... .......... .......... .......... 13%  193K 49s
  1700K .......... .......... .......... .......... .......... 13%  246K 49s
  1750K .......... .......... .......... .......... .......... 13%  219K 49s
  1800K .......... .......... .......... .......... .......... 14%  219K 49s
  1850K .......... .......... .......... .......... .......... 14%  208K 49s
  1900K .......... .......... .......... .......... .......... 15%  253K 48s
  1950K .......... .......... .......... .......... .......... 15%  231K 48s
  2000K .......... .......... .......... .......... .......... 15%  226K 48s
  2050K .......... .......... .......... .......... .......... 16%  208K 48s
  2100K .......... .......... .......... .......... .......... 16%  214K 48s
  2150K .......... .......... .......... .......... .......... 17%  252K 47s
  2200K .......... .......... .......... .......... .......... 17%  232K 47s
  2250K .......... .......... .......... .......... .......... 17%  219K 47s
  2300K .......... .......... .......... .......... .......... 18%  194K 47s
  2350K .......... .......... .......... .......... .......... 18%  219K 47s
  2400K .......... .......... .......... .......... .......... 19%  279K 46s
  2450K .......... .......... .......... .......... .......... 19%  219K 46s
  2500K .......... .......... .......... .......... .......... 19%  203K 46s
  2550K .......... .......... .......... .......... .......... 20%  261K 45s
  2600K .......... .......... .......... .......... .......... 20%  219K 45s
  2650K .......... .......... .......... .......... .......... 20%  238K 45s
  2700K .......... .......... .......... .......... .......... 21%  232K 45s
  2750K .......... .......... .......... .......... .......... 21%  225K 45s
  2800K .......... .......... .......... .......... .......... 22%  220K 44s
  2850K .......... .......... .......... .......... .......... 22%  252K 44s
  2900K .......... .......... .......... .......... .......... 22%  213K 44s
  2950K .......... .......... .......... .......... .......... 23%  203K 44s
  3000K .......... .......... .......... .......... .......... 23%  214K 44s
  3050K .......... .......... .......... .......... .......... 24%  239K 43s
  3100K .......... .......... .......... .......... .......... 24%  231K 43s
  3150K .......... .......... .......... .......... .......... 24%  232K 43s
  3200K .......... .......... .......... .......... .......... 25%  231K 43s
  3250K .......... .......... .......... .......... .......... 25%  231K 42s
  3300K .......... .......... .......... .......... .......... 26%  209K 42s
  3350K .......... .......... .......... .......... .......... 26%  231K 42s
  3400K .......... .......... .......... .......... .......... 26%  232K 42s
  3450K .......... .......... .......... .......... .......... 27%  225K 42s
  3500K .......... .......... .......... .......... .......... 27%  189K 41s
  3550K .......... .......... .......... .......... .......... 27%  245K 41s
  3600K .......... .......... .......... .......... .......... 28%  270K 41s
  3650K .......... .......... .......... .......... .......... 28%  225K 41s
  3700K .......... .......... .......... .......... .......... 29%  232K 40s
  3750K .......... .......... .......... .......... .......... 29%  214K 40s
  3800K .......... .......... .......... .......... .......... 29%  245K 40s
  3850K .......... .......... .......... .......... .......... 30%  213K 40s
  3900K .......... .......... .......... .......... .......... 30%  245K 39s
  3950K .......... .......... .......... .......... .......... 31%  225K 39s
  4000K .......... .......... .......... .......... .......... 31%  225K 39s
  4050K .......... .......... .......... .......... .......... 31%  238K 39s
  4100K .......... .......... .......... .......... .......... 32%  238K 39s
  4150K .......... .......... .......... .......... .......... 32%  232K 38s
  4200K .......... .......... .......... .......... .......... 32%  224K 38s
  4250K .......... .......... .......... .......... .......... 33%  232K 38s
  4300K .......... .......... .......... .......... .......... 33%  181K 38s
  4350K .......... .......... .......... .......... .......... 34%  334K 37s
  4400K .......... .......... .......... .......... .......... 34%  219K 37s
  4450K .......... .......... .......... .......... .......... 34%  231K 37s
  4500K .......... .......... .......... .......... .......... 35%  226K 37s
  4550K .......... .......... .......... .......... .......... 35%  225K 37s
  4600K .......... .......... .......... .......... .......... 36%  226K 36s
  4650K .......... .......... .......... .......... .......... 36%  231K 36s
  4700K .......... .......... .......... .......... .......... 36%  208K 36s
  4750K .......... .......... .......... .......... .......... 37%  190K 36s
  4800K .......... .......... .......... .......... .......... 37%  238K 36s
  4850K .......... .......... .......... .......... .......... 38%  194K 35s
  4900K .......... .......... .......... .......... .......... 38%  260K 35s
  4950K .......... .......... .......... .......... .......... 38%  231K 35s
  5000K .......... .......... .......... .......... .......... 39%  220K 35s
  5050K .......... .......... .......... .......... .......... 39%  104K 35s
  5100K .......... .......... .......... .......... .......... 39%  232K 35s
  5150K .......... .......... .......... .......... .......... 40%  213K 34s
  5200K .......... .......... .......... .......... .......... 40%  245K 34s
  5250K .......... .......... .......... .......... .......... 41%  219K 34s
  5300K .......... .......... .......... .......... .......... 41%  220K 34s
  5350K .......... .......... .......... .......... .......... 41%  231K 33s
  5400K .......... .......... .......... .......... .......... 42%  225K 33s
  5450K .......... .......... .......... .......... .......... 42%  204K 33s
  5500K .......... .......... .......... .......... .......... 43%  261K 33s
  5550K .......... .......... .......... .......... .......... 43%  225K 33s
  5600K .......... .......... .......... .......... .......... 43%  219K 32s
  5650K .......... .......... .......... .......... .......... 44%  209K 32s
  5700K .......... .......... .......... .......... .......... 44%  232K 32s
  5750K .......... .......... .......... .......... .......... 45%  238K 32s
  5800K .......... .......... .......... .......... .......... 45%  231K 31s
  5850K .......... .......... .......... .......... .......... 45%  238K 31s
  5900K .......... .......... .......... .......... .......... 46%  232K 31s
  5950K .......... .......... .......... .......... .......... 46%  232K 31s
  6000K .......... .......... .......... .......... .......... 46%  225K 30s
  6050K .......... .......... .......... .......... .......... 47%  225K 30s
  6100K .......... .......... .......... .......... .......... 47%  219K 30s
  6150K .......... .......... .......... .......... .......... 48%  239K 30s
  6200K .......... .......... .......... .......... .......... 48%  232K 30s
  6250K .......... .......... .......... .......... .......... 48%  203K 29s
  6300K .......... .......... .......... .......... .......... 49%  214K 29s
  6350K .......... .......... .......... .......... .......... 49%  260K 29s
  6400K .......... .......... .......... .......... .......... 50%  232K 29s
  6450K .......... .......... .......... .......... .......... 50%  231K 28s
  6500K .......... .......... .......... .......... .......... 50%  213K 28s
  6550K .......... .......... .......... .......... .......... 51%  232K 28s
  6600K .......... .......... .......... .......... .......... 51%  231K 28s
  6650K .......... .......... .......... .......... .......... 52%  190K 28s
  6700K .......... .......... .......... .......... .......... 52%  261K 27s
  6750K .......... .......... .......... .......... .......... 52%  100K 27s
  6800K .......... .......... .......... .......... .......... 53%  220K 27s
  6850K .......... .......... .......... .......... .......... 53%  208K 27s
  6900K .......... .......... .......... .......... .......... 53%  268K 27s
  6950K .......... .......... .......... .......... .......... 54%  239K 26s
  7000K .......... .......... .......... .......... .......... 54%  194K 26s
  7050K .......... .......... .......... .......... .......... 55%  231K 26s
  7100K .......... .......... .......... .......... .......... 55%  245K 26s
  7150K .......... .......... .......... .......... .......... 55%  232K 26s
  7200K .......... .......... .......... .......... .......... 56%  225K 25s
  7250K .......... .......... .......... .......... .......... 56%  226K 25s
  7300K .......... .......... .......... .......... .......... 57%  225K 25s
  7350K .......... .......... .......... .......... .......... 57%  219K 25s
  7400K .......... .......... .......... .......... .......... 57%  232K 24s
  7450K .......... .......... .......... .......... .......... 58%  214K 24s
  7500K .......... .......... .......... .......... .......... 58%  244K 24s
  7550K .......... .......... .......... .......... .......... 58%  203K 24s
  7600K .......... .......... .......... .......... .......... 59%  239K 24s
  7650K .......... .......... .......... .......... .......... 59%  190K 23s
  7700K .......... .......... .......... .......... .......... 60%  308K 23s
  7750K .......... .......... .......... .......... .......... 60%  190K 23s
  7800K .......... .......... .......... .......... .......... 60%  297K 23s
  7850K .......... .......... .......... .......... .......... 61%  238K 22s
  7900K .......... .......... .......... .......... .......... 61%  232K 22s
  7950K .......... .......... .......... .......... .......... 62%  231K 22s
  8000K .......... .......... .......... .......... .......... 62%  238K 22s
  8050K .......... .......... .......... .......... .......... 62%  226K 21s
  8100K .......... .......... .......... .......... .......... 63%  238K 21s
  8150K .......... .......... .......... .......... .......... 63%  232K 21s
  8200K .......... .......... .......... .......... .......... 64%  232K 21s
  8250K .......... .......... .......... .......... .......... 64%  231K 21s
  8300K .......... .......... .......... .......... .......... 64%  231K 20s
  8350K .......... .......... .......... .......... .......... 65%  194K 20s
  8400K .......... .......... .......... .......... .......... 65%  287K 20s
  8450K .......... .......... .......... .......... .......... 65%  231K 20s
  8500K .......... .......... .......... .......... .......... 66%  225K 19s
  8550K .......... .......... .......... .......... .......... 66%  203K 19s
  8600K .......... .......... .......... .......... .......... 67%  109K 19s
  8650K .......... .......... .......... .......... .......... 67%  220K 19s
  8700K .......... .......... .......... .......... .......... 67%  238K 19s
  8750K .......... .......... .......... .......... .......... 68%  225K 18s
  8800K .......... .......... .......... .......... .......... 68%  232K 18s
  8850K .......... .......... .......... .......... .......... 69%  225K 18s
  8900K .......... .......... .......... .......... .......... 69%  190K 18s
  8950K .......... .......... .......... .......... .......... 69%  277K 17s
  9000K .......... .......... .......... .......... .......... 70%  231K 17s
  9050K .......... .......... .......... .......... .......... 70%  232K 17s
  9100K .......... .......... .......... .......... .......... 71%  239K 17s
  9150K .......... .......... .......... .......... .......... 71%  231K 17s
  9200K .......... .......... .......... .......... .......... 71%  238K 16s
  9250K .......... .......... .......... .......... .......... 72%  225K 16s
  9300K .......... .......... .......... .......... .......... 72%  231K 16s
  9350K .......... .......... .......... .......... .......... 72%  204K 16s
  9400K .......... .......... .......... .......... .......... 73%  260K 15s
  9450K .......... .......... .......... .......... .......... 73%  219K 15s
  9500K .......... .......... .......... .......... .......... 74%  238K 15s
  9550K .......... .......... .......... .......... .......... 74%  225K 15s
  9600K .......... .......... .......... .......... .......... 74%  232K 15s
  9650K .......... .......... .......... .......... .......... 75%  226K 14s
  9700K .......... .......... .......... .......... .......... 75%  220K 14s
  9750K .......... .......... .......... .......... .......... 76%  231K 14s
  9800K .......... .......... .......... .......... .......... 76%  182K 14s
  9850K .......... .......... .......... .......... .......... 76%  252K 13s
  9900K .......... .......... .......... .......... .......... 77%  245K 13s
  9950K .......... .......... .......... .......... .......... 77%  238K 13s
 10000K .......... .......... .......... .......... .......... 78%  225K 13s
 10050K .......... .......... .......... .......... .......... 78%  219K 12s
 10100K .......... .......... .......... .......... .......... 78%  225K 12s
 10150K .......... .......... .......... .......... .......... 79%  219K 12s
 10200K .......... .......... .......... .......... .......... 79%  232K 12s
 10250K .......... .......... .......... .......... .......... 79%  232K 12s
 10300K .......... .......... .......... .......... .......... 80%  231K 11s
 10350K .......... .......... .......... .......... .......... 80%  232K 11s
 10400K .......... .......... .......... .......... .......... 81%  225K 11s
 10450K .......... .......... .......... .......... .......... 81%  219K 11s
 10500K .......... .......... .......... .......... .......... 81%  198K 10s
 10550K .......... .......... .......... .......... .......... 82%  269K 10s
 10600K .......... .......... .......... .......... .......... 82%  190K 10s
 10650K .......... .......... .......... .......... .......... 83%  308K 10s
 10700K .......... .......... .......... .......... .......... 83%  185K 10s
 10750K .......... .......... .......... .......... .......... 83%  288K 9s
 10800K .......... .......... .......... .......... .......... 84%  219K 9s
 10850K .......... .......... .......... .......... .......... 84%  231K 9s
 10900K .......... .......... .......... .......... .......... 84%  225K 9s
 10950K .......... .......... .......... .......... .......... 85%  203K 8s
 11000K .......... .......... .......... .......... .......... 85%  185K 8s
 11050K .......... .......... .......... .......... .......... 86%  194K 8s
 11100K .......... .......... .......... .......... .......... 86%  225K 8s
 11150K .......... .......... .......... .......... .......... 86%  238K 8s
 11200K .......... .......... .......... .......... .......... 87%  225K 7s
 11250K .......... .......... .......... .......... .......... 87%  231K 7s
 11300K .......... .......... .......... .......... .......... 88%  185K 7s
 11350K .......... .......... .......... .......... .......... 88%  277K 7s
 11400K .......... .......... .......... .......... .......... 88%  232K 6s
 11450K .......... .......... .......... .......... .......... 89%  226K 6s
 11500K .......... .......... .......... .......... .......... 89%  198K 6s
 11550K .......... .......... .......... .......... .......... 90%  220K 6s
 11600K .......... .......... .......... .......... .......... 90%  226K 6s
 11650K .......... .......... .......... .......... .......... 90%  203K 5s
 11700K .......... .......... .......... .......... .......... 91%  261K 5s
 11750K .......... .......... .......... .......... .......... 91%  219K 5s
 11800K .......... .......... .......... .......... .......... 91%  225K 5s
 11850K .......... .......... .......... .......... .......... 92%  238K 4s
 11900K .......... .......... .......... .......... .......... 92%  194K 4s
 11950K .......... .......... .......... .......... .......... 93%  253K 4s
 12000K .......... .......... .......... .......... .......... 93%  214K 4s
 12050K .......... .......... .......... .......... .......... 93%  208K 4s
 12100K .......... .......... .......... .......... .......... 94%  231K 3s
 12150K .......... .......... .......... .......... .......... 94%  220K 3s
 12200K .......... .......... .......... .......... .......... 95%  219K 3s
 12250K .......... .......... .......... .......... .......... 95%  225K 3s
 12300K .......... .......... .......... .......... .......... 95%  219K 2s
 12350K .......... .......... .......... .......... .......... 96%  226K 2s
 12400K .......... .......... .......... .......... .......... 96%  231K 2s
 12450K .......... .......... .......... .......... .......... 97%  208K 2s
 12500K .......... .......... .......... .......... .......... 97%  220K 1s
 12550K .......... .......... .......... .......... .......... 97%  268K 1s
 12600K .......... .......... .......... .......... .......... 98%  238K 1s
 12650K .......... .......... .......... .......... .......... 98%  194K 1s
 12700K .......... .......... .......... .......... .......... 98%  278K 1s
 12750K .......... .......... .......... .......... .......... 99%  219K 0s
 12800K .......... .......... .......... .......... .......... 99%  214K 0s
 12850K .......... .......... .......... ....                 100%  248K=58s

2016-05-25 01:41:01 (223 KB/s) - ‘index.html.6’ saved [13193358/13193358]

