--2016-05-25 01:39:06--  http://10.30.50.93:8000/
Connecting to 10.30.50.93:8000... connected.
HTTP request sent, awaiting response... 200 OK
Length: 13193358 (13M) [text/html]
Saving to: ‘index.html.5’

     0K .......... .......... .......... .......... ..........  0%  231K 56s
    50K .......... .......... .......... .......... ..........  0%  232K 55s
   100K .......... .......... .......... .......... ..........  1%  232K 55s
   150K .......... .......... .......... .......... ..........  1%  238K 54s
   200K .......... .......... .......... .......... ..........  1%  231K 54s
   250K .......... .......... .......... .......... ..........  2%  225K 54s
   300K .......... .......... .......... .......... ..........  2%  232K 54s
   350K .......... .......... .......... .......... ..........  3%  225K 54s
   400K .......... .......... .......... .......... ..........  3%  225K 54s
   450K .......... .......... .......... .......... ..........  3%  225K 54s
   500K .......... .......... .......... .......... ..........  4%  225K 54s
   550K .......... .......... .......... .......... ..........  4%  232K 54s
   600K .......... .......... .......... .......... ..........  5%  219K 54s
   650K .......... .......... .......... .......... ..........  5%  189K 54s
   700K .......... .......... .......... .......... ..........  5%  278K 53s
   750K .......... .......... .......... .......... ..........  6%  238K 53s
   800K .......... .......... .......... .......... ..........  6%  232K 53s
   850K .......... .......... .......... .......... ..........  6%  218K 52s
   900K .......... .......... .......... .......... ..........  7%  246K 52s
   950K .......... .......... .......... .......... ..........  7%  232K 52s
  1000K .......... .......... .......... .......... ..........  8%  231K 52s
  1050K .......... .......... .......... .......... ..........  8%  219K 51s
  1100K .......... .......... .......... .......... ..........  8%  225K 51s
  1150K .......... .......... .......... .......... ..........  9%  198K 51s
  1200K .......... .......... .......... .......... ..........  9%  232K 51s
  1250K .......... .......... .......... .......... .......... 10%  225K 51s
  1300K .......... .......... .......... .......... .......... 10%  238K 51s
  1350K .......... .......... .......... .......... .......... 10%  214K 51s
  1400K .......... .......... .......... .......... .......... 11%  231K 50s
  1450K .......... .......... .......... .......... .......... 11%  239K 50s
  1500K .......... .......... .......... .......... .......... 12%  232K 50s
  1550K .......... .......... .......... .......... .......... 12%  231K 50s
  1600K .......... .......... .......... .......... .......... 12%  231K 49s
  1650K .......... .......... .......... .......... .......... 13%  232K 49s
  1700K .......... .......... .......... .......... .......... 13%  219K 49s
  1750K .......... .......... .......... .......... .......... 13%  214K 49s
  1800K .......... .......... .......... .......... .......... 14%  231K 48s
  1850K .......... .......... .......... .......... .......... 14%  219K 48s
  1900K .......... .......... .......... .......... .......... 15%  225K 48s
  1950K .......... .......... .......... .......... .......... 15%  231K 48s
  2000K .......... .......... .......... .......... .......... 15%  204K 48s
  2050K .......... .......... .......... .......... .......... 16%  260K 47s
  2100K .......... .......... .......... .......... .......... 16%  238K 47s
  2150K .......... .......... .......... .......... .......... 17%  238K 47s
  2200K .......... .......... .......... .......... .......... 17%  225K 47s
  2250K .......... .......... .......... .......... .......... 17%  238K 46s
  2300K .......... .......... .......... .......... .......... 18%  232K 46s
  2350K .......... .......... .......... .......... .......... 18%  194K 46s
  2400K .......... .......... .......... .......... .......... 19%  268K 46s
  2450K .......... .......... .......... .......... .......... 19%  219K 46s
  2500K .......... .......... .......... .......... .......... 19%  225K 45s
  2550K .......... .......... .......... .......... .......... 20%  238K 45s
  2600K .......... .......... .......... .......... .......... 20%  226K 45s
  2650K .......... .......... .......... .......... .......... 20%  232K 45s
  2700K .......... .......... .......... .......... .......... 21%  231K 44s
  2750K .......... .......... .......... .......... .......... 21%  231K 44s
  2800K .......... .......... .......... .......... .......... 22%  225K 44s
  2850K .......... .......... .......... .......... .......... 22%  238K 44s
  2900K .......... .......... .......... .......... .......... 22%  203K 44s
  2950K .......... .......... .......... .......... .......... 23%  253K 43s
  3000K .......... .......... .......... .......... .......... 23%  181K 43s
  3050K .......... .......... .......... .......... .......... 24%  231K 43s
  3100K .......... .......... .......... .......... .......... 24%  244K 43s
  3150K .......... .......... .......... .......... .......... 24%  232K 43s
  3200K .......... .......... .......... .......... .......... 25%  232K 42s
  3250K .......... .......... .......... .......... .......... 25%  237K 42s
  3300K .......... .......... .......... .......... .......... 26%  232K 42s
  3350K .......... .......... .......... .......... .......... 26%  238K 42s
  3400K .......... .......... .......... .......... .......... 26%  181K 42s
  3450K .......... .......... .......... .......... .......... 27%  253K 41s
  3500K .......... .......... .......... .......... .......... 27%  245K 41s
  3550K .......... .......... .......... .......... .......... 27%  246K 41s
  3600K .......... .......... .......... .......... .......... 28%  232K 41s
  3650K .......... .......... .......... .......... .......... 28%  208K 40s
  3700K .......... .......... .......... .......... .......... 29%  245K 40s
  3750K .......... .......... .......... .......... .......... 29%  199K 40s
  3800K .......... .......... .......... .......... .......... 29%  269K 40s
  3850K .......... .......... .......... .......... .......... 30%  219K 39s
  3900K .......... .......... .......... .......... .......... 30%  239K 39s
  3950K .......... .......... .......... .......... .......... 31%  213K 39s
  4000K .......... .......... .......... .......... .......... 31%  220K 39s
  4050K .......... .......... .......... .......... .......... 31%  232K 39s
  4100K .......... .......... .......... .......... .......... 32%  238K 38s
  4150K .......... .......... .......... .......... .......... 32%  203K 38s
  4200K .......... .......... .......... .......... .......... 32%  253K 38s
  4250K .......... .......... .......... .......... .......... 33%  231K 38s
  4300K .......... .......... .......... .......... .......... 33%  189K 38s
  4350K .......... .......... .......... .......... .......... 34%  278K 37s
  4400K .......... .......... .......... .......... .......... 34%  220K 37s
  4450K .......... .......... .......... .......... .......... 34%  225K 37s
  4500K .......... .......... .......... .......... .......... 35%  232K 37s
  4550K .......... .......... .......... .......... .......... 35%  225K 36s
  4600K .......... .......... .......... .......... .......... 36%  238K 36s
  4650K .......... .......... .......... .......... .......... 36%  220K 36s
  4700K .......... .......... .......... .......... .......... 36%  231K 36s
  4750K .......... .......... .......... .......... .......... 37%  232K 36s
  4800K .......... .......... .......... .......... .......... 37%  194K 35s
  4850K .......... .......... .......... .......... .......... 38%  231K 35s
  4900K .......... .......... .......... .......... .......... 38%  231K 35s
  4950K .......... .......... .......... .......... .......... 38%  239K 35s
  5000K .......... .......... .......... .......... .......... 39%  231K 34s
  5050K .......... .......... .......... .......... .......... 39%  231K 34s
  5100K .......... .......... .......... .......... .......... 39%  225K 34s
  5150K .......... .......... .......... .......... .......... 40%  239K 34s
  5200K .......... .......... .......... .......... .......... 40%  231K 34s
  5250K .......... .......... .......... .......... .......... 41%  194K 33s
  5300K .......... .......... .......... .......... .......... 41%  277K 33s
  5350K .......... .......... .......... .......... .......... 41%  226K 33s
  5400K .......... .......... .......... .......... .......... 42%  181K 33s
  5450K .......... .......... .......... .......... .......... 42%  269K 32s
  5500K .......... .......... .......... .......... .......... 43%  231K 32s
  5550K .......... .......... .......... .......... .......... 43%  232K 32s
  5600K .......... .......... .......... .......... .......... 43%  238K 32s
  5650K .......... .......... .......... .......... .......... 44%  225K 32s
  5700K .......... .......... .......... .......... .......... 44%  219K 31s
  5750K .......... .......... .......... .......... .......... 45%  219K 31s
  5800K .......... .......... .......... .......... .......... 45%  232K 31s
  5850K .......... .......... .......... .......... .......... 45%  238K 31s
  5900K .......... .......... .......... .......... .......... 46%  231K 30s
  5950K .......... .......... .......... .......... .......... 46%  214K 30s
  6000K .......... .......... .......... .......... .......... 46%  225K 30s
  6050K .......... .......... .......... .......... .......... 47%  238K 30s
  6100K .......... .......... .......... .......... .......... 47%  232K 30s
  6150K .......... .......... .......... .......... .......... 48%  232K 29s
  6200K .......... .......... .......... .......... .......... 48%  225K 29s
  6250K .......... .......... .......... .......... .......... 48%  232K 29s
  6300K .......... .......... .......... .......... .......... 49%  237K 29s
  6350K .......... .......... .......... .......... .......... 49%  232K 28s
  6400K .......... .......... .......... .......... .......... 50%  226K 28s
  6450K .......... .......... .......... .......... .......... 50%  238K 28s
  6500K .......... .......... .......... .......... .......... 50%  194K 28s
  6550K .......... .......... .......... .......... .......... 51%  214K 28s
  6600K .......... .......... .......... .......... .......... 51%  232K 27s
  6650K .......... .......... .......... .......... .......... 52%  260K 27s
  6700K .......... .......... .......... .......... .......... 52%  231K 27s
  6750K .......... .......... .......... .......... .......... 52%  238K 27s
  6800K .......... .......... .......... .......... .......... 53%  231K 27s
  6850K .......... .......... .......... .......... .......... 53%  238K 26s
  6900K .......... .......... .......... .......... .......... 53%  209K 26s
  6950K .......... .......... .......... .......... .......... 54%  209K 26s
  7000K .......... .......... .......... .......... .......... 54%  277K 26s
  7050K .......... .......... .......... .......... .......... 55%  225K 25s
  7100K .......... .......... .......... .......... .......... 55%  231K 25s
  7150K .......... .......... .......... .......... .......... 55%  238K 25s
  7200K .......... .......... .......... .......... .......... 56%  219K 25s
  7250K .......... .......... .......... .......... .......... 56%  226K 25s
  7300K .......... .......... .......... .......... .......... 57%  239K 24s
  7350K .......... .......... .......... .......... .......... 57%  213K 24s
  7400K .......... .......... .......... .......... .......... 57%  225K 24s
  7450K .......... .......... .......... .......... .......... 58%  226K 24s
  7500K .......... .......... .......... .......... .......... 58%  225K 23s
  7550K .......... .......... .......... .......... .......... 58%  198K 23s
  7600K .......... .......... .......... .......... .......... 59%  261K 23s
  7650K .......... .......... .......... .......... .......... 59%  218K 23s
  7700K .......... .......... .......... .......... .......... 60%  253K 23s
  7750K .......... .......... .......... .......... .......... 60%  198K 22s
  7800K .......... .......... .......... .......... .......... 60%  238K 22s
  7850K .......... .......... .......... .......... .......... 61%  225K 22s
  7900K .......... .......... .......... .......... .......... 61%  214K 22s
  7950K .......... .......... .......... .......... .......... 62%  238K 21s
  8000K .......... .......... .......... .......... .......... 62%  232K 21s
  8050K .......... .......... .......... .......... .......... 62%  225K 21s
  8100K .......... .......... .......... .......... .......... 63%  225K 21s
  8150K .......... .......... .......... .......... .......... 63%  203K 21s
  8200K .......... .......... .......... .......... .......... 64%  269K 20s
  8250K .......... .......... .......... .......... .......... 64%  219K 20s
  8300K .......... .......... .......... .......... .......... 64%  231K 20s
  8350K .......... .......... .......... .......... .......... 65%  238K 20s
  8400K .......... .......... .......... .......... .......... 65%  226K 19s
  8450K .......... .......... .......... .......... .......... 65%  213K 19s
  8500K .......... .......... .......... .......... .......... 66%  219K 19s
  8550K .......... .......... .......... .......... .......... 66%  194K 19s
  8600K .......... .......... .......... .......... .......... 67%  279K 19s
  8650K .......... .......... .......... .......... .......... 67%  237K 18s
  8700K .......... .......... .......... .......... .......... 67%  232K 18s
  8750K .......... .......... .......... .......... .......... 68%  219K 18s
  8800K .......... .......... .......... .......... .......... 68%  220K 18s
  8850K .......... .......... .......... .......... .......... 69%  231K 18s
  8900K .......... .......... .......... .......... .......... 69%  239K 17s
  8950K .......... .......... .......... .......... .......... 69%  238K 17s
  9000K .......... .......... .......... .......... .......... 70%  189K 17s
  9050K .......... .......... .......... .......... .......... 70%  287K 17s
  9100K .......... .......... .......... .......... .......... 71%  238K 16s
  9150K .......... .......... .......... .......... .......... 71%  220K 16s
  9200K .......... .......... .......... .......... .......... 71%  225K 16s
  9250K .......... .......... .......... .......... .......... 72%  198K 16s
  9300K .......... .......... .......... .......... .......... 72%  213K 16s
  9350K .......... .......... .......... .......... .......... 72%  298K 15s
  9400K .......... .......... .......... .......... .......... 73%  237K 15s
  9450K .......... .......... .......... .......... .......... 73%  232K 15s
  9500K .......... .......... .......... .......... .......... 74%  198K 15s
  9550K .......... .......... .......... .......... .......... 74%  252K 14s
  9600K .......... .......... .......... .......... .......... 74%  239K 14s
  9650K .......... .......... .......... .......... .......... 75%  231K 14s
  9700K .......... .......... .......... .......... .......... 75%  226K 14s
  9750K .......... .......... .......... .......... .......... 76%  232K 14s
  9800K .......... .......... .......... .......... .......... 76%  238K 13s
  9850K .......... .......... .......... .......... .......... 76%  214K 13s
  9900K .......... .......... .......... .......... .......... 77%  253K 13s
  9950K .......... .......... .......... .......... .......... 77%  219K 13s
 10000K .......... .......... .......... .......... .......... 78%  185K 12s
 10050K .......... .......... .......... .......... .......... 78%  296K 12s
 10100K .......... .......... .......... .......... .......... 78%  186K 12s
 10150K .......... .......... .......... .......... .......... 79%  297K 12s
 10200K .......... .......... .......... .......... .......... 79%  238K 12s
 10250K .......... .......... .......... .......... .......... 79%  225K 11s
 10300K .......... .......... .......... .......... .......... 80%  225K 11s
 10350K .......... .......... .......... .......... .......... 80%  232K 11s
 10400K .......... .......... .......... .......... .......... 81%  231K 11s
 10450K .......... .......... .......... .......... .......... 81%  225K 10s
 10500K .......... .......... .......... .......... .......... 81%  238K 10s
 10550K .......... .......... .......... .......... .......... 82%  225K 10s
 10600K .......... .......... .......... .......... .......... 82%  232K 10s
 10650K .......... .......... .......... .......... .......... 83%  238K 10s
 10700K .......... .......... .......... .......... .......... 83%  185K 9s
 10750K .......... .......... .......... .......... .......... 83%  289K 9s
 10800K .......... .......... .......... .......... .......... 84%  219K 9s
 10850K .......... .......... .......... .......... .......... 84%  238K 9s
 10900K .......... .......... .......... .......... .......... 84%  238K 8s
 10950K .......... .......... .......... .......... .......... 85%  231K 8s
 11000K .......... .......... .......... .......... .......... 85%  238K 8s
 11050K .......... .......... .......... .......... .......... 86%  225K 8s
 11100K .......... .......... .......... .......... .......... 86%  225K 8s
 11150K .......... .......... .......... .......... .......... 86%  226K 7s
 11200K .......... .......... .......... .......... .......... 87%  238K 7s
 11250K .......... .......... .......... .......... .......... 87%  231K 7s
 11300K .......... .......... .......... .......... .......... 88%  232K 7s
 11350K .......... .......... .......... .......... .......... 88%  219K 7s
 11400K .......... .......... .......... .......... .......... 88%  231K 6s
 11450K .......... .......... .......... .......... .......... 89%  238K 6s
 11500K .......... .......... .......... .......... .......... 89%  177K 6s
 11550K .......... .......... .......... .......... .......... 90%  321K 6s
 11600K .......... .......... .......... .......... .......... 90%  237K 5s
 11650K .......... .......... .......... .......... .......... 90%  226K 5s
 11700K .......... .......... .......... .......... .......... 91%  237K 5s
 11750K .......... .......... .......... .......... .......... 91%  231K 5s
 11800K .......... .......... .......... .......... .......... 91%  219K 5s
 11850K .......... .......... .......... .......... .......... 92%  239K 4s
 11900K .......... .......... .......... .......... .......... 92%  238K 4s
 11950K .......... .......... .......... .......... .......... 93%  213K 4s
 12000K .......... .......... .......... .......... .......... 93%  232K 4s
 12050K .......... .......... .......... .......... .......... 93%  208K 3s
 12100K .......... .......... .......... .......... .......... 94%  238K 3s
 12150K .......... .......... .......... .......... .......... 94%  246K 3s
 12200K .......... .......... .......... .......... .......... 95%  225K 3s
 12250K .......... .......... .......... .......... .......... 95%  225K 3s
 12300K .......... .......... .......... .......... .......... 95%  194K 2s
 12350K .......... .......... .......... .......... .......... 96%  277K 2s
 12400K .......... .......... .......... .......... .......... 96%  239K 2s
 12450K .......... .......... .......... .......... .......... 97%  232K 2s
 12500K .......... .......... .......... .......... .......... 97%  232K 1s
 12550K .......... .......... .......... .......... .......... 97%  225K 1s
 12600K .......... .......... .......... .......... .......... 98%  203K 1s
 12650K .......... .......... .......... .......... .......... 98%  239K 1s
 12700K .......... .......... .......... .......... .......... 98%  177K 1s
 12750K .......... .......... .......... .......... .......... 99%  225K 0s
 12800K .......... .......... .......... .......... .......... 99%  239K 0s
 12850K .......... .......... .......... ....                 100%  237K=57s

2016-05-25 01:40:02 (228 KB/s) - ‘index.html.5’ saved [13193358/13193358]

