--2016-05-25 03:37:05--  http://10.30.50.93:8000/
Connecting to 10.30.50.93:8000... connected.
HTTP request sent, awaiting response... 200 OK
Length: 13193358 (13M) [text/html]
Saving to: ‘index.html.5’

     0K .......... .......... .......... .......... ..........  0% 1.98M 6s
    50K .......... .......... .......... .......... ..........  0% 2.49M 6s
   100K .......... .......... .......... .......... ..........  1% 2.22M 6s
   150K .......... .......... .......... .......... ..........  1% 2.13M 6s
   200K .......... .......... .......... .......... ..........  1% 1.48M 6s
   250K .......... .......... .......... .......... ..........  2% 1.25M 7s
   300K .......... .......... .......... .......... ..........  2% 2.07M 7s
   350K .......... .......... .......... .......... ..........  3% 1.75M 7s
   400K .......... .......... .......... .......... ..........  3% 1.46M 7s
   450K .......... .......... .......... .......... ..........  3% 2.32M 7s
   500K .......... .......... .......... .......... ..........  4% 2.09M 7s
   550K .......... .......... .......... .......... ..........  4% 1.86M 6s
   600K .......... .......... .......... .......... ..........  5% 2.30M 6s
   650K .......... .......... .......... .......... ..........  5% 2.12M 6s
   700K .......... .......... .......... .......... ..........  5% 1.91M 6s
   750K .......... .......... .......... .......... ..........  6% 1.89M 6s
   800K .......... .......... .......... .......... ..........  6% 1.74M 6s
   850K .......... .......... .......... .......... ..........  6% 1.58M 6s
   900K .......... .......... .......... .......... ..........  7% 1.41M 6s
   950K .......... .......... .......... .......... ..........  7% 2.16M 6s
  1000K .......... .......... .......... .......... ..........  8% 2.44M 6s
  1050K .......... .......... .......... .......... ..........  8% 1.64M 6s
  1100K .......... .......... .......... .......... ..........  8% 2.23M 6s
  1150K .......... .......... .......... .......... ..........  9% 1.85M 6s
  1200K .......... .......... .......... .......... ..........  9% 2.18M 6s
  1250K .......... .......... .......... .......... .......... 10% 2.35M 6s
  1300K .......... .......... .......... .......... .......... 10% 2.12M 6s
  1350K .......... .......... .......... .......... .......... 10% 2.37M 6s
  1400K .......... .......... .......... .......... .......... 11% 1.94M 6s
  1450K .......... .......... .......... .......... .......... 11% 2.17M 6s
  1500K .......... .......... .......... .......... .......... 12% 2.27M 6s
  1550K .......... .......... .......... .......... .......... 12% 2.02M 6s
  1600K .......... .......... .......... .......... .......... 12% 1.97M 6s
  1650K .......... .......... .......... .......... .......... 13% 2.05M 6s
  1700K .......... .......... .......... .......... .......... 13% 2.43M 6s
  1750K .......... .......... .......... .......... .......... 13% 1.95M 6s
  1800K .......... .......... .......... .......... .......... 14% 2.44M 5s
  1850K .......... .......... .......... .......... .......... 14% 2.12M 5s
  1900K .......... .......... .......... .......... .......... 15% 2.10M 5s
  1950K .......... .......... .......... .......... .......... 15% 2.28M 5s
  2000K .......... .......... .......... .......... .......... 15% 2.28M 5s
  2050K .......... .......... .......... .......... .......... 16% 2.19M 5s
  2100K .......... .......... .......... .......... .......... 16% 1.50M 5s
  2150K .......... .......... .......... .......... .......... 17% 1.39M 5s
  2200K .......... .......... .......... .......... .......... 17% 1.78M 5s
  2250K .......... .......... .......... .......... .......... 17% 2.36M 5s
  2300K .......... .......... .......... .......... .......... 18% 1.16M 5s
  2350K .......... .......... .......... .......... .......... 18% 1.25M 5s
  2400K .......... .......... .......... .......... .......... 19% 1.54M 5s
  2450K .......... .......... .......... .......... .......... 19% 2.10M 5s
  2500K .......... .......... .......... .......... .......... 19% 2.09M 5s
  2550K .......... .......... .......... .......... .......... 20% 2.11M 5s
  2600K .......... .......... .......... .......... .......... 20% 1.90M 5s
  2650K .......... .......... .......... .......... .......... 20% 2.09M 5s
  2700K .......... .......... .......... .......... .......... 21% 2.03M 5s
  2750K .......... .......... .......... .......... .......... 21% 1.64M 5s
  2800K .......... .......... .......... .......... .......... 22% 1.67M 5s
  2850K .......... .......... .......... .......... .......... 22% 1.46M 5s
  2900K .......... .......... .......... .......... .......... 22% 2.00M 5s
  2950K .......... .......... .......... .......... .......... 23% 2.02M 5s
  3000K .......... .......... .......... .......... .......... 23% 1.88M 5s
  3050K .......... .......... .......... .......... .......... 24% 1.81M 5s
  3100K .......... .......... .......... .......... .......... 24% 2.16M 5s
  3150K .......... .......... .......... .......... .......... 24% 2.02M 5s
  3200K .......... .......... .......... .......... .......... 25% 2.32M 5s
  3250K .......... .......... .......... .......... .......... 25% 2.29M 5s
  3300K .......... .......... .......... .......... .......... 26% 2.22M 5s
  3350K .......... .......... .......... .......... .......... 26% 2.16M 5s
  3400K .......... .......... .......... .......... .......... 26% 2.16M 5s
  3450K .......... .......... .......... .......... .......... 27% 1.99M 5s
  3500K .......... .......... .......... .......... .......... 27% 2.07M 5s
  3550K .......... .......... .......... .......... .......... 27% 2.06M 5s
  3600K .......... .......... .......... .......... .......... 28% 2.35M 5s
  3650K .......... .......... .......... .......... .......... 28% 2.00M 5s
  3700K .......... .......... .......... .......... .......... 29% 2.30M 5s
  3750K .......... .......... .......... .......... .......... 29% 2.33M 5s
  3800K .......... .......... .......... .......... .......... 29% 1.91M 5s
  3850K .......... .......... .......... .......... .......... 30% 2.50M 5s
  3900K .......... .......... .......... .......... .......... 30% 1.82M 4s
  3950K .......... .......... .......... .......... .......... 31% 1.24M 4s
  4000K .......... .......... .......... .......... .......... 31% 2.30M 4s
  4050K .......... .......... .......... .......... .......... 31% 1.83M 4s
  4100K .......... .......... .......... .......... .......... 32% 2.61M 4s
  4150K .......... .......... .......... .......... .......... 32% 1.67M 4s
  4200K .......... .......... .......... .......... .......... 32% 1.52M 4s
  4250K .......... .......... .......... .......... .......... 33% 2.30M 4s
  4300K .......... .......... .......... .......... .......... 33% 2.47M 4s
  4350K .......... .......... .......... .......... .......... 34% 1.97M 4s
  4400K .......... .......... .......... .......... .......... 34% 1.75M 4s
  4450K .......... .......... .......... .......... .......... 34% 2.07M 4s
  4500K .......... .......... .......... .......... .......... 35% 1.65M 4s
  4550K .......... .......... .......... .......... .......... 35% 1.30M 4s
  4600K .......... .......... .......... .......... .......... 36% 1.96M 4s
  4650K .......... .......... .......... .......... .......... 36%  911K 4s
  4700K .......... .......... .......... .......... .......... 36% 1.17M 4s
  4750K .......... .......... .......... .......... .......... 37% 1.24M 4s
  4800K .......... .......... .......... .......... .......... 37% 1.64M 4s
  4850K .......... .......... .......... .......... .......... 38% 1.25M 4s
  4900K .......... .......... .......... .......... .......... 38% 2.46M 4s
  4950K .......... .......... .......... .......... .......... 38% 2.29M 4s
  5000K .......... .......... .......... .......... .......... 39% 1.72M 4s
  5050K .......... .......... .......... .......... .......... 39% 2.63M 4s
  5100K .......... .......... .......... .......... .......... 39% 2.10M 4s
  5150K .......... .......... .......... .......... .......... 40% 2.36M 4s
  5200K .......... .......... .......... .......... .......... 40% 1.72M 4s
  5250K .......... .......... .......... .......... .......... 41% 1.73M 4s
  5300K .......... .......... .......... .......... .......... 41% 2.09M 4s
  5350K .......... .......... .......... .......... .......... 41% 2.12M 4s
  5400K .......... .......... .......... .......... .......... 42% 2.32M 4s
  5450K .......... .......... .......... .......... .......... 42% 2.08M 4s
  5500K .......... .......... .......... .......... .......... 43% 2.05M 4s
  5550K .......... .......... .......... .......... .......... 43% 1.99M 4s
  5600K .......... .......... .......... .......... .......... 43% 2.12M 4s
  5650K .......... .......... .......... .......... .......... 44% 1.78M 4s
  5700K .......... .......... .......... .......... .......... 44% 1.99M 4s
  5750K .......... .......... .......... .......... .......... 45% 1.65M 4s
  5800K .......... .......... .......... .......... .......... 45% 1.52M 4s
  5850K .......... .......... .......... .......... .......... 45% 1.73M 4s
  5900K .......... .......... .......... .......... .......... 46% 1.56M 4s
  5950K .......... .......... .......... .......... .......... 46% 1.20M 4s
  6000K .......... .......... .......... .......... .......... 46% 1.73M 4s
  6050K .......... .......... .......... .......... .......... 47% 1.81M 4s
  6100K .......... .......... .......... .......... .......... 47% 1.82M 4s
  6150K .......... .......... .......... .......... .......... 48% 2.02M 3s
  6200K .......... .......... .......... .......... .......... 48% 2.23M 3s
  6250K .......... .......... .......... .......... .......... 48% 1.95M 3s
  6300K .......... .......... .......... .......... .......... 49% 2.47M 3s
  6350K .......... .......... .......... .......... .......... 49% 2.21M 3s
  6400K .......... .......... .......... .......... .......... 50% 2.27M 3s
  6450K .......... .......... .......... .......... .......... 50% 2.33M 3s
  6500K .......... .......... .......... .......... .......... 50% 2.23M 3s
  6550K .......... .......... .......... .......... .......... 51% 2.33M 3s
  6600K .......... .......... .......... .......... .......... 51% 2.17M 3s
  6650K .......... .......... .......... .......... .......... 52% 2.10M 3s
  6700K .......... .......... .......... .......... .......... 52% 2.09M 3s
  6750K .......... .......... .......... .......... .......... 52% 2.17M 3s
  6800K .......... .......... .......... .......... .......... 53% 2.20M 3s
  6850K .......... .......... .......... .......... .......... 53% 1.92M 3s
  6900K .......... .......... .......... .......... .......... 53% 2.00M 3s
  6950K .......... .......... .......... .......... .......... 54% 1.63M 3s
  7000K .......... .......... .......... .......... .......... 54% 1.97M 3s
  7050K .......... .......... .......... .......... .......... 55% 2.06M 3s
  7100K .......... .......... .......... .......... .......... 55% 2.23M 3s
  7150K .......... .......... .......... .......... .......... 55% 1.88M 3s
  7200K .......... .......... .......... .......... .......... 56% 1.94M 3s
  7250K .......... .......... .......... .......... .......... 56% 2.38M 3s
  7300K .......... .......... .......... .......... .......... 57% 2.40M 3s
  7350K .......... .......... .......... .......... .......... 57% 1.95M 3s
  7400K .......... .......... .......... .......... .......... 57% 1.27M 3s
  7450K .......... .......... .......... .......... .......... 58% 1.58M 3s
  7500K .......... .......... .......... .......... .......... 58% 1.27M 3s
  7550K .......... .......... .......... .......... .......... 58% 1.58M 3s
  7600K .......... .......... .......... .......... .......... 59% 1.60M 3s
  7650K .......... .......... .......... .......... .......... 59% 1.85M 3s
  7700K .......... .......... .......... .......... .......... 60% 2.08M 3s
  7750K .......... .......... .......... .......... .......... 60% 2.05M 3s
  7800K .......... .......... .......... .......... .......... 60% 2.14M 3s
  7850K .......... .......... .......... .......... .......... 61% 1.84M 3s
  7900K .......... .......... .......... .......... .......... 61% 2.24M 3s
  7950K .......... .......... .......... .......... .......... 62% 2.03M 3s
  8000K .......... .......... .......... .......... .......... 62% 1.66M 2s
  8050K .......... .......... .......... .......... .......... 62% 2.35M 2s
  8100K .......... .......... .......... .......... .......... 63% 2.20M 2s
  8150K .......... .......... .......... .......... .......... 63% 1.88M 2s
  8200K .......... .......... .......... .......... .......... 64% 2.33M 2s
  8250K .......... .......... .......... .......... .......... 64% 2.21M 2s
  8300K .......... .......... .......... .......... .......... 64% 2.36M 2s
  8350K .......... .......... .......... .......... .......... 65% 2.16M 2s
  8400K .......... .......... .......... .......... .......... 65% 2.03M 2s
  8450K .......... .......... .......... .......... .......... 65% 1.79M 2s
  8500K .......... .......... .......... .......... .......... 66% 1.74M 2s
  8550K .......... .......... .......... .......... .......... 66% 1.84M 2s
  8600K .......... .......... .......... .......... .......... 67% 1.74M 2s
  8650K .......... .......... .......... .......... .......... 67% 2.40M 2s
  8700K .......... .......... .......... .......... .......... 67% 1.82M 2s
  8750K .......... .......... .......... .......... .......... 68% 2.12M 2s
  8800K .......... .......... .......... .......... .......... 68% 1.97M 2s
  8850K .......... .......... .......... .......... .......... 69% 1.93M 2s
  8900K .......... .......... .......... .......... .......... 69% 1.30M 2s
  8950K .......... .......... .......... .......... .......... 69% 1.56M 2s
  9000K .......... .......... .......... .......... .......... 70% 1.81M 2s
  9050K .......... .......... .......... .......... .......... 70% 2.32M 2s
  9100K .......... .......... .......... .......... .......... 71% 2.21M 2s
  9150K .......... .......... .......... .......... .......... 71% 1.61M 2s
  9200K .......... .......... .......... .......... .......... 71% 1.43M 2s
  9250K .......... .......... .......... .......... .......... 72% 2.32M 2s
  9300K .......... .......... .......... .......... .......... 72% 1.86M 2s
  9350K .......... .......... .......... .......... .......... 72% 1.86M 2s
  9400K .......... .......... .......... .......... .......... 73% 1.46M 2s
  9450K .......... .......... .......... .......... .......... 73% 2.17M 2s
  9500K .......... .......... .......... .......... .......... 74% 2.20M 2s
  9550K .......... .......... .......... .......... .......... 74% 1.70M 2s
  9600K .......... .......... .......... .......... .......... 74% 2.50M 2s
  9650K .......... .......... .......... .......... .......... 75% 1.92M 2s
  9700K .......... .......... .......... .......... .......... 75% 1.97M 2s
  9750K .......... .......... .......... .......... .......... 76% 2.08M 2s
  9800K .......... .......... .......... .......... .......... 76% 2.08M 2s
  9850K .......... .......... .......... .......... .......... 76% 1.20M 2s
  9900K .......... .......... .......... .......... .......... 77% 1.20M 2s
  9950K .......... .......... .......... .......... .......... 77% 1.45M 1s
 10000K .......... .......... .......... .......... .......... 78% 1.89M 1s
 10050K .......... .......... .......... .......... .......... 78% 2.04M 1s
 10100K .......... .......... .......... .......... .......... 78% 2.06M 1s
 10150K .......... .......... .......... .......... .......... 79% 2.12M 1s
 10200K .......... .......... .......... .......... .......... 79% 2.32M 1s
 10250K .......... .......... .......... .......... .......... 79% 2.28M 1s
 10300K .......... .......... .......... .......... .......... 80% 1.75M 1s
 10350K .......... .......... .......... .......... .......... 80% 2.09M 1s
 10400K .......... .......... .......... .......... .......... 81% 2.27M 1s
 10450K .......... .......... .......... .......... .......... 81% 2.28M 1s
 10500K .......... .......... .......... .......... .......... 81% 2.34M 1s
 10550K .......... .......... .......... .......... .......... 82% 2.35M 1s
 10600K .......... .......... .......... .......... .......... 82% 2.36M 1s
 10650K .......... .......... .......... .......... .......... 83% 2.15M 1s
 10700K .......... .......... .......... .......... .......... 83% 2.30M 1s
 10750K .......... .......... .......... .......... .......... 83% 1.78M 1s
 10800K .......... .......... .......... .......... .......... 84% 1.87M 1s
 10850K .......... .......... .......... .......... .......... 84% 1.53M 1s
 10900K .......... .......... .......... .......... .......... 84% 1.04M 1s
 10950K .......... .......... .......... .......... .......... 85% 1.74M 1s
 11000K .......... .......... .......... .......... .......... 85%  209K 1s
 11050K .......... .......... .......... .......... .......... 86% 1.79M 1s
 11100K .......... .......... .......... .......... .......... 86% 2.14M 1s
 11150K .......... .......... .......... .......... .......... 86% 2.07M 1s
 11200K .......... .......... .......... .......... .......... 87% 1.91M 1s
 11250K .......... .......... .......... .......... .......... 87% 1.33M 1s
 11300K .......... .......... .......... .......... .......... 88% 1.82M 1s
 11350K .......... .......... .......... .......... .......... 88% 1.99M 1s
 11400K .......... .......... .......... .......... .......... 88% 1.83M 1s
 11450K .......... .......... .......... .......... .......... 89% 2.09M 1s
 11500K .......... .......... .......... .......... .......... 89% 2.35M 1s
 11550K .......... .......... .......... .......... .......... 90% 2.08M 1s
 11600K .......... .......... .......... .......... .......... 90% 2.10M 1s
 11650K .......... .......... .......... .......... .......... 90% 1.88M 1s
 11700K .......... .......... .......... .......... .......... 91% 2.20M 1s
 11750K .......... .......... .......... .......... .......... 91% 2.43M 1s
 11800K .......... .......... .......... .......... .......... 91% 2.21M 1s
 11850K .......... .......... .......... .......... .......... 92% 2.31M 1s
 11900K .......... .......... .......... .......... .......... 92% 1.81M 0s
 11950K .......... .......... .......... .......... .......... 93% 2.41M 0s
 12000K .......... .......... .......... .......... .......... 93% 1.81M 0s
 12050K .......... .......... .......... .......... .......... 93% 2.12M 0s
 12100K .......... .......... .......... .......... .......... 94% 2.18M 0s
 12150K .......... .......... .......... .......... .......... 94% 2.11M 0s
 12200K .......... .......... .......... .......... .......... 95% 2.06M 0s
 12250K .......... .......... .......... .......... .......... 95% 1.96M 0s
 12300K .......... .......... .......... .......... .......... 95% 2.17M 0s
 12350K .......... .......... .......... .......... .......... 96% 2.18M 0s
 12400K .......... .......... .......... .......... .......... 96% 2.13M 0s
 12450K .......... .......... .......... .......... .......... 97% 2.35M 0s
 12500K .......... .......... .......... .......... .......... 97% 2.34M 0s
 12550K .......... .......... .......... .......... .......... 97% 2.25M 0s
 12600K .......... .......... .......... .......... .......... 98% 2.31M 0s
 12650K .......... .......... .......... .......... .......... 98% 2.28M 0s
 12700K .......... .......... .......... .......... .......... 98% 2.03M 0s
 12750K .......... .......... .......... .......... .......... 99% 2.15M 0s
 12800K .......... .......... .......... .......... .......... 99% 2.23M 0s
 12850K .......... .......... .......... ....                 100% 2.53M=6.8s

2016-05-25 03:37:12 (1.85 MB/s) - ‘index.html.5’ saved [13193358/13193358]

