--2016-05-25 03:26:16--  http://10.30.50.93:8000/
Connecting to 10.30.50.93:8000... connected.
HTTP request sent, awaiting response... 200 OK
Length: 13193358 (13M) [text/html]
Saving to: ‘index.html.17’

     0K .......... .......... .......... .......... ..........  0%  935K 14s
    50K .......... .......... .......... .......... ..........  0% 1.09M 13s
   100K .......... .......... .......... .......... ..........  1%  102K 50s
   150K .......... .......... .......... .......... ..........  1%  109K 66s
   200K .......... .......... .......... .......... ..........  1% 1015K 55s
   250K .......... .......... .......... .......... ..........  2%  865K 48s
   300K .......... .......... .......... .......... ..........  2% 57.5K 72s
   350K .......... .......... .......... .......... ..........  3%  205K 71s
   400K .......... .......... .......... .......... ..........  3%  834K 64s
   450K .......... .......... .......... .......... ..........  3%  655K 59s
   500K .......... .......... .......... .......... ..........  4% 57.2K 73s
   550K .......... .......... .......... .......... ..........  4% 38.6K 94s
   600K .......... .......... .......... .......... ..........  5%  189K 91s
   650K .......... .......... .......... .......... ..........  5% 39.5K 1m46s
   700K .......... .......... .......... .......... ..........  5% 1.07M 99s
   750K .......... .......... .......... .......... ..........  6%  730K 94s
   800K .......... .......... .......... .......... ..........  6%  876K 89s
   850K .......... .......... .......... .......... ..........  6%  176K 87s
   900K .......... .......... .......... .......... ..........  7%  196K 86s
   950K .......... .......... .......... .......... ..........  7%  187K 84s
  1000K .......... .......... .......... .......... ..........  8% 57.5K 90s
  1050K .......... .......... .......... .......... ..........  8%  793K 86s
  1100K .......... .......... .......... .......... ..........  8%  118K 86s
  1150K .......... .......... .......... .......... ..........  9%  196K 85s
  1200K .......... .......... .......... .......... ..........  9%  921K 81s
  1250K .......... .......... .......... .......... .......... 10%  193K 80s
  1300K .......... .......... .......... .......... .......... 10% 77.4K 82s
  1350K .......... .......... .......... .......... .......... 10%  191K 81s
  1400K .......... .......... .......... .......... .......... 11%  966K 79s
  1450K .......... .......... .......... .......... .......... 11%  103K 79s
  1500K .......... .......... .......... .......... .......... 12%  177K 78s
  1550K .......... .......... .......... .......... .......... 12%  106K 79s
  1600K .......... .......... .......... .......... .......... 12%  819K 77s
  1650K .......... .......... .......... .......... .......... 13% 74.0K 79s
  1700K .......... .......... .......... .......... .......... 13% 57.6K 81s
  1750K .......... .......... .......... .......... .......... 13%  203K 80s
  1800K .......... .......... .......... .......... .......... 14%  958K 78s
  1850K .......... .......... .......... .......... .......... 14% 55.5K 81s
  1900K .......... .......... .......... .......... .......... 15%  198K 80s
  1950K .......... .......... .......... .......... .......... 15%  186K 79s
  2000K .......... .......... .......... .......... .......... 15%  194K 78s
  2050K .......... .......... .......... .......... .......... 16%  835K 76s
  2100K .......... .......... .......... .......... .......... 16%  877K 74s
  2150K .......... .......... .......... .......... .......... 17%  190K 74s
  2200K .......... .......... .......... .......... .......... 17%  704K 72s
  2250K .......... .......... .......... .......... .......... 17%  118K 72s
  2300K .......... .......... .......... .......... .......... 18%  192K 71s
  2350K .......... .......... .......... .......... .......... 18%  873K 70s
  2400K .......... .......... .......... .......... .......... 19%  673K 68s
  2450K .......... .......... .......... .......... .......... 19%  191K 68s
  2500K .......... .......... .......... .......... .......... 19%  903K 66s
  2550K .......... .......... .......... .......... .......... 20%  105K 67s
  2600K .......... .......... .......... .......... .......... 20%  207K 66s
  2650K .......... .......... .......... .......... .......... 20%  856K 65s
  2700K .......... .......... .......... .......... .......... 21% 73.4K 66s
  2750K .......... .......... .......... .......... .......... 21%  853K 64s
  2800K .......... .......... .......... .......... .......... 22%  107K 65s
  2850K .......... .......... .......... .......... .......... 22% 55.8K 66s
  2900K .......... .......... .......... .......... .......... 22% 75.9K 67s
  2950K .......... .......... .......... .......... .......... 23% 59.4K 68s
  3000K .......... .......... .......... .......... .......... 23%  106K 68s
  3050K .......... .......... .......... .......... .......... 24% 73.3K 69s
  3100K .......... .......... .......... .......... .......... 24%  703K 68s
  3150K .......... .......... .......... .......... .......... 24% 75.2K 69s
  3200K .......... .......... .......... .......... .......... 25%  172K 68s
  3250K .......... .......... .......... .......... .......... 25%  107K 68s
  3300K .......... .......... .......... .......... .......... 26%  107K 68s
  3350K .......... .......... .......... .......... .......... 26% 1.19M 67s
  3400K .......... .......... .......... .......... .......... 26%  847K 66s
  3450K .......... .......... .......... .......... .......... 27%  192K 65s
  3500K .......... .......... .......... .......... .......... 27%  186K 64s
  3550K .......... .......... .......... .......... .......... 27%  107K 64s
  3600K .......... .......... .......... .......... .......... 28% 1000K 63s
  3650K .......... .......... .......... .......... .......... 28% 15.0K 70s
  3700K .......... .......... .......... .......... .......... 29%  114K 70s
  3750K .......... .......... .......... .......... .......... 29%  912K 69s
  3800K .......... .......... .......... .......... .......... 29%  185K 68s
  3850K .......... .......... .......... .......... .......... 30%  111K 68s
  3900K .......... .......... .......... .......... .......... 30% 79.0K 68s
  3950K .......... .......... .......... .......... .......... 31% 2.43M 67s
  4000K .......... .......... .......... .......... .......... 31%  181K 67s
  4050K .......... .......... .......... .......... .......... 31%  762K 65s
  4100K .......... .......... .......... .......... .......... 32%  185K 65s
  4150K .......... .......... .......... .......... .......... 32% 56.9K 66s
  4200K .......... .......... .......... .......... .......... 32% 1.05M 65s
  4250K .......... .......... .......... .......... .......... 33%  764K 64s
  4300K .......... .......... .......... .......... .......... 33% 32.9K 65s
  4350K .......... .......... .......... .......... .......... 34%  196K 65s
  4400K .......... .......... .......... .......... .......... 34%  161K 64s
  4450K .......... .......... .......... .......... .......... 34%  103K 64s
  4500K .......... .......... .......... .......... .......... 35%  950K 63s
  4550K .......... .......... .......... .......... .......... 35%  185K 63s
  4600K .......... .......... .......... .......... .......... 36%  193K 62s
  4650K .......... .......... .......... .......... .......... 36%  975K 61s
  4700K .......... .......... .......... .......... .......... 36% 58.4K 61s
  4750K .......... .......... .......... .......... .......... 37%  953K 61s
  4800K .......... .......... .......... .......... .......... 37% 56.4K 61s
  4850K .......... .......... .......... .......... .......... 38%  210K 60s
  4900K .......... .......... .......... .......... .......... 38%  188K 60s
  4950K .......... .......... .......... .......... .......... 38%  757K 59s
  5000K .......... .......... .......... .......... .......... 39%  185K 58s
  5050K .......... .......... .......... .......... .......... 39%  110K 58s
  5100K .......... .......... .......... .......... .......... 39%  781K 57s
  5150K .......... .......... .......... .......... .......... 40% 15.9K 61s
  5200K .......... .......... .......... .......... .......... 40%  669K 60s
  5250K .......... .......... .......... .......... .......... 41%  900K 59s
  5300K .......... .......... .......... .......... .......... 41%  693K 58s
  5350K .......... .......... .......... .......... .......... 41% 57.0K 59s
  5400K .......... .......... .......... .......... .......... 42%  214K 58s
  5450K .......... .......... .......... .......... .......... 42%  817K 57s
  5500K .......... .......... .......... .......... .......... 43%  107K 57s
  5550K .......... .......... .......... .......... .......... 43% 76.4K 57s
  5600K .......... .......... .......... .......... .......... 43%  205K 56s
  5650K .......... .......... .......... .......... .......... 44%  818K 56s
  5700K .......... .......... .......... .......... .......... 44%  103K 55s
  5750K .......... .......... .......... .......... .......... 45%  754K 55s
  5800K .......... .......... .......... .......... .......... 45%  193K 54s
  5850K .......... .......... .......... .......... .......... 45%  793K 53s
  5900K .......... .......... .......... .......... .......... 46% 23.6K 55s
  5950K .......... .......... .......... .......... .......... 46%  189K 54s
  6000K .......... .......... .......... .......... .......... 46%  197K 54s
  6050K .......... .......... .......... .......... .......... 47%  186K 53s
  6100K .......... .......... .......... .......... .......... 47%  112K 53s
  6150K .......... .......... .......... .......... .......... 48%  103K 53s
  6200K .......... .......... .......... .......... .......... 48% 33.3K 53s
  6250K .......... .......... .......... .......... .......... 48% 33.7K 54s
  6300K .......... .......... .......... .......... .......... 49%  911K 53s
  6350K .......... .......... .......... .......... .......... 49%  673K 53s
  6400K .......... .......... .......... .......... .......... 50% 99.3K 52s
  6450K .......... .......... .......... .......... .......... 50%  108K 52s
  6500K .......... .......... .......... .......... .......... 50%  190K 51s
  6550K .......... .......... .......... .......... .......... 51%  781K 51s
  6600K .......... .......... .......... .......... .......... 51%  110K 50s
  6650K .......... .......... .......... .......... .......... 52%  199K 50s
  6700K .......... .......... .......... .......... .......... 52% 1012K 49s
  6750K .......... .......... .......... .......... .......... 52%  107K 49s
  6800K .......... .......... .......... .......... .......... 53% 29.6K 49s
  6850K .......... .......... .......... .......... .......... 53% 74.7K 49s
  6900K .......... .......... .......... .......... .......... 53% 73.9K 49s
  6950K .......... .......... .......... .......... .......... 54%  101K 49s
  7000K .......... .......... .......... .......... .......... 54%  969K 48s
  7050K .......... .......... .......... .......... .......... 55%  995K 47s
  7100K .......... .......... .......... .......... .......... 55%  194K 47s
  7150K .......... .......... .......... .......... .......... 55%  161K 46s
  7200K .......... .......... .......... .......... .......... 56%  823K 46s
  7250K .......... .......... .......... .......... .......... 56%  618K 45s
  7300K .......... .......... .......... .......... .......... 57% 1.01M 44s
  7350K .......... .......... .......... .......... .......... 57% 46.4K 44s
  7400K .......... .......... .......... .......... .......... 57% 1.15M 44s
  7450K .......... .......... .......... .......... .......... 58%  194K 43s
  7500K .......... .......... .......... .......... .......... 58% 56.7K 43s
  7550K .......... .......... .......... .......... .......... 58% 1.03M 43s
  7600K .......... .......... .......... .......... .......... 59%  908K 42s
  7650K .......... .......... .......... .......... .......... 59%  952K 41s
  7700K .......... .......... .......... .......... .......... 60%  198K 41s
  7750K .......... .......... .......... .......... .......... 60%  960K 40s
  7800K .......... .......... .......... .......... .......... 60%  881K 40s
  7850K .......... .......... .......... .......... .......... 61%  183K 39s
  7900K .......... .......... .......... .......... .......... 61%  107K 39s
  7950K .......... .......... .......... .......... .......... 62%  844K 38s
  8000K .......... .......... .......... .......... .......... 62%  192K 38s
  8050K .......... .......... .......... .......... .......... 62%  717K 37s
  8100K .......... .......... .......... .......... .......... 63%  186K 37s
  8150K .......... .......... .......... .......... .......... 63%  194K 36s
  8200K .......... .......... .......... .......... .......... 64%  812K 36s
  8250K .......... .......... .......... .......... .......... 64%  788K 35s
  8300K .......... .......... .......... .......... .......... 64%  774K 34s
  8350K .......... .......... .......... .......... .......... 65%  911K 34s
  8400K .......... .......... .......... .......... .......... 65%  696K 33s
  8450K .......... .......... .......... .......... .......... 65%  186K 33s
  8500K .......... .......... .......... .......... .......... 66%  186K 33s
  8550K .......... .......... .......... .......... .......... 66%  191K 32s
  8600K .......... .......... .......... .......... .......... 67% 56.7K 32s
  8650K .......... .......... .......... .......... .......... 67%  769K 31s
  8700K .......... .......... .......... .......... .......... 67% 1.00M 31s
  8750K .......... .......... .......... .......... .......... 68%  187K 30s
  8800K .......... .......... .......... .......... .......... 68%  193K 30s
  8850K .......... .......... .......... .......... .......... 69% 46.5K 30s
  8900K .......... .......... .......... .......... .......... 69%  855K 29s
  8950K .......... .......... .......... .......... .......... 69% 26.5K 30s
  9000K .......... .......... .......... .......... .......... 70% 1.15M 29s
  9050K .......... .......... .......... .......... .......... 70%  195K 29s
  9100K .......... .......... .......... .......... .......... 71% 1.05M 28s
  9150K .......... .......... .......... .......... .......... 71%  904K 28s
  9200K .......... .......... .......... .......... .......... 71%  813K 27s
  9250K .......... .......... .......... .......... .......... 72%  119K 27s
  9300K .......... .......... .......... .......... .......... 72%  104K 27s
  9350K .......... .......... .......... .......... .......... 72%  208K 26s
  9400K .......... .......... .......... .......... .......... 73%  188K 26s
  9450K .......... .......... .......... .......... .......... 73%  777K 25s
  9500K .......... .......... .......... .......... .......... 74%  197K 25s
  9550K .......... .......... .......... .......... .......... 74% 75.0K 25s
  9600K .......... .......... .......... .......... .......... 74% 78.7K 24s
  9650K .......... .......... .......... .......... .......... 75%  904K 24s
  9700K .......... .......... .......... .......... .......... 75%  792K 23s
  9750K .......... .......... .......... .......... .......... 76% 1.03M 23s
  9800K .......... .......... .......... .......... .......... 76%  199K 22s
  9850K .......... .......... .......... .......... .......... 76%  193K 22s
  9900K .......... .......... .......... .......... .......... 77% 57.8K 22s
  9950K .......... .......... .......... .......... .......... 77% 73.3K 22s
 10000K .......... .......... .......... .......... .......... 78% 1.15M 21s
 10050K .......... .......... .......... .......... .......... 78%  854K 21s
 10100K .......... .......... .......... .......... .......... 78%  185K 20s
 10150K .......... .......... .......... .......... .......... 79%  197K 20s
 10200K .......... .......... .......... .......... .......... 79%  207K 19s
 10250K .......... .......... .......... .......... .......... 79%  105K 19s
 10300K .......... .......... .......... .......... .......... 80%  185K 19s
 10350K .......... .......... .......... .......... .......... 80%  900K 18s
 10400K .......... .......... .......... .......... .......... 81% 1.15M 18s
 10450K .......... .......... .......... .......... .......... 81% 56.7K 18s
 10500K .......... .......... .......... .......... .......... 81%  957K 17s
 10550K .......... .......... .......... .......... .......... 82% 26.4K 17s
 10600K .......... .......... .......... .......... .......... 82% 2.80M 17s
 10650K .......... .......... .......... .......... .......... 83%  194K 16s
 10700K .......... .......... .......... .......... .......... 83%  105K 16s
 10750K .......... .......... .......... .......... .......... 83% 75.8K 16s
 10800K .......... .......... .......... .......... .......... 84% 74.4K 15s
 10850K .......... .......... .......... .......... .......... 84%  886K 15s
 10900K .......... .......... .......... .......... .......... 84%  111K 14s
 10950K .......... .......... .......... .......... .......... 85%  779K 14s
 11000K .......... .......... .......... .......... .......... 85%  109K 14s
 11050K .......... .......... .......... .......... .......... 86%  168K 13s
 11100K .......... .......... .......... .......... .......... 86%  109K 13s
 11150K .......... .......... .......... .......... .......... 86%  869K 12s
 11200K .......... .......... .......... .......... .......... 87%  184K 12s
 11250K .......... .......... .......... .......... .......... 87%  196K 12s
 11300K .......... .......... .......... .......... .......... 88%  192K 11s
 11350K .......... .......... .......... .......... .......... 88%  840K 11s
 11400K .......... .......... .......... .......... .......... 88%  916K 11s
 11450K .......... .......... .......... .......... .......... 89%  196K 10s
 11500K .......... .......... .......... .......... .......... 89%  836K 10s
 11550K .......... .......... .......... .......... .......... 90%  192K 9s
 11600K .......... .......... .......... .......... .......... 90%  200K 9s
 11650K .......... .......... .......... .......... .......... 90%  581K 9s
 11700K .......... .......... .......... .......... .......... 91% 57.6K 8s
 11750K .......... .......... .......... .......... .......... 91% 1.10M 8s
 11800K .......... .......... .......... .......... .......... 91% 1.02M 7s
 11850K .......... .......... .......... .......... .......... 92%  886K 7s
 11900K .......... .......... .......... .......... .......... 92%  106K 7s
 11950K .......... .......... .......... .......... .......... 93%  822K 6s
 12000K .......... .......... .......... .......... .......... 93% 39.0K 6s
 12050K .......... .......... .......... .......... .......... 93% 75.3K 6s
 12100K .......... .......... .......... .......... .......... 94% 74.2K 5s
 12150K .......... .......... .......... .......... .......... 94%  111K 5s
 12200K .......... .......... .......... .......... .......... 95%  196K 5s
 12250K .......... .......... .......... .......... .......... 95% 1.02M 4s
 12300K .......... .......... .......... .......... .......... 95%  172K 4s
 12350K .......... .......... .......... .......... .......... 96%  759K 4s
 12400K .......... .......... .......... .......... .......... 96%  104K 3s
 12450K .......... .......... .......... .......... .......... 97%  809K 3s
 12500K .......... .......... .......... .......... .......... 97%  972K 2s
 12550K .......... .......... .......... .......... .......... 97%  195K 2s
 12600K .......... .......... .......... .......... .......... 98% 1.05M 2s
 12650K .......... .......... .......... .......... .......... 98%  826K 1s
 12700K .......... .......... .......... .......... .......... 98%  186K 1s
 12750K .......... .......... .......... .......... .......... 99%  104K 1s
 12800K .......... .......... .......... .......... .......... 99%  208K 0s
 12850K .......... .......... .......... ....                 100% 76.2K=93s

2016-05-25 03:27:50 (139 KB/s) - ‘index.html.17’ saved [13193358/13193358]

