--2016-05-25 03:44:17--  http://10.30.50.93:8000/
Connecting to 10.30.50.93:8000... connected.
HTTP request sent, awaiting response... 200 OK
Length: 13193358 (13M) [text/html]
Saving to: ‘index.html.18’

     0K .......... .......... .......... .......... ..........  0% 1.82M 7s
    50K .......... .......... .......... .......... ..........  0% 1.14M 9s
   100K .......... .......... .......... .......... ..........  1%  207K 26s
   150K .......... .......... .......... .......... ..........  1%  182K 37s
   200K .......... .......... .......... .......... ..........  1%  200K 42s
   250K .......... .......... .......... .......... ..........  2% 47.4K 79s
   300K .......... .......... .......... .......... ..........  2% 45.7K 1m47s
   350K .......... .......... .......... .......... ..........  3% 1.06M 95s
   400K .......... .......... .......... .......... ..........  3% 57.8K 1m48s
   450K .......... .......... .......... .......... ..........  3% 1.04M 98s
   500K .......... .......... .......... .......... ..........  4%  112K 98s
   550K .......... .......... .......... .......... ..........  4% 1.47M 91s
   600K .......... .......... .......... .......... ..........  5% 74.9K 96s
   650K .......... .......... .......... .......... ..........  5%  207K 93s
   700K .......... .......... .......... .......... ..........  5%  196K 90s
   750K .......... .......... .......... .......... ..........  6%  110K 91s
   800K .......... .......... .......... .......... ..........  6%  200K 89s
   850K .......... .......... .......... .......... ..........  6%  783K 85s
   900K .......... .......... .......... .......... ..........  7% 76.5K 88s
   950K .......... .......... .......... .......... ..........  7% 1.06M 84s
  1000K .......... .......... .......... .......... ..........  8% 45.6K 92s
  1050K .......... .......... .......... .......... ..........  8% 75.0K 94s
  1100K .......... .......... .......... .......... ..........  8% 1.16M 90s
  1150K .......... .......... .......... .......... ..........  9% 46.7K 97s
  1200K .......... .......... .......... .......... ..........  9%  109K 97s
  1250K .......... .......... .......... .......... .......... 10%  991K 93s
  1300K .......... .......... .......... .......... .......... 10%  194K 91s
  1350K .......... .......... .......... .......... .......... 10% 1.45M 88s
  1400K .......... .......... .......... .......... .......... 11%  113K 88s
  1450K .......... .......... .......... .......... .......... 11%  112K 88s
  1500K .......... .......... .......... .......... .......... 12%  822K 85s
  1550K .......... .......... .......... .......... .......... 12% 1.17M 83s
  1600K .......... .......... .......... .......... .......... 12% 1.23M 80s
  1650K .......... .......... .......... .......... .......... 13%  197K 79s
  1700K .......... .......... .......... .......... .......... 13%  198K 78s
  1750K .......... .......... .......... .......... .......... 13%  108K 78s
  1800K .......... .......... .......... .......... .......... 14% 47.4K 82s
  1850K .......... .......... .......... .......... .......... 14% 58.9K 85s
  1900K .......... .......... .......... .......... .......... 15% 76.6K 86s
  1950K .......... .......... .......... .......... .......... 15%  204K 85s
  2000K .......... .......... .......... .......... .......... 15%  207K 83s
  2050K .......... .......... .......... .......... .......... 16%  112K 83s
  2100K .......... .......... .......... .......... .......... 16% 73.3K 84s
  2150K .......... .......... .......... .......... .......... 17%  207K 83s
  2200K .......... .......... .......... .......... .......... 17%  111K 83s
  2250K .......... .......... .......... .......... .......... 17%  186K 82s
  2300K .......... .......... .......... .......... .......... 18%  698K 80s
  2350K .......... .......... .......... .......... .......... 18%  193K 79s
  2400K .......... .......... .......... .......... .......... 19%  206K 79s
  2450K .......... .......... .......... .......... .......... 19%  195K 78s
  2500K .......... .......... .......... .......... .......... 19%  197K 77s
  2550K .......... .......... .......... .......... .......... 20% 75.4K 78s
  2600K .......... .......... .......... .......... .......... 20%  197K 77s
  2650K .......... .......... .......... .......... .......... 20%  108K 77s
  2700K .......... .......... .......... .......... .......... 21% 59.7K 78s
  2750K .......... .......... .......... .......... .......... 21%  199K 77s
  2800K .......... .......... .......... .......... .......... 22%  198K 76s
  2850K .......... .......... .......... .......... .......... 22% 73.7K 77s
  2900K .......... .......... .......... .......... .......... 22%  113K 77s
  2950K .......... .......... .......... .......... .......... 23%  203K 76s
  3000K .......... .......... .......... .......... .......... 23% 1.08M 74s
  3050K .......... .......... .......... .......... .......... 24%  187K 74s
  3100K .......... .......... .......... .......... .......... 24%  194K 73s
  3150K .......... .......... .......... .......... .......... 24%  198K 72s
  3200K .......... .......... .......... .......... .......... 25%  201K 71s
  3250K .......... .......... .......... .......... .......... 25% 30.1K 75s
  3300K .......... .......... .......... .......... .......... 26% 1.54M 73s
  3350K .......... .......... .......... .......... .......... 26%  204K 73s
  3400K .......... .......... .......... .......... .......... 26%  109K 72s
  3450K .......... .......... .......... .......... .......... 27% 1.01M 71s
  3500K .......... .......... .......... .......... .......... 27%  195K 70s
  3550K .......... .......... .......... .......... .......... 27%  209K 70s
  3600K .......... .......... .......... .......... .......... 28%  107K 70s
  3650K .......... .......... .......... .......... .......... 28%  860K 68s
  3700K .......... .......... .......... .......... .......... 29% 1.20M 67s
  3750K .......... .......... .......... .......... .......... 29%  993K 66s
  3800K .......... .......... .......... .......... .......... 29% 1.03M 65s
  3850K .......... .......... .......... .......... .......... 30% 58.9K 66s
  3900K .......... .......... .......... .......... .......... 30%  205K 65s
  3950K .......... .......... .......... .......... .......... 31% 29.6K 68s
  4000K .......... .......... .......... .......... .......... 31%  205K 67s
  4050K .......... .......... .......... .......... .......... 31%  200K 66s
  4100K .......... .......... .......... .......... .......... 32%  108K 66s
  4150K .......... .......... .......... .......... .......... 32% 1.04M 65s
  4200K .......... .......... .......... .......... .......... 32% 57.8K 66s
  4250K .......... .......... .......... .......... .......... 33%  210K 65s
  4300K .......... .......... .......... .......... .......... 33% 1007K 64s
  4350K .......... .......... .......... .......... .......... 34%  192K 63s
  4400K .......... .......... .......... .......... .......... 34% 1.31M 62s
  4450K .......... .......... .......... .......... .......... 34% 57.0K 63s
  4500K .......... .......... .......... .......... .......... 35% 58.7K 64s
  4550K .......... .......... .......... .......... .......... 35%  198K 63s
  4600K .......... .......... .......... .......... .......... 36%  199K 62s
  4650K .......... .......... .......... .......... .......... 36%  185K 62s
  4700K .......... .......... .......... .......... .......... 36%  212K 61s
  4750K .......... .......... .......... .......... .......... 37% 1.18M 60s
  4800K .......... .......... .......... .......... .......... 37%  213K 60s
  4850K .......... .......... .......... .......... .......... 38% 76.4K 60s
  4900K .......... .......... .......... .......... .......... 38%  971K 59s
  4950K .......... .......... .......... .......... .......... 38%  199K 58s
  5000K .......... .......... .......... .......... .......... 39%  889K 57s
  5050K .......... .......... .......... .......... .......... 39%  978K 57s
  5100K .......... .......... .......... .......... .......... 39%  198K 56s
  5150K .......... .......... .......... .......... .......... 40% 46.8K 57s
  5200K .......... .......... .......... .......... .......... 40%  917K 56s
  5250K .......... .......... .......... .......... .......... 41% 76.1K 56s
  5300K .......... .......... .......... .......... .......... 41% 1.03M 55s
  5350K .......... .......... .......... .......... .......... 41% 58.0K 55s
  5400K .......... .......... .......... .......... .......... 42%  112K 55s
  5450K .......... .......... .......... .......... .......... 42%  923K 54s
  5500K .......... .......... .......... .......... .......... 43% 76.8K 54s
  5550K .......... .......... .......... .......... .......... 43% 1.42M 54s
  5600K .......... .......... .......... .......... .......... 43%  174K 53s
  5650K .......... .......... .......... .......... .......... 44%  981K 52s
  5700K .......... .......... .......... .......... .......... 44% 1.01M 52s
  5750K .......... .......... .......... .......... .......... 45% 33.4K 53s
  5800K .......... .......... .......... .......... .......... 45% 39.2K 53s
  5850K .......... .......... .......... .......... .......... 45% 1.50M 52s
  5900K .......... .......... .......... .......... .......... 46%  908K 52s
  5950K .......... .......... .......... .......... .......... 46% 75.9K 52s
  6000K .......... .......... .......... .......... .......... 46% 33.9K 53s
  6050K .......... .......... .......... .......... .......... 47% 1.40M 52s
  6100K .......... .......... .......... .......... .......... 47% 1.00M 51s
  6150K .......... .......... .......... .......... .......... 48%  114K 51s
  6200K .......... .......... .......... .......... .......... 48%  197K 50s
  6250K .......... .......... .......... .......... .......... 48% 1.22M 49s
  6300K .......... .......... .......... .......... .......... 49%  200K 49s
  6350K .......... .......... .......... .......... .......... 49%  168K 49s
  6400K .......... .......... .......... .......... .......... 50%  879K 48s
  6450K .......... .......... .......... .......... .......... 50% 76.3K 48s
  6500K .......... .......... .......... .......... .......... 50% 1.09M 47s
  6550K .......... .......... .......... .......... .......... 51%  986K 46s
  6600K .......... .......... .......... .......... .......... 51% 74.9K 46s
  6650K .......... .......... .......... .......... .......... 52% 74.6K 46s
  6700K .......... .......... .......... .......... .......... 52% 1.17M 46s
  6750K .......... .......... .......... .......... .......... 52%  201K 45s
  6800K .......... .......... .......... .......... .......... 53% 47.8K 45s
  6850K .......... .......... .......... .......... .......... 53% 78.5K 45s
  6900K .......... .......... .......... .......... .......... 53%  199K 45s
  6950K .......... .......... .......... .......... .......... 54%  109K 44s
  7000K .......... .......... .......... .......... .......... 54%  198K 44s
  7050K .......... .......... .......... .......... .......... 55%  107K 44s
  7100K .......... .......... .......... .......... .......... 55%  757K 43s
  7150K .......... .......... .......... .......... .......... 55% 22.1K 44s
  7200K .......... .......... .......... .......... .......... 56%  111K 44s
  7250K .......... .......... .......... .......... .......... 56% 22.2K 45s
  7300K .......... .......... .......... .......... .......... 57% 75.2K 45s
  7350K .......... .......... .......... .......... .......... 57%  198K 44s
  7400K .......... .......... .......... .......... .......... 57%  945K 43s
  7450K .......... .......... .......... .......... .......... 58%  105K 43s
  7500K .......... .......... .......... .......... .......... 58%  782K 42s
  7550K .......... .......... .......... .......... .......... 58%  194K 42s
  7600K .......... .......... .......... .......... .......... 59%  107K 42s
  7650K .......... .......... .......... .......... .......... 59% 1.11M 41s
  7700K .......... .......... .......... .......... .......... 60% 1.45M 40s
  7750K .......... .......... .......... .......... .......... 60% 59.5K 40s
  7800K .......... .......... .......... .......... .......... 60% 57.9K 40s
  7850K .......... .......... .......... .......... .......... 61% 1.38M 39s
  7900K .......... .......... .......... .......... .......... 61%  192K 39s
  7950K .......... .......... .......... .......... .......... 62%  189K 38s
  8000K .......... .......... .......... .......... .......... 62%  112K 38s
  8050K .......... .......... .......... .......... .......... 62% 75.7K 38s
  8100K .......... .......... .......... .......... .......... 63% 1001K 37s
  8150K .......... .......... .......... .......... .......... 63%  989K 37s
  8200K .......... .......... .......... .......... .......... 64% 1.20M 36s
  8250K .......... .......... .......... .......... .......... 64% 58.5K 36s
  8300K .......... .......... .......... .......... .......... 64%  108K 36s
  8350K .......... .......... .......... .......... .......... 65% 1.03M 35s
  8400K .......... .......... .......... .......... .......... 65%  111K 35s
  8450K .......... .......... .......... .......... .......... 65%  109K 34s
  8500K .......... .......... .......... .......... .......... 66%  899K 34s
  8550K .......... .......... .......... .......... .......... 66% 1004K 33s
  8600K .......... .......... .......... .......... .......... 67%  184K 33s
  8650K .......... .......... .......... .......... .......... 67%  783K 32s
  8700K .......... .......... .......... .......... .......... 67% 1.16M 32s
  8750K .......... .......... .......... .......... .......... 68% 58.6K 32s
  8800K .......... .......... .......... .......... .......... 68%  113K 31s
  8850K .......... .......... .......... .......... .......... 69%  112K 31s
  8900K .......... .......... .......... .......... .......... 69%  944K 30s
  8950K .......... .......... .......... .......... .......... 69% 57.9K 30s
  9000K .......... .......... .......... .......... .......... 70% 1.81M 30s
  9050K .......... .......... .......... .......... .......... 70% 1.31M 29s
  9100K .......... .......... .......... .......... .......... 71%  188K 29s
  9150K .......... .......... .......... .......... .......... 71%  749K 28s
  9200K .......... .......... .......... .......... .......... 71% 1.11M 28s
  9250K .......... .......... .......... .......... .......... 72%  925K 27s
  9300K .......... .......... .......... .......... .......... 72%  178K 27s
  9350K .......... .......... .......... .......... .......... 72% 1.36M 26s
  9400K .......... .......... .......... .......... .......... 73%  190K 26s
  9450K .......... .......... .......... .......... .......... 73%  988K 25s
  9500K .......... .......... .......... .......... .......... 74% 39.5K 25s
  9550K .......... .......... .......... .......... .......... 74% 1.34M 25s
  9600K .......... .......... .......... .......... .......... 74%  983K 24s
  9650K .......... .......... .......... .......... .......... 75%  112K 24s
  9700K .......... .......... .......... .......... .......... 75% 76.8K 24s
  9750K .......... .......... .......... .......... .......... 76%  188K 23s
  9800K .......... .......... .......... .......... .......... 76%  105K 23s
  9850K .......... .......... .......... .......... .......... 76%  111K 22s
  9900K .......... .......... .......... .......... .......... 77%  192K 22s
  9950K .......... .......... .......... .......... .......... 77%  853K 22s
 10000K .......... .......... .......... .......... .......... 78% 1.22M 21s
 10050K .......... .......... .......... .......... .......... 78% 80.0K 21s
 10100K .......... .......... .......... .......... .......... 78%  204K 20s
 10150K .......... .......... .......... .......... .......... 79% 76.5K 20s
 10200K .......... .......... .......... .......... .......... 79%  109K 20s
 10250K .......... .......... .......... .......... .......... 79%  932K 19s
 10300K .......... .......... .......... .......... .......... 80%  947K 19s
 10350K .......... .......... .......... .......... .......... 80%  108K 18s
 10400K .......... .......... .......... .......... .......... 81% 48.6K 18s
 10450K .......... .......... .......... .......... .......... 81% 5.21M 18s
 10500K .......... .......... .......... .......... .......... 81%  200K 17s
 10550K .......... .......... .......... .......... .......... 82%  112K 17s
 10600K .......... .......... .......... .......... .......... 82%  204K 17s
 10650K .......... .......... .......... .......... .......... 83% 1.06M 16s
 10700K .......... .......... .......... .......... .......... 83% 57.8K 16s
 10750K .......... .......... .......... .......... .......... 83%  198K 16s
 10800K .......... .......... .......... .......... .......... 84%  111K 15s
 10850K .......... .......... .......... .......... .......... 84% 1.38M 15s
 10900K .......... .......... .......... .......... .......... 84%  195K 14s
 10950K .......... .......... .......... .......... .......... 85% 1.16M 14s
 11000K .......... .......... .......... .......... .......... 85% 1.02M 14s
 11050K .......... .......... .......... .......... .......... 86%  105K 13s
 11100K .......... .......... .......... .......... .......... 86%  798K 13s
 11150K .......... .......... .......... .......... .......... 86%  111K 12s
 11200K .......... .......... .......... .......... .......... 87% 1.50M 12s
 11250K .......... .......... .......... .......... .......... 87%  182K 12s
 11300K .......... .......... .......... .......... .......... 88%  108K 11s
 11350K .......... .......... .......... .......... .......... 88% 1.14M 11s
 11400K .......... .......... .......... .......... .......... 88% 1.04M 10s
 11450K .......... .......... .......... .......... .......... 89%  878K 10s
 11500K .......... .......... .......... .......... .......... 89%  198K 10s
 11550K .......... .......... .......... .......... .......... 90% 76.2K 9s
 11600K .......... .......... .......... .......... .......... 90% 1.31M 9s
 11650K .......... .......... .......... .......... .......... 90% 1.04M 9s
 11700K .......... .......... .......... .......... .......... 91%  192K 8s
 11750K .......... .......... .......... .......... .......... 91%  197K 8s
 11800K .......... .......... .......... .......... .......... 91%  105K 7s
 11850K .......... .......... .......... .......... .......... 92% 58.4K 7s
 11900K .......... .......... .......... .......... .......... 92% 75.2K 7s
 11950K .......... .......... .......... .......... .......... 93% 58.1K 6s
 12000K .......... .......... .......... .......... .......... 93%  112K 6s
 12050K .......... .......... .......... .......... .......... 93%  884K 6s
 12100K .......... .......... .......... .......... .......... 94%  934K 5s
 12150K .......... .......... .......... .......... .......... 94% 1.10M 5s
 12200K .......... .......... .......... .......... .......... 95%  203K 5s
 12250K .......... .......... .......... .......... .......... 95% 1.16M 4s
 12300K .......... .......... .......... .......... .......... 95% 48.4K 4s
 12350K .......... .......... .......... .......... .......... 96% 47.9K 4s
 12400K .......... .......... .......... .......... .......... 96%  207K 3s
 12450K .......... .......... .......... .......... .......... 97%  200K 3s
 12500K .......... .......... .......... .......... .......... 97%  113K 2s
 12550K .......... .......... .......... .......... .......... 97%  195K 2s
 12600K .......... .......... .......... .......... .......... 98%  204K 2s
 12650K .......... .......... .......... .......... .......... 98% 1004K 1s
 12700K .......... .......... .......... .......... .......... 98% 77.9K 1s
 12750K .......... .......... .......... .......... .......... 99%  216K 1s
 12800K .......... .......... .......... .......... .......... 99% 1.02M 0s
 12850K .......... .......... .......... ....                 100% 1.22M=93s

2016-05-25 03:45:50 (138 KB/s) - ‘index.html.18’ saved [13193358/13193358]

