--2016-05-25 03:21:21--  http://10.30.50.93:8000/
Connecting to 10.30.50.93:8000... connected.
HTTP request sent, awaiting response... 200 OK
Length: 13193358 (13M) [text/html]
Saving to: ‘index.html.10’

     0K .......... .......... .......... .......... ..........  0% 1.38M 9s
    50K .......... .......... .......... .......... ..........  0% 1.10M 10s
   100K .......... .......... .......... .......... ..........  1%  949K 11s
   150K .......... .......... .......... .......... ..........  1% 1.27M 11s
   200K .......... .......... .......... .......... ..........  1% 1.10M 11s
   250K .......... .......... .......... .......... ..........  2%  893K 11s
   300K .......... .......... .......... .......... ..........  2% 1.14M 11s
   350K .......... .......... .......... .......... ..........  3%  875K 12s
   400K .......... .......... .......... .......... ..........  3%  698K 12s
   450K .......... .......... .......... .......... ..........  3%  873K 12s
   500K .......... .......... .......... .......... ..........  4%  189K 17s
   550K .......... .......... .......... .......... ..........  4% 1.01M 17s
   600K .......... .......... .......... .......... ..........  5% 1.20M 16s
   650K .......... .......... .......... .......... ..........  5% 1.04M 16s
   700K .......... .......... .......... .......... ..........  5%  909K 15s
   750K .......... .......... .......... .......... ..........  6%  899K 15s
   800K .......... .......... .......... .......... ..........  6%  190K 18s
   850K .......... .......... .......... .......... ..........  6%  876K 18s
   900K .......... .......... .......... .......... ..........  7%  750K 18s
   950K .......... .......... .......... .......... ..........  7%  828K 17s
  1000K .......... .......... .......... .......... ..........  8% 1.16M 17s
  1050K .......... .......... .......... .......... ..........  8% 1.01M 17s
  1100K .......... .......... .......... .......... ..........  8% 1.05M 16s
  1150K .......... .......... .......... .......... ..........  9%  924K 16s
  1200K .......... .......... .......... .......... ..........  9%  112K 20s
  1250K .......... .......... .......... .......... .......... 10% 1.40M 19s
  1300K .......... .......... .......... .......... .......... 10% 75.6K 24s
  1350K .......... .......... .......... .......... .......... 10% 1.84M 23s
  1400K .......... .......... .......... .......... .......... 11%  823K 23s
  1450K .......... .......... .......... .......... .......... 11% 1005K 22s
  1500K .......... .......... .......... .......... .......... 12%  105K 25s
  1550K .......... .......... .......... .......... .......... 12% 1.29M 24s
  1600K .......... .......... .......... .......... .......... 12% 1.17M 24s
  1650K .......... .......... .......... .......... .......... 13%  916K 23s
  1700K .......... .......... .......... .......... .......... 13%  198K 24s
  1750K .......... .......... .......... .......... .......... 13%  951K 24s
  1800K .......... .......... .......... .......... .......... 14%  982K 23s
  1850K .......... .......... .......... .......... .......... 14%  978K 23s
  1900K .......... .......... .......... .......... .......... 15% 1.01M 22s
  1950K .......... .......... .......... .......... .......... 15% 1.02M 22s
  2000K .......... .......... .......... .......... .......... 15%  979K 22s
  2050K .......... .......... .......... .......... .......... 16%  760K 21s
  2100K .......... .......... .......... .......... .......... 16%  651K 21s
  2150K .......... .......... .......... .......... .......... 17%  197K 22s
  2200K .......... .......... .......... .......... .......... 17%  858K 21s
  2250K .......... .......... .......... .......... .......... 17% 1.06M 21s
  2300K .......... .......... .......... .......... .......... 18%  804K 21s
  2350K .......... .......... .......... .......... .......... 18%  198K 21s
  2400K .......... .......... .......... .......... .......... 19%  894K 21s
  2450K .......... .......... .......... .......... .......... 19%  904K 21s
  2500K .......... .......... .......... .......... .......... 19%  857K 21s
  2550K .......... .......... .......... .......... .......... 20%  806K 20s
  2600K .......... .......... .......... .......... .......... 20% 1009K 20s
  2650K .......... .......... .......... .......... .......... 20% 1.10M 20s
  2700K .......... .......... .......... .......... .......... 21%  869K 20s
  2750K .......... .......... .......... .......... .......... 21%  194K 20s
  2800K .......... .......... .......... .......... .......... 22%  190K 20s
  2850K .......... .......... .......... .......... .......... 22%  802K 20s
  2900K .......... .......... .......... .......... .......... 22%  769K 20s
  2950K .......... .......... .......... .......... .......... 23% 1.00M 20s
  3000K .......... .......... .......... .......... .......... 23% 1.06M 19s
  3050K .......... .......... .......... .......... .......... 24% 1.11M 19s
  3100K .......... .......... .......... .......... .......... 24%  765K 19s
  3150K .......... .......... .......... .......... .......... 24% 1.01M 19s
  3200K .......... .......... .......... .......... .......... 25% 1.31M 18s
  3250K .......... .......... .......... .......... .......... 25%  935K 18s
  3300K .......... .......... .......... .......... .......... 26% 1.05M 18s
  3350K .......... .......... .......... .......... .......... 26% 1.02M 18s
  3400K .......... .......... .......... .......... .......... 26% 1.14M 18s
  3450K .......... .......... .......... .......... .......... 27%  679K 17s
  3500K .......... .......... .......... .......... .......... 27%  820K 17s
  3550K .......... .......... .......... .......... .......... 27%  110K 18s
  3600K .......... .......... .......... .......... .......... 28% 1.03M 18s
  3650K .......... .......... .......... .......... .......... 28% 1.09M 18s
  3700K .......... .......... .......... .......... .......... 29%  954K 17s
  3750K .......... .......... .......... .......... .......... 29% 1.22M 17s
  3800K .......... .......... .......... .......... .......... 29% 1.26M 17s
  3850K .......... .......... .......... .......... .......... 30%  858K 17s
  3900K .......... .......... .......... .......... .......... 30% 1.11M 17s
  3950K .......... .......... .......... .......... .......... 31%  106K 17s
  4000K .......... .......... .......... .......... .......... 31%  830K 17s
  4050K .......... .......... .......... .......... .......... 31%  198K 17s
  4100K .......... .......... .......... .......... .......... 32%  974K 17s
  4150K .......... .......... .......... .......... .......... 32% 1.04M 17s
  4200K .......... .......... .......... .......... .......... 32% 1.15M 17s
  4250K .......... .......... .......... .......... .......... 33%  980K 17s
  4300K .......... .......... .......... .......... .......... 33%  976K 16s
  4350K .......... .......... .......... .......... .......... 34% 1.09M 16s
  4400K .......... .......... .......... .......... .......... 34%  879K 16s
  4450K .......... .......... .......... .......... .......... 34%  873K 16s
  4500K .......... .......... .......... .......... .......... 35%  995K 16s
  4550K .......... .......... .......... .......... .......... 35%  974K 16s
  4600K .......... .......... .......... .......... .......... 36% 1.03M 15s
  4650K .......... .......... .......... .......... .......... 36%  960K 15s
  4700K .......... .......... .......... .......... .......... 36%  884K 15s
  4750K .......... .......... .......... .......... .......... 37%  726K 15s
  4800K .......... .......... .......... .......... .......... 37%  878K 15s
  4850K .......... .......... .......... .......... .......... 38%  790K 15s
  4900K .......... .......... .......... .......... .......... 38%  791K 14s
  4950K .......... .......... .......... .......... .......... 38%  849K 14s
  5000K .......... .......... .......... .......... .......... 39%  850K 14s
  5050K .......... .......... .......... .......... .......... 39%  194K 14s
  5100K .......... .......... .......... .......... .......... 39%  943K 14s
  5150K .......... .......... .......... .......... .......... 40%  913K 14s
  5200K .......... .......... .......... .......... .......... 40%  991K 14s
  5250K .......... .......... .......... .......... .......... 41%  191K 14s
  5300K .......... .......... .......... .......... .......... 41% 1.06M 14s
  5350K .......... .......... .......... .......... .......... 41%  610K 14s
  5400K .......... .......... .......... .......... .......... 42% 1.09M 14s
  5450K .......... .......... .......... .......... .......... 42% 1.03M 13s
  5500K .......... .......... .......... .......... .......... 43% 1.13M 13s
  5550K .......... .......... .......... .......... .......... 43% 1003K 13s
  5600K .......... .......... .......... .......... .......... 43% 1021K 13s
  5650K .......... .......... .......... .......... .......... 44%  108K 13s
  5700K .......... .......... .......... .......... .......... 44%  986K 13s
  5750K .......... .......... .......... .......... .......... 45% 1.02M 13s
  5800K .......... .......... .......... .......... .......... 45%  960K 13s
  5850K .......... .......... .......... .......... .......... 45%  848K 13s
  5900K .......... .......... .......... .......... .......... 46%  859K 13s
  5950K .......... .......... .......... .......... .......... 46%  890K 13s
  6000K .......... .......... .......... .......... .......... 46% 1.02M 12s
  6050K .......... .......... .......... .......... .......... 47%  861K 12s
  6100K .......... .......... .......... .......... .......... 47% 1.18M 12s
  6150K .......... .......... .......... .......... .......... 48%  208K 12s
  6200K .......... .......... .......... .......... .......... 48%  992K 12s
  6250K .......... .......... .......... .......... .......... 48% 1.06M 12s
  6300K .......... .......... .......... .......... .......... 49% 1.23M 12s
  6350K .......... .......... .......... .......... .......... 49% 1.03M 12s
  6400K .......... .......... .......... .......... .......... 50% 1.02M 12s
  6450K .......... .......... .......... .......... .......... 50%  925K 11s
  6500K .......... .......... .......... .......... .......... 50% 1.04M 11s
  6550K .......... .......... .......... .......... .......... 51% 1.02M 11s
  6600K .......... .......... .......... .......... .......... 51% 1.02M 11s
  6650K .......... .......... .......... .......... .......... 52% 1.10M 11s
  6700K .......... .......... .......... .......... .......... 52% 1.13M 11s
  6750K .......... .......... .......... .......... .......... 52%  806K 11s
  6800K .......... .......... .......... .......... .......... 53%  889K 11s
  6850K .......... .......... .......... .......... .......... 53%  191K 11s
  6900K .......... .......... .......... .......... .......... 53%  790K 11s
  6950K .......... .......... .......... .......... .......... 54%  950K 10s
  7000K .......... .......... .......... .......... .......... 54%  991K 10s
  7050K .......... .......... .......... .......... .......... 55% 1007K 10s
  7100K .......... .......... .......... .......... .......... 55%  198K 10s
  7150K .......... .......... .......... .......... .......... 55% 1.04M 10s
  7200K .......... .......... .......... .......... .......... 56% 1003K 10s
  7250K .......... .......... .......... .......... .......... 56% 1.06M 10s
  7300K .......... .......... .......... .......... .......... 57%  192K 10s
  7350K .......... .......... .......... .......... .......... 57% 1.01M 10s
  7400K .......... .......... .......... .......... .......... 57%  929K 10s
  7450K .......... .......... .......... .......... .......... 58%  964K 10s
  7500K .......... .......... .......... .......... .......... 58%  964K 9s
  7550K .......... .......... .......... .......... .......... 58% 1.25M 9s
  7600K .......... .......... .......... .......... .......... 59% 78.6K 10s
  7650K .......... .......... .......... .......... .......... 59% 1.50M 9s
  7700K .......... .......... .......... .......... .......... 60% 1.04M 9s
  7750K .......... .......... .......... .......... .......... 60% 1.00M 9s
  7800K .......... .......... .......... .......... .......... 60%  194K 9s
  7850K .......... .......... .......... .......... .......... 61% 1.22M 9s
  7900K .......... .......... .......... .......... .......... 61% 1.01M 9s
  7950K .......... .......... .......... .......... .......... 62% 1.17M 9s
  8000K .......... .......... .......... .......... .......... 62% 1.09M 9s
  8050K .......... .......... .......... .......... .......... 62%  872K 9s
  8100K .......... .......... .......... .......... .......... 63% 1.01M 9s
  8150K .......... .......... .......... .......... .......... 63%  914K 8s
  8200K .......... .......... .......... .......... .......... 64% 1.06M 8s
  8250K .......... .......... .......... .......... .......... 64% 1.08M 8s
  8300K .......... .......... .......... .......... .......... 64%  199K 8s
  8350K .......... .......... .......... .......... .......... 65% 1.15M 8s
  8400K .......... .......... .......... .......... .......... 65% 1.08M 8s
  8450K .......... .......... .......... .......... .......... 65%  928K 8s
  8500K .......... .......... .......... .......... .......... 66%  907K 8s
  8550K .......... .......... .......... .......... .......... 66%  892K 8s
  8600K .......... .......... .......... .......... .......... 67% 1.15M 8s
  8650K .......... .......... .......... .......... .......... 67%  970K 7s
  8700K .......... .......... .......... .......... .......... 67% 1.20M 7s
  8750K .......... .......... .......... .......... .......... 68% 1.03M 7s
  8800K .......... .......... .......... .......... .......... 68% 1.06M 7s
  8850K .......... .......... .......... .......... .......... 69%  919K 7s
  8900K .......... .......... .......... .......... .......... 69% 1.11M 7s
  8950K .......... .......... .......... .......... .......... 69%  798K 7s
  9000K .......... .......... .......... .......... .......... 70%  198K 7s
  9050K .......... .......... .......... .......... .......... 70% 1.00M 7s
  9100K .......... .......... .......... .......... .......... 71%  933K 7s
  9150K .......... .......... .......... .......... .......... 71% 1.06M 6s
  9200K .......... .......... .......... .......... .......... 71%  902K 6s
  9250K .......... .......... .......... .......... .......... 72%  966K 6s
  9300K .......... .......... .......... .......... .......... 72%  886K 6s
  9350K .......... .......... .......... .......... .......... 72%  768K 6s
  9400K .......... .......... .......... .......... .......... 73%  821K 6s
  9450K .......... .......... .......... .......... .......... 73%  181K 6s
  9500K .......... .......... .......... .......... .......... 74%  187K 6s
  9550K .......... .......... .......... .......... .......... 74%  974K 6s
  9600K .......... .......... .......... .......... .......... 74%  796K 6s
  9650K .......... .......... .......... .......... .......... 75% 1.32M 6s
  9700K .......... .......... .......... .......... .......... 75%  936K 6s
  9750K .......... .......... .......... .......... .......... 76%  943K 5s
  9800K .......... .......... .......... .......... .......... 76%  188K 5s
  9850K .......... .......... .......... .......... .......... 76%  193K 5s
  9900K .......... .......... .......... .......... .......... 77% 1011K 5s
  9950K .......... .......... .......... .......... .......... 77% 1018K 5s
 10000K .......... .......... .......... .......... .......... 78%  936K 5s
 10050K .......... .......... .......... .......... .......... 78%  192K 5s
 10100K .......... .......... .......... .......... .......... 78%  964K 5s
 10150K .......... .......... .......... .......... .......... 79%  784K 5s
 10200K .......... .......... .......... .......... .......... 79% 1010K 5s
 10250K .......... .......... .......... .......... .......... 79%  184K 5s
 10300K .......... .......... .......... .......... .......... 80%  992K 5s
 10350K .......... .......... .......... .......... .......... 80%  182K 5s
 10400K .......... .......... .......... .......... .......... 81%  959K 4s
 10450K .......... .......... .......... .......... .......... 81% 1.08M 4s
 10500K .......... .......... .......... .......... .......... 81%  919K 4s
 10550K .......... .......... .......... .......... .......... 82%  777K 4s
 10600K .......... .......... .......... .......... .......... 82%  873K 4s
 10650K .......... .......... .......... .......... .......... 83% 1.42M 4s
 10700K .......... .......... .......... .......... .......... 83%  880K 4s
 10750K .......... .......... .......... .......... .......... 83% 1.04M 4s
 10800K .......... .......... .......... .......... .......... 84% 1.14M 4s
 10850K .......... .......... .......... .......... .......... 84% 1.12M 4s
 10900K .......... .......... .......... .......... .......... 84% 1.15M 3s
 10950K .......... .......... .......... .......... .......... 85% 1.09M 3s
 11000K .......... .......... .......... .......... .......... 85% 1.13M 3s
 11050K .......... .......... .......... .......... .......... 86% 1.10M 3s
 11100K .......... .......... .......... .......... .......... 86% 1.03M 3s
 11150K .......... .......... .......... .......... .......... 86% 1.14M 3s
 11200K .......... .......... .......... .......... .......... 87% 1.05M 3s
 11250K .......... .......... .......... .......... .......... 87% 1.06M 3s
 11300K .......... .......... .......... .......... .......... 88% 1.07M 3s
 11350K .......... .......... .......... .......... .......... 88% 1.07M 3s
 11400K .......... .......... .......... .......... .......... 88% 1015K 2s
 11450K .......... .......... .......... .......... .......... 89% 1008K 2s
 11500K .......... .......... .......... .......... .......... 89% 1.02M 2s
 11550K .......... .......... .......... .......... .......... 90% 1009K 2s
 11600K .......... .......... .......... .......... .......... 90%  192K 2s
 11650K .......... .......... .......... .......... .......... 90%  901K 2s
 11700K .......... .......... .......... .......... .......... 91%  934K 2s
 11750K .......... .......... .......... .......... .......... 91%  195K 2s
 11800K .......... .......... .......... .......... .......... 91%  820K 2s
 11850K .......... .......... .......... .......... .......... 92% 1.05M 2s
 11900K .......... .......... .......... .......... .......... 92% 1.10M 2s
 11950K .......... .......... .......... .......... .......... 93%  921K 2s
 12000K .......... .......... .......... .......... .......... 93% 1.16M 1s
 12050K .......... .......... .......... .......... .......... 93%  876K 1s
 12100K .......... .......... .......... .......... .......... 94% 1.11M 1s
 12150K .......... .......... .......... .......... .......... 94% 1.13M 1s
 12200K .......... .......... .......... .......... .......... 95%  968K 1s
 12250K .......... .......... .......... .......... .......... 95%  942K 1s
 12300K .......... .......... .......... .......... .......... 95%  834K 1s
 12350K .......... .......... .......... .......... .......... 96% 1003K 1s
 12400K .......... .......... .......... .......... .......... 96%  756K 1s
 12450K .......... .......... .......... .......... .......... 97%  912K 1s
 12500K .......... .......... .......... .......... .......... 97%  924K 1s
 12550K .......... .......... .......... .......... .......... 97%  869K 0s
 12600K .......... .......... .......... .......... .......... 98%  178K 0s
 12650K .......... .......... .......... .......... .......... 98%  691K 0s
 12700K .......... .......... .......... .......... .......... 98%  833K 0s
 12750K .......... .......... .......... .......... .......... 99%  808K 0s
 12800K .......... .......... .......... .......... .......... 99%  881K 0s
 12850K .......... .......... .......... ....                 100%  815K=22s

2016-05-25 03:21:45 (583 KB/s) - ‘index.html.10’ saved [13193358/13193358]

