--2016-05-25 03:19:46--  http://10.30.50.93:8000/
Connecting to 10.30.50.93:8000... connected.
HTTP request sent, awaiting response... 200 OK
Length: 13193358 (13M) [text/html]
Saving to: ‘index.html.3’

     0K .......... .......... .......... .......... ..........  0% 1.17M 11s
    50K .......... .......... .......... .......... ..........  0%  966K 12s
   100K .......... .......... .......... .......... ..........  1% 1.35M 11s
   150K .......... .......... .......... .......... ..........  1% 1.18M 11s
   200K .......... .......... .......... .......... ..........  1% 1.15M 11s
   250K .......... .......... .......... .......... ..........  2% 1.13M 11s
   300K .......... .......... .......... .......... ..........  2% 1.18M 11s
   350K .......... .......... .......... .......... ..........  3% 1.13M 11s
   400K .......... .......... .......... .......... ..........  3% 1.14M 11s
   450K .......... .......... .......... .......... ..........  3% 1.16M 11s
   500K .......... .......... .......... .......... ..........  4% 1.14M 11s
   550K .......... .......... .......... .......... ..........  4% 1.08M 11s
   600K .......... .......... .......... .......... ..........  5% 1.16M 10s
   650K .......... .......... .......... .......... ..........  5% 1.14M 10s
   700K .......... .......... .......... .......... ..........  5% 1.13M 10s
   750K .......... .......... .......... .......... ..........  6% 1.11M 10s
   800K .......... .......... .......... .......... ..........  6% 1.12M 10s
   850K .......... .......... .......... .......... ..........  6% 1.19M 10s
   900K .......... .......... .......... .......... ..........  7% 1.15M 10s
   950K .......... .......... .......... .......... ..........  7% 1.13M 10s
  1000K .......... .......... .......... .......... ..........  8% 1.18M 10s
  1050K .......... .......... .......... .......... ..........  8% 1.12M 10s
  1100K .......... .......... .......... .......... ..........  8%  981K 10s
  1150K .......... .......... .......... .......... ..........  9% 1.38M 10s
  1200K .......... .......... .......... .......... ..........  9% 1.14M 10s
  1250K .......... .......... .......... .......... .......... 10% 1.16M 10s
  1300K .......... .......... .......... .......... .......... 10% 1.15M 10s
  1350K .......... .......... .......... .......... .......... 10% 1.02M 10s
  1400K .......... .......... .......... .......... .......... 11% 1.29M 10s
  1450K .......... .......... .......... .......... .......... 11% 1.16M 10s
  1500K .......... .......... .......... .......... .......... 12% 1.14M 10s
  1550K .......... .......... .......... .......... .......... 12% 1.15M 10s
  1600K .......... .......... .......... .......... .......... 12% 1.17M 10s
  1650K .......... .......... .......... .......... .......... 13% 1.12M 10s
  1700K .......... .......... .......... .......... .......... 13% 1.14M 10s
  1750K .......... .......... .......... .......... .......... 13% 1.15M 9s
  1800K .......... .......... .......... .......... .......... 14% 1.15M 9s
  1850K .......... .......... .......... .......... .......... 14% 1.18M 9s
  1900K .......... .......... .......... .......... .......... 15% 1.08M 9s
  1950K .......... .......... .......... .......... .......... 15% 1.11M 9s
  2000K .......... .......... .......... .......... .......... 15% 1.16M 9s
  2050K .......... .......... .......... .......... .......... 16% 1.13M 9s
  2100K .......... .......... .......... .......... .......... 16%  904K 9s
  2150K .......... .......... .......... .......... .......... 17% 1.62M 9s
  2200K .......... .......... .......... .......... .......... 17% 1.14M 9s
  2250K .......... .......... .......... .......... .......... 17% 1.17M 9s
  2300K .......... .......... .......... .......... .......... 18% 1.16M 9s
  2350K .......... .......... .......... .......... .......... 18% 1.01M 9s
  2400K .......... .......... .......... .......... .......... 19% 1.19M 9s
  2450K .......... .......... .......... .......... .......... 19% 1.14M 9s
  2500K .......... .......... .......... .......... .......... 19% 1.13M 9s
  2550K .......... .......... .......... .......... .......... 20% 1.16M 9s
  2600K .......... .......... .......... .......... .......... 20%  882K 9s
  2650K .......... .......... .......... .......... .......... 20% 1.59M 9s
  2700K .......... .......... .......... .......... .......... 21% 1.15M 9s
  2750K .......... .......... .......... .......... .......... 21% 1.14M 9s
  2800K .......... .......... .......... .......... .......... 22%  923K 9s
  2850K .......... .......... .......... .......... .......... 22% 1.59M 9s
  2900K .......... .......... .......... .......... .......... 22% 1.15M 9s
  2950K .......... .......... .......... .......... .......... 23% 1.16M 8s
  3000K .......... .......... .......... .......... .......... 23% 1.10M 8s
  3050K .......... .......... .......... .......... .......... 24% 1.13M 8s
  3100K .......... .......... .......... .......... .......... 24% 1.18M 8s
  3150K .......... .......... .......... .......... .......... 24% 1.11M 8s
  3200K .......... .......... .......... .......... .......... 25% 1.15M 8s
  3250K .......... .......... .......... .......... .......... 25% 1.19M 8s
  3300K .......... .......... .......... .......... .......... 26% 1.08M 8s
  3350K .......... .......... .......... .......... .......... 26% 1.16M 8s
  3400K .......... .......... .......... .......... .......... 26% 1.17M 8s
  3450K .......... .......... .......... .......... .......... 27% 1005K 8s
  3500K .......... .......... .......... .......... .......... 27% 1.33M 8s
  3550K .......... .......... .......... .......... .......... 27% 1.18M 8s
  3600K .......... .......... .......... .......... .......... 28% 1.14M 8s
  3650K .......... .......... .......... .......... .......... 28% 1.15M 8s
  3700K .......... .......... .......... .......... .......... 29%  878K 8s
  3750K .......... .......... .......... .......... .......... 29% 1.59M 8s
  3800K .......... .......... .......... .......... .......... 29% 1.16M 8s
  3850K .......... .......... .......... .......... .......... 30% 1.13M 8s
  3900K .......... .......... .......... .......... .......... 30% 1.16M 8s
  3950K .......... .......... .......... .......... .......... 31% 1.15M 8s
  4000K .......... .......... .......... .......... .......... 31%  894K 8s
  4050K .......... .......... .......... .......... .......... 31% 1.51M 8s
  4100K .......... .......... .......... .......... .......... 32% 1.18M 7s
  4150K .......... .......... .......... .......... .......... 32% 1.11M 7s
  4200K .......... .......... .......... .......... .......... 32% 1.14M 7s
  4250K .......... .......... .......... .......... .......... 33% 1.13M 7s
  4300K .......... .......... .......... .......... .......... 33% 1.17M 7s
  4350K .......... .......... .......... .......... .......... 34% 1.14M 7s
  4400K .......... .......... .......... .......... .......... 34% 1.11M 7s
  4450K .......... .......... .......... .......... .......... 34% 1.16M 7s
  4500K .......... .......... .......... .......... .......... 35% 1.17M 7s
  4550K .......... .......... .......... .......... .......... 35% 1.13M 7s
  4600K .......... .......... .......... .......... .......... 36%  897K 7s
  4650K .......... .......... .......... .......... .......... 36% 1.71M 7s
  4700K .......... .......... .......... .......... .......... 36% 1.12M 7s
  4750K .......... .......... .......... .......... .......... 37% 1.17M 7s
  4800K .......... .......... .......... .......... .......... 37% 1.16M 7s
  4850K .......... .......... .......... .......... .......... 38% 1.13M 7s
  4900K .......... .......... .......... .......... .......... 38% 1.16M 7s
  4950K .......... .......... .......... .......... .......... 38% 1.10M 7s
  5000K .......... .......... .......... .......... .......... 39% 1.16M 7s
  5050K .......... .......... .......... .......... .......... 39% 1.15M 7s
  5100K .......... .......... .......... .......... .......... 39% 1.14M 7s
  5150K .......... .......... .......... .......... .......... 40% 1.16M 7s
  5200K .......... .......... .......... .......... .......... 40% 1.17M 7s
  5250K .......... .......... .......... .......... .......... 41% 1.13M 6s
  5300K .......... .......... .......... .......... .......... 41% 1.14M 6s
  5350K .......... .......... .......... .......... .......... 41% 1.18M 6s
  5400K .......... .......... .......... .......... .......... 42% 1.09M 6s
  5450K .......... .......... .......... .......... .......... 42% 1.17M 6s
  5500K .......... .......... .......... .......... .......... 43% 1.18M 6s
  5550K .......... .......... .......... .......... .......... 43%  857K 6s
  5600K .......... .......... .......... .......... .......... 43% 1.60M 6s
  5650K .......... .......... .......... .......... .......... 44% 1.12M 6s
  5700K .......... .......... .......... .......... .......... 44% 1.17M 6s
  5750K .......... .......... .......... .......... .......... 45% 1.16M 6s
  5800K .......... .......... .......... .......... .......... 45% 1.06M 6s
  5850K .......... .......... .......... .......... .......... 45% 1.11M 6s
  5900K .......... .......... .......... .......... .......... 46% 1.11M 6s
  5950K .......... .......... .......... .......... .......... 46% 1.11M 6s
  6000K .......... .......... .......... .......... .......... 46% 1.16M 6s
  6050K .......... .......... .......... .......... .......... 47% 1.17M 6s
  6100K .......... .......... .......... .......... .......... 47% 1.07M 6s
  6150K .......... .......... .......... .......... .......... 48% 1.17M 6s
  6200K .......... .......... .......... .......... .......... 48% 1.15M 6s
  6250K .......... .......... .......... .......... .......... 48% 1.15M 6s
  6300K .......... .......... .......... .......... .......... 49% 1.18M 6s
  6350K .......... .......... .......... .......... .......... 49% 1.12M 6s
  6400K .......... .......... .......... .......... .......... 50% 1.16M 6s
  6450K .......... .......... .......... .......... .......... 50% 1.10M 5s
  6500K .......... .......... .......... .......... .......... 50% 1.11M 5s
  6550K .......... .......... .......... .......... .......... 51% 1.16M 5s
  6600K .......... .......... .......... .......... .......... 51% 1.17M 5s
  6650K .......... .......... .......... .......... .......... 52% 1.13M 5s
  6700K .......... .......... .......... .......... .......... 52% 1.18M 5s
  6750K .......... .......... .......... .......... .......... 52% 1.15M 5s
  6800K .......... .......... .......... .......... .......... 53% 1.14M 5s
  6850K .......... .......... .......... .......... .......... 53% 1.16M 5s
  6900K .......... .......... .......... .......... .......... 53% 1.16M 5s
  6950K .......... .......... .......... .......... .......... 54% 1.08M 5s
  7000K .......... .......... .......... .......... .......... 54% 1.18M 5s
  7050K .......... .......... .......... .......... .......... 55% 1.12M 5s
  7100K .......... .......... .......... .......... .......... 55% 1.17M 5s
  7150K .......... .......... .......... .......... .......... 55% 1.14M 5s
  7200K .......... .......... .......... .......... .......... 56% 1.16M 5s
  7250K .......... .......... .......... .......... .......... 56% 1.16M 5s
  7300K .......... .......... .......... .......... .......... 57%  831K 5s
  7350K .......... .......... .......... .......... .......... 57% 1.16M 5s
  7400K .......... .......... .......... .......... .......... 57% 1.12M 5s
  7450K .......... .......... .......... .......... .......... 58% 1.70M 5s
  7500K .......... .......... .......... .......... .......... 58% 1.02M 5s
  7550K .......... .......... .......... .......... .......... 58% 1.29M 5s
  7600K .......... .......... .......... .......... .......... 59% 1.11M 4s
  7650K .......... .......... .......... .......... .......... 59% 1.12M 4s
  7700K .......... .......... .......... .......... .......... 60% 1.19M 4s
  7750K .......... .......... .......... .......... .......... 60% 1.11M 4s
  7800K .......... .......... .......... .......... .......... 60% 1.11M 4s
  7850K .......... .......... .......... .......... .......... 61% 1.17M 4s
  7900K .......... .......... .......... .......... .......... 61% 1.11M 4s
  7950K .......... .......... .......... .......... .......... 62% 1.15M 4s
  8000K .......... .......... .......... .......... .......... 62% 1.16M 4s
  8050K .......... .......... .......... .......... .......... 62% 1.14M 4s
  8100K .......... .......... .......... .......... .......... 63% 1.17M 4s
  8150K .......... .......... .......... .......... .......... 63% 1.14M 4s
  8200K .......... .......... .......... .......... .......... 64% 1.17M 4s
  8250K .......... .......... .......... .......... .......... 64% 1.16M 4s
  8300K .......... .......... .......... .......... .......... 64% 1.13M 4s
  8350K .......... .......... .......... .......... .......... 65% 1.15M 4s
  8400K .......... .......... .......... .......... .......... 65% 1014K 4s
  8450K .......... .......... .......... .......... .......... 65% 1.31M 4s
  8500K .......... .......... .......... .......... .......... 66% 1.17M 4s
  8550K .......... .......... .......... .......... .......... 66% 1.13M 4s
  8600K .......... .......... .......... .......... .......... 67% 1.15M 4s
  8650K .......... .......... .......... .......... .......... 67% 1.15M 4s
  8700K .......... .......... .......... .......... .......... 67% 1.17M 4s
  8750K .......... .......... .......... .......... .......... 68% 1.14M 3s
  8800K .......... .......... .......... .......... .......... 68% 1.14M 3s
  8850K .......... .......... .......... .......... .......... 69% 1.09M 3s
  8900K .......... .......... .......... .......... .......... 69% 1.17M 3s
  8950K .......... .......... .......... .......... .......... 69% 1.08M 3s
  9000K .......... .......... .......... .......... .......... 70% 1.21M 3s
  9050K .......... .......... .......... .......... .......... 70% 1.12M 3s
  9100K .......... .......... .......... .......... .......... 71% 1.15M 3s
  9150K .......... .......... .......... .......... .......... 71% 1.14M 3s
  9200K .......... .......... .......... .......... .......... 71%  999K 3s
  9250K .......... .......... .......... .......... .......... 72% 1.33M 3s
  9300K .......... .......... .......... .......... .......... 72% 1021K 3s
  9350K .......... .......... .......... .......... .......... 72% 1.32M 3s
  9400K .......... .......... .......... .......... .......... 73%  937K 3s
  9450K .......... .......... .......... .......... .......... 73% 1.37M 3s
  9500K .......... .......... .......... .......... .......... 74% 1.17M 3s
  9550K .......... .......... .......... .......... .......... 74% 1.14M 3s
  9600K .......... .......... .......... .......... .......... 74% 1.16M 3s
  9650K .......... .......... .......... .......... .......... 75% 1.19M 3s
  9700K .......... .......... .......... .......... .......... 75% 1.11M 3s
  9750K .......... .......... .......... .......... .......... 76% 1.19M 3s
  9800K .......... .......... .......... .......... .......... 76% 1.11M 3s
  9850K .......... .......... .......... .......... .......... 76% 1.11M 3s
  9900K .......... .......... .......... .......... .......... 77%  995K 3s
  9950K .......... .......... .......... .......... .......... 77% 1.39M 2s
 10000K .......... .......... .......... .......... .......... 78% 1.13M 2s
 10050K .......... .......... .......... .......... .......... 78% 1.17M 2s
 10100K .......... .......... .......... .......... .......... 78% 1.10M 2s
 10150K .......... .......... .......... .......... .......... 79% 1.11M 2s
 10200K .......... .......... .......... .......... .......... 79% 1.21M 2s
 10250K .......... .......... .......... .......... .......... 79% 1.15M 2s
 10300K .......... .......... .......... .......... .......... 80% 1.14M 2s
 10350K .......... .......... .......... .......... .......... 80% 1.17M 2s
 10400K .......... .......... .......... .......... .......... 81% 1.14M 2s
 10450K .......... .......... .......... .......... .......... 81% 1.14M 2s
 10500K .......... .......... .......... .......... .......... 81% 1.18M 2s
 10550K .......... .......... .......... .......... .......... 82% 1.12M 2s
 10600K .......... .......... .......... .......... .......... 82% 1.16M 2s
 10650K .......... .......... .......... .......... .......... 83%  766K 2s
 10700K .......... .......... .......... .......... .......... 83% 2.31M 2s
 10750K .......... .......... .......... .......... .......... 83% 1.15M 2s
 10800K .......... .......... .......... .......... .......... 84% 1.13M 2s
 10850K .......... .......... .......... .......... .......... 84% 1.16M 2s
 10900K .......... .......... .......... .......... .......... 84% 1.17M 2s
 10950K .......... .......... .......... .......... .......... 85% 1.13M 2s
 11000K .......... .......... .......... .......... .......... 85% 1.17M 2s
 11050K .......... .......... .......... .......... .......... 86%  982K 2s
 11100K .......... .......... .......... .......... .......... 86% 1.40M 1s
 11150K .......... .......... .......... .......... .......... 86% 1.15M 1s
 11200K .......... .......... .......... .......... .......... 87% 1.14M 1s
 11250K .......... .......... .......... .......... .......... 87%  919K 1s
 11300K .......... .......... .......... .......... .......... 88% 1.50M 1s
 11350K .......... .......... .......... .......... .......... 88% 1.12M 1s
 11400K .......... .......... .......... .......... .......... 88% 1.13M 1s
 11450K .......... .......... .......... .......... .......... 89% 1.17M 1s
 11500K .......... .......... .......... .......... .......... 89% 1.10M 1s
 11550K .......... .......... .......... .......... .......... 90% 1.13M 1s
 11600K .......... .......... .......... .......... .......... 90% 1.15M 1s
 11650K .......... .......... .......... .......... .......... 90% 1.15M 1s
 11700K .......... .......... .......... .......... .......... 91% 1.14M 1s
 11750K .......... .......... .......... .......... .......... 91% 1.17M 1s
 11800K .......... .......... .......... .......... .......... 91% 1.09M 1s
 11850K .......... .......... .......... .......... .......... 92% 1.15M 1s
 11900K .......... .......... .......... .......... .......... 92% 1.15M 1s
 11950K .......... .......... .......... .......... .......... 93% 1.11M 1s
 12000K .......... .......... .......... .......... .......... 93% 1.18M 1s
 12050K .......... .......... .......... .......... .......... 93% 1.12M 1s
 12100K .......... .......... .......... .......... .......... 94% 1.15M 1s
 12150K .......... .......... .......... .......... .......... 94% 1.14M 1s
 12200K .......... .......... .......... .......... .......... 95%  757K 1s
 12250K .......... .......... .......... .......... .......... 95% 2.30M 1s
 12300K .......... .......... .......... .......... .......... 95% 1.15M 0s
 12350K .......... .......... .......... .......... .......... 96% 1.14M 0s
 12400K .......... .......... .......... .......... .......... 96% 1.16M 0s
 12450K .......... .......... .......... .......... .......... 97% 1.17M 0s
 12500K .......... .......... .......... .......... .......... 97% 1.13M 0s
 12550K .......... .......... .......... .......... .......... 97% 1.16M 0s
 12600K .......... .......... .......... .......... .......... 98% 1.11M 0s
 12650K .......... .......... .......... .......... .......... 98% 1.14M 0s
 12700K .......... .......... .......... .......... .......... 98% 1.17M 0s
 12750K .......... .......... .......... .......... .......... 99% 1.14M 0s
 12800K .......... .......... .......... .......... .......... 99% 1.14M 0s
 12850K .......... .......... .......... ....                 100% 1.16M=11s

2016-05-25 03:19:57 (1.14 MB/s) - ‘index.html.3’ saved [13193358/13193358]

