--2016-05-25 03:01:17--  http://10.30.50.93:8000/
Connecting to 10.30.50.93:8000... connected.
HTTP request sent, awaiting response... 200 OK
Length: 13193358 (13M) [text/html]
Saving to: ‘index.html.15’

     0K .......... .......... .......... .......... ..........  0%  161K 80s
    50K .......... .......... .......... .......... ..........  0% 72.4K 2m8s
   100K .......... .......... .......... .......... ..........  1%  164K 1m51s
   150K .......... .......... .......... .......... ..........  1%  170K 1m42s
   200K .......... .......... .......... .......... ..........  1%  490K 86s
   250K .......... .......... .......... .......... ..........  2%  540K 75s
   300K .......... .......... .......... .......... ..........  2%  169K 75s
   350K .......... .......... .......... .......... ..........  3%  533K 68s
   400K .......... .......... .......... .......... ..........  3%  170K 69s
   450K .......... .......... .......... .......... ..........  3%  165K 69s
   500K .......... .......... .......... .......... ..........  4% 96.1K 74s
   550K .......... .......... .......... .......... ..........  4%  163K 74s
   600K .......... .......... .......... .......... ..........  5%  475K 70s
   650K .......... .......... .......... .......... ..........  5%  504K 66s
   700K .......... .......... .......... .......... ..........  5% 98.3K 70s
   750K .......... .......... .......... .......... ..........  6%  538K 67s
   800K .......... .......... .......... .......... ..........  6%  423K 64s
   850K .......... .......... .......... .......... ..........  6%  547K 62s
   900K .......... .......... .......... .......... ..........  7%  602K 59s
   950K .......... .......... .......... .......... ..........  7%  149K 60s
  1000K .......... .......... .......... .......... ..........  8%  509K 58s
  1050K .......... .......... .......... .......... ..........  8% 46.1K 67s
  1100K .......... .......... .......... .......... ..........  8% 76.3K 70s
  1150K .......... .......... .......... .......... ..........  9%  160K 70s
  1200K .......... .......... .......... .......... ..........  9%  532K 68s
  1250K .......... .......... .......... .......... .......... 10%  460K 66s
  1300K .......... .......... .......... .......... .......... 10%  466K 64s
  1350K .......... .......... .......... .......... .......... 10%  506K 62s
  1400K .......... .......... .......... .......... .......... 11%  158K 62s
  1450K .......... .......... .......... .......... .......... 11%  470K 61s
  1500K .......... .......... .......... .......... .......... 12%  597K 59s
  1550K .......... .......... .......... .......... .......... 12%  520K 58s
  1600K .......... .......... .......... .......... .......... 12%  541K 57s
  1650K .......... .......... .......... .......... .......... 13%  160K 57s
  1700K .......... .......... .......... .......... .......... 13%  578K 55s
  1750K .......... .......... .......... .......... .......... 13%  508K 54s
  1800K .......... .......... .......... .......... .......... 14% 70.6K 57s
  1850K .......... .......... .......... .......... .......... 14%  567K 55s
  1900K .......... .......... .......... .......... .......... 15%  453K 54s
  1950K .......... .......... .......... .......... .......... 15%  169K 54s
  2000K .......... .......... .......... .......... .......... 15%  160K 55s
  2050K .......... .......... .......... .......... .......... 16%  551K 53s
  2100K .......... .......... .......... .......... .......... 16%  550K 52s
  2150K .......... .......... .......... .......... .......... 17%  163K 52s
  2200K .......... .......... .......... .......... .......... 17%  101K 53s
  2250K .......... .......... .......... .......... .......... 17% 2.08M 52s
  2300K .......... .......... .......... .......... .......... 18%  495K 51s
  2350K .......... .......... .......... .......... .......... 18%  473K 50s
  2400K .......... .......... .......... .......... .......... 19%  163K 50s
  2450K .......... .......... .......... .......... .......... 19%  519K 50s
  2500K .......... .......... .......... .......... .......... 19%  551K 49s
  2550K .......... .......... .......... .......... .......... 20%  171K 49s
  2600K .......... .......... .......... .......... .......... 20%  512K 48s
  2650K .......... .......... .......... .......... .......... 20%  176K 48s
  2700K .......... .......... .......... .......... .......... 21%  498K 47s
  2750K .......... .......... .......... .......... .......... 21%  364K 47s
  2800K .......... .......... .......... .......... .......... 22%  164K 47s
  2850K .......... .......... .......... .......... .......... 22%  552K 46s
  2900K .......... .......... .......... .......... .......... 22%  508K 45s
  2950K .......... .......... .......... .......... .......... 23%  474K 45s
  3000K .......... .......... .......... .......... .......... 23%  535K 44s
  3050K .......... .......... .......... .......... .......... 24%  535K 43s
  3100K .......... .......... .......... .......... .......... 24%  148K 43s
  3150K .......... .......... .......... .......... .......... 24%  611K 43s
  3200K .......... .......... .......... .......... .......... 25%  508K 42s
  3250K .......... .......... .......... .......... .......... 25%  482K 42s
  3300K .......... .......... .......... .......... .......... 26%  154K 42s
  3350K .......... .......... .......... .......... .......... 26% 55.0K 43s
  3400K .......... .......... .......... .......... .......... 26% 1.43M 43s
  3450K .......... .......... .......... .......... .......... 27%  165K 43s
  3500K .......... .......... .......... .......... .......... 27% 96.4K 43s
  3550K .......... .......... .......... .......... .......... 27%  487K 43s
  3600K .......... .......... .......... .......... .......... 28%  516K 42s
  3650K .......... .......... .......... .......... .......... 28%  588K 41s
  3700K .......... .......... .......... .......... .......... 29%  530K 41s
  3750K .......... .......... .......... .......... .......... 29%  508K 40s
  3800K .......... .......... .......... .......... .......... 29%  164K 40s
  3850K .......... .......... .......... .......... .......... 30%  512K 40s
  3900K .......... .......... .......... .......... .......... 30%  388K 39s
  3950K .......... .......... .......... .......... .......... 31%  550K 39s
  4000K .......... .......... .......... .......... .......... 31%  538K 38s
  4050K .......... .......... .......... .......... .......... 31%  505K 38s
  4100K .......... .......... .......... .......... .......... 32%  167K 38s
  4150K .......... .......... .......... .......... .......... 32%  163K 38s
  4200K .......... .......... .......... .......... .......... 32%  561K 37s
  4250K .......... .......... .......... .......... .......... 33%  461K 37s
  4300K .......... .......... .......... .......... .......... 33%  160K 37s
  4350K .......... .......... .......... .......... .......... 34%  593K 36s
  4400K .......... .......... .......... .......... .......... 34%  160K 36s
  4450K .......... .......... .......... .......... .......... 34% 95.6K 37s
  4500K .......... .......... .......... .......... .......... 35% 1.31M 36s
  4550K .......... .......... .......... .......... .......... 35% 94.1K 37s
  4600K .......... .......... .......... .......... .......... 36%  592K 36s
  4650K .......... .......... .......... .......... .......... 36%  466K 36s
  4700K .......... .......... .......... .......... .......... 36% 26.2K 38s
  4750K .......... .......... .......... .......... .......... 37%  208K 38s
  4800K .......... .......... .......... .......... .......... 37%  474K 38s
  4850K .......... .......... .......... .......... .......... 38%  103K 38s
  4900K .......... .......... .......... .......... .......... 38%  167K 38s
  4950K .......... .......... .......... .......... .......... 38%  470K 37s
  5000K .......... .......... .......... .......... .......... 39%  508K 37s
  5050K .......... .......... .......... .......... .......... 39%  488K 36s
  5100K .......... .......... .......... .......... .......... 39%  462K 36s
  5150K .......... .......... .......... .......... .......... 40%  559K 36s
  5200K .......... .......... .......... .......... .......... 40%  520K 35s
  5250K .......... .......... .......... .......... .......... 41% 70.4K 36s
  5300K .......... .......... .......... .......... .......... 41%  151K 35s
  5350K .......... .......... .......... .......... .......... 41%  160K 35s
  5400K .......... .......... .......... .......... .......... 42% 94.1K 36s
  5450K .......... .......... .......... .......... .......... 42% 54.9K 36s
  5500K .......... .......... .......... .......... .......... 43% 99.5K 36s
  5550K .......... .......... .......... .......... .......... 43%  485K 36s
  5600K .......... .......... .......... .......... .......... 43%  654K 35s
  5650K .......... .......... .......... .......... .......... 44%  486K 35s
  5700K .......... .......... .......... .......... .......... 44%  478K 35s
  5750K .......... .......... .......... .......... .......... 45%  530K 34s
  5800K .......... .......... .......... .......... .......... 45%  422K 34s
  5850K .......... .......... .......... .......... .......... 45%  581K 33s
  5900K .......... .......... .......... .......... .......... 46%  462K 33s
  5950K .......... .......... .......... .......... .......... 46%  603K 33s
  6000K .......... .......... .......... .......... .......... 46%  579K 32s
  6050K .......... .......... .......... .......... .......... 47%  406K 32s
  6100K .......... .......... .......... .......... .......... 47%  401K 31s
  6150K .......... .......... .......... .......... .......... 48%  169K 31s
  6200K .......... .......... .......... .......... .......... 48%  518K 31s
  6250K .......... .......... .......... .......... .......... 48%  445K 30s
  6300K .......... .......... .......... .......... .......... 49%  519K 30s
  6350K .......... .......... .......... .......... .......... 49%  410K 30s
  6400K .......... .......... .......... .......... .......... 50%  470K 29s
  6450K .......... .......... .......... .......... .......... 50%  569K 29s
  6500K .......... .......... .......... .......... .......... 50%  161K 29s
  6550K .......... .......... .......... .......... .......... 51%  511K 29s
  6600K .......... .......... .......... .......... .......... 51%  504K 28s
  6650K .......... .......... .......... .......... .......... 52%  476K 28s
  6700K .......... .......... .......... .......... .......... 52%  171K 28s
  6750K .......... .......... .......... .......... .......... 52%  173K 28s
  6800K .......... .......... .......... .......... .......... 53%  154K 27s
  6850K .......... .......... .......... .......... .......... 53%  485K 27s
  6900K .......... .......... .......... .......... .......... 53% 52.2K 27s
  6950K .......... .......... .......... .......... .......... 54%  173K 27s
  7000K .......... .......... .......... .......... .......... 54%  462K 27s
  7050K .......... .......... .......... .......... .......... 55%  159K 27s
  7100K .......... .......... .......... .......... .......... 55% 70.1K 27s
  7150K .......... .......... .......... .......... .......... 55%  583K 27s
  7200K .......... .......... .......... .......... .......... 56%  164K 26s
  7250K .......... .......... .......... .......... .......... 56% 53.7K 27s
  7300K .......... .......... .......... .......... .......... 57% 70.1K 27s
  7350K .......... .......... .......... .......... .......... 57%  511K 26s
  7400K .......... .......... .......... .......... .......... 57%  159K 26s
  7450K .......... .......... .......... .......... .......... 58% 53.0K 27s
  7500K .......... .......... .......... .......... .......... 58%  168K 26s
  7550K .......... .......... .......... .......... .......... 58% 91.3K 26s
  7600K .......... .......... .......... .......... .......... 59%  416K 26s
  7650K .......... .......... .......... .......... .......... 59%  166K 26s
  7700K .......... .......... .......... .......... .......... 60%  581K 25s
  7750K .......... .......... .......... .......... .......... 60%  440K 25s
  7800K .......... .......... .......... .......... .......... 60%  393K 25s
  7850K .......... .......... .......... .......... .......... 61%  167K 25s
  7900K .......... .......... .......... .......... .......... 61% 71.4K 25s
  7950K .......... .......... .......... .......... .......... 62%  116K 24s
  8000K .......... .......... .......... .......... .......... 62%  624K 24s
  8050K .......... .......... .......... .......... .......... 62%  443K 24s
  8100K .......... .......... .......... .......... .......... 63%  561K 23s
  8150K .......... .......... .......... .......... .......... 63%  485K 23s
  8200K .......... .......... .......... .......... .......... 64%  451K 23s
  8250K .......... .......... .......... .......... .......... 64%  164K 23s
  8300K .......... .......... .......... .......... .......... 64%  169K 22s
  8350K .......... .......... .......... .......... .......... 65%  159K 22s
  8400K .......... .......... .......... .......... .......... 65%  163K 22s
  8450K .......... .......... .......... .......... .......... 65%  493K 22s
  8500K .......... .......... .......... .......... .......... 66%  560K 21s
  8550K .......... .......... .......... .......... .......... 66% 97.6K 21s
  8600K .......... .......... .......... .......... .......... 67%  448K 21s
  8650K .......... .......... .......... .......... .......... 67%  157K 21s
  8700K .......... .......... .......... .......... .......... 67% 98.1K 20s
  8750K .......... .......... .......... .......... .......... 68%  455K 20s
  8800K .......... .......... .......... .......... .......... 68%  558K 20s
  8850K .......... .......... .......... .......... .......... 69%  168K 20s
  8900K .......... .......... .......... .......... .......... 69%  114K 19s
  8950K .......... .......... .......... .......... .......... 69%  616K 19s
  9000K .......... .......... .......... .......... .......... 70% 37.1K 19s
  9050K .......... .......... .......... .......... .......... 70%  532K 19s
  9100K .......... .......... .......... .......... .......... 71%  549K 19s
  9150K .......... .......... .......... .......... .......... 71%  584K 18s
  9200K .......... .......... .......... .......... .......... 71%  161K 18s
  9250K .......... .......... .......... .......... .......... 72%  466K 18s
  9300K .......... .......... .......... .......... .......... 72%  485K 18s
  9350K .......... .......... .......... .......... .......... 72%  523K 17s
  9400K .......... .......... .......... .......... .......... 73%  503K 17s
  9450K .......... .......... .......... .......... .......... 73% 39.8K 17s
  9500K .......... .......... .......... .......... .......... 74%  833K 17s
  9550K .......... .......... .......... .......... .......... 74%  601K 16s
  9600K .......... .......... .......... .......... .......... 74%  536K 16s
  9650K .......... .......... .......... .......... .......... 75%  560K 16s
  9700K .......... .......... .......... .......... .......... 75%  526K 16s
  9750K .......... .......... .......... .......... .......... 76%  483K 15s
  9800K .......... .......... .......... .......... .......... 76%  493K 15s
  9850K .......... .......... .......... .......... .......... 76%  159K 15s
  9900K .......... .......... .......... .......... .......... 77% 29.1K 15s
  9950K .......... .......... .......... .......... .......... 77%  480K 15s
 10000K .......... .......... .......... .......... .......... 78% 54.8K 15s
 10050K .......... .......... .......... .......... .......... 78%  498K 14s
 10100K .......... .......... .......... .......... .......... 78%  169K 14s
 10150K .......... .......... .......... .......... .......... 79% 97.5K 14s
 10200K .......... .......... .......... .......... .......... 79%  170K 14s
 10250K .......... .......... .......... .......... .......... 79%  496K 13s
 10300K .......... .......... .......... .......... .......... 80% 95.1K 13s
 10350K .......... .......... .......... .......... .......... 80% 95.9K 13s
 10400K .......... .......... .......... .......... .......... 81%  156K 13s
 10450K .......... .......... .......... .......... .......... 81%  576K 12s
 10500K .......... .......... .......... .......... .......... 81%  512K 12s
 10550K .......... .......... .......... .......... .......... 82%  561K 12s
 10600K .......... .......... .......... .......... .......... 82%  545K 11s
 10650K .......... .......... .......... .......... .......... 83%  455K 11s
 10700K .......... .......... .......... .......... .......... 83%  506K 11s
 10750K .......... .......... .......... .......... .......... 83%  484K 11s
 10800K .......... .......... .......... .......... .......... 84%  146K 10s
 10850K .......... .......... .......... .......... .......... 84%  163K 10s
 10900K .......... .......... .......... .......... .......... 84%  517K 10s
 10950K .......... .......... .......... .......... .......... 85% 54.5K 10s
 11000K .......... .......... .......... .......... .......... 85%  522K 9s
 11050K .......... .......... .......... .......... .......... 86%  158K 9s
 11100K .......... .......... .......... .......... .......... 86%  381K 9s
 11150K .......... .......... .......... .......... .......... 86%  591K 9s
 11200K .......... .......... .......... .......... .......... 87%  466K 8s
 11250K .......... .......... .......... .......... .......... 87%  180K 8s
 11300K .......... .......... .......... .......... .......... 88%  159K 8s
 11350K .......... .......... .......... .......... .......... 88%  535K 8s
 11400K .......... .......... .......... .......... .......... 88%  163K 7s
 11450K .......... .......... .......... .......... .......... 89%  507K 7s
 11500K .......... .......... .......... .......... .......... 89% 70.4K 7s
 11550K .......... .......... .......... .......... .......... 90%  162K 7s
 11600K .......... .......... .......... .......... .......... 90%  475K 6s
 11650K .......... .......... .......... .......... .......... 90%  442K 6s
 11700K .......... .......... .......... .......... .......... 91%  525K 6s
 11750K .......... .......... .......... .......... .......... 91%  558K 6s
 11800K .......... .......... .......... .......... .......... 91%  541K 5s
 11850K .......... .......... .......... .......... .......... 92%  471K 5s
 11900K .......... .......... .......... .......... .......... 92% 70.6K 5s
 11950K .......... .......... .......... .......... .......... 93%  417K 4s
 12000K .......... .......... .......... .......... .......... 93%  646K 4s
 12050K .......... .......... .......... .......... .......... 93%  484K 4s
 12100K .......... .......... .......... .......... .......... 94%  164K 4s
 12150K .......... .......... .......... .......... .......... 94%  464K 3s
 12200K .......... .......... .......... .......... .......... 95%  462K 3s
 12250K .......... .......... .......... .......... .......... 95%  171K 3s
 12300K .......... .......... .......... .......... .......... 95%  168K 3s
 12350K .......... .......... .......... .......... .......... 96%  472K 2s
 12400K .......... .......... .......... .......... .......... 96%  600K 2s
 12450K .......... .......... .......... .......... .......... 97%  161K 2s
 12500K .......... .......... .......... .......... .......... 97%  163K 2s
 12550K .......... .......... .......... .......... .......... 97%  521K 1s
 12600K .......... .......... .......... .......... .......... 98%  463K 1s
 12650K .......... .......... .......... .......... .......... 98%  618K 1s
 12700K .......... .......... .......... .......... .......... 98%  163K 1s
 12750K .......... .......... .......... .......... .......... 99%  541K 0s
 12800K .......... .......... .......... .......... .......... 99% 72.4K 0s
 12850K .......... .......... .......... ....                 100%  764K=64s

2016-05-25 03:02:21 (200 KB/s) - ‘index.html.15’ saved [13193358/13193358]

