--2016-05-25 02:29:57--  http://10.30.50.93:8000/
Connecting to 10.30.50.93:8000... connected.
HTTP request sent, awaiting response... 200 OK
Length: 13193358 (13M) [text/html]
Saving to: ‘index.html.11’

     0K .......... .......... .......... .......... ..........  0%  666K 19s
    50K .......... .......... .......... .......... ..........  0%  371K 27s
   100K .......... .......... .......... .......... ..........  1%  506K 26s
   150K .......... .......... .......... .......... ..........  1%  438K 27s
   200K .......... .......... .......... .......... ..........  1%  450K 27s
   250K .......... .......... .......... .......... ..........  2%  141K 37s
   300K .......... .......... .......... .......... ..........  2%  153K 44s
   350K .......... .......... .......... .......... ..........  3%  150K 48s
   400K .......... .......... .......... .......... ..........  3%  440K 46s
   450K .......... .......... .......... .......... ..........  3%  426K 44s
   500K .......... .......... .......... .......... ..........  4%  439K 42s
   550K .......... .......... .......... .......... ..........  4%  389K 41s
   600K .......... .......... .......... .......... ..........  5%  417K 40s
   650K .......... .......... .......... .......... ..........  5%  153K 43s
   700K .......... .......... .......... .......... ..........  5%  154K 45s
   750K .......... .......... .......... .......... ..........  6%  475K 44s
   800K .......... .......... .......... .......... ..........  6%  372K 43s
   850K .......... .......... .......... .......... ..........  6%  476K 42s
   900K .......... .......... .......... .......... ..........  7%  462K 41s
   950K .......... .......... .......... .......... ..........  7%  440K 40s
  1000K .......... .......... .......... .......... ..........  8%  436K 39s
  1050K .......... .......... .......... .......... ..........  8%  356K 39s
  1100K .......... .......... .......... .......... ..........  8%  407K 38s
  1150K .......... .......... .......... .......... ..........  9%  389K 38s
  1200K .......... .......... .......... .......... ..........  9%  354K 37s
  1250K .......... .......... .......... .......... .......... 10%  428K 37s
  1300K .......... .......... .......... .......... .......... 10%  474K 36s
  1350K .......... .......... .......... .......... .......... 10%  408K 36s
  1400K .......... .......... .......... .......... .......... 11%  436K 35s
  1450K .......... .......... .......... .......... .......... 11%  419K 35s
  1500K .......... .......... .......... .......... .......... 12%  406K 34s
  1550K .......... .......... .......... .......... .......... 12%  386K 34s
  1600K .......... .......... .......... .......... .......... 12%  451K 34s
  1650K .......... .......... .......... .......... .......... 13%  463K 33s
  1700K .......... .......... .......... .......... .......... 13%  462K 33s
  1750K .......... .......... .......... .......... .......... 13%  417K 33s
  1800K .......... .......... .......... .......... .......... 14%  417K 32s
  1850K .......... .......... .......... .......... .......... 14%  438K 32s
  1900K .......... .......... .......... .......... .......... 15%  388K 32s
  1950K .......... .......... .......... .......... .......... 15%  538K 31s
  2000K .......... .......... .......... .......... .......... 15%  449K 31s
  2050K .......... .......... .......... .......... .......... 16%  354K 31s
  2100K .......... .......... .......... .......... .......... 16%  142K 32s
  2150K .......... .......... .......... .......... .......... 17%  396K 31s
  2200K .......... .......... .......... .......... .......... 17%  388K 31s
  2250K .......... .......... .......... .......... .......... 17%  477K 31s
  2300K .......... .......... .......... .......... .......... 18%  377K 31s
  2350K .......... .......... .......... .......... .......... 18%  396K 30s
  2400K .......... .......... .......... .......... .......... 19%  466K 30s
  2450K .......... .......... .......... .......... .......... 19%  340K 30s
  2500K .......... .......... .......... .......... .......... 19%  405K 30s
  2550K .......... .......... .......... .......... .......... 20%  465K 29s
  2600K .......... .......... .......... .......... .......... 20%  416K 29s
  2650K .......... .......... .......... .......... .......... 20%  408K 29s
  2700K .......... .......... .......... .......... .......... 21%  488K 29s
  2750K .......... .......... .......... .......... .......... 21%  387K 29s
  2800K .......... .......... .......... .......... .......... 22%  505K 28s
  2850K .......... .......... .......... .......... .......... 22%  147K 29s
  2900K .......... .......... .......... .......... .......... 22%  364K 29s
  2950K .......... .......... .......... .......... .......... 23%  558K 28s
  3000K .......... .......... .......... .......... .......... 23%  415K 28s
  3050K .......... .......... .......... .......... .......... 24%  415K 28s
  3100K .......... .......... .......... .......... .......... 24%  399K 28s
  3150K .......... .......... .......... .......... .......... 24%  462K 27s
  3200K .......... .......... .......... .......... .......... 25%  452K 27s
  3250K .......... .......... .......... .......... .......... 25%  477K 27s
  3300K .......... .......... .......... .......... .......... 26%  394K 27s
  3350K .......... .......... .......... .......... .......... 26%  148K 27s
  3400K .......... .......... .......... .......... .......... 26%  487K 27s
  3450K .......... .......... .......... .......... .......... 27%  428K 27s
  3500K .......... .......... .......... .......... .......... 27%  452K 26s
  3550K .......... .......... .......... .......... .......... 27%  405K 26s
  3600K .......... .......... .......... .......... .......... 28%  380K 26s
  3650K .......... .......... .......... .......... .......... 28%  378K 26s
  3700K .......... .......... .......... .......... .......... 29%  397K 26s
  3750K .......... .......... .......... .......... .......... 29%  461K 26s
  3800K .......... .......... .......... .......... .......... 29%  333K 25s
  3850K .......... .......... .......... .......... .......... 30%  365K 25s
  3900K .......... .......... .......... .......... .......... 30%  151K 26s
  3950K .......... .......... .......... .......... .......... 31%  395K 25s
  4000K .......... .......... .......... .......... .......... 31%  450K 25s
  4050K .......... .......... .......... .......... .......... 31%  462K 25s
  4100K .......... .......... .......... .......... .......... 32%  418K 25s
  4150K .......... .......... .......... .......... .......... 32%  347K 25s
  4200K .......... .......... .......... .......... .......... 32%  522K 24s
  4250K .......... .......... .......... .......... .......... 33%  462K 24s
  4300K .......... .......... .......... .......... .......... 33%  388K 24s
  4350K .......... .......... .......... .......... .......... 34%  554K 24s
  4400K .......... .......... .......... .......... .......... 34%  439K 24s
  4450K .......... .......... .......... .......... .......... 34%  451K 23s
  4500K .......... .......... .......... .......... .......... 35%  427K 23s
  4550K .......... .......... .......... .......... .......... 35%  428K 23s
  4600K .......... .......... .......... .......... .......... 36%  439K 23s
  4650K .......... .......... .......... .......... .......... 36%  477K 23s
  4700K .......... .......... .......... .......... .......... 36%  447K 22s
  4750K .......... .......... .......... .......... .......... 37%  466K 22s
  4800K .......... .......... .......... .......... .......... 37%  406K 22s
  4850K .......... .......... .......... .......... .......... 38%  428K 22s
  4900K .......... .......... .......... .......... .......... 38%  438K 22s
  4950K .......... .......... .......... .......... .......... 38%  406K 22s
  5000K .......... .......... .......... .......... .......... 39%  524K 21s
  5050K .......... .......... .......... .......... .......... 39%  425K 21s
  5100K .......... .......... .......... .......... .......... 39%  389K 21s
  5150K .......... .......... .......... .......... .......... 40%  427K 21s
  5200K .......... .......... .......... .......... .......... 40%  370K 21s
  5250K .......... .......... .......... .......... .......... 41%  437K 21s
  5300K .......... .......... .......... .......... .......... 41%  388K 21s
  5350K .......... .......... .......... .......... .......... 41%  461K 20s
  5400K .......... .......... .......... .......... .......... 42%  442K 20s
  5450K .......... .......... .......... .......... .......... 42%  475K 20s
  5500K .......... .......... .......... .......... .......... 43%  388K 20s
  5550K .......... .......... .......... .......... .......... 43%  462K 20s
  5600K .......... .......... .......... .......... .......... 43%  389K 20s
  5650K .......... .......... .......... .......... .......... 44%  360K 19s
  5700K .......... .......... .......... .......... .......... 44%  430K 19s
  5750K .......... .......... .......... .......... .......... 45%  396K 19s
  5800K .......... .......... .......... .......... .......... 45%  438K 19s
  5850K .......... .......... .......... .......... .......... 45%  439K 19s
  5900K .......... .......... .......... .......... .......... 46%  427K 19s
  5950K .......... .......... .......... .......... .......... 46%  417K 18s
  6000K .......... .......... .......... .......... .......... 46%  519K 18s
  6050K .......... .......... .......... .......... .......... 47% 90.6K 19s
  6100K .......... .......... .......... .......... .......... 47% 90.7K 19s
  6150K .......... .......... .......... .......... .......... 48%  147K 19s
  6200K .......... .......... .......... .......... .......... 48%  407K 19s
  6250K .......... .......... .......... .......... .......... 48%  362K 19s
  6300K .......... .......... .......... .......... .......... 49%  418K 19s
  6350K .......... .......... .......... .......... .......... 49%  319K 18s
  6400K .......... .......... .......... .......... .......... 50%  539K 18s
  6450K .......... .......... .......... .......... .......... 50%  388K 18s
  6500K .......... .......... .......... .......... .......... 50%  406K 18s
  6550K .......... .......... .......... .......... .......... 51%  521K 18s
  6600K .......... .......... .......... .......... .......... 51%  439K 18s
  6650K .......... .......... .......... .......... .......... 52%  451K 17s
  6700K .......... .......... .......... .......... .......... 52%  379K 17s
  6750K .......... .......... .......... .......... .......... 52%  537K 17s
  6800K .......... .......... .......... .......... .......... 53%  437K 17s
  6850K .......... .......... .......... .......... .......... 53%  408K 17s
  6900K .......... .......... .......... .......... .......... 53%  492K 17s
  6950K .......... .......... .......... .......... .......... 54%  449K 16s
  7000K .......... .......... .......... .......... .......... 54%  449K 16s
  7050K .......... .......... .......... .......... .......... 55%  349K 16s
  7100K .......... .......... .......... .......... .......... 55%  368K 16s
  7150K .......... .......... .......... .......... .......... 55%  340K 16s
  7200K .......... .......... .......... .......... .......... 56%  397K 16s
  7250K .......... .......... .......... .......... .......... 56%  304K 16s
  7300K .......... .......... .......... .......... .......... 57% 92.0K 16s
  7350K .......... .......... .......... .......... .......... 57%  397K 16s
  7400K .......... .......... .......... .......... .......... 57%  425K 15s
  7450K .......... .......... .......... .......... .......... 58%  408K 15s
  7500K .......... .......... .......... .......... .......... 58%  416K 15s
  7550K .......... .......... .......... .......... .......... 58%  439K 15s
  7600K .......... .......... .......... .......... .......... 59%  427K 15s
  7650K .......... .......... .......... .......... .......... 59%  156K 15s
  7700K .......... .......... .......... .......... .......... 60%  439K 15s
  7750K .......... .......... .......... .......... .......... 60%  364K 14s
  7800K .......... .......... .......... .......... .......... 60%  404K 14s
  7850K .......... .......... .......... .......... .......... 61%  355K 14s
  7900K .......... .......... .......... .......... .......... 61%  136K 14s
  7950K .......... .......... .......... .......... .......... 62%  155K 14s
  8000K .......... .......... .......... .......... .......... 62%  462K 14s
  8050K .......... .......... .......... .......... .......... 62%  364K 14s
  8100K .......... .......... .......... .......... .......... 63%  535K 14s
  8150K .......... .......... .......... .......... .......... 63%  428K 13s
  8200K .......... .......... .......... .......... .......... 64%  475K 13s
  8250K .......... .......... .......... .......... .......... 64%  149K 13s
  8300K .......... .......... .......... .......... .......... 64%  406K 13s
  8350K .......... .......... .......... .......... .......... 65%  476K 13s
  8400K .......... .......... .......... .......... .......... 65%  465K 13s
  8450K .......... .......... .......... .......... .......... 65%  346K 13s
  8500K .......... .......... .......... .......... .......... 66%  452K 12s
  8550K .......... .......... .......... .......... .......... 66%  453K 12s
  8600K .......... .......... .......... .......... .......... 67%  438K 12s
  8650K .......... .......... .......... .......... .......... 67%  425K 12s
  8700K .......... .......... .......... .......... .......... 67% 68.1K 12s
  8750K .......... .......... .......... .......... .......... 68%  181K 12s
  8800K .......... .......... .......... .......... .......... 68%  439K 12s
  8850K .......... .......... .......... .......... .......... 69%  439K 12s
  8900K .......... .......... .......... .......... .......... 69%  427K 12s
  8950K .......... .......... .......... .......... .......... 69%  450K 11s
  9000K .......... .......... .......... .......... .......... 70%  451K 11s
  9050K .......... .......... .......... .......... .......... 70%  378K 11s
  9100K .......... .......... .......... .......... .......... 71%  156K 11s
  9150K .......... .......... .......... .......... .......... 71%  387K 11s
  9200K .......... .......... .......... .......... .......... 71%  477K 11s
  9250K .......... .......... .......... .......... .......... 72%  459K 11s
  9300K .......... .......... .......... .......... .......... 72%  455K 10s
  9350K .......... .......... .......... .......... .......... 72%  446K 10s
  9400K .......... .......... .......... .......... .......... 73%  467K 10s
  9450K .......... .......... .......... .......... .......... 73%  416K 10s
  9500K .......... .......... .......... .......... .......... 74%  450K 10s
  9550K .......... .......... .......... .......... .......... 74%  397K 10s
  9600K .......... .......... .......... .......... .......... 74%  380K 9s
  9650K .......... .......... .......... .......... .......... 75%  450K 9s
  9700K .......... .......... .......... .......... .......... 75%  396K 9s
  9750K .......... .......... .......... .......... .......... 76%  408K 9s
  9800K .......... .......... .......... .......... .......... 76%  394K 9s
  9850K .......... .......... .......... .......... .......... 76%  390K 9s
  9900K .......... .......... .......... .......... .......... 77%  140K 9s
  9950K .......... .......... .......... .......... .......... 77%  459K 8s
 10000K .......... .......... .......... .......... .......... 78%  419K 8s
 10050K .......... .......... .......... .......... .......... 78%  397K 8s
 10100K .......... .......... .......... .......... .......... 78%  371K 8s
 10150K .......... .......... .......... .......... .......... 79%  438K 8s
 10200K .......... .......... .......... .......... .......... 79%  354K 8s
 10250K .......... .......... .......... .......... .......... 79%  140K 8s
 10300K .......... .......... .......... .......... .......... 80%  396K 7s
 10350K .......... .......... .......... .......... .......... 80%  364K 7s
 10400K .......... .......... .......... .......... .......... 81% 89.5K 7s
 10450K .......... .......... .......... .......... .......... 81%  148K 7s
 10500K .......... .......... .......... .......... .......... 81%  438K 7s
 10550K .......... .......... .......... .......... .......... 82%  146K 7s
 10600K .......... .......... .......... .......... .......... 82%  472K 7s
 10650K .......... .......... .......... .......... .......... 83%  378K 7s
 10700K .......... .......... .......... .......... .......... 83%  419K 6s
 10750K .......... .......... .......... .......... .......... 83%  463K 6s
 10800K .......... .......... .......... .......... .......... 84%  387K 6s
 10850K .......... .......... .......... .......... .......... 84%  453K 6s
 10900K .......... .......... .......... .......... .......... 84%  405K 6s
 10950K .......... .......... .......... .......... .......... 85%  438K 6s
 11000K .......... .......... .......... .......... .......... 85%  427K 5s
 11050K .......... .......... .......... .......... .......... 86%  149K 5s
 11100K .......... .......... .......... .......... .......... 86%  147K 5s
 11150K .......... .......... .......... .......... .......... 86%  419K 5s
 11200K .......... .......... .......... .......... .......... 87%  487K 5s
 11250K .......... .......... .......... .......... .......... 87% 68.3K 5s
 11300K .......... .......... .......... .......... .......... 88%  149K 5s
 11350K .......... .......... .......... .......... .......... 88%  370K 5s
 11400K .......... .......... .......... .......... .......... 88%  150K 4s
 11450K .......... .......... .......... .......... .......... 89%  404K 4s
 11500K .......... .......... .......... .......... .......... 89%  452K 4s
 11550K .......... .......... .......... .......... .......... 90%  416K 4s
 11600K .......... .......... .......... .......... .......... 90%  418K 4s
 11650K .......... .......... .......... .......... .......... 90%  426K 4s
 11700K .......... .......... .......... .......... .......... 91%  381K 3s
 11750K .......... .......... .......... .......... .......... 91%  538K 3s
 11800K .......... .......... .......... .......... .......... 91%  388K 3s
 11850K .......... .......... .......... .......... .......... 92%  404K 3s
 11900K .......... .......... .......... .......... .......... 92%  364K 3s
 11950K .......... .......... .......... .......... .......... 93%  369K 3s
 12000K .......... .......... .......... .......... .......... 93%  407K 3s
 12050K .......... .......... .......... .......... .......... 93%  287K 2s
 12100K .......... .......... .......... .......... .......... 94%  555K 2s
 12150K .......... .......... .......... .......... .......... 94%  341K 2s
 12200K .......... .......... .......... .......... .......... 95%  326K 2s
 12250K .......... .......... .......... .......... .......... 95%  138K 2s
 12300K .......... .......... .......... .......... .......... 95%  450K 2s
 12350K .......... .......... .......... .......... .......... 96%  452K 1s
 12400K .......... .......... .......... .......... .......... 96%  464K 1s
 12450K .......... .......... .......... .......... .......... 97%  448K 1s
 12500K .......... .......... .......... .......... .......... 97%  441K 1s
 12550K .......... .......... .......... .......... .......... 97%  462K 1s
 12600K .......... .......... .......... .......... .......... 98%  387K 1s
 12650K .......... .......... .......... .......... .......... 98%  440K 1s
 12700K .......... .......... .......... .......... .......... 98%  490K 0s
 12750K .......... .......... .......... .......... .......... 99%  427K 0s
 12800K .......... .......... .......... .......... .......... 99%  463K 0s
 12850K .......... .......... .......... ....                 100%  439K=39s

2016-05-25 02:30:37 (330 KB/s) - ‘index.html.11’ saved [13193358/13193358]

