--2016-05-25 01:50:59--  http://10.30.50.93:8000/
Connecting to 10.30.50.93:8000... connected.
HTTP request sent, awaiting response... 200 OK
Length: 13193358 (13M) [text/html]
Saving to: ‘index.html.15’

     0K .......... .......... .......... .......... ..........  0%  185K 69s
    50K .......... .......... .......... .......... ..........  0%  214K 64s
   100K .......... .......... .......... .......... ..........  1%  245K 60s
   150K .......... .......... .......... .......... ..........  1%  219K 59s
   200K .......... .......... .......... .......... ..........  1%  226K 59s
   250K .......... .......... .......... .......... ..........  2%  105K 68s
   300K .......... .......... .......... .......... ..........  2%  181K 68s
   350K .......... .......... .......... .......... ..........  3%  116K 73s
   400K .......... .......... .......... .......... ..........  3% 94.6K 79s
   450K .......... .......... .......... .......... ..........  3% 57.1K 93s
   500K .......... .......... .......... .......... ..........  4% 95.9K 96s
   550K .......... .......... .......... .......... ..........  4% 41.7K 1m52s
   600K .......... .......... .......... .......... ..........  5% 99.2K 1m52s
   650K .......... .......... .......... .......... ..........  5%  123K 1m51s
   700K .......... .......... .......... .......... ..........  5%  170K 1m48s
   750K .......... .......... .......... .......... ..........  6%  163K 1m45s
   800K .......... .......... .......... .......... ..........  6% 54.8K 1m52s
   850K .......... .......... .......... .......... ..........  6%  194K 1m49s
   900K .......... .......... .......... .......... ..........  7%  199K 1m46s
   950K .......... .......... .......... .......... ..........  7%  214K 1m43s
  1000K .......... .......... .......... .......... ..........  8%  232K 1m40s
  1050K .......... .......... .......... .......... ..........  8%  194K 98s
  1100K .......... .......... .......... .......... ..........  8%  102K 98s
  1150K .......... .......... .......... .......... ..........  9%  238K 96s
  1200K .......... .......... .......... .......... ..........  9%  198K 94s
  1250K .......... .......... .......... .......... .......... 10%  178K 92s
  1300K .......... .......... .......... .......... .......... 10%  231K 90s
  1350K .......... .......... .......... .......... .......... 10%  106K 91s
  1400K .......... .......... .......... .......... .......... 11%  203K 89s
  1450K .......... .......... .......... .......... .......... 11%  104K 89s
  1500K .......... .......... .......... .......... .......... 12%  198K 88s
  1550K .......... .......... .......... .......... .......... 12%  204K 86s
  1600K .......... .......... .......... .......... .......... 12%  218K 85s
  1650K .......... .......... .......... .......... .......... 13%  190K 84s
  1700K .......... .......... .......... .......... .......... 13%  174K 83s
  1750K .......... .......... .......... .......... .......... 13%  102K 83s
  1800K .......... .......... .......... .......... .......... 14%  214K 82s
  1850K .......... .......... .......... .......... .......... 14%  167K 81s
  1900K .......... .......... .......... .......... .......... 15%  104K 82s
  1950K .......... .......... .......... .......... .......... 15%  198K 81s
  2000K .......... .......... .......... .......... .......... 15%  108K 81s
  2050K .......... .......... .......... .......... .......... 16%  103K 81s
  2100K .......... .......... .......... .......... .......... 16%  225K 80s
  2150K .......... .......... .......... .......... .......... 17%  214K 79s
  2200K .......... .......... .......... .......... .......... 17%  189K 78s
  2250K .......... .......... .......... .......... .......... 17% 77.8K 79s
  2300K .......... .......... .......... .......... .......... 18%  225K 78s
  2350K .......... .......... .......... .......... .......... 18%  167K 77s
  2400K .......... .......... .......... .......... .......... 19%  204K 76s
  2450K .......... .......... .......... .......... .......... 19%  111K 76s
  2500K .......... .......... .......... .......... .......... 19%  105K 76s
  2550K .......... .......... .......... .......... .......... 20%  117K 76s
  2600K .......... .......... .......... .......... .......... 20%  208K 75s
  2650K .......... .......... .......... .......... .......... 20%  185K 74s
  2700K .......... .......... .......... .......... .......... 21% 93.7K 75s
  2750K .......... .......... .......... .......... .......... 21%  151K 74s
  2800K .......... .......... .......... .......... .......... 22%  252K 73s
  2850K .......... .......... .......... .......... .......... 22%  185K 73s
  2900K .......... .......... .......... .......... .......... 22%  177K 72s
  2950K .......... .......... .......... .......... .......... 23%  269K 71s
  3000K .......... .......... .......... .......... .......... 23%  219K 70s
  3050K .......... .......... .......... .......... .......... 24%  181K 70s
  3100K .......... .......... .......... .......... .......... 24%  204K 69s
  3150K .......... .......... .......... .......... .......... 24%  102K 69s
  3200K .......... .......... .......... .......... .......... 25% 37.5K 71s
  3250K .......... .......... .......... .......... .......... 25% 77.2K 72s
  3300K .......... .......... .......... .......... .......... 26%  209K 71s
  3350K .......... .......... .......... .......... .......... 26%  189K 70s
  3400K .......... .......... .......... .......... .......... 26%  199K 70s
  3450K .......... .......... .......... .......... .......... 27%  189K 69s
  3500K .......... .......... .......... .......... .......... 27% 71.8K 70s
  3550K .......... .......... .......... .......... .......... 27%  198K 69s
  3600K .......... .......... .......... .......... .......... 28%  108K 69s
  3650K .......... .......... .......... .......... .......... 28%  174K 68s
  3700K .......... .......... .......... .......... .......... 29% 70.6K 69s
  3750K .......... .......... .......... .......... .......... 29% 70.1K 69s
  3800K .......... .......... .......... .......... .......... 29%  219K 68s
  3850K .......... .......... .......... .......... .......... 30%  173K 68s
  3900K .......... .......... .......... .......... .......... 30%  226K 67s
  3950K .......... .......... .......... .......... .......... 31%  208K 66s
  4000K .......... .......... .......... .......... .......... 31% 86.9K 66s
  4050K .......... .......... .......... .......... .......... 31% 71.8K 67s
  4100K .......... .......... .......... .......... .......... 32%  214K 66s
  4150K .......... .......... .......... .......... .......... 32%  185K 65s
  4200K .......... .......... .......... .......... .......... 32% 73.8K 66s
  4250K .......... .......... .......... .......... .......... 33% 91.5K 66s
  4300K .......... .......... .......... .......... .......... 33%  119K 65s
  4350K .......... .......... .......... .......... .......... 34%  204K 65s
  4400K .......... .......... .......... .......... .......... 34%  194K 64s
  4450K .......... .......... .......... .......... .......... 34%  100K 64s
  4500K .......... .......... .......... .......... .......... 35%  213K 63s
  4550K .......... .......... .......... .......... .......... 35%  199K 63s
  4600K .......... .......... .......... .......... .......... 36%  117K 62s
  4650K .......... .......... .......... .......... .......... 36%  204K 62s
  4700K .......... .......... .......... .......... .......... 36% 95.7K 62s
  4750K .......... .......... .......... .......... .......... 37%  116K 61s
  4800K .......... .......... .......... .......... .......... 37%  214K 61s
  4850K .......... .......... .......... .......... .......... 38% 91.6K 61s
  4900K .......... .......... .......... .......... .......... 38% 70.6K 61s
  4950K .......... .......... .......... .......... .......... 38% 44.6K 62s
  5000K .......... .......... .......... .......... .......... 39%  213K 61s
  5050K .......... .......... .......... .......... .......... 39% 75.1K 61s
  5100K .......... .......... .......... .......... .......... 39% 89.7K 61s
  5150K .......... .......... .......... .......... .......... 40% 74.4K 61s
  5200K .......... .......... .......... .......... .......... 40%  106K 61s
  5250K .......... .......... .......... .......... .......... 41%  107K 60s
  5300K .......... .......... .......... .......... .......... 41% 93.6K 60s
  5350K .......... .......... .......... .......... .......... 41%  219K 59s
  5400K .......... .......... .......... .......... .......... 42%  110K 59s
  5450K .......... .......... .......... .......... .......... 42%  214K 58s
  5500K .......... .......... .......... .......... .......... 43% 69.4K 58s
  5550K .......... .......... .......... .......... .......... 43%  186K 58s
  5600K .......... .......... .......... .......... .......... 43%  213K 57s
  5650K .......... .......... .......... .......... .......... 44%  203K 57s
  5700K .......... .......... .......... .......... .......... 44%  189K 56s
  5750K .......... .......... .......... .......... .......... 45%  189K 56s
  5800K .......... .......... .......... .......... .......... 45%  219K 55s
  5850K .......... .......... .......... .......... .......... 45% 53.8K 55s
  5900K .......... .......... .......... .......... .......... 46%  107K 55s
  5950K .......... .......... .......... .......... .......... 46%  108K 55s
  6000K .......... .......... .......... .......... .......... 46%  208K 54s
  6050K .......... .......... .......... .......... .......... 47%  204K 54s
  6100K .......... .......... .......... .......... .......... 47% 45.0K 54s
  6150K .......... .......... .......... .......... .......... 48%  238K 53s
  6200K .......... .......... .......... .......... .......... 48%  102K 53s
  6250K .......... .......... .......... .......... .......... 48%  173K 52s
  6300K .......... .......... .......... .......... .......... 49%  209K 52s
  6350K .......... .......... .......... .......... .......... 49%  198K 51s
  6400K .......... .......... .......... .......... .......... 50%  102K 51s
  6450K .......... .......... .......... .......... .......... 50%  154K 51s
  6500K .......... .......... .......... .......... .......... 50%  111K 50s
  6550K .......... .......... .......... .......... .......... 51%  108K 50s
  6600K .......... .......... .......... .......... .......... 51%  164K 49s
  6650K .......... .......... .......... .......... .......... 52%  181K 49s
  6700K .......... .......... .......... .......... .......... 52%  104K 49s
  6750K .......... .......... .......... .......... .......... 52%  225K 48s
  6800K .......... .......... .......... .......... .......... 53%  152K 48s
  6850K .......... .......... .......... .......... .......... 53%  268K 47s
  6900K .......... .......... .......... .......... .......... 53%  209K 47s
  6950K .......... .......... .......... .......... .......... 54% 73.0K 46s
  7000K .......... .......... .......... .......... .......... 54%  277K 46s
  7050K .......... .......... .......... .......... .......... 55% 49.0K 46s
  7100K .......... .......... .......... .......... .......... 55%  102K 46s
  7150K .......... .......... .......... .......... .......... 55%  220K 45s
  7200K .......... .......... .......... .......... .......... 56% 73.7K 45s
  7250K .......... .......... .......... .......... .......... 56%  105K 45s
  7300K .......... .......... .......... .......... .......... 57%  190K 44s
  7350K .......... .......... .......... .......... .......... 57% 96.8K 44s
  7400K .......... .......... .......... .......... .......... 57%  113K 43s
  7450K .......... .......... .......... .......... .......... 58%  102K 43s
  7500K .......... .......... .......... .......... .......... 58%  111K 43s
  7550K .......... .......... .......... .......... .......... 58%  174K 42s
  7600K .......... .......... .......... .......... .......... 59% 55.2K 42s
  7650K .......... .......... .......... .......... .......... 59%  170K 42s
  7700K .......... .......... .......... .......... .......... 60% 73.1K 41s
  7750K .......... .......... .......... .......... .......... 60% 99.2K 41s
  7800K .......... .......... .......... .......... .......... 60%  117K 41s
  7850K .......... .......... .......... .......... .......... 61%  231K 40s
  7900K .......... .......... .......... .......... .......... 61%  104K 40s
  7950K .......... .......... .......... .......... .......... 62%  116K 39s
  8000K .......... .......... .......... .......... .......... 62% 58.7K 39s
  8050K .......... .......... .......... .......... .......... 62%  189K 39s
  8100K .......... .......... .......... .......... .......... 63%  174K 38s
  8150K .......... .......... .......... .......... .......... 63% 70.6K 38s
  8200K .......... .......... .......... .......... .......... 64%  106K 38s
  8250K .......... .......... .......... .......... .......... 64%  203K 37s
  8300K .......... .......... .......... .......... .......... 64%  203K 37s
  8350K .......... .......... .......... .......... .......... 65% 75.7K 36s
  8400K .......... .......... .......... .......... .......... 65%  239K 36s
  8450K .......... .......... .......... .......... .......... 65%  219K 35s
  8500K .......... .......... .......... .......... .......... 66%  181K 35s
  8550K .......... .......... .......... .......... .......... 66%  163K 35s
  8600K .......... .......... .......... .......... .......... 67%  199K 34s
  8650K .......... .......... .......... .......... .......... 67%  105K 34s
  8700K .......... .......... .......... .......... .......... 67% 99.2K 33s
  8750K .......... .......... .......... .......... .......... 68% 52.4K 33s
  8800K .......... .......... .......... .......... .......... 68%  113K 33s
  8850K .......... .......... .......... .......... .......... 69%  157K 32s
  8900K .......... .......... .......... .......... .......... 69%  178K 32s
  8950K .......... .......... .......... .......... .......... 69%  193K 31s
  9000K .......... .......... .......... .......... .......... 70%  106K 31s
  9050K .......... .......... .......... .......... .......... 70%  208K 31s
  9100K .......... .......... .......... .......... .......... 71%  208K 30s
  9150K .......... .......... .......... .......... .......... 71%  194K 30s
  9200K .......... .......... .......... .......... .......... 71%  174K 29s
  9250K .......... .......... .......... .......... .......... 72%  213K 29s
  9300K .......... .......... .......... .......... .......... 72%  103K 28s
  9350K .......... .......... .......... .......... .......... 72% 95.8K 28s
  9400K .......... .......... .......... .......... .......... 73%  181K 28s
  9450K .......... .......... .......... .......... .......... 73%  203K 27s
  9500K .......... .......... .......... .......... .......... 74%  108K 27s
  9550K .......... .......... .......... .......... .......... 74% 90.6K 26s
  9600K .......... .......... .......... .......... .......... 74%  225K 26s
  9650K .......... .......... .......... .......... .......... 75% 54.1K 26s
  9700K .......... .......... .......... .......... .......... 75%  117K 25s
  9750K .......... .......... .......... .......... .......... 76% 68.3K 25s
  9800K .......... .......... .......... .......... .......... 76%  225K 25s
  9850K .......... .......... .......... .......... .......... 76%  194K 24s
  9900K .......... .......... .......... .......... .......... 77% 71.9K 24s
  9950K .......... .......... .......... .......... .......... 77%  198K 23s
 10000K .......... .......... .......... .......... .......... 78%  173K 23s
 10050K .......... .......... .......... .......... .......... 78%  261K 22s
 10100K .......... .......... .......... .......... .......... 78%  181K 22s
 10150K .......... .......... .......... .......... .......... 79%  203K 22s
 10200K .......... .......... .......... .......... .......... 79%  108K 21s
 10250K .......... .......... .......... .......... .......... 79%  106K 21s
 10300K .......... .......... .......... .......... .......... 80%  164K 20s
 10350K .......... .......... .......... .......... .......... 80% 89.5K 20s
 10400K .......... .......... .......... .......... .......... 81%  177K 20s
 10450K .......... .......... .......... .......... .......... 81%  225K 19s
 10500K .......... .......... .......... .......... .......... 81%  104K 19s
 10550K .......... .......... .......... .......... .......... 82% 22.6K 19s
 10600K .......... .......... .......... .......... .......... 82%  231K 18s
 10650K .......... .......... .......... .......... .......... 83%  194K 18s
 10700K .......... .......... .......... .......... .......... 83%  203K 17s
 10750K .......... .......... .......... .......... .......... 83% 98.1K 17s
 10800K .......... .......... .......... .......... .......... 84%  203K 17s
 10850K .......... .......... .......... .......... .......... 84%  203K 16s
 10900K .......... .......... .......... .......... .......... 84%  100K 16s
 10950K .......... .......... .......... .......... .......... 85%  190K 15s
 11000K .......... .......... .......... .......... .......... 85%  109K 15s
 11050K .......... .......... .......... .......... .......... 86%  239K 14s
 11100K .......... .......... .......... .......... .......... 86%  225K 14s
 11150K .......... .......... .......... .......... .......... 86% 53.8K 14s
 11200K .......... .......... .......... .......... .......... 87%  208K 13s
 11250K .......... .......... .......... .......... .......... 87% 90.6K 13s
 11300K .......... .......... .......... .......... .......... 88%  111K 12s
 11350K .......... .......... .......... .......... .......... 88%  173K 12s
 11400K .......... .......... .......... .......... .......... 88%  186K 12s
 11450K .......... .......... .......... .......... .......... 89%  114K 11s
 11500K .......... .......... .......... .......... .......... 89%  107K 11s
 11550K .......... .......... .......... .......... .......... 90%  104K 10s
 11600K .......... .......... .......... .......... .......... 90% 75.1K 10s
 11650K .......... .......... .......... .......... .......... 90%  185K 10s
 11700K .......... .......... .......... .......... .......... 91%  238K 9s
 11750K .......... .......... .......... .......... .......... 91%  103K 9s
 11800K .......... .......... .......... .......... .......... 91%  193K 8s
 11850K .......... .......... .......... .......... .......... 92%  208K 8s
 11900K .......... .......... .......... .......... .......... 92%  232K 8s
 11950K .......... .......... .......... .......... .......... 93% 94.7K 7s
 12000K .......... .......... .......... .......... .......... 93%  231K 7s
 12050K .......... .......... .......... .......... .......... 93%  232K 6s
 12100K .......... .......... .......... .......... .......... 94% 69.4K 6s
 12150K .......... .......... .......... .......... .......... 94%  203K 6s
 12200K .......... .......... .......... .......... .......... 95%  105K 5s
 12250K .......... .......... .......... .......... .......... 95%  167K 5s
 12300K .......... .......... .......... .......... .......... 95%  163K 4s
 12350K .......... .......... .......... .......... .......... 96% 99.2K 4s
 12400K .......... .......... .......... .......... .......... 96%  219K 4s
 12450K .......... .......... .......... .......... .......... 97% 70.6K 3s
 12500K .......... .......... .......... .......... .......... 97% 96.9K 3s
 12550K .......... .......... .......... .......... .......... 97% 54.5K 2s
 12600K .......... .......... .......... .......... .......... 98%  194K 2s
 12650K .......... .......... .......... .......... .......... 98%  189K 1s
 12700K .......... .......... .......... .......... .......... 98%  173K 1s
 12750K .......... .......... .......... .......... .......... 99%  193K 1s
 12800K .......... .......... .......... .......... .......... 99%  238K 0s
 12850K .......... .......... .......... ....                 100% 86.3K=1m44s

2016-05-25 01:52:43 (124 KB/s) - ‘index.html.15’ saved [13193358/13193358]

