--2016-05-25 04:05:02--  http://10.30.50.93:8000/
Connecting to 10.30.50.93:8000... connected.
HTTP request sent, awaiting response... 200 OK
Length: 13193358 (13M) [text/html]
Saving to: ‘index.html.6’

     0K .......... .......... .......... .......... ..........  0% 5.22M 2s
    50K .......... .......... .......... .......... ..........  0% 2.04M 4s
   100K .......... .......... .......... .......... ..........  1% 1.97M 5s
   150K .......... .......... .......... .......... ..........  1% 1.82M 5s
   200K .......... .......... .......... .......... ..........  1% 2.27M 5s
   250K .......... .......... .......... .......... ..........  2% 2.01M 5s
   300K .......... .......... .......... .......... ..........  2% 2.54M 5s
   350K .......... .......... .......... .......... ..........  3% 2.28M 5s
   400K .......... .......... .......... .......... ..........  3% 2.14M 5s
   450K .......... .......... .......... .......... ..........  3% 1.67M 6s
   500K .......... .......... .......... .......... ..........  4% 1.99M 6s
   550K .......... .......... .......... .......... ..........  4% 2.25M 6s
   600K .......... .......... .......... .......... ..........  5% 2.42M 5s
   650K .......... .......... .......... .......... ..........  5% 2.90M 5s
   700K .......... .......... .......... .......... ..........  5% 2.46M 5s
   750K .......... .......... .......... .......... ..........  6% 2.90M 5s
   800K .......... .......... .......... .......... ..........  6% 1.96M 5s
   850K .......... .......... .......... .......... ..........  6% 2.12M 5s
   900K .......... .......... .......... .......... ..........  7% 1.26M 5s
   950K .......... .......... .......... .......... ..........  7% 1.35M 6s
  1000K .......... .......... .......... .......... ..........  8% 1.32M 6s
  1050K .......... .......... .......... .......... ..........  8% 1.51M 6s
  1100K .......... .......... .......... .......... ..........  8% 1.13M 6s
  1150K .......... .......... .......... .......... ..........  9% 1.31M 6s
  1200K .......... .......... .......... .......... ..........  9% 1.30M 6s
  1250K .......... .......... .......... .......... .......... 10% 3.35M 6s
  1300K .......... .......... .......... .......... .......... 10% 3.32M 6s
  1350K .......... .......... .......... .......... .......... 10% 2.57M 6s
  1400K .......... .......... .......... .......... .......... 11% 1.23M 6s
  1450K .......... .......... .......... .......... .......... 11% 1.96M 6s
  1500K .......... .......... .......... .......... .......... 12% 2.07M 6s
  1550K .......... .......... .......... .......... .......... 12% 2.22M 6s
  1600K .......... .......... .......... .......... .......... 12% 1.36M 6s
  1650K .......... .......... .......... .......... .......... 13% 1.51M 6s
  1700K .......... .......... .......... .......... .......... 13% 1.18M 6s
  1750K .......... .......... .......... .......... .......... 13% 1.14M 6s
  1800K .......... .......... .......... .......... .......... 14% 1.19M 6s
  1850K .......... .......... .......... .......... .......... 14% 1.90M 6s
  1900K .......... .......... .......... .......... .......... 15% 1.97M 6s
  1950K .......... .......... .......... .......... .......... 15% 2.07M 6s
  2000K .......... .......... .......... .......... .......... 15% 2.31M 6s
  2050K .......... .......... .......... .......... .......... 16% 1.92M 6s
  2100K .......... .......... .......... .......... .......... 16% 1.51M 6s
  2150K .......... .......... .......... .......... .......... 17% 2.09M 6s
  2200K .......... .......... .......... .......... .......... 17% 2.64M 6s
  2250K .......... .......... .......... .......... .......... 17% 2.60M 6s
  2300K .......... .......... .......... .......... .......... 18% 2.96M 6s
  2350K .......... .......... .......... .......... .......... 18% 2.05M 6s
  2400K .......... .......... .......... .......... .......... 19% 2.33M 5s
  2450K .......... .......... .......... .......... .......... 19% 2.33M 5s
  2500K .......... .......... .......... .......... .......... 19% 1.88M 5s
  2550K .......... .......... .......... .......... .......... 20% 2.29M 5s
  2600K .......... .......... .......... .......... .......... 20% 1.74M 5s
  2650K .......... .......... .......... .......... .......... 20% 1.33M 5s
  2700K .......... .......... .......... .......... .......... 21% 1.57M 5s
  2750K .......... .......... .......... .......... .......... 21% 2.72M 5s
  2800K .......... .......... .......... .......... .......... 22% 2.45M 5s
  2850K .......... .......... .......... .......... .......... 22% 2.40M 5s
  2900K .......... .......... .......... .......... .......... 22% 2.52M 5s
  2950K .......... .......... .......... .......... .......... 23% 2.47M 5s
  3000K .......... .......... .......... .......... .......... 23% 2.52M 5s
  3050K .......... .......... .......... .......... .......... 24% 2.22M 5s
  3100K .......... .......... .......... .......... .......... 24% 1.91M 5s
  3150K .......... .......... .......... .......... .......... 24% 1.41M 5s
  3200K .......... .......... .......... .......... .......... 25% 1.18M 5s
  3250K .......... .......... .......... .......... .......... 25% 1.85M 5s
  3300K .......... .......... .......... .......... .......... 26% 1.82M 5s
  3350K .......... .......... .......... .......... .......... 26% 2.14M 5s
  3400K .......... .......... .......... .......... .......... 26% 1.70M 5s
  3450K .......... .......... .......... .......... .......... 27% 1.60M 5s
  3500K .......... .......... .......... .......... .......... 27% 1.39M 5s
  3550K .......... .......... .......... .......... .......... 27% 1.51M 5s
  3600K .......... .......... .......... .......... .......... 28% 1.22M 5s
  3650K .......... .......... .......... .......... .......... 28% 2.23M 5s
  3700K .......... .......... .......... .......... .......... 29% 1.85M 5s
  3750K .......... .......... .......... .......... .......... 29% 1.77M 5s
  3800K .......... .......... .......... .......... .......... 29% 1.23M 5s
  3850K .......... .......... .......... .......... .......... 30% 1.25M 5s
  3900K .......... .......... .......... .......... .......... 30% 1.58M 5s
  3950K .......... .......... .......... .......... .......... 31% 1.83M 5s
  4000K .......... .......... .......... .......... .......... 31% 1.84M 5s
  4050K .......... .......... .......... .......... .......... 31% 1.15M 5s
  4100K .......... .......... .......... .......... .......... 32% 1.19M 5s
  4150K .......... .......... .......... .......... .......... 32% 1.36M 5s
  4200K .......... .......... .......... .......... .......... 32% 2.41M 5s
  4250K .......... .......... .......... .......... .......... 33% 2.19M 5s
  4300K .......... .......... .......... .......... .......... 33% 3.01M 5s
  4350K .......... .......... .......... .......... .......... 34% 2.42M 5s
  4400K .......... .......... .......... .......... .......... 34% 3.14M 5s
  4450K .......... .......... .......... .......... .......... 34% 2.36M 4s
  4500K .......... .......... .......... .......... .......... 35% 1.84M 4s
  4550K .......... .......... .......... .......... .......... 35% 1.94M 4s
  4600K .......... .......... .......... .......... .......... 36% 3.23M 4s
  4650K .......... .......... .......... .......... .......... 36% 1.59M 4s
  4700K .......... .......... .......... .......... .......... 36% 1.24M 4s
  4750K .......... .......... .......... .......... .......... 37% 2.10M 4s
  4800K .......... .......... .......... .......... .......... 37% 1.40M 4s
  4850K .......... .......... .......... .......... .......... 38% 1.51M 4s
  4900K .......... .......... .......... .......... .......... 38% 2.12M 4s
  4950K .......... .......... .......... .......... .......... 38% 1.50M 4s
  5000K .......... .......... .......... .......... .......... 39% 1.63M 4s
  5050K .......... .......... .......... .......... .......... 39% 2.40M 4s
  5100K .......... .......... .......... .......... .......... 39% 1.53M 4s
  5150K .......... .......... .......... .......... .......... 40% 1.67M 4s
  5200K .......... .......... .......... .......... .......... 40% 1.43M 4s
  5250K .......... .......... .......... .......... .......... 41% 1.87M 4s
  5300K .......... .......... .......... .......... .......... 41% 1.37M 4s
  5350K .......... .......... .......... .......... .......... 41% 2.29M 4s
  5400K .......... .......... .......... .......... .......... 42% 2.31M 4s
  5450K .......... .......... .......... .......... .......... 42% 2.30M 4s
  5500K .......... .......... .......... .......... .......... 43% 2.37M 4s
  5550K .......... .......... .......... .......... .......... 43% 2.86M 4s
  5600K .......... .......... .......... .......... .......... 43% 2.41M 4s
  5650K .......... .......... .......... .......... .......... 44% 3.02M 4s
  5700K .......... .......... .......... .......... .......... 44% 1.81M 4s
  5750K .......... .......... .......... .......... .......... 45% 1.93M 4s
  5800K .......... .......... .......... .......... .......... 45% 2.43M 4s
  5850K .......... .......... .......... .......... .......... 45% 2.94M 4s
  5900K .......... .......... .......... .......... .......... 46% 1.46M 4s
  5950K .......... .......... .......... .......... .......... 46% 1.30M 4s
  6000K .......... .......... .......... .......... .......... 46% 2.51M 4s
  6050K .......... .......... .......... .......... .......... 47% 2.10M 4s
  6100K .......... .......... .......... .......... .......... 47% 1.43M 4s
  6150K .......... .......... .......... .......... .......... 48% 1.52M 4s
  6200K .......... .......... .......... .......... .......... 48% 1.26M 4s
  6250K .......... .......... .......... .......... .......... 48% 1.27M 4s
  6300K .......... .......... .......... .......... .......... 49% 1.20M 4s
  6350K .......... .......... .......... .......... .......... 49% 1.61M 3s
  6400K .......... .......... .......... .......... .......... 50% 1.98M 3s
  6450K .......... .......... .......... .......... .......... 50% 2.62M 3s
  6500K .......... .......... .......... .......... .......... 50% 1.89M 3s
  6550K .......... .......... .......... .......... .......... 51% 2.21M 3s
  6600K .......... .......... .......... .......... .......... 51% 2.19M 3s
  6650K .......... .......... .......... .......... .......... 52% 1010K 3s
  6700K .......... .......... .......... .......... .......... 52% 1.37M 3s
  6750K .......... .......... .......... .......... .......... 52% 1.32M 3s
  6800K .......... .......... .......... .......... .......... 53% 1.26M 3s
  6850K .......... .......... .......... .......... .......... 53% 1.48M 3s
  6900K .......... .......... .......... .......... .......... 53% 1.91M 3s
  6950K .......... .......... .......... .......... .......... 54% 1.43M 3s
  7000K .......... .......... .......... .......... .......... 54% 1.30M 3s
  7050K .......... .......... .......... .......... .......... 55% 1.32M 3s
  7100K .......... .......... .......... .......... .......... 55% 1.36M 3s
  7150K .......... .......... .......... .......... .......... 55% 1.29M 3s
  7200K .......... .......... .......... .......... .......... 56% 2.55M 3s
  7250K .......... .......... .......... .......... .......... 56% 4.23M 3s
  7300K .......... .......... .......... .......... .......... 57% 3.20M 3s
  7350K .......... .......... .......... .......... .......... 57% 2.01M 3s
  7400K .......... .......... .......... .......... .......... 57% 2.11M 3s
  7450K .......... .......... .......... .......... .......... 58% 2.21M 3s
  7500K .......... .......... .......... .......... .......... 58% 2.77M 3s
  7550K .......... .......... .......... .......... .......... 58% 2.92M 3s
  7600K .......... .......... .......... .......... .......... 59% 3.06M 3s
  7650K .......... .......... .......... .......... .......... 59% 1.75M 3s
  7700K .......... .......... .......... .......... .......... 60% 1.24M 3s
  7750K .......... .......... .......... .......... .......... 60% 1.14M 3s
  7800K .......... .......... .......... .......... .......... 60% 1.11M 3s
  7850K .......... .......... .......... .......... .......... 61% 1.28M 3s
  7900K .......... .......... .......... .......... .......... 61% 1.13M 3s
  7950K .......... .......... .......... .......... .......... 62% 1.44M 3s
  8000K .......... .......... .......... .......... .......... 62% 1.59M 3s
  8050K .......... .......... .......... .......... .......... 62% 1.56M 3s
  8100K .......... .......... .......... .......... .......... 63% 1.68M 3s
  8150K .......... .......... .......... .......... .......... 63% 1.63M 3s
  8200K .......... .......... .......... .......... .......... 64% 1.73M 3s
  8250K .......... .......... .......... .......... .......... 64% 1.28M 3s
  8300K .......... .......... .......... .......... .......... 64% 3.00M 2s
  8350K .......... .......... .......... .......... .......... 65% 3.23M 2s
  8400K .......... .......... .......... .......... .......... 65% 2.26M 2s
  8450K .......... .......... .......... .......... .......... 65% 1.80M 2s
  8500K .......... .......... .......... .......... .......... 66% 1.25M 2s
  8550K .......... .......... .......... .......... .......... 66% 1.54M 2s
  8600K .......... .......... .......... .......... .......... 67% 1.67M 2s
  8650K .......... .......... .......... .......... .......... 67% 1.40M 2s
  8700K .......... .......... .......... .......... .......... 67% 1.52M 2s
  8750K .......... .......... .......... .......... .......... 68% 1.27M 2s
  8800K .......... .......... .......... .......... .......... 68% 1.35M 2s
  8850K .......... .......... .......... .......... .......... 69% 1.82M 2s
  8900K .......... .......... .......... .......... .......... 69% 1.42M 2s
  8950K .......... .......... .......... .......... .......... 69% 1.26M 2s
  9000K .......... .......... .......... .......... .......... 70% 1.61M 2s
  9050K .......... .......... .......... .......... .......... 70% 1.73M 2s
  9100K .......... .......... .......... .......... .......... 71% 2.95M 2s
  9150K .......... .......... .......... .......... .......... 71% 2.77M 2s
  9200K .......... .......... .......... .......... .......... 71% 2.91M 2s
  9250K .......... .......... .......... .......... .......... 72% 3.19M 2s
  9300K .......... .......... .......... .......... .......... 72% 2.79M 2s
  9350K .......... .......... .......... .......... .......... 72% 2.91M 2s
  9400K .......... .......... .......... .......... .......... 73% 2.94M 2s
  9450K .......... .......... .......... .......... .......... 73% 1.99M 2s
  9500K .......... .......... .......... .......... .......... 74% 1.44M 2s
  9550K .......... .......... .......... .......... .......... 74% 1.35M 2s
  9600K .......... .......... .......... .......... .......... 74% 1.85M 2s
  9650K .......... .......... .......... .......... .......... 75% 1.99M 2s
  9700K .......... .......... .......... .......... .......... 75% 1.41M 2s
  9750K .......... .......... .......... .......... .......... 76% 1.10M 2s
  9800K .......... .......... .......... .......... .......... 76% 1.28M 2s
  9850K .......... .......... .......... .......... .......... 76% 1.28M 2s
  9900K .......... .......... .......... .......... .......... 77% 3.15M 2s
  9950K .......... .......... .......... .......... .......... 77% 3.22M 2s
 10000K .......... .......... .......... .......... .......... 78% 3.87M 2s
 10050K .......... .......... .......... .......... .......... 78% 4.38M 2s
 10100K .......... .......... .......... .......... .......... 78% 4.56M 1s
 10150K .......... .......... .......... .......... .......... 79% 3.38M 1s
 10200K .......... .......... .......... .......... .......... 79% 2.62M 1s
 10250K .......... .......... .......... .......... .......... 79% 1.85M 1s
 10300K .......... .......... .......... .......... .......... 80% 2.05M 1s
 10350K .......... .......... .......... .......... .......... 80% 2.00M 1s
 10400K .......... .......... .......... .......... .......... 81% 2.21M 1s
 10450K .......... .......... .......... .......... .......... 81% 2.12M 1s
 10500K .......... .......... .......... .......... .......... 81% 2.41M 1s
 10550K .......... .......... .......... .......... .......... 82% 1.77M 1s
 10600K .......... .......... .......... .......... .......... 82% 1.91M 1s
 10650K .......... .......... .......... .......... .......... 83% 1.69M 1s
 10700K .......... .......... .......... .......... .......... 83% 1.16M 1s
 10750K .......... .......... .......... .......... .......... 83% 1.75M 1s
 10800K .......... .......... .......... .......... .......... 84% 2.99M 1s
 10850K .......... .......... .......... .......... .......... 84% 2.72M 1s
 10900K .......... .......... .......... .......... .......... 84% 1.81M 1s
 10950K .......... .......... .......... .......... .......... 85% 1.89M 1s
 11000K .......... .......... .......... .......... .......... 85% 1.98M 1s
 11050K .......... .......... .......... .......... .......... 86% 2.52M 1s
 11100K .......... .......... .......... .......... .......... 86% 2.89M 1s
 11150K .......... .......... .......... .......... .......... 86% 1.93M 1s
 11200K .......... .......... .......... .......... .......... 87% 1.82M 1s
 11250K .......... .......... .......... .......... .......... 87% 1.56M 1s
 11300K .......... .......... .......... .......... .......... 88% 1.57M 1s
 11350K .......... .......... .......... .......... .......... 88% 1.43M 1s
 11400K .......... .......... .......... .......... .......... 88% 1.35M 1s
 11450K .......... .......... .......... .......... .......... 89% 2.59M 1s
 11500K .......... .......... .......... .......... .......... 89% 2.25M 1s
 11550K .......... .......... .......... .......... .......... 90% 2.00M 1s
 11600K .......... .......... .......... .......... .......... 90% 2.61M 1s
 11650K .......... .......... .......... .......... .......... 90% 2.39M 1s
 11700K .......... .......... .......... .......... .......... 91% 2.21M 1s
 11750K .......... .......... .......... .......... .......... 91% 1.58M 1s
 11800K .......... .......... .......... .......... .......... 91% 1.63M 1s
 11850K .......... .......... .......... .......... .......... 92% 1.91M 1s
 11900K .......... .......... .......... .......... .......... 92% 2.34M 1s
 11950K .......... .......... .......... .......... .......... 93% 2.04M 0s
 12000K .......... .......... .......... .......... .......... 93% 2.29M 0s
 12050K .......... .......... .......... .......... .......... 93% 1.81M 0s
 12100K .......... .......... .......... .......... .......... 94% 1.54M 0s
 12150K .......... .......... .......... .......... .......... 94% 1.57M 0s
 12200K .......... .......... .......... .......... .......... 95% 1.37M 0s
 12250K .......... .......... .......... .......... .......... 95% 1.18M 0s
 12300K .......... .......... .......... .......... .......... 95% 1.31M 0s
 12350K .......... .......... .......... .......... .......... 96% 1.39M 0s
 12400K .......... .......... .......... .......... .......... 96% 1.77M 0s
 12450K .......... .......... .......... .......... .......... 97% 2.97M 0s
 12500K .......... .......... .......... .......... .......... 97% 2.57M 0s
 12550K .......... .......... .......... .......... .......... 97% 1.73M 0s
 12600K .......... .......... .......... .......... .......... 98% 1.41M 0s
 12650K .......... .......... .......... .......... .......... 98% 1.30M 0s
 12700K .......... .......... .......... .......... .......... 98% 1.34M 0s
 12750K .......... .......... .......... .......... .......... 99% 1.11M 0s
 12800K .......... .......... .......... .......... .......... 99% 1.31M 0s
 12850K .......... .......... .......... ....                 100% 1.64M=7.0s

2016-05-25 04:05:09 (1.79 MB/s) - ‘index.html.6’ saved [13193358/13193358]

