--2016-05-25 03:23:33--  http://10.30.50.93:8000/
Connecting to 10.30.50.93:8000... connected.
HTTP request sent, awaiting response... 200 OK
Length: 13193358 (13M) [text/html]
Saving to: ‘index.html.14’

     0K .......... .......... .......... .......... ..........  0%  829K 15s
    50K .......... .......... .......... .......... ..........  0% 57.5K 1m59s
   100K .......... .......... .......... .......... ..........  1%  194K 1m41s
   150K .......... .......... .......... .......... ..........  1%  823K 79s
   200K .......... .......... .......... .......... ..........  1%  974K 66s
   250K .......... .......... .......... .......... ..........  2%  827K 57s
   300K .......... .......... .......... .......... ..........  2%  889K 51s
   350K .......... .......... .......... .......... ..........  3% 1.08M 46s
   400K .......... .......... .......... .......... ..........  3%  869K 42s
   450K .......... .......... .......... .......... ..........  3%  194K 44s
   500K .......... .......... .......... .......... ..........  4% 1.04M 41s
   550K .......... .......... .......... .......... ..........  4%  192K 43s
   600K .......... .......... .......... .......... ..........  5%  194K 44s
   650K .......... .......... .......... .......... ..........  5% 1.12M 42s
   700K .......... .......... .......... .......... ..........  5%  941K 39s
   750K .......... .......... .......... .......... ..........  6%  983K 38s
   800K .......... .......... .......... .......... ..........  6% 58.5K 47s
   850K .......... .......... .......... .......... ..........  6% 1.03M 45s
   900K .......... .......... .......... .......... ..........  7%  953K 43s
   950K .......... .......... .......... .......... ..........  7% 33.1K 59s
  1000K .......... .......... .......... .......... ..........  8%  761K 57s
  1050K .......... .......... .......... .......... ..........  8%  753K 55s
  1100K .......... .......... .......... .......... ..........  8%  818K 53s
  1150K .......... .......... .......... .......... ..........  9%  199K 53s
  1200K .......... .......... .......... .......... ..........  9%  177K 53s
  1250K .......... .......... .......... .......... .......... 10%  186K 53s
  1300K .......... .......... .......... .......... .......... 10%  731K 51s
  1350K .......... .......... .......... .......... .......... 10%  193K 52s
  1400K .......... .......... .......... .......... .......... 11%  193K 52s
  1450K .......... .......... .......... .......... .......... 11%  839K 50s
  1500K .......... .......... .......... .......... .......... 12%  780K 49s
  1550K .......... .......... .......... .......... .......... 12% 74.4K 52s
  1600K .......... .......... .......... .......... .......... 12% 46.5K 57s
  1650K .......... .......... .......... .......... .......... 13%  619K 56s
  1700K .......... .......... .......... .......... .......... 13%  852K 54s
  1750K .......... .......... .......... .......... .......... 13%  970K 53s
  1800K .......... .......... .......... .......... .......... 14%  630K 52s
  1850K .......... .......... .......... .......... .......... 14% 75.2K 54s
  1900K .......... .......... .......... .......... .......... 15%  195K 54s
  1950K .......... .......... .......... .......... .......... 15%  891K 53s
  2000K .......... .......... .......... .......... .......... 15%  871K 51s
  2050K .......... .......... .......... .......... .......... 16% 1.02M 50s
  2100K .......... .......... .......... .......... .......... 16%  107K 51s
  2150K .......... .......... .......... .......... .......... 17% 3.76M 50s
  2200K .......... .......... .......... .......... .......... 17%  192K 50s
  2250K .......... .......... .......... .......... .......... 17%  193K 50s
  2300K .......... .......... .......... .......... .......... 18% 1021K 48s
  2350K .......... .......... .......... .......... .......... 18%  185K 48s
  2400K .......... .......... .......... .......... .......... 19%  858K 47s
  2450K .......... .......... .......... .......... .......... 19%  185K 47s
  2500K .......... .......... .......... .......... .......... 19%  105K 48s
  2550K .......... .......... .......... .......... .......... 20%  107K 49s
  2600K .......... .......... .......... .......... .......... 20%  945K 48s
  2650K .......... .......... .......... .......... .......... 20%  744K 47s
  2700K .......... .......... .......... .......... .......... 21%  856K 46s
  2750K .......... .......... .......... .......... .......... 21%  881K 45s
  2800K .......... .......... .......... .......... .......... 22% 1.07M 44s
  2850K .......... .......... .......... .......... .......... 22%  200K 44s
  2900K .......... .......... .......... .......... .......... 22% 1.02M 44s
  2950K .......... .......... .......... .......... .......... 23%  866K 43s
  3000K .......... .......... .......... .......... .......... 23%  817K 42s
  3050K .......... .......... .......... .......... .......... 24%  986K 41s
  3100K .......... .......... .......... .......... .......... 24% 1.08M 41s
  3150K .......... .......... .......... .......... .......... 24% 1.01M 40s
  3200K .......... .......... .......... .......... .......... 25%  876K 39s
  3250K .......... .......... .......... .......... .......... 25% 1.01M 39s
  3300K .......... .......... .......... .......... .......... 26%  988K 38s
  3350K .......... .......... .......... .......... .......... 26% 1.08M 37s
  3400K .......... .......... .......... .......... .......... 26%  912K 37s
  3450K .......... .......... .......... .......... .......... 27%  895K 36s
  3500K .......... .......... .......... .......... .......... 27% 1.15M 36s
  3550K .......... .......... .......... .......... .......... 27%  924K 35s
  3600K .......... .......... .......... .......... .......... 28%  848K 35s
  3650K .......... .......... .......... .......... .......... 28%  961K 34s
  3700K .......... .......... .......... .......... .......... 29%  789K 34s
  3750K .......... .......... .......... .......... .......... 29%  787K 33s
  3800K .......... .......... .......... .......... .......... 29% 75.2K 34s
  3850K .......... .......... .......... .......... .......... 30% 74.4K 35s
  3900K .......... .......... .......... .......... .......... 30% 79.1K 36s
  3950K .......... .......... .......... .......... .......... 31%  200K 36s
  4000K .......... .......... .......... .......... .......... 31%  191K 36s
  4050K .......... .......... .......... .......... .......... 31%  951K 35s
  4100K .......... .......... .......... .......... .......... 32%  189K 35s
  4150K .......... .......... .......... .......... .......... 32% 1.16M 34s
  4200K .......... .......... .......... .......... .......... 32%  940K 34s
  4250K .......... .......... .......... .......... .......... 33%  978K 34s
  4300K .......... .......... .......... .......... .......... 33%  189K 33s
  4350K .......... .......... .......... .......... .......... 34%  992K 33s
  4400K .......... .......... .......... .......... .......... 34%  799K 33s
  4450K .......... .......... .......... .......... .......... 34%  787K 32s
  4500K .......... .......... .......... .......... .......... 35% 1.08M 32s
  4550K .......... .......... .......... .......... .......... 35%  188K 32s
  4600K .......... .......... .......... .......... .......... 36%  951K 31s
  4650K .......... .......... .......... .......... .......... 36%  774K 31s
  4700K .......... .......... .......... .......... .......... 36%  868K 30s
  4750K .......... .......... .......... .......... .......... 37%  918K 30s
  4800K .......... .......... .......... .......... .......... 37%  917K 30s
  4850K .......... .......... .......... .......... .......... 38%  188K 29s
  4900K .......... .......... .......... .......... .......... 38%  906K 29s
  4950K .......... .......... .......... .......... .......... 38%  947K 29s
  5000K .......... .......... .......... .......... .......... 39% 1.09M 28s
  5050K .......... .......... .......... .......... .......... 39%  721K 28s
  5100K .......... .......... .......... .......... .......... 39%  984K 28s
  5150K .......... .......... .......... .......... .......... 40%  115K 28s
  5200K .......... .......... .......... .......... .......... 40%  837K 27s
  5250K .......... .......... .......... .......... .......... 41%  967K 27s
  5300K .......... .......... .......... .......... .......... 41%  862K 27s
  5350K .......... .......... .......... .......... .......... 41%  864K 26s
  5400K .......... .......... .......... .......... .......... 42%  755K 26s
  5450K .......... .......... .......... .......... .......... 42%  187K 26s
  5500K .......... .......... .......... .......... .......... 43% 1.09M 26s
  5550K .......... .......... .......... .......... .......... 43%  190K 26s
  5600K .......... .......... .......... .......... .......... 43% 1.15M 25s
  5650K .......... .......... .......... .......... .......... 44%  879K 25s
  5700K .......... .......... .......... .......... .......... 44%  193K 25s
  5750K .......... .......... .......... .......... .......... 45%  955K 25s
  5800K .......... .......... .......... .......... .......... 45%  196K 24s
  5850K .......... .......... .......... .......... .......... 45%  753K 24s
  5900K .......... .......... .......... .......... .......... 46%  700K 24s
  5950K .......... .......... .......... .......... .......... 46%  885K 24s
  6000K .......... .......... .......... .......... .......... 46% 1.03M 23s
  6050K .......... .......... .......... .......... .......... 47%  182K 23s
  6100K .......... .......... .......... .......... .......... 47%  179K 23s
  6150K .......... .......... .......... .......... .......... 48% 1.09M 23s
  6200K .......... .......... .......... .......... .......... 48% 1.09M 23s
  6250K .......... .......... .......... .......... .......... 48%  849K 22s
  6300K .......... .......... .......... .......... .......... 49%  863K 22s
  6350K .......... .......... .......... .......... .......... 49%  880K 22s
  6400K .......... .......... .......... .......... .......... 50%  877K 21s
  6450K .......... .......... .......... .......... .......... 50%  192K 21s
  6500K .......... .......... .......... .......... .......... 50%  790K 21s
  6550K .......... .......... .......... .......... .......... 51%  829K 21s
  6600K .......... .......... .......... .......... .......... 51%  108K 21s
  6650K .......... .......... .......... .......... .......... 52%  937K 21s
  6700K .......... .......... .......... .......... .......... 52%  199K 21s
  6750K .......... .......... .......... .......... .......... 52%  780K 20s
  6800K .......... .......... .......... .......... .......... 53% 1.02M 20s
  6850K .......... .......... .......... .......... .......... 53% 1008K 20s
  6900K .......... .......... .......... .......... .......... 53% 1.03M 19s
  6950K .......... .......... .......... .......... .......... 54% 1.02M 19s
  7000K .......... .......... .......... .......... .......... 54%  919K 19s
  7050K .......... .......... .......... .......... .......... 55%  190K 19s
  7100K .......... .......... .......... .......... .......... 55%  191K 19s
  7150K .......... .......... .......... .......... .......... 55%  181K 19s
  7200K .......... .......... .......... .......... .......... 56%  849K 18s
  7250K .......... .......... .......... .......... .......... 56%  185K 18s
  7300K .......... .......... .......... .......... .......... 57%  782K 18s
  7350K .......... .......... .......... .......... .......... 57%  191K 18s
  7400K .......... .......... .......... .......... .......... 57%  855K 18s
  7450K .......... .......... .......... .......... .......... 58%  761K 18s
  7500K .......... .......... .......... .......... .......... 58% 1015K 17s
  7550K .......... .......... .......... .......... .......... 58% 1.01M 17s
  7600K .......... .......... .......... .......... .......... 59%  940K 17s
  7650K .......... .......... .......... .......... .......... 59% 76.4K 17s
  7700K .......... .......... .......... .......... .......... 60% 1.03M 17s
  7750K .......... .......... .......... .......... .......... 60%  713K 17s
  7800K .......... .......... .......... .......... .......... 60%  875K 16s
  7850K .......... .......... .......... .......... .......... 61%  852K 16s
  7900K .......... .......... .......... .......... .......... 61% 74.5K 16s
  7950K .......... .......... .......... .......... .......... 62%  185K 16s
  8000K .......... .......... .......... .......... .......... 62%  932K 16s
  8050K .......... .......... .......... .......... .......... 62%  192K 16s
  8100K .......... .......... .......... .......... .......... 63%  113K 16s
  8150K .......... .......... .......... .......... .......... 63%  743K 16s
  8200K .......... .......... .......... .......... .......... 64%  190K 15s
  8250K .......... .......... .......... .......... .......... 64%  823K 15s
  8300K .......... .......... .......... .......... .......... 64%  200K 15s
  8350K .......... .......... .......... .......... .......... 65%  193K 15s
  8400K .......... .......... .......... .......... .......... 65% 1.05M 15s
  8450K .......... .......... .......... .......... .......... 65% 1.01M 15s
  8500K .......... .......... .......... .......... .......... 66% 1020K 14s
  8550K .......... .......... .......... .......... .......... 66% 1.17M 14s
  8600K .......... .......... .......... .......... .......... 67% 1.01M 14s
  8650K .......... .......... .......... .......... .......... 67%  196K 14s
  8700K .......... .......... .......... .......... .......... 67%  917K 14s
  8750K .......... .......... .......... .......... .......... 68%  695K 13s
  8800K .......... .......... .......... .......... .......... 68%  700K 13s
  8850K .......... .......... .......... .......... .......... 69%  189K 13s
  8900K .......... .......... .......... .......... .......... 69% 1015K 13s
  8950K .......... .......... .......... .......... .......... 69%  955K 13s
  9000K .......... .......... .......... .......... .......... 70%  788K 12s
  9050K .......... .......... .......... .......... .......... 70%  603K 12s
  9100K .......... .......... .......... .......... .......... 71%  754K 12s
  9150K .......... .......... .......... .......... .......... 71%  793K 12s
  9200K .......... .......... .......... .......... .......... 71% 56.5K 12s
  9250K .......... .......... .......... .......... .......... 72%  109K 12s
  9300K .......... .......... .......... .......... .......... 72% 1.45M 12s
  9350K .......... .......... .......... .......... .......... 72%  939K 11s
  9400K .......... .......... .......... .......... .......... 73%  838K 11s
  9450K .......... .......... .......... .......... .......... 73%  963K 11s
  9500K .......... .......... .......... .......... .......... 74%  841K 11s
  9550K .......... .......... .......... .......... .......... 74%  749K 11s
  9600K .......... .......... .......... .......... .......... 74% 77.0K 11s
  9650K .......... .......... .......... .......... .......... 75% 1.02M 10s
  9700K .......... .......... .......... .......... .......... 75% 1.14M 10s
  9750K .......... .......... .......... .......... .......... 76%  185K 10s
  9800K .......... .......... .......... .......... .......... 76%  674K 10s
  9850K .......... .......... .......... .......... .......... 76% 1.14M 10s
  9900K .......... .......... .......... .......... .......... 77%  921K 10s
  9950K .......... .......... .......... .......... .......... 77% 1.17M 9s
 10000K .......... .......... .......... .......... .......... 78%  189K 9s
 10050K .......... .......... .......... .......... .......... 78% 1.01M 9s
 10100K .......... .......... .......... .......... .......... 78% 26.7K 9s
 10150K .......... .......... .......... .......... .......... 79% 1.11M 9s
 10200K .......... .......... .......... .......... .......... 79%  890K 9s
 10250K .......... .......... .......... .......... .......... 79%  901K 9s
 10300K .......... .......... .......... .......... .......... 80%  770K 9s
 10350K .......... .......... .......... .......... .......... 80%  796K 8s
 10400K .......... .......... .......... .......... .......... 81%  831K 8s
 10450K .......... .......... .......... .......... .......... 81% 1.05M 8s
 10500K .......... .......... .......... .......... .......... 81%  679K 8s
 10550K .......... .......... .......... .......... .......... 82%  983K 8s
 10600K .......... .......... .......... .......... .......... 82%  828K 7s
 10650K .......... .......... .......... .......... .......... 83%  113K 7s
 10700K .......... .......... .......... .......... .......... 83%  725K 7s
 10750K .......... .......... .......... .......... .......... 83%  636K 7s
 10800K .......... .......... .......... .......... .......... 84%  756K 7s
 10850K .......... .......... .......... .......... .......... 84%  935K 7s
 10900K .......... .......... .......... .......... .......... 84%  917K 6s
 10950K .......... .......... .......... .......... .......... 85%  787K 6s
 11000K .......... .......... .......... .......... .......... 85%  906K 6s
 11050K .......... .......... .......... .......... .......... 86%  935K 6s
 11100K .......... .......... .......... .......... .......... 86%  703K 6s
 11150K .......... .......... .......... .......... .......... 86% 33.4K 6s
 11200K .......... .......... .......... .......... .......... 87%  949K 5s
 11250K .......... .......... .......... .......... .......... 87%  183K 5s
 11300K .......... .......... .......... .......... .......... 88%  187K 5s
 11350K .......... .......... .......... .......... .......... 88%  938K 5s
 11400K .......... .......... .......... .......... .......... 88%  189K 5s
 11450K .......... .......... .......... .......... .......... 89%  884K 5s
 11500K .......... .......... .......... .......... .......... 89%  793K 4s
 11550K .......... .......... .......... .......... .......... 90% 1021K 4s
 11600K .......... .......... .......... .......... .......... 90%  895K 4s
 11650K .......... .......... .......... .......... .......... 90%  181K 4s
 11700K .......... .......... .......... .......... .......... 91% 1.09M 4s
 11750K .......... .......... .......... .......... .......... 91%  838K 4s
 11800K .......... .......... .......... .......... .......... 91%  817K 3s
 11850K .......... .......... .......... .......... .......... 92%  710K 3s
 11900K .......... .......... .......... .......... .......... 92% 74.0K 3s
 11950K .......... .......... .......... .......... .......... 93%  914K 3s
 12000K .......... .......... .......... .......... .......... 93%  191K 3s
 12050K .......... .......... .......... .......... .......... 93% 40.4K 3s
 12100K .......... .......... .......... .......... .......... 94%  190K 3s
 12150K .......... .......... .......... .......... .......... 94%  183K 2s
 12200K .......... .......... .......... .......... .......... 95%  179K 2s
 12250K .......... .......... .......... .......... .......... 95%  108K 2s
 12300K .......... .......... .......... .......... .......... 95%  210K 2s
 12350K .......... .......... .......... .......... .......... 96%  819K 2s
 12400K .......... .......... .......... .......... .......... 96%  956K 2s
 12450K .......... .......... .......... .......... .......... 97%  711K 1s
 12500K .......... .......... .......... .......... .......... 97%  894K 1s
 12550K .......... .......... .......... .......... .......... 97%  967K 1s
 12600K .......... .......... .......... .......... .......... 98% 1.09M 1s
 12650K .......... .......... .......... .......... .......... 98%  192K 1s
 12700K .......... .......... .......... .......... .......... 98%  762K 0s
 12750K .......... .......... .......... .......... .......... 99%  179K 0s
 12800K .......... .......... .......... .......... .......... 99%  987K 0s
 12850K .......... .......... .......... ....                 100%  144K=44s

2016-05-25 03:24:17 (291 KB/s) - ‘index.html.14’ saved [13193358/13193358]

