--2016-05-25 03:54:24--  http://10.30.50.93:8000/
Connecting to 10.30.50.93:8000... connected.
HTTP request sent, awaiting response... 200 OK
Length: 13193358 (13M) [text/html]
Saving to: ‘index.html.14’

     0K .......... .......... .......... .......... ..........  0% 3.67M 3s
    50K .......... .......... .......... .......... ..........  0%  209K 32s
   100K .......... .......... .......... .......... ..........  1%  109K 60s
   150K .......... .......... .......... .......... ..........  1%  885K 49s
   200K .......... .......... .......... .......... ..........  1% 1.15M 41s
   250K .......... .......... .......... .......... ..........  2% 1.03M 36s
   300K .......... .......... .......... .......... ..........  2%  212K 39s
   350K .......... .......... .......... .......... ..........  3% 1.42M 35s
   400K .......... .......... .......... .......... ..........  3% 1.34M 32s
   450K .......... .......... .......... .......... ..........  3%  691K 31s
   500K .......... .......... .......... .......... ..........  4% 1.21M 29s
   550K .......... .......... .......... .......... ..........  4%  196K 31s
   600K .......... .......... .......... .......... ..........  5%  112K 37s
   650K .......... .......... .......... .......... ..........  5% 4.12M 35s
   700K .......... .......... .......... .......... ..........  5%  207K 36s
   750K .......... .......... .......... .......... ..........  6% 1.66M 34s
   800K .......... .......... .......... .......... ..........  6%  212K 35s
   850K .......... .......... .......... .......... ..........  6% 1.38M 34s
   900K .......... .......... .......... .......... ..........  7%  197K 35s
   950K .......... .......... .......... .......... ..........  7%  196K 36s
  1000K .......... .......... .......... .......... ..........  8%  192K 37s
  1050K .......... .......... .......... .......... ..........  8% 75.8K 42s
  1100K .......... .......... .......... .......... ..........  8% 39.7K 53s
  1150K .......... .......... .......... .......... ..........  9% 19.6M 51s
  1200K .......... .......... .......... .......... ..........  9% 1.25M 49s
  1250K .......... .......... .......... .......... .......... 10%  205K 49s
  1300K .......... .......... .......... .......... .......... 10% 1.00M 47s
  1350K .......... .......... .......... .......... .......... 10% 1.02M 46s
  1400K .......... .......... .......... .......... .......... 11% 1.20M 45s
  1450K .......... .......... .......... .......... .......... 11%  112K 46s
  1500K .......... .......... .......... .......... .......... 12%  113K 48s
  1550K .......... .......... .......... .......... .......... 12% 1.05M 46s
  1600K .......... .......... .......... .......... .......... 12%  179K 47s
  1650K .......... .......... .......... .......... .......... 13%  116K 48s
  1700K .......... .......... .......... .......... .......... 13% 2.54M 47s
  1750K .......... .......... .......... .......... .......... 13%  180K 47s
  1800K .......... .......... .......... .......... .......... 14% 1013K 46s
  1850K .......... .......... .......... .......... .......... 14% 1.05M 44s
  1900K .......... .......... .......... .......... .......... 15% 1.24M 43s
  1950K .......... .......... .......... .......... .......... 15% 1.21M 42s
  2000K .......... .......... .......... .......... .......... 15% 1014K 41s
  2050K .......... .......... .......... .......... .......... 16%  116K 42s
  2100K .......... .......... .......... .......... .......... 16%  197K 42s
  2150K .......... .......... .......... .......... .......... 17% 1.54M 41s
  2200K .......... .......... .......... .......... .......... 17% 1.44M 40s
  2250K .......... .......... .......... .......... .......... 17%  213K 40s
  2300K .......... .......... .......... .......... .......... 18%  926K 40s
  2350K .......... .......... .......... .......... .......... 18%  204K 40s
  2400K .......... .......... .......... .......... .......... 19%  112K 41s
  2450K .......... .......... .......... .......... .......... 19%  968K 40s
  2500K .......... .......... .......... .......... .......... 19% 1.11M 39s
  2550K .......... .......... .......... .......... .......... 20%  990K 38s
  2600K .......... .......... .......... .......... .......... 20% 1.34M 38s
  2650K .......... .......... .......... .......... .......... 20% 1.21M 37s
  2700K .......... .......... .......... .......... .......... 21% 1008K 36s
  2750K .......... .......... .......... .......... .......... 21%  887K 36s
  2800K .......... .......... .......... .......... .......... 22%  203K 36s
  2850K .......... .......... .......... .......... .......... 22%  211K 36s
  2900K .......... .......... .......... .......... .......... 22% 75.3K 37s
  2950K .......... .......... .......... .......... .......... 23% 1.15M 36s
  3000K .......... .......... .......... .......... .......... 23%  210K 36s
  3050K .......... .......... .......... .......... .......... 24% 1.24M 36s
  3100K .......... .......... .......... .......... .......... 24%  106K 37s
  3150K .......... .......... .......... .......... .......... 24%  977K 36s
  3200K .......... .......... .......... .......... .......... 25% 1.12M 35s
  3250K .......... .......... .......... .......... .......... 25%  196K 35s
  3300K .......... .......... .......... .......... .......... 26% 1.09M 35s
  3350K .......... .......... .......... .......... .......... 26% 1.09M 34s
  3400K .......... .......... .......... .......... .......... 26% 76.3K 35s
  3450K .......... .......... .......... .......... .......... 27%  201K 35s
  3500K .......... .......... .......... .......... .......... 27% 57.8K 37s
  3550K .......... .......... .......... .......... .......... 27% 1.19M 36s
  3600K .......... .......... .......... .......... .......... 28%  958K 36s
  3650K .......... .......... .......... .......... .......... 28% 1.09M 35s
  3700K .......... .......... .......... .......... .......... 29% 1.19M 35s
  3750K .......... .......... .......... .......... .......... 29%  190K 35s
  3800K .......... .......... .......... .......... .......... 29% 1.34M 34s
  3850K .......... .......... .......... .......... .......... 30% 1.24M 33s
  3900K .......... .......... .......... .......... .......... 30%  111K 34s
  3950K .......... .......... .......... .......... .......... 31% 1.13M 33s
  4000K .......... .......... .......... .......... .......... 31% 1.17M 33s
  4050K .......... .......... .......... .......... .......... 31%  192K 33s
  4100K .......... .......... .......... .......... .......... 32% 1.04M 32s
  4150K .......... .......... .......... .......... .......... 32%  819K 32s
  4200K .......... .......... .......... .......... .......... 32% 1.06M 31s
  4250K .......... .......... .......... .......... .......... 33% 1.00M 31s
  4300K .......... .......... .......... .......... .......... 33% 1.08M 31s
  4350K .......... .......... .......... .......... .......... 34% 1.04M 30s
  4400K .......... .......... .......... .......... .......... 34%  198K 30s
  4450K .......... .......... .......... .......... .......... 34% 1.05M 30s
  4500K .......... .......... .......... .......... .......... 35%  208K 30s
  4550K .......... .......... .......... .......... .......... 35%  851K 29s
  4600K .......... .......... .......... .......... .......... 36% 1.28M 29s
  4650K .......... .......... .......... .......... .......... 36% 1.20M 28s
  4700K .......... .......... .......... .......... .......... 36% 1.11M 28s
  4750K .......... .......... .......... .......... .......... 37%  203K 28s
  4800K .......... .......... .......... .......... .......... 37%  201K 28s
  4850K .......... .......... .......... .......... .......... 38%  204K 28s
  4900K .......... .......... .......... .......... .......... 38% 1.02M 27s
  4950K .......... .......... .......... .......... .......... 38% 47.6K 29s
  5000K .......... .......... .......... .......... .......... 39% 1.45M 28s
  5050K .......... .......... .......... .......... .......... 39%  847K 28s
  5100K .......... .......... .......... .......... .......... 39% 1.21M 28s
  5150K .......... .......... .......... .......... .......... 40%  202K 27s
  5200K .......... .......... .......... .......... .......... 40% 75.6K 28s
  5250K .......... .......... .......... .......... .......... 41%  201K 28s
  5300K .......... .......... .......... .......... .......... 41% 1.01M 28s
  5350K .......... .......... .......... .......... .......... 41%  196K 27s
  5400K .......... .......... .......... .......... .......... 42%  874K 27s
  5450K .......... .......... .......... .......... .......... 42% 1.44M 27s
  5500K .......... .......... .......... .......... .......... 43% 75.9K 27s
  5550K .......... .......... .......... .......... .......... 43%  184K 27s
  5600K .......... .......... .......... .......... .......... 43% 1.45M 27s
  5650K .......... .......... .......... .......... .......... 44% 1.20M 26s
  5700K .......... .......... .......... .......... .......... 44%  188K 26s
  5750K .......... .......... .......... .......... .......... 45%  198K 26s
  5800K .......... .......... .......... .......... .......... 45%  210K 26s
  5850K .......... .......... .......... .......... .......... 45% 1.50M 26s
  5900K .......... .......... .......... .......... .......... 46% 1.32M 25s
  5950K .......... .......... .......... .......... .......... 46% 1.49M 25s
  6000K .......... .......... .......... .......... .......... 46% 1.65M 25s
  6050K .......... .......... .......... .......... .......... 47% 1.27M 24s
  6100K .......... .......... .......... .......... .......... 47%  202K 24s
  6150K .......... .......... .......... .......... .......... 48% 1.10M 24s
  6200K .......... .......... .......... .......... .......... 48%  209K 24s
  6250K .......... .......... .......... .......... .......... 48%  202K 24s
  6300K .......... .......... .......... .......... .......... 49%  197K 24s
  6350K .......... .......... .......... .......... .......... 49%  189K 23s
  6400K .......... .......... .......... .......... .......... 50%  205K 23s
  6450K .......... .......... .......... .......... .......... 50% 1.54M 23s
  6500K .......... .......... .......... .......... .......... 50% 1.27M 23s
  6550K .......... .......... .......... .......... .......... 51%  209K 23s
  6600K .......... .......... .......... .......... .......... 51%  976K 22s
  6650K .......... .......... .......... .......... .......... 52%  201K 22s
  6700K .......... .......... .......... .......... .......... 52% 1.04M 22s
  6750K .......... .......... .......... .......... .......... 52%  988K 22s
  6800K .......... .......... .......... .......... .......... 53%  938K 21s
  6850K .......... .......... .......... .......... .......... 53% 1.12M 21s
  6900K .......... .......... .......... .......... .......... 53% 1.24M 21s
  6950K .......... .......... .......... .......... .......... 54% 1.54M 20s
  7000K .......... .......... .......... .......... .......... 54% 1.07M 20s
  7050K .......... .......... .......... .......... .......... 55%  195K 20s
  7100K .......... .......... .......... .......... .......... 55% 1.07M 20s
  7150K .......... .......... .......... .......... .......... 55%  881K 19s
  7200K .......... .......... .......... .......... .......... 56% 1.26M 19s
  7250K .......... .......... .......... .......... .......... 56%  207K 19s
  7300K .......... .......... .......... .......... .......... 57% 1.12M 19s
  7350K .......... .......... .......... .......... .......... 57% 57.8K 19s
  7400K .......... .......... .......... .......... .......... 57% 1.01M 19s
  7450K .......... .......... .......... .......... .......... 58%  936K 19s
  7500K .......... .......... .......... .......... .......... 58% 1.27M 18s
  7550K .......... .......... .......... .......... .......... 58%  971K 18s
  7600K .......... .......... .......... .......... .......... 59%  118K 18s
  7650K .......... .......... .......... .......... .......... 59% 1.47M 18s
  7700K .......... .......... .......... .......... .......... 60% 1.36M 18s
  7750K .......... .......... .......... .......... .......... 60% 1.29M 17s
  7800K .......... .......... .......... .......... .......... 60%  929K 17s
  7850K .......... .......... .......... .......... .......... 61%  203K 17s
  7900K .......... .......... .......... .......... .......... 61%  186K 17s
  7950K .......... .......... .......... .......... .......... 62%  986K 17s
  8000K .......... .......... .......... .......... .......... 62% 1.18M 16s
  8050K .......... .......... .......... .......... .......... 62% 58.1K 17s
  8100K .......... .......... .......... .......... .......... 63% 2.15M 16s
  8150K .......... .......... .......... .......... .......... 63% 1.19M 16s
  8200K .......... .......... .......... .......... .......... 64%  204K 16s
  8250K .......... .......... .......... .......... .......... 64% 1.68M 16s
  8300K .......... .......... .......... .......... .......... 64% 1.25M 15s
  8350K .......... .......... .......... .......... .......... 65%  197K 15s
  8400K .......... .......... .......... .......... .......... 65%  725K 15s
  8450K .......... .......... .......... .......... .......... 65%  203K 15s
  8500K .......... .......... .......... .......... .......... 66% 1.21M 15s
  8550K .......... .......... .......... .......... .......... 66% 1.15M 14s
  8600K .......... .......... .......... .......... .......... 67% 1.25M 14s
  8650K .......... .......... .......... .......... .......... 67% 1.16M 14s
  8700K .......... .......... .......... .......... .......... 67% 1.12M 14s
  8750K .......... .......... .......... .......... .......... 68%  899K 14s
  8800K .......... .......... .......... .......... .......... 68%  922K 13s
  8850K .......... .......... .......... .......... .......... 69% 1.21M 13s
  8900K .......... .......... .......... .......... .......... 69% 1.12M 13s
  8950K .......... .......... .......... .......... .......... 69% 1.97M 13s
  9000K .......... .......... .......... .......... .......... 70% 1.79M 12s
  9050K .......... .......... .......... .......... .......... 70%  208K 12s
  9100K .......... .......... .......... .......... .......... 71%  853K 12s
  9150K .......... .......... .......... .......... .......... 71%  207K 12s
  9200K .......... .......... .......... .......... .......... 71% 1.41M 12s
  9250K .......... .......... .......... .......... .......... 72% 1.75M 12s
  9300K .......... .......... .......... .......... .......... 72% 1.13M 11s
  9350K .......... .......... .......... .......... .......... 72% 76.0K 11s
  9400K .......... .......... .......... .......... .......... 73% 1.03M 11s
  9450K .......... .......... .......... .......... .......... 73% 1.31M 11s
  9500K .......... .......... .......... .......... .......... 74% 1.25M 11s
  9550K .......... .......... .......... .......... .......... 74% 1.12M 11s
  9600K .......... .......... .......... .......... .......... 74% 1.21M 10s
  9650K .......... .......... .......... .......... .......... 75% 1.07M 10s
  9700K .......... .......... .......... .......... .......... 75% 1.22M 10s
  9750K .......... .......... .......... .......... .......... 76% 1.08M 10s
  9800K .......... .......... .......... .......... .......... 76% 76.9K 10s
  9850K .......... .......... .......... .......... .......... 76% 78.4K 10s
  9900K .......... .......... .......... .......... .......... 77% 39.7K 10s
  9950K .......... .......... .......... .......... .......... 77% 15.0M 10s
 10000K .......... .......... .......... .......... .......... 78%  708K 10s
 10050K .......... .......... .......... .......... .......... 78% 1.15M 9s
 10100K .......... .......... .......... .......... .......... 78% 1.08M 9s
 10150K .......... .......... .......... .......... .......... 79% 1.16M 9s
 10200K .......... .......... .......... .......... .......... 79%  198K 9s
 10250K .......... .......... .......... .......... .......... 79%  196K 9s
 10300K .......... .......... .......... .......... .......... 80% 1.13M 8s
 10350K .......... .......... .......... .......... .......... 80%  198K 8s
 10400K .......... .......... .......... .......... .......... 81% 1.31M 8s
 10450K .......... .......... .......... .......... .......... 81% 1.28M 8s
 10500K .......... .......... .......... .......... .......... 81% 1.21M 8s
 10550K .......... .......... .......... .......... .......... 82% 1.12M 8s
 10600K .......... .......... .......... .......... .......... 82%  111K 7s
 10650K .......... .......... .......... .......... .......... 83%  958K 7s
 10700K .......... .......... .......... .......... .......... 83% 1.23M 7s
 10750K .......... .......... .......... .......... .......... 83% 1.19M 7s
 10800K .......... .......... .......... .......... .......... 84%  199K 7s
 10850K .......... .......... .......... .......... .......... 84% 1.09M 6s
 10900K .......... .......... .......... .......... .......... 84%  194K 6s
 10950K .......... .......... .......... .......... .......... 85%  120K 6s
 11000K .......... .......... .......... .......... .......... 85% 1.40M 6s
 11050K .......... .......... .......... .......... .......... 86% 60.5K 6s
 11100K .......... .......... .......... .......... .......... 86% 2.50M 6s
 11150K .......... .......... .......... .......... .......... 86%  208K 6s
 11200K .......... .......... .......... .......... .......... 87% 58.0K 6s
 11250K .......... .......... .......... .......... .......... 87% 77.0K 5s
 11300K .......... .......... .......... .......... .......... 88% 1.24M 5s
 11350K .......... .......... .......... .......... .......... 88% 1.45M 5s
 11400K .......... .......... .......... .......... .......... 88% 1.15M 5s
 11450K .......... .......... .......... .......... .......... 89%  914K 5s
 11500K .......... .......... .......... .......... .......... 89% 1.12M 5s
 11550K .......... .......... .......... .......... .......... 90% 1.01M 4s
 11600K .......... .......... .......... .......... .......... 90% 95.2K 4s
 11650K .......... .......... .......... .......... .......... 90% 1.50M 4s
 11700K .......... .......... .......... .......... .......... 91%  215K 4s
 11750K .......... .......... .......... .......... .......... 91%  203K 4s
 11800K .......... .......... .......... .......... .......... 91%  204K 4s
 11850K .......... .......... .......... .......... .......... 92% 1.08M 3s
 11900K .......... .......... .......... .......... .......... 92%  885K 3s
 11950K .......... .......... .......... .......... .......... 93%  210K 3s
 12000K .......... .......... .......... .......... .......... 93%  206K 3s
 12050K .......... .......... .......... .......... .......... 93%  915K 3s
 12100K .......... .......... .......... .......... .......... 94% 1.35M 2s
 12150K .......... .......... .......... .......... .......... 94%  111K 2s
 12200K .......... .......... .......... .......... .......... 95% 1.16M 2s
 12250K .......... .......... .......... .......... .......... 95% 1.34M 2s
 12300K .......... .......... .......... .......... .......... 95%  208K 2s
 12350K .......... .......... .......... .......... .......... 96% 1.05M 2s
 12400K .......... .......... .......... .......... .......... 96% 1.21M 1s
 12450K .......... .......... .......... .......... .......... 97%  976K 1s
 12500K .......... .......... .......... .......... .......... 97%  199K 1s
 12550K .......... .......... .......... .......... .......... 97% 1.35M 1s
 12600K .......... .......... .......... .......... .......... 98%  191K 1s
 12650K .......... .......... .......... .......... .......... 98% 60.8K 1s
 12700K .......... .......... .......... .......... .......... 98% 1.24M 0s
 12750K .......... .......... .......... .......... .......... 99%  206K 0s
 12800K .......... .......... .......... .......... .......... 99%  108K 0s
 12850K .......... .......... .......... ....                 100% 2.35M=44s

2016-05-25 03:55:08 (291 KB/s) - ‘index.html.14’ saved [13193358/13193358]

