--2016-05-25 02:56:15--  http://10.30.50.93:8000/
Connecting to 10.30.50.93:8000... connected.
HTTP request sent, awaiting response... 200 OK
Length: 13193358 (13M) [text/html]
Saving to: ‘index.html.7’

     0K .......... .......... .......... .......... ..........  0%  569K 23s
    50K .......... .......... .......... .......... ..........  0%  584K 22s
   100K .......... .......... .......... .......... ..........  1%  580K 22s
   150K .......... .......... .......... .......... ..........  1%  596K 22s
   200K .......... .......... .......... .......... ..........  1%  573K 22s
   250K .......... .......... .......... .......... ..........  2%  463K 23s
   300K .......... .......... .......... .......... ..........  2%  672K 22s
   350K .......... .......... .......... .......... ..........  3%  598K 22s
   400K .......... .......... .......... .......... ..........  3%  547K 22s
   450K .......... .......... .......... .......... ..........  3%  479K 22s
   500K .......... .......... .......... .......... ..........  4%  173K 27s
   550K .......... .......... .......... .......... ..........  4%  560K 26s
   600K .......... .......... .......... .......... ..........  5%  582K 26s
   650K .......... .......... .......... .......... ..........  5%  561K 25s
   700K .......... .......... .......... .......... ..........  5%  552K 25s
   750K .......... .......... .......... .......... ..........  6%  589K 24s
   800K .......... .......... .......... .......... ..........  6%  576K 24s
   850K .......... .......... .......... .......... ..........  6%  479K 24s
   900K .......... .......... .......... .......... ..........  7%  712K 24s
   950K .......... .......... .......... .......... ..........  7%  583K 23s
  1000K .......... .......... .......... .......... ..........  8%  562K 23s
  1050K .......... .......... .......... .......... ..........  8%  530K 23s
  1100K .......... .......... .......... .......... ..........  8%  551K 23s
  1150K .......... .......... .......... .......... ..........  9%  545K 23s
  1200K .......... .......... .......... .......... ..........  9%  584K 23s
  1250K .......... .......... .......... .......... .......... 10%  541K 22s
  1300K .......... .......... .......... .......... .......... 10%  552K 22s
  1350K .......... .......... .......... .......... .......... 10%  579K 22s
  1400K .......... .......... .......... .......... .......... 11%  562K 22s
  1450K .......... .......... .......... .......... .......... 11%  473K 22s
  1500K .......... .......... .......... .......... .......... 12%  565K 22s
  1550K .......... .......... .......... .......... .......... 12%  576K 22s
  1600K .......... .......... .......... .......... .......... 12%  548K 21s
  1650K .......... .......... .......... .......... .......... 13%  564K 21s
  1700K .......... .......... .......... .......... .......... 13%  584K 21s
  1750K .......... .......... .......... .......... .......... 13%  161K 22s
  1800K .......... .......... .......... .......... .......... 14%  564K 22s
  1850K .......... .......... .......... .......... .......... 14%  462K 22s
  1900K .......... .......... .......... .......... .......... 15%  547K 22s
  1950K .......... .......... .......... .......... .......... 15%  597K 22s
  2000K .......... .......... .......... .......... .......... 15%  513K 22s
  2050K .......... .......... .......... .......... .......... 16%  593K 22s
  2100K .......... .......... .......... .......... .......... 16%  552K 21s
  2150K .......... .......... .......... .......... .......... 17%  574K 21s
  2200K .......... .......... .......... .......... .......... 17%  546K 21s
  2250K .......... .......... .......... .......... .......... 17%  585K 21s
  2300K .......... .......... .......... .......... .......... 18%  545K 21s
  2350K .......... .......... .......... .......... .......... 18%  544K 21s
  2400K .......... .......... .......... .......... .......... 19%  160K 21s
  2450K .......... .......... .......... .......... .......... 19%  581K 21s
  2500K .......... .......... .......... .......... .......... 19%  573K 21s
  2550K .......... .......... .......... .......... .......... 20%  510K 21s
  2600K .......... .......... .......... .......... .......... 20%  600K 21s
  2650K .......... .......... .......... .......... .......... 20%  508K 21s
  2700K .......... .......... .......... .......... .......... 21%  558K 21s
  2750K .......... .......... .......... .......... .......... 21%  579K 20s
  2800K .......... .......... .......... .......... .......... 22%  567K 20s
  2850K .......... .......... .......... .......... .......... 22%  595K 20s
  2900K .......... .......... .......... .......... .......... 22%  566K 20s
  2950K .......... .......... .......... .......... .......... 23%  570K 20s
  3000K .......... .......... .......... .......... .......... 23%  568K 20s
  3050K .......... .......... .......... .......... .......... 24%  577K 20s
  3100K .......... .......... .......... .......... .......... 24%  535K 19s
  3150K .......... .......... .......... .......... .......... 24%  521K 19s
  3200K .......... .......... .......... .......... .......... 25%  573K 19s
  3250K .......... .......... .......... .......... .......... 25%  584K 19s
  3300K .......... .......... .......... .......... .......... 26%  450K 19s
  3350K .......... .......... .......... .......... .......... 26%  697K 19s
  3400K .......... .......... .......... .......... .......... 26%  552K 19s
  3450K .......... .......... .......... .......... .......... 27%  545K 19s
  3500K .......... .......... .......... .......... .......... 27%  584K 18s
  3550K .......... .......... .......... .......... .......... 27%  577K 18s
  3600K .......... .......... .......... .......... .......... 28%  476K 18s
  3650K .......... .......... .......... .......... .......... 28%  693K 18s
  3700K .......... .......... .......... .......... .......... 29%  564K 18s
  3750K .......... .......... .......... .......... .......... 29%  573K 18s
  3800K .......... .......... .......... .......... .......... 29%  566K 18s
  3850K .......... .......... .......... .......... .......... 30%  565K 18s
  3900K .......... .......... .......... .......... .......... 30%  592K 17s
  3950K .......... .......... .......... .......... .......... 31%  520K 17s
  4000K .......... .......... .......... .......... .......... 31%  595K 17s
  4050K .......... .......... .......... .......... .......... 31%  562K 17s
  4100K .......... .......... .......... .......... .......... 32%  499K 17s
  4150K .......... .......... .......... .......... .......... 32%  671K 17s
  4200K .......... .......... .......... .......... .......... 32%  575K 17s
  4250K .......... .......... .......... .......... .......... 33%  550K 17s
  4300K .......... .......... .......... .......... .......... 33%  523K 17s
  4350K .......... .......... .......... .......... .......... 34%  577K 16s
  4400K .......... .......... .......... .......... .......... 34%  562K 16s
  4450K .......... .......... .......... .......... .......... 34%  533K 16s
  4500K .......... .......... .......... .......... .......... 35%  427K 16s
  4550K .......... .......... .......... .......... .......... 35%  444K 16s
  4600K .......... .......... .......... .......... .......... 36%  163K 16s
  4650K .......... .......... .......... .......... .......... 36%  638K 16s
  4700K .......... .......... .......... .......... .......... 36%  541K 16s
  4750K .......... .......... .......... .......... .......... 37%  476K 16s
  4800K .......... .......... .......... .......... .......... 37%  593K 16s
  4850K .......... .......... .......... .......... .......... 38%  506K 16s
  4900K .......... .......... .......... .......... .......... 38%  567K 16s
  4950K .......... .......... .......... .......... .......... 38%  561K 16s
  5000K .......... .......... .......... .......... .......... 39%  578K 15s
  5050K .......... .......... .......... .......... .......... 39%  600K 15s
  5100K .......... .......... .......... .......... .......... 39%  483K 15s
  5150K .......... .......... .......... .......... .......... 40%  548K 15s
  5200K .......... .......... .......... .......... .......... 40%  553K 15s
  5250K .......... .......... .......... .......... .......... 41%  562K 15s
  5300K .......... .......... .......... .......... .......... 41%  577K 15s
  5350K .......... .......... .......... .......... .......... 41%  594K 15s
  5400K .......... .......... .......... .......... .......... 42%  534K 15s
  5450K .......... .......... .......... .......... .......... 42%  551K 14s
  5500K .......... .......... .......... .......... .......... 43%  492K 14s
  5550K .......... .......... .......... .......... .......... 43%  562K 14s
  5600K .......... .......... .......... .......... .......... 43%  550K 14s
  5650K .......... .......... .......... .......... .......... 44%  455K 14s
  5700K .......... .......... .......... .......... .......... 44%  597K 14s
  5750K .......... .......... .......... .......... .......... 45%  574K 14s
  5800K .......... .......... .......... .......... .......... 45%  562K 14s
  5850K .......... .......... .......... .......... .......... 45%  550K 14s
  5900K .......... .......... .......... .......... .......... 46%  548K 14s
  5950K .......... .......... .......... .......... .......... 46%  579K 13s
  6000K .......... .......... .......... .......... .......... 46%  575K 13s
  6050K .......... .......... .......... .......... .......... 47%  583K 13s
  6100K .......... .......... .......... .......... .......... 47%  525K 13s
  6150K .......... .......... .......... .......... .......... 48%  570K 13s
  6200K .......... .......... .......... .......... .......... 48%  541K 13s
  6250K .......... .......... .......... .......... .......... 48%  589K 13s
  6300K .......... .......... .......... .......... .......... 49%  550K 13s
  6350K .......... .......... .......... .......... .......... 49%  505K 13s
  6400K .......... .......... .......... .......... .......... 50%  171K 13s
  6450K .......... .......... .......... .......... .......... 50%  463K 13s
  6500K .......... .......... .......... .......... .......... 50%  566K 12s
  6550K .......... .......... .......... .......... .......... 51%  530K 12s
  6600K .......... .......... .......... .......... .......... 51%  615K 12s
  6650K .......... .......... .......... .......... .......... 52%  538K 12s
  6700K .......... .......... .......... .......... .......... 52%  517K 12s
  6750K .......... .......... .......... .......... .......... 52%  164K 12s
  6800K .......... .......... .......... .......... .......... 53%  509K 12s
  6850K .......... .......... .......... .......... .......... 53%  592K 12s
  6900K .......... .......... .......... .......... .......... 53%  543K 12s
  6950K .......... .......... .......... .......... .......... 54%  582K 12s
  7000K .......... .......... .......... .......... .......... 54%  488K 12s
  7050K .......... .......... .......... .......... .......... 55%  170K 12s
  7100K .......... .......... .......... .......... .......... 55%  562K 12s
  7150K .......... .......... .......... .......... .......... 55%  591K 11s
  7200K .......... .......... .......... .......... .......... 56%  465K 11s
  7250K .......... .......... .......... .......... .......... 56%  714K 11s
  7300K .......... .......... .......... .......... .......... 57%  561K 11s
  7350K .......... .......... .......... .......... .......... 57%  511K 11s
  7400K .......... .......... .......... .......... .......... 57%  172K 11s
  7450K .......... .......... .......... .......... .......... 58%  559K 11s
  7500K .......... .......... .......... .......... .......... 58%  519K 11s
  7550K .......... .......... .......... .......... .......... 58%  610K 11s
  7600K .......... .......... .......... .......... .......... 59%  552K 11s
  7650K .......... .......... .......... .......... .......... 59%  581K 11s
  7700K .......... .......... .......... .......... .......... 60%  566K 10s
  7750K .......... .......... .......... .......... .......... 60%  561K 10s
  7800K .......... .......... .......... .......... .......... 60%  547K 10s
  7850K .......... .......... .......... .......... .......... 61%  573K 10s
  7900K .......... .......... .......... .......... .......... 61%  501K 10s
  7950K .......... .......... .......... .......... .......... 62%  407K 10s
  8000K .......... .......... .......... .......... .......... 62%  549K 10s
  8050K .......... .......... .......... .......... .......... 62%  533K 10s
  8100K .......... .......... .......... .......... .......... 63%  568K 10s
  8150K .......... .......... .......... .......... .......... 63%  561K 9s
  8200K .......... .......... .......... .......... .......... 64%  563K 9s
  8250K .......... .......... .......... .......... .......... 64%  445K 9s
  8300K .......... .......... .......... .......... .......... 64%  767K 9s
  8350K .......... .......... .......... .......... .......... 65%  533K 9s
  8400K .......... .......... .......... .......... .......... 65%  653K 9s
  8450K .......... .......... .......... .......... .......... 65%  582K 9s
  8500K .......... .......... .......... .......... .......... 66%  576K 9s
  8550K .......... .......... .......... .......... .......... 66%  545K 9s
  8600K .......... .......... .......... .......... .......... 67%  554K 8s
  8650K .......... .......... .......... .......... .......... 67%  610K 8s
  8700K .......... .......... .......... .......... .......... 67%  582K 8s
  8750K .......... .......... .......... .......... .......... 68%  531K 8s
  8800K .......... .......... .......... .......... .......... 68%  594K 8s
  8850K .......... .......... .......... .......... .......... 69%  582K 8s
  8900K .......... .......... .......... .......... .......... 69%  529K 8s
  8950K .......... .......... .......... .......... .......... 69%  514K 8s
  9000K .......... .......... .......... .......... .......... 70%  520K 8s
  9050K .......... .......... .......... .......... .......... 70%  644K 8s
  9100K .......... .......... .......... .......... .......... 71%  598K 7s
  9150K .......... .......... .......... .......... .......... 71%  561K 7s
  9200K .......... .......... .......... .......... .......... 71%  563K 7s
  9250K .......... .......... .......... .......... .......... 72%  583K 7s
  9300K .......... .......... .......... .......... .......... 72%  494K 7s
  9350K .......... .......... .......... .......... .......... 72%  584K 7s
  9400K .......... .......... .......... .......... .......... 73%  559K 7s
  9450K .......... .......... .......... .......... .......... 73%  532K 7s
  9500K .......... .......... .......... .......... .......... 74%  538K 7s
  9550K .......... .......... .......... .......... .......... 74%  559K 7s
  9600K .......... .......... .......... .......... .......... 74%  551K 6s
  9650K .......... .......... .......... .......... .......... 75%  598K 6s
  9700K .......... .......... .......... .......... .......... 75%  573K 6s
  9750K .......... .......... .......... .......... .......... 76%  594K 6s
  9800K .......... .......... .......... .......... .......... 76%  566K 6s
  9850K .......... .......... .......... .......... .......... 76%  546K 6s
  9900K .......... .......... .......... .......... .......... 77%  571K 6s
  9950K .......... .......... .......... .......... .......... 77%  594K 6s
 10000K .......... .......... .......... .......... .......... 78%  531K 6s
 10050K .......... .......... .......... .......... .......... 78%  487K 5s
 10100K .......... .......... .......... .......... .......... 78%  594K 5s
 10150K .......... .......... .......... .......... .......... 79%  530K 5s
 10200K .......... .......... .......... .......... .......... 79%  444K 5s
 10250K .......... .......... .......... .......... .......... 79%  580K 5s
 10300K .......... .......... .......... .......... .......... 80%  597K 5s
 10350K .......... .......... .......... .......... .......... 80%  526K 5s
 10400K .......... .......... .......... .......... .......... 81%  597K 5s
 10450K .......... .......... .......... .......... .......... 81%  585K 5s
 10500K .......... .......... .......... .......... .......... 81%  530K 5s
 10550K .......... .......... .......... .......... .......... 82%  511K 4s
 10600K .......... .......... .......... .......... .......... 82%  676K 4s
 10650K .......... .......... .......... .......... .......... 83%  578K 4s
 10700K .......... .......... .......... .......... .......... 83%  580K 4s
 10750K .......... .......... .......... .......... .......... 83%  493K 4s
 10800K .......... .......... .......... .......... .......... 84%  563K 4s
 10850K .......... .......... .......... .......... .......... 84%  522K 4s
 10900K .......... .......... .......... .......... .......... 84%  590K 4s
 10950K .......... .......... .......... .......... .......... 85%  523K 4s
 11000K .......... .......... .......... .......... .......... 85%  562K 4s
 11050K .......... .......... .......... .......... .......... 86%  595K 3s
 11100K .......... .......... .......... .......... .......... 86%  477K 3s
 11150K .......... .......... .......... .......... .......... 86%  631K 3s
 11200K .......... .......... .......... .......... .......... 87%  577K 3s
 11250K .......... .......... .......... .......... .......... 87%  484K 3s
 11300K .......... .......... .......... .......... .......... 88%  676K 3s
 11350K .......... .......... .......... .......... .......... 88%  592K 3s
 11400K .......... .......... .......... .......... .......... 88%  564K 3s
 11450K .......... .......... .......... .......... .......... 89%  506K 3s
 11500K .......... .......... .......... .......... .......... 89%  536K 3s
 11550K .......... .......... .......... .......... .......... 90%  568K 3s
 11600K .......... .......... .......... .......... .......... 90%  452K 2s
 11650K .......... .......... .......... .......... .......... 90%  647K 2s
 11700K .......... .......... .......... .......... .......... 91%  577K 2s
 11750K .......... .......... .......... .......... .......... 91%  563K 2s
 11800K .......... .......... .......... .......... .......... 91%  547K 2s
 11850K .......... .......... .......... .......... .......... 92%  519K 2s
 11900K .......... .......... .......... .......... .......... 92%  681K 2s
 11950K .......... .......... .......... .......... .......... 93%  483K 2s
 12000K .......... .......... .......... .......... .......... 93%  665K 2s
 12050K .......... .......... .......... .......... .......... 93%  569K 2s
 12100K .......... .......... .......... .......... .......... 94%  598K 1s
 12150K .......... .......... .......... .......... .......... 94%  564K 1s
 12200K .......... .......... .......... .......... .......... 95%  547K 1s
 12250K .......... .......... .......... .......... .......... 95%  560K 1s
 12300K .......... .......... .......... .......... .......... 95%  487K 1s
 12350K .......... .......... .......... .......... .......... 96%  646K 1s
 12400K .......... .......... .......... .......... .......... 96%  598K 1s
 12450K .......... .......... .......... .......... .......... 97%  576K 1s
 12500K .......... .......... .......... .......... .......... 97%  567K 1s
 12550K .......... .......... .......... .......... .......... 97%  543K 1s
 12600K .......... .......... .......... .......... .......... 98%  579K 0s
 12650K .......... .......... .......... .......... .......... 98%  564K 0s
 12700K .......... .......... .......... .......... .......... 98%  594K 0s
 12750K .......... .......... .......... .......... .......... 99%  550K 0s
 12800K .......... .......... .......... .......... .......... 99%  494K 0s
 12850K .......... .......... .......... ....                 100%  789K=25s

2016-05-25 02:56:39 (518 KB/s) - ‘index.html.7’ saved [13193358/13193358]

