--2016-05-25 02:59:27--  http://10.30.50.93:8000/
Connecting to 10.30.50.93:8000... connected.
HTTP request sent, awaiting response... 200 OK
Length: 13193358 (13M) [text/html]
Saving to: ‘index.html.13’

     0K .......... .......... .......... .......... ..........  0%  933K 14s
    50K .......... .......... .......... .......... ..........  0%  525K 19s
   100K .......... .......... .......... .......... ..........  1%  417K 23s
   150K .......... .......... .......... .......... ..........  1%  473K 24s
   200K .......... .......... .......... .......... ..........  1%  164K 34s
   250K .......... .......... .......... .......... ..........  2%  473K 33s
   300K .......... .......... .......... .......... ..........  2%  546K 31s
   350K .......... .......... .......... .......... ..........  3% 96.9K 43s
   400K .......... .......... .......... .......... ..........  3%  520K 41s
   450K .......... .......... .......... .......... ..........  3%  512K 39s
   500K .......... .......... .......... .......... ..........  4% 53.1K 57s
   550K .......... .......... .......... .......... ..........  4%  210K 57s
   600K .......... .......... .......... .......... ..........  5%  943K 53s
   650K .......... .......... .......... .......... ..........  5%  662K 50s
   700K .......... .......... .......... .......... ..........  5%  498K 48s
   750K .......... .......... .......... .......... ..........  6% 67.8K 56s
   800K .......... .......... .......... .......... ..........  6%  160K 57s
   850K .......... .......... .......... .......... ..........  6%  401K 56s
   900K .......... .......... .......... .......... ..........  7%  576K 53s
   950K .......... .......... .......... .......... ..........  7%  536K 52s
  1000K .......... .......... .......... .......... ..........  8%  522K 50s
  1050K .......... .......... .......... .......... ..........  8%  133K 52s
  1100K .......... .......... .......... .......... ..........  8%  536K 50s
  1150K .......... .......... .......... .......... ..........  9%  399K 49s
  1200K .......... .......... .......... .......... ..........  9%  512K 48s
  1250K .......... .......... .......... .......... .......... 10%  521K 47s
  1300K .......... .......... .......... .......... .......... 10%  533K 46s
  1350K .......... .......... .......... .......... .......... 10%  462K 45s
  1400K .......... .......... .......... .......... .......... 11%  508K 44s
  1450K .......... .......... .......... .......... .......... 11%  161K 44s
  1500K .......... .......... .......... .......... .......... 12%  569K 43s
  1550K .......... .......... .......... .......... .......... 12%  577K 42s
  1600K .......... .......... .......... .......... .......... 12%  496K 42s
  1650K .......... .......... .......... .......... .......... 13% 99.1K 44s
  1700K .......... .......... .......... .......... .......... 13% 69.7K 47s
  1750K .......... .......... .......... .......... .......... 13%  505K 46s
  1800K .......... .......... .......... .......... .......... 14%  394K 45s
  1850K .......... .......... .......... .......... .......... 14%  549K 44s
  1900K .......... .......... .......... .......... .......... 15%  597K 43s
  1950K .......... .......... .......... .......... .......... 15%  507K 43s
  2000K .......... .......... .......... .......... .......... 15%  165K 43s
  2050K .......... .......... .......... .......... .......... 16% 53.3K 47s
  2100K .......... .......... .......... .......... .......... 16%  551K 46s
  2150K .......... .......... .......... .......... .......... 17%  481K 45s
  2200K .......... .......... .......... .......... .......... 17%  462K 44s
  2250K .......... .......... .......... .......... .......... 17%  428K 44s
  2300K .......... .......... .......... .......... .......... 18%  163K 44s
  2350K .......... .......... .......... .......... .......... 18%  565K 43s
  2400K .......... .......... .......... .......... .......... 19%  548K 43s
  2450K .......... .......... .......... .......... .......... 19%  451K 42s
  2500K .......... .......... .......... .......... .......... 19%  630K 41s
  2550K .......... .......... .......... .......... .......... 20%  463K 41s
  2600K .......... .......... .......... .......... .......... 20%  174K 41s
  2650K .......... .......... .......... .......... .......... 20% 99.6K 42s
  2700K .......... .......... .......... .......... .......... 21%  158K 42s
  2750K .......... .......... .......... .......... .......... 21%  464K 41s
  2800K .......... .......... .......... .......... .......... 22%  530K 41s
  2850K .......... .......... .......... .......... .......... 22%  509K 40s
  2900K .......... .......... .......... .......... .......... 22%  543K 40s
  2950K .......... .......... .......... .......... .......... 23%  112K 40s
  3000K .......... .......... .......... .......... .......... 23%  750K 40s
  3050K .......... .......... .......... .......... .......... 24%  534K 39s
  3100K .......... .......... .......... .......... .......... 24%  432K 39s
  3150K .......... .......... .......... .......... .......... 24%  535K 38s
  3200K .......... .......... .......... .......... .......... 25%  160K 38s
  3250K .......... .......... .......... .......... .......... 25%  478K 38s
  3300K .......... .......... .......... .......... .......... 26%  463K 37s
  3350K .......... .......... .......... .......... .......... 26%  643K 37s
  3400K .......... .......... .......... .......... .......... 26%  496K 36s
  3450K .......... .......... .......... .......... .......... 27%  443K 36s
  3500K .......... .......... .......... .......... .......... 27%  167K 36s
  3550K .......... .......... .......... .......... .......... 27%  581K 36s
  3600K .......... .......... .......... .......... .......... 28%  462K 35s
  3650K .......... .......... .......... .......... .......... 28%  456K 35s
  3700K .......... .......... .......... .......... .......... 29%  417K 34s
  3750K .......... .......... .......... .......... .......... 29%  595K 34s
  3800K .......... .......... .......... .......... .......... 29%  464K 34s
  3850K .......... .......... .......... .......... .......... 30%  592K 33s
  3900K .......... .......... .......... .......... .......... 30%  164K 33s
  3950K .......... .......... .......... .......... .......... 31% 99.7K 34s
  4000K .......... .......... .......... .......... .......... 31% 70.9K 35s
  4050K .......... .......... .......... .......... .......... 31%  558K 34s
  4100K .......... .......... .......... .......... .......... 32%  508K 34s
  4150K .......... .......... .......... .......... .......... 32%  403K 34s
  4200K .......... .......... .......... .......... .......... 32%  176K 34s
  4250K .......... .......... .......... .......... .......... 33%  452K 33s
  4300K .......... .......... .......... .......... .......... 33%  550K 33s
  4350K .......... .......... .......... .......... .......... 34%  151K 33s
  4400K .......... .......... .......... .......... .......... 34%  523K 33s
  4450K .......... .......... .......... .......... .......... 34%  574K 32s
  4500K .......... .......... .......... .......... .......... 35%  536K 32s
  4550K .......... .......... .......... .......... .......... 35%  156K 32s
  4600K .......... .......... .......... .......... .......... 36%  595K 31s
  4650K .......... .......... .......... .......... .......... 36%  581K 31s
  4700K .......... .......... .......... .......... .......... 36% 72.3K 32s
  4750K .......... .......... .......... .......... .......... 37% 90.7M 31s
  4800K .......... .......... .......... .......... .......... 37%  213K 31s
  4850K .......... .......... .......... .......... .......... 38%  579K 31s
  4900K .......... .......... .......... .......... .......... 38%  520K 30s
  4950K .......... .......... .......... .......... .......... 38% 99.7K 31s
  5000K .......... .......... .......... .......... .......... 39%  614K 30s
  5050K .......... .......... .......... .......... .......... 39%  163K 30s
  5100K .......... .......... .......... .......... .......... 39%  445K 30s
  5150K .......... .......... .......... .......... .......... 40%  544K 30s
  5200K .......... .......... .......... .......... .......... 40%  167K 30s
  5250K .......... .......... .......... .......... .......... 41%  502K 29s
  5300K .......... .......... .......... .......... .......... 41%  163K 29s
  5350K .......... .......... .......... .......... .......... 41%  477K 29s
  5400K .......... .......... .......... .......... .......... 42%  156K 29s
  5450K .......... .......... .......... .......... .......... 42%  163K 29s
  5500K .......... .......... .......... .......... .......... 43%  539K 28s
  5550K .......... .......... .......... .......... .......... 43%  521K 28s
  5600K .......... .......... .......... .......... .......... 43%  415K 28s
  5650K .......... .......... .......... .......... .......... 44%  521K 28s
  5700K .......... .......... .......... .......... .......... 44%  451K 27s
  5750K .......... .......... .......... .......... .......... 45%  162K 27s
  5800K .......... .......... .......... .......... .......... 45%  465K 27s
  5850K .......... .......... .......... .......... .......... 45%  430K 27s
  5900K .......... .......... .......... .......... .......... 46%  581K 26s
  5950K .......... .......... .......... .......... .......... 46%  453K 26s
  6000K .......... .......... .......... .......... .......... 46%  498K 26s
  6050K .......... .......... .......... .......... .......... 47%  592K 25s
  6100K .......... .......... .......... .......... .......... 47%  464K 25s
  6150K .......... .......... .......... .......... .......... 48%  104K 25s
  6200K .......... .......... .......... .......... .......... 48%  155K 25s
  6250K .......... .......... .......... .......... .......... 48%  455K 25s
  6300K .......... .......... .......... .......... .......... 49% 96.9K 25s
  6350K .......... .......... .......... .......... .......... 49%  548K 25s
  6400K .......... .......... .......... .......... .......... 50%  442K 25s
  6450K .......... .......... .......... .......... .......... 50%  153K 25s
  6500K .......... .......... .......... .......... .......... 50%  509K 24s
  6550K .......... .......... .......... .......... .......... 51%  585K 24s
  6600K .......... .......... .......... .......... .......... 51%  564K 24s
  6650K .......... .......... .......... .......... .......... 52%  527K 23s
  6700K .......... .......... .......... .......... .......... 52%  436K 23s
  6750K .......... .......... .......... .......... .......... 52%  157K 23s
  6800K .......... .......... .......... .......... .......... 53%  493K 23s
  6850K .......... .......... .......... .......... .......... 53%  518K 23s
  6900K .......... .......... .......... .......... .......... 53%  155K 22s
  6950K .......... .......... .......... .......... .......... 54%  169K 22s
  7000K .......... .......... .......... .......... .......... 54%  511K 22s
  7050K .......... .......... .......... .......... .......... 55%  560K 22s
  7100K .......... .......... .......... .......... .......... 55%  474K 22s
  7150K .......... .......... .......... .......... .......... 55%  159K 21s
  7200K .......... .......... .......... .......... .......... 56%  453K 21s
  7250K .......... .......... .......... .......... .......... 56%  594K 21s
  7300K .......... .......... .......... .......... .......... 57%  536K 21s
  7350K .......... .......... .......... .......... .......... 57%  442K 20s
  7400K .......... .......... .......... .......... .......... 57%  538K 20s
  7450K .......... .......... .......... .......... .......... 58%  416K 20s
  7500K .......... .......... .......... .......... .......... 58% 71.3K 20s
  7550K .......... .......... .......... .......... .......... 58%  484K 20s
  7600K .......... .......... .......... .......... .......... 59%  483K 20s
  7650K .......... .......... .......... .......... .......... 59% 70.4K 20s
  7700K .......... .......... .......... .......... .......... 60%  163K 20s
  7750K .......... .......... .......... .......... .......... 60%  168K 20s
  7800K .......... .......... .......... .......... .......... 60%  483K 19s
  7850K .......... .......... .......... .......... .......... 61%  367K 19s
  7900K .......... .......... .......... .......... .......... 61%  517K 19s
  7950K .......... .......... .......... .......... .......... 62%  524K 19s
  8000K .......... .......... .......... .......... .......... 62%  434K 18s
  8050K .......... .......... .......... .......... .......... 62%  159K 18s
  8100K .......... .......... .......... .......... .......... 63%  168K 18s
  8150K .......... .......... .......... .......... .......... 63%  511K 18s
  8200K .......... .......... .......... .......... .......... 64%  405K 18s
  8250K .......... .......... .......... .......... .......... 64%  509K 17s
  8300K .......... .......... .......... .......... .......... 64%  452K 17s
  8350K .......... .......... .......... .......... .......... 65%  538K 17s
  8400K .......... .......... .......... .......... .......... 65%  573K 17s
  8450K .......... .......... .......... .......... .......... 65%  461K 16s
  8500K .......... .......... .......... .......... .......... 66%  624K 16s
  8550K .......... .......... .......... .......... .......... 66%  495K 16s
  8600K .......... .......... .......... .......... .......... 67%  160K 16s
  8650K .......... .......... .......... .......... .......... 67%  481K 16s
  8700K .......... .......... .......... .......... .......... 67%  436K 15s
  8750K .......... .......... .......... .......... .......... 68%  391K 15s
  8800K .......... .......... .......... .......... .......... 68% 95.4K 15s
  8850K .......... .......... .......... .......... .......... 69%  370K 15s
  8900K .......... .......... .......... .......... .......... 69%  341K 15s
  8950K .......... .......... .......... .......... .......... 69%  487K 15s
  9000K .......... .......... .......... .......... .......... 70%  518K 14s
  9050K .......... .......... .......... .......... .......... 70%  149K 14s
  9100K .......... .......... .......... .......... .......... 71%  163K 14s
  9150K .......... .......... .......... .......... .......... 71%  520K 14s
  9200K .......... .......... .......... .......... .......... 71%  507K 14s
  9250K .......... .......... .......... .......... .......... 72%  163K 13s
  9300K .......... .......... .......... .......... .......... 72%  562K 13s
  9350K .......... .......... .......... .......... .......... 72%  163K 13s
  9400K .......... .......... .......... .......... .......... 73%  440K 13s
  9450K .......... .......... .......... .......... .......... 73%  475K 13s
  9500K .......... .......... .......... .......... .......... 74%  150K 13s
  9550K .......... .......... .......... .......... .......... 74% 67.8K 13s
  9600K .......... .......... .......... .......... .......... 74%  520K 12s
  9650K .......... .......... .......... .......... .......... 75%  457K 12s
  9700K .......... .......... .......... .......... .......... 75%  160K 12s
  9750K .......... .......... .......... .......... .......... 76%  533K 12s
  9800K .......... .......... .......... .......... .......... 76%  482K 11s
  9850K .......... .......... .......... .......... .......... 76%  522K 11s
  9900K .......... .......... .......... .......... .......... 77%  471K 11s
  9950K .......... .......... .......... .......... .......... 77%  550K 11s
 10000K .......... .......... .......... .......... .......... 78%  538K 11s
 10050K .......... .......... .......... .......... .......... 78% 70.8K 11s
 10100K .......... .......... .......... .......... .......... 78%  180K 10s
 10150K .......... .......... .......... .......... .......... 79%  559K 10s
 10200K .......... .......... .......... .......... .......... 79%  578K 10s
 10250K .......... .......... .......... .......... .......... 79%  432K 10s
 10300K .......... .......... .......... .......... .......... 80%  586K 10s
 10350K .......... .......... .......... .......... .......... 80%  470K 9s
 10400K .......... .......... .......... .......... .......... 81% 70.6K 9s
 10450K .......... .......... .......... .......... .......... 81%  562K 9s
 10500K .......... .......... .......... .......... .......... 81%  486K 9s
 10550K .......... .......... .......... .......... .......... 82%  463K 9s
 10600K .......... .......... .......... .......... .......... 82%  652K 8s
 10650K .......... .......... .......... .......... .......... 83%  654K 8s
 10700K .......... .......... .......... .......... .......... 83%  524K 8s
 10750K .......... .......... .......... .......... .......... 83%  575K 8s
 10800K .......... .......... .......... .......... .......... 84%  462K 8s
 10850K .......... .......... .......... .......... .......... 84%  581K 7s
 10900K .......... .......... .......... .......... .......... 84%  157K 7s
 10950K .......... .......... .......... .......... .......... 85%  472K 7s
 11000K .......... .......... .......... .......... .......... 85% 70.0K 7s
 11050K .......... .......... .......... .......... .......... 86% 95.8K 7s
 11100K .......... .......... .......... .......... .......... 86%  435K 7s
 11150K .......... .......... .......... .......... .......... 86%  561K 6s
 11200K .......... .......... .......... .......... .......... 87%  497K 6s
 11250K .......... .......... .......... .......... .......... 87%  483K 6s
 11300K .......... .......... .......... .......... .......... 88%  489K 6s
 11350K .......... .......... .......... .......... .......... 88%  152K 6s
 11400K .......... .......... .......... .......... .......... 88%  654K 5s
 11450K .......... .......... .......... .......... .......... 89%  597K 5s
 11500K .......... .......... .......... .......... .......... 89%  454K 5s
 11550K .......... .......... .......... .......... .......... 90%  174K 5s
 11600K .......... .......... .......... .......... .......... 90%  466K 5s
 11650K .......... .......... .......... .......... .......... 90%  493K 4s
 11700K .......... .......... .......... .......... .......... 91%  485K 4s
 11750K .......... .......... .......... .......... .......... 91%  163K 4s
 11800K .......... .......... .......... .......... .......... 91%  395K 4s
 11850K .......... .......... .......... .......... .......... 92%  449K 4s
 11900K .......... .......... .......... .......... .......... 92%  513K 3s
 11950K .......... .......... .......... .......... .......... 93%  521K 3s
 12000K .......... .......... .......... .......... .......... 93% 55.1K 3s
 12050K .......... .......... .......... .......... .......... 93%  486K 3s
 12100K .......... .......... .......... .......... .......... 94%  508K 3s
 12150K .......... .......... .......... .......... .......... 94%  386K 3s
 12200K .......... .......... .......... .......... .......... 95%  401K 2s
 12250K .......... .......... .......... .......... .......... 95%  181K 2s
 12300K .......... .......... .......... .......... .......... 95%  521K 2s
 12350K .......... .......... .......... .......... .......... 96%  163K 2s
 12400K .......... .......... .......... .......... .......... 96%  505K 2s
 12450K .......... .......... .......... .......... .......... 97%  595K 1s
 12500K .......... .......... .......... .......... .......... 97%  455K 1s
 12550K .......... .......... .......... .......... .......... 97%  712K 1s
 12600K .......... .......... .......... .......... .......... 98%  171K 1s
 12650K .......... .......... .......... .......... .......... 98%  500K 1s
 12700K .......... .......... .......... .......... .......... 98% 99.5K 1s
 12750K .......... .......... .......... .......... .......... 99%  164K 0s
 12800K .......... .......... .......... .......... .......... 99% 99.2K 0s
 12850K .......... .......... .......... ....                 100%  165K=49s

2016-05-25 03:00:17 (262 KB/s) - ‘index.html.13’ saved [13193358/13193358]

