--2016-05-25 01:44:07--  http://10.30.50.93:8000/
Connecting to 10.30.50.93:8000... connected.
HTTP request sent, awaiting response... 200 OK
Length: 13193358 (13M) [text/html]
Saving to: ‘index.html.10’

     0K .......... .......... .......... .......... ..........  0%  190K 68s
    50K .......... .......... .......... .......... ..........  0%  286K 56s
   100K .......... .......... .......... .......... ..........  1%  203K 58s
   150K .......... .......... .......... .......... ..........  1%  204K 59s
   200K .......... .......... .......... .......... ..........  1%  225K 58s
   250K .......... .......... .......... .......... ..........  2%  185K 60s
   300K .......... .......... .......... .......... ..........  2%  252K 58s
   350K .......... .......... .......... .......... ..........  3%  231K 57s
   400K .......... .......... .......... .......... ..........  3%  214K 57s
   450K .......... .......... .......... .......... ..........  3%  231K 57s
   500K .......... .......... .......... .......... ..........  4%  214K 57s
   550K .......... .......... .......... .......... ..........  4%  213K 56s
   600K .......... .......... .......... .......... ..........  5%  231K 56s
   650K .......... .......... .......... .......... ..........  5%  226K 56s
   700K .......... .......... .......... .......... ..........  5%  225K 55s
   750K .......... .......... .......... .......... ..........  6%  232K 55s
   800K .......... .......... .......... .......... ..........  6%  203K 55s
   850K .......... .......... .......... .......... ..........  6%  232K 54s
   900K .......... .......... .......... .......... ..........  7%  232K 54s
   950K .......... .......... .......... .......... ..........  7%  219K 54s
  1000K .......... .......... .......... .......... ..........  8%  113K 56s
  1050K .......... .......... .......... .......... ..........  8%  149K 57s
  1100K .......... .......... .......... .......... ..........  8%  111K 59s
  1150K .......... .......... .......... .......... ..........  9%  189K 59s
  1200K .......... .......... .......... .......... ..........  9%  269K 58s
  1250K .......... .......... .......... .......... .......... 10%  208K 58s
  1300K .......... .......... .......... .......... .......... 10%  203K 57s
  1350K .......... .......... .......... .......... .......... 10%  178K 57s
  1400K .......... .......... .......... .......... .......... 11%  193K 57s
  1450K .......... .......... .......... .......... .......... 11%  269K 56s
  1500K .......... .......... .......... .......... .......... 12%  220K 56s
  1550K .......... .......... .......... .......... .......... 12%  105K 57s
  1600K .......... .......... .......... .......... .......... 12%  110K 58s
  1650K .......... .......... .......... .......... .......... 13%  219K 58s
  1700K .......... .......... .......... .......... .......... 13%  194K 58s
  1750K .......... .......... .......... .......... .......... 13%  261K 57s
  1800K .......... .......... .......... .......... .......... 14% 94.6K 58s
  1850K .......... .......... .......... .......... .......... 14%  199K 58s
  1900K .......... .......... .......... .......... .......... 15%  219K 58s
  1950K .......... .......... .......... .......... .......... 15%  232K 57s
  2000K .......... .......... .......... .......... .......... 15%  185K 57s
  2050K .......... .......... .......... .......... .......... 16%  185K 57s
  2100K .......... .......... .......... .......... .......... 16%  225K 56s
  2150K .......... .......... .......... .......... .......... 17%  220K 56s
  2200K .......... .......... .......... .......... .......... 17%  203K 55s
  2250K .......... .......... .......... .......... .......... 17%  225K 55s
  2300K .......... .......... .......... .......... .......... 18%  203K 55s
  2350K .......... .......... .......... .......... .......... 18%  246K 54s
  2400K .......... .......... .......... .......... .......... 19% 54.1K 57s
  2450K .......... .......... .......... .......... .......... 19%  208K 56s
  2500K .......... .......... .......... .......... .......... 19%  213K 56s
  2550K .......... .......... .......... .......... .......... 20%  214K 55s
  2600K .......... .......... .......... .......... .......... 20%  253K 55s
  2650K .......... .......... .......... .......... .......... 20%  238K 54s
  2700K .......... .......... .......... .......... .......... 21%  232K 54s
  2750K .......... .......... .......... .......... .......... 21%  225K 54s
  2800K .......... .......... .......... .......... .......... 22%  203K 53s
  2850K .......... .......... .......... .......... .......... 22%  225K 53s
  2900K .......... .......... .......... .......... .......... 22%  181K 53s
  2950K .......... .......... .......... .......... .......... 23%  245K 52s
  3000K .......... .......... .......... .......... .......... 23%  194K 52s
  3050K .......... .......... .......... .......... .......... 24%  268K 51s
  3100K .......... .......... .......... .......... .......... 24%  185K 51s
  3150K .......... .......... .......... .......... .......... 24%  108K 51s
  3200K .......... .......... .......... .......... .......... 25%  232K 51s
  3250K .......... .......... .......... .......... .......... 25% 95.7K 52s
  3300K .......... .......... .......... .......... .......... 26%  104K 52s
  3350K .......... .......... .......... .......... .......... 26%  226K 51s
  3400K .......... .......... .......... .......... .......... 26% 83.2K 52s
  3450K .......... .......... .......... .......... .......... 27%  245K 52s
  3500K .......... .......... .......... .......... .......... 27%  278K 51s
  3550K .......... .......... .......... .......... .......... 27%  214K 51s
  3600K .......... .......... .......... .......... .......... 28%  198K 50s
  3650K .......... .......... .......... .......... .......... 28%  119K 50s
  3700K .......... .......... .......... .......... .......... 29%  225K 50s
  3750K .......... .......... .......... .......... .......... 29%  226K 50s
  3800K .......... .......... .......... .......... .......... 29% 99.2K 50s
  3850K .......... .......... .......... .......... .......... 30%  269K 49s
  3900K .......... .......... .......... .......... .......... 30%  181K 49s
  3950K .......... .......... .......... .......... .......... 31%  190K 49s
  4000K .......... .......... .......... .......... .......... 31%  219K 48s
  4050K .......... .......... .......... .......... .......... 31%  214K 48s
  4100K .......... .......... .......... .......... .......... 32%  253K 48s
  4150K .......... .......... .......... .......... .......... 32%  213K 47s
  4200K .......... .......... .......... .......... .......... 32%  226K 47s
  4250K .......... .......... .......... .......... .......... 33%  193K 47s
  4300K .......... .......... .......... .......... .......... 33%  246K 46s
  4350K .......... .......... .......... .......... .......... 34%  208K 46s
  4400K .......... .......... .......... .......... .......... 34%  214K 46s
  4450K .......... .......... .......... .......... .......... 34%  225K 45s
  4500K .......... .......... .......... .......... .......... 35%  226K 45s
  4550K .......... .......... .......... .......... .......... 35%  189K 45s
  4600K .......... .......... .......... .......... .......... 36%  260K 44s
  4650K .......... .......... .......... .......... .......... 36%  226K 44s
  4700K .......... .......... .......... .......... .......... 36%  193K 44s
  4750K .......... .......... .......... .......... .......... 37%  238K 43s
  4800K .......... .......... .......... .......... .......... 37%  185K 43s
  4850K .......... .......... .......... .......... .......... 38%  253K 43s
  4900K .......... .......... .......... .......... .......... 38%  198K 42s
  4950K .......... .......... .......... .......... .......... 38%  225K 42s
  5000K .......... .......... .......... .......... .......... 39%  238K 42s
  5050K .......... .......... .......... .......... .......... 39%  203K 41s
  5100K .......... .......... .......... .......... .......... 39%  226K 41s
  5150K .......... .......... .......... .......... .......... 40%  209K 41s
  5200K .......... .......... .......... .......... .......... 40%  105K 41s
  5250K .......... .......... .......... .......... .......... 41%  220K 40s
  5300K .......... .......... .......... .......... .......... 41%  199K 40s
  5350K .......... .......... .......... .......... .......... 41%  237K 40s
  5400K .......... .......... .......... .......... .......... 42%  194K 39s
  5450K .......... .......... .......... .......... .......... 42%  253K 39s
  5500K .......... .......... .......... .......... .......... 43%  193K 39s
  5550K .......... .......... .......... .......... .......... 43%  194K 39s
  5600K .......... .......... .......... .......... .......... 43%  226K 38s
  5650K .......... .......... .......... .......... .......... 44%  203K 38s
  5700K .......... .......... .......... .......... .......... 44%  208K 38s
  5750K .......... .......... .......... .......... .......... 45%  214K 37s
  5800K .......... .......... .......... .......... .......... 45%  219K 37s
  5850K .......... .......... .......... .......... .......... 45%  225K 37s
  5900K .......... .......... .......... .......... .......... 46%  219K 36s
  5950K .......... .......... .......... .......... .......... 46%  219K 36s
  6000K .......... .......... .......... .......... .......... 46%  226K 36s
  6050K .......... .......... .......... .......... .......... 47%  238K 35s
  6100K .......... .......... .......... .......... .......... 47%  214K 35s
  6150K .......... .......... .......... .......... .......... 48%  219K 35s
  6200K .......... .......... .......... .......... .......... 48%  199K 35s
  6250K .......... .......... .......... .......... .......... 48%  214K 34s
  6300K .......... .......... .......... .......... .......... 49%  238K 34s
  6350K .......... .......... .......... .......... .......... 49%  164K 34s
  6400K .......... .......... .......... .......... .......... 50%  253K 33s
  6450K .......... .......... .......... .......... .......... 50%  238K 33s
  6500K .......... .......... .......... .......... .......... 50%  193K 33s
  6550K .......... .......... .......... .......... .......... 51%  261K 33s
  6600K .......... .......... .......... .......... .......... 51%  177K 32s
  6650K .......... .......... .......... .......... .......... 52%  253K 32s
  6700K .......... .......... .......... .......... .......... 52%  208K 32s
  6750K .......... .......... .......... .......... .......... 52%  232K 31s
  6800K .......... .......... .......... .......... .......... 53%  194K 31s
  6850K .......... .......... .......... .......... .......... 53%  208K 31s
  6900K .......... .......... .......... .......... .......... 53%  225K 31s
  6950K .......... .......... .......... .......... .......... 54%  214K 30s
  7000K .......... .......... .......... .......... .......... 54%  260K 30s
  7050K .......... .......... .......... .......... .......... 55%  190K 30s
  7100K .......... .......... .......... .......... .......... 55%  253K 30s
  7150K .......... .......... .......... .......... .......... 55%  185K 29s
  7200K .......... .......... .......... .......... .......... 56%  225K 29s
  7250K .......... .......... .......... .......... .......... 56%  198K 29s
  7300K .......... .......... .......... .......... .......... 57%  231K 28s
  7350K .......... .......... .......... .......... .......... 57%  194K 28s
  7400K .......... .......... .......... .......... .......... 57%  213K 28s
  7450K .......... .......... .......... .......... .......... 58%  198K 28s
  7500K .......... .......... .......... .......... .......... 58%  232K 27s
  7550K .......... .......... .......... .......... .......... 58%  231K 27s
  7600K .......... .......... .......... .......... .......... 59%  219K 27s
  7650K .......... .......... .......... .......... .......... 59%  219K 27s
  7700K .......... .......... .......... .......... .......... 60%  232K 26s
  7750K .......... .......... .......... .......... .......... 60%  225K 26s
  7800K .......... .......... .......... .......... .......... 60%  209K 26s
  7850K .......... .......... .......... .......... .......... 61%  231K 25s
  7900K .......... .......... .......... .......... .......... 61%  185K 25s
  7950K .......... .......... .......... .......... .......... 62%  225K 25s
  8000K .......... .......... .......... .......... .......... 62%  193K 25s
  8050K .......... .......... .......... .......... .......... 62%  225K 24s
  8100K .......... .......... .......... .......... .......... 63%  106K 24s
  8150K .......... .......... .......... .......... .......... 63%  226K 24s
  8200K .......... .......... .......... .......... .......... 64%  225K 24s
  8250K .......... .......... .......... .......... .......... 64%  213K 23s
  8300K .......... .......... .......... .......... .......... 64% 77.2K 23s
  8350K .......... .......... .......... .......... .......... 65% 75.8K 23s
  8400K .......... .......... .......... .......... .......... 65%  252K 23s
  8450K .......... .......... .......... .......... .......... 65%  208K 23s
  8500K .......... .......... .......... .......... .......... 66%  246K 22s
  8550K .......... .......... .......... .......... .......... 66%  219K 22s
  8600K .......... .......... .......... .......... .......... 67%  178K 22s
  8650K .......... .......... .......... .......... .......... 67%  225K 22s
  8700K .......... .......... .......... .......... .......... 67%  199K 21s
  8750K .......... .......... .......... .......... .......... 68%  245K 21s
  8800K .......... .......... .......... .......... .......... 68%  219K 21s
  8850K .......... .......... .......... .......... .......... 69%  163K 21s
  8900K .......... .......... .......... .......... .......... 69%  253K 20s
  8950K .......... .......... .......... .......... .......... 69%  209K 20s
  9000K .......... .......... .......... .......... .......... 70%  151K 20s
  9050K .......... .......... .......... .......... .......... 70%  269K 20s
  9100K .......... .......... .......... .......... .......... 71%  185K 19s
  9150K .......... .......... .......... .......... .......... 71%  238K 19s
  9200K .......... .......... .......... .......... .......... 71%  238K 19s
  9250K .......... .......... .......... .......... .......... 72%  104K 19s
  9300K .......... .......... .......... .......... .......... 72%  178K 18s
  9350K .......... .......... .......... .......... .......... 72%  252K 18s
  9400K .......... .......... .......... .......... .......... 73%  111K 18s
  9450K .......... .......... .......... .......... .......... 73%  225K 18s
  9500K .......... .......... .......... .......... .......... 74%  226K 17s
  9550K .......... .......... .......... .......... .......... 74%  209K 17s
  9600K .......... .......... .......... .......... .......... 74%  218K 17s
  9650K .......... .......... .......... .......... .......... 75%  204K 17s
  9700K .......... .......... .......... .......... .......... 75%  105K 16s
  9750K .......... .......... .......... .......... .......... 76%  226K 16s
  9800K .......... .......... .......... .......... .......... 76%  203K 16s
  9850K .......... .......... .......... .......... .......... 76%  185K 16s
  9900K .......... .......... .......... .......... .......... 77%  113K 15s
  9950K .......... .......... .......... .......... .......... 77%  209K 15s
 10000K .......... .......... .......... .......... .......... 78%  194K 15s
 10050K .......... .......... .......... .......... .......... 78%  268K 15s
 10100K .......... .......... .......... .......... .......... 78%  194K 14s
 10150K .......... .......... .......... .......... .......... 79%  225K 14s
 10200K .......... .......... .......... .......... .......... 79%  203K 14s
 10250K .......... .......... .......... .......... .......... 79%  107K 14s
 10300K .......... .......... .......... .......... .......... 80%  104K 13s
 10350K .......... .......... .......... .......... .......... 80%  225K 13s
 10400K .......... .......... .......... .......... .......... 81%  214K 13s
 10450K .......... .......... .......... .......... .......... 81%  185K 12s
 10500K .......... .......... .......... .......... .......... 81%  220K 12s
 10550K .......... .......... .......... .......... .......... 82% 55.5K 12s
 10600K .......... .......... .......... .......... .......... 82%  204K 12s
 10650K .......... .......... .......... .......... .......... 83%  225K 12s
 10700K .......... .......... .......... .......... .......... 83%  103K 11s
 10750K .......... .......... .......... .......... .......... 83%  239K 11s
 10800K .......... .......... .......... .......... .......... 84%  214K 11s
 10850K .......... .......... .......... .......... .......... 84%  225K 11s
 10900K .......... .......... .......... .......... .......... 84%  110K 10s
 10950K .......... .......... .......... .......... .......... 85%  213K 10s
 11000K .......... .......... .......... .......... .......... 85%  225K 10s
 11050K .......... .......... .......... .......... .......... 86%  225K 9s
 11100K .......... .......... .......... .......... .......... 86%  199K 9s
 11150K .......... .......... .......... .......... .......... 86%  214K 9s
 11200K .......... .......... .......... .......... .......... 87%  269K 9s
 11250K .......... .......... .......... .......... .......... 87%  106K 8s
 11300K .......... .......... .......... .......... .......... 88%  203K 8s
 11350K .......... .......... .......... .......... .......... 88%  214K 8s
 11400K .......... .......... .......... .......... .......... 88%  185K 8s
 11450K .......... .......... .......... .......... .......... 89%  261K 7s
 11500K .......... .......... .......... .......... .......... 89%  225K 7s
 11550K .......... .......... .......... .......... .......... 90%  231K 7s
 11600K .......... .......... .......... .......... .......... 90%  214K 7s
 11650K .......... .......... .......... .......... .......... 90%  189K 6s
 11700K .......... .......... .......... .......... .......... 91% 78.6K 6s
 11750K .......... .......... .......... .......... .......... 91%  225K 6s
 11800K .......... .......... .......... .......... .......... 91%  214K 5s
 11850K .......... .......... .......... .......... .......... 92%  238K 5s
 11900K .......... .......... .......... .......... .......... 92%  116K 5s
 11950K .......... .......... .......... .......... .......... 93%  208K 5s
 12000K .......... .......... .......... .......... .......... 93%  238K 4s
 12050K .......... .......... .......... .......... .......... 93%  177K 4s
 12100K .......... .......... .......... .......... .......... 94%  238K 4s
 12150K .......... .......... .......... .......... .......... 94%  219K 4s
 12200K .......... .......... .......... .......... .......... 95%  189K 3s
 12250K .......... .......... .......... .......... .......... 95%  199K 3s
 12300K .......... .......... .......... .......... .......... 95%  231K 3s
 12350K .......... .......... .......... .......... .......... 96%  194K 3s
 12400K .......... .......... .......... .......... .......... 96%  238K 2s
 12450K .......... .......... .......... .......... .......... 97%  232K 2s
 12500K .......... .......... .......... .......... .......... 97%  214K 2s
 12550K .......... .......... .......... .......... .......... 97%  225K 2s
 12600K .......... .......... .......... .......... .......... 98%  208K 1s
 12650K .......... .......... .......... .......... .......... 98%  219K 1s
 12700K .......... .......... .......... .......... .......... 98%  113K 1s
 12750K .......... .......... .......... .......... .......... 99%  199K 0s
 12800K .......... .......... .......... .......... .......... 99%  203K 0s
 12850K .......... .......... .......... ....                 100%  196K=68s

2016-05-25 01:45:16 (189 KB/s) - ‘index.html.10’ saved [13193358/13193358]

