--2016-05-25 03:36:41--  http://10.30.50.93:8000/
Connecting to 10.30.50.93:8000... connected.
HTTP request sent, awaiting response... 200 OK
Length: 13193358 (13M) [text/html]
Saving to: ‘index.html.1’

     0K .......... .......... .......... .......... ..........  0% 2.39M 5s
    50K .......... .......... .......... .......... ..........  0% 2.32M 5s
   100K .......... .......... .......... .......... ..........  1% 2.20M 5s
   150K .......... .......... .......... .......... ..........  1% 2.27M 5s
   200K .......... .......... .......... .......... ..........  1% 2.33M 5s
   250K .......... .......... .......... .......... ..........  2% 2.38M 5s
   300K .......... .......... .......... .......... ..........  2% 2.22M 5s
   350K .......... .......... .......... .......... ..........  3% 2.10M 5s
   400K .......... .......... .......... .......... ..........  3% 2.60M 5s
   450K .......... .......... .......... .......... ..........  3% 2.35M 5s
   500K .......... .......... .......... .......... ..........  4% 2.15M 5s
   550K .......... .......... .......... .......... ..........  4% 2.31M 5s
   600K .......... .......... .......... .......... ..........  5% 2.37M 5s
   650K .......... .......... .......... .......... ..........  5% 2.33M 5s
   700K .......... .......... .......... .......... ..........  5% 2.28M 5s
   750K .......... .......... .......... .......... ..........  6% 2.40M 5s
   800K .......... .......... .......... .......... ..........  6% 2.21M 5s
   850K .......... .......... .......... .......... ..........  6% 2.34M 5s
   900K .......... .......... .......... .......... ..........  7% 2.30M 5s
   950K .......... .......... .......... .......... ..........  7% 2.34M 5s
  1000K .......... .......... .......... .......... ..........  8% 2.25M 5s
  1050K .......... .......... .......... .......... ..........  8% 2.21M 5s
  1100K .......... .......... .......... .......... ..........  8% 2.35M 5s
  1150K .......... .......... .......... .......... ..........  9% 2.40M 5s
  1200K .......... .......... .......... .......... ..........  9% 2.14M 5s
  1250K .......... .......... .......... .......... .......... 10% 2.29M 5s
  1300K .......... .......... .......... .......... .......... 10% 2.34M 5s
  1350K .......... .......... .......... .......... .......... 10% 2.32M 5s
  1400K .......... .......... .......... .......... .......... 11% 2.45M 5s
  1450K .......... .......... .......... .......... .......... 11% 2.26M 5s
  1500K .......... .......... .......... .......... .......... 12% 2.20M 5s
  1550K .......... .......... .......... .......... .......... 12% 2.35M 5s
  1600K .......... .......... .......... .......... .......... 12% 2.35M 5s
  1650K .......... .......... .......... .......... .......... 13% 2.34M 5s
  1700K .......... .......... .......... .......... .......... 13% 2.30M 5s
  1750K .......... .......... .......... .......... .......... 13% 2.19M 5s
  1800K .......... .......... .......... .......... .......... 14% 2.42M 5s
  1850K .......... .......... .......... .......... .......... 14% 2.33M 5s
  1900K .......... .......... .......... .......... .......... 15% 2.14M 5s
  1950K .......... .......... .......... .......... .......... 15% 2.36M 5s
  2000K .......... .......... .......... .......... .......... 15% 2.38M 5s
  2050K .......... .......... .......... .......... .......... 16% 2.32M 5s
  2100K .......... .......... .......... .......... .......... 16% 2.35M 5s
  2150K .......... .......... .......... .......... .......... 17% 2.29M 5s
  2200K .......... .......... .......... .......... .......... 17% 2.19M 5s
  2250K .......... .......... .......... .......... .......... 17% 2.36M 4s
  2300K .......... .......... .......... .......... .......... 18% 2.26M 4s
  2350K .......... .......... .......... .......... .......... 18% 2.35M 4s
  2400K .......... .......... .......... .......... .......... 19% 2.27M 4s
  2450K .......... .......... .......... .......... .......... 19% 2.25M 4s
  2500K .......... .......... .......... .......... .......... 19% 2.35M 4s
  2550K .......... .......... .......... .......... .......... 20% 2.40M 4s
  2600K .......... .......... .......... .......... .......... 20% 2.15M 4s
  2650K .......... .......... .......... .......... .......... 20% 2.33M 4s
  2700K .......... .......... .......... .......... .......... 21% 2.35M 4s
  2750K .......... .......... .......... .......... .......... 21% 2.36M 4s
  2800K .......... .......... .......... .......... .......... 22% 2.32M 4s
  2850K .......... .......... .......... .......... .......... 22% 2.32M 4s
  2900K .......... .......... .......... .......... .......... 22% 2.15M 4s
  2950K .......... .......... .......... .......... .......... 23% 2.46M 4s
  3000K .......... .......... .......... .......... .......... 23% 2.23M 4s
  3050K .......... .......... .......... .......... .......... 24% 2.32M 4s
  3100K .......... .......... .......... .......... .......... 24% 2.42M 4s
  3150K .......... .......... .......... .......... .......... 24% 2.16M 4s
  3200K .......... .......... .......... .......... .......... 25% 2.40M 4s
  3250K .......... .......... .......... .......... .......... 25% 2.24M 4s
  3300K .......... .......... .......... .......... .......... 26% 2.26M 4s
  3350K .......... .......... .......... .......... .......... 26% 2.32M 4s
  3400K .......... .......... .......... .......... .......... 26% 2.35M 4s
  3450K .......... .......... .......... .......... .......... 27% 2.31M 4s
  3500K .......... .......... .......... .......... .......... 27% 2.31M 4s
  3550K .......... .......... .......... .......... .......... 27% 2.33M 4s
  3600K .......... .......... .......... .......... .......... 28% 2.24M 4s
  3650K .......... .......... .......... .......... .......... 28% 2.24M 4s
  3700K .......... .......... .......... .......... .......... 29% 2.36M 4s
  3750K .......... .......... .......... .......... .......... 29% 2.32M 4s
  3800K .......... .......... .......... .......... .......... 29% 2.31M 4s
  3850K .......... .......... .......... .......... .......... 30% 2.28M 4s
  3900K .......... .......... .......... .......... .......... 30% 2.31M 4s
  3950K .......... .......... .......... .......... .......... 31% 2.33M 4s
  4000K .......... .......... .......... .......... .......... 31% 2.20M 4s
  4050K .......... .......... .......... .......... .......... 31% 2.39M 4s
  4100K .......... .......... .......... .......... .......... 32% 2.31M 4s
  4150K .......... .......... .......... .......... .......... 32% 2.33M 4s
  4200K .......... .......... .......... .......... .......... 32% 2.24M 4s
  4250K .......... .......... .......... .......... .......... 33% 2.24M 4s
  4300K .......... .......... .......... .......... .......... 33% 2.30M 4s
  4350K .......... .......... .......... .......... .......... 34% 2.34M 4s
  4400K .......... .......... .......... .......... .......... 34% 2.34M 4s
  4450K .......... .......... .......... .......... .......... 34% 2.34M 4s
  4500K .......... .......... .......... .......... .......... 35% 2.27M 4s
  4550K .......... .......... .......... .......... .......... 35% 2.33M 4s
  4600K .......... .......... .......... .......... .......... 36% 2.27M 3s
  4650K .......... .......... .......... .......... .......... 36% 2.38M 3s
  4700K .......... .......... .......... .......... .......... 36% 2.24M 3s
  4750K .......... .......... .......... .......... .......... 37% 2.26M 3s
  4800K .......... .......... .......... .......... .......... 37% 2.39M 3s
  4850K .......... .......... .......... .......... .......... 38% 2.27M 3s
  4900K .......... .......... .......... .......... .......... 38% 2.30M 3s
  4950K .......... .......... .......... .......... .......... 38% 2.22M 3s
  5000K .......... .......... .......... .......... .......... 39% 2.41M 3s
  5050K .......... .......... .......... .......... .......... 39% 2.24M 3s
  5100K .......... .......... .......... .......... .......... 39% 2.20M 3s
  5150K .......... .......... .......... .......... .......... 40% 2.48M 3s
  5200K .......... .......... .......... .......... .......... 40% 2.39M 3s
  5250K .......... .......... .......... .......... .......... 41% 2.22M 3s
  5300K .......... .......... .......... .......... .......... 41% 2.25M 3s
  5350K .......... .......... .......... .......... .......... 41% 2.29M 3s
  5400K .......... .......... .......... .......... .......... 42% 2.23M 3s
  5450K .......... .......... .......... .......... .......... 42% 2.42M 3s
  5500K .......... .......... .......... .......... .......... 43% 2.22M 3s
  5550K .......... .......... .......... .......... .......... 43% 2.40M 3s
  5600K .......... .......... .......... .......... .......... 43% 2.32M 3s
  5650K .......... .......... .......... .......... .......... 44% 2.24M 3s
  5700K .......... .......... .......... .......... .......... 44% 2.36M 3s
  5750K .......... .......... .......... .......... .......... 45% 2.31M 3s
  5800K .......... .......... .......... .......... .......... 45% 2.30M 3s
  5850K .......... .......... .......... .......... .......... 45% 2.29M 3s
  5900K .......... .......... .......... .......... .......... 46% 2.38M 3s
  5950K .......... .......... .......... .......... .......... 46% 2.20M 3s
  6000K .......... .......... .......... .......... .......... 46% 2.32M 3s
  6050K .......... .......... .......... .......... .......... 47% 2.23M 3s
  6100K .......... .......... .......... .......... .......... 47% 2.27M 3s
  6150K .......... .......... .......... .......... .......... 48% 2.32M 3s
  6200K .......... .......... .......... .......... .......... 48% 2.35M 3s
  6250K .......... .......... .......... .......... .......... 48% 2.32M 3s
  6300K .......... .......... .......... .......... .......... 49% 2.27M 3s
  6350K .......... .......... .......... .......... .......... 49% 2.29M 3s
  6400K .......... .......... .......... .......... .......... 50% 2.28M 3s
  6450K .......... .......... .......... .......... .......... 50% 2.39M 3s
  6500K .......... .......... .......... .......... .......... 50% 2.26M 3s
  6550K .......... .......... .......... .......... .......... 51% 2.37M 3s
  6600K .......... .......... .......... .......... .......... 51% 2.29M 3s
  6650K .......... .......... .......... .......... .......... 52% 2.19M 3s
  6700K .......... .......... .......... .......... .......... 52% 2.44M 3s
  6750K .......... .......... .......... .......... .......... 52% 2.33M 3s
  6800K .......... .......... .......... .......... .......... 53% 2.18M 3s
  6850K .......... .......... .......... .......... .......... 53% 2.32M 3s
  6900K .......... .......... .......... .......... .......... 53% 2.32M 3s
  6950K .......... .......... .......... .......... .......... 54% 2.35M 2s
  7000K .......... .......... .......... .......... .......... 54% 2.30M 2s
  7050K .......... .......... .......... .......... .......... 55% 2.24M 2s
  7100K .......... .......... .......... .......... .......... 55% 2.33M 2s
  7150K .......... .......... .......... .......... .......... 55% 2.33M 2s
  7200K .......... .......... .......... .......... .......... 56% 2.29M 2s
  7250K .......... .......... .......... .......... .......... 56% 2.38M 2s
  7300K .......... .......... .......... .......... .......... 57% 2.25M 2s
  7350K .......... .......... .......... .......... .......... 57% 2.28M 2s
  7400K .......... .......... .......... .......... .......... 57% 2.26M 2s
  7450K .......... .......... .......... .......... .......... 58% 2.29M 2s
  7500K .......... .......... .......... .......... .......... 58% 2.28M 2s
  7550K .......... .......... .......... .......... .......... 58% 2.34M 2s
  7600K .......... .......... .......... .......... .......... 59% 2.35M 2s
  7650K .......... .......... .......... .......... .......... 59% 2.31M 2s
  7700K .......... .......... .......... .......... .......... 60% 2.35M 2s
  7750K .......... .......... .......... .......... .......... 60% 2.19M 2s
  7800K .......... .......... .......... .......... .......... 60% 2.30M 2s
  7850K .......... .......... .......... .......... .......... 61% 2.28M 2s
  7900K .......... .......... .......... .......... .......... 61% 2.35M 2s
  7950K .......... .......... .......... .......... .......... 62% 2.33M 2s
  8000K .......... .......... .......... .......... .......... 62% 2.41M 2s
  8050K .......... .......... .......... .......... .......... 62% 2.22M 2s
  8100K .......... .......... .......... .......... .......... 63% 2.23M 2s
  8150K .......... .......... .......... .......... .......... 63% 2.23M 2s
  8200K .......... .......... .......... .......... .......... 64% 2.34M 2s
  8250K .......... .......... .......... .......... .......... 64% 2.30M 2s
  8300K .......... .......... .......... .......... .......... 64% 2.38M 2s
  8350K .......... .......... .......... .......... .......... 65% 2.35M 2s
  8400K .......... .......... .......... .......... .......... 65% 2.31M 2s
  8450K .......... .......... .......... .......... .......... 65% 2.17M 2s
  8500K .......... .......... .......... .......... .......... 66% 2.35M 2s
  8550K .......... .......... .......... .......... .......... 66% 2.37M 2s
  8600K .......... .......... .......... .......... .......... 67% 2.31M 2s
  8650K .......... .......... .......... .......... .......... 67% 2.35M 2s
  8700K .......... .......... .......... .......... .......... 67% 2.35M 2s
  8750K .......... .......... .......... .......... .......... 68% 2.14M 2s
  8800K .......... .......... .......... .......... .......... 68% 2.40M 2s
  8850K .......... .......... .......... .......... .......... 69% 2.24M 2s
  8900K .......... .......... .......... .......... .......... 69% 2.04M 2s
  8950K .......... .......... .......... .......... .......... 69% 2.69M 2s
  9000K .......... .......... .......... .......... .......... 70% 2.33M 2s
  9050K .......... .......... .......... .......... .......... 70% 2.26M 2s
  9100K .......... .......... .......... .......... .......... 71% 2.37M 2s
  9150K .......... .......... .......... .......... .......... 71% 2.16M 2s
  9200K .......... .......... .......... .......... .......... 71% 2.43M 2s
  9250K .......... .......... .......... .......... .......... 72% 2.32M 2s
  9300K .......... .......... .......... .......... .......... 72% 2.23M 1s
  9350K .......... .......... .......... .......... .......... 72% 2.28M 1s
  9400K .......... .......... .......... .......... .......... 73% 2.39M 1s
  9450K .......... .......... .......... .......... .......... 73% 2.20M 1s
  9500K .......... .......... .......... .......... .......... 74% 2.35M 1s
  9550K .......... .......... .......... .......... .......... 74% 2.27M 1s
  9600K .......... .......... .......... .......... .......... 74% 2.29M 1s
  9650K .......... .......... .......... .......... .......... 75% 2.38M 1s
  9700K .......... .......... .......... .......... .......... 75% 2.26M 1s
  9750K .......... .......... .......... .......... .......... 76% 2.30M 1s
  9800K .......... .......... .......... .......... .......... 76% 2.42M 1s
  9850K .......... .......... .......... .......... .......... 76% 2.15M 1s
  9900K .......... .......... .......... .......... .......... 77% 2.34M 1s
  9950K .......... .......... .......... .......... .......... 77% 2.33M 1s
 10000K .......... .......... .......... .......... .......... 78% 2.39M 1s
 10050K .......... .......... .......... .......... .......... 78% 2.34M 1s
 10100K .......... .......... .......... .......... .......... 78% 2.23M 1s
 10150K .......... .......... .......... .......... .......... 79% 2.26M 1s
 10200K .......... .......... .......... .......... .......... 79% 2.31M 1s
 10250K .......... .......... .......... .......... .......... 79% 2.21M 1s
 10300K .......... .......... .......... .......... .......... 80% 2.39M 1s
 10350K .......... .......... .......... .......... .......... 80% 2.25M 1s
 10400K .......... .......... .......... .......... .......... 81% 2.33M 1s
 10450K .......... .......... .......... .......... .......... 81% 2.34M 1s
 10500K .......... .......... .......... .......... .......... 81% 2.31M 1s
 10550K .......... .......... .......... .......... .......... 82% 2.27M 1s
 10600K .......... .......... .......... .......... .......... 82% 2.35M 1s
 10650K .......... .......... .......... .......... .......... 83% 2.24M 1s
 10700K .......... .......... .......... .......... .......... 83% 2.29M 1s
 10750K .......... .......... .......... .......... .......... 83% 2.36M 1s
 10800K .......... .......... .......... .......... .......... 84% 2.25M 1s
 10850K .......... .......... .......... .......... .......... 84% 2.30M 1s
 10900K .......... .......... .......... .......... .......... 84% 2.34M 1s
 10950K .......... .......... .......... .......... .......... 85% 2.28M 1s
 11000K .......... .......... .......... .......... .......... 85% 2.23M 1s
 11050K .......... .......... .......... .......... .......... 86% 2.31M 1s
 11100K .......... .......... .......... .......... .......... 86% 2.45M 1s
 11150K .......... .......... .......... .......... .......... 86% 2.30M 1s
 11200K .......... .......... .......... .......... .......... 87% 2.32M 1s
 11250K .......... .......... .......... .......... .......... 87% 2.18M 1s
 11300K .......... .......... .......... .......... .......... 88% 2.40M 1s
 11350K .......... .......... .......... .......... .......... 88% 2.30M 1s
 11400K .......... .......... .......... .......... .......... 88% 2.27M 1s
 11450K .......... .......... .......... .......... .......... 89% 2.32M 1s
 11500K .......... .......... .......... .......... .......... 89% 2.28M 1s
 11550K .......... .......... .......... .......... .......... 90% 2.30M 1s
 11600K .......... .......... .......... .......... .......... 90% 2.36M 1s
 11650K .......... .......... .......... .......... .......... 90% 2.24M 1s
 11700K .......... .......... .......... .......... .......... 91% 2.23M 0s
 11750K .......... .......... .......... .......... .......... 91% 2.35M 0s
 11800K .......... .......... .......... .......... .......... 91% 2.39M 0s
 11850K .......... .......... .......... .......... .......... 92% 2.22M 0s
 11900K .......... .......... .......... .......... .......... 92% 2.34M 0s
 11950K .......... .......... .......... .......... .......... 93% 2.31M 0s
 12000K .......... .......... .......... .......... .......... 93% 2.26M 0s
 12050K .......... .......... .......... .......... .......... 93% 2.34M 0s
 12100K .......... .......... .......... .......... .......... 94% 2.27M 0s
 12150K .......... .......... .......... .......... .......... 94% 2.42M 0s
 12200K .......... .......... .......... .......... .......... 95% 2.22M 0s
 12250K .......... .......... .......... .......... .......... 95% 2.35M 0s
 12300K .......... .......... .......... .......... .......... 95% 2.26M 0s
 12350K .......... .......... .......... .......... .......... 96% 2.20M 0s
 12400K .......... .......... .......... .......... .......... 96% 2.35M 0s
 12450K .......... .......... .......... .......... .......... 97% 2.36M 0s
 12500K .......... .......... .......... .......... .......... 97% 2.27M 0s
 12550K .......... .......... .......... .......... .......... 97% 2.38M 0s
 12600K .......... .......... .......... .......... .......... 98% 2.29M 0s
 12650K .......... .......... .......... .......... .......... 98% 2.17M 0s
 12700K .......... .......... .......... .......... .......... 98% 2.43M 0s
 12750K .......... .......... .......... .......... .......... 99% 2.33M 0s
 12800K .......... .......... .......... .......... .......... 99% 2.25M 0s
 12850K .......... .......... .......... ....                 100% 2.49M=5.5s

2016-05-25 03:36:46 (2.30 MB/s) - ‘index.html.1’ saved [13193358/13193358]

