--2016-05-25 03:51:39--  http://10.30.50.93:8000/
Connecting to 10.30.50.93:8000... connected.
HTTP request sent, awaiting response... 200 OK
Length: 13193358 (13M) [text/html]
Saving to: ‘index.html.7’

     0K .......... .......... .......... .......... ..........  0% 3.43M 4s
    50K .......... .......... .......... .......... ..........  0% 2.85M 4s
   100K .......... .......... .......... .......... ..........  1% 2.22M 5s
   150K .......... .......... .......... .......... ..........  1% 1.56M 5s
   200K .......... .......... .......... .......... ..........  1% 1.58M 6s
   250K .......... .......... .......... .......... ..........  2% 1.31M 6s
   300K .......... .......... .......... .......... ..........  2% 1.38M 7s
   350K .......... .......... .......... .......... ..........  3%  207K 13s
   400K .......... .......... .......... .......... ..........  3% 1.41M 13s
   450K .......... .......... .......... .......... ..........  3% 1.64M 12s
   500K .......... .......... .......... .......... ..........  4% 1.63M 12s
   550K .......... .......... .......... .......... ..........  4% 1.48M 11s
   600K .......... .......... .......... .......... ..........  5% 1.82M 11s
   650K .......... .......... .......... .......... ..........  5% 2.41M 11s
   700K .......... .......... .......... .......... ..........  5% 2.85M 10s
   750K .......... .......... .......... .......... ..........  6% 2.61M 10s
   800K .......... .......... .......... .......... ..........  6% 2.14M 9s
   850K .......... .......... .......... .......... ..........  6% 2.58M 9s
   900K .......... .......... .......... .......... ..........  7% 2.25M 9s
   950K .......... .......... .......... .......... ..........  7% 2.16M 9s
  1000K .......... .......... .......... .......... ..........  8% 1.82M 8s
  1050K .......... .......... .......... .......... ..........  8% 1.08M 9s
  1100K .......... .......... .......... .......... ..........  8% 1.35M 9s
  1150K .......... .......... .......... .......... ..........  9% 1.41M 8s
  1200K .......... .......... .......... .......... ..........  9% 1.24M 8s
  1250K .......... .......... .......... .......... .......... 10% 1.15M 8s
  1300K .......... .......... .......... .......... .......... 10% 1.06M 9s
  1350K .......... .......... .......... .......... .......... 10% 1.24M 8s
  1400K .......... .......... .......... .......... .......... 11% 1.13M 9s
  1450K .......... .......... .......... .......... .......... 11% 1.22M 8s
  1500K .......... .......... .......... .......... .......... 12% 2.66M 8s
  1550K .......... .......... .......... .......... .......... 12% 2.95M 8s
  1600K .......... .......... .......... .......... .......... 12% 2.30M 8s
  1650K .......... .......... .......... .......... .......... 13% 2.37M 8s
  1700K .......... .......... .......... .......... .......... 13% 2.34M 8s
  1750K .......... .......... .......... .......... .......... 13% 2.12M 8s
  1800K .......... .......... .......... .......... .......... 14% 1.35M 8s
  1850K .......... .......... .......... .......... .......... 14% 1.52M 8s
  1900K .......... .......... .......... .......... .......... 15% 1.30M 8s
  1950K .......... .......... .......... .......... .......... 15% 1.28M 8s
  2000K .......... .......... .......... .......... .......... 15% 1.19M 8s
  2050K .......... .......... .......... .......... .......... 16% 1.22M 8s
  2100K .......... .......... .......... .......... .......... 16% 1.55M 7s
  2150K .......... .......... .......... .......... .......... 17% 2.05M 7s
  2200K .......... .......... .......... .......... .......... 17% 1.93M 7s
  2250K .......... .......... .......... .......... .......... 17% 2.85M 7s
  2300K .......... .......... .......... .......... .......... 18% 2.90M 7s
  2350K .......... .......... .......... .......... .......... 18% 2.11M 7s
  2400K .......... .......... .......... .......... .......... 19% 2.76M 7s
  2450K .......... .......... .......... .......... .......... 19% 1.47M 7s
  2500K .......... .......... .......... .......... .......... 19% 2.35M 7s
  2550K .......... .......... .......... .......... .......... 20% 2.39M 7s
  2600K .......... .......... .......... .......... .......... 20% 2.82M 7s
  2650K .......... .......... .......... .......... .......... 20% 2.06M 7s
  2700K .......... .......... .......... .......... .......... 21% 2.10M 6s
  2750K .......... .......... .......... .......... .......... 21% 2.47M 6s
  2800K .......... .......... .......... .......... .......... 22% 1.80M 6s
  2850K .......... .......... .......... .......... .......... 22% 3.31M 6s
  2900K .......... .......... .......... .......... .......... 22% 2.40M 6s
  2950K .......... .......... .......... .......... .......... 23% 2.23M 6s
  3000K .......... .......... .......... .......... .......... 23% 2.15M 6s
  3050K .......... .......... .......... .......... .......... 24% 1.55M 6s
  3100K .......... .......... .......... .......... .......... 24% 1.27M 6s
  3150K .......... .......... .......... .......... .......... 24% 1.31M 6s
  3200K .......... .......... .......... .......... .......... 25% 1.21M 6s
  3250K .......... .......... .......... .......... .......... 25% 1.56M 6s
  3300K .......... .......... .......... .......... .......... 26% 1.42M 6s
  3350K .......... .......... .......... .......... .......... 26% 1.25M 6s
  3400K .......... .......... .......... .......... .......... 26% 1.62M 6s
  3450K .......... .......... .......... .......... .......... 27% 1.66M 6s
  3500K .......... .......... .......... .......... .......... 27% 1.55M 6s
  3550K .......... .......... .......... .......... .......... 27% 1.56M 6s
  3600K .......... .......... .......... .......... .......... 28% 1.54M 6s
  3650K .......... .......... .......... .......... .......... 28% 1.44M 6s
  3700K .......... .......... .......... .......... .......... 29% 1.90M 6s
  3750K .......... .......... .......... .......... .......... 29% 2.50M 6s
  3800K .......... .......... .......... .......... .......... 29% 2.36M 6s
  3850K .......... .......... .......... .......... .......... 30% 1.05M 6s
  3900K .......... .......... .......... .......... .......... 30% 1.06M 6s
  3950K .......... .......... .......... .......... .......... 31% 1.15M 6s
  4000K .......... .......... .......... .......... .......... 31% 1.22M 6s
  4050K .......... .......... .......... .......... .......... 31% 1.93M 6s
  4100K .......... .......... .......... .......... .......... 32% 1.99M 6s
  4150K .......... .......... .......... .......... .......... 32% 1.16M 5s
  4200K .......... .......... .......... .......... .......... 32% 1.04M 5s
  4250K .......... .......... .......... .......... .......... 33% 1.23M 5s
  4300K .......... .......... .......... .......... .......... 33% 1.74M 5s
  4350K .......... .......... .......... .......... .......... 34% 2.25M 5s
  4400K .......... .......... .......... .......... .......... 34% 2.85M 5s
  4450K .......... .......... .......... .......... .......... 34% 3.11M 5s
  4500K .......... .......... .......... .......... .......... 35% 1.65M 5s
  4550K .......... .......... .......... .......... .......... 35% 1.70M 5s
  4600K .......... .......... .......... .......... .......... 36% 1.69M 5s
  4650K .......... .......... .......... .......... .......... 36% 1.22M 5s
  4700K .......... .......... .......... .......... .......... 36%  996K 5s
  4750K .......... .......... .......... .......... .......... 37% 1.72M 5s
  4800K .......... .......... .......... .......... .......... 37% 1.90M 5s
  4850K .......... .......... .......... .......... .......... 38% 1.98M 5s
  4900K .......... .......... .......... .......... .......... 38% 1.93M 5s
  4950K .......... .......... .......... .......... .......... 38% 1.98M 5s
  5000K .......... .......... .......... .......... .......... 39% 1.66M 5s
  5050K .......... .......... .......... .......... .......... 39% 1.40M 5s
  5100K .......... .......... .......... .......... .......... 39%  207K 5s
  5150K .......... .......... .......... .......... .......... 40% 1.49M 5s
  5200K .......... .......... .......... .......... .......... 40% 1.77M 5s
  5250K .......... .......... .......... .......... .......... 41% 1.08M 5s
  5300K .......... .......... .......... .......... .......... 41% 1.31M 5s
  5350K .......... .......... .......... .......... .......... 41% 1.96M 5s
  5400K .......... .......... .......... .......... .......... 42% 1.28M 5s
  5450K .......... .......... .......... .......... .......... 42% 1.35M 5s
  5500K .......... .......... .......... .......... .......... 43% 1.45M 5s
  5550K .......... .......... .......... .......... .......... 43% 1.71M 5s
  5600K .......... .......... .......... .......... .......... 43% 1.53M 5s
  5650K .......... .......... .......... .......... .......... 44% 1.46M 5s
  5700K .......... .......... .......... .......... .......... 44% 2.02M 5s
  5750K .......... .......... .......... .......... .......... 45% 1.79M 5s
  5800K .......... .......... .......... .......... .......... 45% 1.58M 5s
  5850K .......... .......... .......... .......... .......... 45% 2.08M 5s
  5900K .......... .......... .......... .......... .......... 46% 1.66M 5s
  5950K .......... .......... .......... .......... .......... 46% 1.95M 5s
  6000K .......... .......... .......... .......... .......... 46% 1.87M 5s
  6050K .......... .......... .......... .......... .......... 47%  211K 5s
  6100K .......... .......... .......... .......... .......... 47% 1.08M 5s
  6150K .......... .......... .......... .......... .......... 48% 1.93M 5s
  6200K .......... .......... .......... .......... .......... 48% 1.50M 5s
  6250K .......... .......... .......... .......... .......... 48% 1.75M 5s
  6300K .......... .......... .......... .......... .......... 49% 1.76M 5s
  6350K .......... .......... .......... .......... .......... 49% 1.40M 4s
  6400K .......... .......... .......... .......... .......... 50% 2.14M 4s
  6450K .......... .......... .......... .......... .......... 50% 2.60M 4s
  6500K .......... .......... .......... .......... .......... 50% 3.10M 4s
  6550K .......... .......... .......... .......... .......... 51% 2.52M 4s
  6600K .......... .......... .......... .......... .......... 51% 1.88M 4s
  6650K .......... .......... .......... .......... .......... 52% 1.69M 4s
  6700K .......... .......... .......... .......... .......... 52% 1.57M 4s
  6750K .......... .......... .......... .......... .......... 52% 1.32M 4s
  6800K .......... .......... .......... .......... .......... 53% 1.02M 4s
  6850K .......... .......... .......... .......... .......... 53% 1.56M 4s
  6900K .......... .......... .......... .......... .......... 53% 1.37M 4s
  6950K .......... .......... .......... .......... .......... 54% 1.76M 4s
  7000K .......... .......... .......... .......... .......... 54% 1.05M 4s
  7050K .......... .......... .......... .......... .......... 55% 1.15M 4s
  7100K .......... .......... .......... .......... .......... 55% 1.19M 4s
  7150K .......... .......... .......... .......... .......... 55% 1.13M 4s
  7200K .......... .......... .......... .......... .......... 56% 1.23M 4s
  7250K .......... .......... .......... .......... .......... 56% 1.23M 4s
  7300K .......... .......... .......... .......... .......... 57% 1.17M 4s
  7350K .......... .......... .......... .......... .......... 57% 1.15M 4s
  7400K .......... .......... .......... .......... .......... 57% 1.38M 4s
  7450K .......... .......... .......... .......... .......... 58% 1.28M 4s
  7500K .......... .......... .......... .......... .......... 58% 1.35M 4s
  7550K .......... .......... .......... .......... .......... 58% 1.59M 4s
  7600K .......... .......... .......... .......... .......... 59% 2.77M 4s
  7650K .......... .......... .......... .......... .......... 59% 1.44M 4s
  7700K .......... .......... .......... .......... .......... 60% 2.41M 4s
  7750K .......... .......... .......... .......... .......... 60% 1.60M 3s
  7800K .......... .......... .......... .......... .......... 60% 1.29M 3s
  7850K .......... .......... .......... .......... .......... 61% 1.21M 3s
  7900K .......... .......... .......... .......... .......... 61% 2.34M 3s
  7950K .......... .......... .......... .......... .......... 62% 1.68M 3s
  8000K .......... .......... .......... .......... .......... 62% 1.39M 3s
  8050K .......... .......... .......... .......... .......... 62% 1.14M 3s
  8100K .......... .......... .......... .......... .......... 63% 1.20M 3s
  8150K .......... .......... .......... .......... .......... 63%  982K 3s
  8200K .......... .......... .......... .......... .......... 64% 1.25M 3s
  8250K .......... .......... .......... .......... .......... 64% 1.44M 3s
  8300K .......... .......... .......... .......... .......... 64% 1.25M 3s
  8350K .......... .......... .......... .......... .......... 65% 1.61M 3s
  8400K .......... .......... .......... .......... .......... 65% 1.53M 3s
  8450K .......... .......... .......... .......... .......... 65% 2.04M 3s
  8500K .......... .......... .......... .......... .......... 66% 2.04M 3s
  8550K .......... .......... .......... .......... .......... 66% 2.11M 3s
  8600K .......... .......... .......... .......... .......... 67% 2.40M 3s
  8650K .......... .......... .......... .......... .......... 67% 2.32M 3s
  8700K .......... .......... .......... .......... .......... 67% 1.99M 3s
  8750K .......... .......... .......... .......... .......... 68% 1.78M 3s
  8800K .......... .......... .......... .......... .......... 68% 2.27M 3s
  8850K .......... .......... .......... .......... .......... 69% 1.63M 3s
  8900K .......... .......... .......... .......... .......... 69% 1.01M 3s
  8950K .......... .......... .......... .......... .......... 69%  203K 3s
  9000K .......... .......... .......... .......... .......... 70%  211K 3s
  9050K .......... .......... .......... .......... .......... 70% 1.53M 3s
  9100K .......... .......... .......... .......... .......... 71% 2.76M 3s
  9150K .......... .......... .......... .......... .......... 71% 2.81M 3s
  9200K .......... .......... .......... .......... .......... 71% 2.23M 3s
  9250K .......... .......... .......... .......... .......... 72% 2.08M 3s
  9300K .......... .......... .......... .......... .......... 72% 2.01M 3s
  9350K .......... .......... .......... .......... .......... 72% 1.78M 2s
  9400K .......... .......... .......... .......... .......... 73% 2.09M 2s
  9450K .......... .......... .......... .......... .......... 73% 1.58M 2s
  9500K .......... .......... .......... .......... .......... 74% 1.86M 2s
  9550K .......... .......... .......... .......... .......... 74% 1.79M 2s
  9600K .......... .......... .......... .......... .......... 74% 1.53M 2s
  9650K .......... .......... .......... .......... .......... 75% 1.82M 2s
  9700K .......... .......... .......... .......... .......... 75% 1.83M 2s
  9750K .......... .......... .......... .......... .......... 76% 2.31M 2s
  9800K .......... .......... .......... .......... .......... 76% 1.82M 2s
  9850K .......... .......... .......... .......... .......... 76% 1.64M 2s
  9900K .......... .......... .......... .......... .......... 77% 1.69M 2s
  9950K .......... .......... .......... .......... .......... 77% 2.32M 2s
 10000K .......... .......... .......... .......... .......... 78% 2.20M 2s
 10050K .......... .......... .......... .......... .......... 78% 2.86M 2s
 10100K .......... .......... .......... .......... .......... 78% 1.86M 2s
 10150K .......... .......... .......... .......... .......... 79% 1.71M 2s
 10200K .......... .......... .......... .......... .......... 79% 1.80M 2s
 10250K .......... .......... .......... .......... .......... 79% 1.58M 2s
 10300K .......... .......... .......... .......... .......... 80% 1.34M 2s
 10350K .......... .......... .......... .......... .......... 80% 1.42M 2s
 10400K .......... .......... .......... .......... .......... 81% 1.66M 2s
 10450K .......... .......... .......... .......... .......... 81% 1.69M 2s
 10500K .......... .......... .......... .......... .......... 81% 2.63M 2s
 10550K .......... .......... .......... .......... .......... 82% 1.55M 2s
 10600K .......... .......... .......... .......... .......... 82% 1.65M 2s
 10650K .......... .......... .......... .......... .......... 83% 1.19M 2s
 10700K .......... .......... .......... .......... .......... 83% 2.39M 1s
 10750K .......... .......... .......... .......... .......... 83% 2.66M 1s
 10800K .......... .......... .......... .......... .......... 84% 3.30M 1s
 10850K .......... .......... .......... .......... .......... 84% 2.81M 1s
 10900K .......... .......... .......... .......... .......... 84% 1.39M 1s
 10950K .......... .......... .......... .......... .......... 85% 1.39M 1s
 11000K .......... .......... .......... .......... .......... 85% 2.43M 1s
 11050K .......... .......... .......... .......... .......... 86% 2.11M 1s
 11100K .......... .......... .......... .......... .......... 86% 1.49M 1s
 11150K .......... .......... .......... .......... .......... 86% 1.93M 1s
 11200K .......... .......... .......... .......... .......... 87% 1.92M 1s
 11250K .......... .......... .......... .......... .......... 87% 2.00M 1s
 11300K .......... .......... .......... .......... .......... 88% 1.65M 1s
 11350K .......... .......... .......... .......... .......... 88% 1.51M 1s
 11400K .......... .......... .......... .......... .......... 88% 2.30M 1s
 11450K .......... .......... .......... .......... .......... 89% 1.78M 1s
 11500K .......... .......... .......... .......... .......... 89% 2.00M 1s
 11550K .......... .......... .......... .......... .......... 90% 1.63M 1s
 11600K .......... .......... .......... .......... .......... 90% 1.64M 1s
 11650K .......... .......... .......... .......... .......... 90% 1.82M 1s
 11700K .......... .......... .......... .......... .......... 91% 2.03M 1s
 11750K .......... .......... .......... .......... .......... 91% 2.10M 1s
 11800K .......... .......... .......... .......... .......... 91% 1.82M 1s
 11850K .......... .......... .......... .......... .......... 92% 1.83M 1s
 11900K .......... .......... .......... .......... .......... 92% 1.35M 1s
 11950K .......... .......... .......... .......... .......... 93% 1.39M 1s
 12000K .......... .......... .......... .......... .......... 93% 1.40M 1s
 12050K .......... .......... .......... .......... .......... 93% 1.12M 1s
 12100K .......... .......... .......... .......... .......... 94% 1.23M 0s
 12150K .......... .......... .......... .......... .......... 94% 1.24M 0s
 12200K .......... .......... .......... .......... .......... 95% 1.57M 0s
 12250K .......... .......... .......... .......... .......... 95% 1.35M 0s
 12300K .......... .......... .......... .......... .......... 95% 1.57M 0s
 12350K .......... .......... .......... .......... .......... 96% 1.20M 0s
 12400K .......... .......... .......... .......... .......... 96%  207K 0s
 12450K .......... .......... .......... .......... .......... 97% 1.39M 0s
 12500K .......... .......... .......... .......... .......... 97% 1.49M 0s
 12550K .......... .......... .......... .......... .......... 97% 1.24M 0s
 12600K .......... .......... .......... .......... .......... 98% 2.10M 0s
 12650K .......... .......... .......... .......... .......... 98% 2.10M 0s
 12700K .......... .......... .......... .......... .......... 98% 2.02M 0s
 12750K .......... .......... .......... .......... .......... 99% 2.42M 0s
 12800K .......... .......... .......... .......... .......... 99% 1.91M 0s
 12850K .......... .......... .......... ....                 100% 1.54M=8.9s

2016-05-25 03:51:48 (1.41 MB/s) - ‘index.html.7’ saved [13193358/13193358]

