--2016-05-25 03:38:46--  http://10.30.50.93:8000/
Connecting to 10.30.50.93:8000... connected.
HTTP request sent, awaiting response... 200 OK
Length: 13193358 (13M) [text/html]
Saving to: ‘index.html.12’

     0K .......... .......... .......... .......... ..........  0%  991K 13s
    50K .......... .......... .......... .......... ..........  0%  988K 13s
   100K .......... .......... .......... .......... ..........  1% 1.42M 11s
   150K .......... .......... .......... .......... ..........  1% 1.18M 11s
   200K .......... .......... .......... .......... ..........  1% 1.30M 11s
   250K .......... .......... .......... .......... ..........  2% 1.05M 11s
   300K .......... .......... .......... .......... ..........  2%  828K 12s
   350K .......... .......... .......... .......... ..........  3%  120K 23s
   400K .......... .......... .......... .......... ..........  3%  892K 22s
   450K .......... .......... .......... .......... ..........  3% 1.07M 21s
   500K .......... .......... .......... .......... ..........  4%  999K 20s
   550K .......... .......... .......... .......... ..........  4% 1.14M 19s
   600K .......... .......... .......... .......... ..........  5% 1.34M 18s
   650K .......... .......... .......... .......... ..........  5%  158K 22s
   700K .......... .......... .......... .......... ..........  5% 1.12M 21s
   750K .......... .......... .......... .......... ..........  6% 1.06M 21s
   800K .......... .......... .......... .......... ..........  6%  983K 20s
   850K .......... .......... .......... .......... ..........  6% 1.31M 19s
   900K .......... .......... .......... .......... ..........  7%  192K 22s
   950K .......... .......... .......... .......... ..........  7% 1.18M 21s
  1000K .......... .......... .......... .......... ..........  8%  914K 21s
  1050K .......... .......... .......... .......... ..........  8%  983K 20s
  1100K .......... .......... .......... .......... ..........  8% 1.19M 19s
  1150K .......... .......... .......... .......... ..........  9% 1.09M 19s
  1200K .......... .......... .......... .......... ..........  9% 1000K 19s
  1250K .......... .......... .......... .......... .......... 10% 2.21M 18s
  1300K .......... .......... .......... .......... .......... 10% 1.49M 18s
  1350K .......... .......... .......... .......... .......... 10% 1.82M 17s
  1400K .......... .......... .......... .......... .......... 11%  206K 18s
  1450K .......... .......... .......... .......... .......... 11% 1.09M 18s
  1500K .......... .......... .......... .......... .......... 12% 1.08M 18s
  1550K .......... .......... .......... .......... .......... 12% 1.38M 17s
  1600K .......... .......... .......... .......... .......... 12%  996K 17s
  1650K .......... .......... .......... .......... .......... 13%  204K 18s
  1700K .......... .......... .......... .......... .......... 13%  199K 19s
  1750K .......... .......... .......... .......... .......... 13%  937K 19s
  1800K .......... .......... .......... .......... .......... 14% 1.17M 18s
  1850K .......... .......... .......... .......... .......... 14% 1010K 18s
  1900K .......... .......... .......... .......... .......... 15% 1.27M 18s
  1950K .......... .......... .......... .......... .......... 15%  200K 19s
  2000K .......... .......... .......... .......... .......... 15%  192K 20s
  2050K .......... .......... .......... .......... .......... 16%  935K 19s
  2100K .......... .......... .......... .......... .......... 16%  110K 21s
  2150K .......... .......... .......... .......... .......... 17% 1.06M 21s
  2200K .......... .......... .......... .......... .......... 17%  869K 20s
  2250K .......... .......... .......... .......... .......... 17%  114K 22s
  2300K .......... .......... .......... .......... .......... 18% 1.46M 21s
  2350K .......... .......... .......... .......... .......... 18%  209K 22s
  2400K .......... .......... .......... .......... .......... 19%  201K 22s
  2450K .......... .......... .......... .......... .......... 19% 1.07M 22s
  2500K .......... .......... .......... .......... .......... 19% 1005K 22s
  2550K .......... .......... .......... .......... .......... 20% 47.1K 25s
  2600K .......... .......... .......... .......... .......... 20% 1.19M 25s
  2650K .......... .......... .......... .......... .......... 20% 1.17M 25s
  2700K .......... .......... .......... .......... .......... 21% 1.03M 24s
  2750K .......... .......... .......... .......... .......... 21% 1.05M 24s
  2800K .......... .......... .......... .......... .......... 22% 1.19M 23s
  2850K .......... .......... .......... .......... .......... 22%  888K 23s
  2900K .......... .......... .......... .......... .......... 22% 1.19M 23s
  2950K .......... .......... .......... .......... .......... 23% 1.14M 22s
  3000K .......... .......... .......... .......... .......... 23% 1.17M 22s
  3050K .......... .......... .......... .......... .......... 24%  961K 22s
  3100K .......... .......... .......... .......... .......... 24% 1.45M 21s
  3150K .......... .......... .......... .......... .......... 24%  210K 22s
  3200K .......... .......... .......... .......... .......... 25% 1.10M 21s
  3250K .......... .......... .......... .......... .......... 25%  107K 22s
  3300K .......... .......... .......... .......... .......... 26% 1.41M 22s
  3350K .......... .......... .......... .......... .......... 26%  879K 22s
  3400K .......... .......... .......... .......... .......... 26% 1.32M 21s
  3450K .......... .......... .......... .......... .......... 27%  940K 21s
  3500K .......... .......... .......... .......... .......... 27% 76.0K 22s
  3550K .......... .......... .......... .......... .......... 27% 1.11M 22s
  3600K .......... .......... .......... .......... .......... 28% 1.12M 22s
  3650K .......... .......... .......... .......... .......... 28% 59.0K 23s
  3700K .......... .......... .......... .......... .......... 29% 1.16M 23s
  3750K .......... .......... .......... .......... .......... 29% 1.11M 23s
  3800K .......... .......... .......... .......... .......... 29% 1.10M 22s
  3850K .......... .......... .......... .......... .......... 30%  200K 23s
  3900K .......... .......... .......... .......... .......... 30%  960K 22s
  3950K .......... .......... .......... .......... .......... 31% 1.19M 22s
  4000K .......... .......... .......... .......... .......... 31% 1.04M 22s
  4050K .......... .......... .......... .......... .......... 31%  110K 22s
  4100K .......... .......... .......... .......... .......... 32% 1.42M 22s
  4150K .......... .......... .......... .......... .......... 32% 1.19M 22s
  4200K .......... .......... .......... .......... .......... 32%  206K 22s
  4250K .......... .......... .......... .......... .......... 33% 1.07M 22s
  4300K .......... .......... .......... .......... .......... 33% 1.18M 21s
  4350K .......... .......... .......... .......... .......... 34%  953K 21s
  4400K .......... .......... .......... .......... .......... 34% 1.14M 21s
  4450K .......... .......... .......... .......... .......... 34% 1.10M 20s
  4500K .......... .......... .......... .......... .......... 35%  133K 21s
  4550K .......... .......... .......... .......... .......... 35% 1.24M 20s
  4600K .......... .......... .......... .......... .......... 36%  949K 20s
  4650K .......... .......... .......... .......... .......... 36% 1.16M 20s
  4700K .......... .......... .......... .......... .......... 36% 1.07M 20s
  4750K .......... .......... .......... .......... .......... 37%  205K 20s
  4800K .......... .......... .......... .......... .......... 37% 1.51M 20s
  4850K .......... .......... .......... .......... .......... 38% 1.33M 19s
  4900K .......... .......... .......... .......... .......... 38%  201K 19s
  4950K .......... .......... .......... .......... .......... 38% 1.31M 19s
  5000K .......... .......... .......... .......... .......... 39% 1.15M 19s
  5050K .......... .......... .......... .......... .......... 39% 1.46M 19s
  5100K .......... .......... .......... .......... .......... 39% 1.75M 18s
  5150K .......... .......... .......... .......... .......... 40% 1.56M 18s
  5200K .......... .......... .......... .......... .......... 40% 1.15M 18s
  5250K .......... .......... .......... .......... .......... 41% 1.01M 18s
  5300K .......... .......... .......... .......... .......... 41%  113K 18s
  5350K .......... .......... .......... .......... .......... 41%  936K 18s
  5400K .......... .......... .......... .......... .......... 42%  189K 18s
  5450K .......... .......... .......... .......... .......... 42% 76.7K 18s
  5500K .......... .......... .......... .......... .......... 43% 1.26M 18s
  5550K .......... .......... .......... .......... .......... 43% 1.29M 18s
  5600K .......... .......... .......... .......... .......... 43%  946K 18s
  5650K .......... .......... .......... .......... .......... 44% 1.49M 18s
  5700K .......... .......... .......... .......... .......... 44% 1.17M 17s
  5750K .......... .......... .......... .......... .......... 45% 1.36M 17s
  5800K .......... .......... .......... .......... .......... 45% 1.27M 17s
  5850K .......... .......... .......... .......... .......... 45%  111K 17s
  5900K .......... .......... .......... .......... .......... 46%  185K 17s
  5950K .......... .......... .......... .......... .......... 46% 1.27M 17s
  6000K .......... .......... .......... .......... .......... 46%  209K 17s
  6050K .......... .......... .......... .......... .......... 47% 1.21M 17s
  6100K .......... .......... .......... .......... .......... 47% 1.07M 17s
  6150K .......... .......... .......... .......... .......... 48% 1.11M 16s
  6200K .......... .......... .......... .......... .......... 48%  201K 16s
  6250K .......... .......... .......... .......... .......... 48% 1.39M 16s
  6300K .......... .......... .......... .......... .......... 49% 1.77M 16s
  6350K .......... .......... .......... .......... .......... 49% 1.29M 16s
  6400K .......... .......... .......... .......... .......... 50%  202K 16s
  6450K .......... .......... .......... .......... .......... 50% 1.77M 15s
  6500K .......... .......... .......... .......... .......... 50% 1.90M 15s
  6550K .......... .......... .......... .......... .......... 51% 1.60M 15s
  6600K .......... .......... .......... .......... .......... 51% 1.24M 15s
  6650K .......... .......... .......... .......... .......... 52% 1.39M 15s
  6700K .......... .......... .......... .......... .......... 52% 2.16M 14s
  6750K .......... .......... .......... .......... .......... 52% 1.78M 14s
  6800K .......... .......... .......... .......... .......... 53%  209K 14s
  6850K .......... .......... .......... .......... .......... 53% 1.35M 14s
  6900K .......... .......... .......... .......... .......... 53% 1.24M 14s
  6950K .......... .......... .......... .......... .......... 54%  199K 14s
  7000K .......... .......... .......... .......... .......... 54% 1.14M 14s
  7050K .......... .......... .......... .......... .......... 55%  971K 14s
  7100K .......... .......... .......... .......... .......... 55% 1.33M 13s
  7150K .......... .......... .......... .......... .......... 55% 1.45M 13s
  7200K .......... .......... .......... .......... .......... 56% 1.27M 13s
  7250K .......... .......... .......... .......... .......... 56% 1.10M 13s
  7300K .......... .......... .......... .......... .......... 57%  897K 13s
  7350K .......... .......... .......... .......... .......... 57% 1.20M 13s
  7400K .......... .......... .......... .......... .......... 57% 1.14M 12s
  7450K .......... .......... .......... .......... .......... 58%  887K 12s
  7500K .......... .......... .......... .......... .......... 58% 1.24M 12s
  7550K .......... .......... .......... .......... .......... 58% 1.01M 12s
  7600K .......... .......... .......... .......... .......... 59%  794K 12s
  7650K .......... .......... .......... .......... .......... 59%  961K 12s
  7700K .......... .......... .......... .......... .......... 60% 1.25M 11s
  7750K .......... .......... .......... .......... .......... 60% 1.06M 11s
  7800K .......... .......... .......... .......... .......... 60% 1.13M 11s
  7850K .......... .......... .......... .......... .......... 61% 1.29M 11s
  7900K .......... .......... .......... .......... .......... 61% 1.73M 11s
  7950K .......... .......... .......... .......... .......... 62%  204K 11s
  8000K .......... .......... .......... .......... .......... 62% 1.14M 11s
  8050K .......... .......... .......... .......... .......... 62% 1.28M 10s
  8100K .......... .......... .......... .......... .......... 63% 1.53M 10s
  8150K .......... .......... .......... .......... .......... 63% 2.06M 10s
  8200K .......... .......... .......... .......... .......... 64%  207K 10s
  8250K .......... .......... .......... .......... .......... 64% 1.33M 10s
  8300K .......... .......... .......... .......... .......... 64%  210K 10s
  8350K .......... .......... .......... .......... .......... 65%  205K 10s
  8400K .......... .......... .......... .......... .......... 65% 1.38M 10s
  8450K .......... .......... .......... .......... .......... 65% 1.61M 10s
  8500K .......... .......... .......... .......... .......... 66% 1.15M 9s
  8550K .......... .......... .......... .......... .......... 66% 1.30M 9s
  8600K .......... .......... .......... .......... .......... 67% 1.09M 9s
  8650K .......... .......... .......... .......... .......... 67%  188K 9s
  8700K .......... .......... .......... .......... .......... 67%  196K 9s
  8750K .......... .......... .......... .......... .......... 68% 1.56M 9s
  8800K .......... .......... .......... .......... .......... 68% 76.6K 9s
  8850K .......... .......... .......... .......... .......... 69%  106K 9s
  8900K .......... .......... .......... .......... .......... 69% 1.03M 9s
  8950K .......... .......... .......... .......... .......... 69% 1.06M 9s
  9000K .......... .......... .......... .......... .......... 70% 1.13M 9s
  9050K .......... .......... .......... .......... .......... 70% 1.47M 9s
  9100K .......... .......... .......... .......... .......... 71%  207K 8s
  9150K .......... .......... .......... .......... .......... 71%  197K 8s
  9200K .......... .......... .......... .......... .......... 71% 1.41M 8s
  9250K .......... .......... .......... .......... .......... 72% 1.18M 8s
  9300K .......... .......... .......... .......... .......... 72% 76.7K 8s
  9350K .......... .......... .......... .......... .......... 72%  907K 8s
  9400K .......... .......... .......... .......... .......... 73% 1020K 8s
  9450K .......... .......... .......... .......... .......... 73%  920K 8s
  9500K .......... .......... .......... .......... .......... 74% 1.23M 8s
  9550K .......... .......... .......... .......... .......... 74%  201K 8s
  9600K .......... .......... .......... .......... .......... 74% 1.23M 7s
  9650K .......... .......... .......... .......... .......... 75% 1.68M 7s
  9700K .......... .......... .......... .......... .......... 75% 1.39M 7s
  9750K .......... .......... .......... .......... .......... 76%  206K 7s
  9800K .......... .......... .......... .......... .......... 76% 1.74M 7s
  9850K .......... .......... .......... .......... .......... 76%  191K 7s
  9900K .......... .......... .......... .......... .......... 77% 1.41M 7s
  9950K .......... .......... .......... .......... .......... 77% 1.25M 7s
 10000K .......... .......... .......... .......... .......... 78% 1.09M 6s
 10050K .......... .......... .......... .......... .......... 78% 1.32M 6s
 10100K .......... .......... .......... .......... .......... 78% 1.29M 6s
 10150K .......... .......... .......... .......... .......... 79%  206K 6s
 10200K .......... .......... .......... .......... .......... 79%  210K 6s
 10250K .......... .......... .......... .......... .......... 79% 1.18M 6s
 10300K .......... .......... .......... .......... .......... 80% 1.06M 6s
 10350K .......... .......... .......... .......... .......... 80% 1.57M 6s
 10400K .......... .......... .......... .......... .......... 81% 1.41M 6s
 10450K .......... .......... .......... .......... .......... 81% 1.28M 5s
 10500K .......... .......... .......... .......... .......... 81%  112K 5s
 10550K .......... .......... .......... .......... .......... 82%  199K 5s
 10600K .......... .......... .......... .......... .......... 82% 1.05M 5s
 10650K .......... .......... .......... .......... .......... 83%  205K 5s
 10700K .......... .......... .......... .......... .......... 83%  994K 5s
 10750K .......... .......... .......... .......... .......... 83% 1.32M 5s
 10800K .......... .......... .......... .......... .......... 84% 1.09M 5s
 10850K .......... .......... .......... .......... .......... 84% 58.9K 5s
 10900K .......... .......... .......... .......... .......... 84% 1.11M 5s
 10950K .......... .......... .......... .......... .......... 85%  950K 4s
 11000K .......... .......... .......... .......... .......... 85%  201K 4s
 11050K .......... .......... .......... .......... .......... 86% 1.02M 4s
 11100K .......... .......... .......... .......... .......... 86%  921K 4s
 11150K .......... .......... .......... .......... .......... 86% 1.16M 4s
 11200K .......... .......... .......... .......... .......... 87%  196K 4s
 11250K .......... .......... .......... .......... .......... 87% 1.08M 4s
 11300K .......... .......... .......... .......... .......... 88% 75.5K 4s
 11350K .......... .......... .......... .......... .......... 88% 1.09M 4s
 11400K .......... .......... .......... .......... .......... 88%  209K 3s
 11450K .......... .......... .......... .......... .......... 89%  960K 3s
 11500K .......... .......... .......... .......... .......... 89% 1.32M 3s
 11550K .......... .......... .......... .......... .......... 90% 1.19M 3s
 11600K .......... .......... .......... .......... .......... 90% 1.31M 3s
 11650K .......... .......... .......... .......... .......... 90% 1.00M 3s
 11700K .......... .......... .......... .......... .......... 91% 1.09M 3s
 11750K .......... .......... .......... .......... .......... 91%  206K 3s
 11800K .......... .......... .......... .......... .......... 91%  114K 2s
 11850K .......... .......... .......... .......... .......... 92% 1.56M 2s
 11900K .......... .......... .......... .......... .......... 92% 1.46M 2s
 11950K .......... .......... .......... .......... .......... 93% 1.73M 2s
 12000K .......... .......... .......... .......... .......... 93% 1.18M 2s
 12050K .......... .......... .......... .......... .......... 93% 1.70M 2s
 12100K .......... .......... .......... .......... .......... 94%  195K 2s
 12150K .......... .......... .......... .......... .......... 94% 1.22M 2s
 12200K .......... .......... .......... .......... .......... 95% 1.01M 1s
 12250K .......... .......... .......... .......... .......... 95% 1.04M 1s
 12300K .......... .......... .......... .......... .......... 95% 47.0K 1s
 12350K .......... .......... .......... .......... .......... 96%  997K 1s
 12400K .......... .......... .......... .......... .......... 96% 1.30M 1s
 12450K .......... .......... .......... .......... .......... 97%  199K 1s
 12500K .......... .......... .......... .......... .......... 97% 1.12M 1s
 12550K .......... .......... .......... .......... .......... 97% 1.07M 1s
 12600K .......... .......... .......... .......... .......... 98% 1.02M 1s
 12650K .......... .......... .......... .......... .......... 98%  198K 0s
 12700K .......... .......... .......... .......... .......... 98%  209K 0s
 12750K .......... .......... .......... .......... .......... 99% 1.26M 0s
 12800K .......... .......... .......... .......... .......... 99% 1.24M 0s
 12850K .......... .......... .......... ....                 100% 53.4K=32s

2016-05-25 03:39:19 (407 KB/s) - ‘index.html.12’ saved [13193358/13193358]

