--2016-05-25 01:52:43--  http://10.30.50.93:8000/
Connecting to 10.30.50.93:8000... connected.
HTTP request sent, awaiting response... 200 OK
Length: 13193358 (13M) [text/html]
Saving to: ‘index.html.16’

     0K .......... .......... .......... .......... ..........  0%  185K 69s
    50K .......... .......... .......... .......... ..........  0%  203K 66s
   100K .......... .......... .......... .......... ..........  1%  220K 63s
   150K .......... .......... .......... .......... ..........  1% 57.4K 1m42s
   200K .......... .......... .......... .......... ..........  1%  103K 1m46s
   250K .......... .......... .......... .......... ..........  2%  110K 1m47s
   300K .......... .......... .......... .......... ..........  2%  101K 1m49s
   350K .......... .......... .......... .......... ..........  3%  219K 1m42s
   400K .......... .......... .......... .......... ..........  3%  209K 97s
   450K .......... .......... .......... .......... ..........  3%  174K 94s
   500K .......... .......... .......... .......... ..........  4%  177K 92s
   550K .......... .......... .......... .......... ..........  4%  203K 89s
   600K .......... .......... .......... .......... ..........  5% 60.4K 97s
   650K .......... .......... .......... .......... ..........  5%  110K 98s
   700K .......... .......... .......... .......... ..........  5%  110K 98s
   750K .......... .......... .......... .......... ..........  6%  198K 96s
   800K .......... .......... .......... .......... ..........  6%  114K 96s
   850K .......... .......... .......... .......... ..........  6%  203K 93s
   900K .......... .......... .......... .......... ..........  7%  214K 91s
   950K .......... .......... .......... .......... ..........  7%  139K 90s
  1000K .......... .......... .......... .......... ..........  8% 45.5K 98s
  1050K .......... .......... .......... .......... ..........  8% 65.1K 1m41s
  1100K .......... .......... .......... .......... ..........  8% 71.8K 1m44s
  1150K .......... .......... .......... .......... ..........  9%  102K 1m44s
  1200K .......... .......... .......... .......... ..........  9%  209K 1m41s
  1250K .......... .......... .......... .......... .......... 10%  208K 99s
  1300K .......... .......... .......... .......... .......... 10%  208K 97s
  1350K .......... .......... .......... .......... .......... 10%  194K 95s
  1400K .......... .......... .......... .......... .......... 11%  198K 94s
  1450K .......... .......... .......... .......... .......... 11%  173K 92s
  1500K .......... .......... .......... .......... .......... 12%  204K 91s
  1550K .......... .......... .......... .......... .......... 12% 72.4K 92s
  1600K .......... .......... .......... .......... .......... 12%  203K 91s
  1650K .......... .......... .......... .......... .......... 13%  185K 90s
  1700K .......... .......... .......... .......... .......... 13%  198K 88s
  1750K .......... .......... .......... .......... .......... 13%  214K 87s
  1800K .......... .......... .......... .......... .......... 14% 73.7K 88s
  1850K .......... .......... .......... .......... .......... 14%  289K 87s
  1900K .......... .......... .......... .......... .......... 15%  185K 85s
  1950K .......... .......... .......... .......... .......... 15%  107K 85s
  2000K .......... .......... .......... .......... .......... 15% 36.2K 90s
  2050K .......... .......... .......... .......... .......... 16% 50.2K 93s
  2100K .......... .......... .......... .......... .......... 16%  245K 91s
  2150K .......... .......... .......... .......... .......... 17%  110K 91s
  2200K .......... .......... .......... .......... .......... 17% 70.1K 92s
  2250K .......... .......... .......... .......... .......... 17%  185K 91s
  2300K .......... .......... .......... .......... .......... 18%  182K 90s
  2350K .......... .......... .......... .......... .......... 18%  185K 89s
  2400K .......... .......... .......... .......... .......... 19% 99.3K 88s
  2450K .......... .......... .......... .......... .......... 19%  177K 87s
  2500K .......... .......... .......... .......... .......... 19%  204K 86s
  2550K .......... .......... .......... .......... .......... 20% 53.1K 88s
  2600K .......... .......... .......... .......... .......... 20%  102K 88s
  2650K .......... .......... .......... .......... .......... 20%  203K 87s
  2700K .......... .......... .......... .......... .......... 21%  160K 86s
  2750K .......... .......... .......... .......... .......... 21%  100K 86s
  2800K .......... .......... .......... .......... .......... 22%  110K 85s
  2850K .......... .......... .......... .......... .......... 22%  208K 84s
  2900K .......... .......... .......... .......... .......... 22% 56.3K 85s
  2950K .......... .......... .......... .......... .......... 23%  209K 84s
  3000K .......... .......... .......... .......... .......... 23%  181K 83s
  3050K .......... .......... .......... .......... .......... 24%  208K 82s
  3100K .......... .......... .......... .......... .......... 24%  185K 82s
  3150K .......... .......... .......... .......... .......... 24% 73.2K 82s
  3200K .......... .......... .......... .......... .......... 25% 68.3K 82s
  3250K .......... .......... .......... .......... .......... 25%  154K 82s
  3300K .......... .......... .......... .......... .......... 26%  177K 81s
  3350K .......... .......... .......... .......... .......... 26%  203K 80s
  3400K .......... .......... .......... .......... .......... 26% 91.6K 80s
  3450K .......... .......... .......... .......... .......... 27%  219K 79s
  3500K .......... .......... .......... .......... .......... 27%  199K 78s
  3550K .......... .......... .......... .......... .......... 27% 35.8K 80s
  3600K .......... .......... .......... .......... .......... 28% 67.8K 81s
  3650K .......... .......... .......... .......... .......... 28% 48.7K 82s
  3700K .......... .......... .......... .......... .......... 29%  198K 81s
  3750K .......... .......... .......... .......... .......... 29%  190K 80s
  3800K .......... .......... .......... .......... .......... 29% 99.2K 80s
  3850K .......... .......... .......... .......... .......... 30%  214K 79s
  3900K .......... .......... .......... .......... .......... 30%  225K 78s
  3950K .......... .......... .......... .......... .......... 31%  219K 77s
  4000K .......... .......... .......... .......... .......... 31%  190K 76s
  4050K .......... .......... .......... .......... .......... 31%  110K 76s
  4100K .......... .......... .......... .......... .......... 32%  194K 75s
  4150K .......... .......... .......... .......... .......... 32%  224K 74s
  4200K .......... .......... .......... .......... .......... 32% 53.8K 75s
  4250K .......... .......... .......... .......... .......... 33%  154K 74s
  4300K .......... .......... .......... .......... .......... 33%  208K 73s
  4350K .......... .......... .......... .......... .......... 34% 72.5K 73s
  4400K .......... .......... .......... .......... .......... 34%  198K 72s
  4450K .......... .......... .......... .......... .......... 34%  185K 72s
  4500K .......... .......... .......... .......... .......... 35% 94.7K 71s
  4550K .......... .......... .......... .......... .......... 35%  103K 71s
  4600K .......... .......... .......... .......... .......... 36% 66.2K 71s
  4650K .......... .......... .......... .......... .......... 36%  185K 71s
  4700K .......... .......... .......... .......... .......... 36%  246K 70s
  4750K .......... .......... .......... .......... .......... 37%  225K 69s
  4800K .......... .......... .......... .......... .......... 37%  194K 68s
  4850K .......... .......... .......... .......... .......... 38%  238K 67s
  4900K .......... .......... .......... .......... .......... 38%  220K 67s
  4950K .......... .......... .......... .......... .......... 38%  100K 66s
  5000K .......... .......... .......... .......... .......... 39%  199K 66s
  5050K .......... .......... .......... .......... .......... 39% 97.0K 65s
  5100K .......... .......... .......... .......... .......... 39%  208K 65s
  5150K .......... .......... .......... .......... .......... 40%  239K 64s
  5200K .......... .......... .......... .......... .......... 40%  219K 63s
  5250K .......... .......... .......... .......... .......... 41%  203K 63s
  5300K .......... .......... .......... .......... .......... 41%  220K 62s
  5350K .......... .......... .......... .......... .......... 41%  213K 61s
  5400K .......... .......... .......... .......... .......... 42%  199K 61s
  5450K .......... .......... .......... .......... .......... 42%  213K 60s
  5500K .......... .......... .......... .......... .......... 43%  209K 59s
  5550K .......... .......... .......... .......... .......... 43%  208K 59s
  5600K .......... .......... .......... .......... .......... 43% 54.8K 59s
  5650K .......... .......... .......... .......... .......... 44%  157K 59s
  5700K .......... .......... .......... .......... .......... 44%  177K 58s
  5750K .......... .......... .......... .......... .......... 45%  107K 58s
  5800K .......... .......... .......... .......... .......... 45%  105K 57s
  5850K .......... .......... .......... .......... .......... 45%  232K 57s
  5900K .......... .......... .......... .......... .......... 46%  219K 56s
  5950K .......... .......... .......... .......... .......... 46%  204K 56s
  6000K .......... .......... .......... .......... .......... 46%  170K 55s
  6050K .......... .......... .......... .......... .......... 47%  100K 55s
  6100K .......... .......... .......... .......... .......... 47% 95.6K 54s
  6150K .......... .......... .......... .......... .......... 48%  154K 54s
  6200K .......... .......... .......... .......... .......... 48%  111K 54s
  6250K .......... .......... .......... .......... .......... 48%  209K 53s
  6300K .......... .......... .......... .......... .......... 49% 44.1K 53s
  6350K .......... .......... .......... .......... .......... 49%  103K 53s
  6400K .......... .......... .......... .......... .......... 50%  190K 52s
  6450K .......... .......... .......... .......... .......... 50%  177K 52s
  6500K .......... .......... .......... .......... .......... 50% 54.5K 52s
  6550K .......... .......... .......... .......... .......... 51% 53.4K 52s
  6600K .......... .......... .......... .......... .......... 51%  104K 52s
  6650K .......... .......... .......... .......... .......... 52% 57.9K 52s
  6700K .......... .......... .......... .......... .......... 52% 34.7K 52s
  6750K .......... .......... .......... .......... .......... 52% 4.10M 51s
  6800K .......... .......... .......... .......... .......... 53%  107K 51s
  6850K .......... .......... .......... .......... .......... 53%  199K 51s
  6900K .......... .......... .......... .......... .......... 53%  214K 50s
  6950K .......... .......... .......... .......... .......... 54%  105K 50s
  7000K .......... .......... .......... .......... .......... 54%  110K 49s
  7050K .......... .......... .......... .......... .......... 55% 70.6K 49s
  7100K .......... .......... .......... .......... .......... 55%  170K 48s
  7150K .......... .......... .......... .......... .......... 55%  185K 48s
  7200K .......... .......... .......... .......... .......... 56%  107K 48s
  7250K .......... .......... .......... .......... .......... 56% 68.2K 47s
  7300K .......... .......... .......... .......... .......... 57%  220K 47s
  7350K .......... .......... .......... .......... .......... 57%  107K 46s
  7400K .......... .......... .......... .......... .......... 57% 71.8K 46s
  7450K .......... .......... .......... .......... .......... 58%  219K 46s
  7500K .......... .......... .......... .......... .......... 58% 25.1K 46s
  7550K .......... .......... .......... .......... .......... 58% 96.9K 46s
  7600K .......... .......... .......... .......... .......... 59%  209K 45s
  7650K .......... .......... .......... .......... .......... 59%  103K 45s
  7700K .......... .......... .......... .......... .......... 60% 71.8K 45s
  7750K .......... .......... .......... .......... .......... 60%  209K 44s
  7800K .......... .......... .......... .......... .......... 60%  203K 44s
  7850K .......... .......... .......... .......... .......... 61% 55.9K 43s
  7900K .......... .......... .......... .......... .......... 61%  238K 43s
  7950K .......... .......... .......... .......... .......... 62%  198K 42s
  8000K .......... .......... .......... .......... .......... 62%  160K 42s
  8050K .......... .......... .......... .......... .......... 62%  189K 41s
  8100K .......... .......... .......... .......... .......... 63%  103K 41s
  8150K .......... .......... .......... .......... .......... 63%  219K 40s
  8200K .......... .......... .......... .......... .......... 64%  214K 40s
  8250K .......... .......... .......... .......... .......... 64%  193K 39s
  8300K .......... .......... .......... .......... .......... 64%  103K 39s
  8350K .......... .......... .......... .......... .......... 65%  178K 38s
  8400K .......... .......... .......... .......... .......... 65%  108K 38s
  8450K .......... .......... .......... .......... .......... 65% 89.6K 38s
  8500K .......... .......... .......... .......... .......... 66% 56.3K 37s
  8550K .......... .......... .......... .......... .......... 66%  103K 37s
  8600K .......... .......... .......... .......... .......... 67% 93.7K 37s
  8650K .......... .......... .......... .......... .......... 67%  117K 36s
  8700K .......... .......... .......... .......... .......... 67% 94.8K 36s
  8750K .......... .......... .......... .......... .......... 68% 71.2K 35s
  8800K .......... .......... .......... .......... .......... 68%  104K 35s
  8850K .......... .......... .......... .......... .......... 69%  177K 35s
  8900K .......... .......... .......... .......... .......... 69%  199K 34s
  8950K .......... .......... .......... .......... .......... 69%  193K 34s
  9000K .......... .......... .......... .......... .......... 70%  214K 33s
  9050K .......... .......... .......... .......... .......... 70%  102K 33s
  9100K .......... .......... .......... .......... .......... 71%  208K 32s
  9150K .......... .......... .......... .......... .......... 71% 87.6K 32s
  9200K .......... .......... .......... .......... .......... 71%  220K 31s
  9250K .......... .......... .......... .......... .......... 72%  108K 31s
  9300K .......... .......... .......... .......... .......... 72%  225K 30s
  9350K .......... .......... .......... .......... .......... 72%  104K 30s
  9400K .......... .......... .......... .......... .......... 73%  104K 29s
  9450K .......... .......... .......... .......... .......... 73%  100K 29s
  9500K .......... .......... .......... .......... .......... 74%  214K 29s
  9550K .......... .......... .......... .......... .......... 74%  231K 28s
  9600K .......... .......... .......... .......... .......... 74% 40.9K 28s
  9650K .......... .......... .......... .......... .......... 75%  185K 27s
  9700K .......... .......... .......... .......... .......... 75%  110K 27s
  9750K .......... .......... .......... .......... .......... 76%  194K 27s
  9800K .......... .......... .......... .......... .......... 76% 25.0K 27s
  9850K .......... .......... .......... .......... .......... 76% 74.4K 26s
  9900K .......... .......... .......... .......... .......... 77%  107K 26s
  9950K .......... .......... .......... .......... .......... 77%  225K 25s
 10000K .......... .......... .......... .......... .......... 78% 77.3K 25s
 10050K .......... .......... .......... .......... .......... 78%  121K 24s
 10100K .......... .......... .......... .......... .......... 78% 54.1K 24s
 10150K .......... .......... .......... .......... .......... 79%  213K 24s
 10200K .......... .......... .......... .......... .......... 79% 44.6K 23s
 10250K .......... .......... .......... .......... .......... 79%  208K 23s
 10300K .......... .......... .......... .......... .......... 80% 75.7K 22s
 10350K .......... .......... .......... .......... .......... 80%  161K 22s
 10400K .......... .......... .......... .......... .......... 81%  203K 22s
 10450K .......... .......... .......... .......... .......... 81%  114K 21s
 10500K .......... .......... .......... .......... .......... 81%  110K 21s
 10550K .......... .......... .......... .......... .......... 82%  239K 20s
 10600K .......... .......... .......... .......... .......... 82% 54.8K 20s
 10650K .......... .......... .......... .......... .......... 83%  220K 19s
 10700K .......... .......... .......... .......... .......... 83%  104K 19s
 10750K .......... .......... .......... .......... .......... 83% 32.4K 19s
 10800K .......... .......... .......... .......... .......... 84%  260K 18s
 10850K .......... .......... .......... .......... .......... 84%  238K 18s
 10900K .......... .......... .......... .......... .......... 84%  219K 17s
 10950K .......... .......... .......... .......... .......... 85%  198K 17s
 11000K .......... .......... .......... .......... .......... 85%  231K 16s
 11050K .......... .......... .......... .......... .......... 86%  103K 16s
 11100K .......... .......... .......... .......... .......... 86% 49.0K 15s
 11150K .......... .......... .......... .......... .......... 86%  417K 15s
 11200K .......... .......... .......... .......... .......... 87%  149K 14s
 11250K .......... .......... .......... .......... .......... 87%  110K 14s
 11300K .......... .......... .......... .......... .......... 88%  203K 14s
 11350K .......... .......... .......... .......... .......... 88% 70.6K 13s
 11400K .......... .......... .......... .......... .......... 88% 99.3K 13s
 11450K .......... .......... .......... .......... .......... 89%  107K 12s
 11500K .......... .......... .......... .......... .......... 89%  198K 12s
 11550K .......... .......... .......... .......... .......... 90% 78.6K 11s
 11600K .......... .......... .......... .......... .......... 90% 99.2K 11s
 11650K .......... .......... .......... .......... .......... 90%  189K 11s
 11700K .......... .......... .......... .......... .......... 91% 89.6K 10s
 11750K .......... .......... .......... .......... .......... 91%  146K 10s
 11800K .......... .......... .......... .......... .......... 91%  219K 9s
 11850K .......... .......... .......... .......... .......... 92% 35.9K 9s
 11900K .......... .......... .......... .......... .......... 92%  170K 8s
 11950K .......... .......... .......... .......... .......... 93%  189K 8s
 12000K .......... .......... .......... .......... .......... 93%  102K 7s
 12050K .......... .......... .......... .......... .......... 93%  199K 7s
 12100K .......... .......... .......... .......... .......... 94% 74.4K 7s
 12150K .......... .......... .......... .......... .......... 94% 99.1K 6s
 12200K .......... .......... .......... .......... .......... 95% 92.6K 6s
 12250K .......... .......... .......... .......... .......... 95% 73.1K 5s
 12300K .......... .......... .......... .......... .......... 95%  208K 5s
 12350K .......... .......... .......... .......... .......... 96%  110K 4s
 12400K .......... .......... .......... .......... .......... 96%  119K 4s
 12450K .......... .......... .......... .......... .......... 97%  204K 3s
 12500K .......... .......... .......... .......... .......... 97%  219K 3s
 12550K .......... .......... .......... .......... .......... 97% 68.3K 3s
 12600K .......... .......... .......... .......... .......... 98%  194K 2s
 12650K .......... .......... .......... .......... .......... 98%  185K 2s
 12700K .......... .......... .......... .......... .......... 98%  104K 1s
 12750K .......... .......... .......... .......... .......... 99%  108K 1s
 12800K .......... .......... .......... .......... .......... 99%  110K 0s
 12850K .......... .......... .......... ....                 100% 67.7K=1m55s

2016-05-25 01:54:38 (112 KB/s) - ‘index.html.16’ saved [13193358/13193358]

