--2016-05-25 04:12:04--  http://10.30.50.93:8000/
Connecting to 10.30.50.93:8000... connected.
HTTP request sent, awaiting response... 200 OK
Length: 13193358 (13M) [text/html]
Saving to: ‘index.html.18’

     0K .......... .......... .......... .......... ..........  0%  221K 58s
    50K .......... .......... .......... .......... ..........  0%  921K 36s
   100K .......... .......... .......... .......... ..........  1% 1.18M 27s
   150K .......... .......... .......... .......... ..........  1% 1.33M 23s
   200K .......... .......... .......... .......... ..........  1%  201K 31s
   250K .......... .......... .......... .......... ..........  2% 1.25M 27s
   300K .......... .......... .......... .......... ..........  2%  113K 39s
   350K .......... .......... .......... .......... ..........  3% 76.5K 54s
   400K .......... .......... .......... .......... ..........  3% 34.0K 89s
   450K .......... .......... .......... .......... ..........  3% 1.45M 80s
   500K .......... .......... .......... .......... ..........  4%  938K 74s
   550K .......... .......... .......... .......... ..........  4%  195K 73s
   600K .......... .......... .......... .......... ..........  5%  203K 72s
   650K .......... .......... .......... .......... ..........  5%  112K 74s
   700K .......... .......... .......... .......... ..........  5% 2.16M 69s
   750K .......... .......... .......... .......... ..........  6% 1.28M 65s
   800K .......... .......... .......... .......... ..........  6%  200K 65s
   850K .......... .......... .......... .......... ..........  6% 1.13M 61s
   900K .......... .......... .......... .......... ..........  7%  992K 58s
   950K .......... .......... .......... .......... ..........  7% 75.6K 63s
  1000K .......... .......... .......... .......... ..........  8% 1.10M 60s
  1050K .......... .......... .......... .......... ..........  8% 1.13M 58s
  1100K .......... .......... .......... .......... ..........  8% 72.7K 62s
  1150K .......... .......... .......... .......... ..........  9% 1.33M 60s
  1200K .......... .......... .......... .......... ..........  9%  211K 59s
  1250K .......... .......... .......... .......... .......... 10% 1.38M 57s
  1300K .......... .......... .......... .......... .......... 10% 1.72M 55s
  1350K .......... .......... .......... .......... .......... 10% 75.3K 58s
  1400K .......... .......... .......... .......... .......... 11% 57.0K 63s
  1450K .......... .......... .......... .......... .......... 11%  110K 64s
  1500K .......... .......... .......... .......... .......... 12%  913K 62s
  1550K .......... .......... .......... .......... .......... 12% 1.19M 60s
  1600K .......... .......... .......... .......... .......... 12% 39.4K 67s
  1650K .......... .......... .......... .......... .......... 13%  201K 66s
  1700K .......... .......... .......... .......... .......... 13%  615K 64s
  1750K .......... .......... .......... .......... .......... 13%  965K 63s
  1800K .......... .......... .......... .......... .......... 14%  206K 62s
  1850K .......... .......... .......... .......... .......... 14% 1.00M 60s
  1900K .......... .......... .......... .......... .......... 15%  115K 61s
  1950K .......... .......... .......... .......... .......... 15% 1.75M 59s
  2000K .......... .......... .......... .......... .......... 15% 1014K 58s
  2050K .......... .......... .......... .......... .......... 16% 58.8K 61s
  2100K .......... .......... .......... .......... .......... 16% 1.25M 59s
  2150K .......... .......... .......... .......... .......... 17%  110K 60s
  2200K .......... .......... .......... .......... .......... 17% 1.05M 58s
  2250K .......... .......... .......... .......... .......... 17%  208K 58s
  2300K .......... .......... .......... .......... .......... 18% 75.5K 59s
  2350K .......... .......... .......... .......... .......... 18% 1.30M 58s
  2400K .......... .......... .......... .......... .......... 19% 1.02M 57s
  2450K .......... .......... .......... .......... .......... 19%  203K 56s
  2500K .......... .......... .......... .......... .......... 19% 1.10M 55s
  2550K .......... .......... .......... .......... .......... 20%  193K 55s
  2600K .......... .......... .......... .......... .......... 20%  203K 55s
  2650K .......... .......... .......... .......... .......... 20%  109K 55s
  2700K .......... .......... .......... .......... .......... 21%  857K 54s
  2750K .......... .......... .......... .......... .......... 21% 29.6K 59s
  2800K .......... .......... .......... .......... .......... 22%  115K 59s
  2850K .......... .......... .......... .......... .......... 22% 58.4K 61s
  2900K .......... .......... .......... .......... .......... 22%  187K 60s
  2950K .......... .......... .......... .......... .......... 23% 1.14M 59s
  3000K .......... .......... .......... .......... .......... 23%  202K 59s
  3050K .......... .......... .......... .......... .......... 24% 26.4K 63s
  3100K .......... .......... .......... .......... .......... 24% 1.31M 62s
  3150K .......... .......... .......... .......... .......... 24%  917K 61s
  3200K .......... .......... .......... .......... .......... 25%  109K 61s
  3250K .......... .......... .......... .......... .......... 25% 1.23M 60s
  3300K .......... .......... .......... .......... .......... 26%  113K 60s
  3350K .......... .......... .......... .......... .......... 26% 1.05M 59s
  3400K .......... .......... .......... .......... .......... 26% 57.6K 60s
  3450K .......... .......... .......... .......... .......... 27% 56.1K 62s
  3500K .......... .......... .......... .......... .......... 27% 76.7K 62s
  3550K .......... .......... .......... .......... .......... 27% 1.18M 61s
  3600K .......... .......... .......... .......... .......... 28% 58.3K 62s
  3650K .......... .......... .......... .......... .......... 28%  215K 61s
  3700K .......... .......... .......... .......... .......... 29% 1017K 60s
  3750K .......... .......... .......... .......... .......... 29% 33.9K 63s
  3800K .......... .......... .......... .......... .......... 29%  201K 62s
  3850K .......... .......... .......... .......... .......... 30% 1004K 61s
  3900K .......... .......... .......... .......... .......... 30% 1.19M 60s
  3950K .......... .......... .......... .......... .......... 31% 1.17M 59s
  4000K .......... .......... .......... .......... .......... 31% 1.38M 58s
  4050K .......... .......... .......... .......... .......... 31%  960K 57s
  4100K .......... .......... .......... .......... .......... 32% 46.9K 58s
  4150K .......... .......... .......... .......... .......... 32%  110K 58s
  4200K .......... .......... .......... .......... .......... 32% 58.4K 59s
  4250K .......... .......... .......... .......... .......... 33%  198K 59s
  4300K .......... .......... .......... .......... .......... 33%  198K 58s
  4350K .......... .......... .......... .......... .......... 34%  109K 58s
  4400K .......... .......... .......... .......... .......... 34%  198K 57s
  4450K .......... .......... .......... .......... .......... 34% 1.42M 57s
  4500K .......... .......... .......... .......... .......... 35% 75.5K 57s
  4550K .......... .......... .......... .......... .......... 35% 1.26M 56s
  4600K .......... .......... .......... .......... .......... 36%  205K 55s
  4650K .......... .......... .......... .......... .......... 36% 1.22M 55s
  4700K .......... .......... .......... .......... .......... 36%  114K 54s
  4750K .......... .......... .......... .......... .......... 37%  986K 54s
  4800K .......... .......... .......... .......... .......... 37%  119K 53s
  4850K .......... .......... .......... .......... .......... 38% 1.44M 53s
  4900K .......... .......... .......... .......... .......... 38%  204K 52s
  4950K .......... .......... .......... .......... .......... 38%  197K 52s
  5000K .......... .......... .......... .......... .......... 39%  923K 51s
  5050K .......... .......... .......... .......... .......... 39% 1.13M 50s
  5100K .......... .......... .......... .......... .......... 39%  195K 50s
  5150K .......... .......... .......... .......... .......... 40% 1.06M 49s
  5200K .......... .......... .......... .......... .......... 40%  200K 49s
  5250K .......... .......... .......... .......... .......... 41%  204K 48s
  5300K .......... .......... .......... .......... .......... 41% 77.9K 48s
  5350K .......... .......... .......... .......... .......... 41%  199K 48s
  5400K .......... .......... .......... .......... .......... 42% 76.6K 48s
  5450K .......... .......... .......... .......... .......... 42%  114K 48s
  5500K .......... .......... .......... .......... .......... 43% 1.21M 47s
  5550K .......... .......... .......... .......... .......... 43%  195K 47s
  5600K .......... .......... .......... .......... .......... 43% 1.05M 46s
  5650K .......... .......... .......... .......... .......... 44%  208K 46s
  5700K .......... .......... .......... .......... .......... 44% 1.27M 45s
  5750K .......... .......... .......... .......... .......... 45% 47.5K 46s
  5800K .......... .......... .......... .......... .......... 45% 1.38M 45s
  5850K .......... .......... .......... .......... .......... 45%  204K 45s
  5900K .......... .......... .......... .......... .......... 46% 1.27M 44s
  5950K .......... .......... .......... .......... .......... 46% 76.0K 44s
  6000K .......... .......... .......... .......... .......... 46%  198K 44s
  6050K .......... .......... .......... .......... .......... 47% 1.26M 43s
  6100K .......... .......... .......... .......... .......... 47%  199K 43s
  6150K .......... .......... .......... .......... .......... 48% 46.6K 43s
  6200K .......... .......... .......... .......... .......... 48%  110K 43s
  6250K .......... .......... .......... .......... .......... 48% 75.3K 43s
  6300K .......... .......... .......... .......... .......... 49% 74.5K 43s
  6350K .......... .......... .......... .......... .......... 49% 1.05M 42s
  6400K .......... .......... .......... .......... .......... 50% 1.13M 42s
  6450K .......... .......... .......... .......... .......... 50% 57.7K 42s
  6500K .......... .......... .......... .......... .......... 50%  105K 42s
  6550K .......... .......... .......... .......... .......... 51%  797K 41s
  6600K .......... .......... .......... .......... .......... 51%  192K 41s
  6650K .......... .......... .......... .......... .......... 52%  206K 40s
  6700K .......... .......... .......... .......... .......... 52%  116K 40s
  6750K .......... .......... .......... .......... .......... 52%  202K 40s
  6800K .......... .......... .......... .......... .......... 53%  110K 39s
  6850K .......... .......... .......... .......... .......... 53%  891K 39s
  6900K .......... .......... .......... .......... .......... 53% 76.8K 39s
  6950K .......... .......... .......... .......... .......... 54% 57.8K 39s
  7000K .......... .......... .......... .......... .......... 54%  957K 38s
  7050K .......... .......... .......... .......... .......... 55%  198K 38s
  7100K .......... .......... .......... .......... .......... 55% 1.33M 37s
  7150K .......... .......... .......... .......... .......... 55%  195K 37s
  7200K .......... .......... .......... .......... .......... 56% 1.01M 37s
  7250K .......... .......... .......... .......... .......... 56%  198K 36s
  7300K .......... .......... .......... .......... .......... 57%  207K 36s
  7350K .......... .......... .......... .......... .......... 57%  195K 35s
  7400K .......... .......... .......... .......... .......... 57%  114K 35s
  7450K .......... .......... .......... .......... .......... 58%  114K 35s
  7500K .......... .......... .......... .......... .......... 58% 75.4K 35s
  7550K .......... .......... .......... .......... .......... 58%  206K 34s
  7600K .......... .......... .......... .......... .......... 59% 38.8K 35s
  7650K .......... .......... .......... .......... .......... 59%  876K 34s
  7700K .......... .......... .......... .......... .......... 60%  199K 34s
  7750K .......... .......... .......... .......... .......... 60% 39.9K 34s
  7800K .......... .......... .......... .......... .......... 60%  183K 34s
  7850K .......... .......... .......... .......... .......... 61%  198K 33s
  7900K .......... .......... .......... .......... .......... 61%  111K 33s
  7950K .......... .......... .......... .......... .......... 62%  203K 33s
  8000K .......... .......... .......... .......... .......... 62%  209K 32s
  8050K .......... .......... .......... .......... .......... 62%  899K 32s
  8100K .......... .......... .......... .......... .......... 63% 1.14M 31s
  8150K .......... .......... .......... .......... .......... 63% 47.2K 31s
  8200K .......... .......... .......... .......... .......... 64%  221K 31s
  8250K .......... .......... .......... .......... .......... 64%  190K 31s
  8300K .......... .......... .......... .......... .......... 64% 1.23M 30s
  8350K .......... .......... .......... .......... .......... 65% 1.01M 30s
  8400K .......... .......... .......... .......... .......... 65% 1.15M 29s
  8450K .......... .......... .......... .......... .......... 65% 75.5K 29s
  8500K .......... .......... .......... .......... .......... 66% 1.09M 29s
  8550K .......... .......... .......... .......... .......... 66%  202K 28s
  8600K .......... .......... .......... .......... .......... 67%  199K 28s
  8650K .......... .......... .......... .......... .......... 67%  201K 27s
  8700K .......... .......... .......... .......... .......... 67% 1.54M 27s
  8750K .......... .......... .......... .......... .......... 68% 1017K 27s
  8800K .......... .......... .......... .......... .......... 68% 56.0K 26s
  8850K .......... .......... .......... .......... .......... 69%  194K 26s
  8900K .......... .......... .......... .......... .......... 69% 1.22M 26s
  8950K .......... .......... .......... .......... .......... 69%  197K 25s
  9000K .......... .......... .......... .......... .......... 70%  748K 25s
  9050K .......... .......... .......... .......... .......... 70%  193K 25s
  9100K .......... .......... .......... .......... .......... 71% 1.12M 24s
  9150K .......... .......... .......... .......... .......... 71% 76.7K 24s
  9200K .......... .......... .......... .......... .......... 71%  204K 24s
  9250K .......... .......... .......... .......... .......... 72% 1.01M 23s
  9300K .......... .......... .......... .......... .......... 72% 75.8K 23s
  9350K .......... .......... .......... .......... .......... 72% 1.07M 22s
  9400K .......... .......... .......... .......... .......... 73%  822K 22s
  9450K .......... .......... .......... .......... .......... 73%  203K 22s
  9500K .......... .......... .......... .......... .......... 74%  971K 21s
  9550K .......... .......... .......... .......... .......... 74%  205K 21s
  9600K .......... .......... .......... .......... .......... 74%  186K 21s
  9650K .......... .......... .......... .......... .......... 75%  194K 20s
  9700K .......... .......... .......... .......... .......... 75% 75.4K 20s
  9750K .......... .......... .......... .......... .......... 76%  112K 20s
  9800K .......... .......... .......... .......... .......... 76% 33.9K 20s
  9850K .......... .......... .......... .......... .......... 76% 76.5K 20s
  9900K .......... .......... .......... .......... .......... 77%  980K 19s
  9950K .......... .......... .......... .......... .......... 77%  202K 19s
 10000K .......... .......... .......... .......... .......... 78%  202K 18s
 10050K .......... .......... .......... .......... .......... 78%  185K 18s
 10100K .......... .......... .......... .......... .......... 78%  111K 18s
 10150K .......... .......... .......... .......... .......... 79%  178K 18s
 10200K .......... .......... .......... .......... .......... 79% 76.5K 17s
 10250K .......... .......... .......... .......... .......... 79%  198K 17s
 10300K .......... .......... .......... .......... .......... 80%  976K 17s
 10350K .......... .......... .......... .......... .......... 80%  110K 16s
 10400K .......... .......... .......... .......... .......... 81%  948K 16s
 10450K .......... .......... .......... .......... .......... 81%  106K 16s
 10500K .......... .......... .......... .......... .......... 81% 39.3K 15s
 10550K .......... .......... .......... .......... .......... 82%  202K 15s
 10600K .......... .......... .......... .......... .......... 82% 78.0K 15s
 10650K .......... .......... .......... .......... .......... 83% 1.16M 14s
 10700K .......... .......... .......... .......... .......... 83%  202K 14s
 10750K .......... .......... .......... .......... .......... 83%  198K 14s
 10800K .......... .......... .......... .......... .......... 84% 47.7K 14s
 10850K .......... .......... .......... .......... .......... 84% 26.9K 13s
 10900K .......... .......... .......... .......... .......... 84% 1.02M 13s
 10950K .......... .......... .......... .......... .......... 85% 1.27M 13s
 11000K .......... .......... .......... .......... .......... 85%  111K 12s
 11050K .......... .......... .......... .......... .......... 86%  202K 12s
 11100K .......... .......... .......... .......... .......... 86%  111K 12s
 11150K .......... .......... .......... .......... .......... 86%  200K 11s
 11200K .......... .......... .......... .......... .......... 87% 1.07M 11s
 11250K .......... .......... .......... .......... .......... 87% 1.04M 11s
 11300K .......... .......... .......... .......... .......... 88%  201K 10s
 11350K .......... .......... .......... .......... .......... 88%  205K 10s
 11400K .......... .......... .......... .......... .......... 88%  196K 10s
 11450K .......... .......... .......... .......... .......... 89%  727K 9s
 11500K .......... .......... .......... .......... .......... 89%  208K 9s
 11550K .......... .......... .......... .......... .......... 90% 1014K 9s
 11600K .......... .......... .......... .......... .......... 90% 1.09M 8s
 11650K .......... .......... .......... .......... .......... 90%  872K 8s
 11700K .......... .......... .......... .......... .......... 91%  108K 7s
 11750K .......... .......... .......... .......... .......... 91%  198K 7s
 11800K .......... .......... .......... .......... .......... 91% 1.03M 7s
 11850K .......... .......... .......... .......... .......... 92%  205K 6s
 11900K .......... .......... .......... .......... .......... 92% 1.02M 6s
 11950K .......... .......... .......... .......... .......... 93%  192K 6s
 12000K .......... .......... .......... .......... .......... 93% 1.53M 5s
 12050K .......... .......... .......... .......... .......... 93% 57.2K 5s
 12100K .......... .......... .......... .......... .......... 94% 1.21M 5s
 12150K .......... .......... .......... .......... .......... 94% 40.1K 5s
 12200K .......... .......... .......... .......... .......... 95% 56.4K 4s
 12250K .......... .......... .......... .......... .......... 95%  583K 4s
 12300K .......... .......... .......... .......... .......... 95%  112K 4s
 12350K .......... .......... .......... .......... .......... 96% 78.9K 3s
 12400K .......... .......... .......... .......... .......... 96% 1.36M 3s
 12450K .......... .......... .......... .......... .......... 97% 1.23M 3s
 12500K .......... .......... .......... .......... .......... 97% 1.19M 2s
 12550K .......... .......... .......... .......... .......... 97%  206K 2s
 12600K .......... .......... .......... .......... .......... 98% 1.76M 2s
 12650K .......... .......... .......... .......... .......... 98%  113K 1s
 12700K .......... .......... .......... .......... .......... 98%  206K 1s
 12750K .......... .......... .......... .......... .......... 99% 58.2K 1s
 12800K .......... .......... .......... .......... .......... 99%  206K 0s
 12850K .......... .......... .......... ....                 100% 53.9K=85s

2016-05-25 04:13:29 (151 KB/s) - ‘index.html.18’ saved [13193358/13193358]

