--2016-05-25 04:06:36--  http://10.30.50.93:8000/
Connecting to 10.30.50.93:8000... connected.
HTTP request sent, awaiting response... 200 OK
Length: 13193358 (13M) [text/html]
Saving to: ‘index.html.12’

     0K .......... .......... .......... .......... ..........  0% 3.92M 3s
    50K .......... .......... .......... .......... ..........  0% 2.77M 4s
   100K .......... .......... .......... .......... ..........  1% 2.56M 4s
   150K .......... .......... .......... .......... ..........  1% 1.65M 5s
   200K .......... .......... .......... .......... ..........  1%  209K 16s
   250K .......... .......... .......... .......... ..........  2% 1.27M 15s
   300K .......... .......... .......... .......... ..........  2%  209K 21s
   350K .......... .......... .......... .......... ..........  3% 1.46M 20s
   400K .......... .......... .......... .......... ..........  3% 1.43M 18s
   450K .......... .......... .......... .......... ..........  3% 1.56M 17s
   500K .......... .......... .......... .......... ..........  4% 1.43M 16s
   550K .......... .......... .......... .......... ..........  4% 1.39M 16s
   600K .......... .......... .......... .......... ..........  5% 2.13M 15s
   650K .......... .......... .......... .......... ..........  5%  199K 18s
   700K .......... .......... .......... .......... ..........  5%  205K 21s
   750K .......... .......... .......... .......... ..........  6% 1.14M 20s
   800K .......... .......... .......... .......... ..........  6%  200K 22s
   850K .......... .......... .......... .......... ..........  6% 1.14M 22s
   900K .......... .......... .......... .......... ..........  7% 1.05M 21s
   950K .......... .......... .......... .......... ..........  7%  839K 20s
  1000K .......... .......... .......... .......... ..........  8% 1.23M 20s
  1050K .......... .......... .......... .......... ..........  8%  202K 22s
  1100K .......... .......... .......... .......... ..........  8% 1.55M 21s
  1150K .......... .......... .......... .......... ..........  9%  194K 22s
  1200K .......... .......... .......... .......... ..........  9% 1.01M 22s
  1250K .......... .......... .......... .......... .......... 10% 1.09M 21s
  1300K .......... .......... .......... .......... .......... 10% 1.24M 21s
  1350K .......... .......... .......... .......... .......... 10%  197K 22s
  1400K .......... .......... .......... .......... .......... 11% 1.11M 22s
  1450K .......... .......... .......... .......... .......... 11% 76.8K 26s
  1500K .......... .......... .......... .......... .......... 12% 1.29M 25s
  1550K .......... .......... .......... .......... .......... 12% 2.01M 24s
  1600K .......... .......... .......... .......... .......... 12%  213K 25s
  1650K .......... .......... .......... .......... .......... 13% 1.08M 24s
  1700K .......... .......... .......... .......... .......... 13% 1.13M 24s
  1750K .......... .......... .......... .......... .......... 13% 1.01M 23s
  1800K .......... .......... .......... .......... .......... 14% 1.13M 23s
  1850K .......... .......... .......... .......... .......... 14% 1.16M 23s
  1900K .......... .......... .......... .......... .......... 15% 1.74M 22s
  1950K .......... .......... .......... .......... .......... 15% 1.44M 22s
  2000K .......... .......... .......... .......... .......... 15% 1.49M 21s
  2050K .......... .......... .......... .......... .......... 16%  186K 22s
  2100K .......... .......... .......... .......... .......... 16% 1.16M 21s
  2150K .......... .......... .......... .......... .......... 17%  204K 22s
  2200K .......... .......... .......... .......... .......... 17% 1.02M 22s
  2250K .......... .......... .......... .......... .......... 17% 1.24M 21s
  2300K .......... .......... .......... .......... .......... 18% 1.06M 21s
  2350K .......... .......... .......... .......... .......... 18%  861K 21s
  2400K .......... .......... .......... .......... .......... 19%  211K 21s
  2450K .......... .......... .......... .......... .......... 19%  207K 22s
  2500K .......... .......... .......... .......... .......... 19% 1.21M 21s
  2550K .......... .......... .......... .......... .......... 20% 1.95M 21s
  2600K .......... .......... .......... .......... .......... 20% 1.22M 21s
  2650K .......... .......... .......... .......... .......... 20% 1.40M 20s
  2700K .......... .......... .......... .......... .......... 21% 1.24M 20s
  2750K .......... .......... .......... .......... .......... 21% 1.04M 20s
  2800K .......... .......... .......... .......... .......... 22%  209K 20s
  2850K .......... .......... .......... .......... .......... 22% 1.17M 20s
  2900K .......... .......... .......... .......... .......... 22% 1.01M 19s
  2950K .......... .......... .......... .......... .......... 23% 1.38M 19s
  3000K .......... .......... .......... .......... .......... 23% 1017K 19s
  3050K .......... .......... .......... .......... .......... 24% 1.20M 19s
  3100K .......... .......... .......... .......... .......... 24%  960K 18s
  3150K .......... .......... .......... .......... .......... 24% 1.17M 18s
  3200K .......... .......... .......... .......... .......... 25% 1.08M 18s
  3250K .......... .......... .......... .......... .......... 25%  952K 18s
  3300K .......... .......... .......... .......... .......... 26% 1.06M 17s
  3350K .......... .......... .......... .......... .......... 26%  925K 17s
  3400K .......... .......... .......... .......... .......... 26% 1.21M 17s
  3450K .......... .......... .......... .......... .......... 27%  893K 17s
  3500K .......... .......... .......... .......... .......... 27% 1.21M 17s
  3550K .......... .......... .......... .......... .......... 27% 1.16M 16s
  3600K .......... .......... .......... .......... .......... 28% 1.17M 16s
  3650K .......... .......... .......... .......... .......... 28% 1.40M 16s
  3700K .......... .......... .......... .......... .......... 29%  112K 17s
  3750K .......... .......... .......... .......... .......... 29% 1.22M 17s
  3800K .......... .......... .......... .......... .......... 29%  876K 16s
  3850K .......... .......... .......... .......... .......... 30% 1.20M 16s
  3900K .......... .......... .......... .......... .......... 30%  208K 16s
  3950K .......... .......... .......... .......... .......... 31% 1.47M 16s
  4000K .......... .......... .......... .......... .......... 31%  940K 16s
  4050K .......... .......... .......... .......... .......... 31%  220K 16s
  4100K .......... .......... .......... .......... .......... 32% 1.57M 16s
  4150K .......... .......... .......... .......... .......... 32% 1.28M 16s
  4200K .......... .......... .......... .......... .......... 32% 75.1K 17s
  4250K .......... .......... .......... .......... .......... 33% 1.26M 17s
  4300K .......... .......... .......... .......... .......... 33% 1.12M 16s
  4350K .......... .......... .......... .......... .......... 34% 1.00M 16s
  4400K .......... .......... .......... .......... .......... 34% 1.17M 16s
  4450K .......... .......... .......... .......... .......... 34%  200K 16s
  4500K .......... .......... .......... .......... .......... 35%  200K 16s
  4550K .......... .......... .......... .......... .......... 35%  113K 17s
  4600K .......... .......... .......... .......... .......... 36% 1.38M 17s
  4650K .......... .......... .......... .......... .......... 36% 1.29M 17s
  4700K .......... .......... .......... .......... .......... 36% 1.28M 16s
  4750K .......... .......... .......... .......... .......... 37% 1.26M 16s
  4800K .......... .......... .......... .......... .......... 37% 1.12M 16s
  4850K .......... .......... .......... .......... .......... 38% 1.15M 16s
  4900K .......... .......... .......... .......... .......... 38% 1.73M 16s
  4950K .......... .......... .......... .......... .......... 38%  991K 15s
  5000K .......... .......... .......... .......... .......... 39%  112K 16s
  5050K .......... .......... .......... .......... .......... 39% 1.05M 16s
  5100K .......... .......... .......... .......... .......... 39%  982K 15s
  5150K .......... .......... .......... .......... .......... 40% 1.12M 15s
  5200K .......... .......... .......... .......... .......... 40% 1.30M 15s
  5250K .......... .......... .......... .......... .......... 41% 76.4K 16s
  5300K .......... .......... .......... .......... .......... 41% 1.72M 16s
  5350K .......... .......... .......... .......... .......... 41%  111K 16s
  5400K .......... .......... .......... .......... .......... 42%  931K 16s
  5450K .......... .......... .......... .......... .......... 42%  198K 16s
  5500K .......... .......... .......... .......... .......... 43%  197K 16s
  5550K .......... .......... .......... .......... .......... 43% 34.1K 18s
  5600K .......... .......... .......... .......... .......... 43%  206K 18s
  5650K .......... .......... .......... .......... .......... 44%  843K 17s
  5700K .......... .......... .......... .......... .......... 44% 1.06M 17s
  5750K .......... .......... .......... .......... .......... 45%  205K 17s
  5800K .......... .......... .......... .......... .......... 45%  698K 17s
  5850K .......... .......... .......... .......... .......... 45%  193K 17s
  5900K .......... .......... .......... .......... .......... 46% 1.48M 17s
  5950K .......... .......... .......... .......... .......... 46% 1.45M 17s
  6000K .......... .......... .......... .......... .......... 46% 1.01M 16s
  6050K .......... .......... .......... .......... .......... 47% 1.48M 16s
  6100K .......... .......... .......... .......... .......... 47%  958K 16s
  6150K .......... .......... .......... .......... .......... 48% 1.46M 16s
  6200K .......... .......... .......... .......... .......... 48% 1.43M 16s
  6250K .......... .......... .......... .......... .......... 48% 1.47M 15s
  6300K .......... .......... .......... .......... .......... 49% 59.1K 16s
  6350K .......... .......... .......... .......... .......... 49% 1.06M 16s
  6400K .......... .......... .......... .......... .......... 50% 1.10M 16s
  6450K .......... .......... .......... .......... .......... 50%  118K 16s
  6500K .......... .......... .......... .......... .......... 50% 1.34M 16s
  6550K .......... .......... .......... .......... .......... 51% 1021K 15s
  6600K .......... .......... .......... .......... .......... 51% 1004K 15s
  6650K .......... .......... .......... .......... .......... 52% 1.22M 15s
  6700K .......... .......... .......... .......... .......... 52% 1.18M 15s
  6750K .......... .......... .......... .......... .......... 52% 1.22M 15s
  6800K .......... .......... .......... .......... .......... 53% 1.27M 14s
  6850K .......... .......... .......... .......... .......... 53% 76.5K 15s
  6900K .......... .......... .......... .......... .......... 53%  207K 15s
  6950K .......... .......... .......... .......... .......... 54% 1.27M 15s
  7000K .......... .......... .......... .......... .......... 54%  985K 14s
  7050K .......... .......... .......... .......... .......... 55%  891K 14s
  7100K .......... .......... .......... .......... .......... 55%  953K 14s
  7150K .......... .......... .......... .......... .......... 55%  207K 14s
  7200K .......... .......... .......... .......... .......... 56% 1.20M 14s
  7250K .......... .......... .......... .......... .......... 56%  213K 14s
  7300K .......... .......... .......... .......... .......... 57% 1.50M 14s
  7350K .......... .......... .......... .......... .......... 57%  213K 14s
  7400K .......... .......... .......... .......... .......... 57% 1.32M 13s
  7450K .......... .......... .......... .......... .......... 58% 1.83M 13s
  7500K .......... .......... .......... .......... .......... 58% 1.88M 13s
  7550K .......... .......... .......... .......... .......... 58% 1.42M 13s
  7600K .......... .......... .......... .......... .......... 59%  208K 13s
  7650K .......... .......... .......... .......... .......... 59% 1.29M 13s
  7700K .......... .......... .......... .......... .......... 60% 1.45M 12s
  7750K .......... .......... .......... .......... .......... 60% 1.58M 12s
  7800K .......... .......... .......... .......... .......... 60% 1.23M 12s
  7850K .......... .......... .......... .......... .......... 61%  207K 12s
  7900K .......... .......... .......... .......... .......... 61% 1.18M 12s
  7950K .......... .......... .......... .......... .......... 62% 1.40M 12s
  8000K .......... .......... .......... .......... .......... 62% 1.25M 12s
  8050K .......... .......... .......... .......... .......... 62% 1.36M 11s
  8100K .......... .......... .......... .......... .......... 63% 1.35M 11s
  8150K .......... .......... .......... .......... .......... 63% 1.27M 11s
  8200K .......... .......... .......... .......... .......... 64%  979K 11s
  8250K .......... .......... .......... .......... .......... 64% 1.39M 11s
  8300K .......... .......... .......... .......... .......... 64% 1.80M 11s
  8350K .......... .......... .......... .......... .......... 65% 1.04M 10s
  8400K .......... .......... .......... .......... .......... 65% 1.78M 10s
  8450K .......... .......... .......... .......... .......... 65%  187K 10s
  8500K .......... .......... .......... .......... .......... 66%  200K 10s
  8550K .......... .......... .......... .......... .......... 66% 1.24M 10s
  8600K .......... .......... .......... .......... .......... 67% 1.78M 10s
  8650K .......... .......... .......... .......... .......... 67% 2.14M 10s
  8700K .......... .......... .......... .......... .......... 67% 1.23M 9s
  8750K .......... .......... .......... .......... .......... 68%  945K 9s
  8800K .......... .......... .......... .......... .......... 68%  213K 9s
  8850K .......... .......... .......... .......... .......... 69% 46.5K 10s
  8900K .......... .......... .......... .......... .......... 69% 1.28M 9s
  8950K .......... .......... .......... .......... .......... 69% 1.00M 9s
  9000K .......... .......... .......... .......... .......... 70%  930K 9s
  9050K .......... .......... .......... .......... .......... 70% 1.32M 9s
  9100K .......... .......... .......... .......... .......... 71%  819K 9s
  9150K .......... .......... .......... .......... .......... 71% 1.16M 9s
  9200K .......... .......... .......... .......... .......... 71% 1.05M 9s
  9250K .......... .......... .......... .......... .......... 72% 1.29M 8s
  9300K .......... .......... .......... .......... .......... 72%  946K 8s
  9350K .......... .......... .......... .......... .......... 72% 1.31M 8s
  9400K .......... .......... .......... .......... .......... 73% 1.18M 8s
  9450K .......... .......... .......... .......... .......... 73%  842K 8s
  9500K .......... .......... .......... .......... .......... 74%  211K 8s
  9550K .......... .......... .......... .......... .......... 74% 1.30M 8s
  9600K .......... .......... .......... .......... .......... 74%  208K 8s
  9650K .......... .......... .......... .......... .......... 75% 1.29M 7s
  9700K .......... .......... .......... .......... .......... 75%  217K 7s
  9750K .......... .......... .......... .......... .......... 76% 1.38M 7s
  9800K .......... .......... .......... .......... .......... 76% 1.54M 7s
  9850K .......... .......... .......... .......... .......... 76%  197K 7s
  9900K .......... .......... .......... .......... .......... 77% 1.15M 7s
  9950K .......... .......... .......... .......... .......... 77% 1.22M 7s
 10000K .......... .......... .......... .......... .......... 78%  112K 7s
 10050K .......... .......... .......... .......... .......... 78% 1.18M 7s
 10100K .......... .......... .......... .......... .......... 78%  920K 6s
 10150K .......... .......... .......... .......... .......... 79% 1.39M 6s
 10200K .......... .......... .......... .......... .......... 79% 1.08M 6s
 10250K .......... .......... .......... .......... .......... 79% 1.18M 6s
 10300K .......... .......... .......... .......... .......... 80% 1.33M 6s
 10350K .......... .......... .......... .......... .......... 80% 1.08M 6s
 10400K .......... .......... .......... .......... .......... 81% 1.45M 6s
 10450K .......... .......... .......... .......... .......... 81%  850K 5s
 10500K .......... .......... .......... .......... .......... 81% 1.13M 5s
 10550K .......... .......... .......... .......... .......... 82% 1.12M 5s
 10600K .......... .......... .......... .......... .......... 82% 1.22M 5s
 10650K .......... .......... .......... .......... .......... 83% 1.37M 5s
 10700K .......... .......... .......... .......... .......... 83%  940K 5s
 10750K .......... .......... .......... .......... .......... 83% 1.43M 5s
 10800K .......... .......... .......... .......... .......... 84%  203K 5s
 10850K .......... .......... .......... .......... .......... 84% 1.29M 4s
 10900K .......... .......... .......... .......... .......... 84% 1.22M 4s
 10950K .......... .......... .......... .......... .......... 85%  196K 4s
 11000K .......... .......... .......... .......... .......... 85%  197K 4s
 11050K .......... .......... .......... .......... .......... 86%  205K 4s
 11100K .......... .......... .......... .......... .......... 86%  200K 4s
 11150K .......... .......... .......... .......... .......... 86% 1.15M 4s
 11200K .......... .......... .......... .......... .......... 87%  813K 4s
 11250K .......... .......... .......... .......... .......... 87%  949K 4s
 11300K .......... .......... .......... .......... .......... 88% 1.50M 3s
 11350K .......... .......... .......... .......... .......... 88%  937K 3s
 11400K .......... .......... .......... .......... .......... 88% 1.14M 3s
 11450K .......... .......... .......... .......... .......... 89% 40.0K 3s
 11500K .......... .......... .......... .......... .......... 89% 2.04M 3s
 11550K .......... .......... .......... .......... .......... 90% 1.26M 3s
 11600K .......... .......... .......... .......... .......... 90% 1.16M 3s
 11650K .......... .......... .......... .......... .......... 90% 74.8K 3s
 11700K .......... .......... .......... .......... .......... 91% 1.39M 3s
 11750K .......... .......... .......... .......... .......... 91%  113K 3s
 11800K .......... .......... .......... .......... .......... 91% 1.28M 2s
 11850K .......... .......... .......... .......... .......... 92%  112K 2s
 11900K .......... .......... .......... .......... .......... 92% 1.58M 2s
 11950K .......... .......... .......... .......... .......... 93%  911K 2s
 12000K .......... .......... .......... .......... .......... 93%  201K 2s
 12050K .......... .......... .......... .......... .......... 93%  197K 2s
 12100K .......... .......... .......... .......... .......... 94%  201K 2s
 12150K .......... .......... .......... .......... .......... 94% 1004K 2s
 12200K .......... .......... .......... .......... .......... 95% 1018K 2s
 12250K .......... .......... .......... .......... .......... 95% 1.16M 1s
 12300K .......... .......... .......... .......... .......... 95% 1.20M 1s
 12350K .......... .......... .......... .......... .......... 96%  196K 1s
 12400K .......... .......... .......... .......... .......... 96% 1.35M 1s
 12450K .......... .......... .......... .......... .......... 97% 57.1K 1s
 12500K .......... .......... .......... .......... .......... 97% 1.31M 1s
 12550K .......... .......... .......... .......... .......... 97% 1.34M 1s
 12600K .......... .......... .......... .......... .......... 98% 1.39M 1s
 12650K .......... .......... .......... .......... .......... 98% 1.35M 0s
 12700K .......... .......... .......... .......... .......... 98% 1.98M 0s
 12750K .......... .......... .......... .......... .......... 99%  195K 0s
 12800K .......... .......... .......... .......... .......... 99%  203K 0s
 12850K .......... .......... .......... ....                 100%  889K=32s

2016-05-25 04:07:08 (405 KB/s) - ‘index.html.12’ saved [13193358/13193358]

