--2016-05-25 03:24:17--  http://10.30.50.93:8000/
Connecting to 10.30.50.93:8000... connected.
HTTP request sent, awaiting response... 200 OK
Length: 13193358 (13M) [text/html]
Saving to: ‘index.html.15’

     0K .......... .......... .......... .......... ..........  0%  940K 14s
    50K .......... .......... .......... .......... ..........  0% 1.24M 12s
   100K .......... .......... .......... .......... ..........  1% 1.00M 12s
   150K .......... .......... .......... .......... ..........  1% 1.02M 12s
   200K .......... .......... .......... .......... ..........  1%  112K 32s
   250K .......... .......... .......... .......... ..........  2%  197K 37s
   300K .......... .......... .......... .......... ..........  2%  909K 34s
   350K .......... .......... .......... .......... ..........  3%  199K 37s
   400K .......... .......... .......... .......... ..........  3%  827K 35s
   450K .......... .......... .......... .......... ..........  3%  802K 33s
   500K .......... .......... .......... .......... ..........  4%  114K 39s
   550K .......... .......... .......... .......... ..........  4%  206K 41s
   600K .......... .......... .......... .......... ..........  5%  182K 43s
   650K .......... .......... .......... .......... ..........  5%  197K 44s
   700K .......... .......... .......... .......... ..........  5% 1.20M 42s
   750K .......... .......... .......... .......... ..........  6% 1015K 40s
   800K .......... .......... .......... .......... ..........  6%  937K 38s
   850K .......... .......... .......... .......... ..........  6%  182K 39s
   900K .......... .......... .......... .......... ..........  7%  197K 40s
   950K .......... .......... .......... .......... ..........  7% 1.04M 39s
  1000K .......... .......... .......... .......... ..........  8%  965K 37s
  1050K .......... .......... .......... .......... ..........  8%  194K 38s
  1100K .......... .......... .......... .......... ..........  8% 1.03M 37s
  1150K .......... .......... .......... .......... ..........  9%  741K 36s
  1200K .......... .......... .......... .......... ..........  9%  832K 35s
  1250K .......... .......... .......... .......... .......... 10% 76.6K 39s
  1300K .......... .......... .......... .......... .......... 10%  179K 40s
  1350K .......... .......... .......... .......... .......... 10%  192K 40s
  1400K .......... .......... .......... .......... .......... 11%  108K 42s
  1450K .......... .......... .......... .......... .......... 11%  858K 41s
  1500K .......... .......... .......... .......... .......... 12%  109K 43s
  1550K .......... .......... .......... .......... .......... 12% 57.5K 48s
  1600K .......... .......... .......... .......... .......... 12% 2.09M 46s
  1650K .......... .......... .......... .......... .......... 13% 1.05M 45s
  1700K .......... .......... .......... .......... .......... 13% 38.5K 52s
  1750K .......... .......... .......... .......... .......... 13% 3.01M 50s
  1800K .......... .......... .......... .......... .......... 14%  774K 49s
  1850K .......... .......... .......... .......... .......... 14%  726K 48s
  1900K .......... .......... .......... .......... .......... 15%  194K 48s
  1950K .......... .......... .......... .......... .......... 15%  636K 47s
  2000K .......... .......... .......... .......... .......... 15%  194K 47s
  2050K .......... .......... .......... .......... .......... 16%  198K 47s
  2100K .......... .......... .......... .......... .......... 16%  910K 46s
  2150K .......... .......... .......... .......... .......... 17%  190K 46s
  2200K .......... .......... .......... .......... .......... 17%  637K 45s
  2250K .......... .......... .......... .......... .......... 17%  700K 44s
  2300K .......... .......... .......... .......... .......... 18% 1006K 43s
  2350K .......... .......... .......... .......... .......... 18% 72.1K 45s
  2400K .......... .......... .......... .......... .......... 19%  185K 45s
  2450K .......... .......... .......... .......... .......... 19%  824K 44s
  2500K .......... .......... .......... .......... .......... 19%  193K 44s
  2550K .......... .......... .......... .......... .......... 20% 57.3K 47s
  2600K .......... .......... .......... .......... .......... 20%  748K 46s
  2650K .......... .......... .......... .......... .......... 20%  197K 46s
  2700K .......... .......... .......... .......... .......... 21%  201K 46s
  2750K .......... .......... .......... .......... .......... 21%  715K 45s
  2800K .......... .......... .......... .......... .......... 22%  111K 45s
  2850K .......... .......... .......... .......... .......... 22% 73.3K 47s
  2900K .......... .......... .......... .......... .......... 22%  839K 46s
  2950K .......... .......... .......... .......... .......... 23% 1007K 45s
  3000K .......... .......... .......... .......... .......... 23%  191K 45s
  3050K .......... .......... .......... .......... .......... 24%  785K 44s
  3100K .......... .......... .......... .......... .......... 24%  194K 44s
  3150K .......... .......... .......... .......... .......... 24%  963K 43s
  3200K .......... .......... .......... .......... .......... 25%  185K 43s
  3250K .......... .......... .......... .......... .......... 25%  193K 43s
  3300K .......... .......... .......... .......... .......... 26%  822K 42s
  3350K .......... .......... .......... .......... .......... 26% 1.07M 42s
  3400K .......... .......... .......... .......... .......... 26%  182K 42s
  3450K .......... .......... .......... .......... .......... 27%  115K 42s
  3500K .......... .......... .......... .......... .......... 27%  185K 42s
  3550K .......... .......... .......... .......... .......... 27%  951K 41s
  3600K .......... .......... .......... .......... .......... 28%  876K 41s
  3650K .......... .......... .......... .......... .......... 28%  878K 40s
  3700K .......... .......... .......... .......... .......... 29%  961K 39s
  3750K .......... .......... .......... .......... .......... 29%  831K 39s
  3800K .......... .......... .......... .......... .......... 29%  771K 38s
  3850K .......... .......... .......... .......... .......... 30%  922K 38s
  3900K .......... .......... .......... .......... .......... 30%  871K 37s
  3950K .......... .......... .......... .......... .......... 31%  880K 37s
  4000K .......... .......... .......... .......... .......... 31%  866K 36s
  4050K .......... .......... .......... .......... .......... 31% 55.8K 37s
  4100K .......... .......... .......... .......... .......... 32%  963K 37s
  4150K .......... .......... .......... .......... .......... 32%  835K 36s
  4200K .......... .......... .......... .......... .......... 32% 58.3K 37s
  4250K .......... .......... .......... .......... .......... 33% 74.4K 38s
  4300K .......... .......... .......... .......... .......... 33%  204K 38s
  4350K .......... .......... .......... .......... .......... 34%  926K 37s
  4400K .......... .......... .......... .......... .......... 34%  184K 37s
  4450K .......... .......... .......... .......... .......... 34%  197K 37s
  4500K .......... .......... .......... .......... .......... 35%  689K 37s
  4550K .......... .......... .......... .......... .......... 35%  729K 36s
  4600K .......... .......... .......... .......... .......... 36% 1.11M 36s
  4650K .......... .......... .......... .......... .......... 36%  973K 35s
  4700K .......... .......... .......... .......... .......... 36% 1.02M 35s
  4750K .......... .......... .......... .......... .......... 37%  747K 34s
  4800K .......... .......... .......... .......... .......... 37%  886K 34s
  4850K .......... .......... .......... .......... .......... 38%  174K 34s
  4900K .......... .......... .......... .......... .......... 38%  858K 33s
  4950K .......... .......... .......... .......... .......... 38% 58.8K 34s
  5000K .......... .......... .......... .......... .......... 39%  195K 34s
  5050K .......... .......... .......... .......... .......... 39%  105K 34s
  5100K .......... .......... .......... .......... .......... 39%  625K 33s
  5150K .......... .......... .......... .......... .......... 40%  182K 33s
  5200K .......... .......... .......... .......... .......... 40%  185K 33s
  5250K .......... .......... .......... .......... .......... 41%  207K 33s
  5300K .......... .......... .......... .......... .......... 41%  965K 33s
  5350K .......... .......... .......... .......... .......... 41% 74.3K 33s
  5400K .......... .......... .......... .......... .......... 42% 76.4K 33s
  5450K .......... .......... .......... .......... .......... 42%  115K 33s
  5500K .......... .......... .......... .......... .......... 43% 1.08M 33s
  5550K .......... .......... .......... .......... .......... 43%  938K 33s
  5600K .......... .......... .......... .......... .......... 43%  984K 32s
  5650K .......... .......... .......... .......... .......... 44%  193K 32s
  5700K .......... .......... .......... .......... .......... 44%  576K 32s
  5750K .......... .......... .......... .......... .......... 45%  722K 31s
  5800K .......... .......... .......... .......... .......... 45%  183K 31s
  5850K .......... .......... .......... .......... .......... 45%  830K 31s
  5900K .......... .......... .......... .......... .......... 46%  184K 30s
  5950K .......... .......... .......... .......... .......... 46% 56.3K 31s
  6000K .......... .......... .......... .......... .......... 46%  700K 31s
  6050K .......... .......... .......... .......... .......... 47%  109K 31s
  6100K .......... .......... .......... .......... .......... 47%  179K 30s
  6150K .......... .......... .......... .......... .......... 48%  727K 30s
  6200K .......... .......... .......... .......... .......... 48%  943K 30s
  6250K .......... .......... .......... .......... .......... 48% 57.3K 30s
  6300K .......... .......... .......... .......... .......... 49%  193K 30s
  6350K .......... .......... .......... .......... .......... 49%  890K 29s
  6400K .......... .......... .......... .......... .......... 50%  194K 29s
  6450K .......... .......... .......... .......... .......... 50%  924K 29s
  6500K .......... .......... .......... .......... .......... 50% 57.6K 29s
  6550K .......... .......... .......... .......... .......... 51%  858K 29s
  6600K .......... .......... .......... .......... .......... 51% 1.07M 28s
  6650K .......... .......... .......... .......... .......... 52%  914K 28s
  6700K .......... .......... .......... .......... .......... 52%  872K 28s
  6750K .......... .......... .......... .......... .......... 52% 1.02M 27s
  6800K .......... .......... .......... .......... .......... 53%  186K 27s
  6850K .......... .......... .......... .......... .......... 53% 1.10M 27s
  6900K .......... .......... .......... .......... .......... 53% 1.00M 26s
  6950K .......... .......... .......... .......... .......... 54%  779K 26s
  7000K .......... .......... .......... .......... .......... 54%  195K 26s
  7050K .......... .......... .......... .......... .......... 55%  972K 25s
  7100K .......... .......... .......... .......... .......... 55%  996K 25s
  7150K .......... .......... .......... .......... .......... 55%  674K 25s
  7200K .......... .......... .......... .......... .......... 56%  928K 24s
  7250K .......... .......... .......... .......... .......... 56%  887K 24s
  7300K .......... .......... .......... .......... .......... 57%  877K 24s
  7350K .......... .......... .......... .......... .......... 57%  706K 23s
  7400K .......... .......... .......... .......... .......... 57%  107K 23s
  7450K .......... .......... .......... .......... .......... 58% 1.13M 23s
  7500K .......... .......... .......... .......... .......... 58%  979K 23s
  7550K .......... .......... .......... .......... .......... 58% 73.8K 23s
  7600K .......... .......... .......... .......... .......... 59%  922K 23s
  7650K .......... .......... .......... .......... .......... 59% 75.5K 23s
  7700K .......... .......... .......... .......... .......... 60%  197K 22s
  7750K .......... .......... .......... .......... .......... 60% 1.12M 22s
  7800K .......... .......... .......... .......... .......... 60%  847K 22s
  7850K .......... .......... .......... .......... .......... 61% 1.00M 21s
  7900K .......... .......... .......... .......... .......... 61%  185K 21s
  7950K .......... .......... .......... .......... .......... 62%  981K 21s
  8000K .......... .......... .......... .......... .......... 62% 1.06M 21s
  8050K .......... .......... .......... .......... .......... 62%  704K 20s
  8100K .......... .......... .......... .......... .......... 63%  963K 20s
  8150K .......... .......... .......... .......... .......... 63%  916K 20s
  8200K .......... .......... .......... .......... .......... 64%  677K 19s
  8250K .......... .......... .......... .......... .......... 64%  188K 19s
  8300K .......... .......... .......... .......... .......... 64%  200K 19s
  8350K .......... .......... .......... .......... .......... 65%  185K 19s
  8400K .......... .......... .......... .......... .......... 65%  923K 19s
  8450K .......... .......... .......... .......... .......... 65%  660K 18s
  8500K .......... .......... .......... .......... .......... 66%  185K 18s
  8550K .......... .......... .......... .......... .......... 66% 46.3K 18s
  8600K .......... .......... .......... .......... .......... 67%  772K 18s
  8650K .......... .......... .......... .......... .......... 67%  192K 18s
  8700K .......... .......... .......... .......... .......... 67%  773K 18s
  8750K .......... .......... .......... .......... .......... 68%  110K 17s
  8800K .......... .......... .......... .......... .......... 68%  922K 17s
  8850K .......... .......... .......... .......... .......... 69% 1.03M 17s
  8900K .......... .......... .......... .......... .......... 69%  983K 17s
  8950K .......... .......... .......... .......... .......... 69%  894K 16s
  9000K .......... .......... .......... .......... .......... 70%  879K 16s
  9050K .......... .......... .......... .......... .......... 70%  771K 16s
  9100K .......... .......... .......... .......... .......... 71%  931K 16s
  9150K .......... .......... .......... .......... .......... 71%  108K 15s
  9200K .......... .......... .......... .......... .......... 71%  933K 15s
  9250K .......... .......... .......... .......... .......... 72%  937K 15s
  9300K .......... .......... .......... .......... .......... 72%  921K 15s
  9350K .......... .......... .......... .......... .......... 72%  818K 14s
  9400K .......... .......... .......... .......... .......... 73%  182K 14s
  9450K .......... .......... .......... .......... .......... 73%  800K 14s
  9500K .......... .......... .......... .......... .......... 74%  925K 14s
  9550K .......... .......... .......... .......... .......... 74%  200K 13s
  9600K .......... .......... .......... .......... .......... 74%  911K 13s
  9650K .......... .......... .......... .......... .......... 75%  773K 13s
  9700K .......... .......... .......... .......... .......... 75%  196K 13s
  9750K .......... .......... .......... .......... .......... 76%  107K 13s
  9800K .......... .......... .......... .......... .......... 76%  172K 12s
  9850K .......... .......... .......... .......... .......... 76%  566K 12s
  9900K .......... .......... .......... .......... .......... 77%  862K 12s
  9950K .......... .......... .......... .......... .......... 77%  838K 12s
 10000K .......... .......... .......... .......... .......... 78%  190K 12s
 10050K .......... .......... .......... .......... .......... 78%  683K 11s
 10100K .......... .......... .......... .......... .......... 78%  822K 11s
 10150K .......... .......... .......... .......... .......... 79% 1.10M 11s
 10200K .......... .......... .......... .......... .......... 79%  777K 11s
 10250K .......... .......... .......... .......... .......... 79% 1.01M 10s
 10300K .......... .......... .......... .......... .......... 80% 1.03M 10s
 10350K .......... .......... .......... .......... .......... 80% 74.1K 10s
 10400K .......... .......... .......... .......... .......... 81%  208K 10s
 10450K .......... .......... .......... .......... .......... 81%  181K 10s
 10500K .......... .......... .......... .......... .......... 81% 1019K 9s
 10550K .......... .......... .......... .......... .......... 82%  193K 9s
 10600K .......... .......... .......... .......... .......... 82%  179K 9s
 10650K .......... .......... .......... .......... .......... 83%  122K 9s
 10700K .......... .......... .......... .......... .......... 83%  212K 9s
 10750K .......... .......... .......... .......... .......... 83%  773K 8s
 10800K .......... .......... .......... .......... .......... 84%  949K 8s
 10850K .......... .......... .......... .......... .......... 84%  853K 8s
 10900K .......... .......... .......... .......... .......... 84% 1.02M 8s
 10950K .......... .......... .......... .......... .......... 85%  784K 8s
 11000K .......... .......... .......... .......... .......... 85%  892K 7s
 11050K .......... .......... .......... .......... .......... 86%  874K 7s
 11100K .......... .......... .......... .......... .......... 86% 1.14M 7s
 11150K .......... .......... .......... .......... .......... 86%  173K 7s
 11200K .......... .......... .......... .......... .......... 87%  753K 6s
 11250K .......... .......... .......... .......... .......... 87%  187K 6s
 11300K .......... .......... .......... .......... .......... 88%  955K 6s
 11350K .......... .......... .......... .......... .......... 88% 1.13M 6s
 11400K .......... .......... .......... .......... .......... 88%  895K 6s
 11450K .......... .......... .......... .......... .......... 89%  970K 5s
 11500K .......... .......... .......... .......... .......... 89% 74.8K 5s
 11550K .......... .......... .......... .......... .......... 90%  756K 5s
 11600K .......... .......... .......... .......... .......... 90% 1.16M 5s
 11650K .......... .......... .......... .......... .......... 90%  795K 5s
 11700K .......... .......... .......... .......... .......... 91% 73.3K 4s
 11750K .......... .......... .......... .......... .......... 91%  191K 4s
 11800K .......... .......... .......... .......... .......... 91%  819K 4s
 11850K .......... .......... .......... .......... .......... 92%  828K 4s
 11900K .......... .......... .......... .......... .......... 92%  744K 4s
 11950K .......... .......... .......... .......... .......... 93%  188K 3s
 12000K .......... .......... .......... .......... .......... 93%  854K 3s
 12050K .......... .......... .......... .......... .......... 93%  194K 3s
 12100K .......... .......... .......... .......... .......... 94%  945K 3s
 12150K .......... .......... .......... .......... .......... 94% 77.3K 3s
 12200K .......... .......... .......... .......... .......... 95% 60.0K 3s
 12250K .......... .......... .......... .......... .......... 95%  788K 2s
 12300K .......... .......... .......... .......... .......... 95% 1006K 2s
 12350K .......... .......... .......... .......... .......... 96%  916K 2s
 12400K .......... .......... .......... .......... .......... 96%  822K 2s
 12450K .......... .......... .......... .......... .......... 97%  985K 2s
 12500K .......... .......... .......... .......... .......... 97%  785K 1s
 12550K .......... .......... .......... .......... .......... 97%  193K 1s
 12600K .......... .......... .......... .......... .......... 98% 1.04M 1s
 12650K .......... .......... .......... .......... .......... 98%  197K 1s
 12700K .......... .......... .......... .......... .......... 98%  195K 1s
 12750K .......... .......... .......... .......... .......... 99%  833K 0s
 12800K .......... .......... .......... .......... .......... 99%  193K 0s
 12850K .......... .......... .......... ....                 100% 32.3K=52s

2016-05-25 03:25:09 (249 KB/s) - ‘index.html.15’ saved [13193358/13193358]

