--2016-05-25 03:51:24--  http://10.30.50.93:8000/
Connecting to 10.30.50.93:8000... connected.
HTTP request sent, awaiting response... 200 OK
Length: 13193358 (13M) [text/html]
Saving to: ‘index.html.5’

     0K .......... .......... .......... .......... ..........  0% 4.69M 3s
    50K .......... .......... .......... .......... ..........  0% 5.64M 2s
   100K .......... .......... .......... .......... ..........  1% 5.96M 2s
   150K .......... .......... .......... .......... ..........  1% 5.99M 2s
   200K .......... .......... .......... .......... ..........  1% 4.48M 2s
   250K .......... .......... .......... .......... ..........  2% 4.60M 2s
   300K .......... .......... .......... .......... ..........  2% 5.84M 2s
   350K .......... .......... .......... .......... ..........  3% 3.26M 3s
   400K .......... .......... .......... .......... ..........  3% 3.17M 3s
   450K .......... .......... .......... .......... ..........  3% 2.35M 3s
   500K .......... .......... .......... .......... ..........  4% 2.05M 3s
   550K .......... .......... .......... .......... ..........  4% 2.43M 3s
   600K .......... .......... .......... .......... ..........  5% 2.68M 3s
   650K .......... .......... .......... .......... ..........  5% 3.14M 3s
   700K .......... .......... .......... .......... ..........  5% 2.84M 3s
   750K .......... .......... .......... .......... ..........  6% 4.97M 3s
   800K .......... .......... .......... .......... ..........  6% 3.99M 3s
   850K .......... .......... .......... .......... ..........  6% 2.90M 3s
   900K .......... .......... .......... .......... ..........  7% 2.84M 3s
   950K .......... .......... .......... .......... ..........  7% 1.90M 3s
  1000K .......... .......... .......... .......... ..........  8% 2.65M 4s
  1050K .......... .......... .......... .......... ..........  8% 2.35M 4s
  1100K .......... .......... .......... .......... ..........  8% 3.13M 4s
  1150K .......... .......... .......... .......... ..........  9% 3.48M 4s
  1200K .......... .......... .......... .......... ..........  9% 4.21M 3s
  1250K .......... .......... .......... .......... .......... 10% 3.69M 3s
  1300K .......... .......... .......... .......... .......... 10% 2.14M 3s
  1350K .......... .......... .......... .......... .......... 10% 2.19M 4s
  1400K .......... .......... .......... .......... .......... 11% 2.87M 4s
  1450K .......... .......... .......... .......... .......... 11% 2.26M 4s
  1500K .......... .......... .......... .......... .......... 12% 2.88M 4s
  1550K .......... .......... .......... .......... .......... 12% 3.32M 4s
  1600K .......... .......... .......... .......... .......... 12% 2.50M 4s
  1650K .......... .......... .......... .......... .......... 13% 1.77M 4s
  1700K .......... .......... .......... .......... .......... 13% 2.82M 4s
  1750K .......... .......... .......... .......... .......... 13% 1.28M 4s
  1800K .......... .......... .......... .......... .......... 14% 1.26M 4s
  1850K .......... .......... .......... .......... .......... 14% 1.76M 4s
  1900K .......... .......... .......... .......... .......... 15% 3.00M 4s
  1950K .......... .......... .......... .......... .......... 15% 4.09M 4s
  2000K .......... .......... .......... .......... .......... 15% 3.25M 4s
  2050K .......... .......... .......... .......... .......... 16% 3.91M 4s
  2100K .......... .......... .......... .......... .......... 16% 3.90M 4s
  2150K .......... .......... .......... .......... .......... 17% 3.12M 4s
  2200K .......... .......... .......... .......... .......... 17% 3.11M 4s
  2250K .......... .......... .......... .......... .......... 17% 2.18M 4s
  2300K .......... .......... .......... .......... .......... 18% 2.45M 4s
  2350K .......... .......... .......... .......... .......... 18% 2.64M 4s
  2400K .......... .......... .......... .......... .......... 19% 3.13M 4s
  2450K .......... .......... .......... .......... .......... 19% 2.30M 4s
  2500K .......... .......... .......... .......... .......... 19% 2.61M 4s
  2550K .......... .......... .......... .......... .......... 20% 2.75M 4s
  2600K .......... .......... .......... .......... .......... 20% 1.99M 4s
  2650K .......... .......... .......... .......... .......... 20% 2.67M 4s
  2700K .......... .......... .......... .......... .......... 21% 1.85M 4s
  2750K .......... .......... .......... .......... .......... 21% 1.18M 4s
  2800K .......... .......... .......... .......... .......... 22% 1.26M 4s
  2850K .......... .......... .......... .......... .......... 22% 1.30M 4s
  2900K .......... .......... .......... .......... .......... 22%  918K 4s
  2950K .......... .......... .......... .......... .......... 23% 1.51M 4s
  3000K .......... .......... .......... .......... .......... 23% 1.55M 4s
  3050K .......... .......... .......... .......... .......... 24% 1.27M 4s
  3100K .......... .......... .......... .......... .......... 24% 2.24M 4s
  3150K .......... .......... .......... .......... .......... 24% 2.30M 4s
  3200K .......... .......... .......... .......... .......... 25% 2.73M 4s
  3250K .......... .......... .......... .......... .......... 25% 2.98M 4s
  3300K .......... .......... .......... .......... .......... 26% 2.35M 4s
  3350K .......... .......... .......... .......... .......... 26% 2.97M 4s
  3400K .......... .......... .......... .......... .......... 26% 3.00M 4s
  3450K .......... .......... .......... .......... .......... 27% 2.07M 4s
  3500K .......... .......... .......... .......... .......... 27% 2.50M 4s
  3550K .......... .......... .......... .......... .......... 27% 3.24M 4s
  3600K .......... .......... .......... .......... .......... 28% 3.49M 4s
  3650K .......... .......... .......... .......... .......... 28% 3.75M 4s
  3700K .......... .......... .......... .......... .......... 29% 3.97M 4s
  3750K .......... .......... .......... .......... .......... 29% 4.18M 4s
  3800K .......... .......... .......... .......... .......... 29% 4.85M 4s
  3850K .......... .......... .......... .......... .......... 30% 3.41M 3s
  3900K .......... .......... .......... .......... .......... 30% 2.15M 3s
  3950K .......... .......... .......... .......... .......... 31% 2.34M 3s
  4000K .......... .......... .......... .......... .......... 31% 1.73M 3s
  4050K .......... .......... .......... .......... .......... 31% 2.13M 3s
  4100K .......... .......... .......... .......... .......... 32% 2.63M 3s
  4150K .......... .......... .......... .......... .......... 32% 1.85M 3s
  4200K .......... .......... .......... .......... .......... 32% 2.60M 3s
  4250K .......... .......... .......... .......... .......... 33% 1.85M 3s
  4300K .......... .......... .......... .......... .......... 33% 2.99M 3s
  4350K .......... .......... .......... .......... .......... 34% 1.70M 3s
  4400K .......... .......... .......... .......... .......... 34% 1.57M 3s
  4450K .......... .......... .......... .......... .......... 34% 1.90M 3s
  4500K .......... .......... .......... .......... .......... 35% 1.25M 3s
  4550K .......... .......... .......... .......... .......... 35% 1.49M 3s
  4600K .......... .......... .......... .......... .......... 36% 1.75M 3s
  4650K .......... .......... .......... .......... .......... 36% 1.87M 3s
  4700K .......... .......... .......... .......... .......... 36% 2.29M 3s
  4750K .......... .......... .......... .......... .......... 37% 1.88M 3s
  4800K .......... .......... .......... .......... .......... 37% 2.42M 3s
  4850K .......... .......... .......... .......... .......... 38% 2.47M 3s
  4900K .......... .......... .......... .......... .......... 38% 2.81M 3s
  4950K .......... .......... .......... .......... .......... 38% 2.30M 3s
  5000K .......... .......... .......... .......... .......... 39% 2.05M 3s
  5050K .......... .......... .......... .......... .......... 39% 2.34M 3s
  5100K .......... .......... .......... .......... .......... 39% 4.20M 3s
  5150K .......... .......... .......... .......... .......... 40% 2.95M 3s
  5200K .......... .......... .......... .......... .......... 40% 2.80M 3s
  5250K .......... .......... .......... .......... .......... 41% 2.05M 3s
  5300K .......... .......... .......... .......... .......... 41% 2.15M 3s
  5350K .......... .......... .......... .......... .......... 41% 2.73M 3s
  5400K .......... .......... .......... .......... .......... 42% 2.83M 3s
  5450K .......... .......... .......... .......... .......... 42%  215K 3s
  5500K .......... .......... .......... .......... .......... 43% 1.38M 3s
  5550K .......... .......... .......... .......... .......... 43% 1.41M 3s
  5600K .......... .......... .......... .......... .......... 43% 2.18M 3s
  5650K .......... .......... .......... .......... .......... 44% 1.84M 3s
  5700K .......... .......... .......... .......... .......... 44% 2.02M 3s
  5750K .......... .......... .......... .......... .......... 45% 2.03M 3s
  5800K .......... .......... .......... .......... .......... 45% 3.14M 3s
  5850K .......... .......... .......... .......... .......... 45% 2.69M 3s
  5900K .......... .......... .......... .......... .......... 46% 2.54M 3s
  5950K .......... .......... .......... .......... .......... 46% 1.92M 3s
  6000K .......... .......... .......... .......... .......... 46% 2.29M 3s
  6050K .......... .......... .......... .......... .......... 47% 1.84M 3s
  6100K .......... .......... .......... .......... .......... 47% 2.02M 3s
  6150K .......... .......... .......... .......... .......... 48% 2.04M 3s
  6200K .......... .......... .......... .......... .......... 48% 2.27M 3s
  6250K .......... .......... .......... .......... .......... 48% 2.24M 3s
  6300K .......... .......... .......... .......... .......... 49% 2.18M 3s
  6350K .......... .......... .......... .......... .......... 49% 2.64M 3s
  6400K .......... .......... .......... .......... .......... 50% 2.02M 3s
  6450K .......... .......... .......... .......... .......... 50% 2.21M 3s
  6500K .......... .......... .......... .......... .......... 50% 1.65M 3s
  6550K .......... .......... .......... .......... .......... 51% 2.48M 3s
  6600K .......... .......... .......... .......... .......... 51% 2.16M 3s
  6650K .......... .......... .......... .......... .......... 52% 2.10M 3s
  6700K .......... .......... .......... .......... .......... 52% 2.12M 3s
  6750K .......... .......... .......... .......... .......... 52% 2.28M 3s
  6800K .......... .......... .......... .......... .......... 53% 2.20M 3s
  6850K .......... .......... .......... .......... .......... 53% 1.90M 3s
  6900K .......... .......... .......... .......... .......... 53% 1.83M 3s
  6950K .......... .......... .......... .......... .......... 54% 1.75M 3s
  7000K .......... .......... .......... .......... .......... 54% 1.76M 3s
  7050K .......... .......... .......... .......... .......... 55% 1.56M 3s
  7100K .......... .......... .......... .......... .......... 55% 1.32M 3s
  7150K .......... .......... .......... .......... .......... 55% 1.26M 3s
  7200K .......... .......... .......... .......... .......... 56% 1.89M 3s
  7250K .......... .......... .......... .......... .......... 56% 1.37M 3s
  7300K .......... .......... .......... .......... .......... 57% 2.76M 3s
  7350K .......... .......... .......... .......... .......... 57% 1.77M 3s
  7400K .......... .......... .......... .......... .......... 57% 1.69M 3s
  7450K .......... .......... .......... .......... .......... 58% 3.41M 2s
  7500K .......... .......... .......... .......... .......... 58% 2.24M 2s
  7550K .......... .......... .......... .......... .......... 58% 1.90M 2s
  7600K .......... .......... .......... .......... .......... 59% 1.92M 2s
  7650K .......... .......... .......... .......... .......... 59% 2.19M 2s
  7700K .......... .......... .......... .......... .......... 60% 2.29M 2s
  7750K .......... .......... .......... .......... .......... 60% 2.38M 2s
  7800K .......... .......... .......... .......... .......... 60% 2.19M 2s
  7850K .......... .......... .......... .......... .......... 61% 2.37M 2s
  7900K .......... .......... .......... .......... .......... 61% 3.01M 2s
  7950K .......... .......... .......... .......... .......... 62% 1.27M 2s
  8000K .......... .......... .......... .......... .......... 62% 1.65M 2s
  8050K .......... .......... .......... .......... .......... 62% 1.12M 2s
  8100K .......... .......... .......... .......... .......... 63% 1.20M 2s
  8150K .......... .......... .......... .......... .......... 63% 1013K 2s
  8200K .......... .......... .......... .......... .......... 64% 1.26M 2s
  8250K .......... .......... .......... .......... .......... 64% 1.41M 2s
  8300K .......... .......... .......... .......... .......... 64% 1.44M 2s
  8350K .......... .......... .......... .......... .......... 65% 1.75M 2s
  8400K .......... .......... .......... .......... .......... 65% 2.28M 2s
  8450K .......... .......... .......... .......... .......... 65% 3.12M 2s
  8500K .......... .......... .......... .......... .......... 66% 1.75M 2s
  8550K .......... .......... .......... .......... .......... 66% 1.81M 2s
  8600K .......... .......... .......... .......... .......... 67% 1.75M 2s
  8650K .......... .......... .......... .......... .......... 67% 2.07M 2s
  8700K .......... .......... .......... .......... .......... 67% 2.09M 2s
  8750K .......... .......... .......... .......... .......... 68% 1.87M 2s
  8800K .......... .......... .......... .......... .......... 68% 3.38M 2s
  8850K .......... .......... .......... .......... .......... 69% 3.27M 2s
  8900K .......... .......... .......... .......... .......... 69% 3.24M 2s
  8950K .......... .......... .......... .......... .......... 69% 3.49M 2s
  9000K .......... .......... .......... .......... .......... 70% 2.21M 2s
  9050K .......... .......... .......... .......... .......... 70% 2.30M 2s
  9100K .......... .......... .......... .......... .......... 71% 2.78M 2s
  9150K .......... .......... .......... .......... .......... 71% 2.63M 2s
  9200K .......... .......... .......... .......... .......... 71% 2.09M 2s
  9250K .......... .......... .......... .......... .......... 72% 2.75M 2s
  9300K .......... .......... .......... .......... .......... 72% 1.95M 2s
  9350K .......... .......... .......... .......... .......... 72% 2.88M 2s
  9400K .......... .......... .......... .......... .......... 73% 2.28M 2s
  9450K .......... .......... .......... .......... .......... 73% 2.83M 2s
  9500K .......... .......... .......... .......... .......... 74% 2.31M 2s
  9550K .......... .......... .......... .......... .......... 74% 1.77M 2s
  9600K .......... .......... .......... .......... .......... 74% 1.79M 2s
  9650K .......... .......... .......... .......... .......... 75% 2.19M 1s
  9700K .......... .......... .......... .......... .......... 75% 2.44M 1s
  9750K .......... .......... .......... .......... .......... 76% 3.28M 1s
  9800K .......... .......... .......... .......... .......... 76% 2.45M 1s
  9850K .......... .......... .......... .......... .......... 76% 1.83M 1s
  9900K .......... .......... .......... .......... .......... 77% 2.27M 1s
  9950K .......... .......... .......... .......... .......... 77% 2.40M 1s
 10000K .......... .......... .......... .......... .......... 78% 2.10M 1s
 10050K .......... .......... .......... .......... .......... 78% 1.65M 1s
 10100K .......... .......... .......... .......... .......... 78% 1.60M 1s
 10150K .......... .......... .......... .......... .......... 79% 2.26M 1s
 10200K .......... .......... .......... .......... .......... 79% 3.15M 1s
 10250K .......... .......... .......... .......... .......... 79% 1.76M 1s
 10300K .......... .......... .......... .......... .......... 80% 1.86M 1s
 10350K .......... .......... .......... .......... .......... 80% 2.27M 1s
 10400K .......... .......... .......... .......... .......... 81% 2.35M 1s
 10450K .......... .......... .......... .......... .......... 81% 2.69M 1s
 10500K .......... .......... .......... .......... .......... 81% 2.03M 1s
 10550K .......... .......... .......... .......... .......... 82% 1.83M 1s
 10600K .......... .......... .......... .......... .......... 82% 2.74M 1s
 10650K .......... .......... .......... .......... .......... 83% 3.68M 1s
 10700K .......... .......... .......... .......... .......... 83% 2.50M 1s
 10750K .......... .......... .......... .......... .......... 83% 1.86M 1s
 10800K .......... .......... .......... .......... .......... 84% 2.08M 1s
 10850K .......... .......... .......... .......... .......... 84% 1.60M 1s
 10900K .......... .......... .......... .......... .......... 84% 1.36M 1s
 10950K .......... .......... .......... .......... .......... 85% 1.25M 1s
 11000K .......... .......... .......... .......... .......... 85% 2.22M 1s
 11050K .......... .......... .......... .......... .......... 86% 2.64M 1s
 11100K .......... .......... .......... .......... .......... 86% 3.49M 1s
 11150K .......... .......... .......... .......... .......... 86% 2.63M 1s
 11200K .......... .......... .......... .......... .......... 87% 2.19M 1s
 11250K .......... .......... .......... .......... .......... 87% 2.77M 1s
 11300K .......... .......... .......... .......... .......... 88% 3.12M 1s
 11350K .......... .......... .......... .......... .......... 88% 1.68M 1s
 11400K .......... .......... .......... .......... .......... 88% 1.55M 1s
 11450K .......... .......... .......... .......... .......... 89% 1.32M 1s
 11500K .......... .......... .......... .......... .......... 89% 1.33M 1s
 11550K .......... .......... .......... .......... .......... 90% 2.28M 1s
 11600K .......... .......... .......... .......... .......... 90% 2.39M 1s
 11650K .......... .......... .......... .......... .......... 90% 2.34M 1s
 11700K .......... .......... .......... .......... .......... 91% 1.54M 1s
 11750K .......... .......... .......... .......... .......... 91% 1.36M 1s
 11800K .......... .......... .......... .......... .......... 91% 1.12M 0s
 11850K .......... .......... .......... .......... .......... 92% 1.25M 0s
 11900K .......... .......... .......... .......... .......... 92% 3.06M 0s
 11950K .......... .......... .......... .......... .......... 93% 2.68M 0s
 12000K .......... .......... .......... .......... .......... 93% 3.35M 0s
 12050K .......... .......... .......... .......... .......... 93% 2.60M 0s
 12100K .......... .......... .......... .......... .......... 94% 1.99M 0s
 12150K .......... .......... .......... .......... .......... 94% 1.55M 0s
 12200K .......... .......... .......... .......... .......... 95% 1.36M 0s
 12250K .......... .......... .......... .......... .......... 95% 3.06M 0s
 12300K .......... .......... .......... .......... .......... 95% 2.59M 0s
 12350K .......... .......... .......... .......... .......... 96% 2.14M 0s
 12400K .......... .......... .......... .......... .......... 96% 2.67M 0s
 12450K .......... .......... .......... .......... .......... 97% 2.94M 0s
 12500K .......... .......... .......... .......... .......... 97% 2.68M 0s
 12550K .......... .......... .......... .......... .......... 97% 2.24M 0s
 12600K .......... .......... .......... .......... .......... 98% 1.98M 0s
 12650K .......... .......... .......... .......... .......... 98% 2.31M 0s
 12700K .......... .......... .......... .......... .......... 98% 2.31M 0s
 12750K .......... .......... .......... .......... .......... 99% 2.62M 0s
 12800K .......... .......... .......... .......... .......... 99% 3.48M 0s
 12850K .......... .......... .......... ....                 100% 2.77M=6.0s

2016-05-25 03:51:30 (2.09 MB/s) - ‘index.html.5’ saved [13193358/13193358]

