--2016-05-25 02:58:45--  http://10.30.50.93:8000/
Connecting to 10.30.50.93:8000... connected.
HTTP request sent, awaiting response... 200 OK
Length: 13193358 (13M) [text/html]
Saving to: ‘index.html.12’

     0K .......... .......... .......... .......... ..........  0%  508K 25s
    50K .......... .......... .......... .......... ..........  0%  551K 24s
   100K .......... .......... .......... .......... ..........  1%  164K 42s
   150K .......... .......... .......... .......... ..........  1%  435K 39s
   200K .......... .......... .......... .......... ..........  1%  495K 36s
   250K .......... .......... .......... .......... ..........  2%  173K 42s
   300K .......... .......... .......... .......... ..........  2%  458K 40s
   350K .......... .......... .......... .......... ..........  3%  433K 38s
   400K .......... .......... .......... .......... ..........  3%  505K 37s
   450K .......... .......... .......... .......... ..........  3%  464K 35s
   500K .......... .......... .......... .......... ..........  4%  517K 34s
   550K .......... .......... .......... .......... ..........  4%  167K 37s
   600K .......... .......... .......... .......... ..........  5%  580K 36s
   650K .......... .......... .......... .......... ..........  5%  461K 35s
   700K .......... .......... .......... .......... ..........  5%  438K 35s
   750K .......... .......... .......... .......... ..........  6%  440K 34s
   800K .......... .......... .......... .......... ..........  6%  521K 33s
   850K .......... .......... .......... .......... ..........  6%  550K 32s
   900K .......... .......... .......... .......... ..........  7%  504K 32s
   950K .......... .......... .......... .......... ..........  7%  157K 34s
  1000K .......... .......... .......... .......... ..........  8% 96.8K 38s
  1050K .......... .......... .......... .......... ..........  8%  425K 37s
  1100K .......... .......... .......... .......... ..........  8%  517K 37s
  1150K .......... .......... .......... .......... ..........  9% 95.7K 40s
  1200K .......... .......... .......... .......... ..........  9%  487K 39s
  1250K .......... .......... .......... .......... .......... 10%  519K 38s
  1300K .......... .......... .......... .......... .......... 10%  562K 38s
  1350K .......... .......... .......... .......... .......... 10%  549K 37s
  1400K .......... .......... .......... .......... .......... 11%  563K 36s
  1450K .......... .......... .......... .......... .......... 11%  580K 35s
  1500K .......... .......... .......... .......... .......... 12%  533K 35s
  1550K .......... .......... .......... .......... .......... 12%  163K 36s
  1600K .......... .......... .......... .......... .......... 12% 96.8K 38s
  1650K .......... .......... .......... .......... .......... 13%  353K 38s
  1700K .......... .......... .......... .......... .......... 13%  101K 40s
  1750K .......... .......... .......... .......... .......... 13% 53.2K 44s
  1800K .......... .......... .......... .......... .......... 14% 2.61M 43s
  1850K .......... .......... .......... .......... .......... 14%  530K 42s
  1900K .......... .......... .......... .......... .......... 15%  509K 41s
  1950K .......... .......... .......... .......... .......... 15%  511K 41s
  2000K .......... .......... .......... .......... .......... 15%  649K 40s
  2050K .......... .......... .......... .......... .......... 16% 98.2K 41s
  2100K .......... .......... .......... .......... .......... 16%  213K 41s
  2150K .......... .......... .......... .......... .......... 17%  613K 41s
  2200K .......... .......... .......... .......... .......... 17%  363K 40s
  2250K .......... .......... .......... .......... .......... 17%  172K 40s
  2300K .......... .......... .......... .......... .......... 18%  521K 40s
  2350K .......... .......... .......... .......... .......... 18%  462K 39s
  2400K .......... .......... .......... .......... .......... 19%  160K 40s
  2450K .......... .......... .......... .......... .......... 19%  455K 39s
  2500K .......... .......... .......... .......... .......... 19%  473K 39s
  2550K .......... .......... .......... .......... .......... 20%  484K 38s
  2600K .......... .......... .......... .......... .......... 20% 95.2K 39s
  2650K .......... .......... .......... .......... .......... 20%  520K 39s
  2700K .......... .......... .......... .......... .......... 21%  560K 38s
  2750K .......... .......... .......... .......... .......... 21%  584K 38s
  2800K .......... .......... .......... .......... .......... 22%  591K 37s
  2850K .......... .......... .......... .......... .......... 22%  471K 37s
  2900K .......... .......... .......... .......... .......... 22%  552K 36s
  2950K .......... .......... .......... .......... .......... 23%  519K 36s
  3000K .......... .......... .......... .......... .......... 23% 69.5K 37s
  3050K .......... .......... .......... .......... .......... 24% 53.0K 39s
  3100K .......... .......... .......... .......... .......... 24%  577K 39s
  3150K .......... .......... .......... .......... .......... 24%  464K 38s
  3200K .......... .......... .......... .......... .......... 25%  565K 38s
  3250K .......... .......... .......... .......... .......... 25%  547K 37s
  3300K .......... .......... .......... .......... .......... 26%  497K 37s
  3350K .......... .......... .......... .......... .......... 26%  517K 36s
  3400K .......... .......... .......... .......... .......... 26%  451K 36s
  3450K .......... .......... .......... .......... .......... 27% 76.3K 37s
  3500K .......... .......... .......... .......... .......... 27% 2.03M 36s
  3550K .......... .......... .......... .......... .......... 27%  562K 36s
  3600K .......... .......... .......... .......... .......... 28%  486K 35s
  3650K .......... .......... .......... .......... .......... 28%  428K 35s
  3700K .......... .......... .......... .......... .......... 29%  449K 35s
  3750K .......... .......... .......... .......... .......... 29%  523K 34s
  3800K .......... .......... .......... .......... .......... 29%  548K 34s
  3850K .......... .......... .......... .......... .......... 30%  161K 34s
  3900K .......... .......... .......... .......... .......... 30%  148K 34s
  3950K .......... .......... .......... .......... .......... 31%  454K 34s
  4000K .......... .......... .......... .......... .......... 31%  561K 33s
  4050K .......... .......... .......... .......... .......... 31%  496K 33s
  4100K .......... .......... .......... .......... .......... 32%  472K 33s
  4150K .......... .......... .......... .......... .......... 32%  483K 32s
  4200K .......... .......... .......... .......... .......... 32%  163K 32s
  4250K .......... .......... .......... .......... .......... 33%  518K 32s
  4300K .......... .......... .......... .......... .......... 33%  520K 32s
  4350K .......... .......... .......... .......... .......... 34%  159K 32s
  4400K .......... .......... .......... .......... .......... 34%  495K 31s
  4450K .......... .......... .......... .......... .......... 34%  534K 31s
  4500K .......... .......... .......... .......... .......... 35%  558K 31s
  4550K .......... .......... .......... .......... .......... 35%  548K 30s
  4600K .......... .......... .......... .......... .......... 36%  524K 30s
  4650K .......... .......... .......... .......... .......... 36%  496K 30s
  4700K .......... .......... .......... .......... .......... 36%  386K 29s
  4750K .......... .......... .......... .......... .......... 37%  181K 29s
  4800K .......... .......... .......... .......... .......... 37%  423K 29s
  4850K .......... .......... .......... .......... .......... 38%  585K 29s
  4900K .......... .......... .......... .......... .......... 38%  450K 28s
  4950K .......... .......... .......... .......... .......... 38%  550K 28s
  5000K .......... .......... .......... .......... .......... 39%  518K 28s
  5050K .......... .......... .......... .......... .......... 39%  453K 27s
  5100K .......... .......... .......... .......... .......... 39%  533K 27s
  5150K .......... .......... .......... .......... .......... 40%  476K 27s
  5200K .......... .......... .......... .......... .......... 40%  520K 27s
  5250K .......... .......... .......... .......... .......... 41%  509K 26s
  5300K .......... .......... .......... .......... .......... 41%  461K 26s
  5350K .......... .......... .......... .......... .......... 41%  158K 26s
  5400K .......... .......... .......... .......... .......... 42%  446K 26s
  5450K .......... .......... .......... .......... .......... 42%  495K 26s
  5500K .......... .......... .......... .......... .......... 43%  523K 25s
  5550K .......... .......... .......... .......... .......... 43%  560K 25s
  5600K .......... .......... .......... .......... .......... 43%  164K 25s
  5650K .......... .......... .......... .......... .......... 44%  562K 25s
  5700K .......... .......... .......... .......... .......... 44%  544K 24s
  5750K .......... .......... .......... .......... .......... 45%  584K 24s
  5800K .......... .......... .......... .......... .......... 45%  485K 24s
  5850K .......... .......... .......... .......... .......... 45%  432K 24s
  5900K .......... .......... .......... .......... .......... 46%  595K 23s
  5950K .......... .......... .......... .......... .......... 46%  564K 23s
  6000K .......... .......... .......... .......... .......... 46%  153K 23s
  6050K .......... .......... .......... .......... .......... 47% 94.6K 23s
  6100K .......... .......... .......... .......... .......... 47%  163K 23s
  6150K .......... .......... .......... .......... .......... 48%  454K 23s
  6200K .......... .......... .......... .......... .......... 48%  535K 23s
  6250K .......... .......... .......... .......... .......... 48%  505K 23s
  6300K .......... .......... .......... .......... .......... 49%  446K 22s
  6350K .......... .......... .......... .......... .......... 49%  449K 22s
  6400K .......... .......... .......... .......... .......... 50%  501K 22s
  6450K .......... .......... .......... .......... .......... 50%  533K 22s
  6500K .......... .......... .......... .......... .......... 50%  594K 21s
  6550K .......... .......... .......... .......... .......... 51%  164K 21s
  6600K .......... .......... .......... .......... .......... 51%  163K 21s
  6650K .......... .......... .......... .......... .......... 52%  337K 21s
  6700K .......... .......... .......... .......... .......... 52%  508K 21s
  6750K .......... .......... .......... .......... .......... 52%  574K 21s
  6800K .......... .......... .......... .......... .......... 53%  445K 20s
  6850K .......... .......... .......... .......... .......... 53%  476K 20s
  6900K .......... .......... .......... .......... .......... 53%  545K 20s
  6950K .......... .......... .......... .......... .......... 54%  474K 20s
  7000K .......... .......... .......... .......... .......... 54%  496K 20s
  7050K .......... .......... .......... .......... .......... 55%  511K 19s
  7100K .......... .......... .......... .......... .......... 55%  164K 19s
  7150K .......... .......... .......... .......... .......... 55%  565K 19s
  7200K .......... .......... .......... .......... .......... 56%  428K 19s
  7250K .......... .......... .......... .......... .......... 56%  648K 19s
  7300K .......... .......... .......... .......... .......... 57%  414K 18s
  7350K .......... .......... .......... .......... .......... 57%  496K 18s
  7400K .......... .......... .......... .......... .......... 57%  149K 18s
  7450K .......... .......... .......... .......... .......... 58%  541K 18s
  7500K .......... .......... .......... .......... .......... 58%  595K 18s
  7550K .......... .......... .......... .......... .......... 58%  152K 18s
  7600K .......... .......... .......... .......... .......... 59%  605K 17s
  7650K .......... .......... .......... .......... .......... 59%  565K 17s
  7700K .......... .......... .......... .......... .......... 60%  579K 17s
  7750K .......... .......... .......... .......... .......... 60%  486K 17s
  7800K .......... .......... .......... .......... .......... 60%  534K 17s
  7850K .......... .......... .......... .......... .......... 61%  521K 16s
  7900K .......... .......... .......... .......... .......... 61%  617K 16s
  7950K .......... .......... .......... .......... .......... 62%  497K 16s
  8000K .......... .......... .......... .......... .......... 62%  561K 16s
  8050K .......... .......... .......... .......... .......... 62%  532K 16s
  8100K .......... .......... .......... .......... .......... 63%  499K 15s
  8150K .......... .......... .......... .......... .......... 63%  623K 15s
  8200K .......... .......... .......... .......... .......... 64%  388K 15s
  8250K .......... .......... .......... .......... .......... 64%  484K 15s
  8300K .......... .......... .......... .......... .......... 64%  522K 15s
  8350K .......... .......... .......... .......... .......... 65%  417K 14s
  8400K .......... .......... .......... .......... .......... 65%  168K 14s
  8450K .......... .......... .......... .......... .......... 65%  471K 14s
  8500K .......... .......... .......... .......... .......... 66%  595K 14s
  8550K .......... .......... .......... .......... .......... 66%  485K 14s
  8600K .......... .......... .......... .......... .......... 67%  411K 14s
  8650K .......... .......... .......... .......... .......... 67%  470K 13s
  8700K .......... .......... .......... .......... .......... 67%  523K 13s
  8750K .......... .......... .......... .......... .......... 68%  477K 13s
  8800K .......... .......... .......... .......... .......... 68%  470K 13s
  8850K .......... .......... .......... .......... .......... 69%  157K 13s
  8900K .......... .......... .......... .......... .......... 69%  434K 13s
  8950K .......... .......... .......... .......... .......... 69%  162K 12s
  9000K .......... .......... .......... .......... .......... 70%  485K 12s
  9050K .......... .......... .......... .......... .......... 70%  492K 12s
  9100K .......... .......... .......... .......... .......... 71%  503K 12s
  9150K .......... .......... .......... .......... .......... 71%  162K 12s
  9200K .......... .......... .......... .......... .......... 71%  168K 12s
  9250K .......... .......... .......... .......... .......... 72%  524K 11s
  9300K .......... .......... .......... .......... .......... 72%  440K 11s
  9350K .......... .......... .......... .......... .......... 72%  417K 11s
  9400K .......... .......... .......... .......... .......... 73%  533K 11s
  9450K .......... .......... .......... .......... .......... 73%  539K 11s
  9500K .......... .......... .......... .......... .......... 74%  530K 11s
  9550K .......... .......... .......... .......... .......... 74%  537K 10s
  9600K .......... .......... .......... .......... .......... 74%  480K 10s
  9650K .......... .......... .......... .......... .......... 75%  434K 10s
  9700K .......... .......... .......... .......... .......... 75%  509K 10s
  9750K .......... .......... .......... .......... .......... 76%  504K 10s
  9800K .......... .......... .......... .......... .......... 76%  163K 10s
  9850K .......... .......... .......... .......... .......... 76%  562K 9s
  9900K .......... .......... .......... .......... .......... 77%  583K 9s
  9950K .......... .......... .......... .......... .......... 77%  519K 9s
 10000K .......... .......... .......... .......... .......... 78%  472K 9s
 10050K .......... .......... .......... .......... .......... 78% 69.3K 9s
 10100K .......... .......... .......... .......... .......... 78%  408K 9s
 10150K .......... .......... .......... .......... .......... 79%  505K 9s
 10200K .......... .......... .......... .......... .......... 79%  513K 8s
 10250K .......... .......... .......... .......... .......... 79%  492K 8s
 10300K .......... .......... .......... .......... .......... 80%  487K 8s
 10350K .......... .......... .......... .......... .......... 80%  470K 8s
 10400K .......... .......... .......... .......... .......... 81%  461K 8s
 10450K .......... .......... .......... .......... .......... 81%  538K 7s
 10500K .......... .......... .......... .......... .......... 81%  526K 7s
 10550K .......... .......... .......... .......... .......... 82%  462K 7s
 10600K .......... .......... .......... .......... .......... 82% 97.6K 7s
 10650K .......... .......... .......... .......... .......... 83%  484K 7s
 10700K .......... .......... .......... .......... .......... 83%  548K 7s
 10750K .......... .......... .......... .......... .......... 83%  514K 7s
 10800K .......... .......... .......... .......... .......... 84%  538K 6s
 10850K .......... .......... .......... .......... .......... 84%  587K 6s
 10900K .......... .......... .......... .......... .......... 84%  577K 6s
 10950K .......... .......... .......... .......... .......... 85%  508K 6s
 11000K .......... .......... .......... .......... .......... 85%  545K 6s
 11050K .......... .......... .......... .......... .......... 86%  442K 6s
 11100K .......... .......... .......... .......... .......... 86%  373K 5s
 11150K .......... .......... .......... .......... .......... 86%  181K 5s
 11200K .......... .......... .......... .......... .......... 87%  445K 5s
 11250K .......... .......... .......... .......... .......... 87%  163K 5s
 11300K .......... .......... .......... .......... .......... 88%  485K 5s
 11350K .......... .......... .......... .......... .......... 88%  143K 5s
 11400K .......... .......... .......... .......... .......... 88%  161K 5s
 11450K .......... .......... .......... .......... .......... 89%  161K 4s
 11500K .......... .......... .......... .......... .......... 89%  502K 4s
 11550K .......... .......... .......... .......... .......... 90%  546K 4s
 11600K .......... .......... .......... .......... .......... 90%  508K 4s
 11650K .......... .......... .......... .......... .......... 90% 94.8K 4s
 11700K .......... .......... .......... .......... .......... 91%  595K 4s
 11750K .......... .......... .......... .......... .......... 91%  558K 3s
 11800K .......... .......... .......... .......... .......... 91%  496K 3s
 11850K .......... .......... .......... .......... .......... 92%  448K 3s
 11900K .......... .......... .......... .......... .......... 92%  544K 3s
 11950K .......... .......... .......... .......... .......... 93%  484K 3s
 12000K .......... .......... .......... .......... .......... 93%  512K 3s
 12050K .......... .......... .......... .......... .......... 93%  492K 2s
 12100K .......... .......... .......... .......... .......... 94%  495K 2s
 12150K .......... .......... .......... .......... .......... 94%  549K 2s
 12200K .......... .......... .......... .......... .......... 95%  102K 2s
 12250K .......... .......... .......... .......... .......... 95% 73.7K 2s
 12300K .......... .......... .......... .......... .......... 95% 1.33M 2s
 12350K .......... .......... .......... .......... .......... 96%  566K 2s
 12400K .......... .......... .......... .......... .......... 96%  529K 1s
 12450K .......... .......... .......... .......... .......... 97%  511K 1s
 12500K .......... .......... .......... .......... .......... 97% 28.3K 1s
 12550K .......... .......... .......... .......... .......... 97%  534K 1s
 12600K .......... .......... .......... .......... .......... 98%  617K 1s
 12650K .......... .......... .......... .......... .......... 98%  547K 1s
 12700K .......... .......... .......... .......... .......... 98%  546K 0s
 12750K .......... .......... .......... .......... .......... 99%  473K 0s
 12800K .......... .......... .......... .......... .......... 99%  600K 0s
 12850K .......... .......... .......... ....                 100%  568K=42s

2016-05-25 02:59:27 (306 KB/s) - ‘index.html.12’ saved [13193358/13193358]

