--2016-05-25 03:40:00--  http://10.30.50.93:8000/
Connecting to 10.30.50.93:8000... connected.
HTTP request sent, awaiting response... 200 OK
Length: 13193358 (13M) [text/html]
Saving to: ‘index.html.14’

     0K .......... .......... .......... .......... ..........  0% 1.97M 6s
    50K .......... .......... .......... .......... ..........  0%  110K 61s
   100K .......... .......... .......... .......... ..........  1% 1.04M 44s
   150K .......... .......... .......... .......... ..........  1%  203K 49s
   200K .......... .......... .......... .......... ..........  1% 1.04M 41s
   250K .......... .......... .......... .......... ..........  2%  196K 45s
   300K .......... .......... .......... .......... ..........  2% 1.31M 40s
   350K .......... .......... .......... .......... ..........  3% 1.20M 36s
   400K .......... .......... .......... .......... ..........  3%  203K 39s
   450K .......... .......... .......... .......... ..........  3% 1007K 36s
   500K .......... .......... .......... .......... ..........  4% 1.15M 33s
   550K .......... .......... .......... .......... ..........  4% 78.5K 44s
   600K .......... .......... .......... .......... ..........  5% 1.29M 41s
   650K .......... .......... .......... .......... ..........  5% 1.02M 38s
   700K .......... .......... .......... .......... ..........  5%  114K 43s
   750K .......... .......... .......... .......... ..........  6% 76.4K 50s
   800K .......... .......... .......... .......... ..........  6%  974K 48s
   850K .......... .......... .......... .......... ..........  6% 1.06M 45s
   900K .......... .......... .......... .......... ..........  7% 58.9K 53s
   950K .......... .......... .......... .......... ..........  7% 2.18M 51s
  1000K .......... .......... .......... .......... ..........  8%  104K 54s
  1050K .......... .......... .......... .......... ..........  8% 1022K 51s
  1100K .......... .......... .......... .......... ..........  8% 58.7K 58s
  1150K .......... .......... .......... .......... ..........  9%  197K 58s
  1200K .......... .......... .......... .......... ..........  9% 58.4K 63s
  1250K .......... .......... .......... .......... .......... 10%  949K 61s
  1300K .......... .......... .......... .......... .......... 10%  192K 60s
  1350K .......... .......... .......... .......... .......... 10%  953K 58s
  1400K .......... .......... .......... .......... .......... 11%  960K 57s
  1450K .......... .......... .......... .......... .......... 11% 1.05M 55s
  1500K .......... .......... .......... .......... .......... 12%  203K 55s
  1550K .......... .......... .......... .......... .......... 12% 1.62M 53s
  1600K .......... .......... .......... .......... .......... 12% 1.17M 51s
  1650K .......... .......... .......... .......... .......... 13%  200K 51s
  1700K .......... .......... .......... .......... .......... 13% 1.33M 50s
  1750K .......... .......... .......... .......... .......... 13% 1021K 49s
  1800K .......... .......... .......... .......... .......... 14% 1.03M 47s
  1850K .......... .......... .......... .......... .......... 14%  975K 46s
  1900K .......... .......... .......... .......... .......... 15% 1.24M 45s
  1950K .......... .......... .......... .......... .......... 15% 1.00M 44s
  2000K .......... .......... .......... .......... .......... 15%  772K 43s
  2050K .......... .......... .......... .......... .......... 16% 1014K 42s
  2100K .......... .......... .......... .......... .......... 16% 1014K 41s
  2150K .......... .......... .......... .......... .......... 17%  109K 42s
  2200K .......... .......... .......... .......... .......... 17%  985K 41s
  2250K .......... .......... .......... .......... .......... 17% 1.20M 40s
  2300K .......... .......... .......... .......... .......... 18% 75.7K 42s
  2350K .......... .......... .......... .......... .......... 18% 1.65M 41s
  2400K .......... .......... .......... .......... .......... 19%  192K 41s
  2450K .......... .......... .......... .......... .......... 19%  200K 41s
  2500K .......... .......... .......... .......... .......... 19% 1.08M 41s
  2550K .......... .......... .......... .......... .......... 20%  199K 41s
  2600K .......... .......... .......... .......... .......... 20%  199K 41s
  2650K .......... .......... .......... .......... .......... 20%  191K 41s
  2700K .......... .......... .......... .......... .......... 21% 34.0K 45s
  2750K .......... .......... .......... .......... .......... 21%  205K 45s
  2800K .......... .......... .......... .......... .......... 22%  197K 45s
  2850K .......... .......... .......... .......... .......... 22% 1.11M 44s
  2900K .......... .......... .......... .......... .......... 22%  195K 44s
  2950K .......... .......... .......... .......... .......... 23% 76.7K 45s
  3000K .......... .......... .......... .......... .......... 23% 1.05M 44s
  3050K .......... .......... .......... .......... .......... 24% 1.07M 44s
  3100K .......... .......... .......... .......... .......... 24%  208K 43s
  3150K .......... .......... .......... .......... .......... 24%  818K 43s
  3200K .......... .......... .......... .......... .......... 25%  215K 43s
  3250K .......... .......... .......... .......... .......... 25% 1.17M 42s
  3300K .......... .......... .......... .......... .......... 26% 1.02M 41s
  3350K .......... .......... .......... .......... .......... 26% 1.27M 40s
  3400K .......... .......... .......... .......... .......... 26% 47.4K 42s
  3450K .......... .......... .......... .......... .......... 27%  845K 42s
  3500K .......... .......... .......... .......... .......... 27% 76.7K 43s
  3550K .......... .......... .......... .......... .......... 27%  199K 43s
  3600K .......... .......... .......... .......... .......... 28%  200K 42s
  3650K .......... .......... .......... .......... .......... 28%  190K 42s
  3700K .......... .......... .......... .......... .......... 29%  110K 43s
  3750K .......... .......... .......... .......... .......... 29% 59.8K 44s
  3800K .......... .......... .......... .......... .......... 29%  107K 44s
  3850K .......... .......... .......... .......... .......... 30% 75.3K 45s
  3900K .......... .......... .......... .......... .......... 30%  976K 44s
  3950K .......... .......... .......... .......... .......... 31%  201K 44s
  4000K .......... .......... .......... .......... .......... 31%  208K 44s
  4050K .......... .......... .......... .......... .......... 31% 1.35M 43s
  4100K .......... .......... .......... .......... .......... 32%  193K 43s
  4150K .......... .......... .......... .......... .......... 32% 1.40M 42s
  4200K .......... .......... .......... .......... .......... 32%  202K 42s
  4250K .......... .......... .......... .......... .......... 33% 56.7K 43s
  4300K .......... .......... .......... .......... .......... 33% 1012K 42s
  4350K .......... .......... .......... .......... .......... 34%  991K 42s
  4400K .......... .......... .......... .......... .......... 34% 1.14M 41s
  4450K .......... .......... .......... .......... .......... 34%  847K 40s
  4500K .......... .......... .......... .......... .......... 35%  973K 40s
  4550K .......... .......... .......... .......... .......... 35%  205K 39s
  4600K .......... .......... .......... .......... .......... 36% 1.06M 39s
  4650K .......... .......... .......... .......... .......... 36% 58.5K 40s
  4700K .......... .......... .......... .......... .......... 36% 1.12M 39s
  4750K .......... .......... .......... .......... .......... 37% 1.04M 39s
  4800K .......... .......... .......... .......... .......... 37% 59.1K 39s
  4850K .......... .......... .......... .......... .......... 38% 3.60M 39s
  4900K .......... .......... .......... .......... .......... 38% 77.4K 39s
  4950K .......... .......... .......... .......... .......... 38%  109K 39s
  5000K .......... .......... .......... .......... .......... 39%  202K 39s
  5050K .......... .......... .......... .......... .......... 39% 38.5K 40s
  5100K .......... .......... .......... .......... .......... 39%  115K 40s
  5150K .......... .......... .......... .......... .......... 40%  199K 40s
  5200K .......... .......... .......... .......... .......... 40% 1008K 39s
  5250K .......... .......... .......... .......... .......... 41% 75.7K 40s
  5300K .......... .......... .......... .......... .......... 41%  791K 39s
  5350K .......... .......... .......... .......... .......... 41%  983K 39s
  5400K .......... .......... .......... .......... .......... 42% 76.3K 39s
  5450K .......... .......... .......... .......... .......... 42%  208K 39s
  5500K .......... .......... .......... .......... .......... 43%  111K 39s
  5550K .......... .......... .......... .......... .......... 43%  111K 39s
  5600K .......... .......... .......... .......... .......... 43% 1.21M 38s
  5650K .......... .......... .......... .......... .......... 44% 1.03M 38s
  5700K .......... .......... .......... .......... .......... 44%  208K 37s
  5750K .......... .......... .......... .......... .......... 45%  809K 37s
  5800K .......... .......... .......... .......... .......... 45% 1.09M 36s
  5850K .......... .......... .......... .......... .......... 45% 1.27M 36s
  5900K .......... .......... .......... .......... .......... 46%  219K 35s
  5950K .......... .......... .......... .......... .......... 46% 1.38M 35s
  6000K .......... .......... .......... .......... .......... 46%  903K 34s
  6050K .......... .......... .......... .......... .......... 47% 58.2K 35s
  6100K .......... .......... .......... .......... .......... 47%  199K 35s
  6150K .......... .......... .......... .......... .......... 48% 1.43M 34s
  6200K .......... .......... .......... .......... .......... 48%  114K 34s
  6250K .......... .......... .......... .......... .......... 48%  116K 34s
  6300K .......... .......... .......... .......... .......... 49%  112K 34s
  6350K .......... .......... .......... .......... .......... 49% 57.0K 34s
  6400K .......... .......... .......... .......... .......... 50%  204K 34s
  6450K .......... .......... .......... .......... .......... 50% 1.23M 34s
  6500K .......... .......... .......... .......... .......... 50% 1.13M 33s
  6550K .......... .......... .......... .......... .......... 51%  109K 33s
  6600K .......... .......... .......... .......... .......... 51% 1.44M 33s
  6650K .......... .......... .......... .......... .......... 52%  199K 32s
  6700K .......... .......... .......... .......... .......... 52%  198K 32s
  6750K .......... .......... .......... .......... .......... 52% 1.20M 32s
  6800K .......... .......... .......... .......... .......... 53%  194K 31s
  6850K .......... .......... .......... .......... .......... 53%  638K 31s
  6900K .......... .......... .......... .......... .......... 53% 77.6K 31s
  6950K .......... .......... .......... .......... .......... 54% 1.40M 30s
  7000K .......... .......... .......... .......... .......... 54% 1.18M 30s
  7050K .......... .......... .......... .......... .......... 55%  201K 30s
  7100K .......... .......... .......... .......... .......... 55%  112K 30s
  7150K .......... .......... .......... .......... .......... 55% 1.21M 29s
  7200K .......... .......... .......... .......... .......... 56% 1.30M 29s
  7250K .......... .......... .......... .......... .......... 56% 1.04M 28s
  7300K .......... .......... .......... .......... .......... 57% 1.10M 28s
  7350K .......... .......... .......... .......... .......... 57%  991K 28s
  7400K .......... .......... .......... .......... .......... 57% 1.26M 27s
  7450K .......... .......... .......... .......... .......... 58%  190K 27s
  7500K .......... .......... .......... .......... .......... 58% 1.10M 27s
  7550K .......... .......... .......... .......... .......... 58%  197K 26s
  7600K .......... .......... .......... .......... .......... 59%  197K 26s
  7650K .......... .......... .......... .......... .......... 59%  939K 26s
  7700K .......... .......... .......... .......... .......... 60% 1.15M 25s
  7750K .......... .......... .......... .......... .......... 60%  202K 25s
  7800K .......... .......... .......... .......... .......... 60% 1.05M 25s
  7850K .......... .......... .......... .......... .......... 61%  892K 24s
  7900K .......... .......... .......... .......... .......... 61% 74.7K 24s
  7950K .......... .......... .......... .......... .......... 62% 1.30M 24s
  8000K .......... .......... .......... .......... .......... 62%  116K 24s
  8050K .......... .......... .......... .......... .......... 62%  113K 24s
  8100K .......... .......... .......... .......... .......... 63% 2.38M 23s
  8150K .......... .......... .......... .......... .......... 63%  214K 23s
  8200K .......... .......... .......... .......... .......... 64%  193K 23s
  8250K .......... .......... .......... .......... .......... 64% 1.18M 22s
  8300K .......... .......... .......... .......... .......... 64% 1.05M 22s
  8350K .......... .......... .......... .......... .......... 65% 1.12M 22s
  8400K .......... .......... .......... .......... .......... 65%  196K 22s
  8450K .......... .......... .......... .......... .......... 65% 1.07M 21s
  8500K .......... .......... .......... .......... .......... 66% 1.02M 21s
  8550K .......... .......... .......... .......... .......... 66%  907K 20s
  8600K .......... .......... .......... .......... .......... 67% 1.06M 20s
  8650K .......... .......... .......... .......... .......... 67%  194K 20s
  8700K .......... .......... .......... .......... .......... 67% 1.26M 20s
  8750K .......... .......... .......... .......... .......... 68% 1.14M 19s
  8800K .......... .......... .......... .......... .......... 68% 1.04M 19s
  8850K .......... .......... .......... .......... .......... 69%  926K 19s
  8900K .......... .......... .......... .......... .......... 69%  995K 18s
  8950K .......... .......... .......... .......... .......... 69% 1.54M 18s
  9000K .......... .......... .......... .......... .......... 70% 29.0K 18s
  9050K .......... .......... .......... .......... .......... 70%  206K 18s
  9100K .......... .......... .......... .......... .......... 71% 1.15M 18s
  9150K .......... .......... .......... .......... .......... 71% 1.09M 18s
  9200K .......... .......... .......... .......... .......... 71% 1.07M 17s
  9250K .......... .......... .......... .......... .......... 72% 1.01M 17s
  9300K .......... .......... .......... .......... .......... 72%  203K 17s
  9350K .......... .......... .......... .......... .......... 72%  819K 16s
  9400K .......... .......... .......... .......... .......... 73% 1.01M 16s
  9450K .......... .......... .......... .......... .......... 73% 1.05M 16s
  9500K .......... .......... .......... .......... .......... 74% 1.26M 15s
  9550K .......... .......... .......... .......... .......... 74% 1.25M 15s
  9600K .......... .......... .......... .......... .......... 74%  196K 15s
  9650K .......... .......... .......... .......... .......... 75% 1006K 15s
  9700K .......... .......... .......... .......... .......... 75% 1.12M 14s
  9750K .......... .......... .......... .......... .......... 76% 1.06M 14s
  9800K .......... .......... .......... .......... .......... 76%  926K 14s
  9850K .......... .......... .......... .......... .......... 76%  836K 14s
  9900K .......... .......... .......... .......... .......... 77%  773K 13s
  9950K .......... .......... .......... .......... .......... 77%  202K 13s
 10000K .......... .......... .......... .......... .......... 78%  965K 13s
 10050K .......... .......... .......... .......... .......... 78% 1.06M 12s
 10100K .......... .......... .......... .......... .......... 78%  959K 12s
 10150K .......... .......... .......... .......... .......... 79%  916K 12s
 10200K .......... .......... .......... .......... .......... 79% 1.06M 12s
 10250K .......... .......... .......... .......... .......... 79%  770K 11s
 10300K .......... .......... .......... .......... .......... 80%  190K 11s
 10350K .......... .......... .......... .......... .......... 80%  186K 11s
 10400K .......... .......... .......... .......... .......... 81%  204K 11s
 10450K .......... .......... .......... .......... .......... 81% 1.46M 11s
 10500K .......... .......... .......... .......... .......... 81% 1.03M 10s
 10550K .......... .......... .......... .......... .......... 82% 1.08M 10s
 10600K .......... .......... .......... .......... .......... 82%  199K 10s
 10650K .......... .......... .......... .......... .......... 83% 1.12M 10s
 10700K .......... .......... .......... .......... .......... 83%  802K 9s
 10750K .......... .......... .......... .......... .......... 83% 1.03M 9s
 10800K .......... .......... .......... .......... .......... 84%  192K 9s
 10850K .......... .......... .......... .......... .......... 84% 1.19M 9s
 10900K .......... .......... .......... .......... .......... 84%  202K 8s
 10950K .......... .......... .......... .......... .......... 85% 1.10M 8s
 11000K .......... .......... .......... .......... .......... 85%  203K 8s
 11050K .......... .......... .......... .......... .......... 86%  187K 8s
 11100K .......... .......... .......... .......... .......... 86%  978K 7s
 11150K .......... .......... .......... .......... .......... 86% 1.12M 7s
 11200K .......... .......... .......... .......... .......... 87% 1.22M 7s
 11250K .......... .......... .......... .......... .......... 87% 1.08M 7s
 11300K .......... .......... .......... .......... .......... 88%  211K 7s
 11350K .......... .......... .......... .......... .......... 88% 1.06M 6s
 11400K .......... .......... .......... .......... .......... 88%  108K 6s
 11450K .......... .......... .......... .......... .......... 89% 1.10M 6s
 11500K .......... .......... .......... .......... .......... 89%  205K 6s
 11550K .......... .......... .......... .......... .......... 90% 1.32M 5s
 11600K .......... .......... .......... .......... .......... 90% 1003K 5s
 11650K .......... .......... .......... .......... .......... 90% 1.04M 5s
 11700K .......... .......... .......... .......... .......... 91% 1.03M 5s
 11750K .......... .......... .......... .......... .......... 91%  995K 5s
 11800K .......... .......... .......... .......... .......... 91% 1.37M 4s
 11850K .......... .......... .......... .......... .......... 92%  195K 4s
 11900K .......... .......... .......... .......... .......... 92%  203K 4s
 11950K .......... .......... .......... .......... .......... 93% 47.9K 4s
 12000K .......... .......... .......... .......... .......... 93%  836K 4s
 12050K .......... .......... .......... .......... .......... 93%  201K 3s
 12100K .......... .......... .......... .......... .......... 94%  724K 3s
 12150K .......... .......... .......... .......... .......... 94% 75.9K 3s
 12200K .......... .......... .......... .......... .......... 95% 1.25M 3s
 12250K .......... .......... .......... .......... .......... 95% 1.16M 2s
 12300K .......... .......... .......... .......... .......... 95% 74.6K 2s
 12350K .......... .......... .......... .......... .......... 96%  115K 2s
 12400K .......... .......... .......... .......... .......... 96% 1.14M 2s
 12450K .......... .......... .......... .......... .......... 97% 1.11M 2s
 12500K .......... .......... .......... .......... .......... 97% 76.4K 1s
 12550K .......... .......... .......... .......... .......... 97% 1.26M 1s
 12600K .......... .......... .......... .......... .......... 98% 1.05M 1s
 12650K .......... .......... .......... .......... .......... 98% 1.63M 1s
 12700K .......... .......... .......... .......... .......... 98%  204K 1s
 12750K .......... .......... .......... .......... .......... 99%  831K 0s
 12800K .......... .......... .......... .......... .......... 99%  964K 0s
 12850K .......... .......... .......... ....                 100% 52.8K=55s

2016-05-25 03:40:55 (234 KB/s) - ‘index.html.14’ saved [13193358/13193358]

