--2016-05-25 01:56:54--  http://10.30.50.93:8000/
Connecting to 10.30.50.93:8000... connected.
HTTP request sent, awaiting response... 200 OK
Length: 13193358 (13M) [text/html]
Saving to: ‘index.html.18’

     0K .......... .......... .......... .......... ..........  0%  231K 55s
    50K .......... .......... .......... .......... ..........  0%  149K 71s
   100K .......... .......... .......... .......... ..........  1%  189K 69s
   150K .......... .......... .......... .......... ..........  1%  193K 68s
   200K .......... .......... .......... .......... ..........  1%  104K 79s
   250K .......... .......... .......... .......... ..........  2%  151K 79s
   300K .......... .......... .......... .......... ..........  2% 55.9K 99s
   350K .......... .......... .......... .......... ..........  3% 72.4K 1m48s
   400K .......... .......... .......... .......... ..........  3% 94.8K 1m50s
   450K .......... .......... .......... .......... ..........  3%  208K 1m45s
   500K .......... .......... .......... .......... ..........  4%  198K 1m41s
   550K .......... .......... .......... .......... ..........  4%  182K 98s
   600K .......... .......... .......... .......... ..........  5% 93.7K 1m40s
   650K .......... .......... .......... .......... ..........  5% 52.1K 1m49s
   700K .......... .......... .......... .......... ..........  5%  203K 1m45s
   750K .......... .......... .......... .......... ..........  6% 74.4K 1m48s
   800K .......... .......... .......... .......... ..........  6%  157K 1m46s
   850K .......... .......... .......... .......... ..........  6% 31.1K 2m1s
   900K .......... .......... .......... .......... ..........  7%  287K 1m57s
   950K .......... .......... .......... .......... ..........  7% 95.7K 1m56s
  1000K .......... .......... .......... .......... ..........  8% 45.0K 2m3s
  1050K .......... .......... .......... .......... ..........  8%  116K 2m1s
  1100K .......... .......... .......... .......... ..........  8% 70.1K 2m3s
  1150K .......... .......... .......... .......... ..........  9%  111K 2m2s
  1200K .......... .......... .......... .......... ..........  9%  189K 1m59s
  1250K .......... .......... .......... .......... .......... 10%  157K 1m57s
  1300K .......... .......... .......... .......... .......... 10%  124K 1m55s
  1350K .......... .......... .......... .......... .......... 10% 53.4K 1m58s
  1400K .......... .......... .......... .......... .......... 11% 13.4K 2m23s
  1450K .......... .......... .......... .......... .......... 11%  238K 2m19s
  1500K .......... .......... .......... .......... .......... 12%  209K 2m16s
  1550K .......... .......... .......... .......... .......... 12% 98.0K 2m15s
  1600K .......... .......... .......... .......... .......... 12% 92.6K 2m14s
  1650K .......... .......... .......... .......... .......... 13% 43.0K 2m17s
  1700K .......... .......... .......... .......... .......... 13% 22.5K 2m27s
  1750K .......... .......... .......... .......... .......... 13%  190K 2m23s
  1800K .......... .......... .......... .......... .......... 14%  181K 2m21s
  1850K .......... .......... .......... .......... .......... 14% 78.6K 2m20s
  1900K .......... .......... .......... .......... .......... 15%  198K 2m17s
  1950K .......... .......... .......... .......... .......... 15% 59.1K 2m18s
  2000K .......... .......... .......... .......... .......... 15% 69.5K 2m18s
  2050K .......... .......... .......... .......... .......... 16% 70.6K 2m17s
  2100K .......... .......... .......... .......... .......... 16%  106K 2m16s
  2150K .......... .......... .......... .......... .......... 17% 58.7K 2m16s
  2200K .......... .......... .......... .......... .......... 17% 55.9K 2m17s
  2250K .......... .......... .......... .......... .......... 17%  226K 2m14s
  2300K .......... .......... .......... .......... .......... 18% 20.4K 2m22s
  2350K .......... .......... .......... .......... .......... 18% 67.2K 2m21s
  2400K .......... .......... .......... .......... .......... 19% 56.7K 2m22s
  2450K .......... .......... .......... .......... .......... 19% 53.8K 2m22s
  2500K .......... .......... .......... .......... .......... 19%  204K 2m20s
  2550K .......... .......... .......... .......... .......... 20%  103K 2m18s
  2600K .......... .......... .......... .......... .......... 20%  113K 2m17s
  2650K .......... .......... .......... .......... .......... 20%  194K 2m14s
  2700K .......... .......... .......... .......... .......... 21%  238K 2m12s
  2750K .......... .......... .......... .......... .......... 21% 54.8K 2m12s
  2800K .......... .......... .......... .......... .......... 22%  238K 2m10s
  2850K .......... .......... .......... .......... .......... 22%  220K 2m8s
  2900K .......... .......... .......... .......... .......... 22%  160K 2m6s
  2950K .......... .......... .......... .......... .......... 23%  167K 2m5s
  3000K .......... .......... .......... .......... .......... 23%  194K 2m3s
  3050K .......... .......... .......... .......... .......... 24%  108K 2m2s
  3100K .......... .......... .......... .......... .......... 24% 94.7K 2m1s
  3150K .......... .......... .......... .......... .......... 24% 67.2K 2m0s
  3200K .......... .......... .......... .......... .......... 25% 98.0K 1m59s
  3250K .......... .......... .......... .......... .......... 25%  261K 1m58s
  3300K .......... .......... .......... .......... .......... 26%  185K 1m56s
  3350K .......... .......... .......... .......... .......... 26% 73.8K 1m56s
  3400K .......... .......... .......... .......... .......... 26%  119K 1m54s
  3450K .......... .......... .......... .......... .......... 27% 23.0K 1m58s
  3500K .......... .......... .......... .......... .......... 27%  121K 1m57s
  3550K .......... .......... .......... .......... .......... 27%  189K 1m55s
  3600K .......... .......... .......... .......... .......... 28% 36.5K 1m57s
  3650K .......... .......... .......... .......... .......... 28% 70.7K 1m56s
  3700K .......... .......... .......... .......... .......... 29%  198K 1m55s
  3750K .......... .......... .......... .......... .......... 29%  239K 1m53s
  3800K .......... .......... .......... .......... .......... 29%  194K 1m51s
  3850K .......... .......... .......... .......... .......... 30% 37.2K 1m53s
  3900K .......... .......... .......... .......... .......... 30%  178K 1m51s
  3950K .......... .......... .......... .......... .......... 31% 44.1K 1m52s
  4000K .......... .......... .......... .......... .......... 31% 86.0K 1m51s
  4050K .......... .......... .......... .......... .......... 31% 46.3K 1m51s
  4100K .......... .......... .......... .......... .......... 32% 68.3K 1m51s
  4150K .......... .......... .......... .......... .......... 32% 49.9K 1m51s
  4200K .......... .......... .......... .......... .......... 32%  226K 1m49s
  4250K .......... .......... .......... .......... .......... 33%  213K 1m48s
  4300K .......... .......... .......... .......... .......... 33% 26.0K 1m50s
  4350K .......... .......... .......... .......... .......... 34%  232K 1m48s
  4400K .......... .......... .......... .......... .......... 34%  193K 1m47s
  4450K .......... .......... .......... .......... .......... 34%  108K 1m46s
  4500K .......... .......... .......... .......... .......... 35% 38.2K 1m47s
  4550K .......... .......... .......... .......... .......... 35%  204K 1m45s
  4600K .......... .......... .......... .......... .......... 36%  160K 1m44s
  4650K .......... .......... .......... .......... .......... 36%  107K 1m43s
  4700K .......... .......... .......... .......... .......... 36% 24.6K 1m45s
  4750K .......... .......... .......... .......... .......... 37% 39.3K 1m45s
  4800K .......... .......... .......... .......... .......... 37% 46.6K 1m45s
  4850K .......... .......... .......... .......... .......... 38%  194K 1m44s
  4900K .......... .......... .......... .......... .......... 38% 31.1K 1m45s
  4950K .......... .......... .......... .......... .......... 38%  100K 1m44s
  5000K .......... .......... .......... .......... .......... 39% 44.8K 1m44s
  5050K .......... .......... .......... .......... .......... 39% 28.7K 1m45s
  5100K .......... .......... .......... .......... .......... 39%  185K 1m44s
  5150K .......... .......... .......... .......... .......... 40%  190K 1m43s
  5200K .......... .......... .......... .......... .......... 40% 69.4K 1m42s
  5250K .......... .......... .......... .......... .......... 41% 6.56K 1m51s
  5300K .......... .......... .......... .......... .......... 41% 75.7K 1m50s
  5350K .......... .......... .......... .......... .......... 41% 46.6K 1m50s
  5400K .......... .......... .......... .......... .......... 42%  100K 1m49s
  5450K .......... .......... .......... .......... .......... 42%  185K 1m48s
  5500K .......... .......... .......... .......... .......... 43% 78.7K 1m47s
  5550K .......... .......... .......... .......... .......... 43%  174K 1m46s
  5600K .......... .......... .......... .......... .......... 43% 53.4K 1m45s
  5650K .......... .......... .......... .......... .......... 44% 45.0K 1m45s
  5700K .......... .......... .......... .......... .......... 44% 53.8K 1m44s
  5750K .......... .......... .......... .......... .......... 45%  167K 1m43s
  5800K .......... .......... .......... .......... .......... 45% 48.7K 1m43s
  5850K .......... .......... .......... .......... .......... 45% 77.2K 1m42s
  5900K .......... .......... .......... .......... .......... 46%  104K 1m41s
  5950K .......... .......... .......... .......... .......... 46%  177K 1m40s
  6000K .......... .......... .......... .......... .......... 46%  252K 98s
  6050K .......... .......... .......... .......... .......... 47%  209K 97s
  6100K .......... .......... .......... .......... .......... 47%  225K 96s
  6150K .......... .......... .......... .......... .......... 48%  225K 95s
  6200K .......... .......... .......... .......... .......... 48% 68.2K 94s
  6250K .......... .......... .......... .......... .......... 48% 49.9K 94s
  6300K .......... .......... .......... .......... .......... 49% 51.1K 93s
  6350K .......... .......... .......... .......... .......... 49% 99.2K 92s
  6400K .......... .......... .......... .......... .......... 50% 66.6K 92s
  6450K .......... .......... .......... .......... .......... 50%  253K 90s
  6500K .......... .......... .......... .......... .......... 50% 73.1K 90s
  6550K .......... .......... .......... .......... .......... 51%  194K 88s
  6600K .......... .......... .......... .......... .......... 51% 66.7K 88s
  6650K .......... .......... .......... .......... .......... 52%  203K 87s
  6700K .......... .......... .......... .......... .......... 52%  174K 86s
  6750K .......... .......... .......... .......... .......... 52%  213K 84s
  6800K .......... .......... .......... .......... .......... 53%  178K 83s
  6850K .......... .......... .......... .......... .......... 53%  184K 82s
  6900K .......... .......... .......... .......... .......... 53%  108K 81s
  6950K .......... .......... .......... .......... .......... 54%  164K 80s
  7000K .......... .......... .......... .......... .......... 54% 46.3K 80s
  7050K .......... .......... .......... .......... .......... 55% 95.8K 79s
  7100K .......... .......... .......... .......... .......... 55%  113K 78s
  7150K .......... .......... .......... .......... .......... 55%  219K 77s
  7200K .......... .......... .......... .......... .......... 56%  170K 76s
  7250K .......... .......... .......... .......... .......... 56% 61.8K 76s
  7300K .......... .......... .......... .......... .......... 57% 71.8K 75s
  7350K .......... .......... .......... .......... .......... 57%  214K 74s
  7400K .......... .......... .......... .......... .......... 57%  177K 73s
  7450K .......... .......... .......... .......... .......... 58%  181K 72s
  7500K .......... .......... .......... .......... .......... 58% 71.8K 72s
  7550K .......... .......... .......... .......... .......... 58% 96.9K 71s
  7600K .......... .......... .......... .......... .......... 59%  100K 70s
  7650K .......... .......... .......... .......... .......... 59%  104K 69s
  7700K .......... .......... .......... .......... .......... 60%  194K 68s
  7750K .......... .......... .......... .......... .......... 60% 56.7K 68s
  7800K .......... .......... .......... .......... .......... 60%  167K 67s
  7850K .......... .......... .......... .......... .......... 61%  177K 66s
  7900K .......... .......... .......... .......... .......... 61%  170K 65s
  7950K .......... .......... .......... .......... .......... 62%  144K 64s
  8000K .......... .......... .......... .......... .......... 62%  104K 63s
  8050K .......... .......... .......... .......... .......... 62%  100K 63s
  8100K .......... .......... .......... .......... .......... 63% 90.7K 62s
  8150K .......... .......... .......... .......... .......... 63% 97.9K 61s
  8200K .......... .......... .......... .......... .......... 64%  102K 60s
  8250K .......... .......... .......... .......... .......... 64%  103K 60s
  8300K .......... .......... .......... .......... .......... 64%  106K 59s
  8350K .......... .......... .......... .......... .......... 65%  185K 58s
  8400K .......... .......... .......... .......... .......... 65% 53.4K 58s
  8450K .......... .......... .......... .......... .......... 65%  219K 57s
  8500K .......... .......... .......... .......... .......... 66% 70.6K 56s
  8550K .......... .......... .......... .......... .......... 66%  208K 55s
  8600K .......... .......... .......... .......... .......... 67%  219K 54s
  8650K .......... .......... .......... .......... .......... 67% 27.3K 54s
  8700K .......... .......... .......... .......... .......... 67%  123K 54s
  8750K .......... .......... .......... .......... .......... 68%  107K 53s
  8800K .......... .......... .......... .......... .......... 68%  103K 52s
  8850K .......... .......... .......... .......... .......... 69%  102K 51s
  8900K .......... .......... .......... .......... .......... 69% 69.5K 51s
  8950K .......... .......... .......... .......... .......... 69% 94.6K 50s
  9000K .......... .......... .......... .......... .......... 70% 94.8K 49s
  9050K .......... .......... .......... .......... .......... 70%  119K 49s
  9100K .......... .......... .......... .......... .......... 71% 67.2K 48s
  9150K .......... .......... .......... .......... .......... 71% 71.9K 47s
  9200K .......... .......... .......... .......... .......... 71%  103K 47s
  9250K .......... .......... .......... .......... .......... 72%  107K 46s
  9300K .......... .......... .......... .......... .......... 72%  100K 45s
  9350K .......... .......... .......... .......... .......... 72% 43.2K 45s
  9400K .......... .......... .......... .......... .......... 73%  203K 44s
  9450K .......... .......... .......... .......... .......... 73%  108K 43s
  9500K .......... .......... .......... .......... .......... 74% 96.9K 43s
  9550K .......... .......... .......... .......... .......... 74%  107K 42s
  9600K .......... .......... .......... .......... .......... 74%  181K 41s
  9650K .......... .......... .......... .......... .......... 75%  225K 41s
  9700K .......... .......... .......... .......... .......... 75%  100K 40s
  9750K .......... .......... .......... .......... .......... 76%  174K 39s
  9800K .......... .......... .......... .......... .......... 76% 98.0K 38s
  9850K .......... .......... .......... .......... .......... 76%  246K 38s
  9900K .......... .......... .......... .......... .......... 77% 70.0K 37s
  9950K .......... .......... .......... .......... .......... 77%  199K 36s
 10000K .......... .......... .......... .......... .......... 78% 66.1K 36s
 10050K .......... .......... .......... .......... .......... 78%  104K 35s
 10100K .......... .......... .......... .......... .......... 78% 44.8K 35s
 10150K .......... .......... .......... .......... .......... 79%  194K 34s
 10200K .......... .......... .......... .......... .......... 79%  252K 33s
 10250K .......... .......... .......... .......... .......... 79% 14.9K 33s
 10300K .......... .......... .......... .......... .......... 80%  146K 32s
 10350K .......... .......... .......... .......... .......... 80%  185K 32s
 10400K .......... .......... .......... .......... .......... 81% 49.6K 31s
 10450K .......... .......... .......... .......... .......... 81%  185K 30s
 10500K .......... .......... .......... .......... .......... 81%  220K 30s
 10550K .......... .......... .......... .......... .......... 82% 38.2K 29s
 10600K .......... .......... .......... .......... .......... 82% 95.7K 29s
 10650K .......... .......... .......... .......... .......... 83% 86.8K 28s
 10700K .......... .......... .......... .......... .......... 83% 52.7K 27s
 10750K .......... .......... .......... .......... .......... 83% 55.9K 27s
 10800K .......... .......... .......... .......... .......... 84% 42.5K 26s
 10850K .......... .......... .......... .......... .......... 84% 80.1K 26s
 10900K .......... .......... .......... .......... .......... 84%  107K 25s
 10950K .......... .......... .......... .......... .......... 85%  104K 24s
 11000K .......... .......... .......... .......... .......... 85%  177K 23s
 11050K .......... .......... .......... .......... .......... 86% 88.8K 23s
 11100K .......... .......... .......... .......... .......... 86%  208K 22s
 11150K .......... .......... .......... .......... .......... 86%  194K 21s
 11200K .......... .......... .......... .......... .......... 87%  219K 21s
 11250K .......... .......... .......... .......... .......... 87%  167K 20s
 11300K .......... .......... .......... .......... .......... 88% 15.7K 20s
 11350K .......... .......... .......... .......... .......... 88%  139K 19s
 11400K .......... .......... .......... .......... .......... 88%  104K 18s
 11450K .......... .......... .......... .......... .......... 89% 91.7K 18s
 11500K .......... .......... .......... .......... .......... 89%  203K 17s
 11550K .......... .......... .......... .......... .......... 90%  219K 16s
 11600K .......... .......... .......... .......... .......... 90%  106K 16s
 11650K .......... .......... .......... .......... .......... 90%  167K 15s
 11700K .......... .......... .......... .......... .......... 91%  110K 14s
 11750K .......... .......... .......... .......... .......... 91%  199K 14s
 11800K .......... .......... .......... .......... .......... 91% 66.1K 13s
 11850K .......... .......... .......... .......... .......... 92%  185K 12s
 11900K .......... .......... .......... .......... .......... 92%  253K 12s
 11950K .......... .......... .......... .......... .......... 93%  170K 11s
 12000K .......... .......... .......... .......... .......... 93%  167K 10s
 12050K .......... .......... .......... .......... .......... 93%  189K 10s
 12100K .......... .......... .......... .......... .......... 94%  151K 9s
 12150K .......... .......... .......... .......... .......... 94%  204K 9s
 12200K .......... .......... .......... .......... .......... 95%  198K 8s
 12250K .......... .......... .......... .......... .......... 95%  189K 7s
 12300K .......... .......... .......... .......... .......... 95%  167K 7s
 12350K .......... .......... .......... .......... .......... 96%  110K 6s
 12400K .......... .......... .......... .......... .......... 96% 51.4K 5s
 12450K .......... .......... .......... .......... .......... 97%  239K 5s
 12500K .......... .......... .......... .......... .......... 97% 96.9K 4s
 12550K .......... .......... .......... .......... .......... 97% 56.3K 4s
 12600K .......... .......... .......... .......... .......... 98%  104K 3s
 12650K .......... .......... .......... .......... .......... 98%  160K 2s
 12700K .......... .......... .......... .......... .......... 98% 57.5K 2s
 12750K .......... .......... .......... .......... .......... 99%  102K 1s
 12800K .......... .......... .......... .......... .......... 99%  238K 0s
 12850K .......... .......... .......... ....                 100%  210K=2m39s

2016-05-25 01:59:33 (81.2 KB/s) - ‘index.html.18’ saved [13193358/13193358]

