--2016-05-25 03:07:02--  http://10.30.50.93:8000/
Connecting to 10.30.50.93:8000... connected.
HTTP request sent, awaiting response... 200 OK
Length: 13193358 (13M) [text/html]
Saving to: ‘index.html.19’

     0K .......... .......... .......... .......... ..........  0%  535K 24s
    50K .......... .......... .......... .......... ..........  0%  172K 49s
   100K .......... .......... .......... .......... ..........  1%  395K 43s
   150K .......... .......... .......... .......... ..........  1%  146K 54s
   200K .......... .......... .......... .......... ..........  1% 68.3K 80s
   250K .......... .......... .......... .......... ..........  2%  427K 71s
   300K .......... .......... .......... .......... ..........  2%  415K 65s
   350K .......... .......... .......... .......... ..........  3%  154K 67s
   400K .......... .......... .......... .......... ..........  3%  533K 62s
   450K .......... .......... .......... .......... ..........  3% 68.5K 74s
   500K .......... .......... .......... .......... ..........  4%  521K 69s
   550K .......... .......... .......... .......... ..........  4%  520K 65s
   600K .......... .......... .......... .......... ..........  5%  387K 62s
   650K .......... .......... .......... .......... ..........  5% 71.2K 70s
   700K .......... .......... .......... .......... ..........  5%  543K 66s
   750K .......... .......... .......... .......... ..........  6% 37.0K 82s
   800K .......... .......... .......... .......... ..........  6%  486K 78s
   850K .......... .......... .......... .......... ..........  6% 68.3K 84s
   900K .......... .......... .......... .......... ..........  7% 28.0K 1m41s
   950K .......... .......... .......... .......... ..........  7%  423K 97s
  1000K .......... .......... .......... .......... ..........  8%  151K 96s
  1050K .......... .......... .......... .......... ..........  8%  170K 94s
  1100K .......... .......... .......... .......... ..........  8%  157K 93s
  1150K .......... .......... .......... .......... ..........  9%  561K 90s
  1200K .......... .......... .......... .......... ..........  9%  149K 89s
  1250K .......... .......... .......... .......... .......... 10% 69.4K 91s
  1300K .......... .......... .......... .......... .......... 10%  179K 90s
  1350K .......... .......... .......... .......... .......... 10%  452K 87s
  1400K .......... .......... .......... .......... .......... 11%  474K 85s
  1450K .......... .......... .......... .......... .......... 11%  443K 82s
  1500K .......... .......... .......... .......... .......... 12%  368K 80s
  1550K .......... .......... .......... .......... .......... 12%  448K 78s
  1600K .......... .......... .......... .......... .......... 12%  537K 76s
  1650K .......... .......... .......... .......... .......... 13% 92.2K 77s
  1700K .......... .......... .......... .......... .......... 13% 1.92K 4m1s
  1750K .......... .......... .......... .......... .......... 13%  415K 3m54s
  1800K .......... .......... .......... .......... .......... 14% 95.6K 3m50s
  1850K .......... .......... .......... .......... .......... 14% 75.0K 3m46s
  1900K .......... .......... .......... .......... .......... 15%  152K 3m41s
  1950K .......... .......... .......... .......... .......... 15% 96.9K 3m38s
  2000K .......... .......... .......... .......... .......... 15% 72.0K 3m35s
  2050K .......... .......... .......... .......... .......... 16% 44.6K 3m35s
  2100K .......... .......... .......... .......... .......... 16%  563K 3m29s
  2150K .......... .......... .......... .......... .......... 17% 27.7K 3m32s
  2200K .......... .......... .......... .......... .......... 17% 25.8K 3m36s
  2250K .......... .......... .......... .......... .......... 17%  195K 3m31s
  2300K .......... .......... .......... .......... .......... 18% 71.1K 3m29s
  2350K .......... .......... .......... .......... .......... 18% 53.8K 3m28s
  2400K .......... .......... .......... .......... .......... 19% 98.9K 3m25s
  2450K .......... .......... .......... .......... .......... 19%  442K 3m20s
  2500K .......... .......... .......... .......... .......... 19%  172K 3m16s
  2550K .......... .......... .......... .......... .......... 20%  164K 3m13s
  2600K .......... .......... .......... .......... .......... 20% 43.6K 3m13s
  2650K .......... .......... .......... .......... .......... 20% 89.4K 3m10s
  2700K .......... .......... .......... .......... .......... 21% 94.1K 3m8s
  2750K .......... .......... .......... .......... .......... 21%  461K 3m4s
  2800K .......... .......... .......... .......... .......... 22%  153K 3m1s
  2850K .......... .......... .......... .......... .......... 22%  157K 2m58s
  2900K .......... .......... .......... .......... .......... 22%  169K 2m55s
  2950K .......... .......... .......... .......... .......... 23%  165K 2m52s
  3000K .......... .......... .......... .......... .......... 23% 27.9K 2m54s
  3050K .......... .......... .......... .......... .......... 24%  504K 2m51s
  3100K .......... .......... .......... .......... .......... 24% 92.2K 2m49s
  3150K .......... .......... .......... .......... .......... 24%  163K 2m47s
  3200K .......... .......... .......... .......... .......... 25%  569K 2m43s
  3250K .......... .......... .......... .......... .......... 25% 96.9K 2m42s
  3300K .......... .......... .......... .......... .......... 26% 23.6K 2m44s
  3350K .......... .......... .......... .......... .......... 26%  157K 2m42s
  3400K .......... .......... .......... .......... .......... 26%  100K 2m40s
  3450K .......... .......... .......... .......... .......... 27% 51.2K 2m40s
  3500K .......... .......... .......... .......... .......... 27% 55.4K 2m39s
  3550K .......... .......... .......... .......... .......... 27% 54.7K 2m38s
  3600K .......... .......... .......... .......... .......... 28% 54.1K 2m38s
  3650K .......... .......... .......... .......... .......... 28%  154K 2m35s
  3700K .......... .......... .......... .......... .......... 29%  393K 2m33s
  3750K .......... .......... .......... .......... .......... 29%  458K 2m30s
  3800K .......... .......... .......... .......... .......... 29%  441K 2m28s
  3850K .......... .......... .......... .......... .......... 30%  148K 2m26s
  3900K .......... .......... .......... .......... .......... 30%  154K 2m24s
  3950K .......... .......... .......... .......... .......... 31%  164K 2m22s
  4000K .......... .......... .......... .......... .......... 31% 52.5K 2m22s
  4050K .......... .......... .......... .......... .......... 31%  442K 2m19s
  4100K .......... .......... .......... .......... .......... 32% 97.9K 2m18s
  4150K .......... .......... .......... .......... .......... 32% 51.8K 2m18s
  4200K .......... .......... .......... .......... .......... 32% 28.5K 2m19s
  4250K .......... .......... .......... .......... .......... 33% 73.9K 2m18s
  4300K .......... .......... .......... .......... .......... 33%  168K 2m16s
  4350K .......... .......... .......... .......... .......... 34%  150K 2m14s
  4400K .......... .......... .......... .......... .......... 34%  371K 2m12s
  4450K .......... .......... .......... .......... .......... 34%  409K 2m10s
  4500K .......... .......... .......... .......... .......... 35%  166K 2m8s
  4550K .......... .......... .......... .......... .......... 35%  143K 2m7s
  4600K .......... .......... .......... .......... .......... 36% 69.8K 2m6s
  4650K .......... .......... .......... .......... .......... 36%  446K 2m4s
  4700K .......... .......... .......... .......... .......... 36%  150K 2m3s
  4750K .......... .......... .......... .......... .......... 37% 97.9K 2m2s
  4800K .......... .......... .......... .......... .......... 37%  632K 2m0s
  4850K .......... .......... .......... .......... .......... 38% 69.0K 1m59s
  4900K .......... .......... .......... .......... .......... 38% 38.6K 1m59s
  4950K .......... .......... .......... .......... .......... 38% 73.9K 1m58s
  5000K .......... .......... .......... .......... .......... 39%  169K 1m57s
  5050K .......... .......... .......... .......... .......... 39% 29.5K 1m57s
  5100K .......... .......... .......... .......... .......... 39%  563K 1m56s
  5150K .......... .......... .......... .......... .......... 40%  337K 1m54s
  5200K .......... .......... .......... .......... .......... 40%  160K 1m53s
  5250K .......... .......... .......... .......... .......... 41% 90.6K 1m52s
  5300K .......... .......... .......... .......... .......... 41% 70.4K 1m51s
  5350K .......... .......... .......... .......... .......... 41%  559K 1m49s
  5400K .......... .......... .......... .......... .......... 42%  464K 1m48s
  5450K .......... .......... .......... .......... .......... 42%  402K 1m46s
  5500K .......... .......... .......... .......... .......... 43% 44.5K 1m46s
  5550K .......... .......... .......... .......... .......... 43%  387K 1m44s
  5600K .......... .......... .......... .......... .......... 43%  106K 1m43s
  5650K .......... .......... .......... .......... .......... 44%  342K 1m42s
  5700K .......... .......... .......... .......... .......... 44%  169K 1m41s
  5750K .......... .......... .......... .......... .......... 45% 68.0K 1m40s
  5800K .......... .......... .......... .......... .......... 45% 67.2K 99s
  5850K .......... .......... .......... .......... .......... 45%  456K 98s
  5900K .......... .......... .......... .......... .......... 46% 56.7K 98s
  5950K .......... .......... .......... .......... .......... 46%  172K 96s
  6000K .......... .......... .......... .......... .......... 46%  465K 95s
  6050K .......... .......... .......... .......... .......... 47%  154K 94s
  6100K .......... .......... .......... .......... .......... 47%  165K 93s
  6150K .......... .......... .......... .......... .......... 48%  154K 92s
  6200K .......... .......... .......... .......... .......... 48% 28.6K 92s
  6250K .......... .......... .......... .......... .......... 48%  169K 91s
  6300K .......... .......... .......... .......... .......... 49%  146K 90s
  6350K .......... .......... .......... .......... .......... 49%  580K 89s
  6400K .......... .......... .......... .......... .......... 50% 53.4K 88s
  6450K .......... .......... .......... .......... .......... 50%  158K 87s
  6500K .......... .......... .......... .......... .......... 50%  169K 86s
  6550K .......... .......... .......... .......... .......... 51%  475K 85s
  6600K .......... .......... .......... .......... .......... 51%  366K 84s
  6650K .......... .......... .......... .......... .......... 52% 44.1K 83s
  6700K .......... .......... .......... .......... .......... 52%  154K 82s
  6750K .......... .......... .......... .......... .......... 52%  476K 81s
  6800K .......... .......... .......... .......... .......... 53%  147K 80s
  6850K .......... .......... .......... .......... .......... 53%  465K 79s
  6900K .......... .......... .......... .......... .......... 53% 54.8K 79s
  6950K .......... .......... .......... .......... .......... 54% 71.1K 78s
  7000K .......... .......... .......... .......... .......... 54%  581K 77s
  7050K .......... .......... .......... .......... .......... 55% 31.6K 77s
  7100K .......... .......... .......... .......... .......... 55%  142K 76s
  7150K .......... .......... .......... .......... .......... 55% 72.8K 75s
  7200K .......... .......... .......... .......... .......... 56%  876K 74s
  7250K .......... .......... .......... .......... .......... 56%  494K 73s
  7300K .......... .......... .......... .......... .......... 57% 70.8K 73s
  7350K .......... .......... .......... .......... .......... 57%  442K 72s
  7400K .......... .......... .......... .......... .......... 57%  161K 71s
  7450K .......... .......... .......... .......... .......... 58% 98.2K 70s
  7500K .......... .......... .......... .......... .......... 58% 93.0K 69s
  7550K .......... .......... .......... .......... .......... 58%  178K 68s
  7600K .......... .......... .......... .......... .......... 59% 52.9K 68s
  7650K .......... .......... .......... .......... .......... 59% 69.7K 67s
  7700K .......... .......... .......... .......... .......... 60%  172K 66s
  7750K .......... .......... .......... .......... .......... 60%  407K 65s
  7800K .......... .......... .......... .......... .......... 60%  486K 64s
  7850K .......... .......... .......... .......... .......... 61% 54.0K 64s
  7900K .......... .......... .......... .......... .......... 61% 44.0K 64s
  7950K .......... .......... .......... .......... .......... 62%  429K 63s
  8000K .......... .......... .......... .......... .......... 62%  550K 62s
  8050K .......... .......... .......... .......... .......... 62%  429K 61s
  8100K .......... .......... .......... .......... .......... 63%  511K 60s
  8150K .......... .......... .......... .......... .......... 63%  487K 59s
  8200K .......... .......... .......... .......... .......... 64%  574K 58s
  8250K .......... .......... .......... .......... .......... 64%  158K 57s
  8300K .......... .......... .......... .......... .......... 64% 69.4K 57s
  8350K .......... .......... .......... .......... .......... 65% 54.3K 56s
  8400K .......... .......... .......... .......... .......... 65% 53.4K 56s
  8450K .......... .......... .......... .......... .......... 65%  114K 55s
  8500K .......... .......... .......... .......... .......... 66%  497K 54s
  8550K .......... .......... .......... .......... .......... 66% 68.3K 53s
  8600K .......... .......... .......... .......... .......... 67%  403K 53s
  8650K .......... .......... .......... .......... .......... 67% 70.1K 52s
  8700K .......... .......... .......... .......... .......... 67%  532K 51s
  8750K .......... .......... .......... .......... .......... 68%  547K 50s
  8800K .......... .......... .......... .......... .......... 68%  495K 49s
  8850K .......... .......... .......... .......... .......... 69%  154K 49s
  8900K .......... .......... .......... .......... .......... 69%  427K 48s
  8950K .......... .......... .......... .......... .......... 69% 70.6K 47s
  9000K .......... .......... .......... .......... .......... 70%  162K 47s
  9050K .......... .......... .......... .......... .......... 70%  159K 46s
  9100K .......... .......... .......... .......... .......... 71% 14.7K 46s
  9150K .......... .......... .......... .......... .......... 71% 92.8K 46s
  9200K .......... .......... .......... .......... .......... 71% 70.0K 45s
  9250K .......... .......... .......... .......... .......... 72%  464K 44s
  9300K .......... .......... .......... .......... .......... 72%  474K 43s
  9350K .......... .......... .......... .......... .......... 72% 68.3K 43s
  9400K .......... .......... .......... .......... .......... 73% 53.4K 42s
  9450K .......... .......... .......... .......... .......... 73%  151K 42s
  9500K .......... .......... .......... .......... .......... 74%  501K 41s
  9550K .......... .......... .......... .......... .......... 74%  162K 40s
  9600K .......... .......... .......... .......... .......... 74% 28.8K 40s
  9650K .......... .......... .......... .......... .......... 75%  158K 39s
  9700K .......... .......... .......... .......... .......... 75% 27.3K 39s
  9750K .......... .......... .......... .......... .......... 76%  498K 38s
  9800K .......... .......... .......... .......... .......... 76%  491K 37s
  9850K .......... .......... .......... .......... .......... 76%  155K 37s
  9900K .......... .......... .......... .......... .......... 77% 28.8K 36s
  9950K .......... .......... .......... .......... .......... 77%  109K 36s
 10000K .......... .......... .......... .......... .......... 78%  445K 35s
 10050K .......... .......... .......... .......... .......... 78% 90.6K 34s
 10100K .......... .......... .......... .......... .......... 78%  383K 34s
 10150K .......... .......... .......... .......... .......... 79%  149K 33s
 10200K .......... .......... .......... .......... .......... 79% 32.5K 33s
 10250K .......... .......... .......... .......... .......... 79% 98.6K 32s
 10300K .......... .......... .......... .......... .......... 80% 23.2K 32s
 10350K .......... .......... .......... .......... .......... 80%  165K 31s
 10400K .......... .......... .......... .......... .......... 81% 69.8K 30s
 10450K .......... .......... .......... .......... .......... 81%  158K 30s
 10500K .......... .......... .......... .......... .......... 81%  471K 29s
 10550K .......... .......... .......... .......... .......... 82%  146K 28s
 10600K .......... .......... .......... .......... .......... 82%  160K 28s
 10650K .......... .......... .......... .......... .......... 83%  101K 27s
 10700K .......... .......... .......... .......... .......... 83% 69.9K 26s
 10750K .......... .......... .......... .......... .......... 83%  102K 26s
 10800K .......... .......... .......... .......... .......... 84%  724K 25s
 10850K .......... .......... .......... .......... .......... 84%  578K 24s
 10900K .......... .......... .......... .......... .......... 84% 25.7K 24s
 10950K .......... .......... .......... .......... .......... 85%  172K 23s
 11000K .......... .......... .......... .......... .......... 85%  502K 23s
 11050K .......... .......... .......... .......... .......... 86% 75.9K 22s
 11100K .......... .......... .......... .......... .......... 86%  110K 21s
 11150K .......... .......... .......... .......... .......... 86%  608K 21s
 11200K .......... .......... .......... .......... .......... 87%  110K 20s
 11250K .......... .......... .......... .......... .......... 87% 99.6K 19s
 11300K .......... .......... .......... .......... .......... 88% 54.3K 19s
 11350K .......... .......... .......... .......... .......... 88% 99.5K 18s
 11400K .......... .......... .......... .......... .......... 88%  154K 17s
 11450K .......... .......... .......... .......... .......... 89% 56.4K 17s
 11500K .......... .......... .......... .......... .......... 89% 28.4K 16s
 11550K .......... .......... .......... .......... .......... 90%  159K 16s
 11600K .......... .......... .......... .......... .......... 90%  153K 15s
 11650K .......... .......... .......... .......... .......... 90%  101K 15s
 11700K .......... .......... .......... .......... .......... 91% 44.6K 14s
 11750K .......... .......... .......... .......... .......... 91%  487K 13s
 11800K .......... .......... .......... .......... .......... 91% 7.53K 13s
 11850K .......... .......... .......... .......... .......... 92% 68.1K 13s
 11900K .......... .......... .......... .......... .......... 92% 32.7K 12s
 11950K .......... .......... .......... .......... .......... 93%  464K 11s
 12000K .......... .......... .......... .......... .......... 93% 93.8K 11s
 12050K .......... .......... .......... .......... .......... 93%  162K 10s
 12100K .......... .......... .......... .......... .......... 94% 97.9K 9s
 12150K .......... .......... .......... .......... .......... 94%  495K 9s
 12200K .......... .......... .......... .......... .......... 95%  153K 8s
 12250K .......... .......... .......... .......... .......... 95%  165K 7s
 12300K .......... .......... .......... .......... .......... 95% 71.4K 7s
 12350K .......... .......... .......... .......... .......... 96% 72.7K 6s
 12400K .......... .......... .......... .......... .......... 96%  171K 5s
 12450K .......... .......... .......... .......... .......... 97%  483K 5s
 12500K .......... .......... .......... .......... .......... 97%  516K 4s
 12550K .......... .......... .......... .......... .......... 97% 68.3K 4s
 12600K .......... .......... .......... .......... .......... 98%  534K 3s
 12650K .......... .......... .......... .......... .......... 98%  151K 2s
 12700K .......... .......... .......... .......... .......... 98% 68.7K 2s
 12750K .......... .......... .......... .......... .......... 99%  484K 1s
 12800K .......... .......... .......... .......... .......... 99% 37.0K 0s
 12850K .......... .......... .......... ....                 100% 52.8K=2m42s

2016-05-25 03:09:44 (79.8 KB/s) - ‘index.html.19’ saved [13193358/13193358]

