--2016-05-25 03:25:09--  http://10.30.50.93:8000/
Connecting to 10.30.50.93:8000... connected.
HTTP request sent, awaiting response... 200 OK
Length: 13193358 (13M) [text/html]
Saving to: ‘index.html.16’

     0K .......... .......... .......... .......... ..........  0%  989K 13s
    50K .......... .......... .......... .......... ..........  0%  182K 42s
   100K .......... .......... .......... .......... ..........  1% 57.7K 1m41s
   150K .......... .......... .......... .......... ..........  1%  950K 79s
   200K .......... .......... .......... .......... ..........  1% 75.3K 96s
   250K .......... .......... .......... .......... ..........  2% 77.8K 1m47s
   300K .......... .......... .......... .......... ..........  2%  611K 94s
   350K .......... .......... .......... .......... ..........  3% 73.5K 1m43s
   400K .......... .......... .......... .......... ..........  3%  911K 93s
   450K .......... .......... .......... .......... ..........  3%  194K 90s
   500K .......... .......... .......... .......... ..........  4%  749K 83s
   550K .......... .......... .......... .......... ..........  4% 1.11M 76s
   600K .......... .......... .......... .......... ..........  5%  924K 71s
   650K .......... .......... .......... .......... ..........  5%  191K 71s
   700K .......... .......... .......... .......... ..........  5%  806K 67s
   750K .......... .......... .......... .......... ..........  6%  719K 63s
   800K .......... .......... .......... .......... ..........  6%  184K 63s
   850K .......... .......... .......... .......... ..........  6%  901K 60s
   900K .......... .......... .......... .......... ..........  7%  108K 62s
   950K .......... .......... .......... .......... ..........  7%  782K 60s
  1000K .......... .......... .......... .......... ..........  8%  183K 60s
  1050K .......... .......... .......... .......... ..........  8% 57.6K 66s
  1100K .......... .......... .......... .......... ..........  8%  170K 66s
  1150K .......... .......... .......... .......... ..........  9%  905K 64s
  1200K .......... .......... .......... .......... ..........  9%  108K 65s
  1250K .......... .......... .......... .......... .......... 10%  774K 63s
  1300K .......... .......... .......... .......... .......... 10% 75.0K 66s
  1350K .......... .......... .......... .......... .......... 10% 73.1K 69s
  1400K .......... .......... .......... .......... .......... 11% 1.01M 67s
  1450K .......... .......... .......... .......... .......... 11%  107K 68s
  1500K .......... .......... .......... .......... .......... 12%  186K 67s
  1550K .......... .......... .......... .......... .......... 12%  813K 65s
  1600K .......... .......... .......... .......... .......... 12%  108K 66s
  1650K .......... .......... .......... .......... .......... 13%  181K 66s
  1700K .......... .......... .......... .......... .......... 13% 73.0K 68s
  1750K .......... .......... .......... .......... .......... 13%  719K 66s
  1800K .......... .......... .......... .......... .......... 14%  802K 64s
  1850K .......... .......... .......... .......... .......... 14%  868K 63s
  1900K .......... .......... .......... .......... .......... 15%  846K 61s
  1950K .......... .......... .......... .......... .......... 15%  966K 60s
  2000K .......... .......... .......... .......... .......... 15% 1.07M 58s
  2050K .......... .......... .......... .......... .......... 16%  184K 58s
  2100K .......... .......... .......... .......... .......... 16% 1.10M 57s
  2150K .......... .......... .......... .......... .......... 17%  189K 56s
  2200K .......... .......... .......... .......... .......... 17% 74.8K 58s
  2250K .......... .......... .......... .......... .......... 17%  881K 57s
  2300K .......... .......... .......... .......... .......... 18%  183K 56s
  2350K .......... .......... .......... .......... .......... 18%  105K 57s
  2400K .......... .......... .......... .......... .......... 19% 1.53M 56s
  2450K .......... .......... .......... .......... .......... 19%  189K 56s
  2500K .......... .......... .......... .......... .......... 19% 57.3K 58s
  2550K .......... .......... .......... .......... .......... 20%  889K 57s
  2600K .......... .......... .......... .......... .......... 20%  105K 57s
  2650K .......... .......... .......... .......... .......... 20%  166K 57s
  2700K .......... .......... .......... .......... .......... 21% 74.4K 58s
  2750K .......... .......... .......... .......... .......... 21%  187K 58s
  2800K .......... .......... .......... .......... .......... 22%  194K 57s
  2850K .......... .......... .......... .......... .......... 22%  889K 56s
  2900K .......... .......... .......... .......... .......... 22% 73.9K 57s
  2950K .......... .......... .......... .......... .......... 23%  929K 56s
  3000K .......... .......... .......... .......... .......... 23% 57.9K 58s
  3050K .......... .......... .......... .......... .......... 24%  575K 57s
  3100K .......... .......... .......... .......... .......... 24%  187K 56s
  3150K .......... .......... .......... .......... .......... 24%  188K 56s
  3200K .......... .......... .......... .......... .......... 25%  943K 55s
  3250K .......... .......... .......... .......... .......... 25%  903K 54s
  3300K .......... .......... .......... .......... .......... 26%  191K 54s
  3350K .......... .......... .......... .......... .......... 26%  106K 54s
  3400K .......... .......... .......... .......... .......... 26%  812K 53s
  3450K .......... .......... .......... .......... .......... 27%  843K 52s
  3500K .......... .......... .......... .......... .......... 27% 1010K 51s
  3550K .......... .......... .......... .......... .......... 27%  869K 51s
  3600K .......... .......... .......... .......... .......... 28%  649K 50s
  3650K .......... .......... .......... .......... .......... 28%  109K 50s
  3700K .......... .......... .......... .......... .......... 29% 76.5K 51s
  3750K .......... .......... .......... .......... .......... 29%  750K 50s
  3800K .......... .......... .......... .......... .......... 29%  189K 50s
  3850K .......... .......... .......... .......... .......... 30% 1003K 49s
  3900K .......... .......... .......... .......... .......... 30%  176K 49s
  3950K .......... .......... .......... .......... .......... 31%  197K 48s
  4000K .......... .......... .......... .......... .......... 31%  977K 48s
  4050K .......... .......... .......... .......... .......... 31%  108K 48s
  4100K .......... .......... .......... .......... .......... 32%  773K 47s
  4150K .......... .......... .......... .......... .......... 32% 1.01M 46s
  4200K .......... .......... .......... .......... .......... 32%  188K 46s
  4250K .......... .......... .......... .......... .......... 33%  191K 46s
  4300K .......... .......... .......... .......... .......... 33%  841K 45s
  4350K .......... .......... .......... .......... .......... 34%  922K 44s
  4400K .......... .......... .......... .......... .......... 34%  189K 44s
  4450K .......... .......... .......... .......... .......... 34%  192K 44s
  4500K .......... .......... .......... .......... .......... 35%  918K 43s
  4550K .......... .......... .......... .......... .......... 35%  108K 43s
  4600K .......... .......... .......... .......... .......... 36%  189K 43s
  4650K .......... .......... .......... .......... .......... 36%  189K 43s
  4700K .......... .......... .......... .......... .......... 36%  753K 42s
  4750K .......... .......... .......... .......... .......... 37% 46.1K 43s
  4800K .......... .......... .......... .......... .......... 37%  708K 43s
  4850K .......... .......... .......... .......... .......... 38% 33.3K 44s
  4900K .......... .......... .......... .......... .......... 38% 75.5K 45s
  4950K .......... .......... .......... .......... .......... 38% 76.3K 45s
  5000K .......... .......... .......... .......... .......... 39% 33.5K 47s
  5050K .......... .......... .......... .......... .......... 39% 3.24M 46s
  5100K .......... .......... .......... .......... .......... 39%  109K 46s
  5150K .......... .......... .......... .......... .......... 40%  990K 45s
  5200K .......... .......... .......... .......... .......... 40%  185K 45s
  5250K .......... .......... .......... .......... .......... 41% 58.4K 45s
  5300K .......... .......... .......... .......... .......... 41%  939K 45s
  5350K .......... .......... .......... .......... .......... 41% 1005K 44s
  5400K .......... .......... .......... .......... .......... 42%  193K 44s
  5450K .......... .......... .......... .......... .......... 42%  191K 43s
  5500K .......... .......... .......... .......... .......... 43%  625K 43s
  5550K .......... .......... .......... .......... .......... 43% 77.0K 43s
  5600K .......... .......... .......... .......... .......... 43% 57.6K 43s
  5650K .......... .......... .......... .......... .......... 44%  752K 43s
  5700K .......... .......... .......... .......... .......... 44%  932K 42s
  5750K .......... .......... .......... .......... .......... 45%  882K 42s
  5800K .......... .......... .......... .......... .......... 45%  193K 41s
  5850K .......... .......... .......... .......... .......... 45%  852K 41s
  5900K .......... .......... .......... .......... .......... 46%  840K 40s
  5950K .......... .......... .......... .......... .......... 46%  873K 40s
  6000K .......... .......... .......... .......... .......... 46%  196K 39s
  6050K .......... .......... .......... .......... .......... 47%  183K 39s
  6100K .......... .......... .......... .......... .......... 47%  184K 39s
  6150K .......... .......... .......... .......... .......... 48%  967K 38s
  6200K .......... .......... .......... .......... .......... 48%  194K 38s
  6250K .......... .......... .......... .......... .......... 48%  181K 38s
  6300K .......... .......... .......... .......... .......... 49%  188K 37s
  6350K .......... .......... .......... .......... .......... 49%  178K 37s
  6400K .......... .......... .......... .......... .......... 50%  839K 36s
  6450K .......... .......... .......... .......... .......... 50%  784K 36s
  6500K .......... .......... .......... .......... .......... 50%  820K 35s
  6550K .......... .......... .......... .......... .......... 51%  850K 35s
  6600K .......... .......... .......... .......... .......... 51%  103K 35s
  6650K .......... .......... .......... .......... .......... 52%  192K 35s
  6700K .......... .......... .......... .......... .......... 52%  112K 34s
  6750K .......... .......... .......... .......... .......... 52%  908K 34s
  6800K .......... .......... .......... .......... .......... 53%  656K 34s
  6850K .......... .......... .......... .......... .......... 53%  691K 33s
  6900K .......... .......... .......... .......... .......... 53%  879K 33s
  6950K .......... .......... .......... .......... .......... 54%  913K 32s
  7000K .......... .......... .......... .......... .......... 54%  821K 32s
  7050K .......... .......... .......... .......... .......... 55%  106K 32s
  7100K .......... .......... .......... .......... .......... 55% 1.07M 31s
  7150K .......... .......... .......... .......... .......... 55% 1.13M 31s
  7200K .......... .......... .......... .......... .......... 56%  823K 30s
  7250K .......... .......... .......... .......... .......... 56% 1.16M 30s
  7300K .......... .......... .......... .......... .......... 57% 57.6K 30s
  7350K .......... .......... .......... .......... .......... 57%  224K 30s
  7400K .......... .......... .......... .......... .......... 57%  118K 30s
  7450K .......... .......... .......... .......... .......... 58%  104K 29s
  7500K .......... .......... .......... .......... .......... 58% 56.7K 30s
  7550K .......... .......... .......... .......... .......... 58%  819K 29s
  7600K .......... .......... .......... .......... .......... 59% 1.04M 29s
  7650K .......... .......... .......... .......... .......... 59%  887K 28s
  7700K .......... .......... .......... .......... .......... 60%  106K 28s
  7750K .......... .......... .......... .......... .......... 60%  794K 28s
  7800K .......... .......... .......... .......... .......... 60%  984K 27s
  7850K .......... .......... .......... .......... .......... 61% 72.9K 27s
  7900K .......... .......... .......... .......... .......... 61%  792K 27s
  7950K .......... .......... .......... .......... .......... 62%  813K 27s
  8000K .......... .......... .......... .......... .......... 62%  108K 26s
  8050K .......... .......... .......... .......... .......... 62%  234K 26s
  8100K .......... .......... .......... .......... .......... 63% 1.08M 26s
  8150K .......... .......... .......... .......... .......... 63%  192K 25s
  8200K .......... .......... .......... .......... .......... 64% 1.14M 25s
  8250K .......... .......... .......... .......... .......... 64% 1.00M 25s
  8300K .......... .......... .......... .......... .......... 64%  912K 24s
  8350K .......... .......... .......... .......... .......... 65%  704K 24s
  8400K .......... .......... .......... .......... .......... 65%  185K 24s
  8450K .......... .......... .......... .......... .......... 65%  929K 23s
  8500K .......... .......... .......... .......... .......... 66% 1.08M 23s
  8550K .......... .......... .......... .......... .......... 66%  735K 22s
  8600K .......... .......... .......... .......... .......... 67%  108K 22s
  8650K .......... .......... .......... .......... .......... 67%  195K 22s
  8700K .......... .......... .......... .......... .......... 67% 1.12M 22s
  8750K .......... .......... .......... .......... .......... 68%  959K 21s
  8800K .......... .......... .......... .......... .......... 68%  187K 21s
  8850K .......... .......... .......... .......... .......... 69%  927K 21s
  8900K .......... .......... .......... .......... .......... 69%  755K 20s
  8950K .......... .......... .......... .......... .......... 69% 73.4K 20s
  9000K .......... .......... .......... .......... .......... 70%  181K 20s
  9050K .......... .......... .......... .......... .......... 70%  791K 20s
  9100K .......... .......... .......... .......... .......... 71%  723K 19s
  9150K .......... .......... .......... .......... .......... 71%  177K 19s
  9200K .......... .......... .......... .......... .......... 71%  880K 19s
  9250K .......... .......... .......... .......... .......... 72%  848K 18s
  9300K .......... .......... .......... .......... .......... 72% 75.5K 18s
  9350K .......... .......... .......... .......... .......... 72%  960K 18s
  9400K .......... .......... .......... .......... .......... 73%  931K 18s
  9450K .......... .......... .......... .......... .......... 73%  186K 17s
  9500K .......... .......... .......... .......... .......... 74%  661K 17s
  9550K .......... .......... .......... .......... .......... 74%  881K 17s
  9600K .......... .......... .......... .......... .......... 74%  798K 16s
  9650K .......... .......... .......... .......... .......... 75%  188K 16s
  9700K .......... .......... .......... .......... .......... 75%  915K 16s
  9750K .......... .......... .......... .......... .......... 76%  877K 16s
  9800K .......... .......... .......... .......... .......... 76%  201K 15s
  9850K .......... .......... .......... .......... .......... 76%  789K 15s
  9900K .......... .......... .......... .......... .......... 77%  986K 15s
  9950K .......... .......... .......... .......... .......... 77% 1.02M 14s
 10000K .......... .......... .......... .......... .......... 78%  816K 14s
 10050K .......... .......... .......... .......... .......... 78%  847K 14s
 10100K .......... .......... .......... .......... .......... 78% 29.1K 14s
 10150K .......... .......... .......... .......... .......... 79%  922K 14s
 10200K .......... .......... .......... .......... .......... 79%  190K 13s
 10250K .......... .......... .......... .......... .......... 79% 74.7K 13s
 10300K .......... .......... .......... .......... .......... 80%  995K 13s
 10350K .......... .......... .......... .......... .......... 80%  185K 13s
 10400K .......... .......... .......... .......... .......... 81%  179K 12s
 10450K .......... .......... .......... .......... .......... 81%  956K 12s
 10500K .......... .......... .......... .......... .......... 81%  854K 12s
 10550K .......... .......... .......... .......... .......... 82%  185K 12s
 10600K .......... .......... .......... .......... .......... 82%  985K 11s
 10650K .......... .......... .......... .......... .......... 83% 46.4K 11s
 10700K .......... .......... .......... .......... .......... 83%  847K 11s
 10750K .......... .......... .......... .......... .......... 83%  869K 11s
 10800K .......... .......... .......... .......... .......... 84%  186K 10s
 10850K .......... .......... .......... .......... .......... 84% 1.24M 10s
 10900K .......... .......... .......... .......... .......... 84% 74.3K 10s
 10950K .......... .......... .......... .......... .......... 85% 1019K 10s
 11000K .......... .......... .......... .......... .......... 85%  867K 9s
 11050K .......... .......... .......... .......... .......... 86% 74.2K 9s
 11100K .......... .......... .......... .......... .......... 86%  191K 9s
 11150K .......... .......... .......... .......... .......... 86%  717K 9s
 11200K .......... .......... .......... .......... .......... 87% 1021K 8s
 11250K .......... .......... .......... .......... .......... 87%  906K 8s
 11300K .......... .......... .......... .......... .......... 88% 58.0K 8s
 11350K .......... .......... .......... .......... .......... 88%  481K 8s
 11400K .......... .......... .......... .......... .......... 88% 1.12M 7s
 11450K .......... .......... .......... .......... .......... 89% 74.0K 7s
 11500K .......... .......... .......... .......... .......... 89% 29.7K 7s
 11550K .......... .......... .......... .......... .......... 90%  722K 7s
 11600K .......... .......... .......... .......... .......... 90%  191K 6s
 11650K .......... .......... .......... .......... .......... 90%  815K 6s
 11700K .......... .......... .......... .......... .......... 91%  107K 6s
 11750K .......... .......... .......... .......... .......... 91%  904K 6s
 11800K .......... .......... .......... .......... .......... 91%  847K 5s
 11850K .......... .......... .......... .......... .......... 92%  991K 5s
 11900K .......... .......... .......... .......... .......... 92%  647K 5s
 11950K .......... .......... .......... .......... .......... 93%  186K 5s
 12000K .......... .......... .......... .......... .......... 93%  917K 4s
 12050K .......... .......... .......... .......... .......... 93% 57.2K 4s
 12100K .......... .......... .......... .......... .......... 94% 1.95M 4s
 12150K .......... .......... .......... .......... .......... 94%  189K 4s
 12200K .......... .......... .......... .......... .......... 95%  196K 3s
 12250K .......... .......... .......... .......... .......... 95%  717K 3s
 12300K .......... .......... .......... .......... .......... 95%  722K 3s
 12350K .......... .......... .......... .......... .......... 96%  797K 2s
 12400K .......... .......... .......... .......... .......... 96%  107K 2s
 12450K .......... .......... .......... .......... .......... 97% 57.6K 2s
 12500K .......... .......... .......... .......... .......... 97%  187K 2s
 12550K .......... .......... .......... .......... .......... 97% 74.7K 1s
 12600K .......... .......... .......... .......... .......... 98%  191K 1s
 12650K .......... .......... .......... .......... .......... 98% 1023K 1s
 12700K .......... .......... .......... .......... .......... 98% 1021K 1s
 12750K .......... .......... .......... .......... .......... 99%  106K 0s
 12800K .......... .......... .......... .......... .......... 99%  823K 0s
 12850K .......... .......... .......... ....                 100%  878K=67s

2016-05-25 03:26:16 (193 KB/s) - ‘index.html.16’ saved [13193358/13193358]

