--2016-05-25 03:41:42--  http://10.30.50.93:8000/
Connecting to 10.30.50.93:8000... connected.
HTTP request sent, awaiting response... 200 OK
Length: 13193358 (13M) [text/html]
Saving to: ‘index.html.16’

     0K .......... .......... .......... .......... ..........  0% 2.51M 5s
    50K .......... .......... .......... .......... ..........  0% 1.51M 7s
   100K .......... .......... .......... .......... ..........  1%  972K 9s
   150K .......... .......... .......... .......... ..........  1% 46.3K 75s
   200K .......... .......... .......... .......... ..........  1% 75.4K 93s
   250K .......... .......... .......... .......... ..........  2%  192K 88s
   300K .......... .......... .......... .......... ..........  2%  986K 77s
   350K .......... .......... .......... .......... ..........  3%  204K 75s
   400K .......... .......... .......... .......... ..........  3% 1.65M 67s
   450K .......... .......... .......... .......... ..........  3%  117K 71s
   500K .......... .......... .......... .......... ..........  4%  194K 70s
   550K .......... .......... .......... .......... ..........  4%  966K 65s
   600K .......... .......... .......... .......... ..........  5% 1.16M 60s
   650K .......... .......... .......... .......... ..........  5% 1016K 57s
   700K .......... .......... .......... .......... ..........  5%  876K 54s
   750K .......... .......... .......... .......... ..........  6% 1.08M 51s
   800K .......... .......... .......... .......... ..........  6%  691K 49s
   850K .......... .......... .......... .......... ..........  6% 27.0K 70s
   900K .......... .......... .......... .......... ..........  7% 76.9K 75s
   950K .......... .......... .......... .......... ..........  7%  117K 76s
  1000K .......... .......... .......... .......... ..........  8%  240K 74s
  1050K .......... .......... .......... .......... ..........  8%  217K 73s
  1100K .......... .......... .......... .......... ..........  8% 1.01M 70s
  1150K .......... .......... .......... .......... ..........  9% 1.06M 67s
  1200K .......... .......... .......... .......... ..........  9%  883K 65s
  1250K .......... .......... .......... .......... .......... 10%  113K 66s
  1300K .......... .......... .......... .......... .......... 10% 1.10M 64s
  1350K .......... .......... .......... .......... .......... 10% 1.12M 61s
  1400K .......... .......... .......... .......... .......... 11% 1.04M 59s
  1450K .......... .......... .......... .......... .......... 11%  780K 58s
  1500K .......... .......... .......... .......... .......... 12%  192K 57s
  1550K .......... .......... .......... .......... .......... 12% 1.30M 56s
  1600K .......... .......... .......... .......... .......... 12% 1.21M 54s
  1650K .......... .......... .......... .......... .......... 13%  206K 54s
  1700K .......... .......... .......... .......... .......... 13% 1003K 52s
  1750K .......... .......... .......... .......... .......... 13% 1.23M 51s
  1800K .......... .......... .......... .......... .......... 14%  739K 50s
  1850K .......... .......... .......... .......... .......... 14%  196K 50s
  1900K .......... .......... .......... .......... .......... 15% 1.43M 48s
  1950K .......... .......... .......... .......... .......... 15%  534K 47s
  2000K .......... .......... .......... .......... .......... 15%  862K 46s
  2050K .......... .......... .......... .......... .......... 16%  198K 46s
  2100K .......... .......... .......... .......... .......... 16% 56.7K 49s
  2150K .......... .......... .......... .......... .......... 17%  735K 48s
  2200K .......... .......... .......... .......... .......... 17%  187K 48s
  2250K .......... .......... .......... .......... .......... 17% 1.24M 47s
  2300K .......... .......... .......... .......... .......... 18%  747K 46s
  2350K .......... .......... .......... .......... .......... 18% 1.07M 45s
  2400K .......... .......... .......... .......... .......... 19% 76.5K 47s
  2450K .......... .......... .......... .......... .......... 19% 1.40M 46s
  2500K .......... .......... .......... .......... .......... 19%  990K 45s
  2550K .......... .......... .......... .......... .......... 20%  184K 45s
  2600K .......... .......... .......... .......... .......... 20% 1.15M 44s
  2650K .......... .......... .......... .......... .......... 20%  822K 43s
  2700K .......... .......... .......... .......... .......... 21%  957K 43s
  2750K .......... .......... .......... .......... .......... 21% 76.7K 44s
  2800K .......... .......... .......... .......... .......... 22% 1.26M 43s
  2850K .......... .......... .......... .......... .......... 22%  197K 43s
  2900K .......... .......... .......... .......... .......... 22%  181K 43s
  2950K .......... .......... .......... .......... .......... 23%  199K 43s
  3000K .......... .......... .......... .......... .......... 23%  849K 42s
  3050K .......... .......... .......... .......... .......... 24%  187K 42s
  3100K .......... .......... .......... .......... .......... 24% 1.07M 41s
  3150K .......... .......... .......... .......... .......... 24%  109K 42s
  3200K .......... .......... .......... .......... .......... 25% 1.06M 41s
  3250K .......... .......... .......... .......... .......... 25%  807K 41s
  3300K .......... .......... .......... .......... .......... 26%  204K 40s
  3350K .......... .......... .......... .......... .......... 26%  201K 40s
  3400K .......... .......... .......... .......... .......... 26%  184K 40s
  3450K .......... .......... .......... .......... .......... 27%  105K 41s
  3500K .......... .......... .......... .......... .......... 27% 1.37M 40s
  3550K .......... .......... .......... .......... .......... 27% 1.02M 39s
  3600K .......... .......... .......... .......... .......... 28% 1.15M 39s
  3650K .......... .......... .......... .......... .......... 28%  110K 39s
  3700K .......... .......... .......... .......... .......... 29% 1.20M 39s
  3750K .......... .......... .......... .......... .......... 29%  877K 38s
  3800K .......... .......... .......... .......... .......... 29% 1.15M 37s
  3850K .......... .......... .......... .......... .......... 30%  206K 37s
  3900K .......... .......... .......... .......... .......... 30%  110K 38s
  3950K .......... .......... .......... .......... .......... 31% 1.37M 37s
  4000K .......... .......... .......... .......... .......... 31% 1.28M 36s
  4050K .......... .......... .......... .......... .......... 31%  212K 36s
  4100K .......... .......... .......... .......... .......... 32%  196K 36s
  4150K .......... .......... .......... .......... .......... 32% 1.03M 36s
  4200K .......... .......... .......... .......... .......... 32% 1.47M 35s
  4250K .......... .......... .......... .......... .......... 33%  790K 35s
  4300K .......... .......... .......... .......... .......... 33%  912K 34s
  4350K .......... .......... .......... .......... .......... 34%  963K 34s
  4400K .......... .......... .......... .......... .......... 34%  201K 34s
  4450K .......... .......... .......... .......... .......... 34%  205K 33s
  4500K .......... .......... .......... .......... .......... 35%  109K 34s
  4550K .......... .......... .......... .......... .......... 35% 1.14M 33s
  4600K .......... .......... .......... .......... .......... 36%  199K 33s
  4650K .......... .......... .......... .......... .......... 36%  196K 33s
  4700K .......... .......... .......... .......... .......... 36% 1.16M 33s
  4750K .......... .......... .......... .......... .......... 37%  927K 32s
  4800K .......... .......... .......... .......... .......... 37%  836K 32s
  4850K .......... .......... .......... .......... .......... 38% 76.1K 32s
  4900K .......... .......... .......... .......... .......... 38% 75.4K 33s
  4950K .......... .......... .......... .......... .......... 38%  915K 32s
  5000K .......... .......... .......... .......... .......... 39%  203K 32s
  5050K .......... .......... .......... .......... .......... 39% 33.8K 34s
  5100K .......... .......... .......... .......... .......... 39%  983K 33s
  5150K .......... .......... .......... .......... .......... 40%  915K 33s
  5200K .......... .......... .......... .......... .......... 40% 1.18M 33s
  5250K .......... .......... .......... .......... .......... 41% 47.2K 34s
  5300K .......... .......... .......... .......... .......... 41% 6.57M 33s
  5350K .......... .......... .......... .......... .......... 41%  979K 33s
  5400K .......... .......... .......... .......... .......... 42%  201K 32s
  5450K .......... .......... .......... .......... .......... 42%  944K 32s
  5500K .......... .......... .......... .......... .......... 43%  956K 31s
  5550K .......... .......... .......... .......... .......... 43%  107K 32s
  5600K .......... .......... .......... .......... .......... 43% 1.00M 31s
  5650K .......... .......... .......... .......... .......... 44% 58.8K 32s
  5700K .......... .......... .......... .......... .......... 44%  201K 32s
  5750K .......... .......... .......... .......... .......... 45% 1010K 31s
  5800K .......... .......... .......... .......... .......... 45%  194K 31s
  5850K .......... .......... .......... .......... .......... 45% 1.21M 31s
  5900K .......... .......... .......... .......... .......... 46% 1.18M 30s
  5950K .......... .......... .......... .......... .......... 46%  972K 30s
  6000K .......... .......... .......... .......... .......... 46% 1.36M 29s
  6050K .......... .......... .......... .......... .......... 47% 68.4K 30s
  6100K .......... .......... .......... .......... .......... 47% 1.14M 29s
  6150K .......... .......... .......... .......... .......... 48%  816K 29s
  6200K .......... .......... .......... .......... .......... 48% 1.11M 28s
  6250K .......... .......... .......... .......... .......... 48%  202K 28s
  6300K .......... .......... .......... .......... .......... 49% 1.10M 28s
  6350K .......... .......... .......... .......... .......... 49%  203K 28s
  6400K .......... .......... .......... .......... .......... 50%  112K 28s
  6450K .......... .......... .......... .......... .......... 50% 1.49M 27s
  6500K .......... .......... .......... .......... .......... 50% 1.19M 27s
  6550K .......... .......... .......... .......... .......... 51% 1.06M 27s
  6600K .......... .......... .......... .......... .......... 51%  200K 26s
  6650K .......... .......... .......... .......... .......... 52% 59.0K 27s
  6700K .......... .......... .......... .......... .......... 52%  111K 27s
  6750K .......... .......... .......... .......... .......... 52% 40.0K 27s
  6800K .......... .......... .......... .......... .......... 53%  207K 27s
  6850K .......... .......... .......... .......... .......... 53% 1.32M 27s
  6900K .......... .......... .......... .......... .......... 53% 1.07M 26s
  6950K .......... .......... .......... .......... .......... 54%  199K 26s
  7000K .......... .......... .......... .......... .......... 54%  108K 26s
  7050K .......... .......... .......... .......... .......... 55% 26.6K 27s
  7100K .......... .......... .......... .......... .......... 55% 47.1K 28s
  7150K .......... .......... .......... .......... .......... 55%  205K 28s
  7200K .......... .......... .......... .......... .......... 56% 1.14M 27s
  7250K .......... .......... .......... .......... .......... 56%  107K 27s
  7300K .......... .......... .......... .......... .......... 57%  202K 27s
  7350K .......... .......... .......... .......... .......... 57% 1006K 26s
  7400K .......... .......... .......... .......... .......... 57% 1.05M 26s
  7450K .......... .......... .......... .......... .......... 58%  205K 26s
  7500K .......... .......... .......... .......... .......... 58%  108K 26s
  7550K .......... .......... .......... .......... .......... 58%  589K 25s
  7600K .......... .......... .......... .......... .......... 59%  205K 25s
  7650K .......... .......... .......... .......... .......... 59% 1.09M 25s
  7700K .......... .......... .......... .......... .......... 60%  212K 25s
  7750K .......... .......... .......... .......... .......... 60% 38.8K 25s
  7800K .......... .......... .......... .......... .......... 60%  987K 25s
  7850K .......... .......... .......... .......... .......... 61% 1.26M 24s
  7900K .......... .......... .......... .......... .......... 61%  198K 24s
  7950K .......... .......... .......... .......... .......... 62% 1.28M 24s
  8000K .......... .......... .......... .......... .......... 62% 1.58M 23s
  8050K .......... .......... .......... .......... .......... 62% 57.8K 23s
  8100K .......... .......... .......... .......... .......... 63%  892K 23s
  8150K .......... .......... .......... .......... .......... 63% 74.0K 23s
  8200K .......... .......... .......... .......... .......... 64%  235K 23s
  8250K .......... .......... .......... .......... .......... 64%  838K 22s
  8300K .......... .......... .......... .......... .......... 64%  889K 22s
  8350K .......... .......... .......... .......... .......... 65%  199K 22s
  8400K .......... .......... .......... .......... .......... 65%  210K 22s
  8450K .......... .......... .......... .......... .......... 65%  927K 21s
  8500K .......... .......... .......... .......... .......... 66%  962K 21s
  8550K .......... .......... .......... .......... .......... 66%  191K 21s
  8600K .......... .......... .......... .......... .......... 67%  195K 20s
  8650K .......... .......... .......... .......... .......... 67%  935K 20s
  8700K .......... .......... .......... .......... .......... 67%  195K 20s
  8750K .......... .......... .......... .......... .......... 68%  835K 20s
  8800K .......... .......... .......... .......... .......... 68%  191K 19s
  8850K .......... .......... .......... .......... .......... 69% 1.09M 19s
  8900K .......... .......... .......... .......... .......... 69% 1.30M 19s
  8950K .......... .......... .......... .......... .......... 69% 1.44M 18s
  9000K .......... .......... .......... .......... .......... 70% 1.10M 18s
  9050K .......... .......... .......... .......... .......... 70% 1.15M 18s
  9100K .......... .......... .......... .......... .......... 71%  201K 18s
  9150K .......... .......... .......... .......... .......... 71% 1.25M 17s
  9200K .......... .......... .......... .......... .......... 71%  203K 17s
  9250K .......... .......... .......... .......... .......... 72%  737K 17s
  9300K .......... .......... .......... .......... .......... 72% 1.29M 16s
  9350K .......... .......... .......... .......... .......... 72% 75.8K 16s
  9400K .......... .......... .......... .......... .......... 73%  895K 16s
  9450K .......... .......... .......... .......... .......... 73% 57.9K 16s
  9500K .......... .......... .......... .......... .......... 74%  199K 16s
  9550K .......... .......... .......... .......... .......... 74%  977K 15s
  9600K .......... .......... .......... .......... .......... 74% 77.4K 15s
  9650K .......... .......... .......... .......... .......... 75%  912K 15s
  9700K .......... .......... .......... .......... .......... 75% 1.02M 15s
  9750K .......... .......... .......... .......... .......... 76%  201K 15s
  9800K .......... .......... .......... .......... .......... 76%  188K 14s
  9850K .......... .......... .......... .......... .......... 76%  112K 14s
  9900K .......... .......... .......... .......... .......... 77%  192K 14s
  9950K .......... .......... .......... .......... .......... 77%  109K 14s
 10000K .......... .......... .......... .......... .......... 78%  206K 13s
 10050K .......... .......... .......... .......... .......... 78% 1.22M 13s
 10100K .......... .......... .......... .......... .......... 78%  197K 13s
 10150K .......... .......... .......... .......... .......... 79% 1.00M 13s
 10200K .......... .......... .......... .......... .......... 79% 1005K 12s
 10250K .......... .......... .......... .......... .......... 79%  208K 12s
 10300K .......... .......... .......... .......... .......... 80%  110K 12s
 10350K .......... .......... .......... .......... .......... 80%  866K 12s
 10400K .......... .......... .......... .......... .......... 81% 1.08M 11s
 10450K .......... .......... .......... .......... .......... 81%  112K 11s
 10500K .......... .......... .......... .......... .......... 81%  209K 11s
 10550K .......... .......... .......... .......... .......... 82%  113K 11s
 10600K .......... .......... .......... .......... .......... 82% 33.9K 11s
 10650K .......... .......... .......... .......... .......... 83%  209K 11s
 10700K .......... .......... .......... .......... .......... 83%  198K 10s
 10750K .......... .......... .......... .......... .......... 83% 1.11M 10s
 10800K .......... .......... .......... .......... .......... 84% 1.19M 10s
 10850K .......... .......... .......... .......... .......... 84%  207K 10s
 10900K .......... .......... .......... .......... .......... 84% 1018K 9s
 10950K .......... .......... .......... .......... .......... 85% 1013K 9s
 11000K .......... .......... .......... .......... .......... 85%  665K 9s
 11050K .......... .......... .......... .......... .......... 86% 1.02M 8s
 11100K .......... .......... .......... .......... .......... 86% 1004K 8s
 11150K .......... .......... .......... .......... .......... 86%  193K 8s
 11200K .......... .......... .......... .......... .......... 87%  187K 8s
 11250K .......... .......... .......... .......... .......... 87% 1.04M 7s
 11300K .......... .......... .......... .......... .......... 88%  191K 7s
 11350K .......... .......... .......... .......... .......... 88% 1.33M 7s
 11400K .......... .......... .......... .......... .......... 88% 58.1K 7s
 11450K .......... .......... .......... .......... .......... 89% 1.34M 7s
 11500K .......... .......... .......... .......... .......... 89% 1.06M 6s
 11550K .......... .......... .......... .......... .......... 90% 1.50M 6s
 11600K .......... .......... .......... .......... .......... 90% 1.25M 6s
 11650K .......... .......... .......... .......... .......... 90% 1.29M 6s
 11700K .......... .......... .......... .......... .......... 91% 1.25M 5s
 11750K .......... .......... .......... .......... .......... 91%  111K 5s
 11800K .......... .......... .......... .......... .......... 91%  195K 5s
 11850K .......... .......... .......... .......... .......... 92%  207K 5s
 11900K .......... .......... .......... .......... .......... 92%  194K 4s
 11950K .......... .......... .......... .......... .......... 93%  969K 4s
 12000K .......... .......... .......... .......... .......... 93% 59.0K 4s
 12050K .......... .......... .......... .......... .......... 93% 58.5K 4s
 12100K .......... .......... .......... .......... .......... 94% 76.3K 4s
 12150K .......... .......... .......... .......... .......... 94%  952K 3s
 12200K .......... .......... .......... .......... .......... 95% 1.38M 3s
 12250K .......... .......... .......... .......... .......... 95%  202K 3s
 12300K .......... .......... .......... .......... .......... 95%  814K 3s
 12350K .......... .......... .......... .......... .......... 96%  796K 2s
 12400K .......... .......... .......... .......... .......... 96% 1.18M 2s
 12450K .......... .......... .......... .......... .......... 97% 75.3K 2s
 12500K .......... .......... .......... .......... .......... 97% 1.08M 2s
 12550K .......... .......... .......... .......... .......... 97% 1.14M 1s
 12600K .......... .......... .......... .......... .......... 98%  934K 1s
 12650K .......... .......... .......... .......... .......... 98% 76.7K 1s
 12700K .......... .......... .......... .......... .......... 98% 1.03M 1s
 12750K .......... .......... .......... .......... .......... 99% 76.8K 0s
 12800K .......... .......... .......... .......... .......... 99%  204K 0s
 12850K .......... .......... .......... ....                 100% 1.11M=61s

2016-05-25 03:42:44 (210 KB/s) - ‘index.html.16’ saved [13193358/13193358]

