--2016-05-25 00:08:54--  http://10.30.50.93:8000/
Connecting to 10.30.50.93:8000... connected.
HTTP request sent, awaiting response... 200 OK
Length: 13193358 (13M) [text/html]
Saving to: ‘index.html.3’

     0K .......... .......... .......... .......... ..........  0%  119K 1m48s
    50K .......... .......... .......... .......... ..........  0%  119K 1m47s
   100K .......... .......... .......... .......... ..........  1% 81.6K 2m3s
   150K .......... .......... .......... .......... ..........  1%  199K 1m48s
   200K .......... .......... .......... .......... ..........  1%  119K 1m47s
   250K .......... .......... .......... .......... ..........  2% 61.2K 2m3s
   300K .......... .......... .......... .......... ..........  2%  149K 1m57s
   350K .......... .......... .......... .......... ..........  3%  144K 1m53s
   400K .......... .......... .......... .......... ..........  3%  208K 1m47s
   450K .......... .......... .......... .......... ..........  3%  119K 1m46s
   500K .......... .......... .......... .......... ..........  4%  116K 1m46s
   550K .......... .......... .......... .......... ..........  4%  112K 1m46s
   600K .......... .......... .......... .......... ..........  5%  119K 1m45s
   650K .......... .......... .......... .......... ..........  5% 80.1K 1m48s
   700K .......... .......... .......... .......... ..........  5%  209K 1m44s
   750K .......... .......... .......... .......... ..........  6%  119K 1m44s
   800K .......... .......... .......... .......... ..........  6%  116K 1m43s
   850K .......... .......... .......... .......... ..........  6%  119K 1m43s
   900K .......... .......... .......... .......... ..........  7%  119K 1m42s
   950K .......... .......... .......... .......... ..........  7%  113K 1m42s
  1000K .......... .......... .......... .......... ..........  8%  119K 1m41s
  1050K .......... .......... .......... .......... ..........  8%  116K 1m41s
  1100K .......... .......... .......... .......... ..........  8%  119K 1m41s
  1150K .......... .......... .......... .......... ..........  9% 85.1K 1m42s
  1200K .......... .......... .......... .......... ..........  9%  181K 1m40s
  1250K .......... .......... .......... .......... .......... 10%  119K 99s
  1300K .......... .......... .......... .......... .......... 10%  119K 99s
  1350K .......... .......... .......... .......... .......... 10%  116K 98s
  1400K .......... .......... .......... .......... .......... 11%  119K 98s
  1450K .......... .......... .......... .......... .......... 11%  119K 97s
  1500K .......... .......... .......... .......... .......... 12%  116K 97s
  1550K .......... .......... .......... .......... .......... 12%  119K 96s
  1600K .......... .......... .......... .......... .......... 12%  119K 96s
  1650K .......... .......... .......... .......... .......... 13%  116K 96s
  1700K .......... .......... .......... .......... .......... 13%  119K 95s
  1750K .......... .......... .......... .......... .......... 13%  116K 95s
  1800K .......... .......... .......... .......... .......... 14% 74.4K 96s
  1850K .......... .......... .......... .......... .......... 14%  261K 94s
  1900K .......... .......... .......... .......... .......... 15%  116K 94s
  1950K .......... .......... .......... .......... .......... 15%  119K 93s
  2000K .......... .......... .......... .......... .......... 15%  116K 93s
  2050K .......... .......... .......... .......... .......... 16%  116K 92s
  2100K .......... .......... .......... .......... .......... 16%  119K 92s
  2150K .......... .......... .......... .......... .......... 17%  119K 91s
  2200K .......... .......... .......... .......... .......... 17% 99.2K 91s
  2250K .......... .......... .......... .......... .......... 17%  139K 91s
  2300K .......... .......... .......... .......... .......... 18%  119K 90s
  2350K .......... .......... .......... .......... .......... 18%  112K 90s
  2400K .......... .......... .......... .......... .......... 19%  119K 89s
  2450K .......... .......... .......... .......... .......... 19%  116K 89s
  2500K .......... .......... .......... .......... .......... 19%  119K 88s
  2550K .......... .......... .......... .......... .......... 20%  119K 88s
  2600K .......... .......... .......... .......... .......... 20%  116K 87s
  2650K .......... .......... .......... .......... .......... 20%  116K 87s
  2700K .......... .......... .......... .......... .......... 21%  107K 87s
  2750K .......... .......... .......... .......... .......... 21%  126K 86s
  2800K .......... .......... .......... .......... .......... 22%  119K 86s
  2850K .......... .......... .......... .......... .......... 22%  119K 85s
  2900K .......... .......... .......... .......... .......... 22% 90.6K 85s
  2950K .......... .......... .......... .......... .......... 23%  160K 85s
  3000K .......... .......... .......... .......... .......... 23%  113K 84s
  3050K .......... .......... .......... .......... .......... 24%  119K 84s
  3100K .......... .......... .......... .......... .......... 24%  119K 83s
  3150K .......... .......... .......... .......... .......... 24%  116K 83s
  3200K .......... .......... .......... .......... .......... 25%  113K 82s
  3250K .......... .......... .......... .......... .......... 25%  116K 82s
  3300K .......... .......... .......... .......... .......... 26%  116K 82s
  3350K .......... .......... .......... .......... .......... 26%  119K 81s
  3400K .......... .......... .......... .......... .......... 26%  119K 81s
  3450K .......... .......... .......... .......... .......... 27%  116K 80s
  3500K .......... .......... .......... .......... .......... 27%  119K 80s
  3550K .......... .......... .......... .......... .......... 27%  119K 79s
  3600K .......... .......... .......... .......... .......... 28%  116K 79s
  3650K .......... .......... .......... .......... .......... 28%  119K 79s
  3700K .......... .......... .......... .......... .......... 29% 92.5K 78s
  3750K .......... .......... .......... .......... .......... 29%  154K 78s
  3800K .......... .......... .......... .......... .......... 29% 86.9K 78s
  3850K .......... .......... .......... .......... .......... 30%  160K 77s
  3900K .......... .......... .......... .......... .......... 30%  110K 77s
  3950K .......... .......... .......... .......... .......... 31%  123K 76s
  4000K .......... .......... .......... .......... .......... 31%  116K 76s
  4050K .......... .......... .......... .......... .......... 31%  119K 75s
  4100K .......... .......... .......... .......... .......... 32%  119K 75s
  4150K .......... .......... .......... .......... .......... 32%  116K 74s
  4200K .......... .......... .......... .......... .......... 32%  119K 74s
  4250K .......... .......... .......... .......... .......... 33%  116K 73s
  4300K .......... .......... .......... .......... .......... 33%  119K 73s
  4350K .......... .......... .......... .......... .......... 34%  119K 73s
  4400K .......... .......... .......... .......... .......... 34%  107K 72s
  4450K .......... .......... .......... .......... .......... 34%  126K 72s
  4500K .......... .......... .......... .......... .......... 35%  116K 71s
  4550K .......... .......... .......... .......... .......... 35%  116K 71s
  4600K .......... .......... .......... .......... .......... 36%  119K 70s
  4650K .......... .......... .......... .......... .......... 36%  119K 70s
  4700K .......... .......... .......... .......... .......... 36%  116K 70s
  4750K .......... .......... .......... .......... .......... 37%  119K 69s
  4800K .......... .......... .......... .......... .......... 37%  119K 69s
  4850K .......... .......... .......... .......... .......... 38%  116K 68s
  4900K .......... .......... .......... .......... .......... 38%  119K 68s
  4950K .......... .......... .......... .......... .......... 38%  112K 67s
  5000K .......... .......... .......... .......... .......... 39%  119K 67s
  5050K .......... .......... .......... .......... .......... 39%  119K 67s
  5100K .......... .......... .......... .......... .......... 39%  116K 66s
  5150K .......... .......... .......... .......... .......... 40%  119K 66s
  5200K .......... .......... .......... .......... .......... 40%  119K 65s
  5250K .......... .......... .......... .......... .......... 41%  113K 65s
  5300K .......... .......... .......... .......... .......... 41%  119K 64s
  5350K .......... .......... .......... .......... .......... 41%  119K 64s
  5400K .......... .......... .......... .......... .......... 42%  116K 64s
  5450K .......... .......... .......... .......... .......... 42% 86.7K 63s
  5500K .......... .......... .......... .......... .......... 43%  174K 63s
  5550K .......... .......... .......... .......... .......... 43%  116K 62s
  5600K .......... .......... .......... .......... .......... 43%  119K 62s
  5650K .......... .......... .......... .......... .......... 44%  113K 61s
  5700K .......... .......... .......... .......... .......... 44%  119K 61s
  5750K .......... .......... .......... .......... .......... 45%  116K 61s
  5800K .......... .......... .......... .......... .......... 45%  113K 60s
  5850K .......... .......... .......... .......... .......... 45%  116K 60s
  5900K .......... .......... .......... .......... .......... 46%  104K 59s
  5950K .......... .......... .......... .......... .......... 46%  130K 59s
  6000K .......... .......... .......... .......... .......... 46%  119K 59s
  6050K .......... .......... .......... .......... .......... 47%  119K 58s
  6100K .......... .......... .......... .......... .......... 47%  116K 58s
  6150K .......... .......... .......... .......... .......... 48%  119K 57s
  6200K .......... .......... .......... .......... .......... 48%  116K 57s
  6250K .......... .......... .......... .......... .......... 48%  119K 56s
  6300K .......... .......... .......... .......... .......... 49%  119K 56s
  6350K .......... .......... .......... .......... .......... 49%  116K 55s
  6400K .......... .......... .......... .......... .......... 50%  119K 55s
  6450K .......... .......... .......... .......... .......... 50%  119K 55s
  6500K .......... .......... .......... .......... .......... 50%  116K 54s
  6550K .......... .......... .......... .......... .......... 51%  119K 54s
  6600K .......... .......... .......... .......... .......... 51% 80.1K 54s
  6650K .......... .......... .......... .......... .......... 52%  209K 53s
  6700K .......... .......... .......... .......... .......... 52% 80.0K 53s
  6750K .......... .......... .......... .......... .......... 52%  123K 52s
  6800K .......... .......... .......... .......... .......... 53%  190K 52s
  6850K .......... .......... .......... .......... .......... 53%  119K 51s
  6900K .......... .......... .......... .......... .......... 53%  107K 51s
  6950K .......... .......... .......... .......... .......... 54%  116K 50s
  7000K .......... .......... .......... .......... .......... 54%  116K 50s
  7050K .......... .......... .......... .......... .......... 55%  116K 50s
  7100K .......... .......... .......... .......... .......... 55%  116K 49s
  7150K .......... .......... .......... .......... .......... 55%  119K 49s
  7200K .......... .......... .......... .......... .......... 56%  116K 48s
  7250K .......... .......... .......... .......... .......... 56%  119K 48s
  7300K .......... .......... .......... .......... .......... 57%  116K 47s
  7350K .......... .......... .......... .......... .......... 57%  116K 47s
  7400K .......... .......... .......... .......... .......... 57%  119K 47s
  7450K .......... .......... .......... .......... .......... 58%  119K 46s
  7500K .......... .......... .......... .......... .......... 58%  116K 46s
  7550K .......... .......... .......... .......... .......... 58%  119K 45s
  7600K .......... .......... .......... .......... .......... 59%  116K 45s
  7650K .......... .......... .......... .......... .......... 59%  119K 44s
  7700K .......... .......... .......... .......... .......... 60%  119K 44s
  7750K .......... .......... .......... .......... .......... 60%  116K 44s
  7800K .......... .......... .......... .......... .......... 60%  116K 43s
  7850K .......... .......... .......... .......... .......... 61%  116K 43s
  7900K .......... .......... .......... .......... .......... 61%  116K 42s
  7950K .......... .......... .......... .......... .......... 62%  119K 42s
  8000K .......... .......... .......... .......... .......... 62%  119K 41s
  8050K .......... .......... .......... .......... .......... 62%  116K 41s
  8100K .......... .......... .......... .......... .......... 63%  119K 41s
  8150K .......... .......... .......... .......... .......... 63%  116K 40s
  8200K .......... .......... .......... .......... .......... 64%  119K 40s
  8250K .......... .......... .......... .......... .......... 64%  119K 39s
  8300K .......... .......... .......... .......... .......... 64%  116K 39s
  8350K .......... .......... .......... .......... .......... 65%  116K 38s
  8400K .......... .......... .......... .......... .......... 65%  119K 38s
  8450K .......... .......... .......... .......... .......... 65%  116K 38s
  8500K .......... .......... .......... .......... .......... 66%  119K 37s
  8550K .......... .......... .......... .......... .......... 66%  119K 37s
  8600K .......... .......... .......... .......... .......... 67%  116K 36s
  8650K .......... .......... .......... .......... .......... 67%  110K 36s
  8700K .......... .......... .......... .......... .......... 67%  123K 35s
  8750K .......... .......... .......... .......... .......... 68%  116K 35s
  8800K .......... .......... .......... .......... .......... 68%  119K 35s
  8850K .......... .......... .......... .......... .......... 69%  116K 34s
  8900K .......... .......... .......... .......... .......... 69%  116K 34s
  8950K .......... .......... .......... .......... .......... 69%  119K 33s
  9000K .......... .......... .......... .......... .......... 70%  116K 33s
  9050K .......... .......... .......... .......... .......... 70%  119K 32s
  9100K .......... .......... .......... .......... .......... 71%  119K 32s
  9150K .......... .......... .......... .......... .......... 71%  116K 32s
  9200K .......... .......... .......... .......... .......... 71%  119K 31s
  9250K .......... .......... .......... .......... .......... 72%  119K 31s
  9300K .......... .......... .......... .......... .......... 72%  116K 30s
  9350K .......... .......... .......... .......... .......... 72%  119K 30s
  9400K .......... .......... .......... .......... .......... 73%  112K 29s
  9450K .......... .......... .......... .......... .......... 73%  119K 29s
  9500K .......... .......... .......... .......... .......... 74%  119K 29s
  9550K .......... .......... .......... .......... .......... 74%  116K 28s
  9600K .......... .......... .......... .......... .......... 74%  110K 28s
  9650K .......... .......... .......... .......... .......... 75% 92.7K 27s
  9700K .......... .......... .......... .......... .......... 75%  160K 27s
  9750K .......... .......... .......... .......... .......... 76%  119K 26s
  9800K .......... .......... .......... .......... .......... 76% 94.8K 26s
  9850K .......... .......... .......... .......... .......... 76%  149K 26s
  9900K .......... .......... .......... .......... .......... 77%  119K 25s
  9950K .......... .......... .......... .......... .......... 77%  119K 25s
 10000K .......... .......... .......... .......... .......... 78%  116K 24s
 10050K .......... .......... .......... .......... .......... 78%  119K 24s
 10100K .......... .......... .......... .......... .......... 78%  116K 23s
 10150K .......... .......... .......... .......... .......... 79%  119K 23s
 10200K .......... .......... .......... .......... .......... 79%  119K 23s
 10250K .......... .......... .......... .......... .......... 79%  116K 22s
 10300K .......... .......... .......... .......... .......... 80%  119K 22s
 10350K .......... .......... .......... .......... .......... 80%  119K 21s
 10400K .......... .......... .......... .......... .......... 81%  116K 21s
 10450K .......... .......... .......... .......... .......... 81% 86.7K 20s
 10500K .......... .......... .......... .......... .......... 81%  110K 20s
 10550K .......... .......... .......... .......... .......... 82%  181K 20s
 10600K .......... .......... .......... .......... .......... 82%  119K 19s
 10650K .......... .......... .......... .......... .......... 83% 94.6K 19s
 10700K .......... .......... .......... .......... .......... 83%  149K 18s
 10750K .......... .......... .......... .......... .......... 83% 88.7K 18s
 10800K .......... .......... .......... .......... .......... 84%  167K 17s
 10850K .......... .......... .......... .......... .......... 84%  119K 17s
 10900K .......... .......... .......... .......... .......... 84%  119K 17s
 10950K .......... .......... .......... .......... .......... 85%  116K 16s
 11000K .......... .......... .......... .......... .......... 85%  116K 16s
 11050K .......... .......... .......... .......... .......... 86%  119K 15s
 11100K .......... .......... .......... .......... .......... 86%  116K 15s
 11150K .......... .......... .......... .......... .......... 86%  104K 14s
 11200K .......... .......... .......... .......... .......... 87%  135K 14s
 11250K .......... .......... .......... .......... .......... 87%  110K 14s
 11300K .......... .......... .......... .......... .......... 88%  119K 13s
 11350K .......... .......... .......... .......... .......... 88%  119K 13s
 11400K .......... .......... .......... .......... .......... 88%  113K 12s
 11450K .......... .......... .......... .......... .......... 89%  119K 12s
 11500K .......... .......... .......... .......... .......... 89%  116K 11s
 11550K .......... .......... .......... .......... .......... 90%  119K 11s
 11600K .......... .......... .......... .......... .......... 90%  119K 11s
 11650K .......... .......... .......... .......... .......... 90%  113K 10s
 11700K .......... .......... .......... .......... .......... 91%  119K 10s
 11750K .......... .......... .......... .......... .......... 91%  119K 9s
 11800K .......... .......... .......... .......... .......... 91%  116K 9s
 11850K .......... .......... .......... .......... .......... 92%  119K 8s
 11900K .......... .......... .......... .......... .......... 92%  119K 8s
 11950K .......... .......... .......... .......... .......... 93%  116K 8s
 12000K .......... .......... .......... .......... .......... 93%  119K 7s
 12050K .......... .......... .......... .......... .......... 93%  116K 7s
 12100K .......... .......... .......... .......... .......... 94%  119K 6s
 12150K .......... .......... .......... .......... .......... 94%  119K 6s
 12200K .......... .......... .......... .......... .......... 95%  116K 5s
 12250K .......... .......... .......... .......... .......... 95%  119K 5s
 12300K .......... .......... .......... .......... .......... 95% 94.6K 5s
 12350K .......... .......... .......... .......... .......... 96%  135K 4s
 12400K .......... .......... .......... .......... .......... 96%  119K 4s
 12450K .......... .......... .......... .......... .......... 97%  119K 3s
 12500K .......... .......... .......... .......... .......... 97%  116K 3s
 12550K .......... .......... .......... .......... .......... 97%  116K 2s
 12600K .......... .......... .......... .......... .......... 98%  119K 2s
 12650K .......... .......... .......... .......... .......... 98%  116K 2s
 12700K .......... .......... .......... .......... .......... 98%  119K 1s
 12750K .......... .......... .......... .......... .......... 99%  112K 1s
 12800K .......... .......... .......... .......... .......... 99%  116K 0s
 12850K .......... .......... .......... ....                 100%  124K=1m50s

2016-05-25 00:10:44 (117 KB/s) - ‘index.html.3’ saved [13193358/13193358]

